[0.166s] Invoking command in '/home/tyler/mycobot_ROS2/moveit_tutorial_ws/build/moveit_setup_controllers': AMENT_PREFIX_PATH=/home/tyler/mycobot_ROS2/moveit_tutorial_ws/install/moveit_setup_framework:/home/tyler/mycobot_ROS2/moveit_tutorial_ws/install/moveit_ros_visualization:/home/tyler/mycobot_ROS2/moveit_tutorial_ws/install/moveit_ros_planning_interface:/home/tyler/mycobot_ROS2/moveit_tutorial_ws/install/moveit_ros_move_group:/home/tyler/mycobot_ROS2/moveit_tutorial_ws/install/moveit_ros_warehouse:/home/tyler/mycobot_ROS2/moveit_tutorial_ws/install/moveit_ros_robot_interaction:/home/tyler/mycobot_ROS2/moveit_tutorial_ws/install/moveit_kinematics:/home/tyler/mycobot_ROS2/moveit_tutorial_ws/install/moveit_ros_planning:/home/tyler/mycobot_ROS2/moveit_tutorial_ws/install/moveit_ros_occupancy_map_monitor:/home/tyler/mycobot_ROS2/moveit_tutorial_ws/install/moveit_core:/home/tyler/mycobot_ROS2/moveit_tutorial_ws/install/moveit_resources_panda_moveit_config:/home/tyler/mycobot_ROS2/moveit_tutorial_ws/install/moveit_resources_fanuc_moveit_config:/home/tyler/mycobot_ROS2/moveit_tutorial_ws/install/moveit_resources_panda_description:/home/tyler/mycobot_ROS2/moveit_tutorial_ws/install/moveit_resources_fanuc_description:/home/tyler/mycobot_ROS2/moveit_tutorial_ws/install/moveit_msgs:/home/tyler/mycobot_ROS2/moveit_tutorial_ws/install/moveit_configs_utils:/home/tyler/mycobot_ROS2/moveit_tutorial_ws/install/moveit_common:${AMENT_PREFIX_PATH} CMAKE_PREFIX_PATH=/home/tyler/mycobot_ROS2/moveit_tutorial_ws/install/moveit_setup_framework:/home/tyler/mycobot_ROS2/moveit_tutorial_ws/install/moveit_ros_visualization:/home/tyler/mycobot_ROS2/moveit_tutorial_ws/install/moveit_ros_planning_interface:/home/tyler/mycobot_ROS2/moveit_tutorial_ws/install/moveit_ros_move_group:/home/tyler/mycobot_ROS2/moveit_tutorial_ws/install/moveit_ros_warehouse:/home/tyler/mycobot_ROS2/moveit_tutorial_ws/install/moveit_ros_robot_interaction:/home/tyler/mycobot_ROS2/moveit_tutorial_ws/install/moveit_kinematics:/home/tyler/mycobot_ROS2/moveit_tutorial_ws/install/moveit_ros_planning:/home/tyler/mycobot_ROS2/moveit_tutorial_ws/install/moveit_ros_occupancy_map_monitor:/home/tyler/mycobot_ROS2/moveit_tutorial_ws/install/moveit_core:/home/tyler/mycobot_ROS2/moveit_tutorial_ws/install/moveit_resources_panda_moveit_config:/home/tyler/mycobot_ROS2/moveit_tutorial_ws/install/moveit_resources_fanuc_moveit_config:/home/tyler/mycobot_ROS2/moveit_tutorial_ws/install/moveit_resources_panda_description:/home/tyler/mycobot_ROS2/moveit_tutorial_ws/install/moveit_resources_fanuc_description:/home/tyler/mycobot_ROS2/moveit_tutorial_ws/install/moveit_msgs:/home/tyler/mycobot_ROS2/moveit_tutorial_ws/install/moveit_common:/home/tyler/mycobot_ROS2/colcon_ws/install/mypalletizer_interfaces:/home/tyler/mycobot_ROS2/colcon_ws/install/mycobot_interfaces:/home/tyler/mycobot_ROS2/colcon_ws/install/mecharm_interfaces:/home/tyler/mycobot_ROS2/colcon_ws/install/ultraarm:/home/tyler/mycobot_ROS2/colcon_ws/install/mypalletizer_260_pi:/home/tyler/mycobot_ROS2/colcon_ws/install/mypalletizer_260:/home/tyler/mycobot_ROS2/colcon_ws/install/mypalletizer_communication:/home/tyler/mycobot_ROS2/colcon_ws/install/mycobot_320pi:/home/tyler/mycobot_ROS2/colcon_ws/install/mycobot_320:/home/tyler/mycobot_ROS2/colcon_ws/install/mycobot_280pi:/home/tyler/mycobot_ROS2/colcon_ws/install/mycobot_280jn:/home/tyler/mycobot_ROS2/colcon_ws/install/mycobot_280_x3pi:/home/tyler/mycobot_ROS2/colcon_ws/install/mycobot_280:/home/tyler/mycobot_ROS2/colcon_ws/install/myarm_300:/home/tyler/mycobot_ROS2/colcon_ws/install/mycobot_communication:/home/tyler/mycobot_ROS2/colcon_ws/install/mecharm_pi:/home/tyler/mycobot_ROS2/colcon_ws/install/mecharm:/home/tyler/mycobot_ROS2/colcon_ws/install/mecharm_communication:/home/tyler/mycobot_ROS2/colcon_ws/install/mybuddy:/home/tyler/mycobot_ROS2/colcon_ws/install/mycobot_description:/opt/ros/humble LD_LIBRARY_PATH=/home/tyler/mycobot_ROS2/moveit_tutorial_ws/install/moveit_setup_framework/lib:/home/tyler/mycobot_ROS2/moveit_tutorial_ws/install/moveit_ros_visualization/lib:/home/tyler/mycobot_ROS2/moveit_tutorial_ws/install/moveit_ros_planning_interface/lib:/home/tyler/mycobot_ROS2/moveit_tutorial_ws/install/moveit_ros_move_group/lib:/home/tyler/mycobot_ROS2/moveit_tutorial_ws/install/moveit_ros_warehouse/lib:/home/tyler/mycobot_ROS2/moveit_tutorial_ws/install/moveit_ros_robot_interaction/lib:/home/tyler/mycobot_ROS2/moveit_tutorial_ws/install/moveit_kinematics/lib:/home/tyler/mycobot_ROS2/moveit_tutorial_ws/install/moveit_ros_planning/lib:/home/tyler/mycobot_ROS2/moveit_tutorial_ws/install/moveit_ros_occupancy_map_monitor/lib:/home/tyler/mycobot_ROS2/moveit_tutorial_ws/install/moveit_core/lib:/home/tyler/mycobot_ROS2/moveit_tutorial_ws/install/moveit_msgs/lib:${LD_LIBRARY_PATH} MYSQL_PS1=(\u@\h) [\d]> PATH=/home/tyler/mycobot_ROS2/moveit_tutorial_ws/install/moveit_core/bin:${PATH} PYTHONPATH=/home/tyler/mycobot_ROS2/moveit_tutorial_ws/install/moveit_msgs/local/lib/python3.10/dist-packages:/home/tyler/mycobot_ROS2/moveit_tutorial_ws/install/moveit_configs_utils/lib/python3.10/site-packages:${PYTHONPATH} /usr/bin/cmake /home/tyler/mycobot_ROS2/moveit_tutorial_ws/src/moveit2/moveit_setup_assistant/moveit_setup_controllers -DCMAKE_INSTALL_PREFIX=/home/tyler/mycobot_ROS2/moveit_tutorial_ws/install/moveit_setup_controllers
[0.264s] -- The CXX compiler identification is GNU 11.4.0
[0.275s] -- Detecting CXX compiler ABI info
[0.395s] -- Detecting CXX compiler ABI info - done
[0.410s] -- Check for working CXX compiler: /usr/bin/c++ - skipped
[0.410s] -- Detecting CXX compile features
[0.411s] -- Detecting CXX compile features - done
[0.414s] -- Found moveit_common: 2.8.0 (/home/tyler/mycobot_ROS2/moveit_tutorial_ws/install/moveit_common/share/moveit_common/cmake)
[0.420s] -- Found ament_cmake: 1.3.5 (/opt/ros/humble/share/ament_cmake/cmake)
[0.811s] -- Found Python3: /usr/bin/python3.10 (found version "3.10.12") found components: Interpreter 
[1.139s] -- Found libdw: /usr/lib/x86_64-linux-gnu/libdw.so  
[1.148s] -- Could NOT find libbfd (missing: LIBBFD_LIBRARY LIBBFD_INCLUDE_DIR) 
[1.148s] -- BACKWARD_HAS_UNWIND=1
[1.148s] -- BACKWARD_HAS_BACKTRACE=0
[1.148s] -- BACKWARD_HAS_BACKTRACE_SYMBOL=0
[1.148s] -- BACKWARD_HAS_DW=1
[1.149s] -- BACKWARD_HAS_BFD=0
[1.149s] -- Found Backward: /opt/ros/humble/share/backward_ros/cmake  
[1.150s] [0mmoveit_setup_controllers: You did not request a specific build type: Choosing 'Release' for maximum performance[0m
[1.156s] -- Found ament_cmake_ros: 0.10.0 (/opt/ros/humble/share/ament_cmake_ros/cmake)
[1.182s] -- Found ament_index_cpp: 1.4.0 (/opt/ros/humble/share/ament_index_cpp/cmake)
[1.183s] -- Found moveit_setup_framework: 2.8.0 (/home/tyler/mycobot_ROS2/moveit_tutorial_ws/install/moveit_setup_framework/share/moveit_setup_framework/cmake)
[1.280s] -- Found rosidl_generator_c: 3.1.5 (/opt/ros/humble/share/rosidl_generator_c/cmake)
[1.293s] -- Found rosidl_adapter: 3.1.5 (/opt/ros/humble/share/rosidl_adapter/cmake)
[1.311s] -- Found rosidl_generator_cpp: 3.1.5 (/opt/ros/humble/share/rosidl_generator_cpp/cmake)
[1.346s] -- Using all available rosidl_typesupport_c: rosidl_typesupport_fastrtps_c;rosidl_typesupport_introspection_c
[1.383s] -- Using all available rosidl_typesupport_cpp: rosidl_typesupport_fastrtps_cpp;rosidl_typesupport_introspection_cpp
[1.506s] -- Found rmw_implementation_cmake: 6.1.1 (/opt/ros/humble/share/rmw_implementation_cmake/cmake)
[1.514s] -- Found rmw_fastrtps_cpp: 6.2.4 (/opt/ros/humble/share/rmw_fastrtps_cpp/cmake)
[1.676s] -- Found OpenSSL: /usr/lib/x86_64-linux-gnu/libcrypto.so (found version "3.0.2")  
[1.716s] -- Found FastRTPS: /opt/ros/humble/include  
[1.791s] -- Using RMW implementation 'rmw_fastrtps_cpp' as default
[1.813s] -- Looking for C++ include pthread.h
[1.960s] -- Looking for C++ include pthread.h - found
[1.960s] -- Performing Test CMAKE_HAVE_LIBC_PTHREAD
[2.128s] -- Performing Test CMAKE_HAVE_LIBC_PTHREAD - Success
[2.131s] -- Found Threads: TRUE  
[2.539s] -- Found Boost: /usr/lib/x86_64-linux-gnu/cmake/Boost-1.74.0/BoostConfig.cmake (found version "1.74.0") found components: chrono date_time filesystem iostreams program_options regex serialization system thread 
[2.646s] -- Found parameter_traits: 0.3.6 (/opt/ros/humble/share/parameter_traits/cmake)
[2.690s] -- Found rclcpp_lifecycle: 16.0.6 (/opt/ros/humble/share/rclcpp_lifecycle/cmake)
[2.773s] -- Found Boost: /usr/lib/x86_64-linux-gnu/cmake/Boost-1.74.0/BoostConfig.cmake (found version "1.74.0") found components: filesystem 
[3.027s] -- library: /usr/lib/x86_64-linux-gnu/libcurl.so
[3.499s] -- Found Eigen3: TRUE (found version "3.4.0") 
[3.499s] -- Ensuring Eigen3 include directory is part of orocos-kdl CMake target
[5.306s] -- Found Boost: /usr/lib/x86_64-linux-gnu/cmake/Boost-1.74.0/BoostConfig.cmake (found version "1.74.0") found components: system filesystem date_time program_options thread chrono 
[6.173s] -- Found Boost: /usr/lib/x86_64-linux-gnu/cmake/Boost-1.74.0/BoostConfig.cmake (found version "1.74.0") found components: thread date_time system filesystem 
[6.311s] -- Found Boost: /usr/lib/x86_64-linux-gnu/cmake/Boost-1.74.0/BoostConfig.cmake (found version "1.74.0") found components: date_time filesystem program_options system thread 
[6.640s] -- Found Boost: /usr/lib/x86_64-linux-gnu/cmake/Boost-1.74.0/BoostConfig.cmake (found version "1.74.0") found components: thread system filesystem regex date_time program_options 
[7.020s] -- Found Boost: /usr/lib/x86_64-linux-gnu/cmake/Boost-1.74.0/BoostConfig.cmake (found version "1.74.0") found components: system filesystem date_time program_options thread 
[8.462s] -- Setting OGRE_DIR to: '/opt/ros/humble/share/rviz_ogre_vendor/cmake/../../../opt/rviz_ogre_vendor/lib/OGRE/cmake'
[8.464s] -- Found OGRE
[8.464s] --   static     : OFF
[8.464s] --   components : HLMS;MeshLodGenerator;Overlay;Paging;Property;RTShaderSystem;Terrain;Volume
[8.464s] --   plugins    : Plugin_BSPSceneManager;Plugin_OctreeSceneManager;Plugin_PCZSceneManager;Plugin_ParticleFX;RenderSystem_GL;RenderSystem_GL3Plus;Codec_STBI
[8.464s] --   media      : /opt/ros/humble/opt/rviz_ogre_vendor/share/OGRE/Media
[8.465s] -- OGRE_LIBRARIES: OgreHLMS;OgreMeshLodGenerator;OgreOverlay;OgrePaging;OgreProperty;OgreRTShaderSystem;OgreTerrain;OgreVolume;OgreMain
[8.465s] -- OGRE_LIBRARY_DIRS: /opt/ros/humble/opt/rviz_ogre_vendor/lib
[8.465s] -- OGRE_PLUGINS: Plugin_BSPSceneManager;Plugin_OctreeSceneManager;Plugin_PCZSceneManager;Plugin_ParticleFX;RenderSystem_GL;RenderSystem_GL3Plus;Codec_STBI
[8.465s] -- OGRE_PLUGIN_DIR: /opt/ros/humble/opt/rviz_ogre_vendor/lib/OGRE
[8.465s] -- rviz_ogre_vendor::OgreOverlay for IMPORTED_LOCATION_RELEASE: /opt/ros/humble/opt/rviz_ogre_vendor/lib/libOgreOverlay.so
[8.465s] -- rviz_ogre_vendor::OgreOverlay for IMPORTED_LOCATION_DEBUG: /opt/ros/humble/opt/rviz_ogre_vendor/lib/libOgreOverlay.so
[8.465s] -- rviz_ogre_vendor::OgreMain for IMPORTED_LOCATION_RELEASE: /opt/ros/humble/opt/rviz_ogre_vendor/lib/libOgreMain.so
[8.465s] -- rviz_ogre_vendor::OgreMain for IMPORTED_LOCATION_DEBUG: /opt/ros/humble/opt/rviz_ogre_vendor/lib/libOgreMain.so
[8.501s] -- Found ZLIB: /usr/lib/x86_64-linux-gnu/libz.so (found version "1.2.11") 
[8.511s] -- Found OpenGL: /usr/lib/x86_64-linux-gnu/libOpenGL.so   
[8.667s] -- Found X11: /usr/include   
[8.668s] -- Looking for XOpenDisplay in /usr/lib/x86_64-linux-gnu/libX11.so;/usr/lib/x86_64-linux-gnu/libXext.so
[8.820s] -- Looking for XOpenDisplay in /usr/lib/x86_64-linux-gnu/libX11.so;/usr/lib/x86_64-linux-gnu/libXext.so - found
[8.820s] -- Looking for gethostbyname
[8.967s] -- Looking for gethostbyname - found
[8.968s] -- Looking for connect
[9.131s] -- Looking for connect - found
[9.131s] -- Looking for remove
[9.295s] -- Looking for remove - found
[9.295s] -- Looking for shmat
[9.443s] -- Looking for shmat - found
[9.443s] -- Looking for IceConnectionNumber in ICE
[9.592s] -- Looking for IceConnectionNumber in ICE - found
[9.597s] -- rviz_ogre_vendor::RenderSystem_GL for IMPORTED_LOCATION_RELEASE: _render_system_gl_static_library_abs-NOTFOUND
[9.597s] -- rviz_ogre_vendor::RenderSystem_GL for IMPORTED_LOCATION_DEBUG: _render_system_gl_static_library_abs-NOTFOUND
[10.698s] -- Found ament_lint_auto: 0.12.8 (/opt/ros/humble/share/ament_lint_auto/cmake)
[10.762s] -- Found gtest sources under '/opt/ros/humble/src/gtest_vendor': C++ tests using 'Google Test' will be built
[10.823s] -- The C compiler identification is GNU 11.4.0
[10.833s] -- Detecting C compiler ABI info
[10.961s] -- Detecting C compiler ABI info - done
[10.971s] -- Check for working C compiler: /usr/bin/cc - skipped
[10.971s] -- Detecting C compile features
[10.971s] -- Detecting C compile features - done
[10.990s] -- Added test 'lint_cmake' to check CMake code style
[10.991s] -- Added test 'xmllint' to check XML markup files
[10.994s] -- Configuring done
[11.122s] -- Generating done
[11.126s] -- Build files have been written to: /home/tyler/mycobot_ROS2/moveit_tutorial_ws/build/moveit_setup_controllers
[11.153s] Invoked command in '/home/tyler/mycobot_ROS2/moveit_tutorial_ws/build/moveit_setup_controllers' returned '0': AMENT_PREFIX_PATH=/home/tyler/mycobot_ROS2/moveit_tutorial_ws/install/moveit_setup_framework:/home/tyler/mycobot_ROS2/moveit_tutorial_ws/install/moveit_ros_visualization:/home/tyler/mycobot_ROS2/moveit_tutorial_ws/install/moveit_ros_planning_interface:/home/tyler/mycobot_ROS2/moveit_tutorial_ws/install/moveit_ros_move_group:/home/tyler/mycobot_ROS2/moveit_tutorial_ws/install/moveit_ros_warehouse:/home/tyler/mycobot_ROS2/moveit_tutorial_ws/install/moveit_ros_robot_interaction:/home/tyler/mycobot_ROS2/moveit_tutorial_ws/install/moveit_kinematics:/home/tyler/mycobot_ROS2/moveit_tutorial_ws/install/moveit_ros_planning:/home/tyler/mycobot_ROS2/moveit_tutorial_ws/install/moveit_ros_occupancy_map_monitor:/home/tyler/mycobot_ROS2/moveit_tutorial_ws/install/moveit_core:/home/tyler/mycobot_ROS2/moveit_tutorial_ws/install/moveit_resources_panda_moveit_config:/home/tyler/mycobot_ROS2/moveit_tutorial_ws/install/moveit_resources_fanuc_moveit_config:/home/tyler/mycobot_ROS2/moveit_tutorial_ws/install/moveit_resources_panda_description:/home/tyler/mycobot_ROS2/moveit_tutorial_ws/install/moveit_resources_fanuc_description:/home/tyler/mycobot_ROS2/moveit_tutorial_ws/install/moveit_msgs:/home/tyler/mycobot_ROS2/moveit_tutorial_ws/install/moveit_configs_utils:/home/tyler/mycobot_ROS2/moveit_tutorial_ws/install/moveit_common:${AMENT_PREFIX_PATH} CMAKE_PREFIX_PATH=/home/tyler/mycobot_ROS2/moveit_tutorial_ws/install/moveit_setup_framework:/home/tyler/mycobot_ROS2/moveit_tutorial_ws/install/moveit_ros_visualization:/home/tyler/mycobot_ROS2/moveit_tutorial_ws/install/moveit_ros_planning_interface:/home/tyler/mycobot_ROS2/moveit_tutorial_ws/install/moveit_ros_move_group:/home/tyler/mycobot_ROS2/moveit_tutorial_ws/install/moveit_ros_warehouse:/home/tyler/mycobot_ROS2/moveit_tutorial_ws/install/moveit_ros_robot_interaction:/home/tyler/mycobot_ROS2/moveit_tutorial_ws/install/moveit_kinematics:/home/tyler/mycobot_ROS2/moveit_tutorial_ws/install/moveit_ros_planning:/home/tyler/mycobot_ROS2/moveit_tutorial_ws/install/moveit_ros_occupancy_map_monitor:/home/tyler/mycobot_ROS2/moveit_tutorial_ws/install/moveit_core:/home/tyler/mycobot_ROS2/moveit_tutorial_ws/install/moveit_resources_panda_moveit_config:/home/tyler/mycobot_ROS2/moveit_tutorial_ws/install/moveit_resources_fanuc_moveit_config:/home/tyler/mycobot_ROS2/moveit_tutorial_ws/install/moveit_resources_panda_description:/home/tyler/mycobot_ROS2/moveit_tutorial_ws/install/moveit_resources_fanuc_description:/home/tyler/mycobot_ROS2/moveit_tutorial_ws/install/moveit_msgs:/home/tyler/mycobot_ROS2/moveit_tutorial_ws/install/moveit_common:/home/tyler/mycobot_ROS2/colcon_ws/install/mypalletizer_interfaces:/home/tyler/mycobot_ROS2/colcon_ws/install/mycobot_interfaces:/home/tyler/mycobot_ROS2/colcon_ws/install/mecharm_interfaces:/home/tyler/mycobot_ROS2/colcon_ws/install/ultraarm:/home/tyler/mycobot_ROS2/colcon_ws/install/mypalletizer_260_pi:/home/tyler/mycobot_ROS2/colcon_ws/install/mypalletizer_260:/home/tyler/mycobot_ROS2/colcon_ws/install/mypalletizer_communication:/home/tyler/mycobot_ROS2/colcon_ws/install/mycobot_320pi:/home/tyler/mycobot_ROS2/colcon_ws/install/mycobot_320:/home/tyler/mycobot_ROS2/colcon_ws/install/mycobot_280pi:/home/tyler/mycobot_ROS2/colcon_ws/install/mycobot_280jn:/home/tyler/mycobot_ROS2/colcon_ws/install/mycobot_280_x3pi:/home/tyler/mycobot_ROS2/colcon_ws/install/mycobot_280:/home/tyler/mycobot_ROS2/colcon_ws/install/myarm_300:/home/tyler/mycobot_ROS2/colcon_ws/install/mycobot_communication:/home/tyler/mycobot_ROS2/colcon_ws/install/mecharm_pi:/home/tyler/mycobot_ROS2/colcon_ws/install/mecharm:/home/tyler/mycobot_ROS2/colcon_ws/install/mecharm_communication:/home/tyler/mycobot_ROS2/colcon_ws/install/mybuddy:/home/tyler/mycobot_ROS2/colcon_ws/install/mycobot_description:/opt/ros/humble LD_LIBRARY_PATH=/home/tyler/mycobot_ROS2/moveit_tutorial_ws/install/moveit_setup_framework/lib:/home/tyler/mycobot_ROS2/moveit_tutorial_ws/install/moveit_ros_visualization/lib:/home/tyler/mycobot_ROS2/moveit_tutorial_ws/install/moveit_ros_planning_interface/lib:/home/tyler/mycobot_ROS2/moveit_tutorial_ws/install/moveit_ros_move_group/lib:/home/tyler/mycobot_ROS2/moveit_tutorial_ws/install/moveit_ros_warehouse/lib:/home/tyler/mycobot_ROS2/moveit_tutorial_ws/install/moveit_ros_robot_interaction/lib:/home/tyler/mycobot_ROS2/moveit_tutorial_ws/install/moveit_kinematics/lib:/home/tyler/mycobot_ROS2/moveit_tutorial_ws/install/moveit_ros_planning/lib:/home/tyler/mycobot_ROS2/moveit_tutorial_ws/install/moveit_ros_occupancy_map_monitor/lib:/home/tyler/mycobot_ROS2/moveit_tutorial_ws/install/moveit_core/lib:/home/tyler/mycobot_ROS2/moveit_tutorial_ws/install/moveit_msgs/lib:${LD_LIBRARY_PATH} MYSQL_PS1=(\u@\h) [\d]> PATH=/home/tyler/mycobot_ROS2/moveit_tutorial_ws/install/moveit_core/bin:${PATH} PYTHONPATH=/home/tyler/mycobot_ROS2/moveit_tutorial_ws/install/moveit_msgs/local/lib/python3.10/dist-packages:/home/tyler/mycobot_ROS2/moveit_tutorial_ws/install/moveit_configs_utils/lib/python3.10/site-packages:${PYTHONPATH} /usr/bin/cmake /home/tyler/mycobot_ROS2/moveit_tutorial_ws/src/moveit2/moveit_setup_assistant/moveit_setup_controllers -DCMAKE_INSTALL_PREFIX=/home/tyler/mycobot_ROS2/moveit_tutorial_ws/install/moveit_setup_controllers
[11.154s] Invoking command in '/home/tyler/mycobot_ROS2/moveit_tutorial_ws/build/moveit_setup_controllers': AMENT_PREFIX_PATH=/home/tyler/mycobot_ROS2/moveit_tutorial_ws/install/moveit_setup_framework:/home/tyler/mycobot_ROS2/moveit_tutorial_ws/install/moveit_ros_visualization:/home/tyler/mycobot_ROS2/moveit_tutorial_ws/install/moveit_ros_planning_interface:/home/tyler/mycobot_ROS2/moveit_tutorial_ws/install/moveit_ros_move_group:/home/tyler/mycobot_ROS2/moveit_tutorial_ws/install/moveit_ros_warehouse:/home/tyler/mycobot_ROS2/moveit_tutorial_ws/install/moveit_ros_robot_interaction:/home/tyler/mycobot_ROS2/moveit_tutorial_ws/install/moveit_kinematics:/home/tyler/mycobot_ROS2/moveit_tutorial_ws/install/moveit_ros_planning:/home/tyler/mycobot_ROS2/moveit_tutorial_ws/install/moveit_ros_occupancy_map_monitor:/home/tyler/mycobot_ROS2/moveit_tutorial_ws/install/moveit_core:/home/tyler/mycobot_ROS2/moveit_tutorial_ws/install/moveit_resources_panda_moveit_config:/home/tyler/mycobot_ROS2/moveit_tutorial_ws/install/moveit_resources_fanuc_moveit_config:/home/tyler/mycobot_ROS2/moveit_tutorial_ws/install/moveit_resources_panda_description:/home/tyler/mycobot_ROS2/moveit_tutorial_ws/install/moveit_resources_fanuc_description:/home/tyler/mycobot_ROS2/moveit_tutorial_ws/install/moveit_msgs:/home/tyler/mycobot_ROS2/moveit_tutorial_ws/install/moveit_configs_utils:/home/tyler/mycobot_ROS2/moveit_tutorial_ws/install/moveit_common:${AMENT_PREFIX_PATH} CMAKE_PREFIX_PATH=/home/tyler/mycobot_ROS2/moveit_tutorial_ws/install/moveit_setup_framework:/home/tyler/mycobot_ROS2/moveit_tutorial_ws/install/moveit_ros_visualization:/home/tyler/mycobot_ROS2/moveit_tutorial_ws/install/moveit_ros_planning_interface:/home/tyler/mycobot_ROS2/moveit_tutorial_ws/install/moveit_ros_move_group:/home/tyler/mycobot_ROS2/moveit_tutorial_ws/install/moveit_ros_warehouse:/home/tyler/mycobot_ROS2/moveit_tutorial_ws/install/moveit_ros_robot_interaction:/home/tyler/mycobot_ROS2/moveit_tutorial_ws/install/moveit_kinematics:/home/tyler/mycobot_ROS2/moveit_tutorial_ws/install/moveit_ros_planning:/home/tyler/mycobot_ROS2/moveit_tutorial_ws/install/moveit_ros_occupancy_map_monitor:/home/tyler/mycobot_ROS2/moveit_tutorial_ws/install/moveit_core:/home/tyler/mycobot_ROS2/moveit_tutorial_ws/install/moveit_resources_panda_moveit_config:/home/tyler/mycobot_ROS2/moveit_tutorial_ws/install/moveit_resources_fanuc_moveit_config:/home/tyler/mycobot_ROS2/moveit_tutorial_ws/install/moveit_resources_panda_description:/home/tyler/mycobot_ROS2/moveit_tutorial_ws/install/moveit_resources_fanuc_description:/home/tyler/mycobot_ROS2/moveit_tutorial_ws/install/moveit_msgs:/home/tyler/mycobot_ROS2/moveit_tutorial_ws/install/moveit_common:/home/tyler/mycobot_ROS2/colcon_ws/install/mypalletizer_interfaces:/home/tyler/mycobot_ROS2/colcon_ws/install/mycobot_interfaces:/home/tyler/mycobot_ROS2/colcon_ws/install/mecharm_interfaces:/home/tyler/mycobot_ROS2/colcon_ws/install/ultraarm:/home/tyler/mycobot_ROS2/colcon_ws/install/mypalletizer_260_pi:/home/tyler/mycobot_ROS2/colcon_ws/install/mypalletizer_260:/home/tyler/mycobot_ROS2/colcon_ws/install/mypalletizer_communication:/home/tyler/mycobot_ROS2/colcon_ws/install/mycobot_320pi:/home/tyler/mycobot_ROS2/colcon_ws/install/mycobot_320:/home/tyler/mycobot_ROS2/colcon_ws/install/mycobot_280pi:/home/tyler/mycobot_ROS2/colcon_ws/install/mycobot_280jn:/home/tyler/mycobot_ROS2/colcon_ws/install/mycobot_280_x3pi:/home/tyler/mycobot_ROS2/colcon_ws/install/mycobot_280:/home/tyler/mycobot_ROS2/colcon_ws/install/myarm_300:/home/tyler/mycobot_ROS2/colcon_ws/install/mycobot_communication:/home/tyler/mycobot_ROS2/colcon_ws/install/mecharm_pi:/home/tyler/mycobot_ROS2/colcon_ws/install/mecharm:/home/tyler/mycobot_ROS2/colcon_ws/install/mecharm_communication:/home/tyler/mycobot_ROS2/colcon_ws/install/mybuddy:/home/tyler/mycobot_ROS2/colcon_ws/install/mycobot_description:/opt/ros/humble LD_LIBRARY_PATH=/home/tyler/mycobot_ROS2/moveit_tutorial_ws/install/moveit_setup_framework/lib:/home/tyler/mycobot_ROS2/moveit_tutorial_ws/install/moveit_ros_visualization/lib:/home/tyler/mycobot_ROS2/moveit_tutorial_ws/install/moveit_ros_planning_interface/lib:/home/tyler/mycobot_ROS2/moveit_tutorial_ws/install/moveit_ros_move_group/lib:/home/tyler/mycobot_ROS2/moveit_tutorial_ws/install/moveit_ros_warehouse/lib:/home/tyler/mycobot_ROS2/moveit_tutorial_ws/install/moveit_ros_robot_interaction/lib:/home/tyler/mycobot_ROS2/moveit_tutorial_ws/install/moveit_kinematics/lib:/home/tyler/mycobot_ROS2/moveit_tutorial_ws/install/moveit_ros_planning/lib:/home/tyler/mycobot_ROS2/moveit_tutorial_ws/install/moveit_ros_occupancy_map_monitor/lib:/home/tyler/mycobot_ROS2/moveit_tutorial_ws/install/moveit_core/lib:/home/tyler/mycobot_ROS2/moveit_tutorial_ws/install/moveit_msgs/lib:${LD_LIBRARY_PATH} MYSQL_PS1=(\u@\h) [\d]> PATH=/home/tyler/mycobot_ROS2/moveit_tutorial_ws/install/moveit_core/bin:${PATH} PYTHONPATH=/home/tyler/mycobot_ROS2/moveit_tutorial_ws/install/moveit_msgs/local/lib/python3.10/dist-packages:/home/tyler/mycobot_ROS2/moveit_tutorial_ws/install/moveit_configs_utils/lib/python3.10/site-packages:${PYTHONPATH} /usr/bin/cmake --build /home/tyler/mycobot_ROS2/moveit_tutorial_ws/build/moveit_setup_controllers -- -j16 -l16
[11.234s] [  3%] [34m[1mAutomatic MOC for target moveit_setup_controllers[0m
[11.234s] [  9%] [34m[1mAutomatic MOC for target gtest[0m
[11.234s] [  9%] [34m[1mAutomatic MOC for target gtest_main[0m
[11.284s] [  9%] Built target gtest_autogen
[11.290s] [  9%] Built target gtest_main_autogen
[11.299s] [  9%] Built target moveit_setup_controllers_autogen
[11.321s] [ 12%] [34m[1mGenerating include/moveit_setup_controllers/moc_urdf_modifications_widget.cpp[0m
[11.323s] [ 15%] [32mBuilding CXX object gtest/CMakeFiles/gtest.dir/gtest_autogen/mocs_compilation.cpp.o[0m
[11.326s] [ 18%] [34m[1mGenerating include/moveit_setup_controllers/moc_controllers_widget.cpp[0m
[11.326s] [ 21%] [32mBuilding CXX object gtest/CMakeFiles/gtest.dir/src/gtest-all.cc.o[0m
[11.328s] [ 24%] [34m[1mGenerating include/moveit_setup_controllers/moc_controller_edit_widget.cpp[0m
[11.328s] [ 27%] [32mBuilding CXX object gtest/CMakeFiles/gtest_main.dir/gtest_main_autogen/mocs_compilation.cpp.o[0m
[11.337s] [ 30%] [32mBuilding CXX object gtest/CMakeFiles/gtest_main.dir/src/gtest_main.cc.o[0m
[11.385s] [ 36%] [32mBuilding CXX object CMakeFiles/moveit_setup_controllers.dir/src/controller_edit_widget.cpp.o[0m
[11.386s] [ 36%] [32mBuilding CXX object CMakeFiles/moveit_setup_controllers.dir/src/control_xacro_config.cpp.o[0m
[11.386s] [ 39%] [32mBuilding CXX object CMakeFiles/moveit_setup_controllers.dir/moveit_setup_controllers_autogen/mocs_compilation.cpp.o[0m
[11.387s] [ 42%] [32mBuilding CXX object CMakeFiles/moveit_setup_controllers.dir/src/controllers.cpp.o[0m
[11.387s] [ 48%] [32mBuilding CXX object CMakeFiles/moveit_setup_controllers.dir/src/moveit_controllers_config.cpp.o[0m
[11.388s] [ 48%] [32mBuilding CXX object CMakeFiles/moveit_setup_controllers.dir/src/controllers_widget.cpp.o[0m
[11.388s] [ 51%] [32mBuilding CXX object CMakeFiles/moveit_setup_controllers.dir/src/controllers_config.cpp.o[0m
[11.389s] [ 57%] [32mBuilding CXX object CMakeFiles/moveit_setup_controllers.dir/src/moveit_controllers_widget.cpp.o[0m
[11.390s] [ 57%] [32mBuilding CXX object CMakeFiles/moveit_setup_controllers.dir/src/modified_urdf_config.cpp.o[0m
[11.390s] [ 60%] [32mBuilding CXX object CMakeFiles/moveit_setup_controllers.dir/src/urdf_modifications_widget.cpp.o[0m
[11.392s] [ 63%] [32mBuilding CXX object CMakeFiles/moveit_setup_controllers.dir/include/moveit_setup_controllers/moc_controller_edit_widget.cpp.o[0m
[11.393s] [ 66%] [32mBuilding CXX object CMakeFiles/moveit_setup_controllers.dir/src/ros2_controllers_config.cpp.o[0m
[11.412s] [ 69%] [32mBuilding CXX object CMakeFiles/moveit_setup_controllers.dir/src/ros2_controllers_widget.cpp.o[0m
[11.413s] [ 72%] [32mBuilding CXX object CMakeFiles/moveit_setup_controllers.dir/src/urdf_modifications.cpp.o[0m
[11.444s] [ 75%] [32mBuilding CXX object CMakeFiles/moveit_setup_controllers.dir/include/moveit_setup_controllers/moc_controllers_widget.cpp.o[0m
[14.317s] [ 78%] [32m[1mLinking CXX static library libgtest_main.a[0m
[14.444s] [ 78%] Built target gtest_main
[14.476s] [ 81%] [32mBuilding CXX object CMakeFiles/moveit_setup_controllers.dir/include/moveit_setup_controllers/moc_urdf_modifications_widget.cpp.o[0m
[42.958s] [ 84%] [32m[1mLinking CXX static library libgtest.a[0m
[43.099s] [ 84%] Built target gtest
[57.947s] [ 87%] [32m[1mLinking CXX shared library libmoveit_setup_controllers.so[0m
[58.588s] [ 87%] Built target moveit_setup_controllers
[58.617s] [ 90%] [34m[1mAutomatic MOC for target test_controllers[0m
[58.656s] [ 90%] Built target test_controllers_autogen
[58.689s] [ 93%] [32mBuilding CXX object CMakeFiles/test_controllers.dir/test/test_controllers.cpp.o[0m
[58.692s] [ 96%] [32mBuilding CXX object CMakeFiles/test_controllers.dir/test_controllers_autogen/mocs_compilation.cpp.o[0m
[77.995s] [100%] [32m[1mLinking CXX executable test_controllers[0m
[78.887s] [100%] Built target test_controllers
[78.905s] Invoked command in '/home/tyler/mycobot_ROS2/moveit_tutorial_ws/build/moveit_setup_controllers' returned '0': AMENT_PREFIX_PATH=/home/tyler/mycobot_ROS2/moveit_tutorial_ws/install/moveit_setup_framework:/home/tyler/mycobot_ROS2/moveit_tutorial_ws/install/moveit_ros_visualization:/home/tyler/mycobot_ROS2/moveit_tutorial_ws/install/moveit_ros_planning_interface:/home/tyler/mycobot_ROS2/moveit_tutorial_ws/install/moveit_ros_move_group:/home/tyler/mycobot_ROS2/moveit_tutorial_ws/install/moveit_ros_warehouse:/home/tyler/mycobot_ROS2/moveit_tutorial_ws/install/moveit_ros_robot_interaction:/home/tyler/mycobot_ROS2/moveit_tutorial_ws/install/moveit_kinematics:/home/tyler/mycobot_ROS2/moveit_tutorial_ws/install/moveit_ros_planning:/home/tyler/mycobot_ROS2/moveit_tutorial_ws/install/moveit_ros_occupancy_map_monitor:/home/tyler/mycobot_ROS2/moveit_tutorial_ws/install/moveit_core:/home/tyler/mycobot_ROS2/moveit_tutorial_ws/install/moveit_resources_panda_moveit_config:/home/tyler/mycobot_ROS2/moveit_tutorial_ws/install/moveit_resources_fanuc_moveit_config:/home/tyler/mycobot_ROS2/moveit_tutorial_ws/install/moveit_resources_panda_description:/home/tyler/mycobot_ROS2/moveit_tutorial_ws/install/moveit_resources_fanuc_description:/home/tyler/mycobot_ROS2/moveit_tutorial_ws/install/moveit_msgs:/home/tyler/mycobot_ROS2/moveit_tutorial_ws/install/moveit_configs_utils:/home/tyler/mycobot_ROS2/moveit_tutorial_ws/install/moveit_common:${AMENT_PREFIX_PATH} CMAKE_PREFIX_PATH=/home/tyler/mycobot_ROS2/moveit_tutorial_ws/install/moveit_setup_framework:/home/tyler/mycobot_ROS2/moveit_tutorial_ws/install/moveit_ros_visualization:/home/tyler/mycobot_ROS2/moveit_tutorial_ws/install/moveit_ros_planning_interface:/home/tyler/mycobot_ROS2/moveit_tutorial_ws/install/moveit_ros_move_group:/home/tyler/mycobot_ROS2/moveit_tutorial_ws/install/moveit_ros_warehouse:/home/tyler/mycobot_ROS2/moveit_tutorial_ws/install/moveit_ros_robot_interaction:/home/tyler/mycobot_ROS2/moveit_tutorial_ws/install/moveit_kinematics:/home/tyler/mycobot_ROS2/moveit_tutorial_ws/install/moveit_ros_planning:/home/tyler/mycobot_ROS2/moveit_tutorial_ws/install/moveit_ros_occupancy_map_monitor:/home/tyler/mycobot_ROS2/moveit_tutorial_ws/install/moveit_core:/home/tyler/mycobot_ROS2/moveit_tutorial_ws/install/moveit_resources_panda_moveit_config:/home/tyler/mycobot_ROS2/moveit_tutorial_ws/install/moveit_resources_fanuc_moveit_config:/home/tyler/mycobot_ROS2/moveit_tutorial_ws/install/moveit_resources_panda_description:/home/tyler/mycobot_ROS2/moveit_tutorial_ws/install/moveit_resources_fanuc_description:/home/tyler/mycobot_ROS2/moveit_tutorial_ws/install/moveit_msgs:/home/tyler/mycobot_ROS2/moveit_tutorial_ws/install/moveit_common:/home/tyler/mycobot_ROS2/colcon_ws/install/mypalletizer_interfaces:/home/tyler/mycobot_ROS2/colcon_ws/install/mycobot_interfaces:/home/tyler/mycobot_ROS2/colcon_ws/install/mecharm_interfaces:/home/tyler/mycobot_ROS2/colcon_ws/install/ultraarm:/home/tyler/mycobot_ROS2/colcon_ws/install/mypalletizer_260_pi:/home/tyler/mycobot_ROS2/colcon_ws/install/mypalletizer_260:/home/tyler/mycobot_ROS2/colcon_ws/install/mypalletizer_communication:/home/tyler/mycobot_ROS2/colcon_ws/install/mycobot_320pi:/home/tyler/mycobot_ROS2/colcon_ws/install/mycobot_320:/home/tyler/mycobot_ROS2/colcon_ws/install/mycobot_280pi:/home/tyler/mycobot_ROS2/colcon_ws/install/mycobot_280jn:/home/tyler/mycobot_ROS2/colcon_ws/install/mycobot_280_x3pi:/home/tyler/mycobot_ROS2/colcon_ws/install/mycobot_280:/home/tyler/mycobot_ROS2/colcon_ws/install/myarm_300:/home/tyler/mycobot_ROS2/colcon_ws/install/mycobot_communication:/home/tyler/mycobot_ROS2/colcon_ws/install/mecharm_pi:/home/tyler/mycobot_ROS2/colcon_ws/install/mecharm:/home/tyler/mycobot_ROS2/colcon_ws/install/mecharm_communication:/home/tyler/mycobot_ROS2/colcon_ws/install/mybuddy:/home/tyler/mycobot_ROS2/colcon_ws/install/mycobot_description:/opt/ros/humble LD_LIBRARY_PATH=/home/tyler/mycobot_ROS2/moveit_tutorial_ws/install/moveit_setup_framework/lib:/home/tyler/mycobot_ROS2/moveit_tutorial_ws/install/moveit_ros_visualization/lib:/home/tyler/mycobot_ROS2/moveit_tutorial_ws/install/moveit_ros_planning_interface/lib:/home/tyler/mycobot_ROS2/moveit_tutorial_ws/install/moveit_ros_move_group/lib:/home/tyler/mycobot_ROS2/moveit_tutorial_ws/install/moveit_ros_warehouse/lib:/home/tyler/mycobot_ROS2/moveit_tutorial_ws/install/moveit_ros_robot_interaction/lib:/home/tyler/mycobot_ROS2/moveit_tutorial_ws/install/moveit_kinematics/lib:/home/tyler/mycobot_ROS2/moveit_tutorial_ws/install/moveit_ros_planning/lib:/home/tyler/mycobot_ROS2/moveit_tutorial_ws/install/moveit_ros_occupancy_map_monitor/lib:/home/tyler/mycobot_ROS2/moveit_tutorial_ws/install/moveit_core/lib:/home/tyler/mycobot_ROS2/moveit_tutorial_ws/install/moveit_msgs/lib:${LD_LIBRARY_PATH} MYSQL_PS1=(\u@\h) [\d]> PATH=/home/tyler/mycobot_ROS2/moveit_tutorial_ws/install/moveit_core/bin:${PATH} PYTHONPATH=/home/tyler/mycobot_ROS2/moveit_tutorial_ws/install/moveit_msgs/local/lib/python3.10/dist-packages:/home/tyler/mycobot_ROS2/moveit_tutorial_ws/install/moveit_configs_utils/lib/python3.10/site-packages:${PYTHONPATH} /usr/bin/cmake --build /home/tyler/mycobot_ROS2/moveit_tutorial_ws/build/moveit_setup_controllers -- -j16 -l16
[78.997s] Invoking command in '/home/tyler/mycobot_ROS2/moveit_tutorial_ws/build/moveit_setup_controllers': AMENT_PREFIX_PATH=/home/tyler/mycobot_ROS2/moveit_tutorial_ws/install/moveit_setup_framework:/home/tyler/mycobot_ROS2/moveit_tutorial_ws/install/moveit_ros_visualization:/home/tyler/mycobot_ROS2/moveit_tutorial_ws/install/moveit_ros_planning_interface:/home/tyler/mycobot_ROS2/moveit_tutorial_ws/install/moveit_ros_move_group:/home/tyler/mycobot_ROS2/moveit_tutorial_ws/install/moveit_ros_warehouse:/home/tyler/mycobot_ROS2/moveit_tutorial_ws/install/moveit_ros_robot_interaction:/home/tyler/mycobot_ROS2/moveit_tutorial_ws/install/moveit_kinematics:/home/tyler/mycobot_ROS2/moveit_tutorial_ws/install/moveit_ros_planning:/home/tyler/mycobot_ROS2/moveit_tutorial_ws/install/moveit_ros_occupancy_map_monitor:/home/tyler/mycobot_ROS2/moveit_tutorial_ws/install/moveit_core:/home/tyler/mycobot_ROS2/moveit_tutorial_ws/install/moveit_resources_panda_moveit_config:/home/tyler/mycobot_ROS2/moveit_tutorial_ws/install/moveit_resources_fanuc_moveit_config:/home/tyler/mycobot_ROS2/moveit_tutorial_ws/install/moveit_resources_panda_description:/home/tyler/mycobot_ROS2/moveit_tutorial_ws/install/moveit_resources_fanuc_description:/home/tyler/mycobot_ROS2/moveit_tutorial_ws/install/moveit_msgs:/home/tyler/mycobot_ROS2/moveit_tutorial_ws/install/moveit_configs_utils:/home/tyler/mycobot_ROS2/moveit_tutorial_ws/install/moveit_common:${AMENT_PREFIX_PATH} CMAKE_PREFIX_PATH=/home/tyler/mycobot_ROS2/moveit_tutorial_ws/install/moveit_setup_framework:/home/tyler/mycobot_ROS2/moveit_tutorial_ws/install/moveit_ros_visualization:/home/tyler/mycobot_ROS2/moveit_tutorial_ws/install/moveit_ros_planning_interface:/home/tyler/mycobot_ROS2/moveit_tutorial_ws/install/moveit_ros_move_group:/home/tyler/mycobot_ROS2/moveit_tutorial_ws/install/moveit_ros_warehouse:/home/tyler/mycobot_ROS2/moveit_tutorial_ws/install/moveit_ros_robot_interaction:/home/tyler/mycobot_ROS2/moveit_tutorial_ws/install/moveit_kinematics:/home/tyler/mycobot_ROS2/moveit_tutorial_ws/install/moveit_ros_planning:/home/tyler/mycobot_ROS2/moveit_tutorial_ws/install/moveit_ros_occupancy_map_monitor:/home/tyler/mycobot_ROS2/moveit_tutorial_ws/install/moveit_core:/home/tyler/mycobot_ROS2/moveit_tutorial_ws/install/moveit_resources_panda_moveit_config:/home/tyler/mycobot_ROS2/moveit_tutorial_ws/install/moveit_resources_fanuc_moveit_config:/home/tyler/mycobot_ROS2/moveit_tutorial_ws/install/moveit_resources_panda_description:/home/tyler/mycobot_ROS2/moveit_tutorial_ws/install/moveit_resources_fanuc_description:/home/tyler/mycobot_ROS2/moveit_tutorial_ws/install/moveit_msgs:/home/tyler/mycobot_ROS2/moveit_tutorial_ws/install/moveit_common:/home/tyler/mycobot_ROS2/colcon_ws/install/mypalletizer_interfaces:/home/tyler/mycobot_ROS2/colcon_ws/install/mycobot_interfaces:/home/tyler/mycobot_ROS2/colcon_ws/install/mecharm_interfaces:/home/tyler/mycobot_ROS2/colcon_ws/install/ultraarm:/home/tyler/mycobot_ROS2/colcon_ws/install/mypalletizer_260_pi:/home/tyler/mycobot_ROS2/colcon_ws/install/mypalletizer_260:/home/tyler/mycobot_ROS2/colcon_ws/install/mypalletizer_communication:/home/tyler/mycobot_ROS2/colcon_ws/install/mycobot_320pi:/home/tyler/mycobot_ROS2/colcon_ws/install/mycobot_320:/home/tyler/mycobot_ROS2/colcon_ws/install/mycobot_280pi:/home/tyler/mycobot_ROS2/colcon_ws/install/mycobot_280jn:/home/tyler/mycobot_ROS2/colcon_ws/install/mycobot_280_x3pi:/home/tyler/mycobot_ROS2/colcon_ws/install/mycobot_280:/home/tyler/mycobot_ROS2/colcon_ws/install/myarm_300:/home/tyler/mycobot_ROS2/colcon_ws/install/mycobot_communication:/home/tyler/mycobot_ROS2/colcon_ws/install/mecharm_pi:/home/tyler/mycobot_ROS2/colcon_ws/install/mecharm:/home/tyler/mycobot_ROS2/colcon_ws/install/mecharm_communication:/home/tyler/mycobot_ROS2/colcon_ws/install/mybuddy:/home/tyler/mycobot_ROS2/colcon_ws/install/mycobot_description:/opt/ros/humble LD_LIBRARY_PATH=/home/tyler/mycobot_ROS2/moveit_tutorial_ws/install/moveit_setup_framework/lib:/home/tyler/mycobot_ROS2/moveit_tutorial_ws/install/moveit_ros_visualization/lib:/home/tyler/mycobot_ROS2/moveit_tutorial_ws/install/moveit_ros_planning_interface/lib:/home/tyler/mycobot_ROS2/moveit_tutorial_ws/install/moveit_ros_move_group/lib:/home/tyler/mycobot_ROS2/moveit_tutorial_ws/install/moveit_ros_warehouse/lib:/home/tyler/mycobot_ROS2/moveit_tutorial_ws/install/moveit_ros_robot_interaction/lib:/home/tyler/mycobot_ROS2/moveit_tutorial_ws/install/moveit_kinematics/lib:/home/tyler/mycobot_ROS2/moveit_tutorial_ws/install/moveit_ros_planning/lib:/home/tyler/mycobot_ROS2/moveit_tutorial_ws/install/moveit_ros_occupancy_map_monitor/lib:/home/tyler/mycobot_ROS2/moveit_tutorial_ws/install/moveit_core/lib:/home/tyler/mycobot_ROS2/moveit_tutorial_ws/install/moveit_msgs/lib:${LD_LIBRARY_PATH} MYSQL_PS1=(\u@\h) [\d]> PATH=/home/tyler/mycobot_ROS2/moveit_tutorial_ws/install/moveit_core/bin:${PATH} PYTHONPATH=/home/tyler/mycobot_ROS2/moveit_tutorial_ws/install/moveit_msgs/local/lib/python3.10/dist-packages:/home/tyler/mycobot_ROS2/moveit_tutorial_ws/install/moveit_configs_utils/lib/python3.10/site-packages:${PYTHONPATH} /usr/bin/cmake --install /home/tyler/mycobot_ROS2/moveit_tutorial_ws/build/moveit_setup_controllers
[79.007s] -- Install configuration: "Release"
[79.007s] -- Installing: /home/tyler/mycobot_ROS2/moveit_tutorial_ws/install/moveit_setup_controllers/share/moveit_setup_controllers/templates
[79.007s] -- Installing: /home/tyler/mycobot_ROS2/moveit_tutorial_ws/install/moveit_setup_controllers/share/moveit_setup_controllers/templates/config
[79.007s] -- Installing: /home/tyler/mycobot_ROS2/moveit_tutorial_ws/install/moveit_setup_controllers/share/moveit_setup_controllers/templates/config/modified.urdf.xacro
[79.016s] -- Installing: /home/tyler/mycobot_ROS2/moveit_tutorial_ws/install/moveit_setup_controllers/share/moveit_setup_controllers/templates/config/ros2_control.xacro
[79.016s] -- Installing: /home/tyler/mycobot_ROS2/moveit_tutorial_ws/install/moveit_setup_controllers/share/moveit_setup_controllers/templates/config/gazebo_controllers.yaml
[79.016s] -- Installing: /home/tyler/mycobot_ROS2/moveit_tutorial_ws/install/moveit_setup_controllers/lib/libmoveit_setup_controllers.so
[79.018s] -- Set runtime path of "/home/tyler/mycobot_ROS2/moveit_tutorial_ws/install/moveit_setup_controllers/lib/libmoveit_setup_controllers.so" to ""
[79.018s] -- Installing: /home/tyler/mycobot_ROS2/moveit_tutorial_ws/install/moveit_setup_controllers/share/moveit_setup_controllers/moveit_setup_framework_plugins.xml
[79.018s] -- Installing: /home/tyler/mycobot_ROS2/moveit_tutorial_ws/install/moveit_setup_controllers/include/moveit_setup_controllers
[79.018s] -- Installing: /home/tyler/mycobot_ROS2/moveit_tutorial_ws/install/moveit_setup_controllers/include/moveit_setup_controllers/moveit_setup_controllers
[79.018s] -- Installing: /home/tyler/mycobot_ROS2/moveit_tutorial_ws/install/moveit_setup_controllers/include/moveit_setup_controllers/moveit_setup_controllers/included_xacro_config.hpp
[79.018s] -- Installing: /home/tyler/mycobot_ROS2/moveit_tutorial_ws/install/moveit_setup_controllers/include/moveit_setup_controllers/moveit_setup_controllers/ros2_controllers_config.hpp
[79.018s] -- Installing: /home/tyler/mycobot_ROS2/moveit_tutorial_ws/install/moveit_setup_controllers/include/moveit_setup_controllers/moveit_setup_controllers/moveit_controllers.hpp
[79.018s] -- Installing: /home/tyler/mycobot_ROS2/moveit_tutorial_ws/install/moveit_setup_controllers/include/moveit_setup_controllers/moveit_setup_controllers/controllers.hpp
[79.018s] -- Installing: /home/tyler/mycobot_ROS2/moveit_tutorial_ws/install/moveit_setup_controllers/include/moveit_setup_controllers/moveit_setup_controllers/urdf_modifications.hpp
[79.018s] -- Installing: /home/tyler/mycobot_ROS2/moveit_tutorial_ws/install/moveit_setup_controllers/include/moveit_setup_controllers/moveit_setup_controllers/moveit_controllers_config.hpp
[79.019s] -- Installing: /home/tyler/mycobot_ROS2/moveit_tutorial_ws/install/moveit_setup_controllers/include/moveit_setup_controllers/moveit_setup_controllers/controllers_config.hpp
[79.019s] -- Installing: /home/tyler/mycobot_ROS2/moveit_tutorial_ws/install/moveit_setup_controllers/include/moveit_setup_controllers/moveit_setup_controllers/control_xacro_config.hpp
[79.019s] -- Installing: /home/tyler/mycobot_ROS2/moveit_tutorial_ws/install/moveit_setup_controllers/include/moveit_setup_controllers/moveit_setup_controllers/modified_urdf_config.hpp
[79.019s] -- Installing: /home/tyler/mycobot_ROS2/moveit_tutorial_ws/install/moveit_setup_controllers/include/moveit_setup_controllers/moveit_setup_controllers/ros2_controllers.hpp
[79.019s] -- Installing: /home/tyler/mycobot_ROS2/moveit_tutorial_ws/install/moveit_setup_controllers/include/moveit_setup_controllers/moveit_setup_controllers/urdf_modifications_widget.hpp
[79.019s] -- Installing: /home/tyler/mycobot_ROS2/moveit_tutorial_ws/install/moveit_setup_controllers/include/moveit_setup_controllers/moveit_setup_controllers/controller_edit_widget.hpp
[79.019s] -- Installing: /home/tyler/mycobot_ROS2/moveit_tutorial_ws/install/moveit_setup_controllers/include/moveit_setup_controllers/moveit_setup_controllers/controllers_widget.hpp
[79.019s] -- Installing: /home/tyler/mycobot_ROS2/moveit_tutorial_ws/install/moveit_setup_controllers/share/moveit_setup_controllers/launch
[79.019s] -- Installing: /home/tyler/mycobot_ROS2/moveit_tutorial_ws/install/moveit_setup_controllers/share/moveit_setup_controllers/launch/control.launch.py
[79.019s] -- Installing: /home/tyler/mycobot_ROS2/moveit_tutorial_ws/install/moveit_setup_controllers/share/moveit_setup_controllers/environment/library_path.sh
[79.019s] -- Installing: /home/tyler/mycobot_ROS2/moveit_tutorial_ws/install/moveit_setup_controllers/share/moveit_setup_controllers/environment/library_path.dsv
[79.019s] -- Up-to-date: /home/tyler/mycobot_ROS2/moveit_tutorial_ws/install/moveit_setup_controllers/share/moveit_setup_controllers/moveit_setup_framework_plugins.xml
[79.019s] -- Installing: /home/tyler/mycobot_ROS2/moveit_tutorial_ws/install/moveit_setup_controllers/share/ament_index/resource_index/package_run_dependencies/moveit_setup_controllers
[79.020s] -- Installing: /home/tyler/mycobot_ROS2/moveit_tutorial_ws/install/moveit_setup_controllers/share/ament_index/resource_index/parent_prefix_path/moveit_setup_controllers
[79.020s] -- Installing: /home/tyler/mycobot_ROS2/moveit_tutorial_ws/install/moveit_setup_controllers/share/moveit_setup_controllers/environment/ament_prefix_path.sh
[79.020s] -- Installing: /home/tyler/mycobot_ROS2/moveit_tutorial_ws/install/moveit_setup_controllers/share/moveit_setup_controllers/environment/ament_prefix_path.dsv
[79.020s] -- Installing: /home/tyler/mycobot_ROS2/moveit_tutorial_ws/install/moveit_setup_controllers/share/moveit_setup_controllers/environment/path.sh
[79.020s] -- Installing: /home/tyler/mycobot_ROS2/moveit_tutorial_ws/install/moveit_setup_controllers/share/moveit_setup_controllers/environment/path.dsv
[79.020s] -- Installing: /home/tyler/mycobot_ROS2/moveit_tutorial_ws/install/moveit_setup_controllers/share/moveit_setup_controllers/local_setup.bash
[79.020s] -- Installing: /home/tyler/mycobot_ROS2/moveit_tutorial_ws/install/moveit_setup_controllers/share/moveit_setup_controllers/local_setup.sh
[79.020s] -- Installing: /home/tyler/mycobot_ROS2/moveit_tutorial_ws/install/moveit_setup_controllers/share/moveit_setup_controllers/local_setup.zsh
[79.020s] -- Installing: /home/tyler/mycobot_ROS2/moveit_tutorial_ws/install/moveit_setup_controllers/share/moveit_setup_controllers/local_setup.dsv
[79.020s] -- Installing: /home/tyler/mycobot_ROS2/moveit_tutorial_ws/install/moveit_setup_controllers/share/moveit_setup_controllers/package.dsv
[79.020s] -- Installing: /home/tyler/mycobot_ROS2/moveit_tutorial_ws/install/moveit_setup_controllers/share/ament_index/resource_index/packages/moveit_setup_controllers
[79.021s] -- Installing: /home/tyler/mycobot_ROS2/moveit_tutorial_ws/install/moveit_setup_controllers/share/ament_index/resource_index/moveit_setup_framework__pluginlib__plugin/moveit_setup_controllers
[79.021s] -- Installing: /home/tyler/mycobot_ROS2/moveit_tutorial_ws/install/moveit_setup_controllers/share/moveit_setup_controllers/cmake/moveit_setup_controllersTargetsExport.cmake
[79.021s] -- Installing: /home/tyler/mycobot_ROS2/moveit_tutorial_ws/install/moveit_setup_controllers/share/moveit_setup_controllers/cmake/moveit_setup_controllersTargetsExport-release.cmake
[79.021s] -- Installing: /home/tyler/mycobot_ROS2/moveit_tutorial_ws/install/moveit_setup_controllers/share/moveit_setup_controllers/cmake/ament_cmake_export_targets-extras.cmake
[79.021s] -- Installing: /home/tyler/mycobot_ROS2/moveit_tutorial_ws/install/moveit_setup_controllers/share/moveit_setup_controllers/cmake/moveit_setup_controllersConfig.cmake
[79.021s] -- Installing: /home/tyler/mycobot_ROS2/moveit_tutorial_ws/install/moveit_setup_controllers/share/moveit_setup_controllers/cmake/moveit_setup_controllersConfig-version.cmake
[79.021s] -- Installing: /home/tyler/mycobot_ROS2/moveit_tutorial_ws/install/moveit_setup_controllers/share/moveit_setup_controllers/package.xml
[79.023s] Invoked command in '/home/tyler/mycobot_ROS2/moveit_tutorial_ws/build/moveit_setup_controllers' returned '0': AMENT_PREFIX_PATH=/home/tyler/mycobot_ROS2/moveit_tutorial_ws/install/moveit_setup_framework:/home/tyler/mycobot_ROS2/moveit_tutorial_ws/install/moveit_ros_visualization:/home/tyler/mycobot_ROS2/moveit_tutorial_ws/install/moveit_ros_planning_interface:/home/tyler/mycobot_ROS2/moveit_tutorial_ws/install/moveit_ros_move_group:/home/tyler/mycobot_ROS2/moveit_tutorial_ws/install/moveit_ros_warehouse:/home/tyler/mycobot_ROS2/moveit_tutorial_ws/install/moveit_ros_robot_interaction:/home/tyler/mycobot_ROS2/moveit_tutorial_ws/install/moveit_kinematics:/home/tyler/mycobot_ROS2/moveit_tutorial_ws/install/moveit_ros_planning:/home/tyler/mycobot_ROS2/moveit_tutorial_ws/install/moveit_ros_occupancy_map_monitor:/home/tyler/mycobot_ROS2/moveit_tutorial_ws/install/moveit_core:/home/tyler/mycobot_ROS2/moveit_tutorial_ws/install/moveit_resources_panda_moveit_config:/home/tyler/mycobot_ROS2/moveit_tutorial_ws/install/moveit_resources_fanuc_moveit_config:/home/tyler/mycobot_ROS2/moveit_tutorial_ws/install/moveit_resources_panda_description:/home/tyler/mycobot_ROS2/moveit_tutorial_ws/install/moveit_resources_fanuc_description:/home/tyler/mycobot_ROS2/moveit_tutorial_ws/install/moveit_msgs:/home/tyler/mycobot_ROS2/moveit_tutorial_ws/install/moveit_configs_utils:/home/tyler/mycobot_ROS2/moveit_tutorial_ws/install/moveit_common:${AMENT_PREFIX_PATH} CMAKE_PREFIX_PATH=/home/tyler/mycobot_ROS2/moveit_tutorial_ws/install/moveit_setup_framework:/home/tyler/mycobot_ROS2/moveit_tutorial_ws/install/moveit_ros_visualization:/home/tyler/mycobot_ROS2/moveit_tutorial_ws/install/moveit_ros_planning_interface:/home/tyler/mycobot_ROS2/moveit_tutorial_ws/install/moveit_ros_move_group:/home/tyler/mycobot_ROS2/moveit_tutorial_ws/install/moveit_ros_warehouse:/home/tyler/mycobot_ROS2/moveit_tutorial_ws/install/moveit_ros_robot_interaction:/home/tyler/mycobot_ROS2/moveit_tutorial_ws/install/moveit_kinematics:/home/tyler/mycobot_ROS2/moveit_tutorial_ws/install/moveit_ros_planning:/home/tyler/mycobot_ROS2/moveit_tutorial_ws/install/moveit_ros_occupancy_map_monitor:/home/tyler/mycobot_ROS2/moveit_tutorial_ws/install/moveit_core:/home/tyler/mycobot_ROS2/moveit_tutorial_ws/install/moveit_resources_panda_moveit_config:/home/tyler/mycobot_ROS2/moveit_tutorial_ws/install/moveit_resources_fanuc_moveit_config:/home/tyler/mycobot_ROS2/moveit_tutorial_ws/install/moveit_resources_panda_description:/home/tyler/mycobot_ROS2/moveit_tutorial_ws/install/moveit_resources_fanuc_description:/home/tyler/mycobot_ROS2/moveit_tutorial_ws/install/moveit_msgs:/home/tyler/mycobot_ROS2/moveit_tutorial_ws/install/moveit_common:/home/tyler/mycobot_ROS2/colcon_ws/install/mypalletizer_interfaces:/home/tyler/mycobot_ROS2/colcon_ws/install/mycobot_interfaces:/home/tyler/mycobot_ROS2/colcon_ws/install/mecharm_interfaces:/home/tyler/mycobot_ROS2/colcon_ws/install/ultraarm:/home/tyler/mycobot_ROS2/colcon_ws/install/mypalletizer_260_pi:/home/tyler/mycobot_ROS2/colcon_ws/install/mypalletizer_260:/home/tyler/mycobot_ROS2/colcon_ws/install/mypalletizer_communication:/home/tyler/mycobot_ROS2/colcon_ws/install/mycobot_320pi:/home/tyler/mycobot_ROS2/colcon_ws/install/mycobot_320:/home/tyler/mycobot_ROS2/colcon_ws/install/mycobot_280pi:/home/tyler/mycobot_ROS2/colcon_ws/install/mycobot_280jn:/home/tyler/mycobot_ROS2/colcon_ws/install/mycobot_280_x3pi:/home/tyler/mycobot_ROS2/colcon_ws/install/mycobot_280:/home/tyler/mycobot_ROS2/colcon_ws/install/myarm_300:/home/tyler/mycobot_ROS2/colcon_ws/install/mycobot_communication:/home/tyler/mycobot_ROS2/colcon_ws/install/mecharm_pi:/home/tyler/mycobot_ROS2/colcon_ws/install/mecharm:/home/tyler/mycobot_ROS2/colcon_ws/install/mecharm_communication:/home/tyler/mycobot_ROS2/colcon_ws/install/mybuddy:/home/tyler/mycobot_ROS2/colcon_ws/install/mycobot_description:/opt/ros/humble LD_LIBRARY_PATH=/home/tyler/mycobot_ROS2/moveit_tutorial_ws/install/moveit_setup_framework/lib:/home/tyler/mycobot_ROS2/moveit_tutorial_ws/install/moveit_ros_visualization/lib:/home/tyler/mycobot_ROS2/moveit_tutorial_ws/install/moveit_ros_planning_interface/lib:/home/tyler/mycobot_ROS2/moveit_tutorial_ws/install/moveit_ros_move_group/lib:/home/tyler/mycobot_ROS2/moveit_tutorial_ws/install/moveit_ros_warehouse/lib:/home/tyler/mycobot_ROS2/moveit_tutorial_ws/install/moveit_ros_robot_interaction/lib:/home/tyler/mycobot_ROS2/moveit_tutorial_ws/install/moveit_kinematics/lib:/home/tyler/mycobot_ROS2/moveit_tutorial_ws/install/moveit_ros_planning/lib:/home/tyler/mycobot_ROS2/moveit_tutorial_ws/install/moveit_ros_occupancy_map_monitor/lib:/home/tyler/mycobot_ROS2/moveit_tutorial_ws/install/moveit_core/lib:/home/tyler/mycobot_ROS2/moveit_tutorial_ws/install/moveit_msgs/lib:${LD_LIBRARY_PATH} MYSQL_PS1=(\u@\h) [\d]> PATH=/home/tyler/mycobot_ROS2/moveit_tutorial_ws/install/moveit_core/bin:${PATH} PYTHONPATH=/home/tyler/mycobot_ROS2/moveit_tutorial_ws/install/moveit_msgs/local/lib/python3.10/dist-packages:/home/tyler/mycobot_ROS2/moveit_tutorial_ws/install/moveit_configs_utils/lib/python3.10/site-packages:${PYTHONPATH} /usr/bin/cmake --install /home/tyler/mycobot_ROS2/moveit_tutorial_ws/build/moveit_setup_controllers
