[0.515s] Invoking command in '/home/tyler/colcon_ws/build/mypalletizer_interfaces': CMAKE_PREFIX_PATH=/opt/ros/humble MYSQL_PS1=(\u@\h) [\d]> /usr/bin/cmake /home/tyler/colcon_ws/src/mycobot_ros2/mypalletizer_260/mypalletizer_interfaces -DCMAKE_INSTALL_PREFIX=/home/tyler/colcon_ws/install/mypalletizer_interfaces
[0.531s] -- Found ament_cmake: 1.3.5 (/opt/ros/humble/share/ament_cmake/cmake)
[0.795s] -- Override CMake install command with custom implementation using symlinks instead of copying resources
[0.807s] -- Found rosidl_default_generators: 1.2.0 (/opt/ros/humble/share/rosidl_default_generators/cmake)
[0.810s] -- Using all available rosidl_typesupport_c: rosidl_typesupport_fastrtps_c;rosidl_typesupport_introspection_c
[0.815s] -- Found rosidl_adapter: 3.1.5 (/opt/ros/humble/share/rosidl_adapter/cmake)
[0.870s] -- Using all available rosidl_typesupport_cpp: rosidl_typesupport_fastrtps_cpp;rosidl_typesupport_introspection_cpp
[0.920s] -- Found rclpy: 3.3.10 (/opt/ros/humble/share/rclpy/cmake)
[0.921s] -- Found std_msgs: 4.2.3 (/opt/ros/humble/share/std_msgs/cmake)
[1.638s] -- Found ament_cmake_ros: 0.10.0 (/opt/ros/humble/share/ament_cmake_ros/cmake)
[2.046s] -- Using all available rosidl_typesupport_c: rosidl_typesupport_fastrtps_c;rosidl_typesupport_introspection_c
[2.586s] -- Using all available rosidl_typesupport_cpp: rosidl_typesupport_fastrtps_cpp;rosidl_typesupport_introspection_cpp
[2.629s] -- Found python_cmake_module: 0.10.0 (/opt/ros/humble/share/python_cmake_module/cmake)
[2.667s] -- Using PYTHON_EXECUTABLE: /usr/bin/python3
[2.668s] -- Using PYTHON_INCLUDE_DIRS: /usr/include/python3.10
[2.668s] -- Using PYTHON_LIBRARIES: /usr/lib/x86_64-linux-gnu/libpython3.10.so
[2.716s] -- Found ament_lint_auto: 0.12.8 (/opt/ros/humble/share/ament_lint_auto/cmake)
[2.730s] -- Added test 'copyright' to check source files copyright and LICENSE
[2.733s] -- Added test 'lint_cmake' to check CMake code style
[2.734s] -- Added test 'xmllint' to check XML markup files
[2.738s] -- Configuring done
[2.819s] -- Generating done
[2.823s] -- Build files have been written to: /home/tyler/colcon_ws/build/mypalletizer_interfaces
[2.834s] Invoked command in '/home/tyler/colcon_ws/build/mypalletizer_interfaces' returned '0': CMAKE_PREFIX_PATH=/opt/ros/humble MYSQL_PS1=(\u@\h) [\d]> /usr/bin/cmake /home/tyler/colcon_ws/src/mycobot_ros2/mypalletizer_260/mypalletizer_interfaces -DCMAKE_INSTALL_PREFIX=/home/tyler/colcon_ws/install/mypalletizer_interfaces
[2.838s] Invoking command in '/home/tyler/colcon_ws/build/mypalletizer_interfaces': CMAKE_PREFIX_PATH=/opt/ros/humble MYSQL_PS1=(\u@\h) [\d]> /usr/bin/cmake --build /home/tyler/colcon_ws/build/mypalletizer_interfaces -- -j16 -l16
[2.915s] [35m[1mConsolidate compiler generated dependencies of target mypalletizer_interfaces__rosidl_generator_c[0m
[2.932s] [  0%] Built target mypalletizer_interfaces__cpp
[2.941s] [  0%] Built target ament_cmake_python_symlink_mypalletizer_interfaces
[2.948s] [ 12%] Built target mypalletizer_interfaces__rosidl_generator_c
[2.964s] [35m[1mConsolidate compiler generated dependencies of target mypalletizer_interfaces__rosidl_typesupport_cpp[0m
[2.965s] [35m[1mConsolidate compiler generated dependencies of target mypalletizer_interfaces__rosidl_typesupport_fastrtps_cpp[0m
[2.967s] [35m[1mConsolidate compiler generated dependencies of target mypalletizer_interfaces__rosidl_typesupport_introspection_cpp[0m
[2.979s] [35m[1mConsolidate compiler generated dependencies of target mypalletizer_interfaces__rosidl_typesupport_c[0m
[2.985s] [35m[1mConsolidate compiler generated dependencies of target mypalletizer_interfaces__rosidl_typesupport_fastrtps_c[0m
[2.995s] [35m[1mConsolidate compiler generated dependencies of target mypalletizer_interfaces__rosidl_typesupport_introspection_c[0m
[3.050s] [ 25%] Built target mypalletizer_interfaces__rosidl_typesupport_c
[3.050s] [ 35%] Built target mypalletizer_interfaces__rosidl_typesupport_fastrtps_cpp
[3.051s] [ 47%] Built target mypalletizer_interfaces__rosidl_typesupport_cpp
[3.056s] [ 59%] Built target mypalletizer_interfaces__rosidl_typesupport_introspection_c
[3.059s] [ 71%] Built target mypalletizer_interfaces__rosidl_typesupport_fastrtps_c
[3.060s] [ 83%] Built target mypalletizer_interfaces__rosidl_typesupport_introspection_cpp
[3.097s] [ 83%] Built target mypalletizer_interfaces
[3.137s] [ 84%] Built target mypalletizer_interfaces__py
[3.159s] [35m[1mConsolidate compiler generated dependencies of target mypalletizer_interfaces__rosidl_generator_py[0m
[3.201s] [ 95%] Built target mypalletizer_interfaces__rosidl_generator_py
[3.222s] [35m[1mConsolidate compiler generated dependencies of target mypalletizer_interfaces__rosidl_typesupport_introspection_c__pyext[0m
[3.225s] [35m[1mConsolidate compiler generated dependencies of target mypalletizer_interfaces__rosidl_typesupport_fastrtps_c__pyext[0m
[3.225s] [35m[1mConsolidate compiler generated dependencies of target mypalletizer_interfaces__rosidl_typesupport_c__pyext[0m
[3.246s] [ 97%] Built target mypalletizer_interfaces__rosidl_typesupport_introspection_c__pyext
[3.254s] [100%] Built target mypalletizer_interfaces__rosidl_typesupport_c__pyext
[3.255s] [100%] Built target mypalletizer_interfaces__rosidl_typesupport_fastrtps_c__pyext
[3.414s] running egg_info
[3.415s] writing mypalletizer_interfaces.egg-info/PKG-INFO
[3.415s] writing dependency_links to mypalletizer_interfaces.egg-info/dependency_links.txt
[3.415s] writing top-level names to mypalletizer_interfaces.egg-info/top_level.txt
[3.419s] reading manifest file 'mypalletizer_interfaces.egg-info/SOURCES.txt'
[3.420s] writing manifest file 'mypalletizer_interfaces.egg-info/SOURCES.txt'
[3.461s] [100%] Built target ament_cmake_python_build_mypalletizer_interfaces_egg
[3.481s] Invoked command in '/home/tyler/colcon_ws/build/mypalletizer_interfaces' returned '0': CMAKE_PREFIX_PATH=/opt/ros/humble MYSQL_PS1=(\u@\h) [\d]> /usr/bin/cmake --build /home/tyler/colcon_ws/build/mypalletizer_interfaces -- -j16 -l16
[3.853s] Invoking command in '/home/tyler/colcon_ws/build/mypalletizer_interfaces': CMAKE_PREFIX_PATH=/opt/ros/humble MYSQL_PS1=(\u@\h) [\d]> /usr/bin/cmake --install /home/tyler/colcon_ws/build/mypalletizer_interfaces
[3.865s] -- Install configuration: ""
[3.867s] -- Execute custom install script
[3.867s] -- Up-to-date symlink: /home/tyler/colcon_ws/install/mypalletizer_interfaces/share/ament_index/resource_index/rosidl_interfaces/mypalletizer_interfaces
[3.869s] -- Up-to-date symlink: /home/tyler/colcon_ws/install/mypalletizer_interfaces/include/mypalletizer_interfaces/mypalletizer_interfaces/msg/detail/mypal_angles__functions.h
[3.869s] -- Up-to-date symlink: /home/tyler/colcon_ws/install/mypalletizer_interfaces/include/mypalletizer_interfaces/mypalletizer_interfaces/msg/detail/mypal_angles__struct.h
[3.869s] -- Up-to-date symlink: /home/tyler/colcon_ws/install/mypalletizer_interfaces/include/mypalletizer_interfaces/mypalletizer_interfaces/msg/detail/mypal_angles__type_support.h
[3.870s] -- Up-to-date symlink: /home/tyler/colcon_ws/install/mypalletizer_interfaces/include/mypalletizer_interfaces/mypalletizer_interfaces/msg/detail/mypal_coords__functions.h
[3.870s] -- Up-to-date symlink: /home/tyler/colcon_ws/install/mypalletizer_interfaces/include/mypalletizer_interfaces/mypalletizer_interfaces/msg/detail/mypal_coords__struct.h
[3.870s] -- Up-to-date symlink: /home/tyler/colcon_ws/install/mypalletizer_interfaces/include/mypalletizer_interfaces/mypalletizer_interfaces/msg/detail/mypal_coords__type_support.h
[3.870s] -- Up-to-date symlink: /home/tyler/colcon_ws/install/mypalletizer_interfaces/include/mypalletizer_interfaces/mypalletizer_interfaces/msg/detail/mypal_gripper_status__functions.h
[3.871s] -- Up-to-date symlink: /home/tyler/colcon_ws/install/mypalletizer_interfaces/include/mypalletizer_interfaces/mypalletizer_interfaces/msg/detail/mypal_gripper_status__struct.h
[3.871s] -- Up-to-date symlink: /home/tyler/colcon_ws/install/mypalletizer_interfaces/include/mypalletizer_interfaces/mypalletizer_interfaces/msg/detail/mypal_gripper_status__type_support.h
[3.871s] -- Up-to-date symlink: /home/tyler/colcon_ws/install/mypalletizer_interfaces/include/mypalletizer_interfaces/mypalletizer_interfaces/msg/detail/mypal_pump_status__functions.h
[3.871s] -- Up-to-date symlink: /home/tyler/colcon_ws/install/mypalletizer_interfaces/include/mypalletizer_interfaces/mypalletizer_interfaces/msg/detail/mypal_pump_status__struct.h
[3.871s] -- Up-to-date symlink: /home/tyler/colcon_ws/install/mypalletizer_interfaces/include/mypalletizer_interfaces/mypalletizer_interfaces/msg/detail/mypal_pump_status__type_support.h
[3.871s] -- Up-to-date symlink: /home/tyler/colcon_ws/install/mypalletizer_interfaces/include/mypalletizer_interfaces/mypalletizer_interfaces/msg/detail/mypal_set_angles__functions.h
[3.872s] -- Up-to-date symlink: /home/tyler/colcon_ws/install/mypalletizer_interfaces/include/mypalletizer_interfaces/mypalletizer_interfaces/msg/detail/mypal_set_angles__struct.h
[3.872s] -- Up-to-date symlink: /home/tyler/colcon_ws/install/mypalletizer_interfaces/include/mypalletizer_interfaces/mypalletizer_interfaces/msg/detail/mypal_set_angles__type_support.h
[3.872s] -- Up-to-date symlink: /home/tyler/colcon_ws/install/mypalletizer_interfaces/include/mypalletizer_interfaces/mypalletizer_interfaces/msg/detail/mypal_set_coords__functions.h
[3.872s] -- Up-to-date symlink: /home/tyler/colcon_ws/install/mypalletizer_interfaces/include/mypalletizer_interfaces/mypalletizer_interfaces/msg/detail/mypal_set_coords__struct.h
[3.872s] -- Up-to-date symlink: /home/tyler/colcon_ws/install/mypalletizer_interfaces/include/mypalletizer_interfaces/mypalletizer_interfaces/msg/detail/mypal_set_coords__type_support.h
[3.873s] -- Up-to-date symlink: /home/tyler/colcon_ws/install/mypalletizer_interfaces/include/mypalletizer_interfaces/mypalletizer_interfaces/msg/mypal_angles.h
[3.875s] -- Up-to-date symlink: /home/tyler/colcon_ws/install/mypalletizer_interfaces/include/mypalletizer_interfaces/mypalletizer_interfaces/msg/mypal_coords.h
[3.876s] -- Up-to-date symlink: /home/tyler/colcon_ws/install/mypalletizer_interfaces/include/mypalletizer_interfaces/mypalletizer_interfaces/msg/mypal_gripper_status.h
[3.876s] -- Up-to-date symlink: /home/tyler/colcon_ws/install/mypalletizer_interfaces/include/mypalletizer_interfaces/mypalletizer_interfaces/msg/mypal_pump_status.h
[3.877s] -- Up-to-date symlink: /home/tyler/colcon_ws/install/mypalletizer_interfaces/include/mypalletizer_interfaces/mypalletizer_interfaces/msg/mypal_set_angles.h
[3.877s] -- Up-to-date symlink: /home/tyler/colcon_ws/install/mypalletizer_interfaces/include/mypalletizer_interfaces/mypalletizer_interfaces/msg/mypal_set_coords.h
[3.877s] -- Up-to-date symlink: /home/tyler/colcon_ws/install/mypalletizer_interfaces/include/mypalletizer_interfaces/mypalletizer_interfaces/msg/rosidl_generator_c__visibility_control.h
[3.877s] -- Up-to-date symlink: /home/tyler/colcon_ws/install/mypalletizer_interfaces/include/mypalletizer_interfaces/mypalletizer_interfaces/srv/detail/get_angles__functions.h
[3.877s] -- Up-to-date symlink: /home/tyler/colcon_ws/install/mypalletizer_interfaces/include/mypalletizer_interfaces/mypalletizer_interfaces/srv/detail/get_angles__struct.h
[3.877s] -- Up-to-date symlink: /home/tyler/colcon_ws/install/mypalletizer_interfaces/include/mypalletizer_interfaces/mypalletizer_interfaces/srv/detail/get_angles__type_support.h
[3.877s] -- Up-to-date symlink: /home/tyler/colcon_ws/install/mypalletizer_interfaces/include/mypalletizer_interfaces/mypalletizer_interfaces/srv/detail/get_coords__functions.h
[3.878s] -- Up-to-date symlink: /home/tyler/colcon_ws/install/mypalletizer_interfaces/include/mypalletizer_interfaces/mypalletizer_interfaces/srv/detail/get_coords__struct.h
[3.878s] -- Up-to-date symlink: /home/tyler/colcon_ws/install/mypalletizer_interfaces/include/mypalletizer_interfaces/mypalletizer_interfaces/srv/detail/get_coords__type_support.h
[3.878s] -- Up-to-date symlink: /home/tyler/colcon_ws/install/mypalletizer_interfaces/include/mypalletizer_interfaces/mypalletizer_interfaces/srv/detail/gripper_status__functions.h
[3.878s] -- Up-to-date symlink: /home/tyler/colcon_ws/install/mypalletizer_interfaces/include/mypalletizer_interfaces/mypalletizer_interfaces/srv/detail/gripper_status__struct.h
[3.878s] -- Up-to-date symlink: /home/tyler/colcon_ws/install/mypalletizer_interfaces/include/mypalletizer_interfaces/mypalletizer_interfaces/srv/detail/gripper_status__type_support.h
[3.878s] -- Up-to-date symlink: /home/tyler/colcon_ws/install/mypalletizer_interfaces/include/mypalletizer_interfaces/mypalletizer_interfaces/srv/detail/pump_status__functions.h
[3.878s] -- Up-to-date symlink: /home/tyler/colcon_ws/install/mypalletizer_interfaces/include/mypalletizer_interfaces/mypalletizer_interfaces/srv/detail/pump_status__struct.h
[3.878s] -- Up-to-date symlink: /home/tyler/colcon_ws/install/mypalletizer_interfaces/include/mypalletizer_interfaces/mypalletizer_interfaces/srv/detail/pump_status__type_support.h
[3.878s] -- Up-to-date symlink: /home/tyler/colcon_ws/install/mypalletizer_interfaces/include/mypalletizer_interfaces/mypalletizer_interfaces/srv/detail/set_angles__functions.h
[3.879s] -- Up-to-date symlink: /home/tyler/colcon_ws/install/mypalletizer_interfaces/include/mypalletizer_interfaces/mypalletizer_interfaces/srv/detail/set_angles__struct.h
[3.879s] -- Up-to-date symlink: /home/tyler/colcon_ws/install/mypalletizer_interfaces/include/mypalletizer_interfaces/mypalletizer_interfaces/srv/detail/set_angles__type_support.h
[3.879s] -- Up-to-date symlink: /home/tyler/colcon_ws/install/mypalletizer_interfaces/include/mypalletizer_interfaces/mypalletizer_interfaces/srv/detail/set_coords__functions.h
[3.879s] -- Up-to-date symlink: /home/tyler/colcon_ws/install/mypalletizer_interfaces/include/mypalletizer_interfaces/mypalletizer_interfaces/srv/detail/set_coords__struct.h
[3.879s] -- Up-to-date symlink: /home/tyler/colcon_ws/install/mypalletizer_interfaces/include/mypalletizer_interfaces/mypalletizer_interfaces/srv/detail/set_coords__type_support.h
[3.879s] -- Up-to-date symlink: /home/tyler/colcon_ws/install/mypalletizer_interfaces/include/mypalletizer_interfaces/mypalletizer_interfaces/srv/get_angles.h
[3.880s] -- Up-to-date symlink: /home/tyler/colcon_ws/install/mypalletizer_interfaces/include/mypalletizer_interfaces/mypalletizer_interfaces/srv/get_coords.h
[3.880s] -- Up-to-date symlink: /home/tyler/colcon_ws/install/mypalletizer_interfaces/include/mypalletizer_interfaces/mypalletizer_interfaces/srv/gripper_status.h
[3.880s] -- Up-to-date symlink: /home/tyler/colcon_ws/install/mypalletizer_interfaces/include/mypalletizer_interfaces/mypalletizer_interfaces/srv/pump_status.h
[3.880s] -- Up-to-date symlink: /home/tyler/colcon_ws/install/mypalletizer_interfaces/include/mypalletizer_interfaces/mypalletizer_interfaces/srv/set_angles.h
[3.881s] -- Up-to-date symlink: /home/tyler/colcon_ws/install/mypalletizer_interfaces/include/mypalletizer_interfaces/mypalletizer_interfaces/srv/set_coords.h
[3.881s] -- Up-to-date symlink: /home/tyler/colcon_ws/install/mypalletizer_interfaces/share/mypalletizer_interfaces/environment/library_path.sh
[3.881s] -- Up-to-date symlink: /home/tyler/colcon_ws/install/mypalletizer_interfaces/share/mypalletizer_interfaces/environment/library_path.dsv
[3.881s] -- Up-to-date symlink: /home/tyler/colcon_ws/install/mypalletizer_interfaces/include/mypalletizer_interfaces/mypalletizer_interfaces/msg/detail/mypal_angles__rosidl_typesupport_fastrtps_c.h
[3.881s] -- Up-to-date symlink: /home/tyler/colcon_ws/install/mypalletizer_interfaces/include/mypalletizer_interfaces/mypalletizer_interfaces/msg/detail/mypal_coords__rosidl_typesupport_fastrtps_c.h
[3.882s] -- Up-to-date symlink: /home/tyler/colcon_ws/install/mypalletizer_interfaces/include/mypalletizer_interfaces/mypalletizer_interfaces/msg/detail/mypal_gripper_status__rosidl_typesupport_fastrtps_c.h
[3.882s] -- Up-to-date symlink: /home/tyler/colcon_ws/install/mypalletizer_interfaces/include/mypalletizer_interfaces/mypalletizer_interfaces/msg/detail/mypal_pump_status__rosidl_typesupport_fastrtps_c.h
[3.882s] -- Up-to-date symlink: /home/tyler/colcon_ws/install/mypalletizer_interfaces/include/mypalletizer_interfaces/mypalletizer_interfaces/msg/detail/mypal_set_angles__rosidl_typesupport_fastrtps_c.h
[3.882s] -- Up-to-date symlink: /home/tyler/colcon_ws/install/mypalletizer_interfaces/include/mypalletizer_interfaces/mypalletizer_interfaces/msg/detail/mypal_set_coords__rosidl_typesupport_fastrtps_c.h
[3.882s] -- Up-to-date symlink: /home/tyler/colcon_ws/install/mypalletizer_interfaces/include/mypalletizer_interfaces/mypalletizer_interfaces/msg/rosidl_typesupport_fastrtps_c__visibility_control.h
[3.882s] -- Up-to-date symlink: /home/tyler/colcon_ws/install/mypalletizer_interfaces/include/mypalletizer_interfaces/mypalletizer_interfaces/srv/detail/get_angles__rosidl_typesupport_fastrtps_c.h
[3.883s] -- Up-to-date symlink: /home/tyler/colcon_ws/install/mypalletizer_interfaces/include/mypalletizer_interfaces/mypalletizer_interfaces/srv/detail/get_coords__rosidl_typesupport_fastrtps_c.h
[3.883s] -- Up-to-date symlink: /home/tyler/colcon_ws/install/mypalletizer_interfaces/include/mypalletizer_interfaces/mypalletizer_interfaces/srv/detail/gripper_status__rosidl_typesupport_fastrtps_c.h
[3.883s] -- Up-to-date symlink: /home/tyler/colcon_ws/install/mypalletizer_interfaces/include/mypalletizer_interfaces/mypalletizer_interfaces/srv/detail/pump_status__rosidl_typesupport_fastrtps_c.h
[3.883s] -- Up-to-date symlink: /home/tyler/colcon_ws/install/mypalletizer_interfaces/include/mypalletizer_interfaces/mypalletizer_interfaces/srv/detail/set_angles__rosidl_typesupport_fastrtps_c.h
[3.883s] -- Up-to-date symlink: /home/tyler/colcon_ws/install/mypalletizer_interfaces/include/mypalletizer_interfaces/mypalletizer_interfaces/srv/detail/set_coords__rosidl_typesupport_fastrtps_c.h
[3.883s] -- Up-to-date symlink: /home/tyler/colcon_ws/install/mypalletizer_interfaces/include/mypalletizer_interfaces/mypalletizer_interfaces/msg/detail/mypal_angles__rosidl_typesupport_introspection_c.h
[3.883s] -- Up-to-date symlink: /home/tyler/colcon_ws/install/mypalletizer_interfaces/include/mypalletizer_interfaces/mypalletizer_interfaces/msg/detail/mypal_coords__rosidl_typesupport_introspection_c.h
[3.883s] -- Up-to-date symlink: /home/tyler/colcon_ws/install/mypalletizer_interfaces/include/mypalletizer_interfaces/mypalletizer_interfaces/msg/detail/mypal_gripper_status__rosidl_typesupport_introspection_c.h
[3.883s] -- Up-to-date symlink: /home/tyler/colcon_ws/install/mypalletizer_interfaces/include/mypalletizer_interfaces/mypalletizer_interfaces/msg/detail/mypal_pump_status__rosidl_typesupport_introspection_c.h
[3.884s] -- Up-to-date symlink: /home/tyler/colcon_ws/install/mypalletizer_interfaces/include/mypalletizer_interfaces/mypalletizer_interfaces/msg/detail/mypal_set_angles__rosidl_typesupport_introspection_c.h
[3.884s] -- Up-to-date symlink: /home/tyler/colcon_ws/install/mypalletizer_interfaces/include/mypalletizer_interfaces/mypalletizer_interfaces/msg/detail/mypal_set_coords__rosidl_typesupport_introspection_c.h
[3.884s] -- Up-to-date symlink: /home/tyler/colcon_ws/install/mypalletizer_interfaces/include/mypalletizer_interfaces/mypalletizer_interfaces/msg/rosidl_typesupport_introspection_c__visibility_control.h
[3.884s] -- Up-to-date symlink: /home/tyler/colcon_ws/install/mypalletizer_interfaces/include/mypalletizer_interfaces/mypalletizer_interfaces/srv/detail/get_angles__rosidl_typesupport_introspection_c.h
[3.884s] -- Up-to-date symlink: /home/tyler/colcon_ws/install/mypalletizer_interfaces/include/mypalletizer_interfaces/mypalletizer_interfaces/srv/detail/get_coords__rosidl_typesupport_introspection_c.h
[3.884s] -- Up-to-date symlink: /home/tyler/colcon_ws/install/mypalletizer_interfaces/include/mypalletizer_interfaces/mypalletizer_interfaces/srv/detail/gripper_status__rosidl_typesupport_introspection_c.h
[3.885s] -- Up-to-date symlink: /home/tyler/colcon_ws/install/mypalletizer_interfaces/include/mypalletizer_interfaces/mypalletizer_interfaces/srv/detail/pump_status__rosidl_typesupport_introspection_c.h
[3.885s] -- Up-to-date symlink: /home/tyler/colcon_ws/install/mypalletizer_interfaces/include/mypalletizer_interfaces/mypalletizer_interfaces/srv/detail/set_angles__rosidl_typesupport_introspection_c.h
[3.888s] -- Up-to-date symlink: /home/tyler/colcon_ws/install/mypalletizer_interfaces/include/mypalletizer_interfaces/mypalletizer_interfaces/srv/detail/set_coords__rosidl_typesupport_introspection_c.h
[3.888s] -- Up-to-date symlink: /home/tyler/colcon_ws/install/mypalletizer_interfaces/include/mypalletizer_interfaces/mypalletizer_interfaces/msg/detail/mypal_angles__builder.hpp
[3.891s] -- Up-to-date symlink: /home/tyler/colcon_ws/install/mypalletizer_interfaces/include/mypalletizer_interfaces/mypalletizer_interfaces/msg/detail/mypal_angles__struct.hpp
[3.891s] -- Up-to-date symlink: /home/tyler/colcon_ws/install/mypalletizer_interfaces/include/mypalletizer_interfaces/mypalletizer_interfaces/msg/detail/mypal_angles__traits.hpp
[3.892s] -- Up-to-date symlink: /home/tyler/colcon_ws/install/mypalletizer_interfaces/include/mypalletizer_interfaces/mypalletizer_interfaces/msg/detail/mypal_coords__builder.hpp
[3.892s] -- Up-to-date symlink: /home/tyler/colcon_ws/install/mypalletizer_interfaces/include/mypalletizer_interfaces/mypalletizer_interfaces/msg/detail/mypal_coords__struct.hpp
[3.892s] -- Up-to-date symlink: /home/tyler/colcon_ws/install/mypalletizer_interfaces/include/mypalletizer_interfaces/mypalletizer_interfaces/msg/detail/mypal_coords__traits.hpp
[3.896s] -- Up-to-date symlink: /home/tyler/colcon_ws/install/mypalletizer_interfaces/include/mypalletizer_interfaces/mypalletizer_interfaces/msg/detail/mypal_gripper_status__builder.hpp
[3.896s] -- Up-to-date symlink: /home/tyler/colcon_ws/install/mypalletizer_interfaces/include/mypalletizer_interfaces/mypalletizer_interfaces/msg/detail/mypal_gripper_status__struct.hpp
[3.896s] -- Up-to-date symlink: /home/tyler/colcon_ws/install/mypalletizer_interfaces/include/mypalletizer_interfaces/mypalletizer_interfaces/msg/detail/mypal_gripper_status__traits.hpp
[3.896s] -- Up-to-date symlink: /home/tyler/colcon_ws/install/mypalletizer_interfaces/include/mypalletizer_interfaces/mypalletizer_interfaces/msg/detail/mypal_pump_status__builder.hpp
[3.896s] -- Up-to-date symlink: /home/tyler/colcon_ws/install/mypalletizer_interfaces/include/mypalletizer_interfaces/mypalletizer_interfaces/msg/detail/mypal_pump_status__struct.hpp
[3.896s] -- Up-to-date symlink: /home/tyler/colcon_ws/install/mypalletizer_interfaces/include/mypalletizer_interfaces/mypalletizer_interfaces/msg/detail/mypal_pump_status__traits.hpp
[3.896s] -- Up-to-date symlink: /home/tyler/colcon_ws/install/mypalletizer_interfaces/include/mypalletizer_interfaces/mypalletizer_interfaces/msg/detail/mypal_set_angles__builder.hpp
[3.897s] -- Up-to-date symlink: /home/tyler/colcon_ws/install/mypalletizer_interfaces/include/mypalletizer_interfaces/mypalletizer_interfaces/msg/detail/mypal_set_angles__struct.hpp
[3.897s] -- Up-to-date symlink: /home/tyler/colcon_ws/install/mypalletizer_interfaces/include/mypalletizer_interfaces/mypalletizer_interfaces/msg/detail/mypal_set_angles__traits.hpp
[3.897s] -- Up-to-date symlink: /home/tyler/colcon_ws/install/mypalletizer_interfaces/include/mypalletizer_interfaces/mypalletizer_interfaces/msg/detail/mypal_set_coords__builder.hpp
[3.897s] -- Up-to-date symlink: /home/tyler/colcon_ws/install/mypalletizer_interfaces/include/mypalletizer_interfaces/mypalletizer_interfaces/msg/detail/mypal_set_coords__struct.hpp
[3.897s] -- Up-to-date symlink: /home/tyler/colcon_ws/install/mypalletizer_interfaces/include/mypalletizer_interfaces/mypalletizer_interfaces/msg/detail/mypal_set_coords__traits.hpp
[3.897s] -- Up-to-date symlink: /home/tyler/colcon_ws/install/mypalletizer_interfaces/include/mypalletizer_interfaces/mypalletizer_interfaces/msg/mypal_angles.hpp
[3.898s] -- Up-to-date symlink: /home/tyler/colcon_ws/install/mypalletizer_interfaces/include/mypalletizer_interfaces/mypalletizer_interfaces/msg/mypal_coords.hpp
[3.898s] -- Up-to-date symlink: /home/tyler/colcon_ws/install/mypalletizer_interfaces/include/mypalletizer_interfaces/mypalletizer_interfaces/msg/mypal_gripper_status.hpp
[3.898s] -- Up-to-date symlink: /home/tyler/colcon_ws/install/mypalletizer_interfaces/include/mypalletizer_interfaces/mypalletizer_interfaces/msg/mypal_pump_status.hpp
[3.898s] -- Up-to-date symlink: /home/tyler/colcon_ws/install/mypalletizer_interfaces/include/mypalletizer_interfaces/mypalletizer_interfaces/msg/mypal_set_angles.hpp
[3.898s] -- Up-to-date symlink: /home/tyler/colcon_ws/install/mypalletizer_interfaces/include/mypalletizer_interfaces/mypalletizer_interfaces/msg/mypal_set_coords.hpp
[3.898s] -- Up-to-date symlink: /home/tyler/colcon_ws/install/mypalletizer_interfaces/include/mypalletizer_interfaces/mypalletizer_interfaces/srv/detail/get_angles__builder.hpp
[3.898s] -- Up-to-date symlink: /home/tyler/colcon_ws/install/mypalletizer_interfaces/include/mypalletizer_interfaces/mypalletizer_interfaces/srv/detail/get_angles__struct.hpp
[3.898s] -- Up-to-date symlink: /home/tyler/colcon_ws/install/mypalletizer_interfaces/include/mypalletizer_interfaces/mypalletizer_interfaces/srv/detail/get_angles__traits.hpp
[3.898s] -- Up-to-date symlink: /home/tyler/colcon_ws/install/mypalletizer_interfaces/include/mypalletizer_interfaces/mypalletizer_interfaces/srv/detail/get_coords__builder.hpp
[3.898s] -- Up-to-date symlink: /home/tyler/colcon_ws/install/mypalletizer_interfaces/include/mypalletizer_interfaces/mypalletizer_interfaces/srv/detail/get_coords__struct.hpp
[3.898s] -- Up-to-date symlink: /home/tyler/colcon_ws/install/mypalletizer_interfaces/include/mypalletizer_interfaces/mypalletizer_interfaces/srv/detail/get_coords__traits.hpp
[3.899s] -- Up-to-date symlink: /home/tyler/colcon_ws/install/mypalletizer_interfaces/include/mypalletizer_interfaces/mypalletizer_interfaces/srv/detail/gripper_status__builder.hpp
[3.899s] -- Up-to-date symlink: /home/tyler/colcon_ws/install/mypalletizer_interfaces/include/mypalletizer_interfaces/mypalletizer_interfaces/srv/detail/gripper_status__struct.hpp
[3.899s] -- Up-to-date symlink: /home/tyler/colcon_ws/install/mypalletizer_interfaces/include/mypalletizer_interfaces/mypalletizer_interfaces/srv/detail/gripper_status__traits.hpp
[3.899s] -- Up-to-date symlink: /home/tyler/colcon_ws/install/mypalletizer_interfaces/include/mypalletizer_interfaces/mypalletizer_interfaces/srv/detail/pump_status__builder.hpp
[3.899s] -- Up-to-date symlink: /home/tyler/colcon_ws/install/mypalletizer_interfaces/include/mypalletizer_interfaces/mypalletizer_interfaces/srv/detail/pump_status__struct.hpp
[3.900s] -- Up-to-date symlink: /home/tyler/colcon_ws/install/mypalletizer_interfaces/include/mypalletizer_interfaces/mypalletizer_interfaces/srv/detail/pump_status__traits.hpp
[3.900s] -- Up-to-date symlink: /home/tyler/colcon_ws/install/mypalletizer_interfaces/include/mypalletizer_interfaces/mypalletizer_interfaces/srv/detail/set_angles__builder.hpp
[3.901s] -- Up-to-date symlink: /home/tyler/colcon_ws/install/mypalletizer_interfaces/include/mypalletizer_interfaces/mypalletizer_interfaces/srv/detail/set_angles__struct.hpp
[3.901s] -- Up-to-date symlink: /home/tyler/colcon_ws/install/mypalletizer_interfaces/include/mypalletizer_interfaces/mypalletizer_interfaces/srv/detail/set_angles__traits.hpp
[3.901s] -- Up-to-date symlink: /home/tyler/colcon_ws/install/mypalletizer_interfaces/include/mypalletizer_interfaces/mypalletizer_interfaces/srv/detail/set_coords__builder.hpp
[3.901s] -- Up-to-date symlink: /home/tyler/colcon_ws/install/mypalletizer_interfaces/include/mypalletizer_interfaces/mypalletizer_interfaces/srv/detail/set_coords__struct.hpp
[3.901s] -- Up-to-date symlink: /home/tyler/colcon_ws/install/mypalletizer_interfaces/include/mypalletizer_interfaces/mypalletizer_interfaces/srv/detail/set_coords__traits.hpp
[3.901s] -- Up-to-date symlink: /home/tyler/colcon_ws/install/mypalletizer_interfaces/include/mypalletizer_interfaces/mypalletizer_interfaces/srv/get_angles.hpp
[3.902s] -- Up-to-date symlink: /home/tyler/colcon_ws/install/mypalletizer_interfaces/include/mypalletizer_interfaces/mypalletizer_interfaces/srv/get_coords.hpp
[3.902s] -- Up-to-date symlink: /home/tyler/colcon_ws/install/mypalletizer_interfaces/include/mypalletizer_interfaces/mypalletizer_interfaces/srv/gripper_status.hpp
[3.902s] -- Up-to-date symlink: /home/tyler/colcon_ws/install/mypalletizer_interfaces/include/mypalletizer_interfaces/mypalletizer_interfaces/srv/pump_status.hpp
[3.902s] -- Up-to-date symlink: /home/tyler/colcon_ws/install/mypalletizer_interfaces/include/mypalletizer_interfaces/mypalletizer_interfaces/srv/set_angles.hpp
[3.902s] -- Up-to-date symlink: /home/tyler/colcon_ws/install/mypalletizer_interfaces/include/mypalletizer_interfaces/mypalletizer_interfaces/srv/set_coords.hpp
[3.903s] -- Up-to-date symlink: /home/tyler/colcon_ws/install/mypalletizer_interfaces/include/mypalletizer_interfaces/mypalletizer_interfaces/msg/detail/mypal_angles__rosidl_typesupport_fastrtps_cpp.hpp
[3.903s] -- Up-to-date symlink: /home/tyler/colcon_ws/install/mypalletizer_interfaces/include/mypalletizer_interfaces/mypalletizer_interfaces/msg/detail/mypal_coords__rosidl_typesupport_fastrtps_cpp.hpp
[3.903s] -- Up-to-date symlink: /home/tyler/colcon_ws/install/mypalletizer_interfaces/include/mypalletizer_interfaces/mypalletizer_interfaces/msg/detail/mypal_gripper_status__rosidl_typesupport_fastrtps_cpp.hpp
[3.904s] -- Up-to-date symlink: /home/tyler/colcon_ws/install/mypalletizer_interfaces/include/mypalletizer_interfaces/mypalletizer_interfaces/msg/detail/mypal_pump_status__rosidl_typesupport_fastrtps_cpp.hpp
[3.904s] -- Up-to-date symlink: /home/tyler/colcon_ws/install/mypalletizer_interfaces/include/mypalletizer_interfaces/mypalletizer_interfaces/msg/detail/mypal_set_angles__rosidl_typesupport_fastrtps_cpp.hpp
[3.904s] -- Up-to-date symlink: /home/tyler/colcon_ws/install/mypalletizer_interfaces/include/mypalletizer_interfaces/mypalletizer_interfaces/msg/detail/mypal_set_coords__rosidl_typesupport_fastrtps_cpp.hpp
[3.904s] -- Up-to-date symlink: /home/tyler/colcon_ws/install/mypalletizer_interfaces/include/mypalletizer_interfaces/mypalletizer_interfaces/msg/rosidl_typesupport_fastrtps_cpp__visibility_control.h
[3.904s] -- Up-to-date symlink: /home/tyler/colcon_ws/install/mypalletizer_interfaces/include/mypalletizer_interfaces/mypalletizer_interfaces/srv/detail/get_angles__rosidl_typesupport_fastrtps_cpp.hpp
[3.905s] -- Up-to-date symlink: /home/tyler/colcon_ws/install/mypalletizer_interfaces/include/mypalletizer_interfaces/mypalletizer_interfaces/srv/detail/get_coords__rosidl_typesupport_fastrtps_cpp.hpp
[3.905s] -- Up-to-date symlink: /home/tyler/colcon_ws/install/mypalletizer_interfaces/include/mypalletizer_interfaces/mypalletizer_interfaces/srv/detail/gripper_status__rosidl_typesupport_fastrtps_cpp.hpp
[3.905s] -- Up-to-date symlink: /home/tyler/colcon_ws/install/mypalletizer_interfaces/include/mypalletizer_interfaces/mypalletizer_interfaces/srv/detail/pump_status__rosidl_typesupport_fastrtps_cpp.hpp
[3.905s] -- Up-to-date symlink: /home/tyler/colcon_ws/install/mypalletizer_interfaces/include/mypalletizer_interfaces/mypalletizer_interfaces/srv/detail/set_angles__rosidl_typesupport_fastrtps_cpp.hpp
[3.905s] -- Up-to-date symlink: /home/tyler/colcon_ws/install/mypalletizer_interfaces/include/mypalletizer_interfaces/mypalletizer_interfaces/srv/detail/set_coords__rosidl_typesupport_fastrtps_cpp.hpp
[3.906s] -- Up-to-date symlink: /home/tyler/colcon_ws/install/mypalletizer_interfaces/include/mypalletizer_interfaces/mypalletizer_interfaces/msg/detail/mypal_angles__rosidl_typesupport_introspection_cpp.hpp
[3.908s] -- Up-to-date symlink: /home/tyler/colcon_ws/install/mypalletizer_interfaces/include/mypalletizer_interfaces/mypalletizer_interfaces/msg/detail/mypal_coords__rosidl_typesupport_introspection_cpp.hpp
[3.908s] -- Up-to-date symlink: /home/tyler/colcon_ws/install/mypalletizer_interfaces/include/mypalletizer_interfaces/mypalletizer_interfaces/msg/detail/mypal_gripper_status__rosidl_typesupport_introspection_cpp.hpp
[3.909s] -- Up-to-date symlink: /home/tyler/colcon_ws/install/mypalletizer_interfaces/include/mypalletizer_interfaces/mypalletizer_interfaces/msg/detail/mypal_pump_status__rosidl_typesupport_introspection_cpp.hpp
[3.909s] -- Up-to-date symlink: /home/tyler/colcon_ws/install/mypalletizer_interfaces/include/mypalletizer_interfaces/mypalletizer_interfaces/msg/detail/mypal_set_angles__rosidl_typesupport_introspection_cpp.hpp
[3.909s] -- Up-to-date symlink: /home/tyler/colcon_ws/install/mypalletizer_interfaces/include/mypalletizer_interfaces/mypalletizer_interfaces/msg/detail/mypal_set_coords__rosidl_typesupport_introspection_cpp.hpp
[3.910s] -- Up-to-date symlink: /home/tyler/colcon_ws/install/mypalletizer_interfaces/include/mypalletizer_interfaces/mypalletizer_interfaces/srv/detail/get_angles__rosidl_typesupport_introspection_cpp.hpp
[3.910s] -- Up-to-date symlink: /home/tyler/colcon_ws/install/mypalletizer_interfaces/include/mypalletizer_interfaces/mypalletizer_interfaces/srv/detail/get_coords__rosidl_typesupport_introspection_cpp.hpp
[3.911s] -- Up-to-date symlink: /home/tyler/colcon_ws/install/mypalletizer_interfaces/include/mypalletizer_interfaces/mypalletizer_interfaces/srv/detail/gripper_status__rosidl_typesupport_introspection_cpp.hpp
[3.911s] -- Up-to-date symlink: /home/tyler/colcon_ws/install/mypalletizer_interfaces/include/mypalletizer_interfaces/mypalletizer_interfaces/srv/detail/pump_status__rosidl_typesupport_introspection_cpp.hpp
[3.911s] -- Up-to-date symlink: /home/tyler/colcon_ws/install/mypalletizer_interfaces/include/mypalletizer_interfaces/mypalletizer_interfaces/srv/detail/set_angles__rosidl_typesupport_introspection_cpp.hpp
[3.911s] -- Up-to-date symlink: /home/tyler/colcon_ws/install/mypalletizer_interfaces/include/mypalletizer_interfaces/mypalletizer_interfaces/srv/detail/set_coords__rosidl_typesupport_introspection_cpp.hpp
[3.911s] -- Up-to-date symlink: /home/tyler/colcon_ws/install/mypalletizer_interfaces/share/mypalletizer_interfaces/environment/pythonpath.sh
[3.913s] -- Up-to-date symlink: /home/tyler/colcon_ws/install/mypalletizer_interfaces/share/mypalletizer_interfaces/environment/pythonpath.dsv
[3.915s] -- Up-to-date symlink: /home/tyler/colcon_ws/install/mypalletizer_interfaces/local/lib/python3.10/dist-packages/mypalletizer_interfaces-0.0.0-py3.10.egg-info/PKG-INFO
[3.919s] -- Up-to-date symlink: /home/tyler/colcon_ws/install/mypalletizer_interfaces/local/lib/python3.10/dist-packages/mypalletizer_interfaces-0.0.0-py3.10.egg-info/SOURCES.txt
[3.919s] -- Up-to-date symlink: /home/tyler/colcon_ws/install/mypalletizer_interfaces/local/lib/python3.10/dist-packages/mypalletizer_interfaces-0.0.0-py3.10.egg-info/dependency_links.txt
[3.919s] -- Up-to-date symlink: /home/tyler/colcon_ws/install/mypalletizer_interfaces/local/lib/python3.10/dist-packages/mypalletizer_interfaces-0.0.0-py3.10.egg-info/top_level.txt
[3.920s] -- Up-to-date symlink: /home/tyler/colcon_ws/install/mypalletizer_interfaces/local/lib/python3.10/dist-packages/mypalletizer_interfaces/__init__.py
[3.920s] -- Up-to-date symlink: /home/tyler/colcon_ws/install/mypalletizer_interfaces/local/lib/python3.10/dist-packages/mypalletizer_interfaces/_mypalletizer_interfaces_s.ep.rosidl_typesupport_c.c
[3.920s] -- Up-to-date symlink: /home/tyler/colcon_ws/install/mypalletizer_interfaces/local/lib/python3.10/dist-packages/mypalletizer_interfaces/_mypalletizer_interfaces_s.ep.rosidl_typesupport_fastrtps_c.c
[3.920s] -- Up-to-date symlink: /home/tyler/colcon_ws/install/mypalletizer_interfaces/local/lib/python3.10/dist-packages/mypalletizer_interfaces/_mypalletizer_interfaces_s.ep.rosidl_typesupport_introspection_c.c
[3.920s] -- Up-to-date symlink: /home/tyler/colcon_ws/install/mypalletizer_interfaces/local/lib/python3.10/dist-packages/mypalletizer_interfaces/libmypalletizer_interfaces__rosidl_generator_py.so
[3.921s] -- Up-to-date symlink: /home/tyler/colcon_ws/install/mypalletizer_interfaces/local/lib/python3.10/dist-packages/mypalletizer_interfaces/msg/__init__.py
[3.921s] -- Up-to-date symlink: /home/tyler/colcon_ws/install/mypalletizer_interfaces/local/lib/python3.10/dist-packages/mypalletizer_interfaces/msg/_mypal_angles.py
[3.925s] -- Up-to-date symlink: /home/tyler/colcon_ws/install/mypalletizer_interfaces/local/lib/python3.10/dist-packages/mypalletizer_interfaces/msg/_mypal_angles_s.c
[3.926s] -- Up-to-date symlink: /home/tyler/colcon_ws/install/mypalletizer_interfaces/local/lib/python3.10/dist-packages/mypalletizer_interfaces/msg/_mypal_coords.py
[3.926s] -- Up-to-date symlink: /home/tyler/colcon_ws/install/mypalletizer_interfaces/local/lib/python3.10/dist-packages/mypalletizer_interfaces/msg/_mypal_coords_s.c
[3.926s] -- Up-to-date symlink: /home/tyler/colcon_ws/install/mypalletizer_interfaces/local/lib/python3.10/dist-packages/mypalletizer_interfaces/msg/_mypal_gripper_status.py
[3.928s] -- Up-to-date symlink: /home/tyler/colcon_ws/install/mypalletizer_interfaces/local/lib/python3.10/dist-packages/mypalletizer_interfaces/msg/_mypal_gripper_status_s.c
[3.929s] -- Up-to-date symlink: /home/tyler/colcon_ws/install/mypalletizer_interfaces/local/lib/python3.10/dist-packages/mypalletizer_interfaces/msg/_mypal_pump_status.py
[3.930s] -- Up-to-date symlink: /home/tyler/colcon_ws/install/mypalletizer_interfaces/local/lib/python3.10/dist-packages/mypalletizer_interfaces/msg/_mypal_pump_status_s.c
[3.930s] -- Up-to-date symlink: /home/tyler/colcon_ws/install/mypalletizer_interfaces/local/lib/python3.10/dist-packages/mypalletizer_interfaces/msg/_mypal_set_angles.py
[3.930s] -- Up-to-date symlink: /home/tyler/colcon_ws/install/mypalletizer_interfaces/local/lib/python3.10/dist-packages/mypalletizer_interfaces/msg/_mypal_set_angles_s.c
[3.930s] -- Up-to-date symlink: /home/tyler/colcon_ws/install/mypalletizer_interfaces/local/lib/python3.10/dist-packages/mypalletizer_interfaces/msg/_mypal_set_coords.py
[3.931s] -- Up-to-date symlink: /home/tyler/colcon_ws/install/mypalletizer_interfaces/local/lib/python3.10/dist-packages/mypalletizer_interfaces/msg/_mypal_set_coords_s.c
[3.932s] -- Up-to-date symlink: /home/tyler/colcon_ws/install/mypalletizer_interfaces/local/lib/python3.10/dist-packages/mypalletizer_interfaces/mypalletizer_interfaces_s__rosidl_typesupport_c.cpython-310-x86_64-linux-gnu.so
[3.932s] -- Up-to-date symlink: /home/tyler/colcon_ws/install/mypalletizer_interfaces/local/lib/python3.10/dist-packages/mypalletizer_interfaces/mypalletizer_interfaces_s__rosidl_typesupport_fastrtps_c.cpython-310-x86_64-linux-gnu.so
[3.932s] -- Up-to-date symlink: /home/tyler/colcon_ws/install/mypalletizer_interfaces/local/lib/python3.10/dist-packages/mypalletizer_interfaces/mypalletizer_interfaces_s__rosidl_typesupport_introspection_c.cpython-310-x86_64-linux-gnu.so
[3.932s] -- Up-to-date symlink: /home/tyler/colcon_ws/install/mypalletizer_interfaces/local/lib/python3.10/dist-packages/mypalletizer_interfaces/srv/__init__.py
[3.932s] -- Up-to-date symlink: /home/tyler/colcon_ws/install/mypalletizer_interfaces/local/lib/python3.10/dist-packages/mypalletizer_interfaces/srv/_get_angles.py
[3.933s] -- Up-to-date symlink: /home/tyler/colcon_ws/install/mypalletizer_interfaces/local/lib/python3.10/dist-packages/mypalletizer_interfaces/srv/_get_angles_s.c
[3.933s] -- Up-to-date symlink: /home/tyler/colcon_ws/install/mypalletizer_interfaces/local/lib/python3.10/dist-packages/mypalletizer_interfaces/srv/_get_coords.py
[3.933s] -- Up-to-date symlink: /home/tyler/colcon_ws/install/mypalletizer_interfaces/local/lib/python3.10/dist-packages/mypalletizer_interfaces/srv/_get_coords_s.c
[3.933s] -- Up-to-date symlink: /home/tyler/colcon_ws/install/mypalletizer_interfaces/local/lib/python3.10/dist-packages/mypalletizer_interfaces/srv/_gripper_status.py
[3.933s] -- Up-to-date symlink: /home/tyler/colcon_ws/install/mypalletizer_interfaces/local/lib/python3.10/dist-packages/mypalletizer_interfaces/srv/_gripper_status_s.c
[3.934s] -- Up-to-date symlink: /home/tyler/colcon_ws/install/mypalletizer_interfaces/local/lib/python3.10/dist-packages/mypalletizer_interfaces/srv/_pump_status.py
[3.934s] -- Up-to-date symlink: /home/tyler/colcon_ws/install/mypalletizer_interfaces/local/lib/python3.10/dist-packages/mypalletizer_interfaces/srv/_pump_status_s.c
[3.934s] -- Up-to-date symlink: /home/tyler/colcon_ws/install/mypalletizer_interfaces/local/lib/python3.10/dist-packages/mypalletizer_interfaces/srv/_set_angles.py
[3.934s] -- Up-to-date symlink: /home/tyler/colcon_ws/install/mypalletizer_interfaces/local/lib/python3.10/dist-packages/mypalletizer_interfaces/srv/_set_angles_s.c
[3.934s] -- Up-to-date symlink: /home/tyler/colcon_ws/install/mypalletizer_interfaces/local/lib/python3.10/dist-packages/mypalletizer_interfaces/srv/_set_coords.py
[3.935s] -- Up-to-date symlink: /home/tyler/colcon_ws/install/mypalletizer_interfaces/local/lib/python3.10/dist-packages/mypalletizer_interfaces/srv/_set_coords_s.c
[3.935s] -- Up-to-date symlink: /home/tyler/colcon_ws/install/mypalletizer_interfaces/local/lib/python3.10/dist-packages/mypalletizer_interfaces/mypalletizer_interfaces_s__rosidl_typesupport_fastrtps_c.cpython-310-x86_64-linux-gnu.so
[3.937s] -- Up-to-date symlink: /home/tyler/colcon_ws/install/mypalletizer_interfaces/local/lib/python3.10/dist-packages/mypalletizer_interfaces/mypalletizer_interfaces_s__rosidl_typesupport_introspection_c.cpython-310-x86_64-linux-gnu.so
[3.938s] -- Up-to-date symlink: /home/tyler/colcon_ws/install/mypalletizer_interfaces/local/lib/python3.10/dist-packages/mypalletizer_interfaces/mypalletizer_interfaces_s__rosidl_typesupport_c.cpython-310-x86_64-linux-gnu.so
[3.938s] -- Up-to-date symlink: /home/tyler/colcon_ws/install/mypalletizer_interfaces/share/mypalletizer_interfaces/msg/MypalAngles.idl
[3.940s] -- Up-to-date symlink: /home/tyler/colcon_ws/install/mypalletizer_interfaces/share/mypalletizer_interfaces/msg/MypalCoords.idl
[3.940s] -- Up-to-date symlink: /home/tyler/colcon_ws/install/mypalletizer_interfaces/share/mypalletizer_interfaces/msg/MypalSetAngles.idl
[3.940s] -- Up-to-date symlink: /home/tyler/colcon_ws/install/mypalletizer_interfaces/share/mypalletizer_interfaces/msg/MypalSetCoords.idl
[3.940s] -- Up-to-date symlink: /home/tyler/colcon_ws/install/mypalletizer_interfaces/share/mypalletizer_interfaces/msg/MypalGripperStatus.idl
[3.941s] -- Up-to-date symlink: /home/tyler/colcon_ws/install/mypalletizer_interfaces/share/mypalletizer_interfaces/msg/MypalPumpStatus.idl
[3.941s] -- Up-to-date symlink: /home/tyler/colcon_ws/install/mypalletizer_interfaces/share/mypalletizer_interfaces/srv/GetAngles.idl
[3.941s] -- Up-to-date symlink: /home/tyler/colcon_ws/install/mypalletizer_interfaces/share/mypalletizer_interfaces/srv/SetAngles.idl
[3.941s] -- Up-to-date symlink: /home/tyler/colcon_ws/install/mypalletizer_interfaces/share/mypalletizer_interfaces/srv/GetCoords.idl
[3.941s] -- Up-to-date symlink: /home/tyler/colcon_ws/install/mypalletizer_interfaces/share/mypalletizer_interfaces/srv/SetCoords.idl
[3.941s] -- Up-to-date symlink: /home/tyler/colcon_ws/install/mypalletizer_interfaces/share/mypalletizer_interfaces/srv/GripperStatus.idl
[3.941s] -- Up-to-date symlink: /home/tyler/colcon_ws/install/mypalletizer_interfaces/share/mypalletizer_interfaces/srv/PumpStatus.idl
[3.941s] -- Up-to-date symlink: /home/tyler/colcon_ws/install/mypalletizer_interfaces/share/mypalletizer_interfaces/msg/MypalAngles.msg
[3.941s] -- Up-to-date symlink: /home/tyler/colcon_ws/install/mypalletizer_interfaces/share/mypalletizer_interfaces/msg/MypalCoords.msg
[3.941s] -- Up-to-date symlink: /home/tyler/colcon_ws/install/mypalletizer_interfaces/share/mypalletizer_interfaces/msg/MypalSetAngles.msg
[3.941s] -- Up-to-date symlink: /home/tyler/colcon_ws/install/mypalletizer_interfaces/share/mypalletizer_interfaces/msg/MypalSetCoords.msg
[3.941s] -- Up-to-date symlink: /home/tyler/colcon_ws/install/mypalletizer_interfaces/share/mypalletizer_interfaces/msg/MypalGripperStatus.msg
[3.942s] -- Up-to-date symlink: /home/tyler/colcon_ws/install/mypalletizer_interfaces/share/mypalletizer_interfaces/msg/MypalPumpStatus.msg
[3.942s] -- Up-to-date symlink: /home/tyler/colcon_ws/install/mypalletizer_interfaces/share/mypalletizer_interfaces/srv/GetAngles.srv
[3.942s] -- Up-to-date symlink: /home/tyler/colcon_ws/install/mypalletizer_interfaces/share/mypalletizer_interfaces/srv/GetAngles_Request.msg
[3.942s] -- Up-to-date symlink: /home/tyler/colcon_ws/install/mypalletizer_interfaces/share/mypalletizer_interfaces/srv/GetAngles_Response.msg
[3.943s] -- Up-to-date symlink: /home/tyler/colcon_ws/install/mypalletizer_interfaces/share/mypalletizer_interfaces/srv/SetAngles.srv
[3.943s] -- Up-to-date symlink: /home/tyler/colcon_ws/install/mypalletizer_interfaces/share/mypalletizer_interfaces/srv/SetAngles_Request.msg
[3.944s] -- Up-to-date symlink: /home/tyler/colcon_ws/install/mypalletizer_interfaces/share/mypalletizer_interfaces/srv/SetAngles_Response.msg
[3.944s] -- Up-to-date symlink: /home/tyler/colcon_ws/install/mypalletizer_interfaces/share/mypalletizer_interfaces/srv/GetCoords.srv
[3.944s] -- Up-to-date symlink: /home/tyler/colcon_ws/install/mypalletizer_interfaces/share/mypalletizer_interfaces/srv/GetCoords_Request.msg
[3.945s] -- Up-to-date symlink: /home/tyler/colcon_ws/install/mypalletizer_interfaces/share/mypalletizer_interfaces/srv/GetCoords_Response.msg
[3.945s] -- Up-to-date symlink: /home/tyler/colcon_ws/install/mypalletizer_interfaces/share/mypalletizer_interfaces/srv/SetCoords.srv
[3.945s] -- Up-to-date symlink: /home/tyler/colcon_ws/install/mypalletizer_interfaces/share/mypalletizer_interfaces/srv/SetCoords_Request.msg
[3.945s] -- Up-to-date symlink: /home/tyler/colcon_ws/install/mypalletizer_interfaces/share/mypalletizer_interfaces/srv/SetCoords_Response.msg
[3.946s] -- Up-to-date symlink: /home/tyler/colcon_ws/install/mypalletizer_interfaces/share/mypalletizer_interfaces/srv/GripperStatus.srv
[3.946s] -- Up-to-date symlink: /home/tyler/colcon_ws/install/mypalletizer_interfaces/share/mypalletizer_interfaces/srv/GripperStatus_Request.msg
[3.946s] -- Up-to-date symlink: /home/tyler/colcon_ws/install/mypalletizer_interfaces/share/mypalletizer_interfaces/srv/GripperStatus_Response.msg
[3.946s] -- Up-to-date symlink: /home/tyler/colcon_ws/install/mypalletizer_interfaces/share/mypalletizer_interfaces/srv/PumpStatus.srv
[3.946s] -- Up-to-date symlink: /home/tyler/colcon_ws/install/mypalletizer_interfaces/share/mypalletizer_interfaces/srv/PumpStatus_Request.msg
[3.947s] -- Up-to-date symlink: /home/tyler/colcon_ws/install/mypalletizer_interfaces/share/mypalletizer_interfaces/srv/PumpStatus_Response.msg
[3.947s] -- Up-to-date symlink: /home/tyler/colcon_ws/install/mypalletizer_interfaces/share/ament_index/resource_index/package_run_dependencies/mypalletizer_interfaces
[3.947s] -- Up-to-date symlink: /home/tyler/colcon_ws/install/mypalletizer_interfaces/share/ament_index/resource_index/parent_prefix_path/mypalletizer_interfaces
[3.947s] -- Up-to-date symlink: /home/tyler/colcon_ws/install/mypalletizer_interfaces/share/mypalletizer_interfaces/environment/ament_prefix_path.sh
[3.949s] -- Up-to-date symlink: /home/tyler/colcon_ws/install/mypalletizer_interfaces/share/mypalletizer_interfaces/environment/ament_prefix_path.dsv
[3.949s] -- Up-to-date symlink: /home/tyler/colcon_ws/install/mypalletizer_interfaces/share/mypalletizer_interfaces/environment/path.sh
[3.950s] -- Up-to-date symlink: /home/tyler/colcon_ws/install/mypalletizer_interfaces/share/mypalletizer_interfaces/environment/path.dsv
[3.950s] -- Up-to-date symlink: /home/tyler/colcon_ws/install/mypalletizer_interfaces/share/mypalletizer_interfaces/local_setup.bash
[3.951s] -- Up-to-date symlink: /home/tyler/colcon_ws/install/mypalletizer_interfaces/share/mypalletizer_interfaces/local_setup.sh
[3.951s] -- Up-to-date symlink: /home/tyler/colcon_ws/install/mypalletizer_interfaces/share/mypalletizer_interfaces/local_setup.zsh
[3.951s] -- Up-to-date symlink: /home/tyler/colcon_ws/install/mypalletizer_interfaces/share/mypalletizer_interfaces/local_setup.dsv
[3.951s] -- Symlinking: /home/tyler/colcon_ws/install/mypalletizer_interfaces/share/mypalletizer_interfaces/package.dsv
[3.962s] -- Up-to-date symlink: /home/tyler/colcon_ws/install/mypalletizer_interfaces/share/ament_index/resource_index/packages/mypalletizer_interfaces
[3.962s] -- Up-to-date symlink: /home/tyler/colcon_ws/install/mypalletizer_interfaces/share/mypalletizer_interfaces/cmake/rosidl_cmake-extras.cmake
[3.962s] -- Up-to-date symlink: /home/tyler/colcon_ws/install/mypalletizer_interfaces/share/mypalletizer_interfaces/cmake/ament_cmake_export_dependencies-extras.cmake
[3.962s] -- Up-to-date symlink: /home/tyler/colcon_ws/install/mypalletizer_interfaces/share/mypalletizer_interfaces/cmake/ament_cmake_export_include_directories-extras.cmake
[3.962s] -- Up-to-date symlink: /home/tyler/colcon_ws/install/mypalletizer_interfaces/share/mypalletizer_interfaces/cmake/ament_cmake_export_libraries-extras.cmake
[3.962s] -- Up-to-date symlink: /home/tyler/colcon_ws/install/mypalletizer_interfaces/share/mypalletizer_interfaces/cmake/ament_cmake_export_targets-extras.cmake
[3.962s] -- Up-to-date symlink: /home/tyler/colcon_ws/install/mypalletizer_interfaces/share/mypalletizer_interfaces/cmake/rosidl_cmake_export_typesupport_targets-extras.cmake
[3.962s] -- Up-to-date symlink: /home/tyler/colcon_ws/install/mypalletizer_interfaces/share/mypalletizer_interfaces/cmake/rosidl_cmake_export_typesupport_libraries-extras.cmake
[3.963s] -- Up-to-date symlink: /home/tyler/colcon_ws/install/mypalletizer_interfaces/share/mypalletizer_interfaces/cmake/mypalletizer_interfacesConfig.cmake
[3.963s] -- Up-to-date symlink: /home/tyler/colcon_ws/install/mypalletizer_interfaces/share/mypalletizer_interfaces/cmake/mypalletizer_interfacesConfig-version.cmake
[3.963s] -- Up-to-date symlink: /home/tyler/colcon_ws/install/mypalletizer_interfaces/share/mypalletizer_interfaces/package.xml
[3.963s] -- Up-to-date: /home/tyler/colcon_ws/install/mypalletizer_interfaces/lib/libmypalletizer_interfaces__rosidl_generator_c.so
[3.963s] -- Up-to-date: /home/tyler/colcon_ws/install/mypalletizer_interfaces/lib/libmypalletizer_interfaces__rosidl_typesupport_fastrtps_c.so
[3.964s] -- Up-to-date: /home/tyler/colcon_ws/install/mypalletizer_interfaces/lib/libmypalletizer_interfaces__rosidl_typesupport_introspection_c.so
[3.964s] -- Up-to-date: /home/tyler/colcon_ws/install/mypalletizer_interfaces/lib/libmypalletizer_interfaces__rosidl_typesupport_c.so
[3.965s] -- Up-to-date: /home/tyler/colcon_ws/install/mypalletizer_interfaces/lib/libmypalletizer_interfaces__rosidl_typesupport_fastrtps_cpp.so
[3.965s] -- Up-to-date: /home/tyler/colcon_ws/install/mypalletizer_interfaces/lib/libmypalletizer_interfaces__rosidl_typesupport_introspection_cpp.so
[3.965s] -- Up-to-date: /home/tyler/colcon_ws/install/mypalletizer_interfaces/lib/libmypalletizer_interfaces__rosidl_typesupport_cpp.so
[3.990s] Listing '/home/tyler/colcon_ws/install/mypalletizer_interfaces/local/lib/python3.10/dist-packages/mypalletizer_interfaces'...
[3.990s] Compiling '/home/tyler/colcon_ws/install/mypalletizer_interfaces/local/lib/python3.10/dist-packages/mypalletizer_interfaces/__init__.py'...
[3.990s] Listing '/home/tyler/colcon_ws/install/mypalletizer_interfaces/local/lib/python3.10/dist-packages/mypalletizer_interfaces/msg'...
[3.990s] Listing '/home/tyler/colcon_ws/install/mypalletizer_interfaces/local/lib/python3.10/dist-packages/mypalletizer_interfaces/srv'...
[3.999s] -- Up-to-date: /home/tyler/colcon_ws/install/mypalletizer_interfaces/lib/libmypalletizer_interfaces__rosidl_generator_py.so
[4.000s] -- Up-to-date: /home/tyler/colcon_ws/install/mypalletizer_interfaces/share/mypalletizer_interfaces/cmake/export_mypalletizer_interfaces__rosidl_generator_cExport.cmake
[4.000s] -- Up-to-date: /home/tyler/colcon_ws/install/mypalletizer_interfaces/share/mypalletizer_interfaces/cmake/export_mypalletizer_interfaces__rosidl_generator_cExport-noconfig.cmake
[4.000s] -- Up-to-date: /home/tyler/colcon_ws/install/mypalletizer_interfaces/share/mypalletizer_interfaces/cmake/export_mypalletizer_interfaces__rosidl_typesupport_fastrtps_cExport.cmake
[4.000s] -- Up-to-date: /home/tyler/colcon_ws/install/mypalletizer_interfaces/share/mypalletizer_interfaces/cmake/export_mypalletizer_interfaces__rosidl_typesupport_fastrtps_cExport-noconfig.cmake
[4.000s] -- Up-to-date: /home/tyler/colcon_ws/install/mypalletizer_interfaces/share/mypalletizer_interfaces/cmake/mypalletizer_interfaces__rosidl_typesupport_introspection_cExport.cmake
[4.000s] -- Up-to-date: /home/tyler/colcon_ws/install/mypalletizer_interfaces/share/mypalletizer_interfaces/cmake/mypalletizer_interfaces__rosidl_typesupport_introspection_cExport-noconfig.cmake
[4.001s] -- Up-to-date: /home/tyler/colcon_ws/install/mypalletizer_interfaces/share/mypalletizer_interfaces/cmake/mypalletizer_interfaces__rosidl_typesupport_cExport.cmake
[4.001s] -- Up-to-date: /home/tyler/colcon_ws/install/mypalletizer_interfaces/share/mypalletizer_interfaces/cmake/mypalletizer_interfaces__rosidl_typesupport_cExport-noconfig.cmake
[4.001s] -- Up-to-date: /home/tyler/colcon_ws/install/mypalletizer_interfaces/share/mypalletizer_interfaces/cmake/export_mypalletizer_interfaces__rosidl_generator_cppExport.cmake
[4.001s] -- Up-to-date: /home/tyler/colcon_ws/install/mypalletizer_interfaces/share/mypalletizer_interfaces/cmake/export_mypalletizer_interfaces__rosidl_typesupport_fastrtps_cppExport.cmake
[4.001s] -- Up-to-date: /home/tyler/colcon_ws/install/mypalletizer_interfaces/share/mypalletizer_interfaces/cmake/export_mypalletizer_interfaces__rosidl_typesupport_fastrtps_cppExport-noconfig.cmake
[4.001s] -- Up-to-date: /home/tyler/colcon_ws/install/mypalletizer_interfaces/share/mypalletizer_interfaces/cmake/mypalletizer_interfaces__rosidl_typesupport_introspection_cppExport.cmake
[4.001s] -- Up-to-date: /home/tyler/colcon_ws/install/mypalletizer_interfaces/share/mypalletizer_interfaces/cmake/mypalletizer_interfaces__rosidl_typesupport_introspection_cppExport-noconfig.cmake
[4.001s] -- Up-to-date: /home/tyler/colcon_ws/install/mypalletizer_interfaces/share/mypalletizer_interfaces/cmake/mypalletizer_interfaces__rosidl_typesupport_cppExport.cmake
[4.001s] -- Up-to-date: /home/tyler/colcon_ws/install/mypalletizer_interfaces/share/mypalletizer_interfaces/cmake/mypalletizer_interfaces__rosidl_typesupport_cppExport-noconfig.cmake
[4.002s] -- Up-to-date: /home/tyler/colcon_ws/install/mypalletizer_interfaces/share/mypalletizer_interfaces/cmake/export_mypalletizer_interfaces__rosidl_generator_pyExport.cmake
[4.002s] -- Up-to-date: /home/tyler/colcon_ws/install/mypalletizer_interfaces/share/mypalletizer_interfaces/cmake/export_mypalletizer_interfaces__rosidl_generator_pyExport-noconfig.cmake
[4.006s] Invoked command in '/home/tyler/colcon_ws/build/mypalletizer_interfaces' returned '0': CMAKE_PREFIX_PATH=/opt/ros/humble MYSQL_PS1=(\u@\h) [\d]> /usr/bin/cmake --install /home/tyler/colcon_ws/build/mypalletizer_interfaces
