In file included from [01m[K/opt/ros/humble/include/rclcpp/rclcpp/logging.hpp:24[m[K,
                 from [01m[K/home/tyler/mycobot_ROS2/moveit_tutorial_ws/install/moveit_core/include/moveit_core/moveit/kinematics_base/kinematics_base.h:42[m[K,
                 from [01m[K/home/tyler/mycobot_ROS2/moveit_tutorial_ws/install/moveit_core/include/moveit_core/moveit/robot_model/joint_model_group.h:42[m[K,
                 from [01m[K/home/tyler/mycobot_ROS2/moveit_tutorial_ws/install/moveit_core/include/moveit_core/moveit/robot_model/robot_model.h:45[m[K,
                 from [01m[K/home/tyler/mycobot_ROS2/moveit_tutorial_ws/install/moveit_core/include/moveit_core/moveit/robot_state/robot_state.h:40[m[K,
                 from [01m[K/home/tyler/mycobot_ROS2/moveit_tutorial_ws/install/moveit_core/include/moveit_core/moveit/robot_state/conversions.h:39[m[K,
                 from [01m[K/home/tyler/mycobot_ROS2/moveit_tutorial_ws/src/moveit_visual_tools/src/imarker_robot_state.cpp:34[m[K:
[01m[K/home/tyler/mycobot_ROS2/moveit_tutorial_ws/src/moveit_visual_tools/src/imarker_robot_state.cpp:[m[K In function ‘[01m[Kbool {anonymous}::isIKStateValid(const planning_scene::PlanningScene*, bool, bool, const MoveItVisualToolsPtr&, moveit::core::RobotState*, const moveit::core::JointModelGroup*, const double*)[m[K’:
[01m[K/home/tyler/mycobot_ROS2/moveit_tutorial_ws/src/moveit_visual_tools/src/imarker_robot_state.cpp:101:48:[m[K [01;35m[Kwarning: [m[Kuse of old-style cast to ‘[01m[Krcutils_duration_value_t[m[K’ {aka ‘[01m[Klong int[m[K’} [[01;35m[K]8;;https://gcc.gnu.org/onlinedocs/gcc/Warning-Options.html#index-Wold-style-cast-Wold-style-cast]8;;[m[K]
  101 |     RCLCPP_WARN_THROTTLE(LOGGER, steady_clock, [01;35m[K2000[m[K, "Collision in IK CC callback");
      |                                                [01;35m[K^~~~[m[K
In file included from [01m[K/opt/ros/humble/include/rclcpp/rclcpp/logging.hpp:24[m[K,
                 from [01m[K/opt/ros/humble/include/rclcpp/rclcpp/client.hpp:40[m[K,
                 from [01m[K/opt/ros/humble/include/rclcpp/rclcpp/callback_group.hpp:24[m[K,
                 from [01m[K/opt/ros/humble/include/rclcpp/rclcpp/any_executable.hpp:20[m[K,
                 from [01m[K/opt/ros/humble/include/rclcpp/rclcpp/memory_strategy.hpp:25[m[K,
                 from [01m[K/opt/ros/humble/include/rclcpp/rclcpp/memory_strategies.hpp:18[m[K,
                 from [01m[K/opt/ros/humble/include/rclcpp/rclcpp/executor_options.hpp:20[m[K,
                 from [01m[K/opt/ros/humble/include/rclcpp/rclcpp/executor.hpp:37[m[K,
                 from [01m[K/opt/ros/humble/include/rclcpp/rclcpp/executors/multi_threaded_executor.hpp:25[m[K,
                 from [01m[K/opt/ros/humble/include/rclcpp/rclcpp/executors.hpp:21[m[K,
                 from [01m[K/opt/ros/humble/include/rclcpp/rclcpp/rclcpp.hpp:155[m[K,
                 from [01m[K/opt/ros/humble/include/tf2_ros/tf2_ros/buffer_interface.h:48[m[K,
                 from [01m[K/opt/ros/humble/include/tf2_ros/tf2_ros/buffer.h:42[m[K,
                 from [01m[K/opt/ros/humble/include/tf2_eigen/tf2_eigen/tf2_eigen.hpp:42[m[K,
                 from [01m[K/home/tyler/mycobot_ROS2/moveit_tutorial_ws/src/moveit_visual_tools/src/imarker_end_effector.cpp:41[m[K:
[01m[K/home/tyler/mycobot_ROS2/moveit_tutorial_ws/src/moveit_visual_tools/src/imarker_end_effector.cpp:[m[K In function ‘[01m[Kbool {anonymous}::isStateValid(const planning_scene::PlanningScene*, bool, bool, const MoveItVisualToolsPtr&, moveit::core::RobotState*, const moveit::core::JointModelGroup*, const double*)[m[K’:
[01m[K/home/tyler/mycobot_ROS2/moveit_tutorial_ws/src/moveit_visual_tools/src/imarker_end_effector.cpp:101:46:[m[K [01;35m[Kwarning: [m[Kuse of old-style cast to ‘[01m[Krcutils_duration_value_t[m[K’ {aka ‘[01m[Klong int[m[K’} [[01;35m[K]8;;https://gcc.gnu.org/onlinedocs/gcc/Warning-Options.html#index-Wold-style-cast-Wold-style-cast]8;;[m[K]
  101 |   RCLCPP_WARN_THROTTLE(LOGGER, steady_clock, [01;35m[K2000[m[K, "Collision");
      |                                              [01;35m[K^~~~[m[K
