[0.125s] Invoking command in '/home/tyler/mycobot_ROS2/moveit_tutorial_ws/build/moveit_visual_tools': AMENT_PREFIX_PATH=/home/tyler/mycobot_ROS2/moveit_tutorial_ws/install/moveit_ros_planning:/home/tyler/mycobot_ROS2/moveit_tutorial_ws/install/moveit_ros_occupancy_map_monitor:/home/tyler/mycobot_ROS2/moveit_tutorial_ws/install/moveit_core:/home/tyler/mycobot_ROS2/moveit_tutorial_ws/install/rviz_visual_tools:/home/tyler/mycobot_ROS2/moveit_tutorial_ws/install/moveit_msgs:/home/tyler/mycobot_ROS2/moveit_tutorial_ws/install/moveit_common:${AMENT_PREFIX_PATH} CMAKE_PREFIX_PATH=/home/tyler/mycobot_ROS2/moveit_tutorial_ws/install/moveit_ros_planning:/home/tyler/mycobot_ROS2/moveit_tutorial_ws/install/moveit_ros_occupancy_map_monitor:/home/tyler/mycobot_ROS2/moveit_tutorial_ws/install/moveit_core:/home/tyler/mycobot_ROS2/moveit_tutorial_ws/install/rviz_visual_tools:/home/tyler/mycobot_ROS2/moveit_tutorial_ws/install/moveit_msgs:/home/tyler/mycobot_ROS2/moveit_tutorial_ws/install/moveit_common:/home/tyler/mycobot_ROS2/colcon_ws/install/mypalletizer_interfaces:/home/tyler/mycobot_ROS2/colcon_ws/install/mycobot_interfaces:/home/tyler/mycobot_ROS2/colcon_ws/install/mecharm_interfaces:/home/tyler/mycobot_ROS2/colcon_ws/install/ultraarm:/home/tyler/mycobot_ROS2/colcon_ws/install/mypalletizer_260_pi:/home/tyler/mycobot_ROS2/colcon_ws/install/mypalletizer_260:/home/tyler/mycobot_ROS2/colcon_ws/install/mypalletizer_communication:/home/tyler/mycobot_ROS2/colcon_ws/install/mycobot_320pi:/home/tyler/mycobot_ROS2/colcon_ws/install/mycobot_320:/home/tyler/mycobot_ROS2/colcon_ws/install/mycobot_280pi:/home/tyler/mycobot_ROS2/colcon_ws/install/mycobot_280jn:/home/tyler/mycobot_ROS2/colcon_ws/install/mycobot_280_x3pi:/home/tyler/mycobot_ROS2/colcon_ws/install/mycobot_280:/home/tyler/mycobot_ROS2/colcon_ws/install/myarm_300:/home/tyler/mycobot_ROS2/colcon_ws/install/mycobot_communication:/home/tyler/mycobot_ROS2/colcon_ws/install/mecharm_pi:/home/tyler/mycobot_ROS2/colcon_ws/install/mecharm:/home/tyler/mycobot_ROS2/colcon_ws/install/mecharm_communication:/home/tyler/mycobot_ROS2/colcon_ws/install/mybuddy:/home/tyler/mycobot_ROS2/colcon_ws/install/mycobot_description:/opt/ros/humble LD_LIBRARY_PATH=/home/tyler/mycobot_ROS2/moveit_tutorial_ws/install/moveit_ros_planning/lib:/home/tyler/mycobot_ROS2/moveit_tutorial_ws/install/moveit_ros_occupancy_map_monitor/lib:/home/tyler/mycobot_ROS2/moveit_tutorial_ws/install/moveit_core/lib:/home/tyler/mycobot_ROS2/moveit_tutorial_ws/install/rviz_visual_tools/lib:/home/tyler/mycobot_ROS2/moveit_tutorial_ws/install/moveit_msgs/lib:${LD_LIBRARY_PATH} MYSQL_PS1=(\u@\h) [\d]> PATH=/home/tyler/mycobot_ROS2/moveit_tutorial_ws/install/moveit_core/bin:${PATH} PYTHONPATH=/home/tyler/mycobot_ROS2/moveit_tutorial_ws/install/moveit_msgs/local/lib/python3.10/dist-packages:${PYTHONPATH} /usr/bin/cmake --build /home/tyler/mycobot_ROS2/moveit_tutorial_ws/build/moveit_visual_tools -- -j16 -l16
[0.224s] [ 16%] [32mBuilding CXX object CMakeFiles/moveit_visual_tools.dir/src/moveit_visual_tools.cpp.o[0m
[0.226s] [ 33%] [32mBuilding CXX object CMakeFiles/moveit_visual_tools.dir/src/imarker_robot_state.cpp.o[0m
[0.229s] [ 50%] [32mBuilding CXX object CMakeFiles/moveit_visual_tools.dir/src/imarker_end_effector.cpp.o[0m
[12.000s] In file included from [01m[K/opt/ros/humble/include/rclcpp/rclcpp/logging.hpp:24[m[K,
[12.000s]                  from [01m[K/home/tyler/mycobot_ROS2/moveit_tutorial_ws/install/moveit_core/include/moveit_core/moveit/kinematics_base/kinematics_base.h:42[m[K,
[12.001s]                  from [01m[K/home/tyler/mycobot_ROS2/moveit_tutorial_ws/install/moveit_core/include/moveit_core/moveit/robot_model/joint_model_group.h:42[m[K,
[12.001s]                  from [01m[K/home/tyler/mycobot_ROS2/moveit_tutorial_ws/install/moveit_core/include/moveit_core/moveit/robot_model/robot_model.h:45[m[K,
[12.001s]                  from [01m[K/home/tyler/mycobot_ROS2/moveit_tutorial_ws/install/moveit_core/include/moveit_core/moveit/robot_state/robot_state.h:40[m[K,
[12.001s]                  from [01m[K/home/tyler/mycobot_ROS2/moveit_tutorial_ws/install/moveit_core/include/moveit_core/moveit/robot_state/conversions.h:39[m[K,
[12.001s]                  from [01m[K/home/tyler/mycobot_ROS2/moveit_tutorial_ws/src/moveit_visual_tools/src/imarker_robot_state.cpp:34[m[K:
[12.001s] [01m[K/home/tyler/mycobot_ROS2/moveit_tutorial_ws/src/moveit_visual_tools/src/imarker_robot_state.cpp:[m[K In function ‘[01m[Kbool {anonymous}::isIKStateValid(const planning_scene::PlanningScene*, bool, bool, const MoveItVisualToolsPtr&, moveit::core::RobotState*, const moveit::core::JointModelGroup*, const double*)[m[K’:
[12.001s] [01m[K/home/tyler/mycobot_ROS2/moveit_tutorial_ws/src/moveit_visual_tools/src/imarker_robot_state.cpp:101:48:[m[K [01;35m[Kwarning: [m[Kuse of old-style cast to ‘[01m[Krcutils_duration_value_t[m[K’ {aka ‘[01m[Klong int[m[K’} [[01;35m[K]8;;https://gcc.gnu.org/onlinedocs/gcc/Warning-Options.html#index-Wold-style-cast-Wold-style-cast]8;;[m[K]
[12.002s]   101 |     RCLCPP_WARN_THROTTLE(LOGGER, steady_clock, [01;35m[K2000[m[K, "Collision in IK CC callback");
[12.002s]       |                                                [01;35m[K^~~~[m[K
[12.268s] In file included from [01m[K/opt/ros/humble/include/rclcpp/rclcpp/logging.hpp:24[m[K,
[12.268s]                  from [01m[K/opt/ros/humble/include/rclcpp/rclcpp/client.hpp:40[m[K,
[12.269s]                  from [01m[K/opt/ros/humble/include/rclcpp/rclcpp/callback_group.hpp:24[m[K,
[12.269s]                  from [01m[K/opt/ros/humble/include/rclcpp/rclcpp/any_executable.hpp:20[m[K,
[12.269s]                  from [01m[K/opt/ros/humble/include/rclcpp/rclcpp/memory_strategy.hpp:25[m[K,
[12.269s]                  from [01m[K/opt/ros/humble/include/rclcpp/rclcpp/memory_strategies.hpp:18[m[K,
[12.269s]                  from [01m[K/opt/ros/humble/include/rclcpp/rclcpp/executor_options.hpp:20[m[K,
[12.269s]                  from [01m[K/opt/ros/humble/include/rclcpp/rclcpp/executor.hpp:37[m[K,
[12.269s]                  from [01m[K/opt/ros/humble/include/rclcpp/rclcpp/executors/multi_threaded_executor.hpp:25[m[K,
[12.270s]                  from [01m[K/opt/ros/humble/include/rclcpp/rclcpp/executors.hpp:21[m[K,
[12.270s]                  from [01m[K/opt/ros/humble/include/rclcpp/rclcpp/rclcpp.hpp:155[m[K,
[12.270s]                  from [01m[K/opt/ros/humble/include/tf2_ros/tf2_ros/buffer_interface.h:48[m[K,
[12.270s]                  from [01m[K/opt/ros/humble/include/tf2_ros/tf2_ros/buffer.h:42[m[K,
[12.270s]                  from [01m[K/opt/ros/humble/include/tf2_eigen/tf2_eigen/tf2_eigen.hpp:42[m[K,
[12.270s]                  from [01m[K/home/tyler/mycobot_ROS2/moveit_tutorial_ws/src/moveit_visual_tools/src/imarker_end_effector.cpp:41[m[K:
[12.270s] [01m[K/home/tyler/mycobot_ROS2/moveit_tutorial_ws/src/moveit_visual_tools/src/imarker_end_effector.cpp:[m[K In function ‘[01m[Kbool {anonymous}::isStateValid(const planning_scene::PlanningScene*, bool, bool, const MoveItVisualToolsPtr&, moveit::core::RobotState*, const moveit::core::JointModelGroup*, const double*)[m[K’:
[12.271s] [01m[K/home/tyler/mycobot_ROS2/moveit_tutorial_ws/src/moveit_visual_tools/src/imarker_end_effector.cpp:101:46:[m[K [01;35m[Kwarning: [m[Kuse of old-style cast to ‘[01m[Krcutils_duration_value_t[m[K’ {aka ‘[01m[Klong int[m[K’} [[01;35m[K]8;;https://gcc.gnu.org/onlinedocs/gcc/Warning-Options.html#index-Wold-style-cast-Wold-style-cast]8;;[m[K]
[12.271s]   101 |   RCLCPP_WARN_THROTTLE(LOGGER, steady_clock, [01;35m[K2000[m[K, "Collision");
[12.271s]       |                                              [01;35m[K^~~~[m[K
[28.455s] [ 66%] [32m[1mLinking CXX shared library libmoveit_visual_tools.so[0m
[29.362s] [ 66%] Built target moveit_visual_tools
[29.397s] [ 83%] [32mBuilding CXX object CMakeFiles/moveit_visual_tools_demo.dir/src/moveit_visual_tools_demo.cpp.o[0m
[43.970s] [100%] [32m[1mLinking CXX executable moveit_visual_tools_demo[0m
[44.829s] [100%] Built target moveit_visual_tools_demo
[44.843s] Invoked command in '/home/tyler/mycobot_ROS2/moveit_tutorial_ws/build/moveit_visual_tools' returned '0': AMENT_PREFIX_PATH=/home/tyler/mycobot_ROS2/moveit_tutorial_ws/install/moveit_ros_planning:/home/tyler/mycobot_ROS2/moveit_tutorial_ws/install/moveit_ros_occupancy_map_monitor:/home/tyler/mycobot_ROS2/moveit_tutorial_ws/install/moveit_core:/home/tyler/mycobot_ROS2/moveit_tutorial_ws/install/rviz_visual_tools:/home/tyler/mycobot_ROS2/moveit_tutorial_ws/install/moveit_msgs:/home/tyler/mycobot_ROS2/moveit_tutorial_ws/install/moveit_common:${AMENT_PREFIX_PATH} CMAKE_PREFIX_PATH=/home/tyler/mycobot_ROS2/moveit_tutorial_ws/install/moveit_ros_planning:/home/tyler/mycobot_ROS2/moveit_tutorial_ws/install/moveit_ros_occupancy_map_monitor:/home/tyler/mycobot_ROS2/moveit_tutorial_ws/install/moveit_core:/home/tyler/mycobot_ROS2/moveit_tutorial_ws/install/rviz_visual_tools:/home/tyler/mycobot_ROS2/moveit_tutorial_ws/install/moveit_msgs:/home/tyler/mycobot_ROS2/moveit_tutorial_ws/install/moveit_common:/home/tyler/mycobot_ROS2/colcon_ws/install/mypalletizer_interfaces:/home/tyler/mycobot_ROS2/colcon_ws/install/mycobot_interfaces:/home/tyler/mycobot_ROS2/colcon_ws/install/mecharm_interfaces:/home/tyler/mycobot_ROS2/colcon_ws/install/ultraarm:/home/tyler/mycobot_ROS2/colcon_ws/install/mypalletizer_260_pi:/home/tyler/mycobot_ROS2/colcon_ws/install/mypalletizer_260:/home/tyler/mycobot_ROS2/colcon_ws/install/mypalletizer_communication:/home/tyler/mycobot_ROS2/colcon_ws/install/mycobot_320pi:/home/tyler/mycobot_ROS2/colcon_ws/install/mycobot_320:/home/tyler/mycobot_ROS2/colcon_ws/install/mycobot_280pi:/home/tyler/mycobot_ROS2/colcon_ws/install/mycobot_280jn:/home/tyler/mycobot_ROS2/colcon_ws/install/mycobot_280_x3pi:/home/tyler/mycobot_ROS2/colcon_ws/install/mycobot_280:/home/tyler/mycobot_ROS2/colcon_ws/install/myarm_300:/home/tyler/mycobot_ROS2/colcon_ws/install/mycobot_communication:/home/tyler/mycobot_ROS2/colcon_ws/install/mecharm_pi:/home/tyler/mycobot_ROS2/colcon_ws/install/mecharm:/home/tyler/mycobot_ROS2/colcon_ws/install/mecharm_communication:/home/tyler/mycobot_ROS2/colcon_ws/install/mybuddy:/home/tyler/mycobot_ROS2/colcon_ws/install/mycobot_description:/opt/ros/humble LD_LIBRARY_PATH=/home/tyler/mycobot_ROS2/moveit_tutorial_ws/install/moveit_ros_planning/lib:/home/tyler/mycobot_ROS2/moveit_tutorial_ws/install/moveit_ros_occupancy_map_monitor/lib:/home/tyler/mycobot_ROS2/moveit_tutorial_ws/install/moveit_core/lib:/home/tyler/mycobot_ROS2/moveit_tutorial_ws/install/rviz_visual_tools/lib:/home/tyler/mycobot_ROS2/moveit_tutorial_ws/install/moveit_msgs/lib:${LD_LIBRARY_PATH} MYSQL_PS1=(\u@\h) [\d]> PATH=/home/tyler/mycobot_ROS2/moveit_tutorial_ws/install/moveit_core/bin:${PATH} PYTHONPATH=/home/tyler/mycobot_ROS2/moveit_tutorial_ws/install/moveit_msgs/local/lib/python3.10/dist-packages:${PYTHONPATH} /usr/bin/cmake --build /home/tyler/mycobot_ROS2/moveit_tutorial_ws/build/moveit_visual_tools -- -j16 -l16
[44.892s] Invoking command in '/home/tyler/mycobot_ROS2/moveit_tutorial_ws/build/moveit_visual_tools': AMENT_PREFIX_PATH=/home/tyler/mycobot_ROS2/moveit_tutorial_ws/install/moveit_ros_planning:/home/tyler/mycobot_ROS2/moveit_tutorial_ws/install/moveit_ros_occupancy_map_monitor:/home/tyler/mycobot_ROS2/moveit_tutorial_ws/install/moveit_core:/home/tyler/mycobot_ROS2/moveit_tutorial_ws/install/rviz_visual_tools:/home/tyler/mycobot_ROS2/moveit_tutorial_ws/install/moveit_msgs:/home/tyler/mycobot_ROS2/moveit_tutorial_ws/install/moveit_common:${AMENT_PREFIX_PATH} CMAKE_PREFIX_PATH=/home/tyler/mycobot_ROS2/moveit_tutorial_ws/install/moveit_ros_planning:/home/tyler/mycobot_ROS2/moveit_tutorial_ws/install/moveit_ros_occupancy_map_monitor:/home/tyler/mycobot_ROS2/moveit_tutorial_ws/install/moveit_core:/home/tyler/mycobot_ROS2/moveit_tutorial_ws/install/rviz_visual_tools:/home/tyler/mycobot_ROS2/moveit_tutorial_ws/install/moveit_msgs:/home/tyler/mycobot_ROS2/moveit_tutorial_ws/install/moveit_common:/home/tyler/mycobot_ROS2/colcon_ws/install/mypalletizer_interfaces:/home/tyler/mycobot_ROS2/colcon_ws/install/mycobot_interfaces:/home/tyler/mycobot_ROS2/colcon_ws/install/mecharm_interfaces:/home/tyler/mycobot_ROS2/colcon_ws/install/ultraarm:/home/tyler/mycobot_ROS2/colcon_ws/install/mypalletizer_260_pi:/home/tyler/mycobot_ROS2/colcon_ws/install/mypalletizer_260:/home/tyler/mycobot_ROS2/colcon_ws/install/mypalletizer_communication:/home/tyler/mycobot_ROS2/colcon_ws/install/mycobot_320pi:/home/tyler/mycobot_ROS2/colcon_ws/install/mycobot_320:/home/tyler/mycobot_ROS2/colcon_ws/install/mycobot_280pi:/home/tyler/mycobot_ROS2/colcon_ws/install/mycobot_280jn:/home/tyler/mycobot_ROS2/colcon_ws/install/mycobot_280_x3pi:/home/tyler/mycobot_ROS2/colcon_ws/install/mycobot_280:/home/tyler/mycobot_ROS2/colcon_ws/install/myarm_300:/home/tyler/mycobot_ROS2/colcon_ws/install/mycobot_communication:/home/tyler/mycobot_ROS2/colcon_ws/install/mecharm_pi:/home/tyler/mycobot_ROS2/colcon_ws/install/mecharm:/home/tyler/mycobot_ROS2/colcon_ws/install/mecharm_communication:/home/tyler/mycobot_ROS2/colcon_ws/install/mybuddy:/home/tyler/mycobot_ROS2/colcon_ws/install/mycobot_description:/opt/ros/humble LD_LIBRARY_PATH=/home/tyler/mycobot_ROS2/moveit_tutorial_ws/install/moveit_ros_planning/lib:/home/tyler/mycobot_ROS2/moveit_tutorial_ws/install/moveit_ros_occupancy_map_monitor/lib:/home/tyler/mycobot_ROS2/moveit_tutorial_ws/install/moveit_core/lib:/home/tyler/mycobot_ROS2/moveit_tutorial_ws/install/rviz_visual_tools/lib:/home/tyler/mycobot_ROS2/moveit_tutorial_ws/install/moveit_msgs/lib:${LD_LIBRARY_PATH} MYSQL_PS1=(\u@\h) [\d]> PATH=/home/tyler/mycobot_ROS2/moveit_tutorial_ws/install/moveit_core/bin:${PATH} PYTHONPATH=/home/tyler/mycobot_ROS2/moveit_tutorial_ws/install/moveit_msgs/local/lib/python3.10/dist-packages:${PYTHONPATH} /usr/bin/cmake --install /home/tyler/mycobot_ROS2/moveit_tutorial_ws/build/moveit_visual_tools
[44.902s] -- Install configuration: "Release"
[44.902s] -- Installing: /home/tyler/mycobot_ROS2/moveit_tutorial_ws/install/moveit_visual_tools/share/moveit_visual_tools/environment/library_path.sh
[44.902s] -- Installing: /home/tyler/mycobot_ROS2/moveit_tutorial_ws/install/moveit_visual_tools/share/moveit_visual_tools/environment/library_path.dsv
[44.902s] -- Installing: /home/tyler/mycobot_ROS2/moveit_tutorial_ws/install/moveit_visual_tools/lib/libmoveit_visual_tools.so
[44.904s] -- Set runtime path of "/home/tyler/mycobot_ROS2/moveit_tutorial_ws/install/moveit_visual_tools/lib/libmoveit_visual_tools.so" to ""
[44.904s] -- Installing: /home/tyler/mycobot_ROS2/moveit_tutorial_ws/install/moveit_visual_tools/lib/moveit_visual_tools/moveit_visual_tools_demo
[44.904s] -- Set runtime path of "/home/tyler/mycobot_ROS2/moveit_tutorial_ws/install/moveit_visual_tools/lib/moveit_visual_tools/moveit_visual_tools_demo" to ""
[44.905s] -- Installing: /home/tyler/mycobot_ROS2/moveit_tutorial_ws/install/moveit_visual_tools/include
[44.905s] -- Installing: /home/tyler/mycobot_ROS2/moveit_tutorial_ws/install/moveit_visual_tools/include/moveit_visual_tools
[44.905s] -- Installing: /home/tyler/mycobot_ROS2/moveit_tutorial_ws/install/moveit_visual_tools/include/moveit_visual_tools/moveit_visual_tools.h
[44.905s] -- Installing: /home/tyler/mycobot_ROS2/moveit_tutorial_ws/install/moveit_visual_tools/include/moveit_visual_tools/imarker_end_effector.h
[44.905s] -- Installing: /home/tyler/mycobot_ROS2/moveit_tutorial_ws/install/moveit_visual_tools/include/moveit_visual_tools/imarker_robot_state.h
[44.905s] -- Installing: /home/tyler/mycobot_ROS2/moveit_tutorial_ws/install/moveit_visual_tools/share/moveit_visual_tools/launch
[44.906s] -- Installing: /home/tyler/mycobot_ROS2/moveit_tutorial_ws/install/moveit_visual_tools/share/moveit_visual_tools/launch/demo.rviz
[44.906s] -- Installing: /home/tyler/mycobot_ROS2/moveit_tutorial_ws/install/moveit_visual_tools/share/moveit_visual_tools/launch/demo_rviz.launch.py
[44.906s] -- Installing: /home/tyler/mycobot_ROS2/moveit_tutorial_ws/install/moveit_visual_tools/share/moveit_visual_tools/resources
[44.906s] -- Installing: /home/tyler/mycobot_ROS2/moveit_tutorial_ws/install/moveit_visual_tools/share/moveit_visual_tools/resources/rrbot.urdf
[44.906s] -- Installing: /home/tyler/mycobot_ROS2/moveit_tutorial_ws/install/moveit_visual_tools/share/moveit_visual_tools/resources/demo.png
[44.907s] -- Installing: /home/tyler/mycobot_ROS2/moveit_tutorial_ws/install/moveit_visual_tools/share/moveit_visual_tools/resources/screenshot.png
[44.907s] -- Installing: /home/tyler/mycobot_ROS2/moveit_tutorial_ws/install/moveit_visual_tools/share/moveit_visual_tools/resources/demo_mesh.stl
[44.908s] -- Installing: /home/tyler/mycobot_ROS2/moveit_tutorial_ws/install/moveit_visual_tools/share/moveit_visual_tools/resources/rrbot.srdf
[44.908s] -- Installing: /home/tyler/mycobot_ROS2/moveit_tutorial_ws/install/moveit_visual_tools/share/ament_index/resource_index/package_run_dependencies/moveit_visual_tools
[44.909s] -- Installing: /home/tyler/mycobot_ROS2/moveit_tutorial_ws/install/moveit_visual_tools/share/ament_index/resource_index/parent_prefix_path/moveit_visual_tools
[44.909s] -- Installing: /home/tyler/mycobot_ROS2/moveit_tutorial_ws/install/moveit_visual_tools/share/moveit_visual_tools/environment/ament_prefix_path.sh
[44.909s] -- Installing: /home/tyler/mycobot_ROS2/moveit_tutorial_ws/install/moveit_visual_tools/share/moveit_visual_tools/environment/ament_prefix_path.dsv
[44.909s] -- Installing: /home/tyler/mycobot_ROS2/moveit_tutorial_ws/install/moveit_visual_tools/share/moveit_visual_tools/environment/path.sh
[44.910s] -- Installing: /home/tyler/mycobot_ROS2/moveit_tutorial_ws/install/moveit_visual_tools/share/moveit_visual_tools/environment/path.dsv
[44.910s] -- Installing: /home/tyler/mycobot_ROS2/moveit_tutorial_ws/install/moveit_visual_tools/share/moveit_visual_tools/local_setup.bash
[44.910s] -- Installing: /home/tyler/mycobot_ROS2/moveit_tutorial_ws/install/moveit_visual_tools/share/moveit_visual_tools/local_setup.sh
[44.910s] -- Installing: /home/tyler/mycobot_ROS2/moveit_tutorial_ws/install/moveit_visual_tools/share/moveit_visual_tools/local_setup.zsh
[44.911s] -- Installing: /home/tyler/mycobot_ROS2/moveit_tutorial_ws/install/moveit_visual_tools/share/moveit_visual_tools/local_setup.dsv
[44.911s] -- Installing: /home/tyler/mycobot_ROS2/moveit_tutorial_ws/install/moveit_visual_tools/share/moveit_visual_tools/package.dsv
[44.911s] -- Installing: /home/tyler/mycobot_ROS2/moveit_tutorial_ws/install/moveit_visual_tools/share/ament_index/resource_index/packages/moveit_visual_tools
[44.912s] -- Installing: /home/tyler/mycobot_ROS2/moveit_tutorial_ws/install/moveit_visual_tools/share/moveit_visual_tools/cmake/export_moveit_visual_toolsExport.cmake
[44.913s] -- Installing: /home/tyler/mycobot_ROS2/moveit_tutorial_ws/install/moveit_visual_tools/share/moveit_visual_tools/cmake/export_moveit_visual_toolsExport-release.cmake
[44.913s] -- Installing: /home/tyler/mycobot_ROS2/moveit_tutorial_ws/install/moveit_visual_tools/share/moveit_visual_tools/cmake/ament_cmake_export_targets-extras.cmake
[44.913s] -- Installing: /home/tyler/mycobot_ROS2/moveit_tutorial_ws/install/moveit_visual_tools/share/moveit_visual_tools/cmake/ament_cmake_export_dependencies-extras.cmake
[44.913s] -- Installing: /home/tyler/mycobot_ROS2/moveit_tutorial_ws/install/moveit_visual_tools/share/moveit_visual_tools/cmake/moveit_visual_toolsConfig.cmake
[44.914s] -- Installing: /home/tyler/mycobot_ROS2/moveit_tutorial_ws/install/moveit_visual_tools/share/moveit_visual_tools/cmake/moveit_visual_toolsConfig-version.cmake
[44.914s] -- Installing: /home/tyler/mycobot_ROS2/moveit_tutorial_ws/install/moveit_visual_tools/share/moveit_visual_tools/package.xml
[44.917s] Invoked command in '/home/tyler/mycobot_ROS2/moveit_tutorial_ws/build/moveit_visual_tools' returned '0': AMENT_PREFIX_PATH=/home/tyler/mycobot_ROS2/moveit_tutorial_ws/install/moveit_ros_planning:/home/tyler/mycobot_ROS2/moveit_tutorial_ws/install/moveit_ros_occupancy_map_monitor:/home/tyler/mycobot_ROS2/moveit_tutorial_ws/install/moveit_core:/home/tyler/mycobot_ROS2/moveit_tutorial_ws/install/rviz_visual_tools:/home/tyler/mycobot_ROS2/moveit_tutorial_ws/install/moveit_msgs:/home/tyler/mycobot_ROS2/moveit_tutorial_ws/install/moveit_common:${AMENT_PREFIX_PATH} CMAKE_PREFIX_PATH=/home/tyler/mycobot_ROS2/moveit_tutorial_ws/install/moveit_ros_planning:/home/tyler/mycobot_ROS2/moveit_tutorial_ws/install/moveit_ros_occupancy_map_monitor:/home/tyler/mycobot_ROS2/moveit_tutorial_ws/install/moveit_core:/home/tyler/mycobot_ROS2/moveit_tutorial_ws/install/rviz_visual_tools:/home/tyler/mycobot_ROS2/moveit_tutorial_ws/install/moveit_msgs:/home/tyler/mycobot_ROS2/moveit_tutorial_ws/install/moveit_common:/home/tyler/mycobot_ROS2/colcon_ws/install/mypalletizer_interfaces:/home/tyler/mycobot_ROS2/colcon_ws/install/mycobot_interfaces:/home/tyler/mycobot_ROS2/colcon_ws/install/mecharm_interfaces:/home/tyler/mycobot_ROS2/colcon_ws/install/ultraarm:/home/tyler/mycobot_ROS2/colcon_ws/install/mypalletizer_260_pi:/home/tyler/mycobot_ROS2/colcon_ws/install/mypalletizer_260:/home/tyler/mycobot_ROS2/colcon_ws/install/mypalletizer_communication:/home/tyler/mycobot_ROS2/colcon_ws/install/mycobot_320pi:/home/tyler/mycobot_ROS2/colcon_ws/install/mycobot_320:/home/tyler/mycobot_ROS2/colcon_ws/install/mycobot_280pi:/home/tyler/mycobot_ROS2/colcon_ws/install/mycobot_280jn:/home/tyler/mycobot_ROS2/colcon_ws/install/mycobot_280_x3pi:/home/tyler/mycobot_ROS2/colcon_ws/install/mycobot_280:/home/tyler/mycobot_ROS2/colcon_ws/install/myarm_300:/home/tyler/mycobot_ROS2/colcon_ws/install/mycobot_communication:/home/tyler/mycobot_ROS2/colcon_ws/install/mecharm_pi:/home/tyler/mycobot_ROS2/colcon_ws/install/mecharm:/home/tyler/mycobot_ROS2/colcon_ws/install/mecharm_communication:/home/tyler/mycobot_ROS2/colcon_ws/install/mybuddy:/home/tyler/mycobot_ROS2/colcon_ws/install/mycobot_description:/opt/ros/humble LD_LIBRARY_PATH=/home/tyler/mycobot_ROS2/moveit_tutorial_ws/install/moveit_ros_planning/lib:/home/tyler/mycobot_ROS2/moveit_tutorial_ws/install/moveit_ros_occupancy_map_monitor/lib:/home/tyler/mycobot_ROS2/moveit_tutorial_ws/install/moveit_core/lib:/home/tyler/mycobot_ROS2/moveit_tutorial_ws/install/rviz_visual_tools/lib:/home/tyler/mycobot_ROS2/moveit_tutorial_ws/install/moveit_msgs/lib:${LD_LIBRARY_PATH} MYSQL_PS1=(\u@\h) [\d]> PATH=/home/tyler/mycobot_ROS2/moveit_tutorial_ws/install/moveit_core/bin:${PATH} PYTHONPATH=/home/tyler/mycobot_ROS2/moveit_tutorial_ws/install/moveit_msgs/local/lib/python3.10/dist-packages:${PYTHONPATH} /usr/bin/cmake --install /home/tyler/mycobot_ROS2/moveit_tutorial_ws/build/moveit_visual_tools
