[0.659s] Invoking command in '/home/tyler/mycobot_ROS2/moveit_tutorial_ws/build/moveit_kinematics': AMENT_PREFIX_PATH=/home/tyler/mycobot_ROS2/moveit_tutorial_ws/install/moveit_ros_planning:/home/tyler/mycobot_ROS2/moveit_tutorial_ws/install/moveit_ros_occupancy_map_monitor:/home/tyler/mycobot_ROS2/moveit_tutorial_ws/install/moveit_core:/home/tyler/mycobot_ROS2/moveit_tutorial_ws/install/moveit_resources_panda_moveit_config:/home/tyler/mycobot_ROS2/moveit_tutorial_ws/install/moveit_resources_fanuc_moveit_config:/home/tyler/mycobot_ROS2/moveit_tutorial_ws/install/moveit_resources_panda_description:/home/tyler/mycobot_ROS2/moveit_tutorial_ws/install/moveit_resources_fanuc_description:/home/tyler/mycobot_ROS2/moveit_tutorial_ws/install/moveit_msgs:/home/tyler/mycobot_ROS2/moveit_tutorial_ws/install/moveit_configs_utils:/home/tyler/mycobot_ROS2/moveit_tutorial_ws/install/moveit_common:${AMENT_PREFIX_PATH} CMAKE_PREFIX_PATH=/home/tyler/mycobot_ROS2/moveit_tutorial_ws/install/moveit_ros_planning:/home/tyler/mycobot_ROS2/moveit_tutorial_ws/install/moveit_ros_occupancy_map_monitor:/home/tyler/mycobot_ROS2/moveit_tutorial_ws/install/moveit_core:/home/tyler/mycobot_ROS2/moveit_tutorial_ws/install/moveit_resources_panda_moveit_config:/home/tyler/mycobot_ROS2/moveit_tutorial_ws/install/moveit_resources_fanuc_moveit_config:/home/tyler/mycobot_ROS2/moveit_tutorial_ws/install/moveit_resources_panda_description:/home/tyler/mycobot_ROS2/moveit_tutorial_ws/install/moveit_resources_fanuc_description:/home/tyler/mycobot_ROS2/moveit_tutorial_ws/install/moveit_msgs:/home/tyler/mycobot_ROS2/moveit_tutorial_ws/install/moveit_common:/home/tyler/mycobot_ROS2/colcon_ws/install/mypalletizer_interfaces:/home/tyler/mycobot_ROS2/colcon_ws/install/mycobot_interfaces:/home/tyler/mycobot_ROS2/colcon_ws/install/mecharm_interfaces:/home/tyler/mycobot_ROS2/colcon_ws/install/ultraarm:/home/tyler/mycobot_ROS2/colcon_ws/install/mypalletizer_260_pi:/home/tyler/mycobot_ROS2/colcon_ws/install/mypalletizer_260:/home/tyler/mycobot_ROS2/colcon_ws/install/mypalletizer_communication:/home/tyler/mycobot_ROS2/colcon_ws/install/mycobot_320pi:/home/tyler/mycobot_ROS2/colcon_ws/install/mycobot_320:/home/tyler/mycobot_ROS2/colcon_ws/install/mycobot_280pi:/home/tyler/mycobot_ROS2/colcon_ws/install/mycobot_280jn:/home/tyler/mycobot_ROS2/colcon_ws/install/mycobot_280_x3pi:/home/tyler/mycobot_ROS2/colcon_ws/install/mycobot_280:/home/tyler/mycobot_ROS2/colcon_ws/install/myarm_300:/home/tyler/mycobot_ROS2/colcon_ws/install/mycobot_communication:/home/tyler/mycobot_ROS2/colcon_ws/install/mecharm_pi:/home/tyler/mycobot_ROS2/colcon_ws/install/mecharm:/home/tyler/mycobot_ROS2/colcon_ws/install/mecharm_communication:/home/tyler/mycobot_ROS2/colcon_ws/install/mybuddy:/home/tyler/mycobot_ROS2/colcon_ws/install/mycobot_description:/opt/ros/humble LD_LIBRARY_PATH=/home/tyler/mycobot_ROS2/moveit_tutorial_ws/install/moveit_ros_planning/lib:/home/tyler/mycobot_ROS2/moveit_tutorial_ws/install/moveit_ros_occupancy_map_monitor/lib:/home/tyler/mycobot_ROS2/moveit_tutorial_ws/install/moveit_core/lib:/home/tyler/mycobot_ROS2/moveit_tutorial_ws/install/moveit_msgs/lib:${LD_LIBRARY_PATH} MYSQL_PS1=(\u@\h) [\d]> PATH=/home/tyler/mycobot_ROS2/moveit_tutorial_ws/install/moveit_core/bin:${PATH} PYTHONPATH=/home/tyler/mycobot_ROS2/moveit_tutorial_ws/install/moveit_msgs/local/lib/python3.10/dist-packages:/home/tyler/mycobot_ROS2/moveit_tutorial_ws/install/moveit_configs_utils/lib/python3.10/site-packages:${PYTHONPATH} /usr/bin/cmake /home/tyler/mycobot_ROS2/moveit_tutorial_ws/src/moveit2/moveit_kinematics -DCMAKE_INSTALL_PREFIX=/home/tyler/mycobot_ROS2/moveit_tutorial_ws/install/moveit_kinematics
[0.796s] -- The CXX compiler identification is GNU 11.4.0
[0.814s] -- Detecting CXX compiler ABI info
[0.993s] -- Detecting CXX compiler ABI info - done
[1.009s] -- Check for working CXX compiler: /usr/bin/c++ - skipped
[1.009s] -- Detecting CXX compile features
[1.011s] -- Detecting CXX compile features - done
[1.014s] -- Found moveit_common: 2.8.0 (/home/tyler/mycobot_ROS2/moveit_tutorial_ws/install/moveit_common/share/moveit_common/cmake)
[1.021s] -- Found ament_cmake: 1.3.5 (/opt/ros/humble/share/ament_cmake/cmake)
[1.546s] -- Found Python3: /usr/bin/python3.10 (found version "3.10.12") found components: Interpreter 
[1.948s] -- Found libdw: /usr/lib/x86_64-linux-gnu/libdw.so  
[1.960s] -- Could NOT find libbfd (missing: LIBBFD_LIBRARY LIBBFD_INCLUDE_DIR) 
[1.961s] -- BACKWARD_HAS_UNWIND=1
[1.961s] -- BACKWARD_HAS_BACKTRACE=0
[1.961s] -- BACKWARD_HAS_BACKTRACE_SYMBOL=0
[1.961s] -- BACKWARD_HAS_DW=1
[1.961s] -- BACKWARD_HAS_BFD=0
[1.962s] -- Found Backward: /opt/ros/humble/share/backward_ros/cmake  
[1.963s] [0mmoveit_kinematics: You did not request a specific build type: Choosing 'Release' for maximum performance[0m
[1.985s] -- Found class_loader: 2.2.0 (/opt/ros/humble/share/class_loader/cmake)
[2.032s] -- Found generate_parameter_library: 0.3.6 (/opt/ros/humble/share/generate_parameter_library/cmake)
[2.046s] -- Found parameter_traits: 0.3.6 (/opt/ros/humble/share/parameter_traits/cmake)
[2.154s] -- Found rosidl_generator_c: 3.1.5 (/opt/ros/humble/share/rosidl_generator_c/cmake)
[2.171s] -- Found rosidl_adapter: 3.1.5 (/opt/ros/humble/share/rosidl_adapter/cmake)
[2.197s] -- Found rosidl_generator_cpp: 3.1.5 (/opt/ros/humble/share/rosidl_generator_cpp/cmake)
[2.236s] -- Using all available rosidl_typesupport_c: rosidl_typesupport_fastrtps_c;rosidl_typesupport_introspection_c
[2.289s] -- Using all available rosidl_typesupport_cpp: rosidl_typesupport_fastrtps_cpp;rosidl_typesupport_introspection_cpp
[2.527s] -- Found rmw_implementation_cmake: 6.1.1 (/opt/ros/humble/share/rmw_implementation_cmake/cmake)
[2.543s] -- Found rmw_fastrtps_cpp: 6.2.4 (/opt/ros/humble/share/rmw_fastrtps_cpp/cmake)
[2.836s] -- Found OpenSSL: /usr/lib/x86_64-linux-gnu/libcrypto.so (found version "3.0.2")  
[2.900s] -- Found FastRTPS: /opt/ros/humble/include  
[3.021s] -- Using RMW implementation 'rmw_fastrtps_cpp' as default
[3.061s] -- Looking for C++ include pthread.h
[3.339s] -- Looking for C++ include pthread.h - found
[3.339s] -- Performing Test CMAKE_HAVE_LIBC_PTHREAD
[3.583s] -- Performing Test CMAKE_HAVE_LIBC_PTHREAD - Success
[3.585s] -- Found Threads: TRUE  
[3.982s] -- Found rclcpp_lifecycle: 16.0.6 (/opt/ros/humble/share/rclcpp_lifecycle/cmake)
[4.077s] -- Found kdl_parser: 2.6.4 (/opt/ros/humble/share/kdl_parser/cmake)
[4.100s] -- Found eigen3_cmake_module: 0.1.1 (/opt/ros/humble/share/eigen3_cmake_module/cmake)
[4.103s] -- Found Eigen3: TRUE (found version "3.4.0") 
[4.104s] -- Ensuring Eigen3 include directory is part of orocos-kdl CMake target
[4.113s] -- Found moveit_core: 2.8.0 (/home/tyler/mycobot_ROS2/moveit_tutorial_ws/install/moveit_core/share/moveit_core/cmake)
[4.220s] -- Found Boost: /usr/lib/x86_64-linux-gnu/cmake/Boost-1.74.0/BoostConfig.cmake (found version "1.74.0") found components: chrono date_time filesystem iostreams program_options regex serialization system thread 
[4.318s] -- Found Boost: /usr/lib/x86_64-linux-gnu/cmake/Boost-1.74.0/BoostConfig.cmake (found version "1.74.0") found components: filesystem 
[4.629s] -- library: /usr/lib/x86_64-linux-gnu/libcurl.so
[7.691s] -- Found moveit_ros_planning: 2.8.0 (/home/tyler/mycobot_ROS2/moveit_tutorial_ws/install/moveit_ros_planning/share/moveit_ros_planning/cmake)
[7.702s] -- Found Boost: /usr/lib/x86_64-linux-gnu/cmake/Boost-1.74.0/BoostConfig.cmake (found version "1.74.0") found components: system filesystem date_time program_options thread chrono 
[8.668s] -- Found Boost: /usr/lib/x86_64-linux-gnu/cmake/Boost-1.74.0/BoostConfig.cmake (found version "1.74.0") found components: program_options system 
[8.829s] -- Found ament_cmake_gtest: 1.3.5 (/opt/ros/humble/share/ament_cmake_gtest/cmake)
[8.839s] -- Found ros_testing: 0.4.0 (/opt/ros/humble/share/ros_testing/cmake)
[8.848s] -- Found launch_testing_ament_cmake: 1.0.4 (/opt/ros/humble/share/launch_testing_ament_cmake/cmake)
[8.858s] -- Found python_cmake_module: 0.10.0 (/opt/ros/humble/share/python_cmake_module/cmake)
[8.929s] -- Found PythonInterp: /usr/bin/python3 (found suitable version "3.10.12", minimum required is "3.6") 
[8.944s] -- Found PythonLibs: /usr/lib/x86_64-linux-gnu/libpython3.10.so (found suitable version "3.10.12", minimum required is "3.5") 
[8.944s] -- Using PYTHON_EXECUTABLE: /usr/bin/python3
[8.944s] -- Using PYTHON_INCLUDE_DIRS: /usr/include/python3.10
[8.944s] -- Using PYTHON_LIBRARIES: /usr/lib/x86_64-linux-gnu/libpython3.10.so
[9.016s] -- Found PythonExtra: .so  
[9.020s] -- Found moveit_resources_fanuc_description: 2.1.1 (/home/tyler/mycobot_ROS2/moveit_tutorial_ws/install/moveit_resources_fanuc_description/share/moveit_resources_fanuc_description/cmake)
[9.022s] -- Found moveit_resources_fanuc_moveit_config: 2.1.1 (/home/tyler/mycobot_ROS2/moveit_tutorial_ws/install/moveit_resources_fanuc_moveit_config/share/moveit_resources_fanuc_moveit_config/cmake)
[9.025s] -- Found moveit_resources_panda_description: 2.1.1 (/home/tyler/mycobot_ROS2/moveit_tutorial_ws/install/moveit_resources_panda_description/share/moveit_resources_panda_description/cmake)
[9.027s] -- Found moveit_resources_panda_moveit_config: 2.1.1 (/home/tyler/mycobot_ROS2/moveit_tutorial_ws/install/moveit_resources_panda_moveit_config/share/moveit_resources_panda_moveit_config/cmake)
[9.037s] -- Found gtest sources under '/opt/ros/humble/src/gtest_vendor': C++ tests using 'Google Test' will be built
[9.137s] -- The C compiler identification is GNU 11.4.0
[9.154s] -- Detecting C compiler ABI info
[9.365s] -- Detecting C compiler ABI info - done
[9.380s] -- Check for working C compiler: /usr/bin/cc - skipped
[9.380s] -- Detecting C compile features
[9.381s] -- Detecting C compile features - done
[9.428s] -- Found ament_lint_auto: 0.12.8 (/opt/ros/humble/share/ament_lint_auto/cmake)
[9.454s] -- Found launch_testing_ament_cmake: 1.0.4 (/opt/ros/humble/share/launch_testing_ament_cmake/cmake)
[9.455s] -- Found python_cmake_module: 0.10.0 (/opt/ros/humble/share/python_cmake_module/cmake)
[9.551s] -- Using PYTHON_EXECUTABLE: /usr/bin/python3
[9.551s] -- Using PYTHON_INCLUDE_DIRS: /usr/include/python3.10
[9.552s] -- Using PYTHON_LIBRARIES: /usr/lib/x86_64-linux-gnu/libpython3.10.so
[9.628s] -- Added test 'cppcheck' to perform static code analysis on C / C++ code
[9.629s] -- Configured cppcheck include dirs: /home/tyler/mycobot_ROS2/moveit_tutorial_ws/src/moveit2/moveit_kinematics/kdl_kinematics_plugin/include;/home/tyler/mycobot_ROS2/moveit_tutorial_ws/src/moveit2/moveit_kinematics/lma_kinematics_plugin/include;/home/tyler/mycobot_ROS2/moveit_tutorial_ws/src/moveit2/moveit_kinematics/srv_kinematics_plugin/include;/home/tyler/mycobot_ROS2/moveit_tutorial_ws/src/moveit2/moveit_kinematics/cached_ik_kinematics_plugin/include
[9.629s] -- Configured cppcheck exclude dirs and/or files: 
[9.633s] -- Added test 'lint_cmake' to check CMake code style
[9.639s] -- Configuring done
[9.917s] -- Generating done
[9.926s] -- Build files have been written to: /home/tyler/mycobot_ROS2/moveit_tutorial_ws/build/moveit_kinematics
[9.973s] Invoked command in '/home/tyler/mycobot_ROS2/moveit_tutorial_ws/build/moveit_kinematics' returned '0': AMENT_PREFIX_PATH=/home/tyler/mycobot_ROS2/moveit_tutorial_ws/install/moveit_ros_planning:/home/tyler/mycobot_ROS2/moveit_tutorial_ws/install/moveit_ros_occupancy_map_monitor:/home/tyler/mycobot_ROS2/moveit_tutorial_ws/install/moveit_core:/home/tyler/mycobot_ROS2/moveit_tutorial_ws/install/moveit_resources_panda_moveit_config:/home/tyler/mycobot_ROS2/moveit_tutorial_ws/install/moveit_resources_fanuc_moveit_config:/home/tyler/mycobot_ROS2/moveit_tutorial_ws/install/moveit_resources_panda_description:/home/tyler/mycobot_ROS2/moveit_tutorial_ws/install/moveit_resources_fanuc_description:/home/tyler/mycobot_ROS2/moveit_tutorial_ws/install/moveit_msgs:/home/tyler/mycobot_ROS2/moveit_tutorial_ws/install/moveit_configs_utils:/home/tyler/mycobot_ROS2/moveit_tutorial_ws/install/moveit_common:${AMENT_PREFIX_PATH} CMAKE_PREFIX_PATH=/home/tyler/mycobot_ROS2/moveit_tutorial_ws/install/moveit_ros_planning:/home/tyler/mycobot_ROS2/moveit_tutorial_ws/install/moveit_ros_occupancy_map_monitor:/home/tyler/mycobot_ROS2/moveit_tutorial_ws/install/moveit_core:/home/tyler/mycobot_ROS2/moveit_tutorial_ws/install/moveit_resources_panda_moveit_config:/home/tyler/mycobot_ROS2/moveit_tutorial_ws/install/moveit_resources_fanuc_moveit_config:/home/tyler/mycobot_ROS2/moveit_tutorial_ws/install/moveit_resources_panda_description:/home/tyler/mycobot_ROS2/moveit_tutorial_ws/install/moveit_resources_fanuc_description:/home/tyler/mycobot_ROS2/moveit_tutorial_ws/install/moveit_msgs:/home/tyler/mycobot_ROS2/moveit_tutorial_ws/install/moveit_common:/home/tyler/mycobot_ROS2/colcon_ws/install/mypalletizer_interfaces:/home/tyler/mycobot_ROS2/colcon_ws/install/mycobot_interfaces:/home/tyler/mycobot_ROS2/colcon_ws/install/mecharm_interfaces:/home/tyler/mycobot_ROS2/colcon_ws/install/ultraarm:/home/tyler/mycobot_ROS2/colcon_ws/install/mypalletizer_260_pi:/home/tyler/mycobot_ROS2/colcon_ws/install/mypalletizer_260:/home/tyler/mycobot_ROS2/colcon_ws/install/mypalletizer_communication:/home/tyler/mycobot_ROS2/colcon_ws/install/mycobot_320pi:/home/tyler/mycobot_ROS2/colcon_ws/install/mycobot_320:/home/tyler/mycobot_ROS2/colcon_ws/install/mycobot_280pi:/home/tyler/mycobot_ROS2/colcon_ws/install/mycobot_280jn:/home/tyler/mycobot_ROS2/colcon_ws/install/mycobot_280_x3pi:/home/tyler/mycobot_ROS2/colcon_ws/install/mycobot_280:/home/tyler/mycobot_ROS2/colcon_ws/install/myarm_300:/home/tyler/mycobot_ROS2/colcon_ws/install/mycobot_communication:/home/tyler/mycobot_ROS2/colcon_ws/install/mecharm_pi:/home/tyler/mycobot_ROS2/colcon_ws/install/mecharm:/home/tyler/mycobot_ROS2/colcon_ws/install/mecharm_communication:/home/tyler/mycobot_ROS2/colcon_ws/install/mybuddy:/home/tyler/mycobot_ROS2/colcon_ws/install/mycobot_description:/opt/ros/humble LD_LIBRARY_PATH=/home/tyler/mycobot_ROS2/moveit_tutorial_ws/install/moveit_ros_planning/lib:/home/tyler/mycobot_ROS2/moveit_tutorial_ws/install/moveit_ros_occupancy_map_monitor/lib:/home/tyler/mycobot_ROS2/moveit_tutorial_ws/install/moveit_core/lib:/home/tyler/mycobot_ROS2/moveit_tutorial_ws/install/moveit_msgs/lib:${LD_LIBRARY_PATH} MYSQL_PS1=(\u@\h) [\d]> PATH=/home/tyler/mycobot_ROS2/moveit_tutorial_ws/install/moveit_core/bin:${PATH} PYTHONPATH=/home/tyler/mycobot_ROS2/moveit_tutorial_ws/install/moveit_msgs/local/lib/python3.10/dist-packages:/home/tyler/mycobot_ROS2/moveit_tutorial_ws/install/moveit_configs_utils/lib/python3.10/site-packages:${PYTHONPATH} /usr/bin/cmake /home/tyler/mycobot_ROS2/moveit_tutorial_ws/src/moveit2/moveit_kinematics -DCMAKE_INSTALL_PREFIX=/home/tyler/mycobot_ROS2/moveit_tutorial_ws/install/moveit_kinematics
[9.977s] Invoking command in '/home/tyler/mycobot_ROS2/moveit_tutorial_ws/build/moveit_kinematics': AMENT_PREFIX_PATH=/home/tyler/mycobot_ROS2/moveit_tutorial_ws/install/moveit_ros_planning:/home/tyler/mycobot_ROS2/moveit_tutorial_ws/install/moveit_ros_occupancy_map_monitor:/home/tyler/mycobot_ROS2/moveit_tutorial_ws/install/moveit_core:/home/tyler/mycobot_ROS2/moveit_tutorial_ws/install/moveit_resources_panda_moveit_config:/home/tyler/mycobot_ROS2/moveit_tutorial_ws/install/moveit_resources_fanuc_moveit_config:/home/tyler/mycobot_ROS2/moveit_tutorial_ws/install/moveit_resources_panda_description:/home/tyler/mycobot_ROS2/moveit_tutorial_ws/install/moveit_resources_fanuc_description:/home/tyler/mycobot_ROS2/moveit_tutorial_ws/install/moveit_msgs:/home/tyler/mycobot_ROS2/moveit_tutorial_ws/install/moveit_configs_utils:/home/tyler/mycobot_ROS2/moveit_tutorial_ws/install/moveit_common:${AMENT_PREFIX_PATH} CMAKE_PREFIX_PATH=/home/tyler/mycobot_ROS2/moveit_tutorial_ws/install/moveit_ros_planning:/home/tyler/mycobot_ROS2/moveit_tutorial_ws/install/moveit_ros_occupancy_map_monitor:/home/tyler/mycobot_ROS2/moveit_tutorial_ws/install/moveit_core:/home/tyler/mycobot_ROS2/moveit_tutorial_ws/install/moveit_resources_panda_moveit_config:/home/tyler/mycobot_ROS2/moveit_tutorial_ws/install/moveit_resources_fanuc_moveit_config:/home/tyler/mycobot_ROS2/moveit_tutorial_ws/install/moveit_resources_panda_description:/home/tyler/mycobot_ROS2/moveit_tutorial_ws/install/moveit_resources_fanuc_description:/home/tyler/mycobot_ROS2/moveit_tutorial_ws/install/moveit_msgs:/home/tyler/mycobot_ROS2/moveit_tutorial_ws/install/moveit_common:/home/tyler/mycobot_ROS2/colcon_ws/install/mypalletizer_interfaces:/home/tyler/mycobot_ROS2/colcon_ws/install/mycobot_interfaces:/home/tyler/mycobot_ROS2/colcon_ws/install/mecharm_interfaces:/home/tyler/mycobot_ROS2/colcon_ws/install/ultraarm:/home/tyler/mycobot_ROS2/colcon_ws/install/mypalletizer_260_pi:/home/tyler/mycobot_ROS2/colcon_ws/install/mypalletizer_260:/home/tyler/mycobot_ROS2/colcon_ws/install/mypalletizer_communication:/home/tyler/mycobot_ROS2/colcon_ws/install/mycobot_320pi:/home/tyler/mycobot_ROS2/colcon_ws/install/mycobot_320:/home/tyler/mycobot_ROS2/colcon_ws/install/mycobot_280pi:/home/tyler/mycobot_ROS2/colcon_ws/install/mycobot_280jn:/home/tyler/mycobot_ROS2/colcon_ws/install/mycobot_280_x3pi:/home/tyler/mycobot_ROS2/colcon_ws/install/mycobot_280:/home/tyler/mycobot_ROS2/colcon_ws/install/myarm_300:/home/tyler/mycobot_ROS2/colcon_ws/install/mycobot_communication:/home/tyler/mycobot_ROS2/colcon_ws/install/mecharm_pi:/home/tyler/mycobot_ROS2/colcon_ws/install/mecharm:/home/tyler/mycobot_ROS2/colcon_ws/install/mecharm_communication:/home/tyler/mycobot_ROS2/colcon_ws/install/mybuddy:/home/tyler/mycobot_ROS2/colcon_ws/install/mycobot_description:/opt/ros/humble LD_LIBRARY_PATH=/home/tyler/mycobot_ROS2/moveit_tutorial_ws/install/moveit_ros_planning/lib:/home/tyler/mycobot_ROS2/moveit_tutorial_ws/install/moveit_ros_occupancy_map_monitor/lib:/home/tyler/mycobot_ROS2/moveit_tutorial_ws/install/moveit_core/lib:/home/tyler/mycobot_ROS2/moveit_tutorial_ws/install/moveit_msgs/lib:${LD_LIBRARY_PATH} MYSQL_PS1=(\u@\h) [\d]> PATH=/home/tyler/mycobot_ROS2/moveit_tutorial_ws/install/moveit_core/bin:${PATH} PYTHONPATH=/home/tyler/mycobot_ROS2/moveit_tutorial_ws/install/moveit_msgs/local/lib/python3.10/dist-packages:/home/tyler/mycobot_ROS2/moveit_tutorial_ws/install/moveit_configs_utils/lib/python3.10/site-packages:${PYTHONPATH} /usr/bin/cmake --build /home/tyler/mycobot_ROS2/moveit_tutorial_ws/build/moveit_kinematics -- -j16 -l16
[10.097s] [  4%] [34m[1mRunning `/opt/ros/humble/bin/generate_parameter_library_cpp /home/tyler/mycobot_ROS2/moveit_tutorial_ws/build/moveit_kinematics/kdl_kinematics_plugin/kdl_kinematics_parameters/include//kdl_kinematics_parameters.hpp /home/tyler/mycobot_ROS2/moveit_tutorial_ws/src/moveit2/moveit_kinematics/kdl_kinematics_plugin/src/kdl_kinematics_parameters.yaml `[0m
[10.103s] [  8%] [34m[1mRunning `/opt/ros/humble/bin/generate_parameter_library_cpp /home/tyler/mycobot_ROS2/moveit_tutorial_ws/build/moveit_kinematics/lma_kinematics_plugin/lma_kinematics_parameters/include//lma_kinematics_parameters.hpp /home/tyler/mycobot_ROS2/moveit_tutorial_ws/src/moveit2/moveit_kinematics/lma_kinematics_plugin/src/lma_kinematics_parameters.yaml `[0m
[10.110s] [ 13%] [34m[1mRunning `/opt/ros/humble/bin/generate_parameter_library_cpp /home/tyler/mycobot_ROS2/moveit_tutorial_ws/build/moveit_kinematics/srv_kinematics_plugin/srv_kinematics_parameters/include//srv_kinematics_parameters.hpp /home/tyler/mycobot_ROS2/moveit_tutorial_ws/src/moveit2/moveit_kinematics/srv_kinematics_plugin/src/srv_kinematics_parameters.yaml `[0m
[10.117s] [ 17%] [32mBuilding CXX object gtest/CMakeFiles/gtest_main.dir/src/gtest_main.cc.o[0m
[10.123s] [ 21%] [34m[1mRunning `/opt/ros/humble/bin/generate_parameter_library_cpp /home/tyler/mycobot_ROS2/moveit_tutorial_ws/build/moveit_kinematics/cached_ik_kinematics_plugin/cached_ik_kinematics_parameters/include//cached_ik_kinematics_parameters.hpp /home/tyler/mycobot_ROS2/moveit_tutorial_ws/src/moveit2/moveit_kinematics/cached_ik_kinematics_plugin/include/moveit/cached_ik_kinematics_plugin/cached_ik_kinematics_parameters.yaml `[0m
[10.131s] [ 26%] [32mBuilding CXX object test/CMakeFiles/benchmark_ik.dir/benchmark_ik.cpp.o[0m
[10.153s] [ 30%] [32mBuilding CXX object gtest/CMakeFiles/gtest.dir/src/gtest-all.cc.o[0m
[10.753s] [ 30%] Built target cached_ik_kinematics_parameters
[10.797s] [ 30%] Built target srv_kinematics_parameters
[11.101s] [ 34%] [32mBuilding CXX object srv_kinematics_plugin/CMakeFiles/moveit_srv_kinematics_plugin.dir/src/srv_kinematics_plugin.cpp.o[0m
[11.740s] [ 34%] Built target lma_kinematics_parameters
[11.990s] [ 34%] Built target kdl_kinematics_parameters
[12.013s] [ 39%] [32mBuilding CXX object lma_kinematics_plugin/CMakeFiles/moveit_lma_kinematics_plugin.dir/src/lma_kinematics_plugin.cpp.o[0m
[12.186s] [ 43%] [32mBuilding CXX object kdl_kinematics_plugin/CMakeFiles/moveit_kdl_kinematics_plugin.dir/src/kdl_kinematics_plugin.cpp.o[0m
[12.225s] [ 47%] [32mBuilding CXX object kdl_kinematics_plugin/CMakeFiles/moveit_kdl_kinematics_plugin.dir/src/chainiksolver_vel_mimic_svd.cpp.o[0m
[14.191s] [ 52%] [32m[1mLinking CXX static library libgtest_main.a[0m
[14.326s] [ 52%] Built target gtest_main
