[2.418s] Invoking command in '/home/tyler/colcon_ws/build/mypalletizer_260': AMENT_PREFIX_PATH=/home/tyler/colcon_ws/install/mypalletizer_communication:/home/tyler/colcon_ws/install/mypalletizer_interfaces:/home/tyler/colcon_ws/install/mycobot_description:${AMENT_PREFIX_PATH} CMAKE_PREFIX_PATH=/home/tyler/colcon_ws/install/mypalletizer_interfaces LD_LIBRARY_PATH=/home/tyler/colcon_ws/install/mypalletizer_interfaces/lib:${LD_LIBRARY_PATH} MYSQL_PS1=(\u@\h) [\d]> PYTHONPATH=/home/tyler/colcon_ws/build/mypalletizer_260/prefix_override:/home/tyler/colcon_ws/install/mypalletizer_260/lib/python3.10/site-packages:/home/tyler/colcon_ws/build/mypalletizer_communication:/home/tyler/colcon_ws/install/mypalletizer_communication/lib/python3.10/site-packages:/home/tyler/colcon_ws/install/mypalletizer_interfaces/local/lib/python3.10/dist-packages:/home/tyler/colcon_ws/build/mycobot_description:/home/tyler/colcon_ws/install/mycobot_description/lib/python3.10/site-packages:${PYTHONPATH} /usr/bin/python3 setup.py develop --editable --build-directory /home/tyler/colcon_ws/build/mypalletizer_260/build --no-deps install_data
[5.767s] running develop
[5.768s] running egg_info
[5.768s] creating mypalletizer_260.egg-info
[5.768s] writing mypalletizer_260.egg-info/PKG-INFO
[5.768s] writing dependency_links to mypalletizer_260.egg-info/dependency_links.txt
[5.768s] writing entry points to mypalletizer_260.egg-info/entry_points.txt
[5.768s] writing requirements to mypalletizer_260.egg-info/requires.txt
[5.768s] writing top-level names to mypalletizer_260.egg-info/top_level.txt
[5.768s] writing manifest file 'mypalletizer_260.egg-info/SOURCES.txt'
[5.768s] reading manifest file 'mypalletizer_260.egg-info/SOURCES.txt'
[5.768s] writing manifest file 'mypalletizer_260.egg-info/SOURCES.txt'
[5.769s] running build_ext
[5.769s] Creating /home/tyler/colcon_ws/install/mypalletizer_260/lib/python3.10/site-packages/mypalletizer-260.egg-link (link to .)
[5.769s] Installing detect_marker script to /home/tyler/colcon_ws/install/mypalletizer_260/lib/mypalletizer_260
[5.769s] Installing follow_display script to /home/tyler/colcon_ws/install/mypalletizer_260/lib/mypalletizer_260
[5.769s] Installing following_marker script to /home/tyler/colcon_ws/install/mypalletizer_260/lib/mypalletizer_260
[5.769s] Installing listen_real script to /home/tyler/colcon_ws/install/mypalletizer_260/lib/mypalletizer_260
[5.769s] Installing listen_real_of_topic script to /home/tyler/colcon_ws/install/mypalletizer_260/lib/mypalletizer_260
[5.769s] Installing simple_gui script to /home/tyler/colcon_ws/install/mypalletizer_260/lib/mypalletizer_260
[5.769s] Installing slider_control script to /home/tyler/colcon_ws/install/mypalletizer_260/lib/mypalletizer_260
[5.769s] Installing teleop_keyboard script to /home/tyler/colcon_ws/install/mypalletizer_260/lib/mypalletizer_260
[5.769s] 
[5.769s] Installed /home/tyler/colcon_ws/build/mypalletizer_260
[5.769s] running install_data
[5.769s] creating /home/tyler/colcon_ws/install/mypalletizer_260/share/ament_index
[5.769s] creating /home/tyler/colcon_ws/install/mypalletizer_260/share/ament_index/resource_index
[5.769s] creating /home/tyler/colcon_ws/install/mypalletizer_260/share/ament_index/resource_index/packages
[5.769s] copying resource/mypalletizer_260 -> /home/tyler/colcon_ws/install/mypalletizer_260/share/ament_index/resource_index/packages
[5.769s] copying package.xml -> /home/tyler/colcon_ws/install/mypalletizer_260/share/mypalletizer_260
[5.770s] creating /home/tyler/colcon_ws/install/mypalletizer_260/share/mypalletizer_260/launch
[5.770s] copying launch/teleop_keyboard.launch.py -> /home/tyler/colcon_ws/install/mypalletizer_260/share/mypalletizer_260/launch
[5.770s] copying launch/detect_marker.launch.py -> /home/tyler/colcon_ws/install/mypalletizer_260/share/mypalletizer_260/launch
[5.770s] copying launch/slider_control.launch.py -> /home/tyler/colcon_ws/install/mypalletizer_260/share/mypalletizer_260/launch
[5.770s] copying launch/test.launch.py -> /home/tyler/colcon_ws/install/mypalletizer_260/share/mypalletizer_260/launch
[5.770s] copying launch/simple_gui.launch.py -> /home/tyler/colcon_ws/install/mypalletizer_260/share/mypalletizer_260/launch
[5.770s] copying launch/mycobot_follow.launch.py -> /home/tyler/colcon_ws/install/mypalletizer_260/share/mypalletizer_260/launch
[5.770s] copying launch/detect_marker_with_topic.launch.py -> /home/tyler/colcon_ws/install/mypalletizer_260/share/mypalletizer_260/launch
[5.770s] creating /home/tyler/colcon_ws/install/mypalletizer_260/share/mypalletizer_260/config
[5.770s] copying config/mypalletizer.rviz -> /home/tyler/colcon_ws/install/mypalletizer_260/share/mypalletizer_260/config
[5.770s] copying config/mycobot_with_marker.rviz -> /home/tyler/colcon_ws/install/mypalletizer_260/share/mypalletizer_260/config
[5.770s] /usr/lib/python3/dist-packages/setuptools/dist.py:723: UserWarning: Usage of dash-separated 'script-dir' will not be supported in future versions. Please use the underscore name 'script_dir' instead
[5.770s]   warnings.warn(
[5.770s] /usr/lib/python3/dist-packages/setuptools/command/easy_install.py:158: EasyInstallDeprecationWarning: easy_install command is deprecated. Use build and pip and other standards-based tools.
[5.770s]   warnings.warn(
[5.771s] /usr/lib/python3/dist-packages/setuptools/command/install.py:34: SetuptoolsDeprecationWarning: setup.py install is deprecated. Use build and pip and other standards-based tools.
[5.771s]   warnings.warn(
[6.099s] Invoked command in '/home/tyler/colcon_ws/build/mypalletizer_260' returned '0': AMENT_PREFIX_PATH=/home/tyler/colcon_ws/install/mypalletizer_communication:/home/tyler/colcon_ws/install/mypalletizer_interfaces:/home/tyler/colcon_ws/install/mycobot_description:${AMENT_PREFIX_PATH} CMAKE_PREFIX_PATH=/home/tyler/colcon_ws/install/mypalletizer_interfaces LD_LIBRARY_PATH=/home/tyler/colcon_ws/install/mypalletizer_interfaces/lib:${LD_LIBRARY_PATH} MYSQL_PS1=(\u@\h) [\d]> PYTHONPATH=/home/tyler/colcon_ws/build/mypalletizer_260/prefix_override:/home/tyler/colcon_ws/install/mypalletizer_260/lib/python3.10/site-packages:/home/tyler/colcon_ws/build/mypalletizer_communication:/home/tyler/colcon_ws/install/mypalletizer_communication/lib/python3.10/site-packages:/home/tyler/colcon_ws/install/mypalletizer_interfaces/local/lib/python3.10/dist-packages:/home/tyler/colcon_ws/build/mycobot_description:/home/tyler/colcon_ws/install/mycobot_description/lib/python3.10/site-packages:${PYTHONPATH} /usr/bin/python3 setup.py develop --editable --build-directory /home/tyler/colcon_ws/build/mypalletizer_260/build --no-deps install_data
