/usr/lib/python3/dist-packages/setuptools/dist.py:723: UserWarning: Usage of dash-separated 'script-dir' will not be supported in future versions. Please use the underscore name 'script_dir' instead
  warnings.warn(
running develop
/usr/lib/python3/dist-packages/setuptools/command/easy_install.py:158: EasyInstallDeprecationWarning: easy_install command is deprecated. Use build and pip and other standards-based tools.
  warnings.warn(
/usr/lib/python3/dist-packages/setuptools/command/install.py:34: SetuptoolsDeprecationWarning: setup.py install is deprecated. Use build and pip and other standards-based tools.
  warnings.warn(
running egg_info
creating mycobot_280_x3pi.egg-info
writing mycobot_280_x3pi.egg-info/PKG-INFO
writing dependency_links to mycobot_280_x3pi.egg-info/dependency_links.txt
writing entry points to mycobot_280_x3pi.egg-info/entry_points.txt
writing requirements to mycobot_280_x3pi.egg-info/requires.txt
writing top-level names to mycobot_280_x3pi.egg-info/top_level.txt
writing manifest file 'mycobot_280_x3pi.egg-info/SOURCES.txt'
reading manifest file 'mycobot_280_x3pi.egg-info/SOURCES.txt'
writing manifest file 'mycobot_280_x3pi.egg-info/SOURCES.txt'
running build_ext
Creating /home/tyler/colcon_ws/install/mycobot_280_x3pi/lib/python3.10/site-packages/mycobot-280-x3pi.egg-link (link to .)
Installing camera_display script to /home/tyler/colcon_ws/install/mycobot_280_x3pi/lib/mycobot_280_x3pi
Installing detect_marker script to /home/tyler/colcon_ws/install/mycobot_280_x3pi/lib/mycobot_280_x3pi
Installing follow_display script to /home/tyler/colcon_ws/install/mycobot_280_x3pi/lib/mycobot_280_x3pi
Installing following_marker script to /home/tyler/colcon_ws/install/mycobot_280_x3pi/lib/mycobot_280_x3pi
Installing listen_real script to /home/tyler/colcon_ws/install/mycobot_280_x3pi/lib/mycobot_280_x3pi
Installing listen_real_of_topic script to /home/tyler/colcon_ws/install/mycobot_280_x3pi/lib/mycobot_280_x3pi
Installing opencv_camera script to /home/tyler/colcon_ws/install/mycobot_280_x3pi/lib/mycobot_280_x3pi
Installing simple_gui script to /home/tyler/colcon_ws/install/mycobot_280_x3pi/lib/mycobot_280_x3pi
Installing slider_control script to /home/tyler/colcon_ws/install/mycobot_280_x3pi/lib/mycobot_280_x3pi
Installing teleop_keyboard script to /home/tyler/colcon_ws/install/mycobot_280_x3pi/lib/mycobot_280_x3pi

Installed /home/tyler/colcon_ws/build/mycobot_280_x3pi
running install_data
creating /home/tyler/colcon_ws/install/mycobot_280_x3pi/share/ament_index
creating /home/tyler/colcon_ws/install/mycobot_280_x3pi/share/ament_index/resource_index
creating /home/tyler/colcon_ws/install/mycobot_280_x3pi/share/ament_index/resource_index/packages
copying resource/mycobot_280_x3pi -> /home/tyler/colcon_ws/install/mycobot_280_x3pi/share/ament_index/resource_index/packages
copying package.xml -> /home/tyler/colcon_ws/install/mycobot_280_x3pi/share/mycobot_280_x3pi
creating /home/tyler/colcon_ws/install/mycobot_280_x3pi/share/mycobot_280_x3pi/launch
copying launch/teleop_keyboard.launch.py -> /home/tyler/colcon_ws/install/mycobot_280_x3pi/share/mycobot_280_x3pi/launch
copying launch/detect_marker.launch.py -> /home/tyler/colcon_ws/install/mycobot_280_x3pi/share/mycobot_280_x3pi/launch
copying launch/slider_control.launch.py -> /home/tyler/colcon_ws/install/mycobot_280_x3pi/share/mycobot_280_x3pi/launch
copying launch/test.launch.py -> /home/tyler/colcon_ws/install/mycobot_280_x3pi/share/mycobot_280_x3pi/launch
copying launch/simple_gui.launch.py -> /home/tyler/colcon_ws/install/mycobot_280_x3pi/share/mycobot_280_x3pi/launch
copying launch/mycobot_follow.launch.py -> /home/tyler/colcon_ws/install/mycobot_280_x3pi/share/mycobot_280_x3pi/launch
copying launch/detect_marker_with_topic.launch.py -> /home/tyler/colcon_ws/install/mycobot_280_x3pi/share/mycobot_280_x3pi/launch
creating /home/tyler/colcon_ws/install/mycobot_280_x3pi/share/mycobot_280_x3pi/config
copying config/mycobot_x3pi.rviz -> /home/tyler/colcon_ws/install/mycobot_280_x3pi/share/mycobot_280_x3pi/config
copying config/mycobot_with_marker.rviz -> /home/tyler/colcon_ws/install/mycobot_280_x3pi/share/mycobot_280_x3pi/config
