[5.424s] Invoking command in '/home/tyler/colcon_ws/build/mycobot_280_x3pi': AMENT_PREFIX_PATH=/home/tyler/colcon_ws/install/mycobot_communication:/home/tyler/colcon_ws/install/mycobot_interfaces:/home/tyler/colcon_ws/install/mycobot_description:${AMENT_PREFIX_PATH} CMAKE_PREFIX_PATH=/home/tyler/colcon_ws/install/mycobot_interfaces LD_LIBRARY_PATH=/home/tyler/colcon_ws/install/mycobot_interfaces/lib:${LD_LIBRARY_PATH} MYSQL_PS1=(\u@\h) [\d]> PYTHONPATH=/home/tyler/colcon_ws/build/mycobot_280_x3pi/prefix_override:/home/tyler/colcon_ws/install/mycobot_280_x3pi/lib/python3.10/site-packages:/home/tyler/colcon_ws/build/mycobot_communication:/home/tyler/colcon_ws/install/mycobot_communication/lib/python3.10/site-packages:/home/tyler/colcon_ws/install/mycobot_interfaces/local/lib/python3.10/dist-packages:/home/tyler/colcon_ws/build/mycobot_description:/home/tyler/colcon_ws/install/mycobot_description/lib/python3.10/site-packages:${PYTHONPATH} /usr/bin/python3 setup.py develop --editable --build-directory /home/tyler/colcon_ws/build/mycobot_280_x3pi/build --no-deps install_data
[6.112s] /usr/lib/python3/dist-packages/setuptools/dist.py:723: UserWarning: Usage of dash-separated 'script-dir' will not be supported in future versions. Please use the underscore name 'script_dir' instead
[6.113s]   warnings.warn(
[6.168s] running develop
[6.168s] /usr/lib/python3/dist-packages/setuptools/command/easy_install.py:158: EasyInstallDeprecationWarning: easy_install command is deprecated. Use build and pip and other standards-based tools.
[6.169s]   warnings.warn(
[6.170s] /usr/lib/python3/dist-packages/setuptools/command/install.py:34: SetuptoolsDeprecationWarning: setup.py install is deprecated. Use build and pip and other standards-based tools.
[6.170s]   warnings.warn(
[6.458s] running egg_info
[6.458s] creating mycobot_280_x3pi.egg-info
[6.459s] writing mycobot_280_x3pi.egg-info/PKG-INFO
[6.459s] writing dependency_links to mycobot_280_x3pi.egg-info/dependency_links.txt
[6.460s] writing entry points to mycobot_280_x3pi.egg-info/entry_points.txt
[6.460s] writing requirements to mycobot_280_x3pi.egg-info/requires.txt
[6.464s] writing top-level names to mycobot_280_x3pi.egg-info/top_level.txt
[6.464s] writing manifest file 'mycobot_280_x3pi.egg-info/SOURCES.txt'
[6.464s] reading manifest file 'mycobot_280_x3pi.egg-info/SOURCES.txt'
[6.465s] writing manifest file 'mycobot_280_x3pi.egg-info/SOURCES.txt'
[6.465s] running build_ext
[6.465s] Creating /home/tyler/colcon_ws/install/mycobot_280_x3pi/lib/python3.10/site-packages/mycobot-280-x3pi.egg-link (link to .)
[6.467s] Installing camera_display script to /home/tyler/colcon_ws/install/mycobot_280_x3pi/lib/mycobot_280_x3pi
[6.468s] Installing detect_marker script to /home/tyler/colcon_ws/install/mycobot_280_x3pi/lib/mycobot_280_x3pi
[6.468s] Installing follow_display script to /home/tyler/colcon_ws/install/mycobot_280_x3pi/lib/mycobot_280_x3pi
[6.471s] Installing following_marker script to /home/tyler/colcon_ws/install/mycobot_280_x3pi/lib/mycobot_280_x3pi
[6.472s] Installing listen_real script to /home/tyler/colcon_ws/install/mycobot_280_x3pi/lib/mycobot_280_x3pi
[6.473s] Installing listen_real_of_topic script to /home/tyler/colcon_ws/install/mycobot_280_x3pi/lib/mycobot_280_x3pi
[6.473s] Installing opencv_camera script to /home/tyler/colcon_ws/install/mycobot_280_x3pi/lib/mycobot_280_x3pi
[6.474s] Installing simple_gui script to /home/tyler/colcon_ws/install/mycobot_280_x3pi/lib/mycobot_280_x3pi
[6.474s] Installing slider_control script to /home/tyler/colcon_ws/install/mycobot_280_x3pi/lib/mycobot_280_x3pi
[6.475s] Installing teleop_keyboard script to /home/tyler/colcon_ws/install/mycobot_280_x3pi/lib/mycobot_280_x3pi
[6.475s] 
[6.476s] Installed /home/tyler/colcon_ws/build/mycobot_280_x3pi
[6.476s] running install_data
[6.476s] creating /home/tyler/colcon_ws/install/mycobot_280_x3pi/share/ament_index
[6.477s] creating /home/tyler/colcon_ws/install/mycobot_280_x3pi/share/ament_index/resource_index
[6.477s] creating /home/tyler/colcon_ws/install/mycobot_280_x3pi/share/ament_index/resource_index/packages
[6.478s] copying resource/mycobot_280_x3pi -> /home/tyler/colcon_ws/install/mycobot_280_x3pi/share/ament_index/resource_index/packages
[6.478s] copying package.xml -> /home/tyler/colcon_ws/install/mycobot_280_x3pi/share/mycobot_280_x3pi
[6.478s] creating /home/tyler/colcon_ws/install/mycobot_280_x3pi/share/mycobot_280_x3pi/launch
[6.478s] copying launch/teleop_keyboard.launch.py -> /home/tyler/colcon_ws/install/mycobot_280_x3pi/share/mycobot_280_x3pi/launch
[6.478s] copying launch/detect_marker.launch.py -> /home/tyler/colcon_ws/install/mycobot_280_x3pi/share/mycobot_280_x3pi/launch
[6.478s] copying launch/slider_control.launch.py -> /home/tyler/colcon_ws/install/mycobot_280_x3pi/share/mycobot_280_x3pi/launch
[6.478s] copying launch/test.launch.py -> /home/tyler/colcon_ws/install/mycobot_280_x3pi/share/mycobot_280_x3pi/launch
[6.478s] copying launch/simple_gui.launch.py -> /home/tyler/colcon_ws/install/mycobot_280_x3pi/share/mycobot_280_x3pi/launch
[6.478s] copying launch/mycobot_follow.launch.py -> /home/tyler/colcon_ws/install/mycobot_280_x3pi/share/mycobot_280_x3pi/launch
[6.479s] copying launch/detect_marker_with_topic.launch.py -> /home/tyler/colcon_ws/install/mycobot_280_x3pi/share/mycobot_280_x3pi/launch
[6.479s] creating /home/tyler/colcon_ws/install/mycobot_280_x3pi/share/mycobot_280_x3pi/config
[6.479s] copying config/mycobot_x3pi.rviz -> /home/tyler/colcon_ws/install/mycobot_280_x3pi/share/mycobot_280_x3pi/config
[6.479s] copying config/mycobot_with_marker.rviz -> /home/tyler/colcon_ws/install/mycobot_280_x3pi/share/mycobot_280_x3pi/config
[6.702s] Invoked command in '/home/tyler/colcon_ws/build/mycobot_280_x3pi' returned '0': AMENT_PREFIX_PATH=/home/tyler/colcon_ws/install/mycobot_communication:/home/tyler/colcon_ws/install/mycobot_interfaces:/home/tyler/colcon_ws/install/mycobot_description:${AMENT_PREFIX_PATH} CMAKE_PREFIX_PATH=/home/tyler/colcon_ws/install/mycobot_interfaces LD_LIBRARY_PATH=/home/tyler/colcon_ws/install/mycobot_interfaces/lib:${LD_LIBRARY_PATH} MYSQL_PS1=(\u@\h) [\d]> PYTHONPATH=/home/tyler/colcon_ws/build/mycobot_280_x3pi/prefix_override:/home/tyler/colcon_ws/install/mycobot_280_x3pi/lib/python3.10/site-packages:/home/tyler/colcon_ws/build/mycobot_communication:/home/tyler/colcon_ws/install/mycobot_communication/lib/python3.10/site-packages:/home/tyler/colcon_ws/install/mycobot_interfaces/local/lib/python3.10/dist-packages:/home/tyler/colcon_ws/build/mycobot_description:/home/tyler/colcon_ws/install/mycobot_description/lib/python3.10/site-packages:${PYTHONPATH} /usr/bin/python3 setup.py develop --editable --build-directory /home/tyler/colcon_ws/build/mycobot_280_x3pi/build --no-deps install_data
