[0.000000] (-) TimerEvent: {}
[0.000195] (-) JobUnselected: {'identifier': 'chomp_motion_planner'}
[0.000230] (-) JobUnselected: {'identifier': 'dual_arm_panda_moveit_config'}
[0.000252] (-) JobUnselected: {'identifier': 'kinova_gen3_6dof_robotiq_2f_85_moveit_config'}
[0.000270] (-) JobUnselected: {'identifier': 'kinova_gen3_7dof_robotiq_2f_85_moveit_config'}
[0.000287] (-) JobUnselected: {'identifier': 'kortex_api'}
[0.000304] (-) JobUnselected: {'identifier': 'kortex_bringup'}
[0.000319] (-) JobUnselected: {'identifier': 'kortex_description'}
[0.000335] (-) JobUnselected: {'identifier': 'kortex_driver'}
[0.000352] (-) JobUnselected: {'identifier': 'moveit'}
[0.000368] (-) JobUnselected: {'identifier': 'moveit2_tutorials'}
[0.000383] (-) JobUnselected: {'identifier': 'moveit_chomp_optimizer_adapter'}
[0.000398] (-) JobUnselected: {'identifier': 'moveit_common'}
[0.000414] (-) JobUnselected: {'identifier': 'moveit_configs_utils'}
[0.000430] (-) JobUnselected: {'identifier': 'moveit_core'}
[0.000445] (-) JobUnselected: {'identifier': 'moveit_hybrid_planning'}
[0.000461] (-) JobUnselected: {'identifier': 'moveit_kinematics'}
[0.000476] (-) JobUnselected: {'identifier': 'moveit_msgs'}
[0.000491] (-) JobUnselected: {'identifier': 'moveit_planners'}
[0.000506] (-) JobUnselected: {'identifier': 'moveit_planners_chomp'}
[0.000529] (-) JobUnselected: {'identifier': 'moveit_planners_ompl'}
[0.000545] (-) JobUnselected: {'identifier': 'moveit_planners_stomp'}
[0.000560] (-) JobUnselected: {'identifier': 'moveit_plugins'}
[0.000576] (-) JobUnselected: {'identifier': 'moveit_py'}
[0.000591] (-) JobUnselected: {'identifier': 'moveit_resources'}
[0.000606] (-) JobUnselected: {'identifier': 'moveit_resources_fanuc_description'}
[0.000622] (-) JobUnselected: {'identifier': 'moveit_resources_fanuc_moveit_config'}
[0.000637] (-) JobUnselected: {'identifier': 'moveit_resources_panda_description'}
[0.000653] (-) JobUnselected: {'identifier': 'moveit_resources_panda_moveit_config'}
[0.000669] (-) JobUnselected: {'identifier': 'moveit_resources_pr2_description'}
[0.000686] (-) JobUnselected: {'identifier': 'moveit_resources_prbt_ikfast_manipulator_plugin'}
[0.000702] (-) JobUnselected: {'identifier': 'moveit_resources_prbt_moveit_config'}
[0.000717] (-) JobUnselected: {'identifier': 'moveit_resources_prbt_pg70_support'}
[0.000733] (-) JobUnselected: {'identifier': 'moveit_resources_prbt_support'}
[0.000749] (-) JobUnselected: {'identifier': 'moveit_ros'}
[0.000764] (-) JobUnselected: {'identifier': 'moveit_ros_benchmarks'}
[0.000780] (-) JobUnselected: {'identifier': 'moveit_ros_control_interface'}
[0.000795] (-) JobUnselected: {'identifier': 'moveit_ros_move_group'}
[0.000811] (-) JobUnselected: {'identifier': 'moveit_ros_occupancy_map_monitor'}
[0.000826] (-) JobUnselected: {'identifier': 'moveit_ros_perception'}
[0.000841] (-) JobUnselected: {'identifier': 'moveit_ros_planning'}
[0.000858] (-) JobUnselected: {'identifier': 'moveit_ros_planning_interface'}
[0.000873] (-) JobUnselected: {'identifier': 'moveit_ros_robot_interaction'}
[0.000889] (-) JobUnselected: {'identifier': 'moveit_ros_visualization'}
[0.000905] (-) JobUnselected: {'identifier': 'moveit_ros_warehouse'}
[0.000920] (-) JobUnselected: {'identifier': 'moveit_runtime'}
[0.000936] (-) JobUnselected: {'identifier': 'moveit_servo'}
[0.000951] (-) JobUnselected: {'identifier': 'moveit_setup_app_plugins'}
[0.000966] (-) JobUnselected: {'identifier': 'moveit_setup_assistant'}
[0.000982] (-) JobUnselected: {'identifier': 'moveit_setup_controllers'}
[0.000998] (-) JobUnselected: {'identifier': 'moveit_setup_core_plugins'}
[0.001013] (-) JobUnselected: {'identifier': 'moveit_setup_framework'}
[0.001028] (-) JobUnselected: {'identifier': 'moveit_setup_srdf_plugins'}
[0.001043] (-) JobUnselected: {'identifier': 'moveit_simple_controller_manager'}
[0.001059] (-) JobUnselected: {'identifier': 'moveit_task_constructor_capabilities'}
[0.001074] (-) JobUnselected: {'identifier': 'moveit_task_constructor_core'}
[0.001090] (-) JobUnselected: {'identifier': 'moveit_task_constructor_demo'}
[0.001106] (-) JobUnselected: {'identifier': 'moveit_task_constructor_msgs'}
[0.001130] (-) JobUnselected: {'identifier': 'moveit_task_constructor_visualization'}
[0.001147] (-) JobUnselected: {'identifier': 'moveit_visual_tools'}
[0.001163] (-) JobUnselected: {'identifier': 'pick_ik'}
[0.001178] (-) JobUnselected: {'identifier': 'pilz_industrial_motion_planner'}
[0.001193] (-) JobUnselected: {'identifier': 'pilz_industrial_motion_planner_testutils'}
[0.001208] (-) JobUnselected: {'identifier': 'rviz_marker_tools'}
[0.001224] (-) JobUnselected: {'identifier': 'rviz_visual_tools'}
[0.001240] (-) EventReactorShutdown: {}
