/usr/lib/python3/dist-packages/setuptools/dist.py:723: UserWarning: Usage of dash-separated 'script-dir' will not be supported in future versions. Please use the underscore name 'script_dir' instead
  warnings.warn(
running develop
/usr/lib/python3/dist-packages/setuptools/command/easy_install.py:158: EasyInstallDeprecationWarning: easy_install command is deprecated. Use build and pip and other standards-based tools.
  warnings.warn(
/usr/lib/python3/dist-packages/setuptools/command/install.py:34: SetuptoolsDeprecationWarning: setup.py install is deprecated. Use build and pip and other standards-based tools.
  warnings.warn(
Removing /home/tyler/colcon_ws/install/mecharm_communication/lib/python3.10/site-packages/mecharm-communication.egg-link (link to .)
/usr/lib/python3/dist-packages/setuptools/dist.py:723: UserWarning: Usage of dash-separated 'script-dir' will not be supported in future versions. Please use the underscore name 'script_dir' instead
  warnings.warn(
running egg_info
writing ../../../../build/mecharm_communication/mecharm_communication.egg-info/PKG-INFO
writing dependency_links to ../../../../build/mecharm_communication/mecharm_communication.egg-info/dependency_links.txt
writing entry points to ../../../../build/mecharm_communication/mecharm_communication.egg-info/entry_points.txt
writing requirements to ../../../../build/mecharm_communication/mecharm_communication.egg-info/requires.txt
writing top-level names to ../../../../build/mecharm_communication/mecharm_communication.egg-info/top_level.txt
reading manifest file '../../../../build/mecharm_communication/mecharm_communication.egg-info/SOURCES.txt'
writing manifest file '../../../../build/mecharm_communication/mecharm_communication.egg-info/SOURCES.txt'
running build
running build_py
creating /home/tyler/colcon_ws/build/mecharm_communication/build
creating /home/tyler/colcon_ws/build/mecharm_communication/build/lib
creating /home/tyler/colcon_ws/build/mecharm_communication/build/lib/mecharm_communication
copying mecharm_communication/mecharm_topics.py -> /home/tyler/colcon_ws/build/mecharm_communication/build/lib/mecharm_communication
copying mecharm_communication/mecharm_topics_jsnn.py -> /home/tyler/colcon_ws/build/mecharm_communication/build/lib/mecharm_communication
copying mecharm_communication/mecharm_topics_seeed.py -> /home/tyler/colcon_ws/build/mecharm_communication/build/lib/mecharm_communication
copying mecharm_communication/__init__.py -> /home/tyler/colcon_ws/build/mecharm_communication/build/lib/mecharm_communication
copying mecharm_communication/mecharm_services.py -> /home/tyler/colcon_ws/build/mecharm_communication/build/lib/mecharm_communication
copying mecharm_communication/mecharm_topics_pi.py -> /home/tyler/colcon_ws/build/mecharm_communication/build/lib/mecharm_communication
/usr/lib/python3/dist-packages/setuptools/command/install.py:34: SetuptoolsDeprecationWarning: setup.py install is deprecated. Use build and pip and other standards-based tools.
  warnings.warn(
running install
running install_lib
creating /home/tyler/colcon_ws/install/mecharm_communication/lib/python3.10/site-packages/mecharm_communication
copying /home/tyler/colcon_ws/build/mecharm_communication/build/lib/mecharm_communication/mecharm_topics.py -> /home/tyler/colcon_ws/install/mecharm_communication/lib/python3.10/site-packages/mecharm_communication
copying /home/tyler/colcon_ws/build/mecharm_communication/build/lib/mecharm_communication/mecharm_topics_jsnn.py -> /home/tyler/colcon_ws/install/mecharm_communication/lib/python3.10/site-packages/mecharm_communication
copying /home/tyler/colcon_ws/build/mecharm_communication/build/lib/mecharm_communication/mecharm_topics_seeed.py -> /home/tyler/colcon_ws/install/mecharm_communication/lib/python3.10/site-packages/mecharm_communication
copying /home/tyler/colcon_ws/build/mecharm_communication/build/lib/mecharm_communication/__init__.py -> /home/tyler/colcon_ws/install/mecharm_communication/lib/python3.10/site-packages/mecharm_communication
copying /home/tyler/colcon_ws/build/mecharm_communication/build/lib/mecharm_communication/mecharm_services.py -> /home/tyler/colcon_ws/install/mecharm_communication/lib/python3.10/site-packages/mecharm_communication
copying /home/tyler/colcon_ws/build/mecharm_communication/build/lib/mecharm_communication/mecharm_topics_pi.py -> /home/tyler/colcon_ws/install/mecharm_communication/lib/python3.10/site-packages/mecharm_communication
byte-compiling /home/tyler/colcon_ws/install/mecharm_communication/lib/python3.10/site-packages/mecharm_communication/mecharm_topics.py to mecharm_topics.cpython-310.pyc
byte-compiling /home/tyler/colcon_ws/install/mecharm_communication/lib/python3.10/site-packages/mecharm_communication/mecharm_topics_jsnn.py to mecharm_topics_jsnn.cpython-310.pyc
byte-compiling /home/tyler/colcon_ws/install/mecharm_communication/lib/python3.10/site-packages/mecharm_communication/mecharm_topics_seeed.py to mecharm_topics_seeed.cpython-310.pyc
byte-compiling /home/tyler/colcon_ws/install/mecharm_communication/lib/python3.10/site-packages/mecharm_communication/__init__.py to __init__.cpython-310.pyc
byte-compiling /home/tyler/colcon_ws/install/mecharm_communication/lib/python3.10/site-packages/mecharm_communication/mecharm_services.py to mecharm_services.cpython-310.pyc
byte-compiling /home/tyler/colcon_ws/install/mecharm_communication/lib/python3.10/site-packages/mecharm_communication/mecharm_topics_pi.py to mecharm_topics_pi.cpython-310.pyc
running install_data
running install_egg_info
Copying ../../../../build/mecharm_communication/mecharm_communication.egg-info to /home/tyler/colcon_ws/install/mecharm_communication/lib/python3.10/site-packages/mecharm_communication-0.0.0-py3.10.egg-info
running install_scripts
Installing mecharm_services script to /home/tyler/colcon_ws/install/mecharm_communication/lib/mecharm_communication
Installing mycobot_topics script to /home/tyler/colcon_ws/install/mecharm_communication/lib/mecharm_communication
Installing mycobot_topics_jsnn script to /home/tyler/colcon_ws/install/mecharm_communication/lib/mecharm_communication
Installing mycobot_topics_pi script to /home/tyler/colcon_ws/install/mecharm_communication/lib/mecharm_communication
Installing mycobot_topics_seeed script to /home/tyler/colcon_ws/install/mecharm_communication/lib/mecharm_communication
writing list of installed files to '/home/tyler/colcon_ws/build/mecharm_communication/install.log'
