[1.826s] Invoking command in '/home/tyler/colcon_ws/build/mecharm_communication': AMENT_PREFIX_PATH=/home/tyler/colcon_ws/install/mycobot_interfaces:${AMENT_PREFIX_PATH} CMAKE_PREFIX_PATH=/home/tyler/colcon_ws/install/mycobot_interfaces LD_LIBRARY_PATH=/home/tyler/colcon_ws/install/mycobot_interfaces/lib:${LD_LIBRARY_PATH} MYSQL_PS1=(\u@\h) [\d]> PYTHONPATH=/home/tyler/colcon_ws/build/mecharm_communication/prefix_override:/home/tyler/colcon_ws/install/mecharm_communication/lib/python3.10/site-packages:/home/tyler/colcon_ws/install/mycobot_interfaces/local/lib/python3.10/dist-packages:${PYTHONPATH} /usr/bin/python3 setup.py develop --uninstall --editable --build-directory /home/tyler/colcon_ws/build/mecharm_communication/build
[2.182s] /usr/lib/python3/dist-packages/setuptools/dist.py:723: UserWarning: Usage of dash-separated 'script-dir' will not be supported in future versions. Please use the underscore name 'script_dir' instead
[2.183s]   warnings.warn(
[2.230s] running develop
[2.230s] /usr/lib/python3/dist-packages/setuptools/command/easy_install.py:158: EasyInstallDeprecationWarning: easy_install command is deprecated. Use build and pip and other standards-based tools.
[2.231s]   warnings.warn(
[2.233s] /usr/lib/python3/dist-packages/setuptools/command/install.py:34: SetuptoolsDeprecationWarning: setup.py install is deprecated. Use build and pip and other standards-based tools.
[2.233s]   warnings.warn(
[2.471s] Removing /home/tyler/colcon_ws/install/mecharm_communication/lib/python3.10/site-packages/mecharm-communication.egg-link (link to .)
[2.525s] Invoked command in '/home/tyler/colcon_ws/build/mecharm_communication' returned '0': AMENT_PREFIX_PATH=/home/tyler/colcon_ws/install/mycobot_interfaces:${AMENT_PREFIX_PATH} CMAKE_PREFIX_PATH=/home/tyler/colcon_ws/install/mycobot_interfaces LD_LIBRARY_PATH=/home/tyler/colcon_ws/install/mycobot_interfaces/lib:${LD_LIBRARY_PATH} MYSQL_PS1=(\u@\h) [\d]> PYTHONPATH=/home/tyler/colcon_ws/build/mecharm_communication/prefix_override:/home/tyler/colcon_ws/install/mecharm_communication/lib/python3.10/site-packages:/home/tyler/colcon_ws/install/mycobot_interfaces/local/lib/python3.10/dist-packages:${PYTHONPATH} /usr/bin/python3 setup.py develop --uninstall --editable --build-directory /home/tyler/colcon_ws/build/mecharm_communication/build
[2.529s] Invoking command in '/home/tyler/colcon_ws/src/mycobot_ros2/mecharm/mecharm_communication': AMENT_PREFIX_PATH=/home/tyler/colcon_ws/install/mycobot_interfaces:${AMENT_PREFIX_PATH} CMAKE_PREFIX_PATH=/home/tyler/colcon_ws/install/mycobot_interfaces LD_LIBRARY_PATH=/home/tyler/colcon_ws/install/mycobot_interfaces/lib:${LD_LIBRARY_PATH} MYSQL_PS1=(\u@\h) [\d]> PYTHONPATH=/home/tyler/colcon_ws/build/mecharm_communication/prefix_override:/home/tyler/colcon_ws/install/mecharm_communication/lib/python3.10/site-packages:/home/tyler/colcon_ws/install/mycobot_interfaces/local/lib/python3.10/dist-packages:${PYTHONPATH} /usr/bin/python3 setup.py egg_info --egg-base ../../../../build/mecharm_communication build --build-base /home/tyler/colcon_ws/build/mecharm_communication/build install --record /home/tyler/colcon_ws/build/mecharm_communication/install.log --install-scripts $base/lib/mecharm_communication --single-version-externally-managed
[2.881s] /usr/lib/python3/dist-packages/setuptools/dist.py:723: UserWarning: Usage of dash-separated 'script-dir' will not be supported in future versions. Please use the underscore name 'script_dir' instead
[2.882s]   warnings.warn(
[2.894s] running egg_info
[2.897s] writing ../../../../build/mecharm_communication/mecharm_communication.egg-info/PKG-INFO
[2.897s] writing dependency_links to ../../../../build/mecharm_communication/mecharm_communication.egg-info/dependency_links.txt
[2.898s] writing entry points to ../../../../build/mecharm_communication/mecharm_communication.egg-info/entry_points.txt
[2.898s] writing requirements to ../../../../build/mecharm_communication/mecharm_communication.egg-info/requires.txt
[2.898s] writing top-level names to ../../../../build/mecharm_communication/mecharm_communication.egg-info/top_level.txt
[2.902s] reading manifest file '../../../../build/mecharm_communication/mecharm_communication.egg-info/SOURCES.txt'
[2.902s] writing manifest file '../../../../build/mecharm_communication/mecharm_communication.egg-info/SOURCES.txt'
[2.902s] running build
[2.903s] running build_py
[2.903s] creating /home/tyler/colcon_ws/build/mecharm_communication/build
[2.903s] creating /home/tyler/colcon_ws/build/mecharm_communication/build/lib
[2.903s] creating /home/tyler/colcon_ws/build/mecharm_communication/build/lib/mecharm_communication
[2.903s] copying mecharm_communication/mecharm_topics.py -> /home/tyler/colcon_ws/build/mecharm_communication/build/lib/mecharm_communication
[2.903s] copying mecharm_communication/mecharm_topics_jsnn.py -> /home/tyler/colcon_ws/build/mecharm_communication/build/lib/mecharm_communication
[2.903s] copying mecharm_communication/mecharm_topics_seeed.py -> /home/tyler/colcon_ws/build/mecharm_communication/build/lib/mecharm_communication
[2.904s] copying mecharm_communication/__init__.py -> /home/tyler/colcon_ws/build/mecharm_communication/build/lib/mecharm_communication
[2.904s] copying mecharm_communication/mecharm_services.py -> /home/tyler/colcon_ws/build/mecharm_communication/build/lib/mecharm_communication
[2.904s] copying mecharm_communication/mecharm_topics_pi.py -> /home/tyler/colcon_ws/build/mecharm_communication/build/lib/mecharm_communication
[2.904s] /usr/lib/python3/dist-packages/setuptools/command/install.py:34: SetuptoolsDeprecationWarning: setup.py install is deprecated. Use build and pip and other standards-based tools.
[2.905s]   warnings.warn(
[2.905s] running install
[2.905s] running install_lib
[2.905s] creating /home/tyler/colcon_ws/install/mecharm_communication/lib/python3.10/site-packages/mecharm_communication
[2.906s] copying /home/tyler/colcon_ws/build/mecharm_communication/build/lib/mecharm_communication/mecharm_topics.py -> /home/tyler/colcon_ws/install/mecharm_communication/lib/python3.10/site-packages/mecharm_communication
[2.906s] copying /home/tyler/colcon_ws/build/mecharm_communication/build/lib/mecharm_communication/mecharm_topics_jsnn.py -> /home/tyler/colcon_ws/install/mecharm_communication/lib/python3.10/site-packages/mecharm_communication
[2.906s] copying /home/tyler/colcon_ws/build/mecharm_communication/build/lib/mecharm_communication/mecharm_topics_seeed.py -> /home/tyler/colcon_ws/install/mecharm_communication/lib/python3.10/site-packages/mecharm_communication
[2.906s] copying /home/tyler/colcon_ws/build/mecharm_communication/build/lib/mecharm_communication/__init__.py -> /home/tyler/colcon_ws/install/mecharm_communication/lib/python3.10/site-packages/mecharm_communication
[2.907s] copying /home/tyler/colcon_ws/build/mecharm_communication/build/lib/mecharm_communication/mecharm_services.py -> /home/tyler/colcon_ws/install/mecharm_communication/lib/python3.10/site-packages/mecharm_communication
[2.907s] copying /home/tyler/colcon_ws/build/mecharm_communication/build/lib/mecharm_communication/mecharm_topics_pi.py -> /home/tyler/colcon_ws/install/mecharm_communication/lib/python3.10/site-packages/mecharm_communication
[2.907s] byte-compiling /home/tyler/colcon_ws/install/mecharm_communication/lib/python3.10/site-packages/mecharm_communication/mecharm_topics.py to mecharm_topics.cpython-310.pyc
[2.910s] byte-compiling /home/tyler/colcon_ws/install/mecharm_communication/lib/python3.10/site-packages/mecharm_communication/mecharm_topics_jsnn.py to mecharm_topics_jsnn.cpython-310.pyc
[2.912s] byte-compiling /home/tyler/colcon_ws/install/mecharm_communication/lib/python3.10/site-packages/mecharm_communication/mecharm_topics_seeed.py to mecharm_topics_seeed.cpython-310.pyc
[2.914s] byte-compiling /home/tyler/colcon_ws/install/mecharm_communication/lib/python3.10/site-packages/mecharm_communication/__init__.py to __init__.cpython-310.pyc
[2.914s] byte-compiling /home/tyler/colcon_ws/install/mecharm_communication/lib/python3.10/site-packages/mecharm_communication/mecharm_services.py to mecharm_services.cpython-310.pyc
[2.916s] byte-compiling /home/tyler/colcon_ws/install/mecharm_communication/lib/python3.10/site-packages/mecharm_communication/mecharm_topics_pi.py to mecharm_topics_pi.cpython-310.pyc
[2.918s] running install_data
[2.919s] running install_egg_info
[2.922s] Copying ../../../../build/mecharm_communication/mecharm_communication.egg-info to /home/tyler/colcon_ws/install/mecharm_communication/lib/python3.10/site-packages/mecharm_communication-0.0.0-py3.10.egg-info
[2.923s] running install_scripts
[2.956s] Installing mecharm_services script to /home/tyler/colcon_ws/install/mecharm_communication/lib/mecharm_communication
[2.957s] Installing mycobot_topics script to /home/tyler/colcon_ws/install/mecharm_communication/lib/mecharm_communication
[2.957s] Installing mycobot_topics_jsnn script to /home/tyler/colcon_ws/install/mecharm_communication/lib/mecharm_communication
[2.957s] Installing mycobot_topics_pi script to /home/tyler/colcon_ws/install/mecharm_communication/lib/mecharm_communication
[2.957s] Installing mycobot_topics_seeed script to /home/tyler/colcon_ws/install/mecharm_communication/lib/mecharm_communication
[2.957s] writing list of installed files to '/home/tyler/colcon_ws/build/mecharm_communication/install.log'
[3.397s] Invoked command in '/home/tyler/colcon_ws/src/mycobot_ros2/mecharm/mecharm_communication' returned '0': AMENT_PREFIX_PATH=/home/tyler/colcon_ws/install/mycobot_interfaces:${AMENT_PREFIX_PATH} CMAKE_PREFIX_PATH=/home/tyler/colcon_ws/install/mycobot_interfaces LD_LIBRARY_PATH=/home/tyler/colcon_ws/install/mycobot_interfaces/lib:${LD_LIBRARY_PATH} MYSQL_PS1=(\u@\h) [\d]> PYTHONPATH=/home/tyler/colcon_ws/build/mecharm_communication/prefix_override:/home/tyler/colcon_ws/install/mecharm_communication/lib/python3.10/site-packages:/home/tyler/colcon_ws/install/mycobot_interfaces/local/lib/python3.10/dist-packages:${PYTHONPATH} /usr/bin/python3 setup.py egg_info --egg-base ../../../../build/mecharm_communication build --build-base /home/tyler/colcon_ws/build/mecharm_communication/build install --record /home/tyler/colcon_ws/build/mecharm_communication/install.log --install-scripts $base/lib/mecharm_communication --single-version-externally-managed
