[0.130s] Invoking command in '/home/tyler/mycobot_ROS2/moveit_tutorial_ws/build/rviz_visual_tools': CMAKE_PREFIX_PATH=${CMAKE_PREFIX_PATH}:/home/tyler/mycobot_ROS2/colcon_ws/install/ultraarm:/home/tyler/mycobot_ROS2/colcon_ws/install/mypalletizer_260_pi:/home/tyler/mycobot_ROS2/colcon_ws/install/mypalletizer_260:/home/tyler/mycobot_ROS2/colcon_ws/install/mypalletizer_communication:/home/tyler/mycobot_ROS2/colcon_ws/install/mycobot_320pi:/home/tyler/mycobot_ROS2/colcon_ws/install/mycobot_320:/home/tyler/mycobot_ROS2/colcon_ws/install/mycobot_280pi:/home/tyler/mycobot_ROS2/colcon_ws/install/mycobot_280jn:/home/tyler/mycobot_ROS2/colcon_ws/install/mycobot_280_x3pi:/home/tyler/mycobot_ROS2/colcon_ws/install/mycobot_280:/home/tyler/mycobot_ROS2/colcon_ws/install/myarm_300:/home/tyler/mycobot_ROS2/colcon_ws/install/mycobot_communication:/home/tyler/mycobot_ROS2/colcon_ws/install/mecharm_pi:/home/tyler/mycobot_ROS2/colcon_ws/install/mecharm:/home/tyler/mycobot_ROS2/colcon_ws/install/mecharm_communication:/home/tyler/mycobot_ROS2/colcon_ws/install/mybuddy:/home/tyler/mycobot_ROS2/colcon_ws/install/mycobot_description:/opt/ros/humble MYSQL_PS1=(\u@\h) [\d]> /usr/bin/cmake --build /home/tyler/mycobot_ROS2/moveit_tutorial_ws/build/rviz_visual_tools -- -j16 -l16
[0.223s] [  2%] [34m[1mAutomatic MOC for target gtest_main[0m
[0.225s] [  5%] [34m[1mAutomatic MOC for target rviz_visual_tools_gui[0m
[0.228s] [  7%] [34m[1mAutomatic MOC for target rviz_visual_tools_remote_control[0m
[0.242s] [ 10%] [34m[1mAutomatic MOC for target gtest[0m
[0.254s] [ 10%] Built target gtest_main_autogen
[0.266s] [ 10%] Built target rviz_visual_tools_gui_autogen
[0.266s] [ 10%] Built target rviz_visual_tools_remote_control_autogen
[0.280s] [ 10%] Built target gtest_autogen
[0.295s] [ 17%] Built target gtest_main
[0.318s] [ 25%] Built target rviz_visual_tools_remote_control
[0.323s] [ 33%] Built target gtest
[0.325s] [ 46%] Built target rviz_visual_tools_gui
[0.369s] [ 48%] [34m[1mAutomatic MOC for target rviz_visual_tools[0m
[0.405s] [ 48%] Built target rviz_visual_tools_autogen
[0.457s] [ 58%] Built target rviz_visual_tools
[0.492s] [ 61%] [34m[1mAutomatic MOC for target rviz_visual_tools_demo[0m
[0.492s] [ 64%] [34m[1mAutomatic MOC for target rviz_visual_tools_imarker_simple[0m
[0.493s] [ 66%] [34m[1mAutomatic MOC for target rviz_visual_tools_rvt_test[0m
[0.528s] [ 66%] Built target rviz_visual_tools_demo_autogen
[0.529s] [ 66%] Built target rviz_visual_tools_imarker_simple_autogen
[0.530s] [ 66%] Built target rviz_visual_tools_rvt_test_autogen
[0.579s] [ 74%] Built target rviz_visual_tools_demo
[0.579s] [ 82%] Built target rviz_visual_tools_rvt_test
[0.580s] [ 89%] Built target rviz_visual_tools_imarker_simple
[0.618s] [ 92%] [34m[1mAutomatic MOC for target rviz_visual_tools_imarker_simple_demo[0m
[0.652s] [ 92%] Built target rviz_visual_tools_imarker_simple_demo_autogen
[0.704s] [100%] Built target rviz_visual_tools_imarker_simple_demo
[0.724s] Invoked command in '/home/tyler/mycobot_ROS2/moveit_tutorial_ws/build/rviz_visual_tools' returned '0': CMAKE_PREFIX_PATH=${CMAKE_PREFIX_PATH}:/home/tyler/mycobot_ROS2/colcon_ws/install/ultraarm:/home/tyler/mycobot_ROS2/colcon_ws/install/mypalletizer_260_pi:/home/tyler/mycobot_ROS2/colcon_ws/install/mypalletizer_260:/home/tyler/mycobot_ROS2/colcon_ws/install/mypalletizer_communication:/home/tyler/mycobot_ROS2/colcon_ws/install/mycobot_320pi:/home/tyler/mycobot_ROS2/colcon_ws/install/mycobot_320:/home/tyler/mycobot_ROS2/colcon_ws/install/mycobot_280pi:/home/tyler/mycobot_ROS2/colcon_ws/install/mycobot_280jn:/home/tyler/mycobot_ROS2/colcon_ws/install/mycobot_280_x3pi:/home/tyler/mycobot_ROS2/colcon_ws/install/mycobot_280:/home/tyler/mycobot_ROS2/colcon_ws/install/myarm_300:/home/tyler/mycobot_ROS2/colcon_ws/install/mycobot_communication:/home/tyler/mycobot_ROS2/colcon_ws/install/mecharm_pi:/home/tyler/mycobot_ROS2/colcon_ws/install/mecharm:/home/tyler/mycobot_ROS2/colcon_ws/install/mecharm_communication:/home/tyler/mycobot_ROS2/colcon_ws/install/mybuddy:/home/tyler/mycobot_ROS2/colcon_ws/install/mycobot_description:/opt/ros/humble MYSQL_PS1=(\u@\h) [\d]> /usr/bin/cmake --build /home/tyler/mycobot_ROS2/moveit_tutorial_ws/build/rviz_visual_tools -- -j16 -l16
[0.855s] Invoking command in '/home/tyler/mycobot_ROS2/moveit_tutorial_ws/build/rviz_visual_tools': CMAKE_PREFIX_PATH=${CMAKE_PREFIX_PATH}:/home/tyler/mycobot_ROS2/colcon_ws/install/ultraarm:/home/tyler/mycobot_ROS2/colcon_ws/install/mypalletizer_260_pi:/home/tyler/mycobot_ROS2/colcon_ws/install/mypalletizer_260:/home/tyler/mycobot_ROS2/colcon_ws/install/mypalletizer_communication:/home/tyler/mycobot_ROS2/colcon_ws/install/mycobot_320pi:/home/tyler/mycobot_ROS2/colcon_ws/install/mycobot_320:/home/tyler/mycobot_ROS2/colcon_ws/install/mycobot_280pi:/home/tyler/mycobot_ROS2/colcon_ws/install/mycobot_280jn:/home/tyler/mycobot_ROS2/colcon_ws/install/mycobot_280_x3pi:/home/tyler/mycobot_ROS2/colcon_ws/install/mycobot_280:/home/tyler/mycobot_ROS2/colcon_ws/install/myarm_300:/home/tyler/mycobot_ROS2/colcon_ws/install/mycobot_communication:/home/tyler/mycobot_ROS2/colcon_ws/install/mecharm_pi:/home/tyler/mycobot_ROS2/colcon_ws/install/mecharm:/home/tyler/mycobot_ROS2/colcon_ws/install/mecharm_communication:/home/tyler/mycobot_ROS2/colcon_ws/install/mybuddy:/home/tyler/mycobot_ROS2/colcon_ws/install/mycobot_description:/opt/ros/humble MYSQL_PS1=(\u@\h) [\d]> /usr/bin/cmake --install /home/tyler/mycobot_ROS2/moveit_tutorial_ws/build/rviz_visual_tools
[0.874s] -- Install configuration: ""
[0.874s] -- Up-to-date: /home/tyler/mycobot_ROS2/moveit_tutorial_ws/install/rviz_visual_tools/share/rviz_visual_tools/plugin_description.xml
[0.875s] -- Up-to-date: /home/tyler/mycobot_ROS2/moveit_tutorial_ws/install/rviz_visual_tools/lib/librviz_visual_tools.so
[0.875s] -- Up-to-date: /home/tyler/mycobot_ROS2/moveit_tutorial_ws/install/rviz_visual_tools/lib/librviz_visual_tools_remote_control.so
[0.875s] -- Up-to-date: /home/tyler/mycobot_ROS2/moveit_tutorial_ws/install/rviz_visual_tools/lib/librviz_visual_tools_gui.so
[0.876s] -- Up-to-date: /home/tyler/mycobot_ROS2/moveit_tutorial_ws/install/rviz_visual_tools/lib/librviz_visual_tools_imarker_simple.so
[0.876s] -- Up-to-date: /home/tyler/mycobot_ROS2/moveit_tutorial_ws/install/rviz_visual_tools/lib/rviz_visual_tools/rviz_visual_tools_demo
[0.876s] -- Up-to-date: /home/tyler/mycobot_ROS2/moveit_tutorial_ws/install/rviz_visual_tools/lib/rviz_visual_tools/rviz_visual_tools_imarker_simple_demo
[0.877s] -- Up-to-date: /home/tyler/mycobot_ROS2/moveit_tutorial_ws/install/rviz_visual_tools/include
[0.877s] -- Up-to-date: /home/tyler/mycobot_ROS2/moveit_tutorial_ws/install/rviz_visual_tools/include/rviz_visual_tools
[0.877s] -- Up-to-date: /home/tyler/mycobot_ROS2/moveit_tutorial_ws/install/rviz_visual_tools/include/rviz_visual_tools/tf_visual_tools.hpp
[0.877s] -- Up-to-date: /home/tyler/mycobot_ROS2/moveit_tutorial_ws/install/rviz_visual_tools/include/rviz_visual_tools/rviz_visual_tools_gui.hpp
[0.877s] -- Up-to-date: /home/tyler/mycobot_ROS2/moveit_tutorial_ws/install/rviz_visual_tools/include/rviz_visual_tools/key_tool.hpp
[0.878s] -- Up-to-date: /home/tyler/mycobot_ROS2/moveit_tutorial_ws/install/rviz_visual_tools/include/rviz_visual_tools/remote_reciever.hpp
[0.878s] -- Up-to-date: /home/tyler/mycobot_ROS2/moveit_tutorial_ws/install/rviz_visual_tools/include/rviz_visual_tools/rviz_visual_tools.hpp
[0.878s] -- Up-to-date: /home/tyler/mycobot_ROS2/moveit_tutorial_ws/install/rviz_visual_tools/include/rviz_visual_tools/remote_control.hpp
[0.878s] -- Up-to-date: /home/tyler/mycobot_ROS2/moveit_tutorial_ws/install/rviz_visual_tools/include/rviz_visual_tools/imarker_simple.hpp
[0.878s] -- Up-to-date: /home/tyler/mycobot_ROS2/moveit_tutorial_ws/install/rviz_visual_tools/share/rviz_visual_tools/launch
[0.878s] -- Up-to-date: /home/tyler/mycobot_ROS2/moveit_tutorial_ws/install/rviz_visual_tools/share/rviz_visual_tools/launch/demo_combined.launch.py
[0.878s] -- Up-to-date: /home/tyler/mycobot_ROS2/moveit_tutorial_ws/install/rviz_visual_tools/share/rviz_visual_tools/launch/demo.rviz
[0.878s] -- Up-to-date: /home/tyler/mycobot_ROS2/moveit_tutorial_ws/install/rviz_visual_tools/share/rviz_visual_tools/launch/rvt_test.launch
[0.878s] -- Up-to-date: /home/tyler/mycobot_ROS2/moveit_tutorial_ws/install/rviz_visual_tools/share/rviz_visual_tools/launch/demo_rviz.launch.py
[0.878s] -- Up-to-date: /home/tyler/mycobot_ROS2/moveit_tutorial_ws/install/rviz_visual_tools/share/rviz_visual_tools/environment/library_path.sh
[0.878s] -- Up-to-date: /home/tyler/mycobot_ROS2/moveit_tutorial_ws/install/rviz_visual_tools/share/rviz_visual_tools/environment/library_path.dsv
[0.878s] -- Up-to-date: /home/tyler/mycobot_ROS2/moveit_tutorial_ws/install/rviz_visual_tools/share/ament_index/resource_index/package_run_dependencies/rviz_visual_tools
[0.878s] -- Up-to-date: /home/tyler/mycobot_ROS2/moveit_tutorial_ws/install/rviz_visual_tools/share/ament_index/resource_index/parent_prefix_path/rviz_visual_tools
[0.879s] -- Up-to-date: /home/tyler/mycobot_ROS2/moveit_tutorial_ws/install/rviz_visual_tools/share/rviz_visual_tools/environment/ament_prefix_path.sh
[0.879s] -- Up-to-date: /home/tyler/mycobot_ROS2/moveit_tutorial_ws/install/rviz_visual_tools/share/rviz_visual_tools/environment/ament_prefix_path.dsv
[0.879s] -- Up-to-date: /home/tyler/mycobot_ROS2/moveit_tutorial_ws/install/rviz_visual_tools/share/rviz_visual_tools/environment/path.sh
[0.879s] -- Up-to-date: /home/tyler/mycobot_ROS2/moveit_tutorial_ws/install/rviz_visual_tools/share/rviz_visual_tools/environment/path.dsv
[0.879s] -- Up-to-date: /home/tyler/mycobot_ROS2/moveit_tutorial_ws/install/rviz_visual_tools/share/rviz_visual_tools/local_setup.bash
[0.879s] -- Up-to-date: /home/tyler/mycobot_ROS2/moveit_tutorial_ws/install/rviz_visual_tools/share/rviz_visual_tools/local_setup.sh
[0.879s] -- Up-to-date: /home/tyler/mycobot_ROS2/moveit_tutorial_ws/install/rviz_visual_tools/share/rviz_visual_tools/local_setup.zsh
[0.879s] -- Up-to-date: /home/tyler/mycobot_ROS2/moveit_tutorial_ws/install/rviz_visual_tools/share/rviz_visual_tools/local_setup.dsv
[0.879s] -- Installing: /home/tyler/mycobot_ROS2/moveit_tutorial_ws/install/rviz_visual_tools/share/rviz_visual_tools/package.dsv
[0.879s] -- Up-to-date: /home/tyler/mycobot_ROS2/moveit_tutorial_ws/install/rviz_visual_tools/share/ament_index/resource_index/packages/rviz_visual_tools
[0.879s] -- Up-to-date: /home/tyler/mycobot_ROS2/moveit_tutorial_ws/install/rviz_visual_tools/share/ament_index/resource_index/rviz_common__pluginlib__plugin/rviz_visual_tools
[0.880s] -- Up-to-date: /home/tyler/mycobot_ROS2/moveit_tutorial_ws/install/rviz_visual_tools/share/rviz_visual_tools/cmake/export_rviz_visual_toolsExport.cmake
[0.880s] -- Up-to-date: /home/tyler/mycobot_ROS2/moveit_tutorial_ws/install/rviz_visual_tools/share/rviz_visual_tools/cmake/export_rviz_visual_toolsExport-noconfig.cmake
[0.880s] -- Up-to-date: /home/tyler/mycobot_ROS2/moveit_tutorial_ws/install/rviz_visual_tools/share/rviz_visual_tools/cmake/ament_cmake_export_targets-extras.cmake
[0.880s] -- Up-to-date: /home/tyler/mycobot_ROS2/moveit_tutorial_ws/install/rviz_visual_tools/share/rviz_visual_tools/cmake/ament_cmake_export_dependencies-extras.cmake
[0.880s] -- Up-to-date: /home/tyler/mycobot_ROS2/moveit_tutorial_ws/install/rviz_visual_tools/share/rviz_visual_tools/cmake/ament_cmake_export_include_directories-extras.cmake
[0.880s] -- Up-to-date: /home/tyler/mycobot_ROS2/moveit_tutorial_ws/install/rviz_visual_tools/share/rviz_visual_tools/cmake/ament_cmake_export_libraries-extras.cmake
[0.881s] -- Up-to-date: /home/tyler/mycobot_ROS2/moveit_tutorial_ws/install/rviz_visual_tools/share/rviz_visual_tools/cmake/rviz_visual_toolsConfig.cmake
[0.881s] -- Up-to-date: /home/tyler/mycobot_ROS2/moveit_tutorial_ws/install/rviz_visual_tools/share/rviz_visual_tools/cmake/rviz_visual_toolsConfig-version.cmake
[0.881s] -- Up-to-date: /home/tyler/mycobot_ROS2/moveit_tutorial_ws/install/rviz_visual_tools/share/rviz_visual_tools/package.xml
[0.884s] Invoked command in '/home/tyler/mycobot_ROS2/moveit_tutorial_ws/build/rviz_visual_tools' returned '0': CMAKE_PREFIX_PATH=${CMAKE_PREFIX_PATH}:/home/tyler/mycobot_ROS2/colcon_ws/install/ultraarm:/home/tyler/mycobot_ROS2/colcon_ws/install/mypalletizer_260_pi:/home/tyler/mycobot_ROS2/colcon_ws/install/mypalletizer_260:/home/tyler/mycobot_ROS2/colcon_ws/install/mypalletizer_communication:/home/tyler/mycobot_ROS2/colcon_ws/install/mycobot_320pi:/home/tyler/mycobot_ROS2/colcon_ws/install/mycobot_320:/home/tyler/mycobot_ROS2/colcon_ws/install/mycobot_280pi:/home/tyler/mycobot_ROS2/colcon_ws/install/mycobot_280jn:/home/tyler/mycobot_ROS2/colcon_ws/install/mycobot_280_x3pi:/home/tyler/mycobot_ROS2/colcon_ws/install/mycobot_280:/home/tyler/mycobot_ROS2/colcon_ws/install/myarm_300:/home/tyler/mycobot_ROS2/colcon_ws/install/mycobot_communication:/home/tyler/mycobot_ROS2/colcon_ws/install/mecharm_pi:/home/tyler/mycobot_ROS2/colcon_ws/install/mecharm:/home/tyler/mycobot_ROS2/colcon_ws/install/mecharm_communication:/home/tyler/mycobot_ROS2/colcon_ws/install/mybuddy:/home/tyler/mycobot_ROS2/colcon_ws/install/mycobot_description:/opt/ros/humble MYSQL_PS1=(\u@\h) [\d]> /usr/bin/cmake --install /home/tyler/mycobot_ROS2/moveit_tutorial_ws/build/rviz_visual_tools
