[1.077s] Invoking command in '/home/tyler/mycobot_ROS2/moveit_tutorial_ws/src/moveit2/moveit_configs_utils': MYSQL_PS1=(\u@\h) [\d]> PYTHONPATH=/home/tyler/mycobot_ROS2/moveit_tutorial_ws/build/moveit_configs_utils/prefix_override:/home/tyler/mycobot_ROS2/moveit_tutorial_ws/install/moveit_configs_utils/lib/python3.10/site-packages:${PYTHONPATH} /usr/bin/python3 setup.py egg_info --egg-base ../../../build/moveit_configs_utils build --build-base /home/tyler/mycobot_ROS2/moveit_tutorial_ws/build/moveit_configs_utils/build install --record /home/tyler/mycobot_ROS2/moveit_tutorial_ws/build/moveit_configs_utils/install.log --single-version-externally-managed
[1.420s] running egg_info
[1.421s] writing ../../../build/moveit_configs_utils/moveit_configs_utils.egg-info/PKG-INFO
[1.421s] writing dependency_links to ../../../build/moveit_configs_utils/moveit_configs_utils.egg-info/dependency_links.txt
[1.421s] writing entry points to ../../../build/moveit_configs_utils/moveit_configs_utils.egg-info/entry_points.txt
[1.421s] writing requirements to ../../../build/moveit_configs_utils/moveit_configs_utils.egg-info/requires.txt
[1.421s] writing top-level names to ../../../build/moveit_configs_utils/moveit_configs_utils.egg-info/top_level.txt
[1.424s] reading manifest file '../../../build/moveit_configs_utils/moveit_configs_utils.egg-info/SOURCES.txt'
[1.425s] writing manifest file '../../../build/moveit_configs_utils/moveit_configs_utils.egg-info/SOURCES.txt'
[1.425s] running build
[1.426s] running build_py
[1.426s] running install
[1.429s] /usr/lib/python3/dist-packages/setuptools/command/install.py:34: SetuptoolsDeprecationWarning: setup.py install is deprecated. Use build and pip and other standards-based tools.
[1.430s]   warnings.warn(
[1.430s] running install_lib
[1.432s] running install_data
[1.433s] running install_egg_info
[1.435s] removing '/home/tyler/mycobot_ROS2/moveit_tutorial_ws/install/moveit_configs_utils/lib/python3.10/site-packages/moveit_configs_utils-2.8.0-py3.10.egg-info' (and everything under it)
[1.435s] Copying ../../../build/moveit_configs_utils/moveit_configs_utils.egg-info to /home/tyler/mycobot_ROS2/moveit_tutorial_ws/install/moveit_configs_utils/lib/python3.10/site-packages/moveit_configs_utils-2.8.0-py3.10.egg-info
[1.436s] running install_scripts
[1.462s] writing list of installed files to '/home/tyler/mycobot_ROS2/moveit_tutorial_ws/build/moveit_configs_utils/install.log'
[1.487s] Invoked command in '/home/tyler/mycobot_ROS2/moveit_tutorial_ws/src/moveit2/moveit_configs_utils' returned '0': MYSQL_PS1=(\u@\h) [\d]> PYTHONPATH=/home/tyler/mycobot_ROS2/moveit_tutorial_ws/build/moveit_configs_utils/prefix_override:/home/tyler/mycobot_ROS2/moveit_tutorial_ws/install/moveit_configs_utils/lib/python3.10/site-packages:${PYTHONPATH} /usr/bin/python3 setup.py egg_info --egg-base ../../../build/moveit_configs_utils build --build-base /home/tyler/mycobot_ROS2/moveit_tutorial_ws/build/moveit_configs_utils/build install --record /home/tyler/mycobot_ROS2/moveit_tutorial_ws/build/moveit_configs_utils/install.log --single-version-externally-managed
