[0.802s] Invoking command in '/home/tyler/mycobot_ROS2/moveit_tutorial_ws/build/rviz_visual_tools': CMAKE_PREFIX_PATH=${CMAKE_PREFIX_PATH}:/home/tyler/mycobot_ROS2/colcon_ws/install/ultraarm:/home/tyler/mycobot_ROS2/colcon_ws/install/mypalletizer_260_pi:/home/tyler/mycobot_ROS2/colcon_ws/install/mypalletizer_260:/home/tyler/mycobot_ROS2/colcon_ws/install/mypalletizer_communication:/home/tyler/mycobot_ROS2/colcon_ws/install/mycobot_320pi:/home/tyler/mycobot_ROS2/colcon_ws/install/mycobot_320:/home/tyler/mycobot_ROS2/colcon_ws/install/mycobot_280pi:/home/tyler/mycobot_ROS2/colcon_ws/install/mycobot_280jn:/home/tyler/mycobot_ROS2/colcon_ws/install/mycobot_280_x3pi:/home/tyler/mycobot_ROS2/colcon_ws/install/mycobot_280:/home/tyler/mycobot_ROS2/colcon_ws/install/myarm_300:/home/tyler/mycobot_ROS2/colcon_ws/install/mycobot_communication:/home/tyler/mycobot_ROS2/colcon_ws/install/mecharm_pi:/home/tyler/mycobot_ROS2/colcon_ws/install/mecharm:/home/tyler/mycobot_ROS2/colcon_ws/install/mecharm_communication:/home/tyler/mycobot_ROS2/colcon_ws/install/mybuddy:/home/tyler/mycobot_ROS2/colcon_ws/install/mycobot_description:/opt/ros/humble MYSQL_PS1=(\u@\h) [\d]> /usr/bin/cmake --build /home/tyler/mycobot_ROS2/moveit_tutorial_ws/build/rviz_visual_tools -- -j16 -l16
[1.020s] [  2%] [34m[1mAutomatic MOC for target rviz_visual_tools_gui[0m
[1.020s] [  5%] [34m[1mAutomatic MOC for target gtest_main[0m
[1.020s] [  7%] [34m[1mAutomatic MOC for target gtest[0m
[1.021s] [ 10%] [34m[1mAutomatic MOC for target rviz_visual_tools_remote_control[0m
[1.021s] [ 10%] Built target gtest_main_autogen
[1.021s] [ 10%] Built target gtest_autogen
[1.021s] [ 10%] Built target rviz_visual_tools_remote_control_autogen
[1.021s] [ 10%] Built target rviz_visual_tools_gui_autogen
[1.044s] [ 17%] Built target gtest_main
[1.048s] [ 25%] Built target gtest
[1.060s] [ 33%] Built target rviz_visual_tools_remote_control
[1.083s] [ 46%] Built target rviz_visual_tools_gui
[1.093s] [ 48%] [34m[1mAutomatic MOC for target rviz_visual_tools[0m
[1.130s] [ 48%] Built target rviz_visual_tools_autogen
[1.186s] [ 58%] Built target rviz_visual_tools
[1.222s] [ 61%] [34m[1mAutomatic MOC for target rviz_visual_tools_rvt_test[0m
[1.224s] [ 64%] [34m[1mAutomatic MOC for target rviz_visual_tools_imarker_simple[0m
[1.228s] [ 66%] [34m[1mAutomatic MOC for target rviz_visual_tools_demo[0m
[1.262s] [ 66%] Built target rviz_visual_tools_imarker_simple_autogen
[1.262s] [ 66%] Built target rviz_visual_tools_rvt_test_autogen
[1.266s] [ 66%] Built target rviz_visual_tools_demo_autogen
[1.315s] [ 74%] Built target rviz_visual_tools_demo
[1.319s] [ 89%] Built target rviz_visual_tools_rvt_test
[1.320s] [ 89%] Built target rviz_visual_tools_imarker_simple
[1.362s] [ 92%] [34m[1mAutomatic MOC for target rviz_visual_tools_imarker_simple_demo[0m
[1.405s] [ 92%] Built target rviz_visual_tools_imarker_simple_demo_autogen
[1.459s] [100%] Built target rviz_visual_tools_imarker_simple_demo
[1.912s] Invoked command in '/home/tyler/mycobot_ROS2/moveit_tutorial_ws/build/rviz_visual_tools' returned '0': CMAKE_PREFIX_PATH=${CMAKE_PREFIX_PATH}:/home/tyler/mycobot_ROS2/colcon_ws/install/ultraarm:/home/tyler/mycobot_ROS2/colcon_ws/install/mypalletizer_260_pi:/home/tyler/mycobot_ROS2/colcon_ws/install/mypalletizer_260:/home/tyler/mycobot_ROS2/colcon_ws/install/mypalletizer_communication:/home/tyler/mycobot_ROS2/colcon_ws/install/mycobot_320pi:/home/tyler/mycobot_ROS2/colcon_ws/install/mycobot_320:/home/tyler/mycobot_ROS2/colcon_ws/install/mycobot_280pi:/home/tyler/mycobot_ROS2/colcon_ws/install/mycobot_280jn:/home/tyler/mycobot_ROS2/colcon_ws/install/mycobot_280_x3pi:/home/tyler/mycobot_ROS2/colcon_ws/install/mycobot_280:/home/tyler/mycobot_ROS2/colcon_ws/install/myarm_300:/home/tyler/mycobot_ROS2/colcon_ws/install/mycobot_communication:/home/tyler/mycobot_ROS2/colcon_ws/install/mecharm_pi:/home/tyler/mycobot_ROS2/colcon_ws/install/mecharm:/home/tyler/mycobot_ROS2/colcon_ws/install/mecharm_communication:/home/tyler/mycobot_ROS2/colcon_ws/install/mybuddy:/home/tyler/mycobot_ROS2/colcon_ws/install/mycobot_description:/opt/ros/humble MYSQL_PS1=(\u@\h) [\d]> /usr/bin/cmake --build /home/tyler/mycobot_ROS2/moveit_tutorial_ws/build/rviz_visual_tools -- -j16 -l16
[2.788s] Invoking command in '/home/tyler/mycobot_ROS2/moveit_tutorial_ws/build/rviz_visual_tools': CMAKE_PREFIX_PATH=${CMAKE_PREFIX_PATH}:/home/tyler/mycobot_ROS2/colcon_ws/install/ultraarm:/home/tyler/mycobot_ROS2/colcon_ws/install/mypalletizer_260_pi:/home/tyler/mycobot_ROS2/colcon_ws/install/mypalletizer_260:/home/tyler/mycobot_ROS2/colcon_ws/install/mypalletizer_communication:/home/tyler/mycobot_ROS2/colcon_ws/install/mycobot_320pi:/home/tyler/mycobot_ROS2/colcon_ws/install/mycobot_320:/home/tyler/mycobot_ROS2/colcon_ws/install/mycobot_280pi:/home/tyler/mycobot_ROS2/colcon_ws/install/mycobot_280jn:/home/tyler/mycobot_ROS2/colcon_ws/install/mycobot_280_x3pi:/home/tyler/mycobot_ROS2/colcon_ws/install/mycobot_280:/home/tyler/mycobot_ROS2/colcon_ws/install/myarm_300:/home/tyler/mycobot_ROS2/colcon_ws/install/mycobot_communication:/home/tyler/mycobot_ROS2/colcon_ws/install/mecharm_pi:/home/tyler/mycobot_ROS2/colcon_ws/install/mecharm:/home/tyler/mycobot_ROS2/colcon_ws/install/mecharm_communication:/home/tyler/mycobot_ROS2/colcon_ws/install/mybuddy:/home/tyler/mycobot_ROS2/colcon_ws/install/mycobot_description:/opt/ros/humble MYSQL_PS1=(\u@\h) [\d]> /usr/bin/cmake --install /home/tyler/mycobot_ROS2/moveit_tutorial_ws/build/rviz_visual_tools
[2.804s] -- Install configuration: ""
[2.804s] -- Up-to-date: /home/tyler/mycobot_ROS2/moveit_tutorial_ws/install/rviz_visual_tools/share/rviz_visual_tools/plugin_description.xml
[2.805s] -- Up-to-date: /home/tyler/mycobot_ROS2/moveit_tutorial_ws/install/rviz_visual_tools/lib/librviz_visual_tools.so
[2.806s] -- Up-to-date: /home/tyler/mycobot_ROS2/moveit_tutorial_ws/install/rviz_visual_tools/lib/librviz_visual_tools_remote_control.so
[2.807s] -- Up-to-date: /home/tyler/mycobot_ROS2/moveit_tutorial_ws/install/rviz_visual_tools/lib/librviz_visual_tools_gui.so
[2.809s] -- Up-to-date: /home/tyler/mycobot_ROS2/moveit_tutorial_ws/install/rviz_visual_tools/lib/librviz_visual_tools_imarker_simple.so
[2.810s] -- Up-to-date: /home/tyler/mycobot_ROS2/moveit_tutorial_ws/install/rviz_visual_tools/lib/rviz_visual_tools/rviz_visual_tools_demo
[2.812s] -- Up-to-date: /home/tyler/mycobot_ROS2/moveit_tutorial_ws/install/rviz_visual_tools/lib/rviz_visual_tools/rviz_visual_tools_imarker_simple_demo
[2.812s] -- Up-to-date: /home/tyler/mycobot_ROS2/moveit_tutorial_ws/install/rviz_visual_tools/include
[2.813s] -- Up-to-date: /home/tyler/mycobot_ROS2/moveit_tutorial_ws/install/rviz_visual_tools/include/rviz_visual_tools
[2.813s] -- Up-to-date: /home/tyler/mycobot_ROS2/moveit_tutorial_ws/install/rviz_visual_tools/include/rviz_visual_tools/tf_visual_tools.hpp
[2.814s] -- Up-to-date: /home/tyler/mycobot_ROS2/moveit_tutorial_ws/install/rviz_visual_tools/include/rviz_visual_tools/rviz_visual_tools_gui.hpp
[2.815s] -- Up-to-date: /home/tyler/mycobot_ROS2/moveit_tutorial_ws/install/rviz_visual_tools/include/rviz_visual_tools/key_tool.hpp
[2.815s] -- Up-to-date: /home/tyler/mycobot_ROS2/moveit_tutorial_ws/install/rviz_visual_tools/include/rviz_visual_tools/remote_reciever.hpp
[2.816s] -- Up-to-date: /home/tyler/mycobot_ROS2/moveit_tutorial_ws/install/rviz_visual_tools/include/rviz_visual_tools/rviz_visual_tools.hpp
[2.816s] -- Up-to-date: /home/tyler/mycobot_ROS2/moveit_tutorial_ws/install/rviz_visual_tools/include/rviz_visual_tools/remote_control.hpp
[2.816s] -- Up-to-date: /home/tyler/mycobot_ROS2/moveit_tutorial_ws/install/rviz_visual_tools/include/rviz_visual_tools/imarker_simple.hpp
[2.816s] -- Up-to-date: /home/tyler/mycobot_ROS2/moveit_tutorial_ws/install/rviz_visual_tools/share/rviz_visual_tools/launch
[2.817s] -- Up-to-date: /home/tyler/mycobot_ROS2/moveit_tutorial_ws/install/rviz_visual_tools/share/rviz_visual_tools/launch/demo_combined.launch.py
[2.817s] -- Up-to-date: /home/tyler/mycobot_ROS2/moveit_tutorial_ws/install/rviz_visual_tools/share/rviz_visual_tools/launch/demo.rviz
[2.817s] -- Up-to-date: /home/tyler/mycobot_ROS2/moveit_tutorial_ws/install/rviz_visual_tools/share/rviz_visual_tools/launch/rvt_test.launch
[2.818s] -- Up-to-date: /home/tyler/mycobot_ROS2/moveit_tutorial_ws/install/rviz_visual_tools/share/rviz_visual_tools/launch/demo_rviz.launch.py
[2.818s] -- Up-to-date: /home/tyler/mycobot_ROS2/moveit_tutorial_ws/install/rviz_visual_tools/share/rviz_visual_tools/environment/library_path.sh
[2.818s] -- Up-to-date: /home/tyler/mycobot_ROS2/moveit_tutorial_ws/install/rviz_visual_tools/share/rviz_visual_tools/environment/library_path.dsv
[2.818s] -- Up-to-date: /home/tyler/mycobot_ROS2/moveit_tutorial_ws/install/rviz_visual_tools/share/ament_index/resource_index/package_run_dependencies/rviz_visual_tools
[2.819s] -- Up-to-date: /home/tyler/mycobot_ROS2/moveit_tutorial_ws/install/rviz_visual_tools/share/ament_index/resource_index/parent_prefix_path/rviz_visual_tools
[2.819s] -- Up-to-date: /home/tyler/mycobot_ROS2/moveit_tutorial_ws/install/rviz_visual_tools/share/rviz_visual_tools/environment/ament_prefix_path.sh
[2.819s] -- Up-to-date: /home/tyler/mycobot_ROS2/moveit_tutorial_ws/install/rviz_visual_tools/share/rviz_visual_tools/environment/ament_prefix_path.dsv
[2.819s] -- Up-to-date: /home/tyler/mycobot_ROS2/moveit_tutorial_ws/install/rviz_visual_tools/share/rviz_visual_tools/environment/path.sh
[2.820s] -- Up-to-date: /home/tyler/mycobot_ROS2/moveit_tutorial_ws/install/rviz_visual_tools/share/rviz_visual_tools/environment/path.dsv
[2.820s] -- Up-to-date: /home/tyler/mycobot_ROS2/moveit_tutorial_ws/install/rviz_visual_tools/share/rviz_visual_tools/local_setup.bash
[2.820s] -- Up-to-date: /home/tyler/mycobot_ROS2/moveit_tutorial_ws/install/rviz_visual_tools/share/rviz_visual_tools/local_setup.sh
[2.820s] -- Up-to-date: /home/tyler/mycobot_ROS2/moveit_tutorial_ws/install/rviz_visual_tools/share/rviz_visual_tools/local_setup.zsh
[2.821s] -- Up-to-date: /home/tyler/mycobot_ROS2/moveit_tutorial_ws/install/rviz_visual_tools/share/rviz_visual_tools/local_setup.dsv
[2.821s] -- Installing: /home/tyler/mycobot_ROS2/moveit_tutorial_ws/install/rviz_visual_tools/share/rviz_visual_tools/package.dsv
[2.821s] -- Up-to-date: /home/tyler/mycobot_ROS2/moveit_tutorial_ws/install/rviz_visual_tools/share/ament_index/resource_index/packages/rviz_visual_tools
[2.821s] -- Up-to-date: /home/tyler/mycobot_ROS2/moveit_tutorial_ws/install/rviz_visual_tools/share/ament_index/resource_index/rviz_common__pluginlib__plugin/rviz_visual_tools
[2.821s] -- Up-to-date: /home/tyler/mycobot_ROS2/moveit_tutorial_ws/install/rviz_visual_tools/share/rviz_visual_tools/cmake/export_rviz_visual_toolsExport.cmake
[2.822s] -- Up-to-date: /home/tyler/mycobot_ROS2/moveit_tutorial_ws/install/rviz_visual_tools/share/rviz_visual_tools/cmake/export_rviz_visual_toolsExport-noconfig.cmake
[2.822s] -- Up-to-date: /home/tyler/mycobot_ROS2/moveit_tutorial_ws/install/rviz_visual_tools/share/rviz_visual_tools/cmake/ament_cmake_export_targets-extras.cmake
[2.822s] -- Up-to-date: /home/tyler/mycobot_ROS2/moveit_tutorial_ws/install/rviz_visual_tools/share/rviz_visual_tools/cmake/ament_cmake_export_dependencies-extras.cmake
[2.822s] -- Up-to-date: /home/tyler/mycobot_ROS2/moveit_tutorial_ws/install/rviz_visual_tools/share/rviz_visual_tools/cmake/ament_cmake_export_include_directories-extras.cmake
[2.823s] -- Up-to-date: /home/tyler/mycobot_ROS2/moveit_tutorial_ws/install/rviz_visual_tools/share/rviz_visual_tools/cmake/ament_cmake_export_libraries-extras.cmake
[2.823s] -- Up-to-date: /home/tyler/mycobot_ROS2/moveit_tutorial_ws/install/rviz_visual_tools/share/rviz_visual_tools/cmake/rviz_visual_toolsConfig.cmake
[2.823s] -- Up-to-date: /home/tyler/mycobot_ROS2/moveit_tutorial_ws/install/rviz_visual_tools/share/rviz_visual_tools/cmake/rviz_visual_toolsConfig-version.cmake
[2.824s] -- Up-to-date: /home/tyler/mycobot_ROS2/moveit_tutorial_ws/install/rviz_visual_tools/share/rviz_visual_tools/package.xml
[3.345s] Invoked command in '/home/tyler/mycobot_ROS2/moveit_tutorial_ws/build/rviz_visual_tools' returned '0': CMAKE_PREFIX_PATH=${CMAKE_PREFIX_PATH}:/home/tyler/mycobot_ROS2/colcon_ws/install/ultraarm:/home/tyler/mycobot_ROS2/colcon_ws/install/mypalletizer_260_pi:/home/tyler/mycobot_ROS2/colcon_ws/install/mypalletizer_260:/home/tyler/mycobot_ROS2/colcon_ws/install/mypalletizer_communication:/home/tyler/mycobot_ROS2/colcon_ws/install/mycobot_320pi:/home/tyler/mycobot_ROS2/colcon_ws/install/mycobot_320:/home/tyler/mycobot_ROS2/colcon_ws/install/mycobot_280pi:/home/tyler/mycobot_ROS2/colcon_ws/install/mycobot_280jn:/home/tyler/mycobot_ROS2/colcon_ws/install/mycobot_280_x3pi:/home/tyler/mycobot_ROS2/colcon_ws/install/mycobot_280:/home/tyler/mycobot_ROS2/colcon_ws/install/myarm_300:/home/tyler/mycobot_ROS2/colcon_ws/install/mycobot_communication:/home/tyler/mycobot_ROS2/colcon_ws/install/mecharm_pi:/home/tyler/mycobot_ROS2/colcon_ws/install/mecharm:/home/tyler/mycobot_ROS2/colcon_ws/install/mecharm_communication:/home/tyler/mycobot_ROS2/colcon_ws/install/mybuddy:/home/tyler/mycobot_ROS2/colcon_ws/install/mycobot_description:/opt/ros/humble MYSQL_PS1=(\u@\h) [\d]> /usr/bin/cmake --install /home/tyler/mycobot_ROS2/moveit_tutorial_ws/build/rviz_visual_tools
