[2.115s] Invoking command in '/home/tyler/colcon_ws/src/mycobot_ros2/mycobot_280/mycobot_280pi': AMENT_PREFIX_PATH=/home/tyler/colcon_ws/install/mycobot_communication:/home/tyler/colcon_ws/install/mycobot_interfaces:/home/tyler/colcon_ws/install/mycobot_description:${AMENT_PREFIX_PATH} CMAKE_PREFIX_PATH=/home/tyler/colcon_ws/install/mycobot_interfaces LD_LIBRARY_PATH=/home/tyler/colcon_ws/install/mycobot_interfaces/lib:${LD_LIBRARY_PATH} MYSQL_PS1=(\u@\h) [\d]> PYTHONPATH=/home/tyler/colcon_ws/build/mycobot_280pi/prefix_override:/home/tyler/colcon_ws/install/mycobot_280pi/lib/python3.10/site-packages:/home/tyler/colcon_ws/install/mycobot_communication/lib/python3.10/site-packages:/home/tyler/colcon_ws/install/mycobot_interfaces/local/lib/python3.10/dist-packages:/home/tyler/colcon_ws/install/mycobot_description/lib/python3.10/site-packages:${PYTHONPATH} /usr/bin/python3 setup.py egg_info --egg-base ../../../../build/mycobot_280pi build --build-base /home/tyler/colcon_ws/build/mycobot_280pi/build install --record /home/tyler/colcon_ws/build/mycobot_280pi/install.log --install-scripts $base/lib/mycobot_280pi --single-version-externally-managed
[2.501s] /usr/lib/python3/dist-packages/setuptools/dist.py:723: UserWarning: Usage of dash-separated 'script-dir' will not be supported in future versions. Please use the underscore name 'script_dir' instead
[2.502s]   warnings.warn(
[2.515s] running egg_info
[2.518s] writing ../../../../build/mycobot_280pi/mycobot_280pi.egg-info/PKG-INFO
[2.518s] writing dependency_links to ../../../../build/mycobot_280pi/mycobot_280pi.egg-info/dependency_links.txt
[2.518s] writing entry points to ../../../../build/mycobot_280pi/mycobot_280pi.egg-info/entry_points.txt
[2.519s] writing requirements to ../../../../build/mycobot_280pi/mycobot_280pi.egg-info/requires.txt
[2.519s] writing top-level names to ../../../../build/mycobot_280pi/mycobot_280pi.egg-info/top_level.txt
[2.521s] reading manifest file '../../../../build/mycobot_280pi/mycobot_280pi.egg-info/SOURCES.txt'
[2.522s] adding license file 'LICENSE'
[2.523s] writing manifest file '../../../../build/mycobot_280pi/mycobot_280pi.egg-info/SOURCES.txt'
[2.523s] running build
[2.524s] running build_py
[2.525s] running install
[2.526s] /usr/lib/python3/dist-packages/setuptools/command/install.py:34: SetuptoolsDeprecationWarning: setup.py install is deprecated. Use build and pip and other standards-based tools.
[2.526s]   warnings.warn(
[2.527s] running install_lib
[2.527s] running install_data
[2.528s] running install_egg_info
[2.533s] removing '/home/tyler/colcon_ws/install/mycobot_280pi/lib/python3.10/site-packages/mycobot_280pi-0.0.0-py3.10.egg-info' (and everything under it)
[2.534s] Copying ../../../../build/mycobot_280pi/mycobot_280pi.egg-info to /home/tyler/colcon_ws/install/mycobot_280pi/lib/python3.10/site-packages/mycobot_280pi-0.0.0-py3.10.egg-info
[2.534s] running install_scripts
[2.571s] Installing camera_display script to /home/tyler/colcon_ws/install/mycobot_280pi/lib/mycobot_280pi
[2.573s] Installing detect_marker script to /home/tyler/colcon_ws/install/mycobot_280pi/lib/mycobot_280pi
[2.573s] Installing follow_display script to /home/tyler/colcon_ws/install/mycobot_280pi/lib/mycobot_280pi
[2.573s] Installing following_marker script to /home/tyler/colcon_ws/install/mycobot_280pi/lib/mycobot_280pi
[2.573s] Installing listen_real script to /home/tyler/colcon_ws/install/mycobot_280pi/lib/mycobot_280pi
[2.573s] Installing listen_real_of_topic script to /home/tyler/colcon_ws/install/mycobot_280pi/lib/mycobot_280pi
[2.575s] Installing opencv_camera script to /home/tyler/colcon_ws/install/mycobot_280pi/lib/mycobot_280pi
[2.575s] Installing simple_gui script to /home/tyler/colcon_ws/install/mycobot_280pi/lib/mycobot_280pi
[2.575s] Installing slider_control script to /home/tyler/colcon_ws/install/mycobot_280pi/lib/mycobot_280pi
[2.575s] Installing teleop_keyboard script to /home/tyler/colcon_ws/install/mycobot_280pi/lib/mycobot_280pi
[2.577s] writing list of installed files to '/home/tyler/colcon_ws/build/mycobot_280pi/install.log'
[2.778s] Invoked command in '/home/tyler/colcon_ws/src/mycobot_ros2/mycobot_280/mycobot_280pi' returned '0': AMENT_PREFIX_PATH=/home/tyler/colcon_ws/install/mycobot_communication:/home/tyler/colcon_ws/install/mycobot_interfaces:/home/tyler/colcon_ws/install/mycobot_description:${AMENT_PREFIX_PATH} CMAKE_PREFIX_PATH=/home/tyler/colcon_ws/install/mycobot_interfaces LD_LIBRARY_PATH=/home/tyler/colcon_ws/install/mycobot_interfaces/lib:${LD_LIBRARY_PATH} MYSQL_PS1=(\u@\h) [\d]> PYTHONPATH=/home/tyler/colcon_ws/build/mycobot_280pi/prefix_override:/home/tyler/colcon_ws/install/mycobot_280pi/lib/python3.10/site-packages:/home/tyler/colcon_ws/install/mycobot_communication/lib/python3.10/site-packages:/home/tyler/colcon_ws/install/mycobot_interfaces/local/lib/python3.10/dist-packages:/home/tyler/colcon_ws/install/mycobot_description/lib/python3.10/site-packages:${PYTHONPATH} /usr/bin/python3 setup.py egg_info --egg-base ../../../../build/mycobot_280pi build --build-base /home/tyler/colcon_ws/build/mycobot_280pi/build install --record /home/tyler/colcon_ws/build/mycobot_280pi/install.log --install-scripts $base/lib/mycobot_280pi --single-version-externally-managed
