running develop
Removing /home/tyler/colcon_ws/install/ultraarm/lib/python3.10/site-packages/ultraarm.egg-link (link to .)
running egg_info
writing ../../../../build/ultraarm/ultraarm.egg-info/PKG-INFO
writing dependency_links to ../../../../build/ultraarm/ultraarm.egg-info/dependency_links.txt
writing entry points to ../../../../build/ultraarm/ultraarm.egg-info/entry_points.txt
writing requirements to ../../../../build/ultraarm/ultraarm.egg-info/requires.txt
writing top-level names to ../../../../build/ultraarm/ultraarm.egg-info/top_level.txt
reading manifest file '../../../../build/ultraarm/ultraarm.egg-info/SOURCES.txt'
writing manifest file '../../../../build/ultraarm/ultraarm.egg-info/SOURCES.txt'
running build
running build_py
creating /home/tyler/colcon_ws/build/ultraarm/build
creating /home/tyler/colcon_ws/build/ultraarm/build/lib
creating /home/tyler/colcon_ws/build/ultraarm/build/lib/ultraarm
copying ultraarm/listen_real_of_topic.py -> /home/tyler/colcon_ws/build/ultraarm/build/lib/ultraarm
copying ultraarm/listen_real.py -> /home/tyler/colcon_ws/build/ultraarm/build/lib/ultraarm
copying ultraarm/teleop_keyboard.py -> /home/tyler/colcon_ws/build/ultraarm/build/lib/ultraarm
copying ultraarm/__init__.py -> /home/tyler/colcon_ws/build/ultraarm/build/lib/ultraarm
copying ultraarm/slider_control.py -> /home/tyler/colcon_ws/build/ultraarm/build/lib/ultraarm
copying ultraarm/simple_gui.py -> /home/tyler/colcon_ws/build/ultraarm/build/lib/ultraarm
running install
running install_lib
creating /home/tyler/colcon_ws/install/ultraarm/lib/python3.10/site-packages/ultraarm
copying /home/tyler/colcon_ws/build/ultraarm/build/lib/ultraarm/listen_real_of_topic.py -> /home/tyler/colcon_ws/install/ultraarm/lib/python3.10/site-packages/ultraarm
copying /home/tyler/colcon_ws/build/ultraarm/build/lib/ultraarm/listen_real.py -> /home/tyler/colcon_ws/install/ultraarm/lib/python3.10/site-packages/ultraarm
copying /home/tyler/colcon_ws/build/ultraarm/build/lib/ultraarm/teleop_keyboard.py -> /home/tyler/colcon_ws/install/ultraarm/lib/python3.10/site-packages/ultraarm
copying /home/tyler/colcon_ws/build/ultraarm/build/lib/ultraarm/__init__.py -> /home/tyler/colcon_ws/install/ultraarm/lib/python3.10/site-packages/ultraarm
copying /home/tyler/colcon_ws/build/ultraarm/build/lib/ultraarm/slider_control.py -> /home/tyler/colcon_ws/install/ultraarm/lib/python3.10/site-packages/ultraarm
copying /home/tyler/colcon_ws/build/ultraarm/build/lib/ultraarm/simple_gui.py -> /home/tyler/colcon_ws/install/ultraarm/lib/python3.10/site-packages/ultraarm
byte-compiling /home/tyler/colcon_ws/install/ultraarm/lib/python3.10/site-packages/ultraarm/listen_real_of_topic.py to listen_real_of_topic.cpython-310.pyc
byte-compiling /home/tyler/colcon_ws/install/ultraarm/lib/python3.10/site-packages/ultraarm/listen_real.py to listen_real.cpython-310.pyc
byte-compiling /home/tyler/colcon_ws/install/ultraarm/lib/python3.10/site-packages/ultraarm/teleop_keyboard.py to teleop_keyboard.cpython-310.pyc
byte-compiling /home/tyler/colcon_ws/install/ultraarm/lib/python3.10/site-packages/ultraarm/__init__.py to __init__.cpython-310.pyc
byte-compiling /home/tyler/colcon_ws/install/ultraarm/lib/python3.10/site-packages/ultraarm/slider_control.py to slider_control.cpython-310.pyc
byte-compiling /home/tyler/colcon_ws/install/ultraarm/lib/python3.10/site-packages/ultraarm/simple_gui.py to simple_gui.cpython-310.pyc
running install_data
running install_egg_info
Copying ../../../../build/ultraarm/ultraarm.egg-info to /home/tyler/colcon_ws/install/ultraarm/lib/python3.10/site-packages/ultraarm-0.0.0-py3.10.egg-info
running install_scripts
Installing listen_real script to /home/tyler/colcon_ws/install/ultraarm/lib/ultraarm
Installing listen_real_of_topic script to /home/tyler/colcon_ws/install/ultraarm/lib/ultraarm
Installing simple_gui script to /home/tyler/colcon_ws/install/ultraarm/lib/ultraarm
Installing slider_control script to /home/tyler/colcon_ws/install/ultraarm/lib/ultraarm
Installing teleop_keyboard script to /home/tyler/colcon_ws/install/ultraarm/lib/ultraarm
writing list of installed files to '/home/tyler/colcon_ws/build/ultraarm/install.log'
