/usr/lib/python3/dist-packages/setuptools/dist.py:723: UserWarning: Usage of dash-separated 'script-dir' will not be supported in future versions. Please use the underscore name 'script_dir' instead
  warnings.warn(
running develop
/usr/lib/python3/dist-packages/setuptools/command/easy_install.py:158: EasyInstallDeprecationWarning: easy_install command is deprecated. Use build and pip and other standards-based tools.
  warnings.warn(
/usr/lib/python3/dist-packages/setuptools/command/install.py:34: SetuptoolsDeprecationWarning: setup.py install is deprecated. Use build and pip and other standards-based tools.
  warnings.warn(
Removing /home/tyler/colcon_ws/install/myarm_300/lib/python3.10/site-packages/myarm-300.egg-link (link to .)
/usr/lib/python3/dist-packages/setuptools/dist.py:723: UserWarning: Usage of dash-separated 'script-dir' will not be supported in future versions. Please use the underscore name 'script_dir' instead
  warnings.warn(
running egg_info
writing ../../../../build/myarm_300/myarm_300.egg-info/PKG-INFO
writing dependency_links to ../../../../build/myarm_300/myarm_300.egg-info/dependency_links.txt
writing entry points to ../../../../build/myarm_300/myarm_300.egg-info/entry_points.txt
writing requirements to ../../../../build/myarm_300/myarm_300.egg-info/requires.txt
writing top-level names to ../../../../build/myarm_300/myarm_300.egg-info/top_level.txt
reading manifest file '../../../../build/myarm_300/myarm_300.egg-info/SOURCES.txt'
adding license file 'LICENSE'
writing manifest file '../../../../build/myarm_300/myarm_300.egg-info/SOURCES.txt'
running build
running build_py
creating /home/tyler/colcon_ws/build/myarm_300/build
creating /home/tyler/colcon_ws/build/myarm_300/build/lib
creating /home/tyler/colcon_ws/build/myarm_300/build/lib/myarm_300
copying myarm_300/follow_display.py -> /home/tyler/colcon_ws/build/myarm_300/build/lib/myarm_300
copying myarm_300/teleop_keyboard.py -> /home/tyler/colcon_ws/build/myarm_300/build/lib/myarm_300
copying myarm_300/__init__.py -> /home/tyler/colcon_ws/build/myarm_300/build/lib/myarm_300
copying myarm_300/slider_control.py -> /home/tyler/colcon_ws/build/myarm_300/build/lib/myarm_300
copying myarm_300/simple_gui.py -> /home/tyler/colcon_ws/build/myarm_300/build/lib/myarm_300
running install
/usr/lib/python3/dist-packages/setuptools/command/install.py:34: SetuptoolsDeprecationWarning: setup.py install is deprecated. Use build and pip and other standards-based tools.
  warnings.warn(
running install_lib
creating /home/tyler/colcon_ws/install/myarm_300/lib/python3.10/site-packages/myarm_300
copying /home/tyler/colcon_ws/build/myarm_300/build/lib/myarm_300/follow_display.py -> /home/tyler/colcon_ws/install/myarm_300/lib/python3.10/site-packages/myarm_300
copying /home/tyler/colcon_ws/build/myarm_300/build/lib/myarm_300/teleop_keyboard.py -> /home/tyler/colcon_ws/install/myarm_300/lib/python3.10/site-packages/myarm_300
copying /home/tyler/colcon_ws/build/myarm_300/build/lib/myarm_300/__init__.py -> /home/tyler/colcon_ws/install/myarm_300/lib/python3.10/site-packages/myarm_300
copying /home/tyler/colcon_ws/build/myarm_300/build/lib/myarm_300/slider_control.py -> /home/tyler/colcon_ws/install/myarm_300/lib/python3.10/site-packages/myarm_300
copying /home/tyler/colcon_ws/build/myarm_300/build/lib/myarm_300/simple_gui.py -> /home/tyler/colcon_ws/install/myarm_300/lib/python3.10/site-packages/myarm_300
byte-compiling /home/tyler/colcon_ws/install/myarm_300/lib/python3.10/site-packages/myarm_300/follow_display.py to follow_display.cpython-310.pyc
byte-compiling /home/tyler/colcon_ws/install/myarm_300/lib/python3.10/site-packages/myarm_300/teleop_keyboard.py to teleop_keyboard.cpython-310.pyc
byte-compiling /home/tyler/colcon_ws/install/myarm_300/lib/python3.10/site-packages/myarm_300/__init__.py to __init__.cpython-310.pyc
byte-compiling /home/tyler/colcon_ws/install/myarm_300/lib/python3.10/site-packages/myarm_300/slider_control.py to slider_control.cpython-310.pyc
byte-compiling /home/tyler/colcon_ws/install/myarm_300/lib/python3.10/site-packages/myarm_300/simple_gui.py to simple_gui.cpython-310.pyc
running install_data
running install_egg_info
Copying ../../../../build/myarm_300/myarm_300.egg-info to /home/tyler/colcon_ws/install/myarm_300/lib/python3.10/site-packages/myarm_300-0.0.0-py3.10.egg-info
running install_scripts
Installing follow_display script to /home/tyler/colcon_ws/install/myarm_300/lib/myarm_300
Installing simple_gui script to /home/tyler/colcon_ws/install/myarm_300/lib/myarm_300
Installing slider_control script to /home/tyler/colcon_ws/install/myarm_300/lib/myarm_300
Installing teleop_keyboard script to /home/tyler/colcon_ws/install/myarm_300/lib/myarm_300
writing list of installed files to '/home/tyler/colcon_ws/build/myarm_300/install.log'
