-- The C compiler identification is GNU 11.4.0
-- The CXX compiler identification is GNU 11.4.0
-- Detecting C compiler ABI info
-- Detecting C compiler ABI info - done
-- Check for working C compiler: /usr/bin/cc - skipped
-- Detecting C compile features
-- Detecting C compile features - done
-- Detecting CXX compiler ABI info
-- Detecting CXX compiler ABI info - done
-- Check for working CXX compiler: /usr/bin/c++ - skipped
-- Detecting CXX compile features
-- Detecting CXX compile features - done
-- Found ament_cmake: 1.3.5 (/opt/ros/humble/share/ament_cmake/cmake)
-- Found Python3: /usr/bin/python3.10 (found version "3.10.12") found components: Interpreter 
-- Found ament_cmake_ros: 0.10.0 (/opt/ros/humble/share/ament_cmake_ros/cmake)
-- Found generate_parameter_library: 0.3.6 (/opt/ros/humble/share/generate_parameter_library/cmake)
-- Found parameter_traits: 0.3.6 (/opt/ros/humble/share/parameter_traits/cmake)
-- Found rosidl_generator_c: 3.1.5 (/opt/ros/humble/share/rosidl_generator_c/cmake)
-- Found rosidl_adapter: 3.1.5 (/opt/ros/humble/share/rosidl_adapter/cmake)
-- Found rosidl_generator_cpp: 3.1.5 (/opt/ros/humble/share/rosidl_generator_cpp/cmake)
-- Using all available rosidl_typesupport_c: rosidl_typesupport_fastrtps_c;rosidl_typesupport_introspection_c
-- Using all available rosidl_typesupport_cpp: rosidl_typesupport_fastrtps_cpp;rosidl_typesupport_introspection_cpp
-- Found rmw_implementation_cmake: 6.1.1 (/opt/ros/humble/share/rmw_implementation_cmake/cmake)
-- Found rmw_fastrtps_cpp: 6.2.4 (/opt/ros/humble/share/rmw_fastrtps_cpp/cmake)
-- Found OpenSSL: /usr/lib/x86_64-linux-gnu/libcrypto.so (found version "3.0.2")  
-- Found FastRTPS: /opt/ros/humble/include  
-- Using RMW implementation 'rmw_fastrtps_cpp' as default
-- Looking for pthread.h
-- Looking for pthread.h - found
-- Performing Test CMAKE_HAVE_LIBC_PTHREAD
-- Performing Test CMAKE_HAVE_LIBC_PTHREAD - Success
-- Found Threads: TRUE  
-- Found rclcpp_lifecycle: 16.0.6 (/opt/ros/humble/share/rclcpp_lifecycle/cmake)
-- Found moveit_core: 2.8.0 (/home/tyler/mycobot_ROS2/moveit_tutorial_ws/install/moveit_core/share/moveit_core/cmake)
-- Found Boost: /usr/lib/x86_64-linux-gnu/cmake/Boost-1.74.0/BoostConfig.cmake (found version "1.74.0") found components: chrono date_time filesystem iostreams program_options regex serialization system thread 
-- Found Boost: /usr/lib/x86_64-linux-gnu/cmake/Boost-1.74.0/BoostConfig.cmake (found version "1.74.0") found components: filesystem 
-- library: /usr/lib/x86_64-linux-gnu/libcurl.so
-- Found Eigen3: TRUE (found version "3.4.0") 
-- Ensuring Eigen3 include directory is part of orocos-kdl CMake target
-- Performing Test HAVE_FLAG__ffile_prefix_map__home_tyler_mycobot_ROS2_moveit_tutorial_ws_build_pick_ik__deps_catch2_src__
-- Performing Test HAVE_FLAG__ffile_prefix_map__home_tyler_mycobot_ROS2_moveit_tutorial_ws_build_pick_ik__deps_catch2_src__ - Success
-- Configuring done
-- Generating done
-- Build files have been written to: /home/tyler/mycobot_ROS2/moveit_tutorial_ws/build/pick_ik
[  1%] [34m[1mRunning `/opt/ros/humble/bin/generate_parameter_library_cpp /home/tyler/mycobot_ROS2/moveit_tutorial_ws/build/pick_ik/pick_ik_parameters/include//pick_ik_parameters.hpp /home/tyler/mycobot_ROS2/moveit_tutorial_ws/src/pick_ik/src/pick_ik_parameters.yaml `[0m
[  1%] [32mBuilding CXX object _deps/catch2-build/src/CMakeFiles/Catch2.dir/catch2/benchmark/catch_chronometer.cpp.o[0m
[  2%] [32mBuilding CXX object _deps/catch2-build/src/CMakeFiles/Catch2.dir/catch2/benchmark/detail/catch_benchmark_function.cpp.o[0m
[  3%] [32mBuilding CXX object _deps/catch2-build/src/CMakeFiles/Catch2.dir/catch2/benchmark/detail/catch_stats.cpp.o[0m
[  4%] [32mBuilding CXX object _deps/catch2-build/src/CMakeFiles/Catch2.dir/catch2/benchmark/detail/catch_run_for_at_least.cpp.o[0m
[  5%] [32mBuilding CXX object _deps/catch2-build/src/CMakeFiles/Catch2.dir/catch2/generators/catch_generator_exception.cpp.o[0m
[  6%] [32mBuilding CXX object _deps/catch2-build/src/CMakeFiles/Catch2.dir/catch2/generators/catch_generators.cpp.o[0m
[  6%] [32mBuilding CXX object _deps/catch2-build/src/CMakeFiles/Catch2.dir/catch2/generators/catch_generators_random.cpp.o[0m
[  7%] [32mBuilding CXX object _deps/catch2-build/src/CMakeFiles/Catch2.dir/catch2/reporters/catch_reporter_helpers.cpp.o[0m
[  7%] [32mBuilding CXX object _deps/catch2-build/src/CMakeFiles/Catch2.dir/catch2/reporters/catch_reporter_event_listener.cpp.o[0m
[  8%] [32mBuilding CXX object _deps/catch2-build/src/CMakeFiles/Catch2.dir/catch2/reporters/catch_reporter_cumulative_base.cpp.o[0m
[  9%] [32mBuilding CXX object _deps/catch2-build/src/CMakeFiles/Catch2.dir/catch2/reporters/catch_reporter_console.cpp.o[0m
[ 10%] [32mBuilding CXX object _deps/catch2-build/src/CMakeFiles/Catch2.dir/catch2/reporters/catch_reporter_junit.cpp.o[0m
[ 11%] [32mBuilding CXX object _deps/catch2-build/src/CMakeFiles/Catch2.dir/catch2/reporters/catch_reporter_multi.cpp.o[0m
[ 12%] [32mBuilding CXX object _deps/catch2-build/src/CMakeFiles/Catch2.dir/catch2/reporters/catch_reporter_compact.cpp.o[0m
[ 13%] [32mBuilding CXX object _deps/catch2-build/src/CMakeFiles/Catch2.dir/catch2/reporters/catch_reporter_common_base.cpp.o[0m
[ 14%] [32mBuilding CXX object _deps/catch2-build/src/CMakeFiles/Catch2.dir/catch2/reporters/catch_reporter_automake.cpp.o[0m
[ 15%] [32mBuilding CXX object _deps/catch2-build/src/CMakeFiles/Catch2.dir/catch2/reporters/catch_reporter_registrars.cpp.o[0m
[ 16%] [32mBuilding CXX object _deps/catch2-build/src/CMakeFiles/Catch2.dir/catch2/reporters/catch_reporter_sonarqube.cpp.o[0m
[ 16%] [32mBuilding CXX object _deps/catch2-build/src/CMakeFiles/Catch2.dir/catch2/reporters/catch_reporter_streaming_base.cpp.o[0m
[ 17%] [32mBuilding CXX object _deps/catch2-build/src/CMakeFiles/Catch2.dir/catch2/reporters/catch_reporter_tap.cpp.o[0m
[ 18%] [32mBuilding CXX object _deps/catch2-build/src/CMakeFiles/Catch2.dir/catch2/reporters/catch_reporter_teamcity.cpp.o[0m
[ 19%] [32mBuilding CXX object _deps/catch2-build/src/CMakeFiles/Catch2.dir/catch2/reporters/catch_reporter_xml.cpp.o[0m
[ 19%] Built target pick_ik_parameters
[ 20%] [32mBuilding CXX object _deps/catch2-build/src/CMakeFiles/Catch2.dir/catch2/catch_message.cpp.o[0m
[ 20%] [32mBuilding CXX object _deps/catch2-build/src/CMakeFiles/Catch2.dir/catch2/catch_registry_hub.cpp.o[0m
[ 21%] [32mBuilding CXX object _deps/catch2-build/src/CMakeFiles/Catch2.dir/catch2/catch_session.cpp.o[0m
[ 22%] [32mBuilding CXX object _deps/catch2-build/src/CMakeFiles/Catch2.dir/catch2/catch_tag_alias_autoregistrar.cpp.o[0m
[ 23%] [32mBuilding CXX object _deps/catch2-build/src/CMakeFiles/Catch2.dir/catch2/catch_test_case_info.cpp.o[0m
[ 24%] [32mBuilding CXX object _deps/catch2-build/src/CMakeFiles/Catch2.dir/catch2/catch_test_spec.cpp.o[0m
[ 25%] [32mBuilding CXX object _deps/catch2-build/src/CMakeFiles/Catch2.dir/catch2/catch_timer.cpp.o[0m
[ 25%] [32mBuilding CXX object _deps/catch2-build/src/CMakeFiles/Catch2.dir/catch2/catch_tostring.cpp.o[0m
[ 26%] [32mBuilding CXX object _deps/catch2-build/src/CMakeFiles/Catch2.dir/catch2/catch_totals.cpp.o[0m
[ 27%] [32mBuilding CXX object _deps/catch2-build/src/CMakeFiles/Catch2.dir/catch2/catch_version.cpp.o[0m
[ 28%] [32mBuilding CXX object _deps/catch2-build/src/CMakeFiles/Catch2.dir/catch2/internal/catch_assertion_handler.cpp.o[0m
[ 29%] [32mBuilding CXX object _deps/catch2-build/src/CMakeFiles/Catch2.dir/catch2/internal/catch_case_insensitive_comparisons.cpp.o[0m
[ 30%] [32mBuilding CXX object _deps/catch2-build/src/CMakeFiles/Catch2.dir/catch2/internal/catch_clara.cpp.o[0m
[ 30%] [32mBuilding CXX object _deps/catch2-build/src/CMakeFiles/Catch2.dir/catch2/internal/catch_commandline.cpp.o[0m
[ 31%] [32mBuilding CXX object _deps/catch2-build/src/CMakeFiles/Catch2.dir/catch2/internal/catch_console_colour.cpp.o[0m
[ 32%] [32mBuilding CXX object _deps/catch2-build/src/CMakeFiles/Catch2.dir/catch2/internal/catch_context.cpp.o[0m
[ 33%] [32mBuilding CXX object _deps/catch2-build/src/CMakeFiles/Catch2.dir/catch2/internal/catch_debug_console.cpp.o[0m
[ 34%] [32mBuilding CXX object _deps/catch2-build/src/CMakeFiles/Catch2.dir/catch2/internal/catch_debugger.cpp.o[0m
[ 35%] [32mBuilding CXX object _deps/catch2-build/src/CMakeFiles/Catch2.dir/catch2/internal/catch_decomposer.cpp.o[0m
[ 35%] [32mBuilding CXX object _deps/catch2-build/src/CMakeFiles/Catch2.dir/catch2/internal/catch_enforce.cpp.o[0m
[ 36%] [32mBuilding CXX object _deps/catch2-build/src/CMakeFiles/Catch2.dir/catch2/internal/catch_enum_values_registry.cpp.o[0m
[ 37%] [32mBuilding CXX object _deps/catch2-build/src/CMakeFiles/Catch2.dir/catch2/internal/catch_errno_guard.cpp.o[0m
[ 38%] [32mBuilding CXX object _deps/catch2-build/src/CMakeFiles/Catch2.dir/catch2/internal/catch_exception_translator_registry.cpp.o[0m
[ 39%] [32mBuilding CXX object _deps/catch2-build/src/CMakeFiles/Catch2.dir/catch2/internal/catch_fatal_condition_handler.cpp.o[0m
[ 40%] [32mBuilding CXX object _deps/catch2-build/src/CMakeFiles/Catch2.dir/catch2/internal/catch_floating_point_helpers.cpp.o[0m
[ 40%] [32mBuilding CXX object _deps/catch2-build/src/CMakeFiles/Catch2.dir/catch2/internal/catch_getenv.cpp.o[0m
[ 41%] [32mBuilding CXX object _deps/catch2-build/src/CMakeFiles/Catch2.dir/catch2/internal/catch_istream.cpp.o[0m
[ 42%] [32mBuilding CXX object _deps/catch2-build/src/CMakeFiles/Catch2.dir/catch2/internal/catch_lazy_expr.cpp.o[0m
[ 43%] [32mBuilding CXX object _deps/catch2-build/src/CMakeFiles/Catch2.dir/catch2/internal/catch_leak_detector.cpp.o[0m
[ 44%] [32mBuilding CXX object _deps/catch2-build/src/CMakeFiles/Catch2.dir/catch2/internal/catch_list.cpp.o[0m
[ 45%] [32mBuilding CXX object _deps/catch2-build/src/CMakeFiles/Catch2.dir/catch2/internal/catch_message_info.cpp.o[0m
[ 45%] [32mBuilding CXX object _deps/catch2-build/src/CMakeFiles/Catch2.dir/catch2/internal/catch_output_redirect.cpp.o[0m
[ 46%] [32mBuilding CXX object _deps/catch2-build/src/CMakeFiles/Catch2.dir/catch2/internal/catch_parse_numbers.cpp.o[0m
[ 48%] [32mBuilding CXX object _deps/catch2-build/src/CMakeFiles/Catch2.dir/catch2/catch_config.cpp.o[0m
[ 48%] [32mBuilding CXX object _deps/catch2-build/src/CMakeFiles/Catch2.dir/catch2/catch_get_random_seed.cpp.o[0m
[ 49%] [32mBuilding CXX object _deps/catch2-build/src/CMakeFiles/Catch2.dir/catch2/catch_assertion_result.cpp.o[0m
[ 50%] [32mBuilding CXX object _deps/catch2-build/src/CMakeFiles/Catch2.dir/catch2/internal/catch_polyfills.cpp.o[0m
[ 51%] [32mBuilding CXX object _deps/catch2-build/src/CMakeFiles/Catch2.dir/catch2/internal/catch_random_number_generator.cpp.o[0m
[ 52%] [32mBuilding CXX object _deps/catch2-build/src/CMakeFiles/Catch2.dir/catch2/internal/catch_random_seed_generation.cpp.o[0m
[ 53%] [32mBuilding CXX object _deps/catch2-build/src/CMakeFiles/Catch2.dir/catch2/internal/catch_reporter_registry.cpp.o[0m
[ 53%] [32mBuilding CXX object _deps/catch2-build/src/CMakeFiles/Catch2.dir/catch2/internal/catch_reporter_spec_parser.cpp.o[0m
[ 54%] [32mBuilding CXX object _deps/catch2-build/src/CMakeFiles/Catch2.dir/catch2/interfaces/catch_interfaces_testcase.cpp.o[0m
[ 54%] [32mBuilding CXX object _deps/catch2-build/src/CMakeFiles/Catch2.dir/catch2/catch_approx.cpp.o[0m
[ 55%] [32mBuilding CXX object _deps/catch2-build/src/CMakeFiles/Catch2.dir/catch2/internal/catch_result_type.cpp.o[0m
[ 56%] [32mBuilding CXX object _deps/catch2-build/src/CMakeFiles/Catch2.dir/catch2/internal/catch_reusable_string_stream.cpp.o[0m
[ 57%] [32mBuilding CXX object _deps/catch2-build/src/CMakeFiles/Catch2.dir/catch2/internal/catch_run_context.cpp.o[0m
[ 59%] [32mBuilding CXX object _deps/catch2-build/src/CMakeFiles/Catch2.dir/catch2/interfaces/catch_interfaces_reporter_factory.cpp.o[0m
[ 59%] [32mBuilding CXX object _deps/catch2-build/src/CMakeFiles/Catch2.dir/catch2/internal/catch_section.cpp.o[0m
[ 60%] [32mBuilding CXX object _deps/catch2-build/src/CMakeFiles/Catch2.dir/catch2/interfaces/catch_interfaces_reporter_registry.cpp.o[0m
[ 61%] [32mBuilding CXX object _deps/catch2-build/src/CMakeFiles/Catch2.dir/catch2/internal/catch_singletons.cpp.o[0m
[ 61%] [32mBuilding CXX object _deps/catch2-build/src/CMakeFiles/Catch2.dir/catch2/internal/catch_source_line_info.cpp.o[0m
[ 62%] [32mBuilding CXX object _deps/catch2-build/src/CMakeFiles/Catch2.dir/catch2/internal/catch_startup_exception_registry.cpp.o[0m
[ 63%] [32mBuilding CXX object _deps/catch2-build/src/CMakeFiles/Catch2.dir/catch2/internal/catch_stdstreams.cpp.o[0m
[ 64%] [32mBuilding CXX object _deps/catch2-build/src/CMakeFiles/Catch2.dir/catch2/internal/catch_string_manip.cpp.o[0m
[ 65%] [32mBuilding CXX object _deps/catch2-build/src/CMakeFiles/Catch2.dir/catch2/internal/catch_stringref.cpp.o[0m
[ 66%] [32mBuilding CXX object _deps/catch2-build/src/CMakeFiles/Catch2.dir/catch2/internal/catch_tag_alias_registry.cpp.o[0m
[ 67%] [32mBuilding CXX object _deps/catch2-build/src/CMakeFiles/Catch2.dir/catch2/interfaces/catch_interfaces_registry_hub.cpp.o[0m
[ 67%] [32mBuilding CXX object _deps/catch2-build/src/CMakeFiles/Catch2.dir/catch2/internal/catch_test_case_info_hasher.cpp.o[0m
[ 68%] [32mBuilding CXX object _deps/catch2-build/src/CMakeFiles/Catch2.dir/catch2/interfaces/catch_interfaces_reporter.cpp.o[0m
[ 69%] [32mBuilding CXX object _deps/catch2-build/src/CMakeFiles/Catch2.dir/catch2/internal/catch_test_case_registry_impl.cpp.o[0m
[ 70%] [32mBuilding CXX object _deps/catch2-build/src/CMakeFiles/Catch2.dir/catch2/internal/catch_test_case_tracker.cpp.o[0m
[ 71%] [32mBuilding CXX object _deps/catch2-build/src/CMakeFiles/Catch2.dir/catch2/internal/catch_test_failure_exception.cpp.o[0m
[ 72%] [32mBuilding CXX object _deps/catch2-build/src/CMakeFiles/Catch2.dir/catch2/internal/catch_test_registry.cpp.o[0m
[ 73%] [32mBuilding CXX object _deps/catch2-build/src/CMakeFiles/Catch2.dir/catch2/internal/catch_test_spec_parser.cpp.o[0m
[ 74%] [32mBuilding CXX object _deps/catch2-build/src/CMakeFiles/Catch2.dir/catch2/interfaces/catch_interfaces_generatortracker.cpp.o[0m
[ 74%] [32mBuilding CXX object _deps/catch2-build/src/CMakeFiles/Catch2.dir/catch2/internal/catch_textflow.cpp.o[0m
[ 74%] [32mBuilding CXX object _deps/catch2-build/src/CMakeFiles/Catch2.dir/catch2/interfaces/catch_interfaces_exception.cpp.o[0m
[ 75%] [32mBuilding CXX object _deps/catch2-build/src/CMakeFiles/Catch2.dir/catch2/internal/catch_uncaught_exceptions.cpp.o[0m
[ 76%] [32mBuilding CXX object _deps/catch2-build/src/CMakeFiles/Catch2.dir/catch2/internal/catch_wildcard_pattern.cpp.o[0m
[ 77%] [32mBuilding CXX object _deps/catch2-build/src/CMakeFiles/Catch2.dir/catch2/internal/catch_xmlwriter.cpp.o[0m
[ 78%] [32mBuilding CXX object _deps/catch2-build/src/CMakeFiles/Catch2.dir/catch2/matchers/catch_matchers_container_properties.cpp.o[0m
[ 79%] [32mBuilding CXX object _deps/catch2-build/src/CMakeFiles/Catch2.dir/catch2/matchers/catch_matchers.cpp.o[0m
[ 79%] [32mBuilding CXX object _deps/catch2-build/src/CMakeFiles/Catch2.dir/catch2/matchers/catch_matchers_exception.cpp.o[0m
[ 80%] [32mBuilding CXX object _deps/catch2-build/src/CMakeFiles/Catch2.dir/catch2/matchers/catch_matchers_floating_point.cpp.o[0m
[ 81%] [32mBuilding CXX object _deps/catch2-build/src/CMakeFiles/Catch2.dir/catch2/matchers/catch_matchers_predicate.cpp.o[0m
[ 82%] [32mBuilding CXX object _deps/catch2-build/src/CMakeFiles/Catch2.dir/catch2/matchers/catch_matchers_string.cpp.o[0m
[ 83%] [32mBuilding CXX object _deps/catch2-build/src/CMakeFiles/Catch2.dir/catch2/matchers/catch_matchers_templated.cpp.o[0m
[ 83%] [32mBuilding CXX object _deps/catch2-build/src/CMakeFiles/Catch2.dir/catch2/matchers/internal/catch_matchers_impl.cpp.o[0m
[ 84%] [32mBuilding CXX object _deps/catch2-build/src/CMakeFiles/Catch2.dir/catch2/matchers/catch_matchers_quantifiers.cpp.o[0m
[ 85%] [32mBuilding CXX object _deps/catch2-build/src/CMakeFiles/Catch2.dir/catch2/interfaces/catch_interfaces_config.cpp.o[0m
[ 86%] [32mBuilding CXX object _deps/catch2-build/src/CMakeFiles/Catch2.dir/catch2/interfaces/catch_interfaces_capture.cpp.o[0m
[ 87%] [32m[1mLinking CXX shared library libCatch2.so[0m
[ 87%] Built target Catch2
[ 88%] [32mBuilding CXX object CMakeFiles/pick_ik_plugin.dir/src/fk_moveit.cpp.o[0m
[ 89%] [32mBuilding CXX object _deps/catch2-build/src/CMakeFiles/Catch2WithMain.dir/catch2/internal/catch_main.cpp.o[0m
[ 89%] [32mBuilding CXX object CMakeFiles/pick_ik_plugin.dir/src/forward_kinematics.cpp.o[0m
[ 90%] [32mBuilding CXX object CMakeFiles/pick_ik_plugin.dir/src/pick_ik_plugin.cpp.o[0m
[ 92%] [32mBuilding CXX object CMakeFiles/pick_ik_plugin.dir/src/goal.cpp.o[0m
[ 92%] [32mBuilding CXX object CMakeFiles/pick_ik_plugin.dir/src/ik_memetic.cpp.o[0m
[ 93%] [32m[1mLinking CXX shared library libCatch2Main.so[0m
[ 93%] Built target Catch2WithMain
[ 94%] [32mBuilding CXX object CMakeFiles/pick_ik_plugin.dir/src/ik_gradient.cpp.o[0m
[ 95%] [32mBuilding CXX object CMakeFiles/pick_ik_plugin.dir/src/robot.cpp.o[0m
[ 95%] [32m[1mLinking CXX shared library libpick_ik_plugin.so[0m
[ 95%] Built target pick_ik_plugin
[ 96%] [32mBuilding CXX object tests/CMakeFiles/test-pick_ik.dir/robot_tests.cpp.o[0m
[ 97%] [32mBuilding CXX object tests/CMakeFiles/test-pick_ik.dir/goal_tests.cpp.o[0m
[ 99%] [32mBuilding CXX object tests/CMakeFiles/test-pick_ik.dir/ik_tests.cpp.o[0m
[ 99%] [32mBuilding CXX object tests/CMakeFiles/test-pick_ik.dir/ik_memetic_tests.cpp.o[0m
[100%] [32m[1mLinking CXX executable test-pick_ik[0m
[100%] Built target test-pick_ik
-- Install configuration: ""
-- Installing: /home/tyler/mycobot_ROS2/moveit_tutorial_ws/install/pick_ik/include/pick_ik_parameters
-- Installing: /home/tyler/mycobot_ROS2/moveit_tutorial_ws/install/pick_ik/include/pick_ik_parameters/pick_ik_parameters.hpp
-- Installing: /home/tyler/mycobot_ROS2/moveit_tutorial_ws/install/pick_ik/share/pick_ik/pick_ik_kinematics_description.xml
-- Installing: /home/tyler/mycobot_ROS2/moveit_tutorial_ws/install/pick_ik/include/pick_ik
-- Installing: /home/tyler/mycobot_ROS2/moveit_tutorial_ws/install/pick_ik/include/pick_ik/pick_ik
-- Installing: /home/tyler/mycobot_ROS2/moveit_tutorial_ws/install/pick_ik/include/pick_ik/pick_ik/ik_memetic.hpp
-- Installing: /home/tyler/mycobot_ROS2/moveit_tutorial_ws/install/pick_ik/include/pick_ik/pick_ik/robot.hpp
-- Installing: /home/tyler/mycobot_ROS2/moveit_tutorial_ws/install/pick_ik/include/pick_ik/pick_ik/ik_gradient.hpp
-- Installing: /home/tyler/mycobot_ROS2/moveit_tutorial_ws/install/pick_ik/include/pick_ik/pick_ik/fk_moveit.hpp
-- Installing: /home/tyler/mycobot_ROS2/moveit_tutorial_ws/install/pick_ik/include/pick_ik/pick_ik/forward_kinematics.hpp
-- Installing: /home/tyler/mycobot_ROS2/moveit_tutorial_ws/install/pick_ik/include/pick_ik/pick_ik/goal.hpp
-- Installing: /home/tyler/mycobot_ROS2/moveit_tutorial_ws/install/pick_ik/lib/libpick_ik_plugin.so
-- Set runtime path of "/home/tyler/mycobot_ROS2/moveit_tutorial_ws/install/pick_ik/lib/libpick_ik_plugin.so" to ""
-- Installing: /home/tyler/mycobot_ROS2/moveit_tutorial_ws/install/pick_ik/share/pick_ik/environment/library_path.sh
-- Installing: /home/tyler/mycobot_ROS2/moveit_tutorial_ws/install/pick_ik/share/pick_ik/environment/library_path.dsv
-- Installing: /home/tyler/mycobot_ROS2/moveit_tutorial_ws/install/pick_ik/share/ament_index/resource_index/package_run_dependencies/pick_ik
-- Installing: /home/tyler/mycobot_ROS2/moveit_tutorial_ws/install/pick_ik/share/ament_index/resource_index/parent_prefix_path/pick_ik
-- Installing: /home/tyler/mycobot_ROS2/moveit_tutorial_ws/install/pick_ik/share/pick_ik/environment/ament_prefix_path.sh
-- Installing: /home/tyler/mycobot_ROS2/moveit_tutorial_ws/install/pick_ik/share/pick_ik/environment/ament_prefix_path.dsv
-- Installing: /home/tyler/mycobot_ROS2/moveit_tutorial_ws/install/pick_ik/share/pick_ik/environment/path.sh
-- Installing: /home/tyler/mycobot_ROS2/moveit_tutorial_ws/install/pick_ik/share/pick_ik/environment/path.dsv
-- Installing: /home/tyler/mycobot_ROS2/moveit_tutorial_ws/install/pick_ik/share/pick_ik/local_setup.bash
-- Installing: /home/tyler/mycobot_ROS2/moveit_tutorial_ws/install/pick_ik/share/pick_ik/local_setup.sh
-- Installing: /home/tyler/mycobot_ROS2/moveit_tutorial_ws/install/pick_ik/share/pick_ik/local_setup.zsh
-- Installing: /home/tyler/mycobot_ROS2/moveit_tutorial_ws/install/pick_ik/share/pick_ik/local_setup.dsv
-- Installing: /home/tyler/mycobot_ROS2/moveit_tutorial_ws/install/pick_ik/share/pick_ik/package.dsv
-- Installing: /home/tyler/mycobot_ROS2/moveit_tutorial_ws/install/pick_ik/share/ament_index/resource_index/packages/pick_ik
-- Installing: /home/tyler/mycobot_ROS2/moveit_tutorial_ws/install/pick_ik/share/ament_index/resource_index/moveit_core__pluginlib__plugin/pick_ik
-- Installing: /home/tyler/mycobot_ROS2/moveit_tutorial_ws/install/pick_ik/share/pick_ik/cmake/export_pick_ikExport.cmake
-- Installing: /home/tyler/mycobot_ROS2/moveit_tutorial_ws/install/pick_ik/share/pick_ik/cmake/export_pick_ikExport-noconfig.cmake
-- Installing: /home/tyler/mycobot_ROS2/moveit_tutorial_ws/install/pick_ik/share/pick_ik/cmake/ament_cmake_export_targets-extras.cmake
-- Installing: /home/tyler/mycobot_ROS2/moveit_tutorial_ws/install/pick_ik/share/pick_ik/cmake/ament_cmake_export_dependencies-extras.cmake
-- Installing: /home/tyler/mycobot_ROS2/moveit_tutorial_ws/install/pick_ik/share/pick_ik/cmake/pick_ikConfig.cmake
-- Installing: /home/tyler/mycobot_ROS2/moveit_tutorial_ws/install/pick_ik/share/pick_ik/cmake/pick_ikConfig-version.cmake
-- Installing: /home/tyler/mycobot_ROS2/moveit_tutorial_ws/install/pick_ik/share/pick_ik/package.xml
