running egg_info
writing ../../../../build/mycobot_280_x3pi/mycobot_280_x3pi.egg-info/PKG-INFO
writing dependency_links to ../../../../build/mycobot_280_x3pi/mycobot_280_x3pi.egg-info/dependency_links.txt
writing entry points to ../../../../build/mycobot_280_x3pi/mycobot_280_x3pi.egg-info/entry_points.txt
writing requirements to ../../../../build/mycobot_280_x3pi/mycobot_280_x3pi.egg-info/requires.txt
writing top-level names to ../../../../build/mycobot_280_x3pi/mycobot_280_x3pi.egg-info/top_level.txt
reading manifest file '../../../../build/mycobot_280_x3pi/mycobot_280_x3pi.egg-info/SOURCES.txt'
adding license file 'LICENSE'
writing manifest file '../../../../build/mycobot_280_x3pi/mycobot_280_x3pi.egg-info/SOURCES.txt'
running build
running build_py
running install
running install_lib
running install_data
running install_egg_info
removing '/home/tyler/colcon_ws/install/mycobot_280_x3pi/lib/python3.10/site-packages/mycobot_280_x3pi-0.0.0-py3.10.egg-info' (and everything under it)
Copying ../../../../build/mycobot_280_x3pi/mycobot_280_x3pi.egg-info to /home/tyler/colcon_ws/install/mycobot_280_x3pi/lib/python3.10/site-packages/mycobot_280_x3pi-0.0.0-py3.10.egg-info
running install_scripts
Installing camera_display script to /home/tyler/colcon_ws/install/mycobot_280_x3pi/lib/mycobot_280_x3pi
Installing detect_marker script to /home/tyler/colcon_ws/install/mycobot_280_x3pi/lib/mycobot_280_x3pi
Installing follow_display script to /home/tyler/colcon_ws/install/mycobot_280_x3pi/lib/mycobot_280_x3pi
Installing following_marker script to /home/tyler/colcon_ws/install/mycobot_280_x3pi/lib/mycobot_280_x3pi
Installing listen_real script to /home/tyler/colcon_ws/install/mycobot_280_x3pi/lib/mycobot_280_x3pi
Installing listen_real_of_topic script to /home/tyler/colcon_ws/install/mycobot_280_x3pi/lib/mycobot_280_x3pi
Installing opencv_camera script to /home/tyler/colcon_ws/install/mycobot_280_x3pi/lib/mycobot_280_x3pi
Installing simple_gui script to /home/tyler/colcon_ws/install/mycobot_280_x3pi/lib/mycobot_280_x3pi
Installing slider_control script to /home/tyler/colcon_ws/install/mycobot_280_x3pi/lib/mycobot_280_x3pi
Installing teleop_keyboard script to /home/tyler/colcon_ws/install/mycobot_280_x3pi/lib/mycobot_280_x3pi
writing list of installed files to '/home/tyler/colcon_ws/build/mycobot_280_x3pi/install.log'
