[2.307s] Invoking command in '/home/tyler/colcon_ws/src/mycobot_ros2/mycobot_280/mycobot_280_x3pi': AMENT_PREFIX_PATH=/home/tyler/colcon_ws/install/mycobot_communication:/home/tyler/colcon_ws/install/mycobot_interfaces:/home/tyler/colcon_ws/install/mycobot_description:${AMENT_PREFIX_PATH} CMAKE_PREFIX_PATH=/home/tyler/colcon_ws/install/mycobot_interfaces LD_LIBRARY_PATH=/home/tyler/colcon_ws/install/mycobot_interfaces/lib:${LD_LIBRARY_PATH} MYSQL_PS1=(\u@\h) [\d]> PYTHONPATH=/home/tyler/colcon_ws/build/mycobot_280_x3pi/prefix_override:/home/tyler/colcon_ws/install/mycobot_280_x3pi/lib/python3.10/site-packages:/home/tyler/colcon_ws/install/mycobot_communication/lib/python3.10/site-packages:/home/tyler/colcon_ws/install/mycobot_interfaces/local/lib/python3.10/dist-packages:/home/tyler/colcon_ws/install/mycobot_description/lib/python3.10/site-packages:${PYTHONPATH} /usr/bin/python3 setup.py egg_info --egg-base ../../../../build/mycobot_280_x3pi build --build-base /home/tyler/colcon_ws/build/mycobot_280_x3pi/build install --record /home/tyler/colcon_ws/build/mycobot_280_x3pi/install.log --install-scripts $base/lib/mycobot_280_x3pi --single-version-externally-managed
[2.694s] /usr/lib/python3/dist-packages/setuptools/dist.py:723: UserWarning: Usage of dash-separated 'script-dir' will not be supported in future versions. Please use the underscore name 'script_dir' instead
[2.694s]   warnings.warn(
[2.707s] running egg_info
[2.709s] writing ../../../../build/mycobot_280_x3pi/mycobot_280_x3pi.egg-info/PKG-INFO
[2.710s] writing dependency_links to ../../../../build/mycobot_280_x3pi/mycobot_280_x3pi.egg-info/dependency_links.txt
[2.711s] writing entry points to ../../../../build/mycobot_280_x3pi/mycobot_280_x3pi.egg-info/entry_points.txt
[2.711s] writing requirements to ../../../../build/mycobot_280_x3pi/mycobot_280_x3pi.egg-info/requires.txt
[2.711s] writing top-level names to ../../../../build/mycobot_280_x3pi/mycobot_280_x3pi.egg-info/top_level.txt
[2.713s] reading manifest file '../../../../build/mycobot_280_x3pi/mycobot_280_x3pi.egg-info/SOURCES.txt'
[2.714s] adding license file 'LICENSE'
[2.715s] writing manifest file '../../../../build/mycobot_280_x3pi/mycobot_280_x3pi.egg-info/SOURCES.txt'
[2.715s] running build
[2.716s] running build_py
[2.718s] running install
[2.719s] /usr/lib/python3/dist-packages/setuptools/command/install.py:34: SetuptoolsDeprecationWarning: setup.py install is deprecated. Use build and pip and other standards-based tools.
[2.719s]   warnings.warn(
[2.719s] running install_lib
[2.720s] running install_data
[2.721s] running install_egg_info
[2.725s] removing '/home/tyler/colcon_ws/install/mycobot_280_x3pi/lib/python3.10/site-packages/mycobot_280_x3pi-0.0.0-py3.10.egg-info' (and everything under it)
[2.726s] Copying ../../../../build/mycobot_280_x3pi/mycobot_280_x3pi.egg-info to /home/tyler/colcon_ws/install/mycobot_280_x3pi/lib/python3.10/site-packages/mycobot_280_x3pi-0.0.0-py3.10.egg-info
[2.727s] running install_scripts
[2.764s] Installing camera_display script to /home/tyler/colcon_ws/install/mycobot_280_x3pi/lib/mycobot_280_x3pi
[2.766s] Installing detect_marker script to /home/tyler/colcon_ws/install/mycobot_280_x3pi/lib/mycobot_280_x3pi
[2.768s] Installing follow_display script to /home/tyler/colcon_ws/install/mycobot_280_x3pi/lib/mycobot_280_x3pi
[2.768s] Installing following_marker script to /home/tyler/colcon_ws/install/mycobot_280_x3pi/lib/mycobot_280_x3pi
[2.769s] Installing listen_real script to /home/tyler/colcon_ws/install/mycobot_280_x3pi/lib/mycobot_280_x3pi
[2.769s] Installing listen_real_of_topic script to /home/tyler/colcon_ws/install/mycobot_280_x3pi/lib/mycobot_280_x3pi
[2.769s] Installing opencv_camera script to /home/tyler/colcon_ws/install/mycobot_280_x3pi/lib/mycobot_280_x3pi
[2.769s] Installing simple_gui script to /home/tyler/colcon_ws/install/mycobot_280_x3pi/lib/mycobot_280_x3pi
[2.769s] Installing slider_control script to /home/tyler/colcon_ws/install/mycobot_280_x3pi/lib/mycobot_280_x3pi
[2.770s] Installing teleop_keyboard script to /home/tyler/colcon_ws/install/mycobot_280_x3pi/lib/mycobot_280_x3pi
[2.770s] writing list of installed files to '/home/tyler/colcon_ws/build/mycobot_280_x3pi/install.log'
[2.859s] Invoked command in '/home/tyler/colcon_ws/src/mycobot_ros2/mycobot_280/mycobot_280_x3pi' returned '0': AMENT_PREFIX_PATH=/home/tyler/colcon_ws/install/mycobot_communication:/home/tyler/colcon_ws/install/mycobot_interfaces:/home/tyler/colcon_ws/install/mycobot_description:${AMENT_PREFIX_PATH} CMAKE_PREFIX_PATH=/home/tyler/colcon_ws/install/mycobot_interfaces LD_LIBRARY_PATH=/home/tyler/colcon_ws/install/mycobot_interfaces/lib:${LD_LIBRARY_PATH} MYSQL_PS1=(\u@\h) [\d]> PYTHONPATH=/home/tyler/colcon_ws/build/mycobot_280_x3pi/prefix_override:/home/tyler/colcon_ws/install/mycobot_280_x3pi/lib/python3.10/site-packages:/home/tyler/colcon_ws/install/mycobot_communication/lib/python3.10/site-packages:/home/tyler/colcon_ws/install/mycobot_interfaces/local/lib/python3.10/dist-packages:/home/tyler/colcon_ws/install/mycobot_description/lib/python3.10/site-packages:${PYTHONPATH} /usr/bin/python3 setup.py egg_info --egg-base ../../../../build/mycobot_280_x3pi build --build-base /home/tyler/colcon_ws/build/mycobot_280_x3pi/build install --record /home/tyler/colcon_ws/build/mycobot_280_x3pi/install.log --install-scripts $base/lib/mycobot_280_x3pi --single-version-externally-managed
