[  3%] Built target moveit_servo_lib_parameters
[ 10%] Built target gtest_main
[ 17%] Built target servo_node
[ 25%] Built target servo_keyboard_input
[ 32%] Built target gtest
[ 39%] Built target moveit_servo_ros_integration_test
[ 57%] Built target moveit_servo_lib_cpp
[ 64%] Built target demo_twist
[ 71%] Built target moveit_servo_utils_test
[ 78%] Built target moveit_servo_lib_ros
[ 89%] Built target demo_joint_jog
[ 92%] Built target demo_pose
[100%] Built target moveit_servo_cpp_integration_test
-- Install configuration: "Release"
-- Up-to-date: /home/tyler/mycobot_ROS2/moveit_tutorial_ws/install/moveit_servo/include/moveit_servo_lib_parameters
-- Up-to-date: /home/tyler/mycobot_ROS2/moveit_tutorial_ws/install/moveit_servo/include/moveit_servo_lib_parameters/moveit_servo_lib_parameters.hpp
-- Up-to-date: /home/tyler/mycobot_ROS2/moveit_tutorial_ws/install/moveit_servo/lib/moveit_servo/servo_node
-- Up-to-date: /home/tyler/mycobot_ROS2/moveit_tutorial_ws/install/moveit_servo/lib/libmoveit_servo_lib_cpp.so.2.8.0
-- Up-to-date: /home/tyler/mycobot_ROS2/moveit_tutorial_ws/install/moveit_servo/lib/libmoveit_servo_lib_cpp.so
-- Up-to-date: /home/tyler/mycobot_ROS2/moveit_tutorial_ws/install/moveit_servo/lib/libmoveit_servo_lib_ros.so.2.8.0
-- Up-to-date: /home/tyler/mycobot_ROS2/moveit_tutorial_ws/install/moveit_servo/lib/libmoveit_servo_lib_ros.so
-- Up-to-date: /home/tyler/mycobot_ROS2/moveit_tutorial_ws/install/moveit_servo/lib/moveit_servo/demo_joint_jog
-- Up-to-date: /home/tyler/mycobot_ROS2/moveit_tutorial_ws/install/moveit_servo/lib/moveit_servo/demo_twist
-- Up-to-date: /home/tyler/mycobot_ROS2/moveit_tutorial_ws/install/moveit_servo/lib/moveit_servo/demo_pose
-- Up-to-date: /home/tyler/mycobot_ROS2/moveit_tutorial_ws/install/moveit_servo/lib/moveit_servo/servo_node
-- Up-to-date: /home/tyler/mycobot_ROS2/moveit_tutorial_ws/install/moveit_servo/lib/moveit_servo/servo_keyboard_input
-- Up-to-date: /home/tyler/mycobot_ROS2/moveit_tutorial_ws/install/moveit_servo/include/moveit_servo
-- Up-to-date: /home/tyler/mycobot_ROS2/moveit_tutorial_ws/install/moveit_servo/include/moveit_servo/moveit_servo
-- Up-to-date: /home/tyler/mycobot_ROS2/moveit_tutorial_ws/install/moveit_servo/include/moveit_servo/moveit_servo/servo_node.hpp
-- Up-to-date: /home/tyler/mycobot_ROS2/moveit_tutorial_ws/install/moveit_servo/include/moveit_servo/moveit_servo/servo.hpp
-- Up-to-date: /home/tyler/mycobot_ROS2/moveit_tutorial_ws/install/moveit_servo/include/moveit_servo/moveit_servo/collision_monitor.hpp
-- Up-to-date: /home/tyler/mycobot_ROS2/moveit_tutorial_ws/install/moveit_servo/include/moveit_servo/moveit_servo/utils
-- Up-to-date: /home/tyler/mycobot_ROS2/moveit_tutorial_ws/install/moveit_servo/include/moveit_servo/moveit_servo/utils/common.hpp
-- Up-to-date: /home/tyler/mycobot_ROS2/moveit_tutorial_ws/install/moveit_servo/include/moveit_servo/moveit_servo/utils/command.hpp
-- Up-to-date: /home/tyler/mycobot_ROS2/moveit_tutorial_ws/install/moveit_servo/include/moveit_servo/moveit_servo/utils/datatypes.hpp
-- Up-to-date: /home/tyler/mycobot_ROS2/moveit_tutorial_ws/install/moveit_servo/share/moveit_servo/launch
-- Up-to-date: /home/tyler/mycobot_ROS2/moveit_tutorial_ws/install/moveit_servo/share/moveit_servo/launch/demo_pose.launch.py
-- Up-to-date: /home/tyler/mycobot_ROS2/moveit_tutorial_ws/install/moveit_servo/share/moveit_servo/launch/demo_ros_api.launch.py
-- Up-to-date: /home/tyler/mycobot_ROS2/moveit_tutorial_ws/install/moveit_servo/share/moveit_servo/launch/demo_twist.launch.py
-- Up-to-date: /home/tyler/mycobot_ROS2/moveit_tutorial_ws/install/moveit_servo/share/moveit_servo/launch/demo_joint_jog.launch.py
-- Up-to-date: /home/tyler/mycobot_ROS2/moveit_tutorial_ws/install/moveit_servo/share/moveit_servo/config
-- Up-to-date: /home/tyler/mycobot_ROS2/moveit_tutorial_ws/install/moveit_servo/share/moveit_servo/config/demo_rviz_config_ros.rviz
-- Up-to-date: /home/tyler/mycobot_ROS2/moveit_tutorial_ws/install/moveit_servo/share/moveit_servo/config/demo_rviz_config.rviz
-- Up-to-date: /home/tyler/mycobot_ROS2/moveit_tutorial_ws/install/moveit_servo/share/moveit_servo/config/servo_parameters.yaml
-- Up-to-date: /home/tyler/mycobot_ROS2/moveit_tutorial_ws/install/moveit_servo/share/moveit_servo/config/panda_simulated_config.yaml
-- Up-to-date: /home/tyler/mycobot_ROS2/moveit_tutorial_ws/install/moveit_servo/share/moveit_servo/config/test_config_panda.yaml
-- Up-to-date: /home/tyler/mycobot_ROS2/moveit_tutorial_ws/install/moveit_servo/share/moveit_servo/environment/library_path.sh
-- Up-to-date: /home/tyler/mycobot_ROS2/moveit_tutorial_ws/install/moveit_servo/share/moveit_servo/environment/library_path.dsv
-- Up-to-date: /home/tyler/mycobot_ROS2/moveit_tutorial_ws/install/moveit_servo/share/ament_index/resource_index/package_run_dependencies/moveit_servo
-- Up-to-date: /home/tyler/mycobot_ROS2/moveit_tutorial_ws/install/moveit_servo/share/ament_index/resource_index/parent_prefix_path/moveit_servo
-- Up-to-date: /home/tyler/mycobot_ROS2/moveit_tutorial_ws/install/moveit_servo/share/moveit_servo/environment/ament_prefix_path.sh
-- Up-to-date: /home/tyler/mycobot_ROS2/moveit_tutorial_ws/install/moveit_servo/share/moveit_servo/environment/ament_prefix_path.dsv
-- Up-to-date: /home/tyler/mycobot_ROS2/moveit_tutorial_ws/install/moveit_servo/share/moveit_servo/environment/path.sh
-- Up-to-date: /home/tyler/mycobot_ROS2/moveit_tutorial_ws/install/moveit_servo/share/moveit_servo/environment/path.dsv
-- Up-to-date: /home/tyler/mycobot_ROS2/moveit_tutorial_ws/install/moveit_servo/share/moveit_servo/local_setup.bash
-- Up-to-date: /home/tyler/mycobot_ROS2/moveit_tutorial_ws/install/moveit_servo/share/moveit_servo/local_setup.sh
-- Up-to-date: /home/tyler/mycobot_ROS2/moveit_tutorial_ws/install/moveit_servo/share/moveit_servo/local_setup.zsh
-- Up-to-date: /home/tyler/mycobot_ROS2/moveit_tutorial_ws/install/moveit_servo/share/moveit_servo/local_setup.dsv
-- Installing: /home/tyler/mycobot_ROS2/moveit_tutorial_ws/install/moveit_servo/share/moveit_servo/package.dsv
-- Up-to-date: /home/tyler/mycobot_ROS2/moveit_tutorial_ws/install/moveit_servo/share/ament_index/resource_index/packages/moveit_servo
-- Up-to-date: /home/tyler/mycobot_ROS2/moveit_tutorial_ws/install/moveit_servo/share/ament_index/resource_index/rclcpp_components/moveit_servo
-- Up-to-date: /home/tyler/mycobot_ROS2/moveit_tutorial_ws/install/moveit_servo/share/moveit_servo/cmake/moveit_servoTargetsExport.cmake
-- Up-to-date: /home/tyler/mycobot_ROS2/moveit_tutorial_ws/install/moveit_servo/share/moveit_servo/cmake/moveit_servoTargetsExport-release.cmake
-- Up-to-date: /home/tyler/mycobot_ROS2/moveit_tutorial_ws/install/moveit_servo/share/moveit_servo/cmake/ament_cmake_export_targets-extras.cmake
-- Up-to-date: /home/tyler/mycobot_ROS2/moveit_tutorial_ws/install/moveit_servo/share/moveit_servo/cmake/ament_cmake_export_dependencies-extras.cmake
-- Up-to-date: /home/tyler/mycobot_ROS2/moveit_tutorial_ws/install/moveit_servo/share/moveit_servo/cmake/moveit_servoConfig.cmake
-- Up-to-date: /home/tyler/mycobot_ROS2/moveit_tutorial_ws/install/moveit_servo/share/moveit_servo/cmake/moveit_servoConfig-version.cmake
-- Up-to-date: /home/tyler/mycobot_ROS2/moveit_tutorial_ws/install/moveit_servo/share/moveit_servo/package.xml
