[5.291s] Invoking command in '/home/tyler/colcon_ws/build/mycobot_280pi': AMENT_PREFIX_PATH=/home/tyler/colcon_ws/install/mycobot_communication:/home/tyler/colcon_ws/install/mycobot_interfaces:/home/tyler/colcon_ws/install/mycobot_description:${AMENT_PREFIX_PATH} CMAKE_PREFIX_PATH=/home/tyler/colcon_ws/install/mycobot_interfaces LD_LIBRARY_PATH=/home/tyler/colcon_ws/install/mycobot_interfaces/lib:${LD_LIBRARY_PATH} MYSQL_PS1=(\u@\h) [\d]> PYTHONPATH=/home/tyler/colcon_ws/build/mycobot_280pi/prefix_override:/home/tyler/colcon_ws/install/mycobot_280pi/lib/python3.10/site-packages:/home/tyler/colcon_ws/build/mycobot_communication:/home/tyler/colcon_ws/install/mycobot_communication/lib/python3.10/site-packages:/home/tyler/colcon_ws/install/mycobot_interfaces/local/lib/python3.10/dist-packages:/home/tyler/colcon_ws/build/mycobot_description:/home/tyler/colcon_ws/install/mycobot_description/lib/python3.10/site-packages:${PYTHONPATH} /usr/bin/python3 setup.py develop --editable --build-directory /home/tyler/colcon_ws/build/mycobot_280pi/build --no-deps install_data
[5.969s] /usr/lib/python3/dist-packages/setuptools/dist.py:723: UserWarning: Usage of dash-separated 'script-dir' will not be supported in future versions. Please use the underscore name 'script_dir' instead
[5.970s]   warnings.warn(
[6.038s] running develop
[6.039s] /usr/lib/python3/dist-packages/setuptools/command/easy_install.py:158: EasyInstallDeprecationWarning: easy_install command is deprecated. Use build and pip and other standards-based tools.
[6.040s]   warnings.warn(
[6.043s] /usr/lib/python3/dist-packages/setuptools/command/install.py:34: SetuptoolsDeprecationWarning: setup.py install is deprecated. Use build and pip and other standards-based tools.
[6.043s]   warnings.warn(
[6.416s] running egg_info
[6.419s] creating mycobot_280pi.egg-info
[6.419s] writing mycobot_280pi.egg-info/PKG-INFO
[6.420s] writing dependency_links to mycobot_280pi.egg-info/dependency_links.txt
[6.420s] writing entry points to mycobot_280pi.egg-info/entry_points.txt
[6.420s] writing requirements to mycobot_280pi.egg-info/requires.txt
[6.420s] writing top-level names to mycobot_280pi.egg-info/top_level.txt
[6.421s] writing manifest file 'mycobot_280pi.egg-info/SOURCES.txt'
[6.421s] reading manifest file 'mycobot_280pi.egg-info/SOURCES.txt'
[6.421s] writing manifest file 'mycobot_280pi.egg-info/SOURCES.txt'
[6.423s] running build_ext
[6.423s] Creating /home/tyler/colcon_ws/install/mycobot_280pi/lib/python3.10/site-packages/mycobot-280pi.egg-link (link to .)
[6.426s] Installing camera_display script to /home/tyler/colcon_ws/install/mycobot_280pi/lib/mycobot_280pi
[6.426s] Installing detect_marker script to /home/tyler/colcon_ws/install/mycobot_280pi/lib/mycobot_280pi
[6.426s] Installing follow_display script to /home/tyler/colcon_ws/install/mycobot_280pi/lib/mycobot_280pi
[6.426s] Installing following_marker script to /home/tyler/colcon_ws/install/mycobot_280pi/lib/mycobot_280pi
[6.426s] Installing listen_real script to /home/tyler/colcon_ws/install/mycobot_280pi/lib/mycobot_280pi
[6.426s] Installing listen_real_of_topic script to /home/tyler/colcon_ws/install/mycobot_280pi/lib/mycobot_280pi
[6.427s] Installing opencv_camera script to /home/tyler/colcon_ws/install/mycobot_280pi/lib/mycobot_280pi
[6.427s] Installing simple_gui script to /home/tyler/colcon_ws/install/mycobot_280pi/lib/mycobot_280pi
[6.427s] Installing slider_control script to /home/tyler/colcon_ws/install/mycobot_280pi/lib/mycobot_280pi
[6.427s] Installing teleop_keyboard script to /home/tyler/colcon_ws/install/mycobot_280pi/lib/mycobot_280pi
[6.427s] 
[6.427s] Installed /home/tyler/colcon_ws/build/mycobot_280pi
[6.427s] running install_data
[6.428s] creating /home/tyler/colcon_ws/install/mycobot_280pi/share/ament_index
[6.428s] creating /home/tyler/colcon_ws/install/mycobot_280pi/share/ament_index/resource_index
[6.428s] creating /home/tyler/colcon_ws/install/mycobot_280pi/share/ament_index/resource_index/packages
[6.428s] copying resource/mycobot_280pi -> /home/tyler/colcon_ws/install/mycobot_280pi/share/ament_index/resource_index/packages
[6.428s] copying package.xml -> /home/tyler/colcon_ws/install/mycobot_280pi/share/mycobot_280pi
[6.428s] creating /home/tyler/colcon_ws/install/mycobot_280pi/share/mycobot_280pi/launch
[6.428s] copying launch/teleop_keyboard.launch.py -> /home/tyler/colcon_ws/install/mycobot_280pi/share/mycobot_280pi/launch
[6.429s] copying launch/detect_marker.launch.py -> /home/tyler/colcon_ws/install/mycobot_280pi/share/mycobot_280pi/launch
[6.429s] copying launch/slider_control.launch.py -> /home/tyler/colcon_ws/install/mycobot_280pi/share/mycobot_280pi/launch
[6.429s] copying launch/test.launch.py -> /home/tyler/colcon_ws/install/mycobot_280pi/share/mycobot_280pi/launch
[6.429s] copying launch/simple_gui.launch.py -> /home/tyler/colcon_ws/install/mycobot_280pi/share/mycobot_280pi/launch
[6.429s] copying launch/mycobot_follow.launch.py -> /home/tyler/colcon_ws/install/mycobot_280pi/share/mycobot_280pi/launch
[6.429s] copying launch/detect_marker_with_topic.launch.py -> /home/tyler/colcon_ws/install/mycobot_280pi/share/mycobot_280pi/launch
[6.429s] creating /home/tyler/colcon_ws/install/mycobot_280pi/share/mycobot_280pi/config
[6.429s] copying config/mycobot_pi.rviz -> /home/tyler/colcon_ws/install/mycobot_280pi/share/mycobot_280pi/config
[6.429s] copying config/mycobot_with_marker.rviz -> /home/tyler/colcon_ws/install/mycobot_280pi/share/mycobot_280pi/config
[6.766s] Invoked command in '/home/tyler/colcon_ws/build/mycobot_280pi' returned '0': AMENT_PREFIX_PATH=/home/tyler/colcon_ws/install/mycobot_communication:/home/tyler/colcon_ws/install/mycobot_interfaces:/home/tyler/colcon_ws/install/mycobot_description:${AMENT_PREFIX_PATH} CMAKE_PREFIX_PATH=/home/tyler/colcon_ws/install/mycobot_interfaces LD_LIBRARY_PATH=/home/tyler/colcon_ws/install/mycobot_interfaces/lib:${LD_LIBRARY_PATH} MYSQL_PS1=(\u@\h) [\d]> PYTHONPATH=/home/tyler/colcon_ws/build/mycobot_280pi/prefix_override:/home/tyler/colcon_ws/install/mycobot_280pi/lib/python3.10/site-packages:/home/tyler/colcon_ws/build/mycobot_communication:/home/tyler/colcon_ws/install/mycobot_communication/lib/python3.10/site-packages:/home/tyler/colcon_ws/install/mycobot_interfaces/local/lib/python3.10/dist-packages:/home/tyler/colcon_ws/build/mycobot_description:/home/tyler/colcon_ws/install/mycobot_description/lib/python3.10/site-packages:${PYTHONPATH} /usr/bin/python3 setup.py develop --editable --build-directory /home/tyler/colcon_ws/build/mycobot_280pi/build --no-deps install_data
