[5.169s] Invoking command in '/home/tyler/colcon_ws/build/mecharm_pi': AMENT_PREFIX_PATH=/home/tyler/colcon_ws/install/mecharm_communication:/home/tyler/colcon_ws/install/mycobot_interfaces:/home/tyler/colcon_ws/install/mycobot_description:${AMENT_PREFIX_PATH} CMAKE_PREFIX_PATH=/home/tyler/colcon_ws/install/mycobot_interfaces LD_LIBRARY_PATH=/home/tyler/colcon_ws/install/mycobot_interfaces/lib:${LD_LIBRARY_PATH} MYSQL_PS1=(\u@\h) [\d]> PYTHONPATH=/home/tyler/colcon_ws/build/mecharm_pi/prefix_override:/home/tyler/colcon_ws/install/mecharm_pi/lib/python3.10/site-packages:/home/tyler/colcon_ws/build/mecharm_communication:/home/tyler/colcon_ws/install/mecharm_communication/lib/python3.10/site-packages:/home/tyler/colcon_ws/install/mycobot_interfaces/local/lib/python3.10/dist-packages:/home/tyler/colcon_ws/build/mycobot_description:/home/tyler/colcon_ws/install/mycobot_description/lib/python3.10/site-packages:${PYTHONPATH} /usr/bin/python3 setup.py develop --editable --build-directory /home/tyler/colcon_ws/build/mecharm_pi/build --no-deps install_data
[5.708s] /usr/lib/python3/dist-packages/setuptools/dist.py:723: UserWarning: Usage of dash-separated 'script-dir' will not be supported in future versions. Please use the underscore name 'script_dir' instead
[5.709s]   warnings.warn(
[5.775s] running develop
[5.776s] /usr/lib/python3/dist-packages/setuptools/command/easy_install.py:158: EasyInstallDeprecationWarning: easy_install command is deprecated. Use build and pip and other standards-based tools.
[5.776s]   warnings.warn(
[5.776s] /usr/lib/python3/dist-packages/setuptools/command/install.py:34: SetuptoolsDeprecationWarning: setup.py install is deprecated. Use build and pip and other standards-based tools.
[5.776s]   warnings.warn(
[6.085s] running egg_info
[6.085s] creating mecharm_pi.egg-info
[6.086s] writing mecharm_pi.egg-info/PKG-INFO
[6.086s] writing dependency_links to mecharm_pi.egg-info/dependency_links.txt
[6.087s] writing entry points to mecharm_pi.egg-info/entry_points.txt
[6.087s] writing requirements to mecharm_pi.egg-info/requires.txt
[6.087s] writing top-level names to mecharm_pi.egg-info/top_level.txt
[6.087s] writing manifest file 'mecharm_pi.egg-info/SOURCES.txt'
[6.091s] reading manifest file 'mecharm_pi.egg-info/SOURCES.txt'
[6.092s] writing manifest file 'mecharm_pi.egg-info/SOURCES.txt'
[6.095s] running build_ext
[6.095s] Creating /home/tyler/colcon_ws/install/mecharm_pi/lib/python3.10/site-packages/mecharm-pi.egg-link (link to .)
[6.097s] Installing detect_marker script to /home/tyler/colcon_ws/install/mecharm_pi/lib/mecharm_pi
[6.097s] Installing follow_display script to /home/tyler/colcon_ws/install/mecharm_pi/lib/mecharm_pi
[6.098s] Installing following_marker script to /home/tyler/colcon_ws/install/mecharm_pi/lib/mecharm_pi
[6.098s] Installing listen_real script to /home/tyler/colcon_ws/install/mecharm_pi/lib/mecharm_pi
[6.098s] Installing listen_real_of_topic script to /home/tyler/colcon_ws/install/mecharm_pi/lib/mecharm_pi
[6.098s] Installing simple_gui script to /home/tyler/colcon_ws/install/mecharm_pi/lib/mecharm_pi
[6.099s] Installing slider_control script to /home/tyler/colcon_ws/install/mecharm_pi/lib/mecharm_pi
[6.099s] Installing teleop_keyboard script to /home/tyler/colcon_ws/install/mecharm_pi/lib/mecharm_pi
[6.099s] 
[6.099s] Installed /home/tyler/colcon_ws/build/mecharm_pi
[6.099s] running install_data
[6.100s] creating /home/tyler/colcon_ws/install/mecharm_pi/share/ament_index
[6.100s] creating /home/tyler/colcon_ws/install/mecharm_pi/share/ament_index/resource_index
[6.100s] creating /home/tyler/colcon_ws/install/mecharm_pi/share/ament_index/resource_index/packages
[6.100s] copying resource/mecharm_pi -> /home/tyler/colcon_ws/install/mecharm_pi/share/ament_index/resource_index/packages
[6.100s] copying package.xml -> /home/tyler/colcon_ws/install/mecharm_pi/share/mecharm_pi
[6.101s] creating /home/tyler/colcon_ws/install/mecharm_pi/share/mecharm_pi/launch
[6.101s] copying launch/teleop_keyboard.launch.py -> /home/tyler/colcon_ws/install/mecharm_pi/share/mecharm_pi/launch
[6.101s] copying launch/detect_marker.launch.py -> /home/tyler/colcon_ws/install/mecharm_pi/share/mecharm_pi/launch
[6.102s] copying launch/slider_control.launch.py -> /home/tyler/colcon_ws/install/mecharm_pi/share/mecharm_pi/launch
[6.102s] copying launch/test.launch.py -> /home/tyler/colcon_ws/install/mecharm_pi/share/mecharm_pi/launch
[6.102s] copying launch/simple_gui.launch.py -> /home/tyler/colcon_ws/install/mecharm_pi/share/mecharm_pi/launch
[6.102s] copying launch/follow.launch.py -> /home/tyler/colcon_ws/install/mecharm_pi/share/mecharm_pi/launch
[6.103s] copying launch/detect_marker_with_topic.launch.py -> /home/tyler/colcon_ws/install/mecharm_pi/share/mecharm_pi/launch
[6.103s] creating /home/tyler/colcon_ws/install/mecharm_pi/share/mecharm_pi/config
[6.103s] copying config/mecharm_pi.rviz -> /home/tyler/colcon_ws/install/mecharm_pi/share/mecharm_pi/config
[6.103s] copying config/mycobot_with_marker.rviz -> /home/tyler/colcon_ws/install/mecharm_pi/share/mecharm_pi/config
[6.304s] Invoked command in '/home/tyler/colcon_ws/build/mecharm_pi' returned '0': AMENT_PREFIX_PATH=/home/tyler/colcon_ws/install/mecharm_communication:/home/tyler/colcon_ws/install/mycobot_interfaces:/home/tyler/colcon_ws/install/mycobot_description:${AMENT_PREFIX_PATH} CMAKE_PREFIX_PATH=/home/tyler/colcon_ws/install/mycobot_interfaces LD_LIBRARY_PATH=/home/tyler/colcon_ws/install/mycobot_interfaces/lib:${LD_LIBRARY_PATH} MYSQL_PS1=(\u@\h) [\d]> PYTHONPATH=/home/tyler/colcon_ws/build/mecharm_pi/prefix_override:/home/tyler/colcon_ws/install/mecharm_pi/lib/python3.10/site-packages:/home/tyler/colcon_ws/build/mecharm_communication:/home/tyler/colcon_ws/install/mecharm_communication/lib/python3.10/site-packages:/home/tyler/colcon_ws/install/mycobot_interfaces/local/lib/python3.10/dist-packages:/home/tyler/colcon_ws/build/mycobot_description:/home/tyler/colcon_ws/install/mycobot_description/lib/python3.10/site-packages:${PYTHONPATH} /usr/bin/python3 setup.py develop --editable --build-directory /home/tyler/colcon_ws/build/mecharm_pi/build --no-deps install_data
