[5.962s] Invoking command in '/home/tyler/colcon_ws/build/ultraarm': AMENT_PREFIX_PATH=/home/tyler/colcon_ws/install/mypalletizer_communication:/home/tyler/colcon_ws/install/mypalletizer_interfaces:/home/tyler/colcon_ws/install/mycobot_description:${AMENT_PREFIX_PATH} CMAKE_PREFIX_PATH=/home/tyler/colcon_ws/install/mypalletizer_interfaces LD_LIBRARY_PATH=/home/tyler/colcon_ws/install/mypalletizer_interfaces/lib:${LD_LIBRARY_PATH} MYSQL_PS1=(\u@\h) [\d]> PYTHONPATH=/home/tyler/colcon_ws/build/ultraarm/prefix_override:/home/tyler/colcon_ws/install/ultraarm/lib/python3.10/site-packages:/home/tyler/colcon_ws/build/mypalletizer_communication:/home/tyler/colcon_ws/install/mypalletizer_communication/lib/python3.10/site-packages:/home/tyler/colcon_ws/install/mypalletizer_interfaces/local/lib/python3.10/dist-packages:/home/tyler/colcon_ws/build/mycobot_description:/home/tyler/colcon_ws/install/mycobot_description/lib/python3.10/site-packages:${PYTHONPATH} /usr/bin/python3 setup.py develop --editable --build-directory /home/tyler/colcon_ws/build/ultraarm/build --no-deps install_data
[6.422s] /usr/lib/python3/dist-packages/setuptools/dist.py:723: UserWarning: Usage of dash-separated 'script-dir' will not be supported in future versions. Please use the underscore name 'script_dir' instead
[6.422s]   warnings.warn(
[6.481s] running develop
[6.482s] /usr/lib/python3/dist-packages/setuptools/command/easy_install.py:158: EasyInstallDeprecationWarning: easy_install command is deprecated. Use build and pip and other standards-based tools.
[6.482s]   warnings.warn(
[6.485s] /usr/lib/python3/dist-packages/setuptools/command/install.py:34: SetuptoolsDeprecationWarning: setup.py install is deprecated. Use build and pip and other standards-based tools.
[6.485s]   warnings.warn(
[6.802s] running egg_info
[6.802s] creating ultraarm.egg-info
[6.802s] writing ultraarm.egg-info/PKG-INFO
[6.803s] writing dependency_links to ultraarm.egg-info/dependency_links.txt
[6.803s] writing entry points to ultraarm.egg-info/entry_points.txt
[6.803s] writing requirements to ultraarm.egg-info/requires.txt
[6.803s] writing top-level names to ultraarm.egg-info/top_level.txt
[6.804s] writing manifest file 'ultraarm.egg-info/SOURCES.txt'
[6.807s] reading manifest file 'ultraarm.egg-info/SOURCES.txt'
[6.808s] writing manifest file 'ultraarm.egg-info/SOURCES.txt'
[6.811s] running build_ext
[6.811s] Creating /home/tyler/colcon_ws/install/ultraarm/lib/python3.10/site-packages/ultraarm.egg-link (link to .)
[6.813s] Installing listen_real script to /home/tyler/colcon_ws/install/ultraarm/lib/ultraarm
[6.813s] Installing listen_real_of_topic script to /home/tyler/colcon_ws/install/ultraarm/lib/ultraarm
[6.813s] Installing simple_gui script to /home/tyler/colcon_ws/install/ultraarm/lib/ultraarm
[6.814s] Installing slider_control script to /home/tyler/colcon_ws/install/ultraarm/lib/ultraarm
[6.814s] Installing teleop_keyboard script to /home/tyler/colcon_ws/install/ultraarm/lib/ultraarm
[6.814s] 
[6.814s] Installed /home/tyler/colcon_ws/build/ultraarm
[6.814s] running install_data
[6.815s] creating /home/tyler/colcon_ws/install/ultraarm/share/ament_index
[6.815s] creating /home/tyler/colcon_ws/install/ultraarm/share/ament_index/resource_index
[6.815s] creating /home/tyler/colcon_ws/install/ultraarm/share/ament_index/resource_index/packages
[6.815s] copying resource/ultraarm -> /home/tyler/colcon_ws/install/ultraarm/share/ament_index/resource_index/packages
[6.815s] copying package.xml -> /home/tyler/colcon_ws/install/ultraarm/share/ultraarm
[6.816s] creating /home/tyler/colcon_ws/install/ultraarm/share/ultraarm/launch
[6.816s] copying launch/teleop_keyboard.launch.py -> /home/tyler/colcon_ws/install/ultraarm/share/ultraarm/launch
[6.816s] copying launch/slider_control.launch.py -> /home/tyler/colcon_ws/install/ultraarm/share/ultraarm/launch
[6.816s] copying launch/test.launch.py -> /home/tyler/colcon_ws/install/ultraarm/share/ultraarm/launch
[6.816s] copying launch/simple_gui.launch.py -> /home/tyler/colcon_ws/install/ultraarm/share/ultraarm/launch
[6.817s] creating /home/tyler/colcon_ws/install/ultraarm/share/ultraarm/config
[6.817s] copying config/ultraarm.rviz -> /home/tyler/colcon_ws/install/ultraarm/share/ultraarm/config
[6.879s] Invoked command in '/home/tyler/colcon_ws/build/ultraarm' returned '0': AMENT_PREFIX_PATH=/home/tyler/colcon_ws/install/mypalletizer_communication:/home/tyler/colcon_ws/install/mypalletizer_interfaces:/home/tyler/colcon_ws/install/mycobot_description:${AMENT_PREFIX_PATH} CMAKE_PREFIX_PATH=/home/tyler/colcon_ws/install/mypalletizer_interfaces LD_LIBRARY_PATH=/home/tyler/colcon_ws/install/mypalletizer_interfaces/lib:${LD_LIBRARY_PATH} MYSQL_PS1=(\u@\h) [\d]> PYTHONPATH=/home/tyler/colcon_ws/build/ultraarm/prefix_override:/home/tyler/colcon_ws/install/ultraarm/lib/python3.10/site-packages:/home/tyler/colcon_ws/build/mypalletizer_communication:/home/tyler/colcon_ws/install/mypalletizer_communication/lib/python3.10/site-packages:/home/tyler/colcon_ws/install/mypalletizer_interfaces/local/lib/python3.10/dist-packages:/home/tyler/colcon_ws/build/mycobot_description:/home/tyler/colcon_ws/install/mycobot_description/lib/python3.10/site-packages:${PYTHONPATH} /usr/bin/python3 setup.py develop --editable --build-directory /home/tyler/colcon_ws/build/ultraarm/build --no-deps install_data
