/home/tyler/colcon_ws/install/mecharm_communication/lib/python3.10/site-packages/mecharm_communication/mecharm_topics.py
/home/tyler/colcon_ws/install/mecharm_communication/lib/python3.10/site-packages/mecharm_communication/mecharm_topics_jsnn.py
/home/tyler/colcon_ws/install/mecharm_communication/lib/python3.10/site-packages/mecharm_communication/mecharm_topics_seeed.py
/home/tyler/colcon_ws/install/mecharm_communication/lib/python3.10/site-packages/mecharm_communication/__init__.py
/home/tyler/colcon_ws/install/mecharm_communication/lib/python3.10/site-packages/mecharm_communication/mecharm_services.py
/home/tyler/colcon_ws/install/mecharm_communication/lib/python3.10/site-packages/mecharm_communication/mecharm_topics_pi.py
/home/tyler/colcon_ws/install/mecharm_communication/lib/python3.10/site-packages/mecharm_communication/__pycache__/mecharm_topics.cpython-310.pyc
/home/tyler/colcon_ws/install/mecharm_communication/lib/python3.10/site-packages/mecharm_communication/__pycache__/mecharm_topics_jsnn.cpython-310.pyc
/home/tyler/colcon_ws/install/mecharm_communication/lib/python3.10/site-packages/mecharm_communication/__pycache__/mecharm_topics_seeed.cpython-310.pyc
/home/tyler/colcon_ws/install/mecharm_communication/lib/python3.10/site-packages/mecharm_communication/__pycache__/__init__.cpython-310.pyc
/home/tyler/colcon_ws/install/mecharm_communication/lib/python3.10/site-packages/mecharm_communication/__pycache__/mecharm_services.cpython-310.pyc
/home/tyler/colcon_ws/install/mecharm_communication/lib/python3.10/site-packages/mecharm_communication/__pycache__/mecharm_topics_pi.cpython-310.pyc
/home/tyler/colcon_ws/install/mecharm_communication/share/ament_index/resource_index/packages/mecharm_communication
/home/tyler/colcon_ws/install/mecharm_communication/share/mecharm_communication/package.xml
/home/tyler/colcon_ws/install/mecharm_communication/share/mecharm_communication/launch/communication_service.launch.py
/home/tyler/colcon_ws/install/mecharm_communication/share/mecharm_communication/launch/communication_seeed.launch.py
/home/tyler/colcon_ws/install/mecharm_communication/share/mecharm_communication/launch/communication_topic_pi.launch.py
/home/tyler/colcon_ws/install/mecharm_communication/share/mecharm_communication/launch/communication_topic.launch.py
/home/tyler/colcon_ws/install/mecharm_communication/share/mecharm_communication/launch/communication_jsnn.launch.py
/home/tyler/colcon_ws/install/mecharm_communication/lib/python3.10/site-packages/mecharm_communication-0.0.0-py3.10.egg-info/requires.txt
/home/tyler/colcon_ws/install/mecharm_communication/lib/python3.10/site-packages/mecharm_communication-0.0.0-py3.10.egg-info/PKG-INFO
/home/tyler/colcon_ws/install/mecharm_communication/lib/python3.10/site-packages/mecharm_communication-0.0.0-py3.10.egg-info/SOURCES.txt
/home/tyler/colcon_ws/install/mecharm_communication/lib/python3.10/site-packages/mecharm_communication-0.0.0-py3.10.egg-info/entry_points.txt
/home/tyler/colcon_ws/install/mecharm_communication/lib/python3.10/site-packages/mecharm_communication-0.0.0-py3.10.egg-info/dependency_links.txt
/home/tyler/colcon_ws/install/mecharm_communication/lib/python3.10/site-packages/mecharm_communication-0.0.0-py3.10.egg-info/zip-safe
/home/tyler/colcon_ws/install/mecharm_communication/lib/python3.10/site-packages/mecharm_communication-0.0.0-py3.10.egg-info/top_level.txt
/home/tyler/colcon_ws/install/mecharm_communication/lib/mecharm_communication/mecharm_services
/home/tyler/colcon_ws/install/mecharm_communication/lib/mecharm_communication/mycobot_topics
/home/tyler/colcon_ws/install/mecharm_communication/lib/mecharm_communication/mycobot_topics_jsnn
/home/tyler/colcon_ws/install/mecharm_communication/lib/mecharm_communication/mycobot_topics_pi
/home/tyler/colcon_ws/install/mecharm_communication/lib/mecharm_communication/mycobot_topics_seeed
