running develop
Removing /home/tyler/colcon_ws/install/mypalletizer_communication/lib/python3.10/site-packages/mypalletizer-communication.egg-link (link to .)
running egg_info
writing ../../../../build/mypalletizer_communication/mypalletizer_communication.egg-info/PKG-INFO
writing dependency_links to ../../../../build/mypalletizer_communication/mypalletizer_communication.egg-info/dependency_links.txt
writing entry points to ../../../../build/mypalletizer_communication/mypalletizer_communication.egg-info/entry_points.txt
writing requirements to ../../../../build/mypalletizer_communication/mypalletizer_communication.egg-info/requires.txt
writing top-level names to ../../../../build/mypalletizer_communication/mypalletizer_communication.egg-info/top_level.txt
reading manifest file '../../../../build/mypalletizer_communication/mypalletizer_communication.egg-info/SOURCES.txt'
writing manifest file '../../../../build/mypalletizer_communication/mypalletizer_communication.egg-info/SOURCES.txt'
running build
running build_py
creating /home/tyler/colcon_ws/build/mypalletizer_communication/build
creating /home/tyler/colcon_ws/build/mypalletizer_communication/build/lib
creating /home/tyler/colcon_ws/build/mypalletizer_communication/build/lib/mypalletizer_communication
copying mypalletizer_communication/mypalletizer_topics.py -> /home/tyler/colcon_ws/build/mypalletizer_communication/build/lib/mypalletizer_communication
copying mypalletizer_communication/mypalletizer_topics_seeed.py -> /home/tyler/colcon_ws/build/mypalletizer_communication/build/lib/mypalletizer_communication
copying mypalletizer_communication/__init__.py -> /home/tyler/colcon_ws/build/mypalletizer_communication/build/lib/mypalletizer_communication
copying mypalletizer_communication/mypalletizer_services.py -> /home/tyler/colcon_ws/build/mypalletizer_communication/build/lib/mypalletizer_communication
running install
running install_lib
creating /home/tyler/colcon_ws/install/mypalletizer_communication/lib/python3.10/site-packages/mypalletizer_communication
copying /home/tyler/colcon_ws/build/mypalletizer_communication/build/lib/mypalletizer_communication/mypalletizer_topics.py -> /home/tyler/colcon_ws/install/mypalletizer_communication/lib/python3.10/site-packages/mypalletizer_communication
copying /home/tyler/colcon_ws/build/mypalletizer_communication/build/lib/mypalletizer_communication/mypalletizer_topics_seeed.py -> /home/tyler/colcon_ws/install/mypalletizer_communication/lib/python3.10/site-packages/mypalletizer_communication
copying /home/tyler/colcon_ws/build/mypalletizer_communication/build/lib/mypalletizer_communication/__init__.py -> /home/tyler/colcon_ws/install/mypalletizer_communication/lib/python3.10/site-packages/mypalletizer_communication
copying /home/tyler/colcon_ws/build/mypalletizer_communication/build/lib/mypalletizer_communication/mypalletizer_services.py -> /home/tyler/colcon_ws/install/mypalletizer_communication/lib/python3.10/site-packages/mypalletizer_communication
byte-compiling /home/tyler/colcon_ws/install/mypalletizer_communication/lib/python3.10/site-packages/mypalletizer_communication/mypalletizer_topics.py to mypalletizer_topics.cpython-310.pyc
byte-compiling /home/tyler/colcon_ws/install/mypalletizer_communication/lib/python3.10/site-packages/mypalletizer_communication/mypalletizer_topics_seeed.py to mypalletizer_topics_seeed.cpython-310.pyc
byte-compiling /home/tyler/colcon_ws/install/mypalletizer_communication/lib/python3.10/site-packages/mypalletizer_communication/__init__.py to __init__.cpython-310.pyc
byte-compiling /home/tyler/colcon_ws/install/mypalletizer_communication/lib/python3.10/site-packages/mypalletizer_communication/mypalletizer_services.py to mypalletizer_services.cpython-310.pyc
running install_data
running install_egg_info
Copying ../../../../build/mypalletizer_communication/mypalletizer_communication.egg-info to /home/tyler/colcon_ws/install/mypalletizer_communication/lib/python3.10/site-packages/mypalletizer_communication-0.0.0-py3.10.egg-info
running install_scripts
Installing mypalletizer_services script to /home/tyler/colcon_ws/install/mypalletizer_communication/lib/mypalletizer_communication
Installing mypalletizer_topics script to /home/tyler/colcon_ws/install/mypalletizer_communication/lib/mypalletizer_communication
Installing mypalletizer_topics_seeed script to /home/tyler/colcon_ws/install/mypalletizer_communication/lib/mypalletizer_communication
writing list of installed files to '/home/tyler/colcon_ws/build/mypalletizer_communication/install.log'
