[2.179s] Invoking command in '/home/tyler/colcon_ws/build/mypalletizer_communication': AMENT_PREFIX_PATH=/home/tyler/colcon_ws/install/mypalletizer_interfaces:${AMENT_PREFIX_PATH} CMAKE_PREFIX_PATH=/home/tyler/colcon_ws/install/mypalletizer_interfaces LD_LIBRARY_PATH=/home/tyler/colcon_ws/install/mypalletizer_interfaces/lib:${LD_LIBRARY_PATH} MYSQL_PS1=(\u@\h) [\d]> PYTHONPATH=/home/tyler/colcon_ws/build/mypalletizer_communication/prefix_override:/home/tyler/colcon_ws/install/mypalletizer_communication/lib/python3.10/site-packages:/home/tyler/colcon_ws/install/mypalletizer_interfaces/local/lib/python3.10/dist-packages:${PYTHONPATH} /usr/bin/python3 setup.py develop --uninstall --editable --build-directory /home/tyler/colcon_ws/build/mypalletizer_communication/build
[2.534s] /usr/lib/python3/dist-packages/setuptools/dist.py:723: UserWarning: Usage of dash-separated 'script-dir' will not be supported in future versions. Please use the underscore name 'script_dir' instead
[2.534s]   warnings.warn(
[2.581s] running develop
[2.581s] /usr/lib/python3/dist-packages/setuptools/command/easy_install.py:158: EasyInstallDeprecationWarning: easy_install command is deprecated. Use build and pip and other standards-based tools.
[2.582s]   warnings.warn(
[2.584s] /usr/lib/python3/dist-packages/setuptools/command/install.py:34: SetuptoolsDeprecationWarning: setup.py install is deprecated. Use build and pip and other standards-based tools.
[2.584s]   warnings.warn(
[2.825s] Removing /home/tyler/colcon_ws/install/mypalletizer_communication/lib/python3.10/site-packages/mypalletizer-communication.egg-link (link to .)
[2.873s] Invoked command in '/home/tyler/colcon_ws/build/mypalletizer_communication' returned '0': AMENT_PREFIX_PATH=/home/tyler/colcon_ws/install/mypalletizer_interfaces:${AMENT_PREFIX_PATH} CMAKE_PREFIX_PATH=/home/tyler/colcon_ws/install/mypalletizer_interfaces LD_LIBRARY_PATH=/home/tyler/colcon_ws/install/mypalletizer_interfaces/lib:${LD_LIBRARY_PATH} MYSQL_PS1=(\u@\h) [\d]> PYTHONPATH=/home/tyler/colcon_ws/build/mypalletizer_communication/prefix_override:/home/tyler/colcon_ws/install/mypalletizer_communication/lib/python3.10/site-packages:/home/tyler/colcon_ws/install/mypalletizer_interfaces/local/lib/python3.10/dist-packages:${PYTHONPATH} /usr/bin/python3 setup.py develop --uninstall --editable --build-directory /home/tyler/colcon_ws/build/mypalletizer_communication/build
[2.877s] Invoking command in '/home/tyler/colcon_ws/src/mycobot_ros2/mypalletizer_260/mypalletizer_communication': AMENT_PREFIX_PATH=/home/tyler/colcon_ws/install/mypalletizer_interfaces:${AMENT_PREFIX_PATH} CMAKE_PREFIX_PATH=/home/tyler/colcon_ws/install/mypalletizer_interfaces LD_LIBRARY_PATH=/home/tyler/colcon_ws/install/mypalletizer_interfaces/lib:${LD_LIBRARY_PATH} MYSQL_PS1=(\u@\h) [\d]> PYTHONPATH=/home/tyler/colcon_ws/build/mypalletizer_communication/prefix_override:/home/tyler/colcon_ws/install/mypalletizer_communication/lib/python3.10/site-packages:/home/tyler/colcon_ws/install/mypalletizer_interfaces/local/lib/python3.10/dist-packages:${PYTHONPATH} /usr/bin/python3 setup.py egg_info --egg-base ../../../../build/mypalletizer_communication build --build-base /home/tyler/colcon_ws/build/mypalletizer_communication/build install --record /home/tyler/colcon_ws/build/mypalletizer_communication/install.log --install-scripts $base/lib/mypalletizer_communication --single-version-externally-managed
[3.233s] /usr/lib/python3/dist-packages/setuptools/dist.py:723: UserWarning: Usage of dash-separated 'script-dir' will not be supported in future versions. Please use the underscore name 'script_dir' instead
[3.233s]   warnings.warn(
[3.244s] running egg_info
[3.246s] writing ../../../../build/mypalletizer_communication/mypalletizer_communication.egg-info/PKG-INFO
[3.246s] writing dependency_links to ../../../../build/mypalletizer_communication/mypalletizer_communication.egg-info/dependency_links.txt
[3.247s] writing entry points to ../../../../build/mypalletizer_communication/mypalletizer_communication.egg-info/entry_points.txt
[3.247s] writing requirements to ../../../../build/mypalletizer_communication/mypalletizer_communication.egg-info/requires.txt
[3.247s] writing top-level names to ../../../../build/mypalletizer_communication/mypalletizer_communication.egg-info/top_level.txt
[3.249s] reading manifest file '../../../../build/mypalletizer_communication/mypalletizer_communication.egg-info/SOURCES.txt'
[3.251s] writing manifest file '../../../../build/mypalletizer_communication/mypalletizer_communication.egg-info/SOURCES.txt'
[3.251s] running build
[3.251s] running build_py
[3.251s] creating /home/tyler/colcon_ws/build/mypalletizer_communication/build
[3.251s] creating /home/tyler/colcon_ws/build/mypalletizer_communication/build/lib
[3.252s] creating /home/tyler/colcon_ws/build/mypalletizer_communication/build/lib/mypalletizer_communication
[3.252s] copying mypalletizer_communication/mypalletizer_topics.py -> /home/tyler/colcon_ws/build/mypalletizer_communication/build/lib/mypalletizer_communication
[3.253s] copying mypalletizer_communication/mypalletizer_topics_seeed.py -> /home/tyler/colcon_ws/build/mypalletizer_communication/build/lib/mypalletizer_communication
[3.253s] copying mypalletizer_communication/__init__.py -> /home/tyler/colcon_ws/build/mypalletizer_communication/build/lib/mypalletizer_communication
[3.253s] copying mypalletizer_communication/mypalletizer_services.py -> /home/tyler/colcon_ws/build/mypalletizer_communication/build/lib/mypalletizer_communication
[3.253s] running install
[3.253s] /usr/lib/python3/dist-packages/setuptools/command/install.py:34: SetuptoolsDeprecationWarning: setup.py install is deprecated. Use build and pip and other standards-based tools.
[3.254s]   warnings.warn(
[3.254s] running install_lib
[3.254s] creating /home/tyler/colcon_ws/install/mypalletizer_communication/lib/python3.10/site-packages/mypalletizer_communication
[3.254s] copying /home/tyler/colcon_ws/build/mypalletizer_communication/build/lib/mypalletizer_communication/mypalletizer_topics.py -> /home/tyler/colcon_ws/install/mypalletizer_communication/lib/python3.10/site-packages/mypalletizer_communication
[3.256s] copying /home/tyler/colcon_ws/build/mypalletizer_communication/build/lib/mypalletizer_communication/mypalletizer_topics_seeed.py -> /home/tyler/colcon_ws/install/mypalletizer_communication/lib/python3.10/site-packages/mypalletizer_communication
[3.256s] copying /home/tyler/colcon_ws/build/mypalletizer_communication/build/lib/mypalletizer_communication/__init__.py -> /home/tyler/colcon_ws/install/mypalletizer_communication/lib/python3.10/site-packages/mypalletizer_communication
[3.256s] copying /home/tyler/colcon_ws/build/mypalletizer_communication/build/lib/mypalletizer_communication/mypalletizer_services.py -> /home/tyler/colcon_ws/install/mypalletizer_communication/lib/python3.10/site-packages/mypalletizer_communication
[3.257s] byte-compiling /home/tyler/colcon_ws/install/mypalletizer_communication/lib/python3.10/site-packages/mypalletizer_communication/mypalletizer_topics.py to mypalletizer_topics.cpython-310.pyc
[3.262s] byte-compiling /home/tyler/colcon_ws/install/mypalletizer_communication/lib/python3.10/site-packages/mypalletizer_communication/mypalletizer_topics_seeed.py to mypalletizer_topics_seeed.cpython-310.pyc
[3.263s] byte-compiling /home/tyler/colcon_ws/install/mypalletizer_communication/lib/python3.10/site-packages/mypalletizer_communication/__init__.py to __init__.cpython-310.pyc
[3.264s] byte-compiling /home/tyler/colcon_ws/install/mypalletizer_communication/lib/python3.10/site-packages/mypalletizer_communication/mypalletizer_services.py to mypalletizer_services.cpython-310.pyc
[3.265s] running install_data
[3.265s] running install_egg_info
[3.266s] Copying ../../../../build/mypalletizer_communication/mypalletizer_communication.egg-info to /home/tyler/colcon_ws/install/mypalletizer_communication/lib/python3.10/site-packages/mypalletizer_communication-0.0.0-py3.10.egg-info
[3.267s] running install_scripts
[3.302s] Installing mypalletizer_services script to /home/tyler/colcon_ws/install/mypalletizer_communication/lib/mypalletizer_communication
[3.302s] Installing mypalletizer_topics script to /home/tyler/colcon_ws/install/mypalletizer_communication/lib/mypalletizer_communication
[3.303s] Installing mypalletizer_topics_seeed script to /home/tyler/colcon_ws/install/mypalletizer_communication/lib/mypalletizer_communication
[3.303s] writing list of installed files to '/home/tyler/colcon_ws/build/mypalletizer_communication/install.log'
[3.342s] Invoked command in '/home/tyler/colcon_ws/src/mycobot_ros2/mypalletizer_260/mypalletizer_communication' returned '0': AMENT_PREFIX_PATH=/home/tyler/colcon_ws/install/mypalletizer_interfaces:${AMENT_PREFIX_PATH} CMAKE_PREFIX_PATH=/home/tyler/colcon_ws/install/mypalletizer_interfaces LD_LIBRARY_PATH=/home/tyler/colcon_ws/install/mypalletizer_interfaces/lib:${LD_LIBRARY_PATH} MYSQL_PS1=(\u@\h) [\d]> PYTHONPATH=/home/tyler/colcon_ws/build/mypalletizer_communication/prefix_override:/home/tyler/colcon_ws/install/mypalletizer_communication/lib/python3.10/site-packages:/home/tyler/colcon_ws/install/mypalletizer_interfaces/local/lib/python3.10/dist-packages:${PYTHONPATH} /usr/bin/python3 setup.py egg_info --egg-base ../../../../build/mypalletizer_communication build --build-base /home/tyler/colcon_ws/build/mypalletizer_communication/build install --record /home/tyler/colcon_ws/build/mypalletizer_communication/install.log --install-scripts $base/lib/mypalletizer_communication --single-version-externally-managed
