[6.445s] Invoking command in '/home/tyler/colcon_ws/build/mecharm_pi': AMENT_PREFIX_PATH=/home/tyler/colcon_ws/install/mecharm_communication:/home/tyler/colcon_ws/install/mycobot_interfaces:/home/tyler/colcon_ws/install/mycobot_description:${AMENT_PREFIX_PATH} CMAKE_PREFIX_PATH=/home/tyler/colcon_ws/install/mycobot_interfaces LD_LIBRARY_PATH=/home/tyler/colcon_ws/install/mycobot_interfaces/lib:${LD_LIBRARY_PATH} MYSQL_PS1=(\u@\h) [\d]> PYTHONPATH=/home/tyler/colcon_ws/build/mecharm_pi/prefix_override:/home/tyler/colcon_ws/install/mecharm_pi/lib/python3.10/site-packages:/home/tyler/colcon_ws/install/mecharm_communication/lib/python3.10/site-packages:/home/tyler/colcon_ws/install/mycobot_interfaces/local/lib/python3.10/dist-packages:/home/tyler/colcon_ws/install/mycobot_description/lib/python3.10/site-packages:${PYTHONPATH} /usr/bin/python3 setup.py develop --uninstall --editable --build-directory /home/tyler/colcon_ws/build/mecharm_pi/build
[7.174s] running develop
[7.177s] /usr/lib/python3/dist-packages/setuptools/dist.py:723: UserWarning: Usage of dash-separated 'script-dir' will not be supported in future versions. Please use the underscore name 'script_dir' instead
[7.177s]   warnings.warn(
[7.177s] /usr/lib/python3/dist-packages/setuptools/command/easy_install.py:158: EasyInstallDeprecationWarning: easy_install command is deprecated. Use build and pip and other standards-based tools.
[7.177s]   warnings.warn(
[7.177s] /usr/lib/python3/dist-packages/setuptools/command/install.py:34: SetuptoolsDeprecationWarning: setup.py install is deprecated. Use build and pip and other standards-based tools.
[7.183s]   warnings.warn(
[7.584s] Removing /home/tyler/colcon_ws/install/mecharm_pi/lib/python3.10/site-packages/mecharm-pi.egg-link (link to .)
[7.699s] Invoked command in '/home/tyler/colcon_ws/build/mecharm_pi' returned '0': AMENT_PREFIX_PATH=/home/tyler/colcon_ws/install/mecharm_communication:/home/tyler/colcon_ws/install/mycobot_interfaces:/home/tyler/colcon_ws/install/mycobot_description:${AMENT_PREFIX_PATH} CMAKE_PREFIX_PATH=/home/tyler/colcon_ws/install/mycobot_interfaces LD_LIBRARY_PATH=/home/tyler/colcon_ws/install/mycobot_interfaces/lib:${LD_LIBRARY_PATH} MYSQL_PS1=(\u@\h) [\d]> PYTHONPATH=/home/tyler/colcon_ws/build/mecharm_pi/prefix_override:/home/tyler/colcon_ws/install/mecharm_pi/lib/python3.10/site-packages:/home/tyler/colcon_ws/install/mecharm_communication/lib/python3.10/site-packages:/home/tyler/colcon_ws/install/mycobot_interfaces/local/lib/python3.10/dist-packages:/home/tyler/colcon_ws/install/mycobot_description/lib/python3.10/site-packages:${PYTHONPATH} /usr/bin/python3 setup.py develop --uninstall --editable --build-directory /home/tyler/colcon_ws/build/mecharm_pi/build
[7.702s] Invoking command in '/home/tyler/colcon_ws/src/mycobot_ros2/mecharm/mecharm_pi': AMENT_PREFIX_PATH=/home/tyler/colcon_ws/install/mecharm_communication:/home/tyler/colcon_ws/install/mycobot_interfaces:/home/tyler/colcon_ws/install/mycobot_description:${AMENT_PREFIX_PATH} CMAKE_PREFIX_PATH=/home/tyler/colcon_ws/install/mycobot_interfaces LD_LIBRARY_PATH=/home/tyler/colcon_ws/install/mycobot_interfaces/lib:${LD_LIBRARY_PATH} MYSQL_PS1=(\u@\h) [\d]> PYTHONPATH=/home/tyler/colcon_ws/build/mecharm_pi/prefix_override:/home/tyler/colcon_ws/install/mecharm_pi/lib/python3.10/site-packages:/home/tyler/colcon_ws/install/mecharm_communication/lib/python3.10/site-packages:/home/tyler/colcon_ws/install/mycobot_interfaces/local/lib/python3.10/dist-packages:/home/tyler/colcon_ws/install/mycobot_description/lib/python3.10/site-packages:${PYTHONPATH} /usr/bin/python3 setup.py egg_info --egg-base ../../../../build/mecharm_pi build --build-base /home/tyler/colcon_ws/build/mecharm_pi/build install --record /home/tyler/colcon_ws/build/mecharm_pi/install.log --install-scripts $base/lib/mecharm_pi --single-version-externally-managed
[8.413s] /usr/lib/python3/dist-packages/setuptools/dist.py:723: UserWarning: Usage of dash-separated 'script-dir' will not be supported in future versions. Please use the underscore name 'script_dir' instead
[8.413s]   warnings.warn(
[8.434s] running egg_info
[8.436s] writing ../../../../build/mecharm_pi/mecharm_pi.egg-info/PKG-INFO
[8.436s] writing dependency_links to ../../../../build/mecharm_pi/mecharm_pi.egg-info/dependency_links.txt
[8.437s] writing entry points to ../../../../build/mecharm_pi/mecharm_pi.egg-info/entry_points.txt
[8.438s] writing requirements to ../../../../build/mecharm_pi/mecharm_pi.egg-info/requires.txt
[8.438s] writing top-level names to ../../../../build/mecharm_pi/mecharm_pi.egg-info/top_level.txt
[8.442s] reading manifest file '../../../../build/mecharm_pi/mecharm_pi.egg-info/SOURCES.txt'
[8.442s] adding license file 'LICENSE'
[8.444s] writing manifest file '../../../../build/mecharm_pi/mecharm_pi.egg-info/SOURCES.txt'
[8.445s] running build
[8.445s] running build_py
[8.445s] creating /home/tyler/colcon_ws/build/mecharm_pi/build
[8.447s] creating /home/tyler/colcon_ws/build/mecharm_pi/build/lib
[8.447s] creating /home/tyler/colcon_ws/build/mecharm_pi/build/lib/mecharm_pi
[8.447s] copying mecharm_pi/new_listen_real.py -> /home/tyler/colcon_ws/build/mecharm_pi/build/lib/mecharm_pi
[8.448s] copying mecharm_pi/follow_display.py -> /home/tyler/colcon_ws/build/mecharm_pi/build/lib/mecharm_pi
[8.448s] copying mecharm_pi/listen_real_of_topic.py -> /home/tyler/colcon_ws/build/mecharm_pi/build/lib/mecharm_pi
[8.448s] copying mecharm_pi/listen_real.py -> /home/tyler/colcon_ws/build/mecharm_pi/build/lib/mecharm_pi
[8.448s] copying mecharm_pi/teleop_keyboard.py -> /home/tyler/colcon_ws/build/mecharm_pi/build/lib/mecharm_pi
[8.448s] copying mecharm_pi/__init__.py -> /home/tyler/colcon_ws/build/mecharm_pi/build/lib/mecharm_pi
[8.448s] copying mecharm_pi/follow_and_pump.py -> /home/tyler/colcon_ws/build/mecharm_pi/build/lib/mecharm_pi
[8.449s] copying mecharm_pi/slider_control.py -> /home/tyler/colcon_ws/build/mecharm_pi/build/lib/mecharm_pi
[8.449s] copying mecharm_pi/following_marker.py -> /home/tyler/colcon_ws/build/mecharm_pi/build/lib/mecharm_pi
[8.449s] copying mecharm_pi/simple_gui.py -> /home/tyler/colcon_ws/build/mecharm_pi/build/lib/mecharm_pi
[8.450s] /usr/lib/python3/dist-packages/setuptools/command/install.py:34: SetuptoolsDeprecationWarning: setup.py install is deprecated. Use build and pip and other standards-based tools.
[8.450s]   warnings.warn(
[8.450s] running install
[8.450s] running install_lib
[8.452s] creating /home/tyler/colcon_ws/install/mecharm_pi/lib/python3.10/site-packages/mecharm_pi
[8.452s] copying /home/tyler/colcon_ws/build/mecharm_pi/build/lib/mecharm_pi/new_listen_real.py -> /home/tyler/colcon_ws/install/mecharm_pi/lib/python3.10/site-packages/mecharm_pi
[8.453s] copying /home/tyler/colcon_ws/build/mecharm_pi/build/lib/mecharm_pi/follow_display.py -> /home/tyler/colcon_ws/install/mecharm_pi/lib/python3.10/site-packages/mecharm_pi
[8.453s] copying /home/tyler/colcon_ws/build/mecharm_pi/build/lib/mecharm_pi/listen_real_of_topic.py -> /home/tyler/colcon_ws/install/mecharm_pi/lib/python3.10/site-packages/mecharm_pi
[8.454s] copying /home/tyler/colcon_ws/build/mecharm_pi/build/lib/mecharm_pi/listen_real.py -> /home/tyler/colcon_ws/install/mecharm_pi/lib/python3.10/site-packages/mecharm_pi
[8.454s] copying /home/tyler/colcon_ws/build/mecharm_pi/build/lib/mecharm_pi/teleop_keyboard.py -> /home/tyler/colcon_ws/install/mecharm_pi/lib/python3.10/site-packages/mecharm_pi
[8.455s] copying /home/tyler/colcon_ws/build/mecharm_pi/build/lib/mecharm_pi/__init__.py -> /home/tyler/colcon_ws/install/mecharm_pi/lib/python3.10/site-packages/mecharm_pi
[8.455s] copying /home/tyler/colcon_ws/build/mecharm_pi/build/lib/mecharm_pi/follow_and_pump.py -> /home/tyler/colcon_ws/install/mecharm_pi/lib/python3.10/site-packages/mecharm_pi
[8.455s] copying /home/tyler/colcon_ws/build/mecharm_pi/build/lib/mecharm_pi/slider_control.py -> /home/tyler/colcon_ws/install/mecharm_pi/lib/python3.10/site-packages/mecharm_pi
[8.456s] copying /home/tyler/colcon_ws/build/mecharm_pi/build/lib/mecharm_pi/following_marker.py -> /home/tyler/colcon_ws/install/mecharm_pi/lib/python3.10/site-packages/mecharm_pi
[8.456s] copying /home/tyler/colcon_ws/build/mecharm_pi/build/lib/mecharm_pi/simple_gui.py -> /home/tyler/colcon_ws/install/mecharm_pi/lib/python3.10/site-packages/mecharm_pi
[8.458s] byte-compiling /home/tyler/colcon_ws/install/mecharm_pi/lib/python3.10/site-packages/mecharm_pi/new_listen_real.py to new_listen_real.cpython-310.pyc
[8.460s] byte-compiling /home/tyler/colcon_ws/install/mecharm_pi/lib/python3.10/site-packages/mecharm_pi/follow_display.py to follow_display.cpython-310.pyc
[8.462s] byte-compiling /home/tyler/colcon_ws/install/mecharm_pi/lib/python3.10/site-packages/mecharm_pi/listen_real_of_topic.py to listen_real_of_topic.cpython-310.pyc
[8.463s] byte-compiling /home/tyler/colcon_ws/install/mecharm_pi/lib/python3.10/site-packages/mecharm_pi/listen_real.py to listen_real.cpython-310.pyc
[8.463s] byte-compiling /home/tyler/colcon_ws/install/mecharm_pi/lib/python3.10/site-packages/mecharm_pi/teleop_keyboard.py to teleop_keyboard.cpython-310.pyc
[8.468s] byte-compiling /home/tyler/colcon_ws/install/mecharm_pi/lib/python3.10/site-packages/mecharm_pi/__init__.py to __init__.cpython-310.pyc
[8.468s] byte-compiling /home/tyler/colcon_ws/install/mecharm_pi/lib/python3.10/site-packages/mecharm_pi/follow_and_pump.py to follow_and_pump.cpython-310.pyc
[8.469s] byte-compiling /home/tyler/colcon_ws/install/mecharm_pi/lib/python3.10/site-packages/mecharm_pi/slider_control.py to slider_control.cpython-310.pyc
[8.470s] byte-compiling /home/tyler/colcon_ws/install/mecharm_pi/lib/python3.10/site-packages/mecharm_pi/following_marker.py to following_marker.cpython-310.pyc
[8.470s] byte-compiling /home/tyler/colcon_ws/install/mecharm_pi/lib/python3.10/site-packages/mecharm_pi/simple_gui.py to simple_gui.cpython-310.pyc
[8.480s] running install_data
[8.481s] running install_egg_info
[8.482s] Copying ../../../../build/mecharm_pi/mecharm_pi.egg-info to /home/tyler/colcon_ws/install/mecharm_pi/lib/python3.10/site-packages/mecharm_pi-0.0.0-py3.10.egg-info
[8.484s] running install_scripts
[8.538s] Installing detect_marker script to /home/tyler/colcon_ws/install/mecharm_pi/lib/mecharm_pi
[8.539s] Installing follow_display script to /home/tyler/colcon_ws/install/mecharm_pi/lib/mecharm_pi
[8.539s] Installing following_marker script to /home/tyler/colcon_ws/install/mecharm_pi/lib/mecharm_pi
[8.539s] Installing listen_real script to /home/tyler/colcon_ws/install/mecharm_pi/lib/mecharm_pi
[8.539s] Installing listen_real_of_topic script to /home/tyler/colcon_ws/install/mecharm_pi/lib/mecharm_pi
[8.540s] Installing simple_gui script to /home/tyler/colcon_ws/install/mecharm_pi/lib/mecharm_pi
[8.541s] Installing slider_control script to /home/tyler/colcon_ws/install/mecharm_pi/lib/mecharm_pi
[8.541s] Installing teleop_keyboard script to /home/tyler/colcon_ws/install/mecharm_pi/lib/mecharm_pi
[8.542s] writing list of installed files to '/home/tyler/colcon_ws/build/mecharm_pi/install.log'
[8.944s] Invoked command in '/home/tyler/colcon_ws/src/mycobot_ros2/mecharm/mecharm_pi' returned '0': AMENT_PREFIX_PATH=/home/tyler/colcon_ws/install/mecharm_communication:/home/tyler/colcon_ws/install/mycobot_interfaces:/home/tyler/colcon_ws/install/mycobot_description:${AMENT_PREFIX_PATH} CMAKE_PREFIX_PATH=/home/tyler/colcon_ws/install/mycobot_interfaces LD_LIBRARY_PATH=/home/tyler/colcon_ws/install/mycobot_interfaces/lib:${LD_LIBRARY_PATH} MYSQL_PS1=(\u@\h) [\d]> PYTHONPATH=/home/tyler/colcon_ws/build/mecharm_pi/prefix_override:/home/tyler/colcon_ws/install/mecharm_pi/lib/python3.10/site-packages:/home/tyler/colcon_ws/install/mecharm_communication/lib/python3.10/site-packages:/home/tyler/colcon_ws/install/mycobot_interfaces/local/lib/python3.10/dist-packages:/home/tyler/colcon_ws/install/mycobot_description/lib/python3.10/site-packages:${PYTHONPATH} /usr/bin/python3 setup.py egg_info --egg-base ../../../../build/mecharm_pi build --build-base /home/tyler/colcon_ws/build/mecharm_pi/build install --record /home/tyler/colcon_ws/build/mecharm_pi/install.log --install-scripts $base/lib/mecharm_pi --single-version-externally-managed
