[0.159s] Invoking command in '/home/tyler/mycobot_ROS2/moveit_tutorial_ws/build/pilz_industrial_motion_planner': AMENT_PREFIX_PATH=/home/tyler/mycobot_ROS2/moveit_tutorial_ws/install/moveit_resources_prbt_pg70_support:/home/tyler/mycobot_ROS2/moveit_tutorial_ws/install/moveit_ros_planning_interface:/home/tyler/mycobot_ROS2/moveit_tutorial_ws/install/moveit_resources_prbt_moveit_config:/home/tyler/mycobot_ROS2/moveit_tutorial_ws/install/moveit_ros_move_group:/home/tyler/mycobot_ROS2/moveit_tutorial_ws/install/moveit_ros_warehouse:/home/tyler/mycobot_ROS2/moveit_tutorial_ws/install/moveit_kinematics:/home/tyler/mycobot_ROS2/moveit_tutorial_ws/install/moveit_ros_planning:/home/tyler/mycobot_ROS2/moveit_tutorial_ws/install/pilz_industrial_motion_planner_testutils:/home/tyler/mycobot_ROS2/moveit_tutorial_ws/install/moveit_ros_occupancy_map_monitor:/home/tyler/mycobot_ROS2/moveit_tutorial_ws/install/moveit_resources_prbt_ikfast_manipulator_plugin:/home/tyler/mycobot_ROS2/moveit_tutorial_ws/install/moveit_core:/home/tyler/mycobot_ROS2/moveit_tutorial_ws/install/moveit_resources_panda_moveit_config:/home/tyler/mycobot_ROS2/moveit_tutorial_ws/install/moveit_resources_prbt_support:/home/tyler/mycobot_ROS2/moveit_tutorial_ws/install/moveit_resources_panda_description:/home/tyler/mycobot_ROS2/moveit_tutorial_ws/install/moveit_msgs:/home/tyler/mycobot_ROS2/moveit_tutorial_ws/install/moveit_configs_utils:/home/tyler/mycobot_ROS2/moveit_tutorial_ws/install/moveit_common:${AMENT_PREFIX_PATH} CMAKE_PREFIX_PATH=/home/tyler/mycobot_ROS2/moveit_tutorial_ws/install/moveit_resources_prbt_pg70_support:/home/tyler/mycobot_ROS2/moveit_tutorial_ws/install/moveit_ros_planning_interface:/home/tyler/mycobot_ROS2/moveit_tutorial_ws/install/moveit_resources_prbt_moveit_config:/home/tyler/mycobot_ROS2/moveit_tutorial_ws/install/moveit_ros_move_group:/home/tyler/mycobot_ROS2/moveit_tutorial_ws/install/moveit_ros_warehouse:/home/tyler/mycobot_ROS2/moveit_tutorial_ws/install/moveit_kinematics:/home/tyler/mycobot_ROS2/moveit_tutorial_ws/install/moveit_ros_planning:/home/tyler/mycobot_ROS2/moveit_tutorial_ws/install/pilz_industrial_motion_planner_testutils:/home/tyler/mycobot_ROS2/moveit_tutorial_ws/install/moveit_ros_occupancy_map_monitor:/home/tyler/mycobot_ROS2/moveit_tutorial_ws/install/moveit_resources_prbt_ikfast_manipulator_plugin:/home/tyler/mycobot_ROS2/moveit_tutorial_ws/install/moveit_core:/home/tyler/mycobot_ROS2/moveit_tutorial_ws/install/moveit_resources_panda_moveit_config:/home/tyler/mycobot_ROS2/moveit_tutorial_ws/install/moveit_resources_prbt_support:/home/tyler/mycobot_ROS2/moveit_tutorial_ws/install/moveit_resources_panda_description:/home/tyler/mycobot_ROS2/moveit_tutorial_ws/install/moveit_msgs:/home/tyler/mycobot_ROS2/moveit_tutorial_ws/install/moveit_common:/home/tyler/mycobot_ROS2/colcon_ws/install/mypalletizer_interfaces:/home/tyler/mycobot_ROS2/colcon_ws/install/mycobot_interfaces:/home/tyler/mycobot_ROS2/colcon_ws/install/mecharm_interfaces:/home/tyler/mycobot_ROS2/colcon_ws/install/ultraarm:/home/tyler/mycobot_ROS2/colcon_ws/install/mypalletizer_260_pi:/home/tyler/mycobot_ROS2/colcon_ws/install/mypalletizer_260:/home/tyler/mycobot_ROS2/colcon_ws/install/mypalletizer_communication:/home/tyler/mycobot_ROS2/colcon_ws/install/mycobot_320pi:/home/tyler/mycobot_ROS2/colcon_ws/install/mycobot_320:/home/tyler/mycobot_ROS2/colcon_ws/install/mycobot_280pi:/home/tyler/mycobot_ROS2/colcon_ws/install/mycobot_280jn:/home/tyler/mycobot_ROS2/colcon_ws/install/mycobot_280_x3pi:/home/tyler/mycobot_ROS2/colcon_ws/install/mycobot_280:/home/tyler/mycobot_ROS2/colcon_ws/install/myarm_300:/home/tyler/mycobot_ROS2/colcon_ws/install/mycobot_communication:/home/tyler/mycobot_ROS2/colcon_ws/install/mecharm_pi:/home/tyler/mycobot_ROS2/colcon_ws/install/mecharm:/home/tyler/mycobot_ROS2/colcon_ws/install/mecharm_communication:/home/tyler/mycobot_ROS2/colcon_ws/install/mybuddy:/home/tyler/mycobot_ROS2/colcon_ws/install/mycobot_description:/opt/ros/humble LD_LIBRARY_PATH=/home/tyler/mycobot_ROS2/moveit_tutorial_ws/install/moveit_ros_planning_interface/lib:/home/tyler/mycobot_ROS2/moveit_tutorial_ws/install/moveit_ros_move_group/lib:/home/tyler/mycobot_ROS2/moveit_tutorial_ws/install/moveit_ros_warehouse/lib:/home/tyler/mycobot_ROS2/moveit_tutorial_ws/install/moveit_kinematics/lib:/home/tyler/mycobot_ROS2/moveit_tutorial_ws/install/moveit_ros_planning/lib:/home/tyler/mycobot_ROS2/moveit_tutorial_ws/install/pilz_industrial_motion_planner_testutils/lib:/home/tyler/mycobot_ROS2/moveit_tutorial_ws/install/moveit_ros_occupancy_map_monitor/lib:/home/tyler/mycobot_ROS2/moveit_tutorial_ws/install/moveit_resources_prbt_ikfast_manipulator_plugin/lib:/home/tyler/mycobot_ROS2/moveit_tutorial_ws/install/moveit_core/lib:/home/tyler/mycobot_ROS2/moveit_tutorial_ws/install/moveit_msgs/lib:${LD_LIBRARY_PATH} MYSQL_PS1=(\u@\h) [\d]> PATH=/home/tyler/mycobot_ROS2/moveit_tutorial_ws/install/moveit_core/bin:${PATH} PYTHONPATH=/home/tyler/mycobot_ROS2/moveit_tutorial_ws/install/moveit_msgs/local/lib/python3.10/dist-packages:/home/tyler/mycobot_ROS2/moveit_tutorial_ws/install/moveit_configs_utils/lib/python3.10/site-packages:${PYTHONPATH} /usr/bin/cmake --build /home/tyler/mycobot_ROS2/moveit_tutorial_ws/build/pilz_industrial_motion_planner -- -j16 -l16
[0.249s] [  1%] Built target cartesian_limits_parameters
[0.258s] [  3%] Built target gtest_main
[0.263s] [ 10%] Built target gmock
[0.263s] [ 10%] Built target gtest
[0.264s] [ 12%] Built target gmock_main
[0.313s] [ 15%] Built target planning_context_loader_base
[0.322s] [ 21%] Built target joint_limits_common
[0.335s] [ 26%] Built target trajectory_generation_common
[0.376s] [ 28%] Built target unittest_joint_limits_container
[0.387s] [ 33%] Built target unittest_joint_limit
[0.388s] [ 33%] Built target unittest_joint_limits_validator
[0.399s] [ 36%] Built target unittest_joint_limits_aggregator
[0.401s] [ 38%] Built target pilz_industrial_motion_planner
[0.418s] [ 43%] Built target planning_context_loader_ptp
[0.422s] [ 50%] Built target pilz_industrial_motion_planner_test_utils
[0.422s] [ 50%] Built target command_list_manager
[0.423s] [ 55%] Built target planning_context_loader_lin
[0.430s] [ 60%] Built target planning_context_loader_circ
[0.466s] [ 63%] Built target unittest_velocity_profile_atrap
[0.488s] [ 66%] Built target unittest_get_solver_tip_frame
[0.493s] [ 68%] Built target unittest_pilz_industrial_motion_planner
[0.509s] [ 72%] Built target unittest_trajectory_generator
[0.514s] [ 75%] Built target unittest_pilz_industrial_motion_planner_direct
[0.520s] [ 77%] Built target unittest_planning_context_loaders
[0.521s] [ 81%] Built target unittest_trajectory_generator_lin
[0.522s] [ 83%] Built target unittest_trajectory_functions
[0.522s] [ 85%] Built target unittest_trajectory_generator_ptp
[0.527s] [ 87%] Built target unittest_trajectory_generator_common
[0.528s] [ 90%] Built target unittest_planning_context
[0.534s] [ 93%] Built target sequence_capability
[0.534s] [ 96%] Built target unittest_trajectory_generator_circ
[0.538s] [100%] Built target unittest_trajectory_blender_transition_window
[0.560s] Invoked command in '/home/tyler/mycobot_ROS2/moveit_tutorial_ws/build/pilz_industrial_motion_planner' returned '0': AMENT_PREFIX_PATH=/home/tyler/mycobot_ROS2/moveit_tutorial_ws/install/moveit_resources_prbt_pg70_support:/home/tyler/mycobot_ROS2/moveit_tutorial_ws/install/moveit_ros_planning_interface:/home/tyler/mycobot_ROS2/moveit_tutorial_ws/install/moveit_resources_prbt_moveit_config:/home/tyler/mycobot_ROS2/moveit_tutorial_ws/install/moveit_ros_move_group:/home/tyler/mycobot_ROS2/moveit_tutorial_ws/install/moveit_ros_warehouse:/home/tyler/mycobot_ROS2/moveit_tutorial_ws/install/moveit_kinematics:/home/tyler/mycobot_ROS2/moveit_tutorial_ws/install/moveit_ros_planning:/home/tyler/mycobot_ROS2/moveit_tutorial_ws/install/pilz_industrial_motion_planner_testutils:/home/tyler/mycobot_ROS2/moveit_tutorial_ws/install/moveit_ros_occupancy_map_monitor:/home/tyler/mycobot_ROS2/moveit_tutorial_ws/install/moveit_resources_prbt_ikfast_manipulator_plugin:/home/tyler/mycobot_ROS2/moveit_tutorial_ws/install/moveit_core:/home/tyler/mycobot_ROS2/moveit_tutorial_ws/install/moveit_resources_panda_moveit_config:/home/tyler/mycobot_ROS2/moveit_tutorial_ws/install/moveit_resources_prbt_support:/home/tyler/mycobot_ROS2/moveit_tutorial_ws/install/moveit_resources_panda_description:/home/tyler/mycobot_ROS2/moveit_tutorial_ws/install/moveit_msgs:/home/tyler/mycobot_ROS2/moveit_tutorial_ws/install/moveit_configs_utils:/home/tyler/mycobot_ROS2/moveit_tutorial_ws/install/moveit_common:${AMENT_PREFIX_PATH} CMAKE_PREFIX_PATH=/home/tyler/mycobot_ROS2/moveit_tutorial_ws/install/moveit_resources_prbt_pg70_support:/home/tyler/mycobot_ROS2/moveit_tutorial_ws/install/moveit_ros_planning_interface:/home/tyler/mycobot_ROS2/moveit_tutorial_ws/install/moveit_resources_prbt_moveit_config:/home/tyler/mycobot_ROS2/moveit_tutorial_ws/install/moveit_ros_move_group:/home/tyler/mycobot_ROS2/moveit_tutorial_ws/install/moveit_ros_warehouse:/home/tyler/mycobot_ROS2/moveit_tutorial_ws/install/moveit_kinematics:/home/tyler/mycobot_ROS2/moveit_tutorial_ws/install/moveit_ros_planning:/home/tyler/mycobot_ROS2/moveit_tutorial_ws/install/pilz_industrial_motion_planner_testutils:/home/tyler/mycobot_ROS2/moveit_tutorial_ws/install/moveit_ros_occupancy_map_monitor:/home/tyler/mycobot_ROS2/moveit_tutorial_ws/install/moveit_resources_prbt_ikfast_manipulator_plugin:/home/tyler/mycobot_ROS2/moveit_tutorial_ws/install/moveit_core:/home/tyler/mycobot_ROS2/moveit_tutorial_ws/install/moveit_resources_panda_moveit_config:/home/tyler/mycobot_ROS2/moveit_tutorial_ws/install/moveit_resources_prbt_support:/home/tyler/mycobot_ROS2/moveit_tutorial_ws/install/moveit_resources_panda_description:/home/tyler/mycobot_ROS2/moveit_tutorial_ws/install/moveit_msgs:/home/tyler/mycobot_ROS2/moveit_tutorial_ws/install/moveit_common:/home/tyler/mycobot_ROS2/colcon_ws/install/mypalletizer_interfaces:/home/tyler/mycobot_ROS2/colcon_ws/install/mycobot_interfaces:/home/tyler/mycobot_ROS2/colcon_ws/install/mecharm_interfaces:/home/tyler/mycobot_ROS2/colcon_ws/install/ultraarm:/home/tyler/mycobot_ROS2/colcon_ws/install/mypalletizer_260_pi:/home/tyler/mycobot_ROS2/colcon_ws/install/mypalletizer_260:/home/tyler/mycobot_ROS2/colcon_ws/install/mypalletizer_communication:/home/tyler/mycobot_ROS2/colcon_ws/install/mycobot_320pi:/home/tyler/mycobot_ROS2/colcon_ws/install/mycobot_320:/home/tyler/mycobot_ROS2/colcon_ws/install/mycobot_280pi:/home/tyler/mycobot_ROS2/colcon_ws/install/mycobot_280jn:/home/tyler/mycobot_ROS2/colcon_ws/install/mycobot_280_x3pi:/home/tyler/mycobot_ROS2/colcon_ws/install/mycobot_280:/home/tyler/mycobot_ROS2/colcon_ws/install/myarm_300:/home/tyler/mycobot_ROS2/colcon_ws/install/mycobot_communication:/home/tyler/mycobot_ROS2/colcon_ws/install/mecharm_pi:/home/tyler/mycobot_ROS2/colcon_ws/install/mecharm:/home/tyler/mycobot_ROS2/colcon_ws/install/mecharm_communication:/home/tyler/mycobot_ROS2/colcon_ws/install/mybuddy:/home/tyler/mycobot_ROS2/colcon_ws/install/mycobot_description:/opt/ros/humble LD_LIBRARY_PATH=/home/tyler/mycobot_ROS2/moveit_tutorial_ws/install/moveit_ros_planning_interface/lib:/home/tyler/mycobot_ROS2/moveit_tutorial_ws/install/moveit_ros_move_group/lib:/home/tyler/mycobot_ROS2/moveit_tutorial_ws/install/moveit_ros_warehouse/lib:/home/tyler/mycobot_ROS2/moveit_tutorial_ws/install/moveit_kinematics/lib:/home/tyler/mycobot_ROS2/moveit_tutorial_ws/install/moveit_ros_planning/lib:/home/tyler/mycobot_ROS2/moveit_tutorial_ws/install/pilz_industrial_motion_planner_testutils/lib:/home/tyler/mycobot_ROS2/moveit_tutorial_ws/install/moveit_ros_occupancy_map_monitor/lib:/home/tyler/mycobot_ROS2/moveit_tutorial_ws/install/moveit_resources_prbt_ikfast_manipulator_plugin/lib:/home/tyler/mycobot_ROS2/moveit_tutorial_ws/install/moveit_core/lib:/home/tyler/mycobot_ROS2/moveit_tutorial_ws/install/moveit_msgs/lib:${LD_LIBRARY_PATH} MYSQL_PS1=(\u@\h) [\d]> PATH=/home/tyler/mycobot_ROS2/moveit_tutorial_ws/install/moveit_core/bin:${PATH} PYTHONPATH=/home/tyler/mycobot_ROS2/moveit_tutorial_ws/install/moveit_msgs/local/lib/python3.10/dist-packages:/home/tyler/mycobot_ROS2/moveit_tutorial_ws/install/moveit_configs_utils/lib/python3.10/site-packages:${PYTHONPATH} /usr/bin/cmake --build /home/tyler/mycobot_ROS2/moveit_tutorial_ws/build/pilz_industrial_motion_planner -- -j16 -l16
[0.711s] Invoking command in '/home/tyler/mycobot_ROS2/moveit_tutorial_ws/build/pilz_industrial_motion_planner': AMENT_PREFIX_PATH=/home/tyler/mycobot_ROS2/moveit_tutorial_ws/install/moveit_resources_prbt_pg70_support:/home/tyler/mycobot_ROS2/moveit_tutorial_ws/install/moveit_ros_planning_interface:/home/tyler/mycobot_ROS2/moveit_tutorial_ws/install/moveit_resources_prbt_moveit_config:/home/tyler/mycobot_ROS2/moveit_tutorial_ws/install/moveit_ros_move_group:/home/tyler/mycobot_ROS2/moveit_tutorial_ws/install/moveit_ros_warehouse:/home/tyler/mycobot_ROS2/moveit_tutorial_ws/install/moveit_kinematics:/home/tyler/mycobot_ROS2/moveit_tutorial_ws/install/moveit_ros_planning:/home/tyler/mycobot_ROS2/moveit_tutorial_ws/install/pilz_industrial_motion_planner_testutils:/home/tyler/mycobot_ROS2/moveit_tutorial_ws/install/moveit_ros_occupancy_map_monitor:/home/tyler/mycobot_ROS2/moveit_tutorial_ws/install/moveit_resources_prbt_ikfast_manipulator_plugin:/home/tyler/mycobot_ROS2/moveit_tutorial_ws/install/moveit_core:/home/tyler/mycobot_ROS2/moveit_tutorial_ws/install/moveit_resources_panda_moveit_config:/home/tyler/mycobot_ROS2/moveit_tutorial_ws/install/moveit_resources_prbt_support:/home/tyler/mycobot_ROS2/moveit_tutorial_ws/install/moveit_resources_panda_description:/home/tyler/mycobot_ROS2/moveit_tutorial_ws/install/moveit_msgs:/home/tyler/mycobot_ROS2/moveit_tutorial_ws/install/moveit_configs_utils:/home/tyler/mycobot_ROS2/moveit_tutorial_ws/install/moveit_common:${AMENT_PREFIX_PATH} CMAKE_PREFIX_PATH=/home/tyler/mycobot_ROS2/moveit_tutorial_ws/install/moveit_resources_prbt_pg70_support:/home/tyler/mycobot_ROS2/moveit_tutorial_ws/install/moveit_ros_planning_interface:/home/tyler/mycobot_ROS2/moveit_tutorial_ws/install/moveit_resources_prbt_moveit_config:/home/tyler/mycobot_ROS2/moveit_tutorial_ws/install/moveit_ros_move_group:/home/tyler/mycobot_ROS2/moveit_tutorial_ws/install/moveit_ros_warehouse:/home/tyler/mycobot_ROS2/moveit_tutorial_ws/install/moveit_kinematics:/home/tyler/mycobot_ROS2/moveit_tutorial_ws/install/moveit_ros_planning:/home/tyler/mycobot_ROS2/moveit_tutorial_ws/install/pilz_industrial_motion_planner_testutils:/home/tyler/mycobot_ROS2/moveit_tutorial_ws/install/moveit_ros_occupancy_map_monitor:/home/tyler/mycobot_ROS2/moveit_tutorial_ws/install/moveit_resources_prbt_ikfast_manipulator_plugin:/home/tyler/mycobot_ROS2/moveit_tutorial_ws/install/moveit_core:/home/tyler/mycobot_ROS2/moveit_tutorial_ws/install/moveit_resources_panda_moveit_config:/home/tyler/mycobot_ROS2/moveit_tutorial_ws/install/moveit_resources_prbt_support:/home/tyler/mycobot_ROS2/moveit_tutorial_ws/install/moveit_resources_panda_description:/home/tyler/mycobot_ROS2/moveit_tutorial_ws/install/moveit_msgs:/home/tyler/mycobot_ROS2/moveit_tutorial_ws/install/moveit_common:/home/tyler/mycobot_ROS2/colcon_ws/install/mypalletizer_interfaces:/home/tyler/mycobot_ROS2/colcon_ws/install/mycobot_interfaces:/home/tyler/mycobot_ROS2/colcon_ws/install/mecharm_interfaces:/home/tyler/mycobot_ROS2/colcon_ws/install/ultraarm:/home/tyler/mycobot_ROS2/colcon_ws/install/mypalletizer_260_pi:/home/tyler/mycobot_ROS2/colcon_ws/install/mypalletizer_260:/home/tyler/mycobot_ROS2/colcon_ws/install/mypalletizer_communication:/home/tyler/mycobot_ROS2/colcon_ws/install/mycobot_320pi:/home/tyler/mycobot_ROS2/colcon_ws/install/mycobot_320:/home/tyler/mycobot_ROS2/colcon_ws/install/mycobot_280pi:/home/tyler/mycobot_ROS2/colcon_ws/install/mycobot_280jn:/home/tyler/mycobot_ROS2/colcon_ws/install/mycobot_280_x3pi:/home/tyler/mycobot_ROS2/colcon_ws/install/mycobot_280:/home/tyler/mycobot_ROS2/colcon_ws/install/myarm_300:/home/tyler/mycobot_ROS2/colcon_ws/install/mycobot_communication:/home/tyler/mycobot_ROS2/colcon_ws/install/mecharm_pi:/home/tyler/mycobot_ROS2/colcon_ws/install/mecharm:/home/tyler/mycobot_ROS2/colcon_ws/install/mecharm_communication:/home/tyler/mycobot_ROS2/colcon_ws/install/mybuddy:/home/tyler/mycobot_ROS2/colcon_ws/install/mycobot_description:/opt/ros/humble LD_LIBRARY_PATH=/home/tyler/mycobot_ROS2/moveit_tutorial_ws/install/moveit_ros_planning_interface/lib:/home/tyler/mycobot_ROS2/moveit_tutorial_ws/install/moveit_ros_move_group/lib:/home/tyler/mycobot_ROS2/moveit_tutorial_ws/install/moveit_ros_warehouse/lib:/home/tyler/mycobot_ROS2/moveit_tutorial_ws/install/moveit_kinematics/lib:/home/tyler/mycobot_ROS2/moveit_tutorial_ws/install/moveit_ros_planning/lib:/home/tyler/mycobot_ROS2/moveit_tutorial_ws/install/pilz_industrial_motion_planner_testutils/lib:/home/tyler/mycobot_ROS2/moveit_tutorial_ws/install/moveit_ros_occupancy_map_monitor/lib:/home/tyler/mycobot_ROS2/moveit_tutorial_ws/install/moveit_resources_prbt_ikfast_manipulator_plugin/lib:/home/tyler/mycobot_ROS2/moveit_tutorial_ws/install/moveit_core/lib:/home/tyler/mycobot_ROS2/moveit_tutorial_ws/install/moveit_msgs/lib:${LD_LIBRARY_PATH} MYSQL_PS1=(\u@\h) [\d]> PATH=/home/tyler/mycobot_ROS2/moveit_tutorial_ws/install/moveit_core/bin:${PATH} PYTHONPATH=/home/tyler/mycobot_ROS2/moveit_tutorial_ws/install/moveit_msgs/local/lib/python3.10/dist-packages:/home/tyler/mycobot_ROS2/moveit_tutorial_ws/install/moveit_configs_utils/lib/python3.10/site-packages:${PYTHONPATH} /usr/bin/cmake --install /home/tyler/mycobot_ROS2/moveit_tutorial_ws/build/pilz_industrial_motion_planner
[0.726s] -- Install configuration: "Release"
[0.726s] -- Up-to-date: /home/tyler/mycobot_ROS2/moveit_tutorial_ws/install/pilz_industrial_motion_planner/include/cartesian_limits_parameters
[0.726s] -- Up-to-date: /home/tyler/mycobot_ROS2/moveit_tutorial_ws/install/pilz_industrial_motion_planner/include/cartesian_limits_parameters/cartesian_limits_parameters.hpp
[0.727s] -- Up-to-date: /home/tyler/mycobot_ROS2/moveit_tutorial_ws/install/pilz_industrial_motion_planner/share/pilz_industrial_motion_planner/plugins/pilz_industrial_motion_planner_plugin_description.xml
[0.727s] -- Up-to-date: /home/tyler/mycobot_ROS2/moveit_tutorial_ws/install/pilz_industrial_motion_planner/share/pilz_industrial_motion_planner/plugins/sequence_capability_plugin_description.xml
[0.727s] -- Up-to-date: /home/tyler/mycobot_ROS2/moveit_tutorial_ws/install/pilz_industrial_motion_planner/share/pilz_industrial_motion_planner/plugins/planning_context_plugin_description.xml
[0.727s] -- Up-to-date: /home/tyler/mycobot_ROS2/moveit_tutorial_ws/install/pilz_industrial_motion_planner/lib/libpilz_industrial_motion_planner.so
[0.728s] -- Up-to-date: /home/tyler/mycobot_ROS2/moveit_tutorial_ws/install/pilz_industrial_motion_planner/lib/libjoint_limits_common.so
[0.729s] -- Up-to-date: /home/tyler/mycobot_ROS2/moveit_tutorial_ws/install/pilz_industrial_motion_planner/lib/libplanning_context_loader_base.so
[0.730s] -- Up-to-date: /home/tyler/mycobot_ROS2/moveit_tutorial_ws/install/pilz_industrial_motion_planner/lib/libplanning_context_loader_ptp.so
[0.731s] -- Up-to-date: /home/tyler/mycobot_ROS2/moveit_tutorial_ws/install/pilz_industrial_motion_planner/lib/libplanning_context_loader_lin.so
[0.731s] -- Up-to-date: /home/tyler/mycobot_ROS2/moveit_tutorial_ws/install/pilz_industrial_motion_planner/lib/libplanning_context_loader_circ.so
[0.732s] -- Up-to-date: /home/tyler/mycobot_ROS2/moveit_tutorial_ws/install/pilz_industrial_motion_planner/lib/libcommand_list_manager.so
[0.733s] -- Up-to-date: /home/tyler/mycobot_ROS2/moveit_tutorial_ws/install/pilz_industrial_motion_planner/lib/libsequence_capability.so
[0.734s] -- Up-to-date: /home/tyler/mycobot_ROS2/moveit_tutorial_ws/install/pilz_industrial_motion_planner/lib/libtrajectory_generation_common.so
[0.735s] -- Up-to-date: /home/tyler/mycobot_ROS2/moveit_tutorial_ws/install/pilz_industrial_motion_planner/include/pilz_industrial_motion_planner
[0.735s] -- Up-to-date: /home/tyler/mycobot_ROS2/moveit_tutorial_ws/install/pilz_industrial_motion_planner/include/pilz_industrial_motion_planner/joint_limits_copy
[0.735s] -- Up-to-date: /home/tyler/mycobot_ROS2/moveit_tutorial_ws/install/pilz_industrial_motion_planner/include/pilz_industrial_motion_planner/joint_limits_copy/joint_limits.hpp
[0.735s] -- Up-to-date: /home/tyler/mycobot_ROS2/moveit_tutorial_ws/install/pilz_industrial_motion_planner/include/pilz_industrial_motion_planner/joint_limits_copy/joint_limits_rosparam.hpp
[0.735s] -- Up-to-date: /home/tyler/mycobot_ROS2/moveit_tutorial_ws/install/pilz_industrial_motion_planner/include/pilz_industrial_motion_planner/pilz_industrial_motion_planner
[0.735s] -- Up-to-date: /home/tyler/mycobot_ROS2/moveit_tutorial_ws/install/pilz_industrial_motion_planner/include/pilz_industrial_motion_planner/pilz_industrial_motion_planner/trajectory_generator_ptp.h
[0.736s] -- Up-to-date: /home/tyler/mycobot_ROS2/moveit_tutorial_ws/install/pilz_industrial_motion_planner/include/pilz_industrial_motion_planner/pilz_industrial_motion_planner/joint_limits_container.h
[0.736s] -- Up-to-date: /home/tyler/mycobot_ROS2/moveit_tutorial_ws/install/pilz_industrial_motion_planner/include/pilz_industrial_motion_planner/pilz_industrial_motion_planner/limits_container.h
[0.736s] -- Up-to-date: /home/tyler/mycobot_ROS2/moveit_tutorial_ws/install/pilz_industrial_motion_planner/include/pilz_industrial_motion_planner/pilz_industrial_motion_planner/planning_exceptions.h
[0.736s] -- Up-to-date: /home/tyler/mycobot_ROS2/moveit_tutorial_ws/install/pilz_industrial_motion_planner/include/pilz_industrial_motion_planner/pilz_industrial_motion_planner/trajectory_functions.h
[0.736s] -- Up-to-date: /home/tyler/mycobot_ROS2/moveit_tutorial_ws/install/pilz_industrial_motion_planner/include/pilz_industrial_motion_planner/pilz_industrial_motion_planner/planning_context_circ.h
[0.736s] -- Up-to-date: /home/tyler/mycobot_ROS2/moveit_tutorial_ws/install/pilz_industrial_motion_planner/include/pilz_industrial_motion_planner/pilz_industrial_motion_planner/cartesian_trajectory.h
[0.736s] -- Up-to-date: /home/tyler/mycobot_ROS2/moveit_tutorial_ws/install/pilz_industrial_motion_planner/include/pilz_industrial_motion_planner/pilz_industrial_motion_planner/tip_frame_getter.h
[0.736s] -- Up-to-date: /home/tyler/mycobot_ROS2/moveit_tutorial_ws/install/pilz_industrial_motion_planner/include/pilz_industrial_motion_planner/pilz_industrial_motion_planner/joint_limits_extension.h
[0.736s] -- Up-to-date: /home/tyler/mycobot_ROS2/moveit_tutorial_ws/install/pilz_industrial_motion_planner/include/pilz_industrial_motion_planner/pilz_industrial_motion_planner/trajectory_generator_lin.h
[0.736s] -- Up-to-date: /home/tyler/mycobot_ROS2/moveit_tutorial_ws/install/pilz_industrial_motion_planner/include/pilz_industrial_motion_planner/pilz_industrial_motion_planner/trajectory_blender_transition_window.h
[0.736s] -- Up-to-date: /home/tyler/mycobot_ROS2/moveit_tutorial_ws/install/pilz_industrial_motion_planner/include/pilz_industrial_motion_planner/pilz_industrial_motion_planner/path_circle_generator.h
[0.736s] -- Up-to-date: /home/tyler/mycobot_ROS2/moveit_tutorial_ws/install/pilz_industrial_motion_planner/include/pilz_industrial_motion_planner/pilz_industrial_motion_planner/move_group_sequence_service.h
[0.736s] -- Up-to-date: /home/tyler/mycobot_ROS2/moveit_tutorial_ws/install/pilz_industrial_motion_planner/include/pilz_industrial_motion_planner/pilz_industrial_motion_planner/trajectory_generation_exceptions.h
[0.737s] -- Up-to-date: /home/tyler/mycobot_ROS2/moveit_tutorial_ws/install/pilz_industrial_motion_planner/include/pilz_industrial_motion_planner/pilz_industrial_motion_planner/trajectory_generator_circ.h
[0.737s] -- Up-to-date: /home/tyler/mycobot_ROS2/moveit_tutorial_ws/install/pilz_industrial_motion_planner/include/pilz_industrial_motion_planner/pilz_industrial_motion_planner/planning_context_ptp.h
[0.737s] -- Up-to-date: /home/tyler/mycobot_ROS2/moveit_tutorial_ws/install/pilz_industrial_motion_planner/include/pilz_industrial_motion_planner/pilz_industrial_motion_planner/joint_limits_aggregator.h
[0.737s] -- Up-to-date: /home/tyler/mycobot_ROS2/moveit_tutorial_ws/install/pilz_industrial_motion_planner/include/pilz_industrial_motion_planner/pilz_industrial_motion_planner/trajectory_blend_response.h
[0.737s] -- Up-to-date: /home/tyler/mycobot_ROS2/moveit_tutorial_ws/install/pilz_industrial_motion_planner/include/pilz_industrial_motion_planner/pilz_industrial_motion_planner/command_list_manager.h
[0.737s] -- Up-to-date: /home/tyler/mycobot_ROS2/moveit_tutorial_ws/install/pilz_industrial_motion_planner/include/pilz_industrial_motion_planner/pilz_industrial_motion_planner/move_group_sequence_action.h
[0.737s] -- Up-to-date: /home/tyler/mycobot_ROS2/moveit_tutorial_ws/install/pilz_industrial_motion_planner/include/pilz_industrial_motion_planner/pilz_industrial_motion_planner/joint_limits_validator.h
[0.737s] -- Up-to-date: /home/tyler/mycobot_ROS2/moveit_tutorial_ws/install/pilz_industrial_motion_planner/include/pilz_industrial_motion_planner/pilz_industrial_motion_planner/plan_components_builder.h
[0.737s] -- Up-to-date: /home/tyler/mycobot_ROS2/moveit_tutorial_ws/install/pilz_industrial_motion_planner/include/pilz_industrial_motion_planner/pilz_industrial_motion_planner/pilz_industrial_motion_planner.h
[0.737s] -- Up-to-date: /home/tyler/mycobot_ROS2/moveit_tutorial_ws/install/pilz_industrial_motion_planner/include/pilz_industrial_motion_planner/pilz_industrial_motion_planner/trajectory_generator.h
[0.737s] -- Up-to-date: /home/tyler/mycobot_ROS2/moveit_tutorial_ws/install/pilz_industrial_motion_planner/include/pilz_industrial_motion_planner/pilz_industrial_motion_planner/joint_limits_interface_extension.h
[0.737s] -- Up-to-date: /home/tyler/mycobot_ROS2/moveit_tutorial_ws/install/pilz_industrial_motion_planner/include/pilz_industrial_motion_planner/pilz_industrial_motion_planner/planning_context_loader_ptp.h
[0.737s] -- Up-to-date: /home/tyler/mycobot_ROS2/moveit_tutorial_ws/install/pilz_industrial_motion_planner/include/pilz_industrial_motion_planner/pilz_industrial_motion_planner/planning_context_loader.h
[0.737s] -- Up-to-date: /home/tyler/mycobot_ROS2/moveit_tutorial_ws/install/pilz_industrial_motion_planner/include/pilz_industrial_motion_planner/pilz_industrial_motion_planner/cartesian_trajectory_point.h
[0.738s] -- Up-to-date: /home/tyler/mycobot_ROS2/moveit_tutorial_ws/install/pilz_industrial_motion_planner/include/pilz_industrial_motion_planner/pilz_industrial_motion_planner/planning_context_loader_lin.h
[0.738s] -- Up-to-date: /home/tyler/mycobot_ROS2/moveit_tutorial_ws/install/pilz_industrial_motion_planner/include/pilz_industrial_motion_planner/pilz_industrial_motion_planner/trajectory_blend_request.h
[0.738s] -- Up-to-date: /home/tyler/mycobot_ROS2/moveit_tutorial_ws/install/pilz_industrial_motion_planner/include/pilz_industrial_motion_planner/pilz_industrial_motion_planner/capability_names.h
[0.738s] -- Up-to-date: /home/tyler/mycobot_ROS2/moveit_tutorial_ws/install/pilz_industrial_motion_planner/include/pilz_industrial_motion_planner/pilz_industrial_motion_planner/planning_context_base.h
[0.738s] -- Up-to-date: /home/tyler/mycobot_ROS2/moveit_tutorial_ws/install/pilz_industrial_motion_planner/include/pilz_industrial_motion_planner/pilz_industrial_motion_planner/planning_context_lin.h
[0.738s] -- Up-to-date: /home/tyler/mycobot_ROS2/moveit_tutorial_ws/install/pilz_industrial_motion_planner/include/pilz_industrial_motion_planner/pilz_industrial_motion_planner/planning_context_loader_circ.h
[0.738s] -- Up-to-date: /home/tyler/mycobot_ROS2/moveit_tutorial_ws/install/pilz_industrial_motion_planner/include/pilz_industrial_motion_planner/pilz_industrial_motion_planner/velocity_profile_atrap.h
[0.738s] -- Up-to-date: /home/tyler/mycobot_ROS2/moveit_tutorial_ws/install/pilz_industrial_motion_planner/include/pilz_industrial_motion_planner/pilz_industrial_motion_planner/trajectory_blender.h
[0.738s] -- Up-to-date: /home/tyler/mycobot_ROS2/moveit_tutorial_ws/install/pilz_industrial_motion_planner/share/pilz_industrial_motion_planner/environment/library_path.sh
[0.738s] -- Up-to-date: /home/tyler/mycobot_ROS2/moveit_tutorial_ws/install/pilz_industrial_motion_planner/share/pilz_industrial_motion_planner/environment/library_path.dsv
[0.738s] -- Up-to-date: /home/tyler/mycobot_ROS2/moveit_tutorial_ws/install/pilz_industrial_motion_planner/lib/pilz_industrial_motion_planner/unittest_pilz_industrial_motion_planner_direct
[0.739s] -- Up-to-date: /home/tyler/mycobot_ROS2/moveit_tutorial_ws/install/pilz_industrial_motion_planner/lib/pilz_industrial_motion_planner/unittest_velocity_profile_atrap
[0.740s] -- Up-to-date: /home/tyler/mycobot_ROS2/moveit_tutorial_ws/install/pilz_industrial_motion_planner/lib/pilz_industrial_motion_planner/unittest_trajectory_generator
[0.740s] -- Up-to-date: /home/tyler/mycobot_ROS2/moveit_tutorial_ws/install/pilz_industrial_motion_planner/lib/pilz_industrial_motion_planner/unittest_trajectory_functions
[0.741s] -- Up-to-date: /home/tyler/mycobot_ROS2/moveit_tutorial_ws/install/pilz_industrial_motion_planner/lib/pilz_industrial_motion_planner/unittest_trajectory_blender_transition_window
[0.742s] -- Up-to-date: /home/tyler/mycobot_ROS2/moveit_tutorial_ws/install/pilz_industrial_motion_planner/lib/pilz_industrial_motion_planner/unittest_trajectory_generator_common
[0.742s] -- Up-to-date: /home/tyler/mycobot_ROS2/moveit_tutorial_ws/install/pilz_industrial_motion_planner/lib/pilz_industrial_motion_planner/unittest_trajectory_generator_circ
[0.743s] -- Up-to-date: /home/tyler/mycobot_ROS2/moveit_tutorial_ws/install/pilz_industrial_motion_planner/lib/pilz_industrial_motion_planner/unittest_trajectory_generator_lin
[0.744s] -- Up-to-date: /home/tyler/mycobot_ROS2/moveit_tutorial_ws/install/pilz_industrial_motion_planner/lib/pilz_industrial_motion_planner/unittest_trajectory_generator_ptp
[0.745s] -- Up-to-date: /home/tyler/mycobot_ROS2/moveit_tutorial_ws/install/pilz_industrial_motion_planner/lib/pilz_industrial_motion_planner/unittest_pilz_industrial_motion_planner
[0.746s] -- Up-to-date: /home/tyler/mycobot_ROS2/moveit_tutorial_ws/install/pilz_industrial_motion_planner/lib/pilz_industrial_motion_planner/unittest_joint_limit
[0.747s] -- Up-to-date: /home/tyler/mycobot_ROS2/moveit_tutorial_ws/install/pilz_industrial_motion_planner/lib/pilz_industrial_motion_planner/unittest_joint_limits_aggregator
[0.748s] -- Up-to-date: /home/tyler/mycobot_ROS2/moveit_tutorial_ws/install/pilz_industrial_motion_planner/lib/pilz_industrial_motion_planner/unittest_joint_limits_container
[0.749s] -- Up-to-date: /home/tyler/mycobot_ROS2/moveit_tutorial_ws/install/pilz_industrial_motion_planner/lib/pilz_industrial_motion_planner/unittest_joint_limits_validator
[0.749s] -- Up-to-date: /home/tyler/mycobot_ROS2/moveit_tutorial_ws/install/pilz_industrial_motion_planner/lib/pilz_industrial_motion_planner/unittest_planning_context_loaders
[0.750s] -- Up-to-date: /home/tyler/mycobot_ROS2/moveit_tutorial_ws/install/pilz_industrial_motion_planner/lib/pilz_industrial_motion_planner/unittest_planning_context
[0.752s] -- Up-to-date: /home/tyler/mycobot_ROS2/moveit_tutorial_ws/install/pilz_industrial_motion_planner/lib/pilz_industrial_motion_planner/unittest_get_solver_tip_frame
[0.752s] -- Up-to-date: /home/tyler/mycobot_ROS2/moveit_tutorial_ws/install/pilz_industrial_motion_planner/share/pilz_industrial_motion_planner/config
[0.752s] -- Up-to-date: /home/tyler/mycobot_ROS2/moveit_tutorial_ws/install/pilz_industrial_motion_planner/share/pilz_industrial_motion_planner/config/unittest_trajectory_blender_transition_window.yaml
[0.752s] -- Up-to-date: /home/tyler/mycobot_ROS2/moveit_tutorial_ws/install/pilz_industrial_motion_planner/share/pilz_industrial_motion_planner/config/unittest_trajectory_generator_lin.yaml
[0.753s] -- Up-to-date: /home/tyler/mycobot_ROS2/moveit_tutorial_ws/install/pilz_industrial_motion_planner/share/pilz_industrial_motion_planner/config/unittest_trajectory_functions.yaml
[0.753s] -- Up-to-date: /home/tyler/mycobot_ROS2/moveit_tutorial_ws/install/pilz_industrial_motion_planner/share/pilz_industrial_motion_planner/config/unittest_joint_limits_aggregator.yaml
[0.753s] -- Up-to-date: /home/tyler/mycobot_ROS2/moveit_tutorial_ws/install/pilz_industrial_motion_planner/share/pilz_industrial_motion_planner/config/unittest_trajectory_generator_ptp.yaml
[0.753s] -- Up-to-date: /home/tyler/mycobot_ROS2/moveit_tutorial_ws/install/pilz_industrial_motion_planner/share/pilz_industrial_motion_planner/config/unittest_trajectory_generator_common.yaml
[0.753s] -- Up-to-date: /home/tyler/mycobot_ROS2/moveit_tutorial_ws/install/pilz_industrial_motion_planner/share/pilz_industrial_motion_planner/config/unittest_joint_limit_config.yaml
[0.754s] -- Up-to-date: /home/tyler/mycobot_ROS2/moveit_tutorial_ws/install/pilz_industrial_motion_planner/share/pilz_industrial_motion_planner/config/unittest_trajectory_generator_circ.yaml
[0.754s] -- Up-to-date: /home/tyler/mycobot_ROS2/moveit_tutorial_ws/install/pilz_industrial_motion_planner/share/pilz_industrial_motion_planner/launch
[0.754s] -- Up-to-date: /home/tyler/mycobot_ROS2/moveit_tutorial_ws/install/pilz_industrial_motion_planner/share/pilz_industrial_motion_planner/launch/unittest_trajectory_generator_common.test.py
[0.754s] -- Up-to-date: /home/tyler/mycobot_ROS2/moveit_tutorial_ws/install/pilz_industrial_motion_planner/share/pilz_industrial_motion_planner/launch/unittest_planning_context_loaders.test.py
[0.754s] -- Up-to-date: /home/tyler/mycobot_ROS2/moveit_tutorial_ws/install/pilz_industrial_motion_planner/share/pilz_industrial_motion_planner/launch/unittest_planning_context.test.py
[0.755s] -- Up-to-date: /home/tyler/mycobot_ROS2/moveit_tutorial_ws/install/pilz_industrial_motion_planner/share/pilz_industrial_motion_planner/launch/unittest_trajectory_blender_transition_window.test.py
[0.755s] -- Up-to-date: /home/tyler/mycobot_ROS2/moveit_tutorial_ws/install/pilz_industrial_motion_planner/share/pilz_industrial_motion_planner/launch/unittest_trajectory_generator_ptp.test.py
[0.755s] -- Up-to-date: /home/tyler/mycobot_ROS2/moveit_tutorial_ws/install/pilz_industrial_motion_planner/share/pilz_industrial_motion_planner/launch/unittest_trajectory_generator_lin.test.py
[0.755s] -- Up-to-date: /home/tyler/mycobot_ROS2/moveit_tutorial_ws/install/pilz_industrial_motion_planner/share/pilz_industrial_motion_planner/launch/unittest_cartesian_limits_aggregator.test.py
[0.755s] -- Up-to-date: /home/tyler/mycobot_ROS2/moveit_tutorial_ws/install/pilz_industrial_motion_planner/share/pilz_industrial_motion_planner/launch/unittest_joint_limits_aggregator.test.py
[0.756s] -- Up-to-date: /home/tyler/mycobot_ROS2/moveit_tutorial_ws/install/pilz_industrial_motion_planner/share/pilz_industrial_motion_planner/launch/unittest_trajectory_generator_circ.test.py
[0.756s] -- Up-to-date: /home/tyler/mycobot_ROS2/moveit_tutorial_ws/install/pilz_industrial_motion_planner/share/pilz_industrial_motion_planner/launch/unittest_trajectory_functions.test.py
[0.756s] -- Up-to-date: /home/tyler/mycobot_ROS2/moveit_tutorial_ws/install/pilz_industrial_motion_planner/share/pilz_industrial_motion_planner/launch/common_parameters.py
[0.756s] -- Up-to-date: /home/tyler/mycobot_ROS2/moveit_tutorial_ws/install/pilz_industrial_motion_planner/share/pilz_industrial_motion_planner/launch/unittest_joint_limit.test.py
[0.756s] -- Up-to-date: /home/tyler/mycobot_ROS2/moveit_tutorial_ws/install/pilz_industrial_motion_planner/share/pilz_industrial_motion_planner/launch/unittest_pilz_industrial_motion_planner.test.py
[0.756s] -- Up-to-date: /home/tyler/mycobot_ROS2/moveit_tutorial_ws/install/pilz_industrial_motion_planner/share/pilz_industrial_motion_planner/test_data
[0.756s] -- Up-to-date: /home/tyler/mycobot_ROS2/moveit_tutorial_ws/install/pilz_industrial_motion_planner/share/pilz_industrial_motion_planner/test_data/prbt
[0.756s] -- Up-to-date: /home/tyler/mycobot_ROS2/moveit_tutorial_ws/install/pilz_industrial_motion_planner/share/pilz_industrial_motion_planner/test_data/prbt/testdata_sequence.xml
[0.756s] -- Up-to-date: /home/tyler/mycobot_ROS2/moveit_tutorial_ws/install/pilz_industrial_motion_planner/share/pilz_industrial_motion_planner/test_data/prbt/testdata_with_gripper.xml
[0.756s] -- Up-to-date: /home/tyler/mycobot_ROS2/moveit_tutorial_ws/install/pilz_industrial_motion_planner/share/pilz_industrial_motion_planner/test_data/prbt/testdata_deprecated.xml
[0.756s] -- Up-to-date: /home/tyler/mycobot_ROS2/moveit_tutorial_ws/install/pilz_industrial_motion_planner/share/pilz_industrial_motion_planner/test_data/testpoints.py
[0.757s] -- Up-to-date: /home/tyler/mycobot_ROS2/moveit_tutorial_ws/install/pilz_industrial_motion_planner/share/pilz_industrial_motion_planner/test_data/concept_testdata.odp
[0.757s] -- Up-to-date: /home/tyler/mycobot_ROS2/moveit_tutorial_ws/install/pilz_industrial_motion_planner/share/pilz_industrial_motion_planner/test_data/concept_testdata.png
[0.757s] -- Up-to-date: /home/tyler/mycobot_ROS2/moveit_tutorial_ws/install/pilz_industrial_motion_planner/share/pilz_industrial_motion_planner/test_data/frankaemika_panda
[0.757s] -- Up-to-date: /home/tyler/mycobot_ROS2/moveit_tutorial_ws/install/pilz_industrial_motion_planner/share/pilz_industrial_motion_planner/test_data/frankaemika_panda/testdata_sequence.xml
[0.757s] -- Up-to-date: /home/tyler/mycobot_ROS2/moveit_tutorial_ws/install/pilz_industrial_motion_planner/share/ament_index/resource_index/package_run_dependencies/pilz_industrial_motion_planner
[0.757s] -- Up-to-date: /home/tyler/mycobot_ROS2/moveit_tutorial_ws/install/pilz_industrial_motion_planner/share/ament_index/resource_index/parent_prefix_path/pilz_industrial_motion_planner
[0.757s] -- Up-to-date: /home/tyler/mycobot_ROS2/moveit_tutorial_ws/install/pilz_industrial_motion_planner/share/pilz_industrial_motion_planner/environment/ament_prefix_path.sh
[0.757s] -- Up-to-date: /home/tyler/mycobot_ROS2/moveit_tutorial_ws/install/pilz_industrial_motion_planner/share/pilz_industrial_motion_planner/environment/ament_prefix_path.dsv
[0.758s] -- Up-to-date: /home/tyler/mycobot_ROS2/moveit_tutorial_ws/install/pilz_industrial_motion_planner/share/pilz_industrial_motion_planner/environment/path.sh
[0.758s] -- Up-to-date: /home/tyler/mycobot_ROS2/moveit_tutorial_ws/install/pilz_industrial_motion_planner/share/pilz_industrial_motion_planner/environment/path.dsv
[0.758s] -- Up-to-date: /home/tyler/mycobot_ROS2/moveit_tutorial_ws/install/pilz_industrial_motion_planner/share/pilz_industrial_motion_planner/local_setup.bash
[0.758s] -- Up-to-date: /home/tyler/mycobot_ROS2/moveit_tutorial_ws/install/pilz_industrial_motion_planner/share/pilz_industrial_motion_planner/local_setup.sh
[0.758s] -- Up-to-date: /home/tyler/mycobot_ROS2/moveit_tutorial_ws/install/pilz_industrial_motion_planner/share/pilz_industrial_motion_planner/local_setup.zsh
[0.758s] -- Up-to-date: /home/tyler/mycobot_ROS2/moveit_tutorial_ws/install/pilz_industrial_motion_planner/share/pilz_industrial_motion_planner/local_setup.dsv
[0.758s] -- Installing: /home/tyler/mycobot_ROS2/moveit_tutorial_ws/install/pilz_industrial_motion_planner/share/pilz_industrial_motion_planner/package.dsv
[0.758s] -- Up-to-date: /home/tyler/mycobot_ROS2/moveit_tutorial_ws/install/pilz_industrial_motion_planner/share/ament_index/resource_index/packages/pilz_industrial_motion_planner
[0.758s] -- Up-to-date: /home/tyler/mycobot_ROS2/moveit_tutorial_ws/install/pilz_industrial_motion_planner/share/ament_index/resource_index/moveit_core__pluginlib__plugin/pilz_industrial_motion_planner
[0.758s] -- Up-to-date: /home/tyler/mycobot_ROS2/moveit_tutorial_ws/install/pilz_industrial_motion_planner/share/ament_index/resource_index/moveit_ros_move_group__pluginlib__plugin/pilz_industrial_motion_planner
[0.759s] -- Up-to-date: /home/tyler/mycobot_ROS2/moveit_tutorial_ws/install/pilz_industrial_motion_planner/share/ament_index/resource_index/pilz_industrial_motion_planner__pluginlib__plugin/pilz_industrial_motion_planner
[0.759s] -- Up-to-date: /home/tyler/mycobot_ROS2/moveit_tutorial_ws/install/pilz_industrial_motion_planner/share/pilz_industrial_motion_planner/cmake/pilz_industrial_motion_plannerTargetsExport.cmake
[0.759s] -- Up-to-date: /home/tyler/mycobot_ROS2/moveit_tutorial_ws/install/pilz_industrial_motion_planner/share/pilz_industrial_motion_planner/cmake/pilz_industrial_motion_plannerTargetsExport-release.cmake
[0.759s] -- Up-to-date: /home/tyler/mycobot_ROS2/moveit_tutorial_ws/install/pilz_industrial_motion_planner/share/pilz_industrial_motion_planner/cmake/ament_cmake_export_include_directories-extras.cmake
[0.759s] -- Up-to-date: /home/tyler/mycobot_ROS2/moveit_tutorial_ws/install/pilz_industrial_motion_planner/share/pilz_industrial_motion_planner/cmake/ament_cmake_export_targets-extras.cmake
[0.761s] -- Up-to-date: /home/tyler/mycobot_ROS2/moveit_tutorial_ws/install/pilz_industrial_motion_planner/share/pilz_industrial_motion_planner/cmake/ament_cmake_export_dependencies-extras.cmake
[0.761s] -- Up-to-date: /home/tyler/mycobot_ROS2/moveit_tutorial_ws/install/pilz_industrial_motion_planner/share/pilz_industrial_motion_planner/cmake/pilz_industrial_motion_plannerConfig.cmake
[0.761s] -- Up-to-date: /home/tyler/mycobot_ROS2/moveit_tutorial_ws/install/pilz_industrial_motion_planner/share/pilz_industrial_motion_planner/cmake/pilz_industrial_motion_plannerConfig-version.cmake
[0.761s] -- Up-to-date: /home/tyler/mycobot_ROS2/moveit_tutorial_ws/install/pilz_industrial_motion_planner/share/pilz_industrial_motion_planner/package.xml
[0.762s] Invoked command in '/home/tyler/mycobot_ROS2/moveit_tutorial_ws/build/pilz_industrial_motion_planner' returned '0': AMENT_PREFIX_PATH=/home/tyler/mycobot_ROS2/moveit_tutorial_ws/install/moveit_resources_prbt_pg70_support:/home/tyler/mycobot_ROS2/moveit_tutorial_ws/install/moveit_ros_planning_interface:/home/tyler/mycobot_ROS2/moveit_tutorial_ws/install/moveit_resources_prbt_moveit_config:/home/tyler/mycobot_ROS2/moveit_tutorial_ws/install/moveit_ros_move_group:/home/tyler/mycobot_ROS2/moveit_tutorial_ws/install/moveit_ros_warehouse:/home/tyler/mycobot_ROS2/moveit_tutorial_ws/install/moveit_kinematics:/home/tyler/mycobot_ROS2/moveit_tutorial_ws/install/moveit_ros_planning:/home/tyler/mycobot_ROS2/moveit_tutorial_ws/install/pilz_industrial_motion_planner_testutils:/home/tyler/mycobot_ROS2/moveit_tutorial_ws/install/moveit_ros_occupancy_map_monitor:/home/tyler/mycobot_ROS2/moveit_tutorial_ws/install/moveit_resources_prbt_ikfast_manipulator_plugin:/home/tyler/mycobot_ROS2/moveit_tutorial_ws/install/moveit_core:/home/tyler/mycobot_ROS2/moveit_tutorial_ws/install/moveit_resources_panda_moveit_config:/home/tyler/mycobot_ROS2/moveit_tutorial_ws/install/moveit_resources_prbt_support:/home/tyler/mycobot_ROS2/moveit_tutorial_ws/install/moveit_resources_panda_description:/home/tyler/mycobot_ROS2/moveit_tutorial_ws/install/moveit_msgs:/home/tyler/mycobot_ROS2/moveit_tutorial_ws/install/moveit_configs_utils:/home/tyler/mycobot_ROS2/moveit_tutorial_ws/install/moveit_common:${AMENT_PREFIX_PATH} CMAKE_PREFIX_PATH=/home/tyler/mycobot_ROS2/moveit_tutorial_ws/install/moveit_resources_prbt_pg70_support:/home/tyler/mycobot_ROS2/moveit_tutorial_ws/install/moveit_ros_planning_interface:/home/tyler/mycobot_ROS2/moveit_tutorial_ws/install/moveit_resources_prbt_moveit_config:/home/tyler/mycobot_ROS2/moveit_tutorial_ws/install/moveit_ros_move_group:/home/tyler/mycobot_ROS2/moveit_tutorial_ws/install/moveit_ros_warehouse:/home/tyler/mycobot_ROS2/moveit_tutorial_ws/install/moveit_kinematics:/home/tyler/mycobot_ROS2/moveit_tutorial_ws/install/moveit_ros_planning:/home/tyler/mycobot_ROS2/moveit_tutorial_ws/install/pilz_industrial_motion_planner_testutils:/home/tyler/mycobot_ROS2/moveit_tutorial_ws/install/moveit_ros_occupancy_map_monitor:/home/tyler/mycobot_ROS2/moveit_tutorial_ws/install/moveit_resources_prbt_ikfast_manipulator_plugin:/home/tyler/mycobot_ROS2/moveit_tutorial_ws/install/moveit_core:/home/tyler/mycobot_ROS2/moveit_tutorial_ws/install/moveit_resources_panda_moveit_config:/home/tyler/mycobot_ROS2/moveit_tutorial_ws/install/moveit_resources_prbt_support:/home/tyler/mycobot_ROS2/moveit_tutorial_ws/install/moveit_resources_panda_description:/home/tyler/mycobot_ROS2/moveit_tutorial_ws/install/moveit_msgs:/home/tyler/mycobot_ROS2/moveit_tutorial_ws/install/moveit_common:/home/tyler/mycobot_ROS2/colcon_ws/install/mypalletizer_interfaces:/home/tyler/mycobot_ROS2/colcon_ws/install/mycobot_interfaces:/home/tyler/mycobot_ROS2/colcon_ws/install/mecharm_interfaces:/home/tyler/mycobot_ROS2/colcon_ws/install/ultraarm:/home/tyler/mycobot_ROS2/colcon_ws/install/mypalletizer_260_pi:/home/tyler/mycobot_ROS2/colcon_ws/install/mypalletizer_260:/home/tyler/mycobot_ROS2/colcon_ws/install/mypalletizer_communication:/home/tyler/mycobot_ROS2/colcon_ws/install/mycobot_320pi:/home/tyler/mycobot_ROS2/colcon_ws/install/mycobot_320:/home/tyler/mycobot_ROS2/colcon_ws/install/mycobot_280pi:/home/tyler/mycobot_ROS2/colcon_ws/install/mycobot_280jn:/home/tyler/mycobot_ROS2/colcon_ws/install/mycobot_280_x3pi:/home/tyler/mycobot_ROS2/colcon_ws/install/mycobot_280:/home/tyler/mycobot_ROS2/colcon_ws/install/myarm_300:/home/tyler/mycobot_ROS2/colcon_ws/install/mycobot_communication:/home/tyler/mycobot_ROS2/colcon_ws/install/mecharm_pi:/home/tyler/mycobot_ROS2/colcon_ws/install/mecharm:/home/tyler/mycobot_ROS2/colcon_ws/install/mecharm_communication:/home/tyler/mycobot_ROS2/colcon_ws/install/mybuddy:/home/tyler/mycobot_ROS2/colcon_ws/install/mycobot_description:/opt/ros/humble LD_LIBRARY_PATH=/home/tyler/mycobot_ROS2/moveit_tutorial_ws/install/moveit_ros_planning_interface/lib:/home/tyler/mycobot_ROS2/moveit_tutorial_ws/install/moveit_ros_move_group/lib:/home/tyler/mycobot_ROS2/moveit_tutorial_ws/install/moveit_ros_warehouse/lib:/home/tyler/mycobot_ROS2/moveit_tutorial_ws/install/moveit_kinematics/lib:/home/tyler/mycobot_ROS2/moveit_tutorial_ws/install/moveit_ros_planning/lib:/home/tyler/mycobot_ROS2/moveit_tutorial_ws/install/pilz_industrial_motion_planner_testutils/lib:/home/tyler/mycobot_ROS2/moveit_tutorial_ws/install/moveit_ros_occupancy_map_monitor/lib:/home/tyler/mycobot_ROS2/moveit_tutorial_ws/install/moveit_resources_prbt_ikfast_manipulator_plugin/lib:/home/tyler/mycobot_ROS2/moveit_tutorial_ws/install/moveit_core/lib:/home/tyler/mycobot_ROS2/moveit_tutorial_ws/install/moveit_msgs/lib:${LD_LIBRARY_PATH} MYSQL_PS1=(\u@\h) [\d]> PATH=/home/tyler/mycobot_ROS2/moveit_tutorial_ws/install/moveit_core/bin:${PATH} PYTHONPATH=/home/tyler/mycobot_ROS2/moveit_tutorial_ws/install/moveit_msgs/local/lib/python3.10/dist-packages:/home/tyler/mycobot_ROS2/moveit_tutorial_ws/install/moveit_configs_utils/lib/python3.10/site-packages:${PYTHONPATH} /usr/bin/cmake --install /home/tyler/mycobot_ROS2/moveit_tutorial_ws/build/pilz_industrial_motion_planner
