[0.125s] Invoking command in '/home/tyler/mycobot_ROS2/moveit_tutorial_ws/build/moveit_kinematics': AMENT_PREFIX_PATH=/home/tyler/mycobot_ROS2/moveit_tutorial_ws/install/moveit_ros_planning:/home/tyler/mycobot_ROS2/moveit_tutorial_ws/install/moveit_ros_occupancy_map_monitor:/home/tyler/mycobot_ROS2/moveit_tutorial_ws/install/moveit_core:/home/tyler/mycobot_ROS2/moveit_tutorial_ws/install/moveit_resources_panda_moveit_config:/home/tyler/mycobot_ROS2/moveit_tutorial_ws/install/moveit_resources_fanuc_moveit_config:/home/tyler/mycobot_ROS2/moveit_tutorial_ws/install/moveit_resources_panda_description:/home/tyler/mycobot_ROS2/moveit_tutorial_ws/install/moveit_resources_fanuc_description:/home/tyler/mycobot_ROS2/moveit_tutorial_ws/install/moveit_msgs:/home/tyler/mycobot_ROS2/moveit_tutorial_ws/install/moveit_configs_utils:/home/tyler/mycobot_ROS2/moveit_tutorial_ws/install/moveit_common:${AMENT_PREFIX_PATH} CMAKE_PREFIX_PATH=/home/tyler/mycobot_ROS2/moveit_tutorial_ws/install/moveit_ros_planning:/home/tyler/mycobot_ROS2/moveit_tutorial_ws/install/moveit_ros_occupancy_map_monitor:/home/tyler/mycobot_ROS2/moveit_tutorial_ws/install/moveit_core:/home/tyler/mycobot_ROS2/moveit_tutorial_ws/install/moveit_resources_panda_moveit_config:/home/tyler/mycobot_ROS2/moveit_tutorial_ws/install/moveit_resources_fanuc_moveit_config:/home/tyler/mycobot_ROS2/moveit_tutorial_ws/install/moveit_resources_panda_description:/home/tyler/mycobot_ROS2/moveit_tutorial_ws/install/moveit_resources_fanuc_description:/home/tyler/mycobot_ROS2/moveit_tutorial_ws/install/moveit_msgs:/home/tyler/mycobot_ROS2/moveit_tutorial_ws/install/moveit_common:/home/tyler/mycobot_ROS2/colcon_ws/install/mypalletizer_interfaces:/home/tyler/mycobot_ROS2/colcon_ws/install/mycobot_interfaces:/home/tyler/mycobot_ROS2/colcon_ws/install/mecharm_interfaces:/home/tyler/mycobot_ROS2/colcon_ws/install/ultraarm:/home/tyler/mycobot_ROS2/colcon_ws/install/mypalletizer_260_pi:/home/tyler/mycobot_ROS2/colcon_ws/install/mypalletizer_260:/home/tyler/mycobot_ROS2/colcon_ws/install/mypalletizer_communication:/home/tyler/mycobot_ROS2/colcon_ws/install/mycobot_320pi:/home/tyler/mycobot_ROS2/colcon_ws/install/mycobot_320:/home/tyler/mycobot_ROS2/colcon_ws/install/mycobot_280pi:/home/tyler/mycobot_ROS2/colcon_ws/install/mycobot_280jn:/home/tyler/mycobot_ROS2/colcon_ws/install/mycobot_280_x3pi:/home/tyler/mycobot_ROS2/colcon_ws/install/mycobot_280:/home/tyler/mycobot_ROS2/colcon_ws/install/myarm_300:/home/tyler/mycobot_ROS2/colcon_ws/install/mycobot_communication:/home/tyler/mycobot_ROS2/colcon_ws/install/mecharm_pi:/home/tyler/mycobot_ROS2/colcon_ws/install/mecharm:/home/tyler/mycobot_ROS2/colcon_ws/install/mecharm_communication:/home/tyler/mycobot_ROS2/colcon_ws/install/mybuddy:/home/tyler/mycobot_ROS2/colcon_ws/install/mycobot_description:/opt/ros/humble LD_LIBRARY_PATH=/home/tyler/mycobot_ROS2/moveit_tutorial_ws/install/moveit_ros_planning/lib:/home/tyler/mycobot_ROS2/moveit_tutorial_ws/install/moveit_ros_occupancy_map_monitor/lib:/home/tyler/mycobot_ROS2/moveit_tutorial_ws/install/moveit_core/lib:/home/tyler/mycobot_ROS2/moveit_tutorial_ws/install/moveit_msgs/lib:${LD_LIBRARY_PATH} MYSQL_PS1=(\u@\h) [\d]> PATH=/home/tyler/mycobot_ROS2/moveit_tutorial_ws/install/moveit_core/bin:${PATH} PYTHONPATH=/home/tyler/mycobot_ROS2/moveit_tutorial_ws/install/moveit_msgs/local/lib/python3.10/dist-packages:/home/tyler/mycobot_ROS2/moveit_tutorial_ws/install/moveit_configs_utils/lib/python3.10/site-packages:${PYTHONPATH} /usr/bin/cmake --build /home/tyler/mycobot_ROS2/moveit_tutorial_ws/build/moveit_kinematics -- -j16 -l16
[0.204s] [  4%] [32mBuilding CXX object gtest/CMakeFiles/gtest.dir/src/gtest-all.cc.o[0m
[0.205s] [  8%] Built target kdl_kinematics_parameters
[0.205s] [ 13%] Built target srv_kinematics_parameters
[0.206s] [ 17%] Built target cached_ik_kinematics_parameters
[0.209s] [ 21%] Built target lma_kinematics_parameters
[0.211s] [ 26%] [32mBuilding CXX object test/CMakeFiles/benchmark_ik.dir/benchmark_ik.cpp.o[0m
[0.213s] [ 34%] Built target gtest_main
[0.243s] [ 39%] [32mBuilding CXX object srv_kinematics_plugin/CMakeFiles/moveit_srv_kinematics_plugin.dir/src/srv_kinematics_plugin.cpp.o[0m
[0.246s] [ 43%] [32mBuilding CXX object kdl_kinematics_plugin/CMakeFiles/moveit_kdl_kinematics_plugin.dir/src/kdl_kinematics_plugin.cpp.o[0m
[0.247s] [ 47%] [32mBuilding CXX object kdl_kinematics_plugin/CMakeFiles/moveit_kdl_kinematics_plugin.dir/src/chainiksolver_vel_mimic_svd.cpp.o[0m
[0.251s] [ 52%] [32mBuilding CXX object lma_kinematics_plugin/CMakeFiles/moveit_lma_kinematics_plugin.dir/src/lma_kinematics_plugin.cpp.o[0m
[17.036s] [ 56%] [32m[1mLinking CXX shared library libmoveit_srv_kinematics_plugin.so[0m
[17.650s] [ 56%] Built target moveit_srv_kinematics_plugin
[19.258s] [ 60%] [32m[1mLinking CXX static library libgtest.a[0m
[19.339s] [ 60%] Built target gtest
[20.389s] [ 65%] [32m[1mLinking CXX executable benchmark_ik[0m
[20.471s] [ 69%] [32m[1mLinking CXX shared library libmoveit_kdl_kinematics_plugin.so[0m
[20.793s] [ 69%] Built target moveit_kdl_kinematics_plugin
[20.832s] [ 73%] [32mBuilding CXX object test/CMakeFiles/test_kinematics_plugin.dir/test_kinematics_plugin.cpp.o[0m
[20.845s] [ 78%] [32mBuilding CXX object cached_ik_kinematics_plugin/CMakeFiles/moveit_cached_ik_kinematics_base.dir/src/ik_cache.cpp.o[0m
[20.954s] [ 78%] Built target benchmark_ik
[21.619s] [ 82%] [32m[1mLinking CXX shared library libmoveit_lma_kinematics_plugin.so[0m
[21.960s] [ 82%] Built target moveit_lma_kinematics_plugin
[35.311s] [ 86%] [32m[1mLinking CXX shared library libmoveit_cached_ik_kinematics_base.so[0m
[35.599s] [ 86%] Built target moveit_cached_ik_kinematics_base
[35.634s] [ 91%] [32mBuilding CXX object cached_ik_kinematics_plugin/CMakeFiles/moveit_cached_ik_kinematics_plugin.dir/src/cached_ik_kinematics_plugin.cpp.o[0m
[48.211s] [ 95%] [32m[1mLinking CXX shared library libmoveit_cached_ik_kinematics_plugin.so[0m
[48.495s] [ 95%] Built target moveit_cached_ik_kinematics_plugin
[51.352s] [100%] [32m[1mLinking CXX executable test_kinematics_plugin[0m
[51.830s] [100%] Built target test_kinematics_plugin
[51.845s] Invoked command in '/home/tyler/mycobot_ROS2/moveit_tutorial_ws/build/moveit_kinematics' returned '0': AMENT_PREFIX_PATH=/home/tyler/mycobot_ROS2/moveit_tutorial_ws/install/moveit_ros_planning:/home/tyler/mycobot_ROS2/moveit_tutorial_ws/install/moveit_ros_occupancy_map_monitor:/home/tyler/mycobot_ROS2/moveit_tutorial_ws/install/moveit_core:/home/tyler/mycobot_ROS2/moveit_tutorial_ws/install/moveit_resources_panda_moveit_config:/home/tyler/mycobot_ROS2/moveit_tutorial_ws/install/moveit_resources_fanuc_moveit_config:/home/tyler/mycobot_ROS2/moveit_tutorial_ws/install/moveit_resources_panda_description:/home/tyler/mycobot_ROS2/moveit_tutorial_ws/install/moveit_resources_fanuc_description:/home/tyler/mycobot_ROS2/moveit_tutorial_ws/install/moveit_msgs:/home/tyler/mycobot_ROS2/moveit_tutorial_ws/install/moveit_configs_utils:/home/tyler/mycobot_ROS2/moveit_tutorial_ws/install/moveit_common:${AMENT_PREFIX_PATH} CMAKE_PREFIX_PATH=/home/tyler/mycobot_ROS2/moveit_tutorial_ws/install/moveit_ros_planning:/home/tyler/mycobot_ROS2/moveit_tutorial_ws/install/moveit_ros_occupancy_map_monitor:/home/tyler/mycobot_ROS2/moveit_tutorial_ws/install/moveit_core:/home/tyler/mycobot_ROS2/moveit_tutorial_ws/install/moveit_resources_panda_moveit_config:/home/tyler/mycobot_ROS2/moveit_tutorial_ws/install/moveit_resources_fanuc_moveit_config:/home/tyler/mycobot_ROS2/moveit_tutorial_ws/install/moveit_resources_panda_description:/home/tyler/mycobot_ROS2/moveit_tutorial_ws/install/moveit_resources_fanuc_description:/home/tyler/mycobot_ROS2/moveit_tutorial_ws/install/moveit_msgs:/home/tyler/mycobot_ROS2/moveit_tutorial_ws/install/moveit_common:/home/tyler/mycobot_ROS2/colcon_ws/install/mypalletizer_interfaces:/home/tyler/mycobot_ROS2/colcon_ws/install/mycobot_interfaces:/home/tyler/mycobot_ROS2/colcon_ws/install/mecharm_interfaces:/home/tyler/mycobot_ROS2/colcon_ws/install/ultraarm:/home/tyler/mycobot_ROS2/colcon_ws/install/mypalletizer_260_pi:/home/tyler/mycobot_ROS2/colcon_ws/install/mypalletizer_260:/home/tyler/mycobot_ROS2/colcon_ws/install/mypalletizer_communication:/home/tyler/mycobot_ROS2/colcon_ws/install/mycobot_320pi:/home/tyler/mycobot_ROS2/colcon_ws/install/mycobot_320:/home/tyler/mycobot_ROS2/colcon_ws/install/mycobot_280pi:/home/tyler/mycobot_ROS2/colcon_ws/install/mycobot_280jn:/home/tyler/mycobot_ROS2/colcon_ws/install/mycobot_280_x3pi:/home/tyler/mycobot_ROS2/colcon_ws/install/mycobot_280:/home/tyler/mycobot_ROS2/colcon_ws/install/myarm_300:/home/tyler/mycobot_ROS2/colcon_ws/install/mycobot_communication:/home/tyler/mycobot_ROS2/colcon_ws/install/mecharm_pi:/home/tyler/mycobot_ROS2/colcon_ws/install/mecharm:/home/tyler/mycobot_ROS2/colcon_ws/install/mecharm_communication:/home/tyler/mycobot_ROS2/colcon_ws/install/mybuddy:/home/tyler/mycobot_ROS2/colcon_ws/install/mycobot_description:/opt/ros/humble LD_LIBRARY_PATH=/home/tyler/mycobot_ROS2/moveit_tutorial_ws/install/moveit_ros_planning/lib:/home/tyler/mycobot_ROS2/moveit_tutorial_ws/install/moveit_ros_occupancy_map_monitor/lib:/home/tyler/mycobot_ROS2/moveit_tutorial_ws/install/moveit_core/lib:/home/tyler/mycobot_ROS2/moveit_tutorial_ws/install/moveit_msgs/lib:${LD_LIBRARY_PATH} MYSQL_PS1=(\u@\h) [\d]> PATH=/home/tyler/mycobot_ROS2/moveit_tutorial_ws/install/moveit_core/bin:${PATH} PYTHONPATH=/home/tyler/mycobot_ROS2/moveit_tutorial_ws/install/moveit_msgs/local/lib/python3.10/dist-packages:/home/tyler/mycobot_ROS2/moveit_tutorial_ws/install/moveit_configs_utils/lib/python3.10/site-packages:${PYTHONPATH} /usr/bin/cmake --build /home/tyler/mycobot_ROS2/moveit_tutorial_ws/build/moveit_kinematics -- -j16 -l16
[51.893s] Invoking command in '/home/tyler/mycobot_ROS2/moveit_tutorial_ws/build/moveit_kinematics': AMENT_PREFIX_PATH=/home/tyler/mycobot_ROS2/moveit_tutorial_ws/install/moveit_ros_planning:/home/tyler/mycobot_ROS2/moveit_tutorial_ws/install/moveit_ros_occupancy_map_monitor:/home/tyler/mycobot_ROS2/moveit_tutorial_ws/install/moveit_core:/home/tyler/mycobot_ROS2/moveit_tutorial_ws/install/moveit_resources_panda_moveit_config:/home/tyler/mycobot_ROS2/moveit_tutorial_ws/install/moveit_resources_fanuc_moveit_config:/home/tyler/mycobot_ROS2/moveit_tutorial_ws/install/moveit_resources_panda_description:/home/tyler/mycobot_ROS2/moveit_tutorial_ws/install/moveit_resources_fanuc_description:/home/tyler/mycobot_ROS2/moveit_tutorial_ws/install/moveit_msgs:/home/tyler/mycobot_ROS2/moveit_tutorial_ws/install/moveit_configs_utils:/home/tyler/mycobot_ROS2/moveit_tutorial_ws/install/moveit_common:${AMENT_PREFIX_PATH} CMAKE_PREFIX_PATH=/home/tyler/mycobot_ROS2/moveit_tutorial_ws/install/moveit_ros_planning:/home/tyler/mycobot_ROS2/moveit_tutorial_ws/install/moveit_ros_occupancy_map_monitor:/home/tyler/mycobot_ROS2/moveit_tutorial_ws/install/moveit_core:/home/tyler/mycobot_ROS2/moveit_tutorial_ws/install/moveit_resources_panda_moveit_config:/home/tyler/mycobot_ROS2/moveit_tutorial_ws/install/moveit_resources_fanuc_moveit_config:/home/tyler/mycobot_ROS2/moveit_tutorial_ws/install/moveit_resources_panda_description:/home/tyler/mycobot_ROS2/moveit_tutorial_ws/install/moveit_resources_fanuc_description:/home/tyler/mycobot_ROS2/moveit_tutorial_ws/install/moveit_msgs:/home/tyler/mycobot_ROS2/moveit_tutorial_ws/install/moveit_common:/home/tyler/mycobot_ROS2/colcon_ws/install/mypalletizer_interfaces:/home/tyler/mycobot_ROS2/colcon_ws/install/mycobot_interfaces:/home/tyler/mycobot_ROS2/colcon_ws/install/mecharm_interfaces:/home/tyler/mycobot_ROS2/colcon_ws/install/ultraarm:/home/tyler/mycobot_ROS2/colcon_ws/install/mypalletizer_260_pi:/home/tyler/mycobot_ROS2/colcon_ws/install/mypalletizer_260:/home/tyler/mycobot_ROS2/colcon_ws/install/mypalletizer_communication:/home/tyler/mycobot_ROS2/colcon_ws/install/mycobot_320pi:/home/tyler/mycobot_ROS2/colcon_ws/install/mycobot_320:/home/tyler/mycobot_ROS2/colcon_ws/install/mycobot_280pi:/home/tyler/mycobot_ROS2/colcon_ws/install/mycobot_280jn:/home/tyler/mycobot_ROS2/colcon_ws/install/mycobot_280_x3pi:/home/tyler/mycobot_ROS2/colcon_ws/install/mycobot_280:/home/tyler/mycobot_ROS2/colcon_ws/install/myarm_300:/home/tyler/mycobot_ROS2/colcon_ws/install/mycobot_communication:/home/tyler/mycobot_ROS2/colcon_ws/install/mecharm_pi:/home/tyler/mycobot_ROS2/colcon_ws/install/mecharm:/home/tyler/mycobot_ROS2/colcon_ws/install/mecharm_communication:/home/tyler/mycobot_ROS2/colcon_ws/install/mybuddy:/home/tyler/mycobot_ROS2/colcon_ws/install/mycobot_description:/opt/ros/humble LD_LIBRARY_PATH=/home/tyler/mycobot_ROS2/moveit_tutorial_ws/install/moveit_ros_planning/lib:/home/tyler/mycobot_ROS2/moveit_tutorial_ws/install/moveit_ros_occupancy_map_monitor/lib:/home/tyler/mycobot_ROS2/moveit_tutorial_ws/install/moveit_core/lib:/home/tyler/mycobot_ROS2/moveit_tutorial_ws/install/moveit_msgs/lib:${LD_LIBRARY_PATH} MYSQL_PS1=(\u@\h) [\d]> PATH=/home/tyler/mycobot_ROS2/moveit_tutorial_ws/install/moveit_core/bin:${PATH} PYTHONPATH=/home/tyler/mycobot_ROS2/moveit_tutorial_ws/install/moveit_msgs/local/lib/python3.10/dist-packages:/home/tyler/mycobot_ROS2/moveit_tutorial_ws/install/moveit_configs_utils/lib/python3.10/site-packages:${PYTHONPATH} /usr/bin/cmake --install /home/tyler/mycobot_ROS2/moveit_tutorial_ws/build/moveit_kinematics
[51.903s] -- Install configuration: "Release"
[51.903s] -- Installing: /home/tyler/mycobot_ROS2/moveit_tutorial_ws/install/moveit_kinematics/share/moveit_kinematics/kdl_kinematics_plugin_description.xml
[51.903s] -- Installing: /home/tyler/mycobot_ROS2/moveit_tutorial_ws/install/moveit_kinematics/share/moveit_kinematics/lma_kinematics_plugin_description.xml
[51.904s] -- Installing: /home/tyler/mycobot_ROS2/moveit_tutorial_ws/install/moveit_kinematics/share/moveit_kinematics/srv_kinematics_plugin_description.xml
[51.904s] -- Installing: /home/tyler/mycobot_ROS2/moveit_tutorial_ws/install/moveit_kinematics/share/moveit_kinematics/cached_ik_kinematics_plugin_description.xml
[51.904s] -- Installing: /home/tyler/mycobot_ROS2/moveit_tutorial_ws/install/moveit_kinematics/include/cached_ik_kinematics_parameters
[51.904s] -- Installing: /home/tyler/mycobot_ROS2/moveit_tutorial_ws/install/moveit_kinematics/include/cached_ik_kinematics_parameters/cached_ik_kinematics_parameters.hpp
[51.904s] -- Installing: /home/tyler/mycobot_ROS2/moveit_tutorial_ws/install/moveit_kinematics/include/moveit_kinematics
[51.904s] -- Installing: /home/tyler/mycobot_ROS2/moveit_tutorial_ws/install/moveit_kinematics/include/moveit_kinematics/moveit
[51.904s] -- Installing: /home/tyler/mycobot_ROS2/moveit_tutorial_ws/install/moveit_kinematics/include/moveit_kinematics/moveit/cached_ik_kinematics_plugin
[51.905s] -- Installing: /home/tyler/mycobot_ROS2/moveit_tutorial_ws/install/moveit_kinematics/include/moveit_kinematics/moveit/cached_ik_kinematics_plugin/cached_ik_kinematics_plugin.h
[51.905s] -- Installing: /home/tyler/mycobot_ROS2/moveit_tutorial_ws/install/moveit_kinematics/include/moveit_kinematics/moveit/cached_ik_kinematics_plugin/cached_ik_kinematics_parameters.yaml
[51.905s] -- Installing: /home/tyler/mycobot_ROS2/moveit_tutorial_ws/install/moveit_kinematics/include/moveit_kinematics/moveit/cached_ik_kinematics_plugin/cached_ik_kinematics_plugin-inl.h
[51.905s] -- Installing: /home/tyler/mycobot_ROS2/moveit_tutorial_ws/install/moveit_kinematics/include/moveit_kinematics/moveit/cached_ik_kinematics_plugin/detail
[51.905s] -- Installing: /home/tyler/mycobot_ROS2/moveit_tutorial_ws/install/moveit_kinematics/include/moveit_kinematics/moveit/cached_ik_kinematics_plugin/detail/NearestNeighbors.h
[51.906s] -- Installing: /home/tyler/mycobot_ROS2/moveit_tutorial_ws/install/moveit_kinematics/include/moveit_kinematics/moveit/cached_ik_kinematics_plugin/detail/NearestNeighborsGNAT.h
[51.906s] -- Installing: /home/tyler/mycobot_ROS2/moveit_tutorial_ws/install/moveit_kinematics/include/moveit_kinematics/moveit/cached_ik_kinematics_plugin/detail/GreedyKCenters.h
[51.906s] -- Installing: /home/tyler/mycobot_ROS2/moveit_tutorial_ws/install/moveit_kinematics/share/moveit_kinematics/launch
[51.906s] -- Installing: /home/tyler/mycobot_ROS2/moveit_tutorial_ws/install/moveit_kinematics/share/moveit_kinematics/launch/measure_ik_call_cost.launch
[51.906s] -- Installing: /home/tyler/mycobot_ROS2/moveit_tutorial_ws/install/moveit_kinematics/lib/moveit_kinematics/auto_create_ikfast_moveit_plugin.sh
[51.907s] -- Installing: /home/tyler/mycobot_ROS2/moveit_tutorial_ws/install/moveit_kinematics/lib/moveit_kinematics/create_ikfast_moveit_plugin.py
[51.907s] -- Installing: /home/tyler/mycobot_ROS2/moveit_tutorial_ws/install/moveit_kinematics/lib/moveit_kinematics/round_collada_numbers.py
[51.907s] -- Installing: /home/tyler/mycobot_ROS2/moveit_tutorial_ws/install/moveit_kinematics/share/moveit_kinematics/ikfast_kinematics_plugin/templates
[51.907s] -- Installing: /home/tyler/mycobot_ROS2/moveit_tutorial_ws/install/moveit_kinematics/share/moveit_kinematics/ikfast_kinematics_plugin/templates/ikfast.h
[51.907s] -- Installing: /home/tyler/mycobot_ROS2/moveit_tutorial_ws/install/moveit_kinematics/share/moveit_kinematics/ikfast_kinematics_plugin/templates/ikfast61_moveit_plugin_template.cpp
[51.907s] -- Installing: /home/tyler/mycobot_ROS2/moveit_tutorial_ws/install/moveit_kinematics/share/moveit_kinematics/ikfast_kinematics_plugin/templates/ikfast_kinematics_parameters.yaml
[51.907s] -- Installing: /home/tyler/mycobot_ROS2/moveit_tutorial_ws/install/moveit_kinematics/share/moveit_kinematics/ikfast_kinematics_plugin/templates/CMakeLists.txt
[51.908s] -- Installing: /home/tyler/mycobot_ROS2/moveit_tutorial_ws/install/moveit_kinematics/include/kdl_kinematics_parameters
[51.908s] -- Installing: /home/tyler/mycobot_ROS2/moveit_tutorial_ws/install/moveit_kinematics/include/kdl_kinematics_parameters/kdl_kinematics_parameters.hpp
[51.908s] -- Up-to-date: /home/tyler/mycobot_ROS2/moveit_tutorial_ws/install/moveit_kinematics/include/moveit_kinematics
[51.908s] -- Up-to-date: /home/tyler/mycobot_ROS2/moveit_tutorial_ws/install/moveit_kinematics/include/moveit_kinematics/moveit
[51.908s] -- Installing: /home/tyler/mycobot_ROS2/moveit_tutorial_ws/install/moveit_kinematics/include/moveit_kinematics/moveit/kdl_kinematics_plugin
[51.908s] -- Installing: /home/tyler/mycobot_ROS2/moveit_tutorial_ws/install/moveit_kinematics/include/moveit_kinematics/moveit/kdl_kinematics_plugin/kdl_kinematics_plugin.h
[51.908s] -- Installing: /home/tyler/mycobot_ROS2/moveit_tutorial_ws/install/moveit_kinematics/include/moveit_kinematics/moveit/kdl_kinematics_plugin/joint_mimic.hpp
[51.909s] -- Installing: /home/tyler/mycobot_ROS2/moveit_tutorial_ws/install/moveit_kinematics/include/moveit_kinematics/moveit/kdl_kinematics_plugin/chainiksolver_vel_mimic_svd.hpp
[51.909s] -- Installing: /home/tyler/mycobot_ROS2/moveit_tutorial_ws/install/moveit_kinematics/include/lma_kinematics_parameters
[51.909s] -- Installing: /home/tyler/mycobot_ROS2/moveit_tutorial_ws/install/moveit_kinematics/include/lma_kinematics_parameters/lma_kinematics_parameters.hpp
[51.909s] -- Up-to-date: /home/tyler/mycobot_ROS2/moveit_tutorial_ws/install/moveit_kinematics/include/moveit_kinematics
[51.909s] -- Up-to-date: /home/tyler/mycobot_ROS2/moveit_tutorial_ws/install/moveit_kinematics/include/moveit_kinematics/moveit
[51.909s] -- Installing: /home/tyler/mycobot_ROS2/moveit_tutorial_ws/install/moveit_kinematics/include/moveit_kinematics/moveit/lma_kinematics_plugin
[51.909s] -- Installing: /home/tyler/mycobot_ROS2/moveit_tutorial_ws/install/moveit_kinematics/include/moveit_kinematics/moveit/lma_kinematics_plugin/lma_kinematics_plugin.h
[51.910s] -- Installing: /home/tyler/mycobot_ROS2/moveit_tutorial_ws/install/moveit_kinematics/include/srv_kinematics_parameters
[51.910s] -- Installing: /home/tyler/mycobot_ROS2/moveit_tutorial_ws/install/moveit_kinematics/include/srv_kinematics_parameters/srv_kinematics_parameters.hpp
[51.910s] -- Up-to-date: /home/tyler/mycobot_ROS2/moveit_tutorial_ws/install/moveit_kinematics/include/moveit_kinematics
[51.910s] -- Up-to-date: /home/tyler/mycobot_ROS2/moveit_tutorial_ws/install/moveit_kinematics/include/moveit_kinematics/moveit
[51.910s] -- Installing: /home/tyler/mycobot_ROS2/moveit_tutorial_ws/install/moveit_kinematics/include/moveit_kinematics/moveit/srv_kinematics_plugin
[51.910s] -- Installing: /home/tyler/mycobot_ROS2/moveit_tutorial_ws/install/moveit_kinematics/include/moveit_kinematics/moveit/srv_kinematics_plugin/srv_kinematics_plugin.h
[51.910s] -- Installing: /home/tyler/mycobot_ROS2/moveit_tutorial_ws/install/moveit_kinematics/share/moveit_kinematics/config
[51.910s] -- Installing: /home/tyler/mycobot_ROS2/moveit_tutorial_ws/install/moveit_kinematics/share/moveit_kinematics/config/fanuc-lma-test.yaml
[51.910s] -- Installing: /home/tyler/mycobot_ROS2/moveit_tutorial_ws/install/moveit_kinematics/share/moveit_kinematics/config/panda-lma-test.yaml
[51.910s] -- Installing: /home/tyler/mycobot_ROS2/moveit_tutorial_ws/install/moveit_kinematics/share/moveit_kinematics/config/fanuc-lma-singular-test.yaml
[51.910s] -- Installing: /home/tyler/mycobot_ROS2/moveit_tutorial_ws/install/moveit_kinematics/share/moveit_kinematics/config/fanuc-kdl-singular-test.yaml
[51.911s] -- Installing: /home/tyler/mycobot_ROS2/moveit_tutorial_ws/install/moveit_kinematics/share/moveit_kinematics/config/fanuc-kdl-test.yaml
[51.911s] -- Installing: /home/tyler/mycobot_ROS2/moveit_tutorial_ws/install/moveit_kinematics/share/moveit_kinematics/config/panda-kdl-test.yaml
[51.911s] -- Installing: /home/tyler/mycobot_ROS2/moveit_tutorial_ws/install/moveit_kinematics/share/moveit_kinematics/config/panda-kdl-singular-test.yaml
[51.911s] -- Installing: /home/tyler/mycobot_ROS2/moveit_tutorial_ws/install/moveit_kinematics/share/moveit_kinematics/config/panda-lma-singular-test.yaml
[51.911s] -- Up-to-date: /home/tyler/mycobot_ROS2/moveit_tutorial_ws/install/moveit_kinematics/share/moveit_kinematics/launch
[51.911s] -- Installing: /home/tyler/mycobot_ROS2/moveit_tutorial_ws/install/moveit_kinematics/share/moveit_kinematics/launch/fanuc-lma.test.py
[51.911s] -- Installing: /home/tyler/mycobot_ROS2/moveit_tutorial_ws/install/moveit_kinematics/share/moveit_kinematics/launch/panda-kdl-singular.test.py
[51.911s] -- Installing: /home/tyler/mycobot_ROS2/moveit_tutorial_ws/install/moveit_kinematics/share/moveit_kinematics/launch/panda-lma.test.py
[51.911s] -- Installing: /home/tyler/mycobot_ROS2/moveit_tutorial_ws/install/moveit_kinematics/share/moveit_kinematics/launch/panda-kdl.test.py
[51.911s] -- Installing: /home/tyler/mycobot_ROS2/moveit_tutorial_ws/install/moveit_kinematics/share/moveit_kinematics/launch/panda-lma-singular.test.py
[51.911s] -- Installing: /home/tyler/mycobot_ROS2/moveit_tutorial_ws/install/moveit_kinematics/share/moveit_kinematics/launch/fanuc-lma-singular.test.py
[51.911s] -- Installing: /home/tyler/mycobot_ROS2/moveit_tutorial_ws/install/moveit_kinematics/share/moveit_kinematics/launch/fanuc-kdl-singular.test.py
[51.911s] -- Installing: /home/tyler/mycobot_ROS2/moveit_tutorial_ws/install/moveit_kinematics/share/moveit_kinematics/launch/fanuc-kdl.test.py
[51.911s] -- Installing: /home/tyler/mycobot_ROS2/moveit_tutorial_ws/install/moveit_kinematics/lib/moveit_kinematics/benchmark_ik
[51.911s] -- Set runtime path of "/home/tyler/mycobot_ROS2/moveit_tutorial_ws/install/moveit_kinematics/lib/moveit_kinematics/benchmark_ik" to ""
[51.911s] -- Installing: /home/tyler/mycobot_ROS2/moveit_tutorial_ws/install/moveit_kinematics/lib/moveit_kinematics/test_kinematics_plugin
[51.912s] -- Set runtime path of "/home/tyler/mycobot_ROS2/moveit_tutorial_ws/install/moveit_kinematics/lib/moveit_kinematics/test_kinematics_plugin" to ""
[51.912s] -- Installing: /home/tyler/mycobot_ROS2/moveit_tutorial_ws/install/moveit_kinematics/lib/libmoveit_cached_ik_kinematics_base.so.2.8.0
[51.912s] -- Set runtime path of "/home/tyler/mycobot_ROS2/moveit_tutorial_ws/install/moveit_kinematics/lib/libmoveit_cached_ik_kinematics_base.so.2.8.0" to ""
[51.912s] -- Installing: /home/tyler/mycobot_ROS2/moveit_tutorial_ws/install/moveit_kinematics/lib/libmoveit_cached_ik_kinematics_base.so
[51.912s] -- Installing: /home/tyler/mycobot_ROS2/moveit_tutorial_ws/install/moveit_kinematics/lib/libmoveit_cached_ik_kinematics_plugin.so.2.8.0
[51.912s] -- Set runtime path of "/home/tyler/mycobot_ROS2/moveit_tutorial_ws/install/moveit_kinematics/lib/libmoveit_cached_ik_kinematics_plugin.so.2.8.0" to ""
[51.912s] -- Installing: /home/tyler/mycobot_ROS2/moveit_tutorial_ws/install/moveit_kinematics/lib/libmoveit_cached_ik_kinematics_plugin.so
[51.913s] -- Installing: /home/tyler/mycobot_ROS2/moveit_tutorial_ws/install/moveit_kinematics/lib/libmoveit_kdl_kinematics_plugin.so
[51.913s] -- Set runtime path of "/home/tyler/mycobot_ROS2/moveit_tutorial_ws/install/moveit_kinematics/lib/libmoveit_kdl_kinematics_plugin.so" to ""
[51.913s] -- Installing: /home/tyler/mycobot_ROS2/moveit_tutorial_ws/install/moveit_kinematics/lib/libmoveit_lma_kinematics_plugin.so.2.8.0
[51.914s] -- Set runtime path of "/home/tyler/mycobot_ROS2/moveit_tutorial_ws/install/moveit_kinematics/lib/libmoveit_lma_kinematics_plugin.so.2.8.0" to ""
[51.914s] -- Installing: /home/tyler/mycobot_ROS2/moveit_tutorial_ws/install/moveit_kinematics/lib/libmoveit_lma_kinematics_plugin.so
[51.914s] -- Installing: /home/tyler/mycobot_ROS2/moveit_tutorial_ws/install/moveit_kinematics/lib/libmoveit_srv_kinematics_plugin.so.2.8.0
[51.915s] -- Set runtime path of "/home/tyler/mycobot_ROS2/moveit_tutorial_ws/install/moveit_kinematics/lib/libmoveit_srv_kinematics_plugin.so.2.8.0" to ""
[51.915s] -- Installing: /home/tyler/mycobot_ROS2/moveit_tutorial_ws/install/moveit_kinematics/lib/libmoveit_srv_kinematics_plugin.so
[51.915s] -- Installing: /home/tyler/mycobot_ROS2/moveit_tutorial_ws/install/moveit_kinematics/share/moveit_kinematics/environment/library_path.sh
[51.915s] -- Installing: /home/tyler/mycobot_ROS2/moveit_tutorial_ws/install/moveit_kinematics/share/moveit_kinematics/environment/library_path.dsv
[51.915s] -- Installing: /home/tyler/mycobot_ROS2/moveit_tutorial_ws/install/moveit_kinematics/share/ament_index/resource_index/package_run_dependencies/moveit_kinematics
[51.915s] -- Installing: /home/tyler/mycobot_ROS2/moveit_tutorial_ws/install/moveit_kinematics/share/ament_index/resource_index/parent_prefix_path/moveit_kinematics
[51.915s] -- Installing: /home/tyler/mycobot_ROS2/moveit_tutorial_ws/install/moveit_kinematics/share/moveit_kinematics/environment/ament_prefix_path.sh
[51.915s] -- Installing: /home/tyler/mycobot_ROS2/moveit_tutorial_ws/install/moveit_kinematics/share/moveit_kinematics/environment/ament_prefix_path.dsv
[51.915s] -- Installing: /home/tyler/mycobot_ROS2/moveit_tutorial_ws/install/moveit_kinematics/share/moveit_kinematics/environment/path.sh
[51.915s] -- Installing: /home/tyler/mycobot_ROS2/moveit_tutorial_ws/install/moveit_kinematics/share/moveit_kinematics/environment/path.dsv
[51.916s] -- Installing: /home/tyler/mycobot_ROS2/moveit_tutorial_ws/install/moveit_kinematics/share/moveit_kinematics/local_setup.bash
[51.916s] -- Installing: /home/tyler/mycobot_ROS2/moveit_tutorial_ws/install/moveit_kinematics/share/moveit_kinematics/local_setup.sh
[51.916s] -- Installing: /home/tyler/mycobot_ROS2/moveit_tutorial_ws/install/moveit_kinematics/share/moveit_kinematics/local_setup.zsh
[51.916s] -- Installing: /home/tyler/mycobot_ROS2/moveit_tutorial_ws/install/moveit_kinematics/share/moveit_kinematics/local_setup.dsv
[51.916s] -- Installing: /home/tyler/mycobot_ROS2/moveit_tutorial_ws/install/moveit_kinematics/share/moveit_kinematics/package.dsv
[51.916s] -- Installing: /home/tyler/mycobot_ROS2/moveit_tutorial_ws/install/moveit_kinematics/share/ament_index/resource_index/packages/moveit_kinematics
[51.916s] -- Installing: /home/tyler/mycobot_ROS2/moveit_tutorial_ws/install/moveit_kinematics/share/ament_index/resource_index/moveit_core__pluginlib__plugin/moveit_kinematics
[51.916s] -- Installing: /home/tyler/mycobot_ROS2/moveit_tutorial_ws/install/moveit_kinematics/share/moveit_kinematics/cmake/moveit_kinematicsTargetsExport.cmake
[51.917s] -- Installing: /home/tyler/mycobot_ROS2/moveit_tutorial_ws/install/moveit_kinematics/share/moveit_kinematics/cmake/moveit_kinematicsTargetsExport-release.cmake
[51.917s] -- Installing: /home/tyler/mycobot_ROS2/moveit_tutorial_ws/install/moveit_kinematics/share/moveit_kinematics/cmake/ConfigExtras.cmake
[51.917s] -- Installing: /home/tyler/mycobot_ROS2/moveit_tutorial_ws/install/moveit_kinematics/share/moveit_kinematics/cmake/ament_cmake_export_targets-extras.cmake
[51.917s] -- Installing: /home/tyler/mycobot_ROS2/moveit_tutorial_ws/install/moveit_kinematics/share/moveit_kinematics/cmake/ament_cmake_export_dependencies-extras.cmake
[51.917s] -- Installing: /home/tyler/mycobot_ROS2/moveit_tutorial_ws/install/moveit_kinematics/share/moveit_kinematics/cmake/moveit_kinematicsConfig.cmake
[51.917s] -- Installing: /home/tyler/mycobot_ROS2/moveit_tutorial_ws/install/moveit_kinematics/share/moveit_kinematics/cmake/moveit_kinematicsConfig-version.cmake
[51.917s] -- Installing: /home/tyler/mycobot_ROS2/moveit_tutorial_ws/install/moveit_kinematics/share/moveit_kinematics/package.xml
[51.920s] Invoked command in '/home/tyler/mycobot_ROS2/moveit_tutorial_ws/build/moveit_kinematics' returned '0': AMENT_PREFIX_PATH=/home/tyler/mycobot_ROS2/moveit_tutorial_ws/install/moveit_ros_planning:/home/tyler/mycobot_ROS2/moveit_tutorial_ws/install/moveit_ros_occupancy_map_monitor:/home/tyler/mycobot_ROS2/moveit_tutorial_ws/install/moveit_core:/home/tyler/mycobot_ROS2/moveit_tutorial_ws/install/moveit_resources_panda_moveit_config:/home/tyler/mycobot_ROS2/moveit_tutorial_ws/install/moveit_resources_fanuc_moveit_config:/home/tyler/mycobot_ROS2/moveit_tutorial_ws/install/moveit_resources_panda_description:/home/tyler/mycobot_ROS2/moveit_tutorial_ws/install/moveit_resources_fanuc_description:/home/tyler/mycobot_ROS2/moveit_tutorial_ws/install/moveit_msgs:/home/tyler/mycobot_ROS2/moveit_tutorial_ws/install/moveit_configs_utils:/home/tyler/mycobot_ROS2/moveit_tutorial_ws/install/moveit_common:${AMENT_PREFIX_PATH} CMAKE_PREFIX_PATH=/home/tyler/mycobot_ROS2/moveit_tutorial_ws/install/moveit_ros_planning:/home/tyler/mycobot_ROS2/moveit_tutorial_ws/install/moveit_ros_occupancy_map_monitor:/home/tyler/mycobot_ROS2/moveit_tutorial_ws/install/moveit_core:/home/tyler/mycobot_ROS2/moveit_tutorial_ws/install/moveit_resources_panda_moveit_config:/home/tyler/mycobot_ROS2/moveit_tutorial_ws/install/moveit_resources_fanuc_moveit_config:/home/tyler/mycobot_ROS2/moveit_tutorial_ws/install/moveit_resources_panda_description:/home/tyler/mycobot_ROS2/moveit_tutorial_ws/install/moveit_resources_fanuc_description:/home/tyler/mycobot_ROS2/moveit_tutorial_ws/install/moveit_msgs:/home/tyler/mycobot_ROS2/moveit_tutorial_ws/install/moveit_common:/home/tyler/mycobot_ROS2/colcon_ws/install/mypalletizer_interfaces:/home/tyler/mycobot_ROS2/colcon_ws/install/mycobot_interfaces:/home/tyler/mycobot_ROS2/colcon_ws/install/mecharm_interfaces:/home/tyler/mycobot_ROS2/colcon_ws/install/ultraarm:/home/tyler/mycobot_ROS2/colcon_ws/install/mypalletizer_260_pi:/home/tyler/mycobot_ROS2/colcon_ws/install/mypalletizer_260:/home/tyler/mycobot_ROS2/colcon_ws/install/mypalletizer_communication:/home/tyler/mycobot_ROS2/colcon_ws/install/mycobot_320pi:/home/tyler/mycobot_ROS2/colcon_ws/install/mycobot_320:/home/tyler/mycobot_ROS2/colcon_ws/install/mycobot_280pi:/home/tyler/mycobot_ROS2/colcon_ws/install/mycobot_280jn:/home/tyler/mycobot_ROS2/colcon_ws/install/mycobot_280_x3pi:/home/tyler/mycobot_ROS2/colcon_ws/install/mycobot_280:/home/tyler/mycobot_ROS2/colcon_ws/install/myarm_300:/home/tyler/mycobot_ROS2/colcon_ws/install/mycobot_communication:/home/tyler/mycobot_ROS2/colcon_ws/install/mecharm_pi:/home/tyler/mycobot_ROS2/colcon_ws/install/mecharm:/home/tyler/mycobot_ROS2/colcon_ws/install/mecharm_communication:/home/tyler/mycobot_ROS2/colcon_ws/install/mybuddy:/home/tyler/mycobot_ROS2/colcon_ws/install/mycobot_description:/opt/ros/humble LD_LIBRARY_PATH=/home/tyler/mycobot_ROS2/moveit_tutorial_ws/install/moveit_ros_planning/lib:/home/tyler/mycobot_ROS2/moveit_tutorial_ws/install/moveit_ros_occupancy_map_monitor/lib:/home/tyler/mycobot_ROS2/moveit_tutorial_ws/install/moveit_core/lib:/home/tyler/mycobot_ROS2/moveit_tutorial_ws/install/moveit_msgs/lib:${LD_LIBRARY_PATH} MYSQL_PS1=(\u@\h) [\d]> PATH=/home/tyler/mycobot_ROS2/moveit_tutorial_ws/install/moveit_core/bin:${PATH} PYTHONPATH=/home/tyler/mycobot_ROS2/moveit_tutorial_ws/install/moveit_msgs/local/lib/python3.10/dist-packages:/home/tyler/mycobot_ROS2/moveit_tutorial_ws/install/moveit_configs_utils/lib/python3.10/site-packages:${PYTHONPATH} /usr/bin/cmake --install /home/tyler/mycobot_ROS2/moveit_tutorial_ws/build/moveit_kinematics
