[0.909s] Invoking command in '/home/tyler/mycobot_ROS2/moveit_tutorial_ws/build/moveit_resources_panda_description': CMAKE_PREFIX_PATH=${CMAKE_PREFIX_PATH}:/home/tyler/mycobot_ROS2/colcon_ws/install/ultraarm:/home/tyler/mycobot_ROS2/colcon_ws/install/mypalletizer_260_pi:/home/tyler/mycobot_ROS2/colcon_ws/install/mypalletizer_260:/home/tyler/mycobot_ROS2/colcon_ws/install/mypalletizer_communication:/home/tyler/mycobot_ROS2/colcon_ws/install/mycobot_320pi:/home/tyler/mycobot_ROS2/colcon_ws/install/mycobot_320:/home/tyler/mycobot_ROS2/colcon_ws/install/mycobot_280pi:/home/tyler/mycobot_ROS2/colcon_ws/install/mycobot_280jn:/home/tyler/mycobot_ROS2/colcon_ws/install/mycobot_280_x3pi:/home/tyler/mycobot_ROS2/colcon_ws/install/mycobot_280:/home/tyler/mycobot_ROS2/colcon_ws/install/myarm_300:/home/tyler/mycobot_ROS2/colcon_ws/install/mycobot_communication:/home/tyler/mycobot_ROS2/colcon_ws/install/mecharm_pi:/home/tyler/mycobot_ROS2/colcon_ws/install/mecharm:/home/tyler/mycobot_ROS2/colcon_ws/install/mecharm_communication:/home/tyler/mycobot_ROS2/colcon_ws/install/mybuddy:/home/tyler/mycobot_ROS2/colcon_ws/install/mycobot_description:/opt/ros/humble MYSQL_PS1=(\u@\h) [\d]> /usr/bin/cmake /home/tyler/mycobot_ROS2/moveit_tutorial_ws/src/moveit_resources/panda_description -DCMAKE_INSTALL_PREFIX=/home/tyler/mycobot_ROS2/moveit_tutorial_ws/install/moveit_resources_panda_description
[1.589s] -- The C compiler identification is GNU 11.4.0
[1.589s] -- The CXX compiler identification is GNU 11.4.0
[1.589s] -- Detecting C compiler ABI info
[1.589s] -- Detecting C compiler ABI info - done
[1.592s] -- Check for working C compiler: /usr/bin/cc - skipped
[1.593s] -- Detecting C compile features
[1.593s] -- Detecting C compile features - done
[1.593s] -- Detecting CXX compiler ABI info
[1.594s] -- Detecting CXX compiler ABI info - done
[1.595s] -- Check for working CXX compiler: /usr/bin/c++ - skipped
[1.596s] -- Detecting CXX compile features
[1.596s] -- Detecting CXX compile features - done
[1.596s] -- Found ament_cmake: 1.3.5 (/opt/ros/humble/share/ament_cmake/cmake)
[2.083s] -- Found Python3: /usr/bin/python3.10 (found version "3.10.12") found components: Interpreter 
[2.601s] -- Configuring done
[2.607s] -- Generating done
[2.609s] -- Build files have been written to: /home/tyler/mycobot_ROS2/moveit_tutorial_ws/build/moveit_resources_panda_description
[2.808s] Invoked command in '/home/tyler/mycobot_ROS2/moveit_tutorial_ws/build/moveit_resources_panda_description' returned '0': CMAKE_PREFIX_PATH=${CMAKE_PREFIX_PATH}:/home/tyler/mycobot_ROS2/colcon_ws/install/ultraarm:/home/tyler/mycobot_ROS2/colcon_ws/install/mypalletizer_260_pi:/home/tyler/mycobot_ROS2/colcon_ws/install/mypalletizer_260:/home/tyler/mycobot_ROS2/colcon_ws/install/mypalletizer_communication:/home/tyler/mycobot_ROS2/colcon_ws/install/mycobot_320pi:/home/tyler/mycobot_ROS2/colcon_ws/install/mycobot_320:/home/tyler/mycobot_ROS2/colcon_ws/install/mycobot_280pi:/home/tyler/mycobot_ROS2/colcon_ws/install/mycobot_280jn:/home/tyler/mycobot_ROS2/colcon_ws/install/mycobot_280_x3pi:/home/tyler/mycobot_ROS2/colcon_ws/install/mycobot_280:/home/tyler/mycobot_ROS2/colcon_ws/install/myarm_300:/home/tyler/mycobot_ROS2/colcon_ws/install/mycobot_communication:/home/tyler/mycobot_ROS2/colcon_ws/install/mecharm_pi:/home/tyler/mycobot_ROS2/colcon_ws/install/mecharm:/home/tyler/mycobot_ROS2/colcon_ws/install/mecharm_communication:/home/tyler/mycobot_ROS2/colcon_ws/install/mybuddy:/home/tyler/mycobot_ROS2/colcon_ws/install/mycobot_description:/opt/ros/humble MYSQL_PS1=(\u@\h) [\d]> /usr/bin/cmake /home/tyler/mycobot_ROS2/moveit_tutorial_ws/src/moveit_resources/panda_description -DCMAKE_INSTALL_PREFIX=/home/tyler/mycobot_ROS2/moveit_tutorial_ws/install/moveit_resources_panda_description
[2.811s] Invoking command in '/home/tyler/mycobot_ROS2/moveit_tutorial_ws/build/moveit_resources_panda_description': CMAKE_PREFIX_PATH=${CMAKE_PREFIX_PATH}:/home/tyler/mycobot_ROS2/colcon_ws/install/ultraarm:/home/tyler/mycobot_ROS2/colcon_ws/install/mypalletizer_260_pi:/home/tyler/mycobot_ROS2/colcon_ws/install/mypalletizer_260:/home/tyler/mycobot_ROS2/colcon_ws/install/mypalletizer_communication:/home/tyler/mycobot_ROS2/colcon_ws/install/mycobot_320pi:/home/tyler/mycobot_ROS2/colcon_ws/install/mycobot_320:/home/tyler/mycobot_ROS2/colcon_ws/install/mycobot_280pi:/home/tyler/mycobot_ROS2/colcon_ws/install/mycobot_280jn:/home/tyler/mycobot_ROS2/colcon_ws/install/mycobot_280_x3pi:/home/tyler/mycobot_ROS2/colcon_ws/install/mycobot_280:/home/tyler/mycobot_ROS2/colcon_ws/install/myarm_300:/home/tyler/mycobot_ROS2/colcon_ws/install/mycobot_communication:/home/tyler/mycobot_ROS2/colcon_ws/install/mecharm_pi:/home/tyler/mycobot_ROS2/colcon_ws/install/mecharm:/home/tyler/mycobot_ROS2/colcon_ws/install/mecharm_communication:/home/tyler/mycobot_ROS2/colcon_ws/install/mybuddy:/home/tyler/mycobot_ROS2/colcon_ws/install/mycobot_description:/opt/ros/humble MYSQL_PS1=(\u@\h) [\d]> /usr/bin/cmake --build /home/tyler/mycobot_ROS2/moveit_tutorial_ws/build/moveit_resources_panda_description -- -j16 -l16
[2.904s] Invoked command in '/home/tyler/mycobot_ROS2/moveit_tutorial_ws/build/moveit_resources_panda_description' returned '0': CMAKE_PREFIX_PATH=${CMAKE_PREFIX_PATH}:/home/tyler/mycobot_ROS2/colcon_ws/install/ultraarm:/home/tyler/mycobot_ROS2/colcon_ws/install/mypalletizer_260_pi:/home/tyler/mycobot_ROS2/colcon_ws/install/mypalletizer_260:/home/tyler/mycobot_ROS2/colcon_ws/install/mypalletizer_communication:/home/tyler/mycobot_ROS2/colcon_ws/install/mycobot_320pi:/home/tyler/mycobot_ROS2/colcon_ws/install/mycobot_320:/home/tyler/mycobot_ROS2/colcon_ws/install/mycobot_280pi:/home/tyler/mycobot_ROS2/colcon_ws/install/mycobot_280jn:/home/tyler/mycobot_ROS2/colcon_ws/install/mycobot_280_x3pi:/home/tyler/mycobot_ROS2/colcon_ws/install/mycobot_280:/home/tyler/mycobot_ROS2/colcon_ws/install/myarm_300:/home/tyler/mycobot_ROS2/colcon_ws/install/mycobot_communication:/home/tyler/mycobot_ROS2/colcon_ws/install/mecharm_pi:/home/tyler/mycobot_ROS2/colcon_ws/install/mecharm:/home/tyler/mycobot_ROS2/colcon_ws/install/mecharm_communication:/home/tyler/mycobot_ROS2/colcon_ws/install/mybuddy:/home/tyler/mycobot_ROS2/colcon_ws/install/mycobot_description:/opt/ros/humble MYSQL_PS1=(\u@\h) [\d]> /usr/bin/cmake --build /home/tyler/mycobot_ROS2/moveit_tutorial_ws/build/moveit_resources_panda_description -- -j16 -l16
[2.954s] Invoking command in '/home/tyler/mycobot_ROS2/moveit_tutorial_ws/build/moveit_resources_panda_description': CMAKE_PREFIX_PATH=${CMAKE_PREFIX_PATH}:/home/tyler/mycobot_ROS2/colcon_ws/install/ultraarm:/home/tyler/mycobot_ROS2/colcon_ws/install/mypalletizer_260_pi:/home/tyler/mycobot_ROS2/colcon_ws/install/mypalletizer_260:/home/tyler/mycobot_ROS2/colcon_ws/install/mypalletizer_communication:/home/tyler/mycobot_ROS2/colcon_ws/install/mycobot_320pi:/home/tyler/mycobot_ROS2/colcon_ws/install/mycobot_320:/home/tyler/mycobot_ROS2/colcon_ws/install/mycobot_280pi:/home/tyler/mycobot_ROS2/colcon_ws/install/mycobot_280jn:/home/tyler/mycobot_ROS2/colcon_ws/install/mycobot_280_x3pi:/home/tyler/mycobot_ROS2/colcon_ws/install/mycobot_280:/home/tyler/mycobot_ROS2/colcon_ws/install/myarm_300:/home/tyler/mycobot_ROS2/colcon_ws/install/mycobot_communication:/home/tyler/mycobot_ROS2/colcon_ws/install/mecharm_pi:/home/tyler/mycobot_ROS2/colcon_ws/install/mecharm:/home/tyler/mycobot_ROS2/colcon_ws/install/mecharm_communication:/home/tyler/mycobot_ROS2/colcon_ws/install/mybuddy:/home/tyler/mycobot_ROS2/colcon_ws/install/mycobot_description:/opt/ros/humble MYSQL_PS1=(\u@\h) [\d]> /usr/bin/cmake --install /home/tyler/mycobot_ROS2/moveit_tutorial_ws/build/moveit_resources_panda_description
[2.976s] -- Install configuration: ""
[2.976s] -- Installing: /home/tyler/mycobot_ROS2/moveit_tutorial_ws/install/moveit_resources_panda_description/share/ament_index/resource_index/package_run_dependencies/moveit_resources_panda_description
[2.977s] -- Installing: /home/tyler/mycobot_ROS2/moveit_tutorial_ws/install/moveit_resources_panda_description/share/ament_index/resource_index/parent_prefix_path/moveit_resources_panda_description
[2.977s] -- Installing: /home/tyler/mycobot_ROS2/moveit_tutorial_ws/install/moveit_resources_panda_description/share/moveit_resources_panda_description/environment/ament_prefix_path.sh
[2.978s] -- Installing: /home/tyler/mycobot_ROS2/moveit_tutorial_ws/install/moveit_resources_panda_description/share/moveit_resources_panda_description/environment/ament_prefix_path.dsv
[2.979s] -- Installing: /home/tyler/mycobot_ROS2/moveit_tutorial_ws/install/moveit_resources_panda_description/share/moveit_resources_panda_description/environment/path.sh
[2.979s] -- Installing: /home/tyler/mycobot_ROS2/moveit_tutorial_ws/install/moveit_resources_panda_description/share/moveit_resources_panda_description/environment/path.dsv
[2.979s] -- Installing: /home/tyler/mycobot_ROS2/moveit_tutorial_ws/install/moveit_resources_panda_description/share/moveit_resources_panda_description/local_setup.bash
[2.979s] -- Installing: /home/tyler/mycobot_ROS2/moveit_tutorial_ws/install/moveit_resources_panda_description/share/moveit_resources_panda_description/local_setup.sh
[2.980s] -- Installing: /home/tyler/mycobot_ROS2/moveit_tutorial_ws/install/moveit_resources_panda_description/share/moveit_resources_panda_description/local_setup.zsh
[2.980s] -- Installing: /home/tyler/mycobot_ROS2/moveit_tutorial_ws/install/moveit_resources_panda_description/share/moveit_resources_panda_description/local_setup.dsv
[2.980s] -- Installing: /home/tyler/mycobot_ROS2/moveit_tutorial_ws/install/moveit_resources_panda_description/share/moveit_resources_panda_description/package.dsv
[2.980s] -- Installing: /home/tyler/mycobot_ROS2/moveit_tutorial_ws/install/moveit_resources_panda_description/share/ament_index/resource_index/packages/moveit_resources_panda_description
[2.980s] -- Installing: /home/tyler/mycobot_ROS2/moveit_tutorial_ws/install/moveit_resources_panda_description/share/moveit_resources_panda_description/cmake/moveit_resources_panda_descriptionConfig.cmake
[2.981s] -- Installing: /home/tyler/mycobot_ROS2/moveit_tutorial_ws/install/moveit_resources_panda_description/share/moveit_resources_panda_description/cmake/moveit_resources_panda_descriptionConfig-version.cmake
[2.981s] -- Installing: /home/tyler/mycobot_ROS2/moveit_tutorial_ws/install/moveit_resources_panda_description/share/moveit_resources_panda_description/package.xml
[2.981s] -- Installing: /home/tyler/mycobot_ROS2/moveit_tutorial_ws/install/moveit_resources_panda_description/share/moveit_resources_panda_description/meshes
[2.981s] -- Installing: /home/tyler/mycobot_ROS2/moveit_tutorial_ws/install/moveit_resources_panda_description/share/moveit_resources_panda_description/meshes/collision
[2.981s] -- Installing: /home/tyler/mycobot_ROS2/moveit_tutorial_ws/install/moveit_resources_panda_description/share/moveit_resources_panda_description/meshes/collision/link6.stl
[2.982s] -- Installing: /home/tyler/mycobot_ROS2/moveit_tutorial_ws/install/moveit_resources_panda_description/share/moveit_resources_panda_description/meshes/collision/link5.stl
[2.982s] -- Installing: /home/tyler/mycobot_ROS2/moveit_tutorial_ws/install/moveit_resources_panda_description/share/moveit_resources_panda_description/meshes/collision/link4.stl
[2.982s] -- Installing: /home/tyler/mycobot_ROS2/moveit_tutorial_ws/install/moveit_resources_panda_description/share/moveit_resources_panda_description/meshes/collision/link7.stl
[2.982s] -- Installing: /home/tyler/mycobot_ROS2/moveit_tutorial_ws/install/moveit_resources_panda_description/share/moveit_resources_panda_description/meshes/collision/link3.stl
[2.983s] -- Installing: /home/tyler/mycobot_ROS2/moveit_tutorial_ws/install/moveit_resources_panda_description/share/moveit_resources_panda_description/meshes/collision/link0.stl
[2.983s] -- Installing: /home/tyler/mycobot_ROS2/moveit_tutorial_ws/install/moveit_resources_panda_description/share/moveit_resources_panda_description/meshes/collision/finger.stl
[2.983s] -- Installing: /home/tyler/mycobot_ROS2/moveit_tutorial_ws/install/moveit_resources_panda_description/share/moveit_resources_panda_description/meshes/collision/link1.stl
[2.983s] -- Installing: /home/tyler/mycobot_ROS2/moveit_tutorial_ws/install/moveit_resources_panda_description/share/moveit_resources_panda_description/meshes/collision/link2.stl
[2.983s] -- Installing: /home/tyler/mycobot_ROS2/moveit_tutorial_ws/install/moveit_resources_panda_description/share/moveit_resources_panda_description/meshes/collision/hand.stl
[2.983s] -- Installing: /home/tyler/mycobot_ROS2/moveit_tutorial_ws/install/moveit_resources_panda_description/share/moveit_resources_panda_description/meshes/visual
[2.984s] -- Installing: /home/tyler/mycobot_ROS2/moveit_tutorial_ws/install/moveit_resources_panda_description/share/moveit_resources_panda_description/meshes/visual/link6.dae
[2.988s] -- Installing: /home/tyler/mycobot_ROS2/moveit_tutorial_ws/install/moveit_resources_panda_description/share/moveit_resources_panda_description/meshes/visual/link2.dae
[2.990s] -- Installing: /home/tyler/mycobot_ROS2/moveit_tutorial_ws/install/moveit_resources_panda_description/share/moveit_resources_panda_description/meshes/visual/link7.dae
[2.992s] -- Installing: /home/tyler/mycobot_ROS2/moveit_tutorial_ws/install/moveit_resources_panda_description/share/moveit_resources_panda_description/meshes/visual/finger.dae
[2.993s] -- Installing: /home/tyler/mycobot_ROS2/moveit_tutorial_ws/install/moveit_resources_panda_description/share/moveit_resources_panda_description/meshes/visual/link5.dae
[2.996s] -- Installing: /home/tyler/mycobot_ROS2/moveit_tutorial_ws/install/moveit_resources_panda_description/share/moveit_resources_panda_description/meshes/visual/link4.dae
[2.998s] -- Installing: /home/tyler/mycobot_ROS2/moveit_tutorial_ws/install/moveit_resources_panda_description/share/moveit_resources_panda_description/meshes/visual/link1.dae
[2.999s] -- Installing: /home/tyler/mycobot_ROS2/moveit_tutorial_ws/install/moveit_resources_panda_description/share/moveit_resources_panda_description/meshes/visual/link0.dae
[3.002s] -- Installing: /home/tyler/mycobot_ROS2/moveit_tutorial_ws/install/moveit_resources_panda_description/share/moveit_resources_panda_description/meshes/visual/link3.dae
[3.004s] -- Installing: /home/tyler/mycobot_ROS2/moveit_tutorial_ws/install/moveit_resources_panda_description/share/moveit_resources_panda_description/meshes/visual/hand.dae
[3.005s] -- Installing: /home/tyler/mycobot_ROS2/moveit_tutorial_ws/install/moveit_resources_panda_description/share/moveit_resources_panda_description/urdf
[3.005s] -- Installing: /home/tyler/mycobot_ROS2/moveit_tutorial_ws/install/moveit_resources_panda_description/share/moveit_resources_panda_description/urdf/panda.urdf.xacro
[3.005s] -- Installing: /home/tyler/mycobot_ROS2/moveit_tutorial_ws/install/moveit_resources_panda_description/share/moveit_resources_panda_description/urdf/panda.urdf
[3.010s] Invoked command in '/home/tyler/mycobot_ROS2/moveit_tutorial_ws/build/moveit_resources_panda_description' returned '0': CMAKE_PREFIX_PATH=${CMAKE_PREFIX_PATH}:/home/tyler/mycobot_ROS2/colcon_ws/install/ultraarm:/home/tyler/mycobot_ROS2/colcon_ws/install/mypalletizer_260_pi:/home/tyler/mycobot_ROS2/colcon_ws/install/mypalletizer_260:/home/tyler/mycobot_ROS2/colcon_ws/install/mypalletizer_communication:/home/tyler/mycobot_ROS2/colcon_ws/install/mycobot_320pi:/home/tyler/mycobot_ROS2/colcon_ws/install/mycobot_320:/home/tyler/mycobot_ROS2/colcon_ws/install/mycobot_280pi:/home/tyler/mycobot_ROS2/colcon_ws/install/mycobot_280jn:/home/tyler/mycobot_ROS2/colcon_ws/install/mycobot_280_x3pi:/home/tyler/mycobot_ROS2/colcon_ws/install/mycobot_280:/home/tyler/mycobot_ROS2/colcon_ws/install/myarm_300:/home/tyler/mycobot_ROS2/colcon_ws/install/mycobot_communication:/home/tyler/mycobot_ROS2/colcon_ws/install/mecharm_pi:/home/tyler/mycobot_ROS2/colcon_ws/install/mecharm:/home/tyler/mycobot_ROS2/colcon_ws/install/mecharm_communication:/home/tyler/mycobot_ROS2/colcon_ws/install/mybuddy:/home/tyler/mycobot_ROS2/colcon_ws/install/mycobot_description:/opt/ros/humble MYSQL_PS1=(\u@\h) [\d]> /usr/bin/cmake --install /home/tyler/mycobot_ROS2/moveit_tutorial_ws/build/moveit_resources_panda_description
