[35m[1mConsolidate compiler generated dependencies of target moveit_task_constructor_capabilities[0m
[ 50%] [32mBuilding CXX object CMakeFiles/moveit_task_constructor_capabilities.dir/src/execute_task_solution_capability.cpp.o[0m
[100%] [32m[1mLinking CXX shared library libmoveit_task_constructor_capabilities.so[0m
[100%] Built target moveit_task_constructor_capabilities
-- Install configuration: "Release"
-- Installing: /home/tyler/mycobot_ROS2/moveit_tutorial_ws/install/moveit_task_constructor_capabilities/lib/libmoveit_task_constructor_capabilities.so
-- Set runtime path of "/home/tyler/mycobot_ROS2/moveit_tutorial_ws/install/moveit_task_constructor_capabilities/lib/libmoveit_task_constructor_capabilities.so" to ""
-- Installing: /home/tyler/mycobot_ROS2/moveit_tutorial_ws/install/moveit_task_constructor_capabilities/share/moveit_task_constructor_capabilities/capabilities_plugin_description.xml
-- Installing: /home/tyler/mycobot_ROS2/moveit_tutorial_ws/install/moveit_task_constructor_capabilities/share/ament_index/resource_index/package_run_dependencies/moveit_task_constructor_capabilities
-- Installing: /home/tyler/mycobot_ROS2/moveit_tutorial_ws/install/moveit_task_constructor_capabilities/share/ament_index/resource_index/parent_prefix_path/moveit_task_constructor_capabilities
-- Installing: /home/tyler/mycobot_ROS2/moveit_tutorial_ws/install/moveit_task_constructor_capabilities/share/moveit_task_constructor_capabilities/environment/ament_prefix_path.sh
-- Installing: /home/tyler/mycobot_ROS2/moveit_tutorial_ws/install/moveit_task_constructor_capabilities/share/moveit_task_constructor_capabilities/environment/ament_prefix_path.dsv
-- Installing: /home/tyler/mycobot_ROS2/moveit_tutorial_ws/install/moveit_task_constructor_capabilities/share/moveit_task_constructor_capabilities/environment/path.sh
-- Installing: /home/tyler/mycobot_ROS2/moveit_tutorial_ws/install/moveit_task_constructor_capabilities/share/moveit_task_constructor_capabilities/environment/path.dsv
-- Installing: /home/tyler/mycobot_ROS2/moveit_tutorial_ws/install/moveit_task_constructor_capabilities/share/moveit_task_constructor_capabilities/local_setup.bash
-- Installing: /home/tyler/mycobot_ROS2/moveit_tutorial_ws/install/moveit_task_constructor_capabilities/share/moveit_task_constructor_capabilities/local_setup.sh
-- Installing: /home/tyler/mycobot_ROS2/moveit_tutorial_ws/install/moveit_task_constructor_capabilities/share/moveit_task_constructor_capabilities/local_setup.zsh
-- Installing: /home/tyler/mycobot_ROS2/moveit_tutorial_ws/install/moveit_task_constructor_capabilities/share/moveit_task_constructor_capabilities/local_setup.dsv
-- Installing: /home/tyler/mycobot_ROS2/moveit_tutorial_ws/install/moveit_task_constructor_capabilities/share/moveit_task_constructor_capabilities/package.dsv
-- Installing: /home/tyler/mycobot_ROS2/moveit_tutorial_ws/install/moveit_task_constructor_capabilities/share/ament_index/resource_index/packages/moveit_task_constructor_capabilities
-- Installing: /home/tyler/mycobot_ROS2/moveit_tutorial_ws/install/moveit_task_constructor_capabilities/share/ament_index/resource_index/moveit_ros_move_group__pluginlib__plugin/moveit_task_constructor_capabilities
-- Installing: /home/tyler/mycobot_ROS2/moveit_tutorial_ws/install/moveit_task_constructor_capabilities/share/moveit_task_constructor_capabilities/cmake/ament_cmake_export_dependencies-extras.cmake
-- Installing: /home/tyler/mycobot_ROS2/moveit_tutorial_ws/install/moveit_task_constructor_capabilities/share/moveit_task_constructor_capabilities/cmake/moveit_task_constructor_capabilitiesConfig.cmake
-- Installing: /home/tyler/mycobot_ROS2/moveit_tutorial_ws/install/moveit_task_constructor_capabilities/share/moveit_task_constructor_capabilities/cmake/moveit_task_constructor_capabilitiesConfig-version.cmake
-- Installing: /home/tyler/mycobot_ROS2/moveit_tutorial_ws/install/moveit_task_constructor_capabilities/share/moveit_task_constructor_capabilities/package.xml
