[0.582s] Invoking command in '/home/tyler/colcon_ws/build/mycobot_interfaces': CMAKE_PREFIX_PATH=/opt/ros/humble MYSQL_PS1=(\u@\h) [\d]> /usr/bin/cmake /home/tyler/colcon_ws/src/mycobot_ros2/mycobot_280/mycobot_interfaces -DCMAKE_INSTALL_PREFIX=/home/tyler/colcon_ws/install/mycobot_interfaces
[0.599s] -- Found ament_cmake: 1.3.5 (/opt/ros/humble/share/ament_cmake/cmake)
[0.865s] -- Override CMake install command with custom implementation using symlinks instead of copying resources
[0.878s] -- Found rosidl_default_generators: 1.2.0 (/opt/ros/humble/share/rosidl_default_generators/cmake)
[0.880s] -- Using all available rosidl_typesupport_c: rosidl_typesupport_fastrtps_c;rosidl_typesupport_introspection_c
[0.885s] -- Found rosidl_adapter: 3.1.5 (/opt/ros/humble/share/rosidl_adapter/cmake)
[0.940s] -- Using all available rosidl_typesupport_cpp: rosidl_typesupport_fastrtps_cpp;rosidl_typesupport_introspection_cpp
[0.990s] -- Found rclpy: 3.3.10 (/opt/ros/humble/share/rclpy/cmake)
[0.990s] -- Found std_msgs: 4.2.3 (/opt/ros/humble/share/std_msgs/cmake)
[1.714s] -- Found ament_cmake_ros: 0.10.0 (/opt/ros/humble/share/ament_cmake_ros/cmake)
[2.120s] -- Using all available rosidl_typesupport_c: rosidl_typesupport_fastrtps_c;rosidl_typesupport_introspection_c
[2.674s] -- Using all available rosidl_typesupport_cpp: rosidl_typesupport_fastrtps_cpp;rosidl_typesupport_introspection_cpp
[2.715s] -- Found python_cmake_module: 0.10.0 (/opt/ros/humble/share/python_cmake_module/cmake)
[2.752s] -- Using PYTHON_EXECUTABLE: /usr/bin/python3
[2.752s] -- Using PYTHON_INCLUDE_DIRS: /usr/include/python3.10
[2.752s] -- Using PYTHON_LIBRARIES: /usr/lib/x86_64-linux-gnu/libpython3.10.so
[2.801s] -- Found ament_lint_auto: 0.12.8 (/opt/ros/humble/share/ament_lint_auto/cmake)
[2.815s] -- Added test 'copyright' to check source files copyright and LICENSE
[2.818s] -- Added test 'lint_cmake' to check CMake code style
[2.819s] -- Added test 'xmllint' to check XML markup files
[2.822s] -- Configuring done
[2.902s] -- Generating done
[2.910s] -- Build files have been written to: /home/tyler/colcon_ws/build/mycobot_interfaces
[2.918s] Invoked command in '/home/tyler/colcon_ws/build/mycobot_interfaces' returned '0': CMAKE_PREFIX_PATH=/opt/ros/humble MYSQL_PS1=(\u@\h) [\d]> /usr/bin/cmake /home/tyler/colcon_ws/src/mycobot_ros2/mycobot_280/mycobot_interfaces -DCMAKE_INSTALL_PREFIX=/home/tyler/colcon_ws/install/mycobot_interfaces
[2.920s] Invoking command in '/home/tyler/colcon_ws/build/mycobot_interfaces': CMAKE_PREFIX_PATH=/opt/ros/humble MYSQL_PS1=(\u@\h) [\d]> /usr/bin/cmake --build /home/tyler/colcon_ws/build/mycobot_interfaces -- -j16 -l16
[3.003s] [35m[1mConsolidate compiler generated dependencies of target mycobot_interfaces__rosidl_generator_c[0m
[3.017s] [  0%] Built target mycobot_interfaces__cpp
[3.037s] [ 12%] Built target mycobot_interfaces__rosidl_generator_c
[3.037s] [ 12%] Built target ament_cmake_python_symlink_mycobot_interfaces
[3.052s] [35m[1mConsolidate compiler generated dependencies of target mycobot_interfaces__rosidl_typesupport_introspection_cpp[0m
[3.055s] [35m[1mConsolidate compiler generated dependencies of target mycobot_interfaces__rosidl_typesupport_fastrtps_cpp[0m
[3.080s] [35m[1mConsolidate compiler generated dependencies of target mycobot_interfaces__rosidl_typesupport_cpp[0m
[3.085s] [35m[1mConsolidate compiler generated dependencies of target mycobot_interfaces__rosidl_typesupport_c[0m
[3.087s] [35m[1mConsolidate compiler generated dependencies of target mycobot_interfaces__rosidl_typesupport_introspection_c[0m
[3.089s] [35m[1mConsolidate compiler generated dependencies of target mycobot_interfaces__rosidl_typesupport_fastrtps_c[0m
[3.108s] [ 24%] Built target mycobot_interfaces__rosidl_typesupport_introspection_cpp
[3.118s] [ 35%] Built target mycobot_interfaces__rosidl_typesupport_fastrtps_cpp
[3.119s] [ 47%] Built target mycobot_interfaces__rosidl_typesupport_c
[3.123s] [ 59%] Built target mycobot_interfaces__rosidl_typesupport_introspection_c
[3.131s] [ 71%] Built target mycobot_interfaces__rosidl_typesupport_cpp
[3.137s] [ 83%] Built target mycobot_interfaces__rosidl_typesupport_fastrtps_c
[3.171s] [ 83%] Built target mycobot_interfaces
[3.207s] [ 84%] Built target mycobot_interfaces__py
[3.233s] [35m[1mConsolidate compiler generated dependencies of target mycobot_interfaces__rosidl_generator_py[0m
[3.280s] [ 95%] Built target mycobot_interfaces__rosidl_generator_py
[3.302s] [35m[1mConsolidate compiler generated dependencies of target mycobot_interfaces__rosidl_typesupport_fastrtps_c__pyext[0m
[3.303s] [35m[1mConsolidate compiler generated dependencies of target mycobot_interfaces__rosidl_typesupport_introspection_c__pyext[0m
[3.303s] [35m[1mConsolidate compiler generated dependencies of target mycobot_interfaces__rosidl_typesupport_c__pyext[0m
[3.331s] [ 99%] Built target mycobot_interfaces__rosidl_typesupport_fastrtps_c__pyext
[3.332s] [ 99%] Built target mycobot_interfaces__rosidl_typesupport_introspection_c__pyext
[3.332s] [100%] Built target mycobot_interfaces__rosidl_typesupport_c__pyext
[3.527s] running egg_info
[3.529s] writing mycobot_interfaces.egg-info/PKG-INFO
[3.529s] writing dependency_links to mycobot_interfaces.egg-info/dependency_links.txt
[3.529s] writing top-level names to mycobot_interfaces.egg-info/top_level.txt
[3.534s] reading manifest file 'mycobot_interfaces.egg-info/SOURCES.txt'
[3.535s] writing manifest file 'mycobot_interfaces.egg-info/SOURCES.txt'
[3.581s] [100%] Built target ament_cmake_python_build_mycobot_interfaces_egg
[3.602s] Invoked command in '/home/tyler/colcon_ws/build/mycobot_interfaces' returned '0': CMAKE_PREFIX_PATH=/opt/ros/humble MYSQL_PS1=(\u@\h) [\d]> /usr/bin/cmake --build /home/tyler/colcon_ws/build/mycobot_interfaces -- -j16 -l16
[3.950s] Invoking command in '/home/tyler/colcon_ws/build/mycobot_interfaces': CMAKE_PREFIX_PATH=/opt/ros/humble MYSQL_PS1=(\u@\h) [\d]> /usr/bin/cmake --install /home/tyler/colcon_ws/build/mycobot_interfaces
[3.970s] -- Install configuration: ""
[3.974s] -- Execute custom install script
[3.974s] -- Up-to-date symlink: /home/tyler/colcon_ws/install/mycobot_interfaces/share/ament_index/resource_index/rosidl_interfaces/mycobot_interfaces
[3.976s] -- Up-to-date symlink: /home/tyler/colcon_ws/install/mycobot_interfaces/include/mycobot_interfaces/mycobot_interfaces/msg/detail/mycobot_angles__functions.h
[3.978s] -- Up-to-date symlink: /home/tyler/colcon_ws/install/mycobot_interfaces/include/mycobot_interfaces/mycobot_interfaces/msg/detail/mycobot_angles__struct.h
[3.978s] -- Up-to-date symlink: /home/tyler/colcon_ws/install/mycobot_interfaces/include/mycobot_interfaces/mycobot_interfaces/msg/detail/mycobot_angles__type_support.h
[3.978s] -- Up-to-date symlink: /home/tyler/colcon_ws/install/mycobot_interfaces/include/mycobot_interfaces/mycobot_interfaces/msg/detail/mycobot_coords__functions.h
[3.978s] -- Up-to-date symlink: /home/tyler/colcon_ws/install/mycobot_interfaces/include/mycobot_interfaces/mycobot_interfaces/msg/detail/mycobot_coords__struct.h
[3.978s] -- Up-to-date symlink: /home/tyler/colcon_ws/install/mycobot_interfaces/include/mycobot_interfaces/mycobot_interfaces/msg/detail/mycobot_coords__type_support.h
[3.978s] -- Up-to-date symlink: /home/tyler/colcon_ws/install/mycobot_interfaces/include/mycobot_interfaces/mycobot_interfaces/msg/detail/mycobot_gripper_status__functions.h
[3.978s] -- Up-to-date symlink: /home/tyler/colcon_ws/install/mycobot_interfaces/include/mycobot_interfaces/mycobot_interfaces/msg/detail/mycobot_gripper_status__struct.h
[3.978s] -- Up-to-date symlink: /home/tyler/colcon_ws/install/mycobot_interfaces/include/mycobot_interfaces/mycobot_interfaces/msg/detail/mycobot_gripper_status__type_support.h
[3.978s] -- Up-to-date symlink: /home/tyler/colcon_ws/install/mycobot_interfaces/include/mycobot_interfaces/mycobot_interfaces/msg/detail/mycobot_pump_status__functions.h
[3.979s] -- Up-to-date symlink: /home/tyler/colcon_ws/install/mycobot_interfaces/include/mycobot_interfaces/mycobot_interfaces/msg/detail/mycobot_pump_status__struct.h
[3.979s] -- Up-to-date symlink: /home/tyler/colcon_ws/install/mycobot_interfaces/include/mycobot_interfaces/mycobot_interfaces/msg/detail/mycobot_pump_status__type_support.h
[3.979s] -- Up-to-date symlink: /home/tyler/colcon_ws/install/mycobot_interfaces/include/mycobot_interfaces/mycobot_interfaces/msg/detail/mycobot_set_angles__functions.h
[3.979s] -- Up-to-date symlink: /home/tyler/colcon_ws/install/mycobot_interfaces/include/mycobot_interfaces/mycobot_interfaces/msg/detail/mycobot_set_angles__struct.h
[3.983s] -- Up-to-date symlink: /home/tyler/colcon_ws/install/mycobot_interfaces/include/mycobot_interfaces/mycobot_interfaces/msg/detail/mycobot_set_angles__type_support.h
[3.983s] -- Up-to-date symlink: /home/tyler/colcon_ws/install/mycobot_interfaces/include/mycobot_interfaces/mycobot_interfaces/msg/detail/mycobot_set_coords__functions.h
[3.984s] -- Up-to-date symlink: /home/tyler/colcon_ws/install/mycobot_interfaces/include/mycobot_interfaces/mycobot_interfaces/msg/detail/mycobot_set_coords__struct.h
[3.984s] -- Up-to-date symlink: /home/tyler/colcon_ws/install/mycobot_interfaces/include/mycobot_interfaces/mycobot_interfaces/msg/detail/mycobot_set_coords__type_support.h
[3.985s] -- Up-to-date symlink: /home/tyler/colcon_ws/install/mycobot_interfaces/include/mycobot_interfaces/mycobot_interfaces/msg/mycobot_angles.h
[3.985s] -- Up-to-date symlink: /home/tyler/colcon_ws/install/mycobot_interfaces/include/mycobot_interfaces/mycobot_interfaces/msg/mycobot_coords.h
[3.986s] -- Up-to-date symlink: /home/tyler/colcon_ws/install/mycobot_interfaces/include/mycobot_interfaces/mycobot_interfaces/msg/mycobot_gripper_status.h
[3.986s] -- Up-to-date symlink: /home/tyler/colcon_ws/install/mycobot_interfaces/include/mycobot_interfaces/mycobot_interfaces/msg/mycobot_pump_status.h
[3.986s] -- Up-to-date symlink: /home/tyler/colcon_ws/install/mycobot_interfaces/include/mycobot_interfaces/mycobot_interfaces/msg/mycobot_set_angles.h
[3.987s] -- Up-to-date symlink: /home/tyler/colcon_ws/install/mycobot_interfaces/include/mycobot_interfaces/mycobot_interfaces/msg/mycobot_set_coords.h
[3.987s] -- Up-to-date symlink: /home/tyler/colcon_ws/install/mycobot_interfaces/include/mycobot_interfaces/mycobot_interfaces/msg/rosidl_generator_c__visibility_control.h
[3.987s] -- Up-to-date symlink: /home/tyler/colcon_ws/install/mycobot_interfaces/include/mycobot_interfaces/mycobot_interfaces/srv/detail/get_angles__functions.h
[3.987s] -- Up-to-date symlink: /home/tyler/colcon_ws/install/mycobot_interfaces/include/mycobot_interfaces/mycobot_interfaces/srv/detail/get_angles__struct.h
[3.990s] -- Up-to-date symlink: /home/tyler/colcon_ws/install/mycobot_interfaces/include/mycobot_interfaces/mycobot_interfaces/srv/detail/get_angles__type_support.h
[3.992s] -- Up-to-date symlink: /home/tyler/colcon_ws/install/mycobot_interfaces/include/mycobot_interfaces/mycobot_interfaces/srv/detail/get_coords__functions.h
[3.992s] -- Up-to-date symlink: /home/tyler/colcon_ws/install/mycobot_interfaces/include/mycobot_interfaces/mycobot_interfaces/srv/detail/get_coords__struct.h
[3.992s] -- Up-to-date symlink: /home/tyler/colcon_ws/install/mycobot_interfaces/include/mycobot_interfaces/mycobot_interfaces/srv/detail/get_coords__type_support.h
[3.992s] -- Up-to-date symlink: /home/tyler/colcon_ws/install/mycobot_interfaces/include/mycobot_interfaces/mycobot_interfaces/srv/detail/gripper_status__functions.h
[3.992s] -- Up-to-date symlink: /home/tyler/colcon_ws/install/mycobot_interfaces/include/mycobot_interfaces/mycobot_interfaces/srv/detail/gripper_status__struct.h
[3.993s] -- Up-to-date symlink: /home/tyler/colcon_ws/install/mycobot_interfaces/include/mycobot_interfaces/mycobot_interfaces/srv/detail/gripper_status__type_support.h
[3.993s] -- Up-to-date symlink: /home/tyler/colcon_ws/install/mycobot_interfaces/include/mycobot_interfaces/mycobot_interfaces/srv/detail/pump_status__functions.h
[3.993s] -- Up-to-date symlink: /home/tyler/colcon_ws/install/mycobot_interfaces/include/mycobot_interfaces/mycobot_interfaces/srv/detail/pump_status__struct.h
[3.993s] -- Up-to-date symlink: /home/tyler/colcon_ws/install/mycobot_interfaces/include/mycobot_interfaces/mycobot_interfaces/srv/detail/pump_status__type_support.h
[3.993s] -- Up-to-date symlink: /home/tyler/colcon_ws/install/mycobot_interfaces/include/mycobot_interfaces/mycobot_interfaces/srv/detail/set_angles__functions.h
[3.993s] -- Up-to-date symlink: /home/tyler/colcon_ws/install/mycobot_interfaces/include/mycobot_interfaces/mycobot_interfaces/srv/detail/set_angles__struct.h
[3.994s] -- Up-to-date symlink: /home/tyler/colcon_ws/install/mycobot_interfaces/include/mycobot_interfaces/mycobot_interfaces/srv/detail/set_angles__type_support.h
[3.996s] -- Up-to-date symlink: /home/tyler/colcon_ws/install/mycobot_interfaces/include/mycobot_interfaces/mycobot_interfaces/srv/detail/set_coords__functions.h
[3.996s] -- Up-to-date symlink: /home/tyler/colcon_ws/install/mycobot_interfaces/include/mycobot_interfaces/mycobot_interfaces/srv/detail/set_coords__struct.h
[3.996s] -- Up-to-date symlink: /home/tyler/colcon_ws/install/mycobot_interfaces/include/mycobot_interfaces/mycobot_interfaces/srv/detail/set_coords__type_support.h
[3.998s] -- Up-to-date symlink: /home/tyler/colcon_ws/install/mycobot_interfaces/include/mycobot_interfaces/mycobot_interfaces/srv/get_angles.h
[3.998s] -- Up-to-date symlink: /home/tyler/colcon_ws/install/mycobot_interfaces/include/mycobot_interfaces/mycobot_interfaces/srv/get_coords.h
[3.998s] -- Up-to-date symlink: /home/tyler/colcon_ws/install/mycobot_interfaces/include/mycobot_interfaces/mycobot_interfaces/srv/gripper_status.h
[3.999s] -- Up-to-date symlink: /home/tyler/colcon_ws/install/mycobot_interfaces/include/mycobot_interfaces/mycobot_interfaces/srv/pump_status.h
[3.999s] -- Up-to-date symlink: /home/tyler/colcon_ws/install/mycobot_interfaces/include/mycobot_interfaces/mycobot_interfaces/srv/set_angles.h
[3.999s] -- Up-to-date symlink: /home/tyler/colcon_ws/install/mycobot_interfaces/include/mycobot_interfaces/mycobot_interfaces/srv/set_coords.h
[3.999s] -- Up-to-date symlink: /home/tyler/colcon_ws/install/mycobot_interfaces/share/mycobot_interfaces/environment/library_path.sh
[4.000s] -- Up-to-date symlink: /home/tyler/colcon_ws/install/mycobot_interfaces/share/mycobot_interfaces/environment/library_path.dsv
[4.008s] -- Up-to-date symlink: /home/tyler/colcon_ws/install/mycobot_interfaces/include/mycobot_interfaces/mycobot_interfaces/msg/detail/mycobot_angles__rosidl_typesupport_fastrtps_c.h
[4.008s] -- Up-to-date symlink: /home/tyler/colcon_ws/install/mycobot_interfaces/include/mycobot_interfaces/mycobot_interfaces/msg/detail/mycobot_coords__rosidl_typesupport_fastrtps_c.h
[4.009s] -- Up-to-date symlink: /home/tyler/colcon_ws/install/mycobot_interfaces/include/mycobot_interfaces/mycobot_interfaces/msg/detail/mycobot_gripper_status__rosidl_typesupport_fastrtps_c.h
[4.009s] -- Up-to-date symlink: /home/tyler/colcon_ws/install/mycobot_interfaces/include/mycobot_interfaces/mycobot_interfaces/msg/detail/mycobot_pump_status__rosidl_typesupport_fastrtps_c.h
[4.009s] -- Up-to-date symlink: /home/tyler/colcon_ws/install/mycobot_interfaces/include/mycobot_interfaces/mycobot_interfaces/msg/detail/mycobot_set_angles__rosidl_typesupport_fastrtps_c.h
[4.009s] -- Up-to-date symlink: /home/tyler/colcon_ws/install/mycobot_interfaces/include/mycobot_interfaces/mycobot_interfaces/msg/detail/mycobot_set_coords__rosidl_typesupport_fastrtps_c.h
[4.009s] -- Up-to-date symlink: /home/tyler/colcon_ws/install/mycobot_interfaces/include/mycobot_interfaces/mycobot_interfaces/msg/rosidl_typesupport_fastrtps_c__visibility_control.h
[4.009s] -- Up-to-date symlink: /home/tyler/colcon_ws/install/mycobot_interfaces/include/mycobot_interfaces/mycobot_interfaces/srv/detail/get_angles__rosidl_typesupport_fastrtps_c.h
[4.009s] -- Up-to-date symlink: /home/tyler/colcon_ws/install/mycobot_interfaces/include/mycobot_interfaces/mycobot_interfaces/srv/detail/get_coords__rosidl_typesupport_fastrtps_c.h
[4.009s] -- Up-to-date symlink: /home/tyler/colcon_ws/install/mycobot_interfaces/include/mycobot_interfaces/mycobot_interfaces/srv/detail/gripper_status__rosidl_typesupport_fastrtps_c.h
[4.009s] -- Up-to-date symlink: /home/tyler/colcon_ws/install/mycobot_interfaces/include/mycobot_interfaces/mycobot_interfaces/srv/detail/pump_status__rosidl_typesupport_fastrtps_c.h
[4.009s] -- Up-to-date symlink: /home/tyler/colcon_ws/install/mycobot_interfaces/include/mycobot_interfaces/mycobot_interfaces/srv/detail/set_angles__rosidl_typesupport_fastrtps_c.h
[4.009s] -- Up-to-date symlink: /home/tyler/colcon_ws/install/mycobot_interfaces/include/mycobot_interfaces/mycobot_interfaces/srv/detail/set_coords__rosidl_typesupport_fastrtps_c.h
[4.010s] -- Up-to-date symlink: /home/tyler/colcon_ws/install/mycobot_interfaces/include/mycobot_interfaces/mycobot_interfaces/msg/detail/mycobot_angles__rosidl_typesupport_introspection_c.h
[4.010s] -- Up-to-date symlink: /home/tyler/colcon_ws/install/mycobot_interfaces/include/mycobot_interfaces/mycobot_interfaces/msg/detail/mycobot_coords__rosidl_typesupport_introspection_c.h
[4.010s] -- Up-to-date symlink: /home/tyler/colcon_ws/install/mycobot_interfaces/include/mycobot_interfaces/mycobot_interfaces/msg/detail/mycobot_gripper_status__rosidl_typesupport_introspection_c.h
[4.010s] -- Up-to-date symlink: /home/tyler/colcon_ws/install/mycobot_interfaces/include/mycobot_interfaces/mycobot_interfaces/msg/detail/mycobot_pump_status__rosidl_typesupport_introspection_c.h
[4.010s] -- Up-to-date symlink: /home/tyler/colcon_ws/install/mycobot_interfaces/include/mycobot_interfaces/mycobot_interfaces/msg/detail/mycobot_set_angles__rosidl_typesupport_introspection_c.h
[4.010s] -- Up-to-date symlink: /home/tyler/colcon_ws/install/mycobot_interfaces/include/mycobot_interfaces/mycobot_interfaces/msg/detail/mycobot_set_coords__rosidl_typesupport_introspection_c.h
[4.010s] -- Up-to-date symlink: /home/tyler/colcon_ws/install/mycobot_interfaces/include/mycobot_interfaces/mycobot_interfaces/msg/rosidl_typesupport_introspection_c__visibility_control.h
[4.010s] -- Up-to-date symlink: /home/tyler/colcon_ws/install/mycobot_interfaces/include/mycobot_interfaces/mycobot_interfaces/srv/detail/get_angles__rosidl_typesupport_introspection_c.h
[4.011s] -- Up-to-date symlink: /home/tyler/colcon_ws/install/mycobot_interfaces/include/mycobot_interfaces/mycobot_interfaces/srv/detail/get_coords__rosidl_typesupport_introspection_c.h
[4.011s] -- Up-to-date symlink: /home/tyler/colcon_ws/install/mycobot_interfaces/include/mycobot_interfaces/mycobot_interfaces/srv/detail/gripper_status__rosidl_typesupport_introspection_c.h
[4.011s] -- Up-to-date symlink: /home/tyler/colcon_ws/install/mycobot_interfaces/include/mycobot_interfaces/mycobot_interfaces/srv/detail/pump_status__rosidl_typesupport_introspection_c.h
[4.011s] -- Up-to-date symlink: /home/tyler/colcon_ws/install/mycobot_interfaces/include/mycobot_interfaces/mycobot_interfaces/srv/detail/set_angles__rosidl_typesupport_introspection_c.h
[4.011s] -- Up-to-date symlink: /home/tyler/colcon_ws/install/mycobot_interfaces/include/mycobot_interfaces/mycobot_interfaces/srv/detail/set_coords__rosidl_typesupport_introspection_c.h
[4.012s] -- Up-to-date symlink: /home/tyler/colcon_ws/install/mycobot_interfaces/include/mycobot_interfaces/mycobot_interfaces/msg/detail/mycobot_angles__builder.hpp
[4.012s] -- Up-to-date symlink: /home/tyler/colcon_ws/install/mycobot_interfaces/include/mycobot_interfaces/mycobot_interfaces/msg/detail/mycobot_angles__struct.hpp
[4.012s] -- Up-to-date symlink: /home/tyler/colcon_ws/install/mycobot_interfaces/include/mycobot_interfaces/mycobot_interfaces/msg/detail/mycobot_angles__traits.hpp
[4.012s] -- Up-to-date symlink: /home/tyler/colcon_ws/install/mycobot_interfaces/include/mycobot_interfaces/mycobot_interfaces/msg/detail/mycobot_coords__builder.hpp
[4.012s] -- Up-to-date symlink: /home/tyler/colcon_ws/install/mycobot_interfaces/include/mycobot_interfaces/mycobot_interfaces/msg/detail/mycobot_coords__struct.hpp
[4.013s] -- Up-to-date symlink: /home/tyler/colcon_ws/install/mycobot_interfaces/include/mycobot_interfaces/mycobot_interfaces/msg/detail/mycobot_coords__traits.hpp
[4.014s] -- Up-to-date symlink: /home/tyler/colcon_ws/install/mycobot_interfaces/include/mycobot_interfaces/mycobot_interfaces/msg/detail/mycobot_gripper_status__builder.hpp
[4.014s] -- Up-to-date symlink: /home/tyler/colcon_ws/install/mycobot_interfaces/include/mycobot_interfaces/mycobot_interfaces/msg/detail/mycobot_gripper_status__struct.hpp
[4.015s] -- Up-to-date symlink: /home/tyler/colcon_ws/install/mycobot_interfaces/include/mycobot_interfaces/mycobot_interfaces/msg/detail/mycobot_gripper_status__traits.hpp
[4.015s] -- Up-to-date symlink: /home/tyler/colcon_ws/install/mycobot_interfaces/include/mycobot_interfaces/mycobot_interfaces/msg/detail/mycobot_pump_status__builder.hpp
[4.015s] -- Up-to-date symlink: /home/tyler/colcon_ws/install/mycobot_interfaces/include/mycobot_interfaces/mycobot_interfaces/msg/detail/mycobot_pump_status__struct.hpp
[4.015s] -- Up-to-date symlink: /home/tyler/colcon_ws/install/mycobot_interfaces/include/mycobot_interfaces/mycobot_interfaces/msg/detail/mycobot_pump_status__traits.hpp
[4.015s] -- Up-to-date symlink: /home/tyler/colcon_ws/install/mycobot_interfaces/include/mycobot_interfaces/mycobot_interfaces/msg/detail/mycobot_set_angles__builder.hpp
[4.016s] -- Up-to-date symlink: /home/tyler/colcon_ws/install/mycobot_interfaces/include/mycobot_interfaces/mycobot_interfaces/msg/detail/mycobot_set_angles__struct.hpp
[4.016s] -- Up-to-date symlink: /home/tyler/colcon_ws/install/mycobot_interfaces/include/mycobot_interfaces/mycobot_interfaces/msg/detail/mycobot_set_angles__traits.hpp
[4.016s] -- Up-to-date symlink: /home/tyler/colcon_ws/install/mycobot_interfaces/include/mycobot_interfaces/mycobot_interfaces/msg/detail/mycobot_set_coords__builder.hpp
[4.016s] -- Up-to-date symlink: /home/tyler/colcon_ws/install/mycobot_interfaces/include/mycobot_interfaces/mycobot_interfaces/msg/detail/mycobot_set_coords__struct.hpp
[4.016s] -- Up-to-date symlink: /home/tyler/colcon_ws/install/mycobot_interfaces/include/mycobot_interfaces/mycobot_interfaces/msg/detail/mycobot_set_coords__traits.hpp
[4.017s] -- Up-to-date symlink: /home/tyler/colcon_ws/install/mycobot_interfaces/include/mycobot_interfaces/mycobot_interfaces/msg/mycobot_angles.hpp
[4.017s] -- Up-to-date symlink: /home/tyler/colcon_ws/install/mycobot_interfaces/include/mycobot_interfaces/mycobot_interfaces/msg/mycobot_coords.hpp
[4.017s] -- Up-to-date symlink: /home/tyler/colcon_ws/install/mycobot_interfaces/include/mycobot_interfaces/mycobot_interfaces/msg/mycobot_gripper_status.hpp
[4.017s] -- Up-to-date symlink: /home/tyler/colcon_ws/install/mycobot_interfaces/include/mycobot_interfaces/mycobot_interfaces/msg/mycobot_pump_status.hpp
[4.017s] -- Up-to-date symlink: /home/tyler/colcon_ws/install/mycobot_interfaces/include/mycobot_interfaces/mycobot_interfaces/msg/mycobot_set_angles.hpp
[4.017s] -- Up-to-date symlink: /home/tyler/colcon_ws/install/mycobot_interfaces/include/mycobot_interfaces/mycobot_interfaces/msg/mycobot_set_coords.hpp
[4.017s] -- Up-to-date symlink: /home/tyler/colcon_ws/install/mycobot_interfaces/include/mycobot_interfaces/mycobot_interfaces/srv/detail/get_angles__builder.hpp
[4.017s] -- Up-to-date symlink: /home/tyler/colcon_ws/install/mycobot_interfaces/include/mycobot_interfaces/mycobot_interfaces/srv/detail/get_angles__struct.hpp
[4.017s] -- Up-to-date symlink: /home/tyler/colcon_ws/install/mycobot_interfaces/include/mycobot_interfaces/mycobot_interfaces/srv/detail/get_angles__traits.hpp
[4.017s] -- Up-to-date symlink: /home/tyler/colcon_ws/install/mycobot_interfaces/include/mycobot_interfaces/mycobot_interfaces/srv/detail/get_coords__builder.hpp
[4.017s] -- Up-to-date symlink: /home/tyler/colcon_ws/install/mycobot_interfaces/include/mycobot_interfaces/mycobot_interfaces/srv/detail/get_coords__struct.hpp
[4.017s] -- Up-to-date symlink: /home/tyler/colcon_ws/install/mycobot_interfaces/include/mycobot_interfaces/mycobot_interfaces/srv/detail/get_coords__traits.hpp
[4.020s] -- Up-to-date symlink: /home/tyler/colcon_ws/install/mycobot_interfaces/include/mycobot_interfaces/mycobot_interfaces/srv/detail/gripper_status__builder.hpp
[4.020s] -- Up-to-date symlink: /home/tyler/colcon_ws/install/mycobot_interfaces/include/mycobot_interfaces/mycobot_interfaces/srv/detail/gripper_status__struct.hpp
[4.020s] -- Up-to-date symlink: /home/tyler/colcon_ws/install/mycobot_interfaces/include/mycobot_interfaces/mycobot_interfaces/srv/detail/gripper_status__traits.hpp
[4.020s] -- Up-to-date symlink: /home/tyler/colcon_ws/install/mycobot_interfaces/include/mycobot_interfaces/mycobot_interfaces/srv/detail/pump_status__builder.hpp
[4.020s] -- Up-to-date symlink: /home/tyler/colcon_ws/install/mycobot_interfaces/include/mycobot_interfaces/mycobot_interfaces/srv/detail/pump_status__struct.hpp
[4.021s] -- Up-to-date symlink: /home/tyler/colcon_ws/install/mycobot_interfaces/include/mycobot_interfaces/mycobot_interfaces/srv/detail/pump_status__traits.hpp
[4.021s] -- Up-to-date symlink: /home/tyler/colcon_ws/install/mycobot_interfaces/include/mycobot_interfaces/mycobot_interfaces/srv/detail/set_angles__builder.hpp
[4.021s] -- Up-to-date symlink: /home/tyler/colcon_ws/install/mycobot_interfaces/include/mycobot_interfaces/mycobot_interfaces/srv/detail/set_angles__struct.hpp
[4.021s] -- Up-to-date symlink: /home/tyler/colcon_ws/install/mycobot_interfaces/include/mycobot_interfaces/mycobot_interfaces/srv/detail/set_angles__traits.hpp
[4.021s] -- Up-to-date symlink: /home/tyler/colcon_ws/install/mycobot_interfaces/include/mycobot_interfaces/mycobot_interfaces/srv/detail/set_coords__builder.hpp
[4.022s] -- Up-to-date symlink: /home/tyler/colcon_ws/install/mycobot_interfaces/include/mycobot_interfaces/mycobot_interfaces/srv/detail/set_coords__struct.hpp
[4.022s] -- Up-to-date symlink: /home/tyler/colcon_ws/install/mycobot_interfaces/include/mycobot_interfaces/mycobot_interfaces/srv/detail/set_coords__traits.hpp
[4.022s] -- Up-to-date symlink: /home/tyler/colcon_ws/install/mycobot_interfaces/include/mycobot_interfaces/mycobot_interfaces/srv/get_angles.hpp
[4.022s] -- Up-to-date symlink: /home/tyler/colcon_ws/install/mycobot_interfaces/include/mycobot_interfaces/mycobot_interfaces/srv/get_coords.hpp
[4.022s] -- Up-to-date symlink: /home/tyler/colcon_ws/install/mycobot_interfaces/include/mycobot_interfaces/mycobot_interfaces/srv/gripper_status.hpp
[4.022s] -- Up-to-date symlink: /home/tyler/colcon_ws/install/mycobot_interfaces/include/mycobot_interfaces/mycobot_interfaces/srv/pump_status.hpp
[4.023s] -- Up-to-date symlink: /home/tyler/colcon_ws/install/mycobot_interfaces/include/mycobot_interfaces/mycobot_interfaces/srv/set_angles.hpp
[4.023s] -- Up-to-date symlink: /home/tyler/colcon_ws/install/mycobot_interfaces/include/mycobot_interfaces/mycobot_interfaces/srv/set_coords.hpp
[4.023s] -- Up-to-date symlink: /home/tyler/colcon_ws/install/mycobot_interfaces/include/mycobot_interfaces/mycobot_interfaces/msg/detail/mycobot_angles__rosidl_typesupport_fastrtps_cpp.hpp
[4.023s] -- Up-to-date symlink: /home/tyler/colcon_ws/install/mycobot_interfaces/include/mycobot_interfaces/mycobot_interfaces/msg/detail/mycobot_coords__rosidl_typesupport_fastrtps_cpp.hpp
[4.023s] -- Up-to-date symlink: /home/tyler/colcon_ws/install/mycobot_interfaces/include/mycobot_interfaces/mycobot_interfaces/msg/detail/mycobot_gripper_status__rosidl_typesupport_fastrtps_cpp.hpp
[4.024s] -- Up-to-date symlink: /home/tyler/colcon_ws/install/mycobot_interfaces/include/mycobot_interfaces/mycobot_interfaces/msg/detail/mycobot_pump_status__rosidl_typesupport_fastrtps_cpp.hpp
[4.024s] -- Up-to-date symlink: /home/tyler/colcon_ws/install/mycobot_interfaces/include/mycobot_interfaces/mycobot_interfaces/msg/detail/mycobot_set_angles__rosidl_typesupport_fastrtps_cpp.hpp
[4.024s] -- Up-to-date symlink: /home/tyler/colcon_ws/install/mycobot_interfaces/include/mycobot_interfaces/mycobot_interfaces/msg/detail/mycobot_set_coords__rosidl_typesupport_fastrtps_cpp.hpp
[4.024s] -- Up-to-date symlink: /home/tyler/colcon_ws/install/mycobot_interfaces/include/mycobot_interfaces/mycobot_interfaces/msg/rosidl_typesupport_fastrtps_cpp__visibility_control.h
[4.024s] -- Up-to-date symlink: /home/tyler/colcon_ws/install/mycobot_interfaces/include/mycobot_interfaces/mycobot_interfaces/srv/detail/get_angles__rosidl_typesupport_fastrtps_cpp.hpp
[4.024s] -- Up-to-date symlink: /home/tyler/colcon_ws/install/mycobot_interfaces/include/mycobot_interfaces/mycobot_interfaces/srv/detail/get_coords__rosidl_typesupport_fastrtps_cpp.hpp
[4.025s] -- Up-to-date symlink: /home/tyler/colcon_ws/install/mycobot_interfaces/include/mycobot_interfaces/mycobot_interfaces/srv/detail/gripper_status__rosidl_typesupport_fastrtps_cpp.hpp
[4.025s] -- Up-to-date symlink: /home/tyler/colcon_ws/install/mycobot_interfaces/include/mycobot_interfaces/mycobot_interfaces/srv/detail/pump_status__rosidl_typesupport_fastrtps_cpp.hpp
[4.025s] -- Up-to-date symlink: /home/tyler/colcon_ws/install/mycobot_interfaces/include/mycobot_interfaces/mycobot_interfaces/srv/detail/set_angles__rosidl_typesupport_fastrtps_cpp.hpp
[4.025s] -- Up-to-date symlink: /home/tyler/colcon_ws/install/mycobot_interfaces/include/mycobot_interfaces/mycobot_interfaces/srv/detail/set_coords__rosidl_typesupport_fastrtps_cpp.hpp
[4.025s] -- Up-to-date symlink: /home/tyler/colcon_ws/install/mycobot_interfaces/include/mycobot_interfaces/mycobot_interfaces/msg/detail/mycobot_angles__rosidl_typesupport_introspection_cpp.hpp
[4.025s] -- Up-to-date symlink: /home/tyler/colcon_ws/install/mycobot_interfaces/include/mycobot_interfaces/mycobot_interfaces/msg/detail/mycobot_coords__rosidl_typesupport_introspection_cpp.hpp
[4.026s] -- Up-to-date symlink: /home/tyler/colcon_ws/install/mycobot_interfaces/include/mycobot_interfaces/mycobot_interfaces/msg/detail/mycobot_gripper_status__rosidl_typesupport_introspection_cpp.hpp
[4.026s] -- Up-to-date symlink: /home/tyler/colcon_ws/install/mycobot_interfaces/include/mycobot_interfaces/mycobot_interfaces/msg/detail/mycobot_pump_status__rosidl_typesupport_introspection_cpp.hpp
[4.026s] -- Up-to-date symlink: /home/tyler/colcon_ws/install/mycobot_interfaces/include/mycobot_interfaces/mycobot_interfaces/msg/detail/mycobot_set_angles__rosidl_typesupport_introspection_cpp.hpp
[4.026s] -- Up-to-date symlink: /home/tyler/colcon_ws/install/mycobot_interfaces/include/mycobot_interfaces/mycobot_interfaces/msg/detail/mycobot_set_coords__rosidl_typesupport_introspection_cpp.hpp
[4.026s] -- Up-to-date symlink: /home/tyler/colcon_ws/install/mycobot_interfaces/include/mycobot_interfaces/mycobot_interfaces/srv/detail/get_angles__rosidl_typesupport_introspection_cpp.hpp
[4.026s] -- Up-to-date symlink: /home/tyler/colcon_ws/install/mycobot_interfaces/include/mycobot_interfaces/mycobot_interfaces/srv/detail/get_coords__rosidl_typesupport_introspection_cpp.hpp
[4.026s] -- Up-to-date symlink: /home/tyler/colcon_ws/install/mycobot_interfaces/include/mycobot_interfaces/mycobot_interfaces/srv/detail/gripper_status__rosidl_typesupport_introspection_cpp.hpp
[4.027s] -- Up-to-date symlink: /home/tyler/colcon_ws/install/mycobot_interfaces/include/mycobot_interfaces/mycobot_interfaces/srv/detail/pump_status__rosidl_typesupport_introspection_cpp.hpp
[4.027s] -- Up-to-date symlink: /home/tyler/colcon_ws/install/mycobot_interfaces/include/mycobot_interfaces/mycobot_interfaces/srv/detail/set_angles__rosidl_typesupport_introspection_cpp.hpp
[4.027s] -- Up-to-date symlink: /home/tyler/colcon_ws/install/mycobot_interfaces/include/mycobot_interfaces/mycobot_interfaces/srv/detail/set_coords__rosidl_typesupport_introspection_cpp.hpp
[4.027s] -- Up-to-date symlink: /home/tyler/colcon_ws/install/mycobot_interfaces/share/mycobot_interfaces/environment/pythonpath.sh
[4.028s] -- Up-to-date symlink: /home/tyler/colcon_ws/install/mycobot_interfaces/share/mycobot_interfaces/environment/pythonpath.dsv
[4.028s] -- Up-to-date symlink: /home/tyler/colcon_ws/install/mycobot_interfaces/local/lib/python3.10/dist-packages/mycobot_interfaces-0.0.0-py3.10.egg-info/PKG-INFO
[4.028s] -- Up-to-date symlink: /home/tyler/colcon_ws/install/mycobot_interfaces/local/lib/python3.10/dist-packages/mycobot_interfaces-0.0.0-py3.10.egg-info/SOURCES.txt
[4.028s] -- Up-to-date symlink: /home/tyler/colcon_ws/install/mycobot_interfaces/local/lib/python3.10/dist-packages/mycobot_interfaces-0.0.0-py3.10.egg-info/dependency_links.txt
[4.028s] -- Up-to-date symlink: /home/tyler/colcon_ws/install/mycobot_interfaces/local/lib/python3.10/dist-packages/mycobot_interfaces-0.0.0-py3.10.egg-info/top_level.txt
[4.029s] -- Up-to-date symlink: /home/tyler/colcon_ws/install/mycobot_interfaces/local/lib/python3.10/dist-packages/mycobot_interfaces/__init__.py
[4.029s] -- Up-to-date symlink: /home/tyler/colcon_ws/install/mycobot_interfaces/local/lib/python3.10/dist-packages/mycobot_interfaces/_mycobot_interfaces_s.ep.rosidl_typesupport_c.c
[4.029s] -- Up-to-date symlink: /home/tyler/colcon_ws/install/mycobot_interfaces/local/lib/python3.10/dist-packages/mycobot_interfaces/_mycobot_interfaces_s.ep.rosidl_typesupport_fastrtps_c.c
[4.030s] -- Up-to-date symlink: /home/tyler/colcon_ws/install/mycobot_interfaces/local/lib/python3.10/dist-packages/mycobot_interfaces/_mycobot_interfaces_s.ep.rosidl_typesupport_introspection_c.c
[4.030s] -- Up-to-date symlink: /home/tyler/colcon_ws/install/mycobot_interfaces/local/lib/python3.10/dist-packages/mycobot_interfaces/libmycobot_interfaces__rosidl_generator_py.so
[4.030s] -- Up-to-date symlink: /home/tyler/colcon_ws/install/mycobot_interfaces/local/lib/python3.10/dist-packages/mycobot_interfaces/msg/__init__.py
[4.030s] -- Up-to-date symlink: /home/tyler/colcon_ws/install/mycobot_interfaces/local/lib/python3.10/dist-packages/mycobot_interfaces/msg/_mycobot_angles.py
[4.030s] -- Up-to-date symlink: /home/tyler/colcon_ws/install/mycobot_interfaces/local/lib/python3.10/dist-packages/mycobot_interfaces/msg/_mycobot_angles_s.c
[4.030s] -- Up-to-date symlink: /home/tyler/colcon_ws/install/mycobot_interfaces/local/lib/python3.10/dist-packages/mycobot_interfaces/msg/_mycobot_coords.py
[4.030s] -- Up-to-date symlink: /home/tyler/colcon_ws/install/mycobot_interfaces/local/lib/python3.10/dist-packages/mycobot_interfaces/msg/_mycobot_coords_s.c
[4.030s] -- Up-to-date symlink: /home/tyler/colcon_ws/install/mycobot_interfaces/local/lib/python3.10/dist-packages/mycobot_interfaces/msg/_mycobot_gripper_status.py
[4.030s] -- Up-to-date symlink: /home/tyler/colcon_ws/install/mycobot_interfaces/local/lib/python3.10/dist-packages/mycobot_interfaces/msg/_mycobot_gripper_status_s.c
[4.030s] -- Up-to-date symlink: /home/tyler/colcon_ws/install/mycobot_interfaces/local/lib/python3.10/dist-packages/mycobot_interfaces/msg/_mycobot_pump_status.py
[4.030s] -- Up-to-date symlink: /home/tyler/colcon_ws/install/mycobot_interfaces/local/lib/python3.10/dist-packages/mycobot_interfaces/msg/_mycobot_pump_status_s.c
[4.030s] -- Up-to-date symlink: /home/tyler/colcon_ws/install/mycobot_interfaces/local/lib/python3.10/dist-packages/mycobot_interfaces/msg/_mycobot_set_angles.py
[4.030s] -- Up-to-date symlink: /home/tyler/colcon_ws/install/mycobot_interfaces/local/lib/python3.10/dist-packages/mycobot_interfaces/msg/_mycobot_set_angles_s.c
[4.031s] -- Up-to-date symlink: /home/tyler/colcon_ws/install/mycobot_interfaces/local/lib/python3.10/dist-packages/mycobot_interfaces/msg/_mycobot_set_coords.py
[4.031s] -- Up-to-date symlink: /home/tyler/colcon_ws/install/mycobot_interfaces/local/lib/python3.10/dist-packages/mycobot_interfaces/msg/_mycobot_set_coords_s.c
[4.031s] -- Up-to-date symlink: /home/tyler/colcon_ws/install/mycobot_interfaces/local/lib/python3.10/dist-packages/mycobot_interfaces/mycobot_interfaces_s__rosidl_typesupport_c.cpython-310-x86_64-linux-gnu.so
[4.031s] -- Up-to-date symlink: /home/tyler/colcon_ws/install/mycobot_interfaces/local/lib/python3.10/dist-packages/mycobot_interfaces/mycobot_interfaces_s__rosidl_typesupport_fastrtps_c.cpython-310-x86_64-linux-gnu.so
[4.031s] -- Up-to-date symlink: /home/tyler/colcon_ws/install/mycobot_interfaces/local/lib/python3.10/dist-packages/mycobot_interfaces/mycobot_interfaces_s__rosidl_typesupport_introspection_c.cpython-310-x86_64-linux-gnu.so
[4.031s] -- Up-to-date symlink: /home/tyler/colcon_ws/install/mycobot_interfaces/local/lib/python3.10/dist-packages/mycobot_interfaces/srv/__init__.py
[4.031s] -- Up-to-date symlink: /home/tyler/colcon_ws/install/mycobot_interfaces/local/lib/python3.10/dist-packages/mycobot_interfaces/srv/_get_angles.py
[4.031s] -- Up-to-date symlink: /home/tyler/colcon_ws/install/mycobot_interfaces/local/lib/python3.10/dist-packages/mycobot_interfaces/srv/_get_angles_s.c
[4.031s] -- Up-to-date symlink: /home/tyler/colcon_ws/install/mycobot_interfaces/local/lib/python3.10/dist-packages/mycobot_interfaces/srv/_get_coords.py
[4.031s] -- Up-to-date symlink: /home/tyler/colcon_ws/install/mycobot_interfaces/local/lib/python3.10/dist-packages/mycobot_interfaces/srv/_get_coords_s.c
[4.031s] -- Up-to-date symlink: /home/tyler/colcon_ws/install/mycobot_interfaces/local/lib/python3.10/dist-packages/mycobot_interfaces/srv/_gripper_status.py
[4.031s] -- Up-to-date symlink: /home/tyler/colcon_ws/install/mycobot_interfaces/local/lib/python3.10/dist-packages/mycobot_interfaces/srv/_gripper_status_s.c
[4.031s] -- Up-to-date symlink: /home/tyler/colcon_ws/install/mycobot_interfaces/local/lib/python3.10/dist-packages/mycobot_interfaces/srv/_pump_status.py
[4.032s] -- Up-to-date symlink: /home/tyler/colcon_ws/install/mycobot_interfaces/local/lib/python3.10/dist-packages/mycobot_interfaces/srv/_pump_status_s.c
[4.032s] -- Up-to-date symlink: /home/tyler/colcon_ws/install/mycobot_interfaces/local/lib/python3.10/dist-packages/mycobot_interfaces/srv/_set_angles.py
[4.032s] -- Up-to-date symlink: /home/tyler/colcon_ws/install/mycobot_interfaces/local/lib/python3.10/dist-packages/mycobot_interfaces/srv/_set_angles_s.c
[4.032s] -- Up-to-date symlink: /home/tyler/colcon_ws/install/mycobot_interfaces/local/lib/python3.10/dist-packages/mycobot_interfaces/srv/_set_coords.py
[4.032s] -- Up-to-date symlink: /home/tyler/colcon_ws/install/mycobot_interfaces/local/lib/python3.10/dist-packages/mycobot_interfaces/srv/_set_coords_s.c
[4.032s] -- Up-to-date symlink: /home/tyler/colcon_ws/install/mycobot_interfaces/local/lib/python3.10/dist-packages/mycobot_interfaces/mycobot_interfaces_s__rosidl_typesupport_fastrtps_c.cpython-310-x86_64-linux-gnu.so
[4.032s] -- Up-to-date symlink: /home/tyler/colcon_ws/install/mycobot_interfaces/local/lib/python3.10/dist-packages/mycobot_interfaces/mycobot_interfaces_s__rosidl_typesupport_introspection_c.cpython-310-x86_64-linux-gnu.so
[4.032s] -- Up-to-date symlink: /home/tyler/colcon_ws/install/mycobot_interfaces/local/lib/python3.10/dist-packages/mycobot_interfaces/mycobot_interfaces_s__rosidl_typesupport_c.cpython-310-x86_64-linux-gnu.so
[4.032s] -- Up-to-date symlink: /home/tyler/colcon_ws/install/mycobot_interfaces/share/mycobot_interfaces/msg/MycobotAngles.idl
[4.032s] -- Up-to-date symlink: /home/tyler/colcon_ws/install/mycobot_interfaces/share/mycobot_interfaces/msg/MycobotCoords.idl
[4.032s] -- Up-to-date symlink: /home/tyler/colcon_ws/install/mycobot_interfaces/share/mycobot_interfaces/msg/MycobotSetAngles.idl
[4.032s] -- Up-to-date symlink: /home/tyler/colcon_ws/install/mycobot_interfaces/share/mycobot_interfaces/msg/MycobotSetCoords.idl
[4.033s] -- Up-to-date symlink: /home/tyler/colcon_ws/install/mycobot_interfaces/share/mycobot_interfaces/msg/MycobotGripperStatus.idl
[4.033s] -- Up-to-date symlink: /home/tyler/colcon_ws/install/mycobot_interfaces/share/mycobot_interfaces/msg/MycobotPumpStatus.idl
[4.033s] -- Up-to-date symlink: /home/tyler/colcon_ws/install/mycobot_interfaces/share/mycobot_interfaces/srv/GetAngles.idl
[4.034s] -- Up-to-date symlink: /home/tyler/colcon_ws/install/mycobot_interfaces/share/mycobot_interfaces/srv/SetAngles.idl
[4.034s] -- Up-to-date symlink: /home/tyler/colcon_ws/install/mycobot_interfaces/share/mycobot_interfaces/srv/GetCoords.idl
[4.034s] -- Up-to-date symlink: /home/tyler/colcon_ws/install/mycobot_interfaces/share/mycobot_interfaces/srv/SetCoords.idl
[4.034s] -- Up-to-date symlink: /home/tyler/colcon_ws/install/mycobot_interfaces/share/mycobot_interfaces/srv/GripperStatus.idl
[4.034s] -- Up-to-date symlink: /home/tyler/colcon_ws/install/mycobot_interfaces/share/mycobot_interfaces/srv/PumpStatus.idl
[4.034s] -- Up-to-date symlink: /home/tyler/colcon_ws/install/mycobot_interfaces/share/mycobot_interfaces/msg/MycobotAngles.msg
[4.034s] -- Up-to-date symlink: /home/tyler/colcon_ws/install/mycobot_interfaces/share/mycobot_interfaces/msg/MycobotCoords.msg
[4.034s] -- Up-to-date symlink: /home/tyler/colcon_ws/install/mycobot_interfaces/share/mycobot_interfaces/msg/MycobotSetAngles.msg
[4.034s] -- Up-to-date symlink: /home/tyler/colcon_ws/install/mycobot_interfaces/share/mycobot_interfaces/msg/MycobotSetCoords.msg
[4.034s] -- Up-to-date symlink: /home/tyler/colcon_ws/install/mycobot_interfaces/share/mycobot_interfaces/msg/MycobotGripperStatus.msg
[4.034s] -- Up-to-date symlink: /home/tyler/colcon_ws/install/mycobot_interfaces/share/mycobot_interfaces/msg/MycobotPumpStatus.msg
[4.034s] -- Up-to-date symlink: /home/tyler/colcon_ws/install/mycobot_interfaces/share/mycobot_interfaces/srv/GetAngles.srv
[4.035s] -- Up-to-date symlink: /home/tyler/colcon_ws/install/mycobot_interfaces/share/mycobot_interfaces/srv/GetAngles_Request.msg
[4.035s] -- Up-to-date symlink: /home/tyler/colcon_ws/install/mycobot_interfaces/share/mycobot_interfaces/srv/GetAngles_Response.msg
[4.035s] -- Up-to-date symlink: /home/tyler/colcon_ws/install/mycobot_interfaces/share/mycobot_interfaces/srv/SetAngles.srv
[4.035s] -- Up-to-date symlink: /home/tyler/colcon_ws/install/mycobot_interfaces/share/mycobot_interfaces/srv/SetAngles_Request.msg
[4.035s] -- Up-to-date symlink: /home/tyler/colcon_ws/install/mycobot_interfaces/share/mycobot_interfaces/srv/SetAngles_Response.msg
[4.035s] -- Up-to-date symlink: /home/tyler/colcon_ws/install/mycobot_interfaces/share/mycobot_interfaces/srv/GetCoords.srv
[4.035s] -- Up-to-date symlink: /home/tyler/colcon_ws/install/mycobot_interfaces/share/mycobot_interfaces/srv/GetCoords_Request.msg
[4.035s] -- Up-to-date symlink: /home/tyler/colcon_ws/install/mycobot_interfaces/share/mycobot_interfaces/srv/GetCoords_Response.msg
[4.035s] -- Up-to-date symlink: /home/tyler/colcon_ws/install/mycobot_interfaces/share/mycobot_interfaces/srv/SetCoords.srv
[4.035s] -- Up-to-date symlink: /home/tyler/colcon_ws/install/mycobot_interfaces/share/mycobot_interfaces/srv/SetCoords_Request.msg
[4.036s] -- Up-to-date symlink: /home/tyler/colcon_ws/install/mycobot_interfaces/share/mycobot_interfaces/srv/SetCoords_Response.msg
[4.036s] -- Up-to-date symlink: /home/tyler/colcon_ws/install/mycobot_interfaces/share/mycobot_interfaces/srv/GripperStatus.srv
[4.036s] -- Up-to-date symlink: /home/tyler/colcon_ws/install/mycobot_interfaces/share/mycobot_interfaces/srv/GripperStatus_Request.msg
[4.036s] -- Up-to-date symlink: /home/tyler/colcon_ws/install/mycobot_interfaces/share/mycobot_interfaces/srv/GripperStatus_Response.msg
[4.036s] -- Up-to-date symlink: /home/tyler/colcon_ws/install/mycobot_interfaces/share/mycobot_interfaces/srv/PumpStatus.srv
[4.036s] -- Up-to-date symlink: /home/tyler/colcon_ws/install/mycobot_interfaces/share/mycobot_interfaces/srv/PumpStatus_Request.msg
[4.036s] -- Up-to-date symlink: /home/tyler/colcon_ws/install/mycobot_interfaces/share/mycobot_interfaces/srv/PumpStatus_Response.msg
[4.036s] -- Up-to-date symlink: /home/tyler/colcon_ws/install/mycobot_interfaces/share/ament_index/resource_index/package_run_dependencies/mycobot_interfaces
[4.036s] -- Up-to-date symlink: /home/tyler/colcon_ws/install/mycobot_interfaces/share/ament_index/resource_index/parent_prefix_path/mycobot_interfaces
[4.036s] -- Up-to-date symlink: /home/tyler/colcon_ws/install/mycobot_interfaces/share/mycobot_interfaces/environment/ament_prefix_path.sh
[4.036s] -- Up-to-date symlink: /home/tyler/colcon_ws/install/mycobot_interfaces/share/mycobot_interfaces/environment/ament_prefix_path.dsv
[4.037s] -- Up-to-date symlink: /home/tyler/colcon_ws/install/mycobot_interfaces/share/mycobot_interfaces/environment/path.sh
[4.037s] -- Up-to-date symlink: /home/tyler/colcon_ws/install/mycobot_interfaces/share/mycobot_interfaces/environment/path.dsv
[4.037s] -- Up-to-date symlink: /home/tyler/colcon_ws/install/mycobot_interfaces/share/mycobot_interfaces/local_setup.bash
[4.037s] -- Up-to-date symlink: /home/tyler/colcon_ws/install/mycobot_interfaces/share/mycobot_interfaces/local_setup.sh
[4.037s] -- Up-to-date symlink: /home/tyler/colcon_ws/install/mycobot_interfaces/share/mycobot_interfaces/local_setup.zsh
[4.037s] -- Up-to-date symlink: /home/tyler/colcon_ws/install/mycobot_interfaces/share/mycobot_interfaces/local_setup.dsv
[4.037s] -- Symlinking: /home/tyler/colcon_ws/install/mycobot_interfaces/share/mycobot_interfaces/package.dsv
[4.038s] -- Up-to-date symlink: /home/tyler/colcon_ws/install/mycobot_interfaces/share/ament_index/resource_index/packages/mycobot_interfaces
[4.038s] -- Up-to-date symlink: /home/tyler/colcon_ws/install/mycobot_interfaces/share/mycobot_interfaces/cmake/rosidl_cmake-extras.cmake
[4.039s] -- Up-to-date symlink: /home/tyler/colcon_ws/install/mycobot_interfaces/share/mycobot_interfaces/cmake/ament_cmake_export_dependencies-extras.cmake
[4.039s] -- Up-to-date symlink: /home/tyler/colcon_ws/install/mycobot_interfaces/share/mycobot_interfaces/cmake/ament_cmake_export_include_directories-extras.cmake
[4.039s] -- Up-to-date symlink: /home/tyler/colcon_ws/install/mycobot_interfaces/share/mycobot_interfaces/cmake/ament_cmake_export_libraries-extras.cmake
[4.039s] -- Up-to-date symlink: /home/tyler/colcon_ws/install/mycobot_interfaces/share/mycobot_interfaces/cmake/ament_cmake_export_targets-extras.cmake
[4.039s] -- Up-to-date symlink: /home/tyler/colcon_ws/install/mycobot_interfaces/share/mycobot_interfaces/cmake/rosidl_cmake_export_typesupport_targets-extras.cmake
[4.039s] -- Up-to-date symlink: /home/tyler/colcon_ws/install/mycobot_interfaces/share/mycobot_interfaces/cmake/rosidl_cmake_export_typesupport_libraries-extras.cmake
[4.039s] -- Up-to-date symlink: /home/tyler/colcon_ws/install/mycobot_interfaces/share/mycobot_interfaces/cmake/mycobot_interfacesConfig.cmake
[4.039s] -- Up-to-date symlink: /home/tyler/colcon_ws/install/mycobot_interfaces/share/mycobot_interfaces/cmake/mycobot_interfacesConfig-version.cmake
[4.039s] -- Up-to-date symlink: /home/tyler/colcon_ws/install/mycobot_interfaces/share/mycobot_interfaces/package.xml
[4.039s] -- Up-to-date: /home/tyler/colcon_ws/install/mycobot_interfaces/lib/libmycobot_interfaces__rosidl_generator_c.so
[4.039s] -- Up-to-date: /home/tyler/colcon_ws/install/mycobot_interfaces/lib/libmycobot_interfaces__rosidl_typesupport_fastrtps_c.so
[4.039s] -- Up-to-date: /home/tyler/colcon_ws/install/mycobot_interfaces/lib/libmycobot_interfaces__rosidl_typesupport_introspection_c.so
[4.039s] -- Up-to-date: /home/tyler/colcon_ws/install/mycobot_interfaces/lib/libmycobot_interfaces__rosidl_typesupport_c.so
[4.040s] -- Up-to-date: /home/tyler/colcon_ws/install/mycobot_interfaces/lib/libmycobot_interfaces__rosidl_typesupport_fastrtps_cpp.so
[4.040s] -- Up-to-date: /home/tyler/colcon_ws/install/mycobot_interfaces/lib/libmycobot_interfaces__rosidl_typesupport_introspection_cpp.so
[4.040s] -- Up-to-date: /home/tyler/colcon_ws/install/mycobot_interfaces/lib/libmycobot_interfaces__rosidl_typesupport_cpp.so
[4.083s] Listing '/home/tyler/colcon_ws/install/mycobot_interfaces/local/lib/python3.10/dist-packages/mycobot_interfaces'...
[4.083s] Compiling '/home/tyler/colcon_ws/install/mycobot_interfaces/local/lib/python3.10/dist-packages/mycobot_interfaces/__init__.py'...
[4.083s] Listing '/home/tyler/colcon_ws/install/mycobot_interfaces/local/lib/python3.10/dist-packages/mycobot_interfaces/msg'...
[4.084s] Listing '/home/tyler/colcon_ws/install/mycobot_interfaces/local/lib/python3.10/dist-packages/mycobot_interfaces/srv'...
[4.092s] -- Up-to-date: /home/tyler/colcon_ws/install/mycobot_interfaces/lib/libmycobot_interfaces__rosidl_generator_py.so
[4.092s] -- Up-to-date: /home/tyler/colcon_ws/install/mycobot_interfaces/share/mycobot_interfaces/cmake/export_mycobot_interfaces__rosidl_generator_cExport.cmake
[4.093s] -- Up-to-date: /home/tyler/colcon_ws/install/mycobot_interfaces/share/mycobot_interfaces/cmake/export_mycobot_interfaces__rosidl_generator_cExport-noconfig.cmake
[4.093s] -- Up-to-date: /home/tyler/colcon_ws/install/mycobot_interfaces/share/mycobot_interfaces/cmake/export_mycobot_interfaces__rosidl_typesupport_fastrtps_cExport.cmake
[4.093s] -- Up-to-date: /home/tyler/colcon_ws/install/mycobot_interfaces/share/mycobot_interfaces/cmake/export_mycobot_interfaces__rosidl_typesupport_fastrtps_cExport-noconfig.cmake
[4.094s] -- Up-to-date: /home/tyler/colcon_ws/install/mycobot_interfaces/share/mycobot_interfaces/cmake/mycobot_interfaces__rosidl_typesupport_introspection_cExport.cmake
[4.094s] -- Up-to-date: /home/tyler/colcon_ws/install/mycobot_interfaces/share/mycobot_interfaces/cmake/mycobot_interfaces__rosidl_typesupport_introspection_cExport-noconfig.cmake
[4.094s] -- Up-to-date: /home/tyler/colcon_ws/install/mycobot_interfaces/share/mycobot_interfaces/cmake/mycobot_interfaces__rosidl_typesupport_cExport.cmake
[4.094s] -- Up-to-date: /home/tyler/colcon_ws/install/mycobot_interfaces/share/mycobot_interfaces/cmake/mycobot_interfaces__rosidl_typesupport_cExport-noconfig.cmake
[4.094s] -- Up-to-date: /home/tyler/colcon_ws/install/mycobot_interfaces/share/mycobot_interfaces/cmake/export_mycobot_interfaces__rosidl_generator_cppExport.cmake
[4.094s] -- Up-to-date: /home/tyler/colcon_ws/install/mycobot_interfaces/share/mycobot_interfaces/cmake/export_mycobot_interfaces__rosidl_typesupport_fastrtps_cppExport.cmake
[4.094s] -- Up-to-date: /home/tyler/colcon_ws/install/mycobot_interfaces/share/mycobot_interfaces/cmake/export_mycobot_interfaces__rosidl_typesupport_fastrtps_cppExport-noconfig.cmake
[4.094s] -- Up-to-date: /home/tyler/colcon_ws/install/mycobot_interfaces/share/mycobot_interfaces/cmake/mycobot_interfaces__rosidl_typesupport_introspection_cppExport.cmake
[4.094s] -- Up-to-date: /home/tyler/colcon_ws/install/mycobot_interfaces/share/mycobot_interfaces/cmake/mycobot_interfaces__rosidl_typesupport_introspection_cppExport-noconfig.cmake
[4.094s] -- Up-to-date: /home/tyler/colcon_ws/install/mycobot_interfaces/share/mycobot_interfaces/cmake/mycobot_interfaces__rosidl_typesupport_cppExport.cmake
[4.094s] -- Up-to-date: /home/tyler/colcon_ws/install/mycobot_interfaces/share/mycobot_interfaces/cmake/mycobot_interfaces__rosidl_typesupport_cppExport-noconfig.cmake
[4.095s] -- Up-to-date: /home/tyler/colcon_ws/install/mycobot_interfaces/share/mycobot_interfaces/cmake/export_mycobot_interfaces__rosidl_generator_pyExport.cmake
[4.095s] -- Up-to-date: /home/tyler/colcon_ws/install/mycobot_interfaces/share/mycobot_interfaces/cmake/export_mycobot_interfaces__rosidl_generator_pyExport-noconfig.cmake
[4.179s] Invoked command in '/home/tyler/colcon_ws/build/mycobot_interfaces' returned '0': CMAKE_PREFIX_PATH=/opt/ros/humble MYSQL_PS1=(\u@\h) [\d]> /usr/bin/cmake --install /home/tyler/colcon_ws/build/mycobot_interfaces
