[0.162s] Invoking command in '/home/tyler/mycobot_ROS2/moveit_tutorial_ws/build/pilz_industrial_motion_planner': AMENT_PREFIX_PATH=/home/tyler/mycobot_ROS2/moveit_tutorial_ws/install/moveit_resources_prbt_pg70_support:/home/tyler/mycobot_ROS2/moveit_tutorial_ws/install/moveit_ros_planning_interface:/home/tyler/mycobot_ROS2/moveit_tutorial_ws/install/moveit_resources_prbt_moveit_config:/home/tyler/mycobot_ROS2/moveit_tutorial_ws/install/moveit_ros_move_group:/home/tyler/mycobot_ROS2/moveit_tutorial_ws/install/moveit_ros_warehouse:/home/tyler/mycobot_ROS2/moveit_tutorial_ws/install/moveit_kinematics:/home/tyler/mycobot_ROS2/moveit_tutorial_ws/install/moveit_ros_planning:/home/tyler/mycobot_ROS2/moveit_tutorial_ws/install/pilz_industrial_motion_planner_testutils:/home/tyler/mycobot_ROS2/moveit_tutorial_ws/install/moveit_ros_occupancy_map_monitor:/home/tyler/mycobot_ROS2/moveit_tutorial_ws/install/moveit_resources_prbt_ikfast_manipulator_plugin:/home/tyler/mycobot_ROS2/moveit_tutorial_ws/install/moveit_core:/home/tyler/mycobot_ROS2/moveit_tutorial_ws/install/moveit_resources_panda_moveit_config:/home/tyler/mycobot_ROS2/moveit_tutorial_ws/install/moveit_resources_prbt_support:/home/tyler/mycobot_ROS2/moveit_tutorial_ws/install/moveit_resources_panda_description:/home/tyler/mycobot_ROS2/moveit_tutorial_ws/install/moveit_msgs:/home/tyler/mycobot_ROS2/moveit_tutorial_ws/install/moveit_configs_utils:/home/tyler/mycobot_ROS2/moveit_tutorial_ws/install/moveit_common:${AMENT_PREFIX_PATH} CMAKE_PREFIX_PATH=/home/tyler/mycobot_ROS2/moveit_tutorial_ws/install/moveit_resources_prbt_pg70_support:/home/tyler/mycobot_ROS2/moveit_tutorial_ws/install/moveit_ros_planning_interface:/home/tyler/mycobot_ROS2/moveit_tutorial_ws/install/moveit_resources_prbt_moveit_config:/home/tyler/mycobot_ROS2/moveit_tutorial_ws/install/moveit_ros_move_group:/home/tyler/mycobot_ROS2/moveit_tutorial_ws/install/moveit_ros_warehouse:/home/tyler/mycobot_ROS2/moveit_tutorial_ws/install/moveit_kinematics:/home/tyler/mycobot_ROS2/moveit_tutorial_ws/install/moveit_ros_planning:/home/tyler/mycobot_ROS2/moveit_tutorial_ws/install/pilz_industrial_motion_planner_testutils:/home/tyler/mycobot_ROS2/moveit_tutorial_ws/install/moveit_ros_occupancy_map_monitor:/home/tyler/mycobot_ROS2/moveit_tutorial_ws/install/moveit_resources_prbt_ikfast_manipulator_plugin:/home/tyler/mycobot_ROS2/moveit_tutorial_ws/install/moveit_core:/home/tyler/mycobot_ROS2/moveit_tutorial_ws/install/moveit_resources_panda_moveit_config:/home/tyler/mycobot_ROS2/moveit_tutorial_ws/install/moveit_resources_prbt_support:/home/tyler/mycobot_ROS2/moveit_tutorial_ws/install/moveit_resources_panda_description:/home/tyler/mycobot_ROS2/moveit_tutorial_ws/install/moveit_msgs:/home/tyler/mycobot_ROS2/moveit_tutorial_ws/install/moveit_common:/home/tyler/mycobot_ROS2/colcon_ws/install/mypalletizer_interfaces:/home/tyler/mycobot_ROS2/colcon_ws/install/mycobot_interfaces:/home/tyler/mycobot_ROS2/colcon_ws/install/mecharm_interfaces:/home/tyler/mycobot_ROS2/colcon_ws/install/ultraarm:/home/tyler/mycobot_ROS2/colcon_ws/install/mypalletizer_260_pi:/home/tyler/mycobot_ROS2/colcon_ws/install/mypalletizer_260:/home/tyler/mycobot_ROS2/colcon_ws/install/mypalletizer_communication:/home/tyler/mycobot_ROS2/colcon_ws/install/mycobot_320pi:/home/tyler/mycobot_ROS2/colcon_ws/install/mycobot_320:/home/tyler/mycobot_ROS2/colcon_ws/install/mycobot_280pi:/home/tyler/mycobot_ROS2/colcon_ws/install/mycobot_280jn:/home/tyler/mycobot_ROS2/colcon_ws/install/mycobot_280_x3pi:/home/tyler/mycobot_ROS2/colcon_ws/install/mycobot_280:/home/tyler/mycobot_ROS2/colcon_ws/install/myarm_300:/home/tyler/mycobot_ROS2/colcon_ws/install/mycobot_communication:/home/tyler/mycobot_ROS2/colcon_ws/install/mecharm_pi:/home/tyler/mycobot_ROS2/colcon_ws/install/mecharm:/home/tyler/mycobot_ROS2/colcon_ws/install/mecharm_communication:/home/tyler/mycobot_ROS2/colcon_ws/install/mybuddy:/home/tyler/mycobot_ROS2/colcon_ws/install/mycobot_description:/opt/ros/humble LD_LIBRARY_PATH=/home/tyler/mycobot_ROS2/moveit_tutorial_ws/install/moveit_ros_planning_interface/lib:/home/tyler/mycobot_ROS2/moveit_tutorial_ws/install/moveit_ros_move_group/lib:/home/tyler/mycobot_ROS2/moveit_tutorial_ws/install/moveit_ros_warehouse/lib:/home/tyler/mycobot_ROS2/moveit_tutorial_ws/install/moveit_kinematics/lib:/home/tyler/mycobot_ROS2/moveit_tutorial_ws/install/moveit_ros_planning/lib:/home/tyler/mycobot_ROS2/moveit_tutorial_ws/install/pilz_industrial_motion_planner_testutils/lib:/home/tyler/mycobot_ROS2/moveit_tutorial_ws/install/moveit_ros_occupancy_map_monitor/lib:/home/tyler/mycobot_ROS2/moveit_tutorial_ws/install/moveit_resources_prbt_ikfast_manipulator_plugin/lib:/home/tyler/mycobot_ROS2/moveit_tutorial_ws/install/moveit_core/lib:/home/tyler/mycobot_ROS2/moveit_tutorial_ws/install/moveit_msgs/lib:${LD_LIBRARY_PATH} MYSQL_PS1=(\u@\h) [\d]> PATH=/home/tyler/mycobot_ROS2/moveit_tutorial_ws/install/moveit_core/bin:${PATH} PYTHONPATH=/home/tyler/mycobot_ROS2/moveit_tutorial_ws/install/moveit_msgs/local/lib/python3.10/dist-packages:/home/tyler/mycobot_ROS2/moveit_tutorial_ws/install/moveit_configs_utils/lib/python3.10/site-packages:${PYTHONPATH} /usr/bin/cmake /home/tyler/mycobot_ROS2/moveit_tutorial_ws/src/moveit2/moveit_planners/pilz_industrial_motion_planner -DCMAKE_INSTALL_PREFIX=/home/tyler/mycobot_ROS2/moveit_tutorial_ws/install/pilz_industrial_motion_planner
[0.263s] -- The CXX compiler identification is GNU 11.4.0
[0.275s] -- Detecting CXX compiler ABI info
[0.402s] -- Detecting CXX compiler ABI info - done
[0.414s] -- Check for working CXX compiler: /usr/bin/c++ - skipped
[0.415s] -- Detecting CXX compile features
[0.416s] -- Detecting CXX compile features - done
[0.419s] -- Found moveit_common: 2.8.0 (/home/tyler/mycobot_ROS2/moveit_tutorial_ws/install/moveit_common/share/moveit_common/cmake)
[0.426s] -- Found ament_cmake: 1.3.5 (/opt/ros/humble/share/ament_cmake/cmake)
[0.818s] -- Found Python3: /usr/bin/python3.10 (found version "3.10.12") found components: Interpreter 
[1.150s] -- Found libdw: /usr/lib/x86_64-linux-gnu/libdw.so  
[1.159s] -- Could NOT find libbfd (missing: LIBBFD_LIBRARY LIBBFD_INCLUDE_DIR) 
[1.159s] -- BACKWARD_HAS_UNWIND=1
[1.159s] -- BACKWARD_HAS_BACKTRACE=0
[1.159s] -- BACKWARD_HAS_BACKTRACE_SYMBOL=0
[1.159s] -- BACKWARD_HAS_DW=1
[1.159s] -- BACKWARD_HAS_BFD=0
[1.160s] -- Found Backward: /opt/ros/humble/share/backward_ros/cmake  
[1.160s] [0mpilz_industrial_motion_planner: You did not request a specific build type: Choosing 'Release' for maximum performance[0m
[1.166s] -- Found eigen3_cmake_module: 0.1.1 (/opt/ros/humble/share/eigen3_cmake_module/cmake)
[1.178s] -- Found Eigen3: TRUE (found version "3.4.0") 
[1.183s] -- Found generate_parameter_library: 0.3.6 (/opt/ros/humble/share/generate_parameter_library/cmake)
[1.194s] -- Found parameter_traits: 0.3.6 (/opt/ros/humble/share/parameter_traits/cmake)
[1.276s] -- Found rosidl_generator_c: 3.1.5 (/opt/ros/humble/share/rosidl_generator_c/cmake)
[1.288s] -- Found rosidl_adapter: 3.1.5 (/opt/ros/humble/share/rosidl_adapter/cmake)
[1.307s] -- Found rosidl_generator_cpp: 3.1.5 (/opt/ros/humble/share/rosidl_generator_cpp/cmake)
[1.345s] -- Using all available rosidl_typesupport_c: rosidl_typesupport_fastrtps_c;rosidl_typesupport_introspection_c
[1.381s] -- Using all available rosidl_typesupport_cpp: rosidl_typesupport_fastrtps_cpp;rosidl_typesupport_introspection_cpp
[1.509s] -- Found rmw_implementation_cmake: 6.1.1 (/opt/ros/humble/share/rmw_implementation_cmake/cmake)
[1.517s] -- Found rmw_fastrtps_cpp: 6.2.4 (/opt/ros/humble/share/rmw_fastrtps_cpp/cmake)
[1.680s] -- Found OpenSSL: /usr/lib/x86_64-linux-gnu/libcrypto.so (found version "3.0.2")  
[1.723s] -- Found FastRTPS: /opt/ros/humble/include  
[1.801s] -- Using RMW implementation 'rmw_fastrtps_cpp' as default
[1.825s] -- Looking for C++ include pthread.h
[1.977s] -- Looking for C++ include pthread.h - found
[1.977s] -- Performing Test CMAKE_HAVE_LIBC_PTHREAD
[2.149s] -- Performing Test CMAKE_HAVE_LIBC_PTHREAD - Success
[2.151s] -- Found Threads: TRUE  
[2.459s] -- Found rclcpp_lifecycle: 16.0.6 (/opt/ros/humble/share/rclcpp_lifecycle/cmake)
[2.536s] -- Found geometry_msgs: 4.2.3 (/opt/ros/humble/share/geometry_msgs/cmake)
[2.605s] -- Found moveit_core: 2.8.0 (/home/tyler/mycobot_ROS2/moveit_tutorial_ws/install/moveit_core/share/moveit_core/cmake)
[2.694s] -- Found Boost: /usr/lib/x86_64-linux-gnu/cmake/Boost-1.74.0/BoostConfig.cmake (found version "1.74.0") found components: chrono date_time filesystem iostreams program_options regex serialization system thread 
[2.779s] -- Found Boost: /usr/lib/x86_64-linux-gnu/cmake/Boost-1.74.0/BoostConfig.cmake (found version "1.74.0") found components: filesystem 
[2.956s] -- library: /usr/lib/x86_64-linux-gnu/libcurl.so
[3.441s] -- Ensuring Eigen3 include directory is part of orocos-kdl CMake target
[5.107s] -- Found moveit_ros_move_group: 2.8.0 (/home/tyler/mycobot_ROS2/moveit_tutorial_ws/install/moveit_ros_move_group/share/moveit_ros_move_group/cmake)
[5.115s] -- Found Boost: /usr/lib/x86_64-linux-gnu/cmake/Boost-1.74.0/BoostConfig.cmake (found version "1.74.0") found components: system filesystem date_time program_options thread 
[5.581s] -- Found Boost: /usr/lib/x86_64-linux-gnu/cmake/Boost-1.74.0/BoostConfig.cmake (found version "1.74.0") found components: system filesystem date_time program_options thread chrono 
[6.309s] -- Found moveit_ros_planning_interface: 2.8.0 (/home/tyler/mycobot_ROS2/moveit_tutorial_ws/install/moveit_ros_planning_interface/share/moveit_ros_planning_interface/cmake)
[6.317s] -- Found Boost: /usr/lib/x86_64-linux-gnu/cmake/Boost-1.74.0/BoostConfig.cmake (found version "1.74.0") found components: date_time filesystem program_options system thread 
[6.641s] -- Found Boost: /usr/lib/x86_64-linux-gnu/cmake/Boost-1.74.0/BoostConfig.cmake (found version "1.74.0") found components: thread system filesystem regex date_time program_options 
[7.309s] -- Found tf2_eigen_kdl: 0.25.4 (/opt/ros/humble/share/tf2_eigen_kdl/cmake)
[7.322s] -- Found Boost: /usr/lib/x86_64-linux-gnu/cmake/Boost-1.74.0/BoostConfig.cmake (found version "1.74.0")  
[7.554s] -- Found ament_cmake_gtest: 1.3.5 (/opt/ros/humble/share/ament_cmake_gtest/cmake)
[7.559s] -- Found ament_cmake_gmock: 1.3.5 (/opt/ros/humble/share/ament_cmake_gmock/cmake)
[7.564s] -- Found ros_testing: 0.4.0 (/opt/ros/humble/share/ros_testing/cmake)
[7.569s] -- Found launch_testing_ament_cmake: 1.0.4 (/opt/ros/humble/share/launch_testing_ament_cmake/cmake)
[7.574s] -- Found python_cmake_module: 0.10.0 (/opt/ros/humble/share/python_cmake_module/cmake)
[7.611s] -- Found PythonInterp: /usr/bin/python3 (found suitable version "3.10.12", minimum required is "3.6") 
[7.622s] -- Found PythonLibs: /usr/lib/x86_64-linux-gnu/libpython3.10.so (found suitable version "3.10.12", minimum required is "3.5") 
[7.623s] -- Using PYTHON_EXECUTABLE: /usr/bin/python3
[7.623s] -- Using PYTHON_INCLUDE_DIRS: /usr/include/python3.10
[7.623s] -- Using PYTHON_LIBRARIES: /usr/lib/x86_64-linux-gnu/libpython3.10.so
[7.666s] -- Found PythonExtra: .so  
[7.668s] -- Found moveit_resources_prbt_support: 2.8.0 (/home/tyler/mycobot_ROS2/moveit_tutorial_ws/install/moveit_resources_prbt_support/share/moveit_resources_prbt_support/cmake)
[7.670s] -- Found moveit_resources_prbt_moveit_config: 2.8.0 (/home/tyler/mycobot_ROS2/moveit_tutorial_ws/install/moveit_resources_prbt_moveit_config/share/moveit_resources_prbt_moveit_config/cmake)
[7.676s] -- Found Boost: /usr/lib/x86_64-linux-gnu/cmake/Boost-1.74.0/BoostConfig.cmake (found version "1.74.0") found components: thread 
[7.678s] -- Found pilz_industrial_motion_planner_testutils: 2.8.0 (/home/tyler/mycobot_ROS2/moveit_tutorial_ws/install/pilz_industrial_motion_planner_testutils/share/pilz_industrial_motion_planner_testutils/cmake)
[7.900s] -- Found gtest sources under '/opt/ros/humble/src/gtest_vendor': C++ tests using 'Google Test' will be built
[7.960s] -- The C compiler identification is GNU 11.4.0
[7.969s] -- Detecting C compiler ABI info
[8.095s] -- Detecting C compiler ABI info - done
[8.109s] -- Check for working C compiler: /usr/bin/cc - skipped
[8.110s] -- Detecting C compile features
[8.111s] -- Detecting C compile features - done
[8.185s] -- Found gmock sources under '/opt/ros/humble/src/gmock_vendor': C++ tests using 'Google Mock' will be built
[8.199s] -- Found ament_lint_auto: 0.12.8 (/opt/ros/humble/share/ament_lint_auto/cmake)
[8.469s] -- Found launch_testing_ament_cmake: 1.0.4 (/opt/ros/humble/share/launch_testing_ament_cmake/cmake)
[8.469s] -- Found python_cmake_module: 0.10.0 (/opt/ros/humble/share/python_cmake_module/cmake)
[8.504s] -- Using PYTHON_EXECUTABLE: /usr/bin/python3
[8.504s] -- Using PYTHON_INCLUDE_DIRS: /usr/include/python3.10
[8.504s] -- Using PYTHON_LIBRARIES: /usr/lib/x86_64-linux-gnu/libpython3.10.so
[8.518s] -- Added test 'cppcheck' to perform static code analysis on C / C++ code
[8.521s] -- Configured cppcheck include dirs: /home/tyler/mycobot_ROS2/moveit_tutorial_ws/src/moveit2/moveit_planners/pilz_industrial_motion_planner/include
[8.521s] -- Configured cppcheck exclude dirs and/or files: 
[8.523s] -- Added test 'pep257' to check Python code against some of the docstring style conventions in PEP 257
[8.525s] -- Added test 'xmllint' to check XML markup files
[8.528s] -- Configuring done
[9.111s] -- Generating done
[9.118s] -- Build files have been written to: /home/tyler/mycobot_ROS2/moveit_tutorial_ws/build/pilz_industrial_motion_planner
[9.148s] Invoked command in '/home/tyler/mycobot_ROS2/moveit_tutorial_ws/build/pilz_industrial_motion_planner' returned '0': AMENT_PREFIX_PATH=/home/tyler/mycobot_ROS2/moveit_tutorial_ws/install/moveit_resources_prbt_pg70_support:/home/tyler/mycobot_ROS2/moveit_tutorial_ws/install/moveit_ros_planning_interface:/home/tyler/mycobot_ROS2/moveit_tutorial_ws/install/moveit_resources_prbt_moveit_config:/home/tyler/mycobot_ROS2/moveit_tutorial_ws/install/moveit_ros_move_group:/home/tyler/mycobot_ROS2/moveit_tutorial_ws/install/moveit_ros_warehouse:/home/tyler/mycobot_ROS2/moveit_tutorial_ws/install/moveit_kinematics:/home/tyler/mycobot_ROS2/moveit_tutorial_ws/install/moveit_ros_planning:/home/tyler/mycobot_ROS2/moveit_tutorial_ws/install/pilz_industrial_motion_planner_testutils:/home/tyler/mycobot_ROS2/moveit_tutorial_ws/install/moveit_ros_occupancy_map_monitor:/home/tyler/mycobot_ROS2/moveit_tutorial_ws/install/moveit_resources_prbt_ikfast_manipulator_plugin:/home/tyler/mycobot_ROS2/moveit_tutorial_ws/install/moveit_core:/home/tyler/mycobot_ROS2/moveit_tutorial_ws/install/moveit_resources_panda_moveit_config:/home/tyler/mycobot_ROS2/moveit_tutorial_ws/install/moveit_resources_prbt_support:/home/tyler/mycobot_ROS2/moveit_tutorial_ws/install/moveit_resources_panda_description:/home/tyler/mycobot_ROS2/moveit_tutorial_ws/install/moveit_msgs:/home/tyler/mycobot_ROS2/moveit_tutorial_ws/install/moveit_configs_utils:/home/tyler/mycobot_ROS2/moveit_tutorial_ws/install/moveit_common:${AMENT_PREFIX_PATH} CMAKE_PREFIX_PATH=/home/tyler/mycobot_ROS2/moveit_tutorial_ws/install/moveit_resources_prbt_pg70_support:/home/tyler/mycobot_ROS2/moveit_tutorial_ws/install/moveit_ros_planning_interface:/home/tyler/mycobot_ROS2/moveit_tutorial_ws/install/moveit_resources_prbt_moveit_config:/home/tyler/mycobot_ROS2/moveit_tutorial_ws/install/moveit_ros_move_group:/home/tyler/mycobot_ROS2/moveit_tutorial_ws/install/moveit_ros_warehouse:/home/tyler/mycobot_ROS2/moveit_tutorial_ws/install/moveit_kinematics:/home/tyler/mycobot_ROS2/moveit_tutorial_ws/install/moveit_ros_planning:/home/tyler/mycobot_ROS2/moveit_tutorial_ws/install/pilz_industrial_motion_planner_testutils:/home/tyler/mycobot_ROS2/moveit_tutorial_ws/install/moveit_ros_occupancy_map_monitor:/home/tyler/mycobot_ROS2/moveit_tutorial_ws/install/moveit_resources_prbt_ikfast_manipulator_plugin:/home/tyler/mycobot_ROS2/moveit_tutorial_ws/install/moveit_core:/home/tyler/mycobot_ROS2/moveit_tutorial_ws/install/moveit_resources_panda_moveit_config:/home/tyler/mycobot_ROS2/moveit_tutorial_ws/install/moveit_resources_prbt_support:/home/tyler/mycobot_ROS2/moveit_tutorial_ws/install/moveit_resources_panda_description:/home/tyler/mycobot_ROS2/moveit_tutorial_ws/install/moveit_msgs:/home/tyler/mycobot_ROS2/moveit_tutorial_ws/install/moveit_common:/home/tyler/mycobot_ROS2/colcon_ws/install/mypalletizer_interfaces:/home/tyler/mycobot_ROS2/colcon_ws/install/mycobot_interfaces:/home/tyler/mycobot_ROS2/colcon_ws/install/mecharm_interfaces:/home/tyler/mycobot_ROS2/colcon_ws/install/ultraarm:/home/tyler/mycobot_ROS2/colcon_ws/install/mypalletizer_260_pi:/home/tyler/mycobot_ROS2/colcon_ws/install/mypalletizer_260:/home/tyler/mycobot_ROS2/colcon_ws/install/mypalletizer_communication:/home/tyler/mycobot_ROS2/colcon_ws/install/mycobot_320pi:/home/tyler/mycobot_ROS2/colcon_ws/install/mycobot_320:/home/tyler/mycobot_ROS2/colcon_ws/install/mycobot_280pi:/home/tyler/mycobot_ROS2/colcon_ws/install/mycobot_280jn:/home/tyler/mycobot_ROS2/colcon_ws/install/mycobot_280_x3pi:/home/tyler/mycobot_ROS2/colcon_ws/install/mycobot_280:/home/tyler/mycobot_ROS2/colcon_ws/install/myarm_300:/home/tyler/mycobot_ROS2/colcon_ws/install/mycobot_communication:/home/tyler/mycobot_ROS2/colcon_ws/install/mecharm_pi:/home/tyler/mycobot_ROS2/colcon_ws/install/mecharm:/home/tyler/mycobot_ROS2/colcon_ws/install/mecharm_communication:/home/tyler/mycobot_ROS2/colcon_ws/install/mybuddy:/home/tyler/mycobot_ROS2/colcon_ws/install/mycobot_description:/opt/ros/humble LD_LIBRARY_PATH=/home/tyler/mycobot_ROS2/moveit_tutorial_ws/install/moveit_ros_planning_interface/lib:/home/tyler/mycobot_ROS2/moveit_tutorial_ws/install/moveit_ros_move_group/lib:/home/tyler/mycobot_ROS2/moveit_tutorial_ws/install/moveit_ros_warehouse/lib:/home/tyler/mycobot_ROS2/moveit_tutorial_ws/install/moveit_kinematics/lib:/home/tyler/mycobot_ROS2/moveit_tutorial_ws/install/moveit_ros_planning/lib:/home/tyler/mycobot_ROS2/moveit_tutorial_ws/install/pilz_industrial_motion_planner_testutils/lib:/home/tyler/mycobot_ROS2/moveit_tutorial_ws/install/moveit_ros_occupancy_map_monitor/lib:/home/tyler/mycobot_ROS2/moveit_tutorial_ws/install/moveit_resources_prbt_ikfast_manipulator_plugin/lib:/home/tyler/mycobot_ROS2/moveit_tutorial_ws/install/moveit_core/lib:/home/tyler/mycobot_ROS2/moveit_tutorial_ws/install/moveit_msgs/lib:${LD_LIBRARY_PATH} MYSQL_PS1=(\u@\h) [\d]> PATH=/home/tyler/mycobot_ROS2/moveit_tutorial_ws/install/moveit_core/bin:${PATH} PYTHONPATH=/home/tyler/mycobot_ROS2/moveit_tutorial_ws/install/moveit_msgs/local/lib/python3.10/dist-packages:/home/tyler/mycobot_ROS2/moveit_tutorial_ws/install/moveit_configs_utils/lib/python3.10/site-packages:${PYTHONPATH} /usr/bin/cmake /home/tyler/mycobot_ROS2/moveit_tutorial_ws/src/moveit2/moveit_planners/pilz_industrial_motion_planner -DCMAKE_INSTALL_PREFIX=/home/tyler/mycobot_ROS2/moveit_tutorial_ws/install/pilz_industrial_motion_planner
[9.150s] Invoking command in '/home/tyler/mycobot_ROS2/moveit_tutorial_ws/build/pilz_industrial_motion_planner': AMENT_PREFIX_PATH=/home/tyler/mycobot_ROS2/moveit_tutorial_ws/install/moveit_resources_prbt_pg70_support:/home/tyler/mycobot_ROS2/moveit_tutorial_ws/install/moveit_ros_planning_interface:/home/tyler/mycobot_ROS2/moveit_tutorial_ws/install/moveit_resources_prbt_moveit_config:/home/tyler/mycobot_ROS2/moveit_tutorial_ws/install/moveit_ros_move_group:/home/tyler/mycobot_ROS2/moveit_tutorial_ws/install/moveit_ros_warehouse:/home/tyler/mycobot_ROS2/moveit_tutorial_ws/install/moveit_kinematics:/home/tyler/mycobot_ROS2/moveit_tutorial_ws/install/moveit_ros_planning:/home/tyler/mycobot_ROS2/moveit_tutorial_ws/install/pilz_industrial_motion_planner_testutils:/home/tyler/mycobot_ROS2/moveit_tutorial_ws/install/moveit_ros_occupancy_map_monitor:/home/tyler/mycobot_ROS2/moveit_tutorial_ws/install/moveit_resources_prbt_ikfast_manipulator_plugin:/home/tyler/mycobot_ROS2/moveit_tutorial_ws/install/moveit_core:/home/tyler/mycobot_ROS2/moveit_tutorial_ws/install/moveit_resources_panda_moveit_config:/home/tyler/mycobot_ROS2/moveit_tutorial_ws/install/moveit_resources_prbt_support:/home/tyler/mycobot_ROS2/moveit_tutorial_ws/install/moveit_resources_panda_description:/home/tyler/mycobot_ROS2/moveit_tutorial_ws/install/moveit_msgs:/home/tyler/mycobot_ROS2/moveit_tutorial_ws/install/moveit_configs_utils:/home/tyler/mycobot_ROS2/moveit_tutorial_ws/install/moveit_common:${AMENT_PREFIX_PATH} CMAKE_PREFIX_PATH=/home/tyler/mycobot_ROS2/moveit_tutorial_ws/install/moveit_resources_prbt_pg70_support:/home/tyler/mycobot_ROS2/moveit_tutorial_ws/install/moveit_ros_planning_interface:/home/tyler/mycobot_ROS2/moveit_tutorial_ws/install/moveit_resources_prbt_moveit_config:/home/tyler/mycobot_ROS2/moveit_tutorial_ws/install/moveit_ros_move_group:/home/tyler/mycobot_ROS2/moveit_tutorial_ws/install/moveit_ros_warehouse:/home/tyler/mycobot_ROS2/moveit_tutorial_ws/install/moveit_kinematics:/home/tyler/mycobot_ROS2/moveit_tutorial_ws/install/moveit_ros_planning:/home/tyler/mycobot_ROS2/moveit_tutorial_ws/install/pilz_industrial_motion_planner_testutils:/home/tyler/mycobot_ROS2/moveit_tutorial_ws/install/moveit_ros_occupancy_map_monitor:/home/tyler/mycobot_ROS2/moveit_tutorial_ws/install/moveit_resources_prbt_ikfast_manipulator_plugin:/home/tyler/mycobot_ROS2/moveit_tutorial_ws/install/moveit_core:/home/tyler/mycobot_ROS2/moveit_tutorial_ws/install/moveit_resources_panda_moveit_config:/home/tyler/mycobot_ROS2/moveit_tutorial_ws/install/moveit_resources_prbt_support:/home/tyler/mycobot_ROS2/moveit_tutorial_ws/install/moveit_resources_panda_description:/home/tyler/mycobot_ROS2/moveit_tutorial_ws/install/moveit_msgs:/home/tyler/mycobot_ROS2/moveit_tutorial_ws/install/moveit_common:/home/tyler/mycobot_ROS2/colcon_ws/install/mypalletizer_interfaces:/home/tyler/mycobot_ROS2/colcon_ws/install/mycobot_interfaces:/home/tyler/mycobot_ROS2/colcon_ws/install/mecharm_interfaces:/home/tyler/mycobot_ROS2/colcon_ws/install/ultraarm:/home/tyler/mycobot_ROS2/colcon_ws/install/mypalletizer_260_pi:/home/tyler/mycobot_ROS2/colcon_ws/install/mypalletizer_260:/home/tyler/mycobot_ROS2/colcon_ws/install/mypalletizer_communication:/home/tyler/mycobot_ROS2/colcon_ws/install/mycobot_320pi:/home/tyler/mycobot_ROS2/colcon_ws/install/mycobot_320:/home/tyler/mycobot_ROS2/colcon_ws/install/mycobot_280pi:/home/tyler/mycobot_ROS2/colcon_ws/install/mycobot_280jn:/home/tyler/mycobot_ROS2/colcon_ws/install/mycobot_280_x3pi:/home/tyler/mycobot_ROS2/colcon_ws/install/mycobot_280:/home/tyler/mycobot_ROS2/colcon_ws/install/myarm_300:/home/tyler/mycobot_ROS2/colcon_ws/install/mycobot_communication:/home/tyler/mycobot_ROS2/colcon_ws/install/mecharm_pi:/home/tyler/mycobot_ROS2/colcon_ws/install/mecharm:/home/tyler/mycobot_ROS2/colcon_ws/install/mecharm_communication:/home/tyler/mycobot_ROS2/colcon_ws/install/mybuddy:/home/tyler/mycobot_ROS2/colcon_ws/install/mycobot_description:/opt/ros/humble LD_LIBRARY_PATH=/home/tyler/mycobot_ROS2/moveit_tutorial_ws/install/moveit_ros_planning_interface/lib:/home/tyler/mycobot_ROS2/moveit_tutorial_ws/install/moveit_ros_move_group/lib:/home/tyler/mycobot_ROS2/moveit_tutorial_ws/install/moveit_ros_warehouse/lib:/home/tyler/mycobot_ROS2/moveit_tutorial_ws/install/moveit_kinematics/lib:/home/tyler/mycobot_ROS2/moveit_tutorial_ws/install/moveit_ros_planning/lib:/home/tyler/mycobot_ROS2/moveit_tutorial_ws/install/pilz_industrial_motion_planner_testutils/lib:/home/tyler/mycobot_ROS2/moveit_tutorial_ws/install/moveit_ros_occupancy_map_monitor/lib:/home/tyler/mycobot_ROS2/moveit_tutorial_ws/install/moveit_resources_prbt_ikfast_manipulator_plugin/lib:/home/tyler/mycobot_ROS2/moveit_tutorial_ws/install/moveit_core/lib:/home/tyler/mycobot_ROS2/moveit_tutorial_ws/install/moveit_msgs/lib:${LD_LIBRARY_PATH} MYSQL_PS1=(\u@\h) [\d]> PATH=/home/tyler/mycobot_ROS2/moveit_tutorial_ws/install/moveit_core/bin:${PATH} PYTHONPATH=/home/tyler/mycobot_ROS2/moveit_tutorial_ws/install/moveit_msgs/local/lib/python3.10/dist-packages:/home/tyler/mycobot_ROS2/moveit_tutorial_ws/install/moveit_configs_utils/lib/python3.10/site-packages:${PYTHONPATH} /usr/bin/cmake --build /home/tyler/mycobot_ROS2/moveit_tutorial_ws/build/pilz_industrial_motion_planner -- -j16 -l16
[9.228s] [  1%] [34m[1mRunning `/opt/ros/humble/bin/generate_parameter_library_cpp /home/tyler/mycobot_ROS2/moveit_tutorial_ws/build/pilz_industrial_motion_planner/cartesian_limits_parameters/include//cartesian_limits_parameters.hpp /home/tyler/mycobot_ROS2/moveit_tutorial_ws/src/moveit2/moveit_planners/pilz_industrial_motion_planner/src/cartesian_limits_parameters.yaml `[0m
[9.230s] [  2%] [32mBuilding CXX object gtest/CMakeFiles/gtest.dir/src/gtest-all.cc.o[0m
[9.235s] [  3%] [32mBuilding CXX object gtest/CMakeFiles/gtest_main.dir/src/gtest_main.cc.o[0m
[9.235s] [  5%] [32mBuilding CXX object gmock/CMakeFiles/gmock.dir/opt/ros/humble/src/gtest_vendor/src/gtest-all.cc.o[0m
[9.236s] [  6%] [32mBuilding CXX object gmock/CMakeFiles/gmock.dir/src/gmock-all.cc.o[0m
[9.241s] [  7%] [32mBuilding CXX object gmock/CMakeFiles/gmock_main.dir/src/gmock_main.cc.o[0m
[9.631s] [  7%] Built target cartesian_limits_parameters
[9.687s] [  8%] [32mBuilding CXX object CMakeFiles/joint_limits_common.dir/src/joint_limits_validator.cpp.o[0m
[9.688s] [ 10%] [32mBuilding CXX object CMakeFiles/planning_context_loader_base.dir/src/planning_context_loader.cpp.o[0m
[9.691s] [ 11%] [32mBuilding CXX object CMakeFiles/joint_limits_common.dir/src/joint_limits_container.cpp.o[0m
[9.691s] [ 12%] [32mBuilding CXX object CMakeFiles/trajectory_generation_common.dir/src/trajectory_functions.cpp.o[0m
[9.692s] [ 15%] [32mBuilding CXX object CMakeFiles/trajectory_generation_common.dir/src/trajectory_blender_transition_window.cpp.o[0m
[9.692s] [ 15%] [32mBuilding CXX object CMakeFiles/joint_limits_common.dir/src/joint_limits_aggregator.cpp.o[0m
[9.692s] [ 16%] [32mBuilding CXX object CMakeFiles/joint_limits_common.dir/src/limits_container.cpp.o[0m
[9.693s] [ 17%] [32mBuilding CXX object CMakeFiles/trajectory_generation_common.dir/src/trajectory_generator.cpp.o[0m
[11.711s] [ 18%] [32m[1mLinking CXX static library libgmock_main.a[0m
[11.824s] [ 18%] Built target gmock_main
[11.902s] [ 20%] [32m[1mLinking CXX static library libgtest_main.a[0m
[11.971s] [ 20%] Built target gtest_main
[25.587s] [ 21%] [32m[1mLinking CXX static library libgmock.a[0m
[25.699s] [ 21%] Built target gmock
[28.434s] [ 22%] [32m[1mLinking CXX shared library libplanning_context_loader_base.so[0m
[30.940s] [ 23%] [32m[1mLinking CXX shared library libjoint_limits_common.so[0m
[31.625s] [ 23%] Built target planning_context_loader_base
[31.953s] [ 25%] [32m[1mLinking CXX static library libgtest.a[0m
[32.028s] [ 25%] Built target gtest
[33.128s] [ 25%] Built target joint_limits_common
[33.171s] [ 26%] [32mBuilding CXX object CMakeFiles/pilz_industrial_motion_planner.dir/src/pilz_industrial_motion_planner.cpp.o[0m
[33.173s] [ 27%] [32mBuilding CXX object test/unit_tests/CMakeFiles/unittest_joint_limits_aggregator.dir/src/unittest_joint_limits_aggregator.cpp.o[0m
[33.175s] [ 28%] [32mBuilding CXX object test/unit_tests/CMakeFiles/unittest_joint_limit.dir/src/unittest_joint_limit.cpp.o[0m
[33.175s] [ 30%] [32mBuilding CXX object test/unit_tests/CMakeFiles/unittest_joint_limits_container.dir/src/unittest_joint_limits_container.cpp.o[0m
[33.185s] [ 31%] [32mBuilding CXX object test/unit_tests/CMakeFiles/unittest_joint_limits_validator.dir/src/unittest_joint_limits_validator.cpp.o[0m
[33.495s] [ 32%] [32m[1mLinking CXX shared library libtrajectory_generation_common.so[0m
[34.125s] [ 32%] Built target trajectory_generation_common
[34.185s] [ 33%] [32mBuilding CXX object test/CMakeFiles/pilz_industrial_motion_planner_test_utils.dir/test_utils.cpp.o[0m
[34.185s] [ 35%] [32mBuilding CXX object CMakeFiles/command_list_manager.dir/src/command_list_manager.cpp.o[0m
[34.186s] [ 36%] [32mBuilding CXX object CMakeFiles/planning_context_loader_circ.dir/src/planning_context_loader_circ.cpp.o[0m
[34.188s] [ 37%] [32mBuilding CXX object CMakeFiles/command_list_manager.dir/src/plan_components_builder.cpp.o[0m
[34.190s] [ 38%] [32mBuilding CXX object CMakeFiles/planning_context_loader_lin.dir/src/planning_context_loader_lin.cpp.o[0m
[34.190s] [ 40%] [32mBuilding CXX object CMakeFiles/planning_context_loader_lin.dir/src/trajectory_generator_lin.cpp.o[0m
[34.192s] [ 42%] [32mBuilding CXX object CMakeFiles/planning_context_loader_ptp.dir/src/planning_context_loader_ptp.cpp.o[0m
[34.193s] [ 42%] [32mBuilding CXX object CMakeFiles/planning_context_loader_ptp.dir/src/trajectory_generator_ptp.cpp.o[0m
[34.203s] [ 43%] [32mBuilding CXX object CMakeFiles/planning_context_loader_circ.dir/src/trajectory_generator_circ.cpp.o[0m
[34.205s] [ 45%] [32mBuilding CXX object CMakeFiles/planning_context_loader_circ.dir/src/path_circle_generator.cpp.o[0m
[34.214s] [ 46%] [32mBuilding CXX object CMakeFiles/planning_context_loader_lin.dir/src/velocity_profile_atrap.cpp.o[0m
[36.554s] [ 47%] [32mBuilding CXX object CMakeFiles/planning_context_loader_ptp.dir/src/velocity_profile_atrap.cpp.o[0m
[37.888s] [ 48%] [32m[1mLinking CXX executable unittest_joint_limits_container[0m
[38.752s] [ 48%] Built target unittest_joint_limits_container
[39.862s] [ 50%] [32m[1mLinking CXX executable unittest_joint_limits_validator[0m
[40.631s] [ 50%] Built target unittest_joint_limits_validator
[44.761s] [ 51%] [32m[1mLinking CXX executable unittest_joint_limit[0m
[45.782s] [ 51%] Built target unittest_joint_limit
[57.703s] [ 52%] [32m[1mLinking CXX executable unittest_joint_limits_aggregator[0m
[58.534s] [ 52%] Built target unittest_joint_limits_aggregator
[62.579s] [ 53%] [32m[1mLinking CXX shared library libplanning_context_loader_lin.so[0m
[63.049s] [ 55%] [32m[1mLinking CXX shared library libplanning_context_loader_ptp.so[0m
[63.088s] [ 55%] Built target planning_context_loader_lin
[63.525s] [ 55%] Built target planning_context_loader_ptp
[63.693s] [ 56%] [32m[1mLinking CXX shared library libplanning_context_loader_circ.so[0m
[64.325s] [ 56%] Built target planning_context_loader_circ
[64.369s] [ 57%] [32m[1mLinking CXX shared library libpilz_industrial_motion_planner.so[0m
[64.395s] [ 58%] [32m[1mLinking CXX shared library libcommand_list_manager.so[0m
[64.762s] [ 58%] Built target command_list_manager
[64.801s] [ 58%] Built target pilz_industrial_motion_planner
[64.802s] [ 60%] [32mBuilding CXX object CMakeFiles/sequence_capability.dir/src/move_group_sequence_service.cpp.o[0m
[64.812s] [ 61%] [32mBuilding CXX object CMakeFiles/sequence_capability.dir/src/move_group_sequence_action.cpp.o[0m
[64.847s] [ 62%] [32mBuilding CXX object test/unit_tests/CMakeFiles/unittest_pilz_industrial_motion_planner.dir/src/unittest_pilz_industrial_motion_planner.cpp.o[0m
[64.850s] [ 63%] [32mBuilding CXX object test/unit_tests/CMakeFiles/unittest_pilz_industrial_motion_planner_direct.dir/src/unittest_pilz_industrial_motion_planner_direct.cpp.o[0m
[64.861s] [ 65%] [32mBuilding CXX object test/unit_tests/CMakeFiles/unittest_trajectory_generator.dir/src/unittest_trajectory_generator.cpp.o[0m
[64.861s] [ 66%] [32mBuilding CXX object test/unit_tests/CMakeFiles/unittest_trajectory_generator.dir/__/__/src/trajectory_generator.cpp.o[0m
[64.865s] [ 67%] [32mBuilding CXX object test/unit_tests/CMakeFiles/unittest_velocity_profile_atrap.dir/src/unittest_velocity_profile_atrap.cpp.o[0m
[64.865s] [ 68%] [32mBuilding CXX object test/unit_tests/CMakeFiles/unittest_get_solver_tip_frame.dir/src/unittest_get_solver_tip_frame.cpp.o[0m
[64.867s] [ 70%] [32mBuilding CXX object test/unit_tests/CMakeFiles/unittest_velocity_profile_atrap.dir/__/__/src/velocity_profile_atrap.cpp.o[0m
[69.939s] [ 71%] [32m[1mLinking CXX static library libpilz_industrial_motion_planner_test_utils.a[0m
[70.018s] [ 71%] Built target pilz_industrial_motion_planner_test_utils
[70.088s] [ 72%] [32mBuilding CXX object test/unit_tests/CMakeFiles/unittest_trajectory_generator_circ.dir/src/unittest_trajectory_generator_circ.cpp.o[0m
[70.095s] [ 73%] [32mBuilding CXX object test/unit_tests/CMakeFiles/unittest_trajectory_functions.dir/src/unittest_trajectory_functions.cpp.o[0m
[70.102s] [ 75%] [32mBuilding CXX object test/unit_tests/CMakeFiles/unittest_trajectory_generator_lin.dir/src/unittest_trajectory_generator_lin.cpp.o[0m
[70.106s] [ 76%] [32mBuilding CXX object test/unit_tests/CMakeFiles/unittest_trajectory_generator_common.dir/src/unittest_trajectory_generator_common.cpp.o[0m
[70.110s] [ 77%] [32mBuilding CXX object test/unit_tests/CMakeFiles/unittest_planning_context.dir/src/unittest_planning_context.cpp.o[0m
[70.115s] [ 78%] [32mBuilding CXX object test/unit_tests/CMakeFiles/unittest_trajectory_generator_ptp.dir/src/unittest_trajectory_generator_ptp.cpp.o[0m
[70.124s] [ 80%] [32mBuilding CXX object test/unit_tests/CMakeFiles/unittest_trajectory_blender_transition_window.dir/src/unittest_trajectory_blender_transition_window.cpp.o[0m
[70.128s] [ 81%] [32mBuilding CXX object test/unit_tests/CMakeFiles/unittest_planning_context_loaders.dir/src/unittest_planning_context_loaders.cpp.o[0m
[75.779s] [ 82%] [32m[1mLinking CXX executable unittest_velocity_profile_atrap[0m
[76.767s] [ 82%] Built target unittest_velocity_profile_atrap
[76.797s] [ 83%] [32mBuilding CXX object test/unit_tests/CMakeFiles/unittest_trajectory_blender_transition_window.dir/__/__/src/trajectory_blender_transition_window.cpp.o[0m
[89.684s] [ 85%] [32m[1mLinking CXX executable unittest_get_solver_tip_frame[0m
[90.556s] [ 85%] Built target unittest_get_solver_tip_frame
[96.950s] [ 86%] [32m[1mLinking CXX executable unittest_trajectory_generator[0m
[98.407s] [ 86%] Built target unittest_trajectory_generator
[108.426s] [ 87%] [32m[1mLinking CXX shared library libsequence_capability.so[0m
[108.795s] [ 88%] [32m[1mLinking CXX executable unittest_pilz_industrial_motion_planner_direct[0m
[109.366s] [ 88%] Built target sequence_capability
[109.712s] [ 88%] Built target unittest_pilz_industrial_motion_planner_direct
[112.162s] [ 90%] [32m[1mLinking CXX executable unittest_trajectory_generator_lin[0m
[112.600s] [ 91%] [32m[1mLinking CXX executable unittest_trajectory_generator_ptp[0m
[112.830s] [ 92%] [32m[1mLinking CXX executable unittest_trajectory_functions[0m
[113.167s] [ 92%] Built target unittest_trajectory_generator_lin
[113.364s] [ 92%] Built target unittest_trajectory_generator_ptp
[113.457s] [ 93%] [32m[1mLinking CXX executable unittest_pilz_industrial_motion_planner[0m
[113.722s] [ 93%] Built target unittest_trajectory_functions
[114.254s] [ 93%] Built target unittest_pilz_industrial_motion_planner
[116.318s] [ 95%] [32m[1mLinking CXX executable unittest_planning_context_loaders[0m
[116.709s] [ 96%] [32m[1mLinking CXX executable unittest_trajectory_blender_transition_window[0m
[117.120s] [ 97%] [32m[1mLinking CXX executable unittest_planning_context[0m
[117.277s] [ 97%] Built target unittest_planning_context_loaders
[117.456s] [ 97%] Built target unittest_trajectory_blender_transition_window
[117.844s] [ 97%] Built target unittest_planning_context
[119.251s] [ 98%] [32m[1mLinking CXX executable unittest_trajectory_generator_circ[0m
[119.882s] [ 98%] Built target unittest_trajectory_generator_circ
[123.425s] [100%] [32m[1mLinking CXX executable unittest_trajectory_generator_common[0m
[124.019s] [100%] Built target unittest_trajectory_generator_common
[124.036s] Invoked command in '/home/tyler/mycobot_ROS2/moveit_tutorial_ws/build/pilz_industrial_motion_planner' returned '0': AMENT_PREFIX_PATH=/home/tyler/mycobot_ROS2/moveit_tutorial_ws/install/moveit_resources_prbt_pg70_support:/home/tyler/mycobot_ROS2/moveit_tutorial_ws/install/moveit_ros_planning_interface:/home/tyler/mycobot_ROS2/moveit_tutorial_ws/install/moveit_resources_prbt_moveit_config:/home/tyler/mycobot_ROS2/moveit_tutorial_ws/install/moveit_ros_move_group:/home/tyler/mycobot_ROS2/moveit_tutorial_ws/install/moveit_ros_warehouse:/home/tyler/mycobot_ROS2/moveit_tutorial_ws/install/moveit_kinematics:/home/tyler/mycobot_ROS2/moveit_tutorial_ws/install/moveit_ros_planning:/home/tyler/mycobot_ROS2/moveit_tutorial_ws/install/pilz_industrial_motion_planner_testutils:/home/tyler/mycobot_ROS2/moveit_tutorial_ws/install/moveit_ros_occupancy_map_monitor:/home/tyler/mycobot_ROS2/moveit_tutorial_ws/install/moveit_resources_prbt_ikfast_manipulator_plugin:/home/tyler/mycobot_ROS2/moveit_tutorial_ws/install/moveit_core:/home/tyler/mycobot_ROS2/moveit_tutorial_ws/install/moveit_resources_panda_moveit_config:/home/tyler/mycobot_ROS2/moveit_tutorial_ws/install/moveit_resources_prbt_support:/home/tyler/mycobot_ROS2/moveit_tutorial_ws/install/moveit_resources_panda_description:/home/tyler/mycobot_ROS2/moveit_tutorial_ws/install/moveit_msgs:/home/tyler/mycobot_ROS2/moveit_tutorial_ws/install/moveit_configs_utils:/home/tyler/mycobot_ROS2/moveit_tutorial_ws/install/moveit_common:${AMENT_PREFIX_PATH} CMAKE_PREFIX_PATH=/home/tyler/mycobot_ROS2/moveit_tutorial_ws/install/moveit_resources_prbt_pg70_support:/home/tyler/mycobot_ROS2/moveit_tutorial_ws/install/moveit_ros_planning_interface:/home/tyler/mycobot_ROS2/moveit_tutorial_ws/install/moveit_resources_prbt_moveit_config:/home/tyler/mycobot_ROS2/moveit_tutorial_ws/install/moveit_ros_move_group:/home/tyler/mycobot_ROS2/moveit_tutorial_ws/install/moveit_ros_warehouse:/home/tyler/mycobot_ROS2/moveit_tutorial_ws/install/moveit_kinematics:/home/tyler/mycobot_ROS2/moveit_tutorial_ws/install/moveit_ros_planning:/home/tyler/mycobot_ROS2/moveit_tutorial_ws/install/pilz_industrial_motion_planner_testutils:/home/tyler/mycobot_ROS2/moveit_tutorial_ws/install/moveit_ros_occupancy_map_monitor:/home/tyler/mycobot_ROS2/moveit_tutorial_ws/install/moveit_resources_prbt_ikfast_manipulator_plugin:/home/tyler/mycobot_ROS2/moveit_tutorial_ws/install/moveit_core:/home/tyler/mycobot_ROS2/moveit_tutorial_ws/install/moveit_resources_panda_moveit_config:/home/tyler/mycobot_ROS2/moveit_tutorial_ws/install/moveit_resources_prbt_support:/home/tyler/mycobot_ROS2/moveit_tutorial_ws/install/moveit_resources_panda_description:/home/tyler/mycobot_ROS2/moveit_tutorial_ws/install/moveit_msgs:/home/tyler/mycobot_ROS2/moveit_tutorial_ws/install/moveit_common:/home/tyler/mycobot_ROS2/colcon_ws/install/mypalletizer_interfaces:/home/tyler/mycobot_ROS2/colcon_ws/install/mycobot_interfaces:/home/tyler/mycobot_ROS2/colcon_ws/install/mecharm_interfaces:/home/tyler/mycobot_ROS2/colcon_ws/install/ultraarm:/home/tyler/mycobot_ROS2/colcon_ws/install/mypalletizer_260_pi:/home/tyler/mycobot_ROS2/colcon_ws/install/mypalletizer_260:/home/tyler/mycobot_ROS2/colcon_ws/install/mypalletizer_communication:/home/tyler/mycobot_ROS2/colcon_ws/install/mycobot_320pi:/home/tyler/mycobot_ROS2/colcon_ws/install/mycobot_320:/home/tyler/mycobot_ROS2/colcon_ws/install/mycobot_280pi:/home/tyler/mycobot_ROS2/colcon_ws/install/mycobot_280jn:/home/tyler/mycobot_ROS2/colcon_ws/install/mycobot_280_x3pi:/home/tyler/mycobot_ROS2/colcon_ws/install/mycobot_280:/home/tyler/mycobot_ROS2/colcon_ws/install/myarm_300:/home/tyler/mycobot_ROS2/colcon_ws/install/mycobot_communication:/home/tyler/mycobot_ROS2/colcon_ws/install/mecharm_pi:/home/tyler/mycobot_ROS2/colcon_ws/install/mecharm:/home/tyler/mycobot_ROS2/colcon_ws/install/mecharm_communication:/home/tyler/mycobot_ROS2/colcon_ws/install/mybuddy:/home/tyler/mycobot_ROS2/colcon_ws/install/mycobot_description:/opt/ros/humble LD_LIBRARY_PATH=/home/tyler/mycobot_ROS2/moveit_tutorial_ws/install/moveit_ros_planning_interface/lib:/home/tyler/mycobot_ROS2/moveit_tutorial_ws/install/moveit_ros_move_group/lib:/home/tyler/mycobot_ROS2/moveit_tutorial_ws/install/moveit_ros_warehouse/lib:/home/tyler/mycobot_ROS2/moveit_tutorial_ws/install/moveit_kinematics/lib:/home/tyler/mycobot_ROS2/moveit_tutorial_ws/install/moveit_ros_planning/lib:/home/tyler/mycobot_ROS2/moveit_tutorial_ws/install/pilz_industrial_motion_planner_testutils/lib:/home/tyler/mycobot_ROS2/moveit_tutorial_ws/install/moveit_ros_occupancy_map_monitor/lib:/home/tyler/mycobot_ROS2/moveit_tutorial_ws/install/moveit_resources_prbt_ikfast_manipulator_plugin/lib:/home/tyler/mycobot_ROS2/moveit_tutorial_ws/install/moveit_core/lib:/home/tyler/mycobot_ROS2/moveit_tutorial_ws/install/moveit_msgs/lib:${LD_LIBRARY_PATH} MYSQL_PS1=(\u@\h) [\d]> PATH=/home/tyler/mycobot_ROS2/moveit_tutorial_ws/install/moveit_core/bin:${PATH} PYTHONPATH=/home/tyler/mycobot_ROS2/moveit_tutorial_ws/install/moveit_msgs/local/lib/python3.10/dist-packages:/home/tyler/mycobot_ROS2/moveit_tutorial_ws/install/moveit_configs_utils/lib/python3.10/site-packages:${PYTHONPATH} /usr/bin/cmake --build /home/tyler/mycobot_ROS2/moveit_tutorial_ws/build/pilz_industrial_motion_planner -- -j16 -l16
[124.168s] Invoking command in '/home/tyler/mycobot_ROS2/moveit_tutorial_ws/build/pilz_industrial_motion_planner': AMENT_PREFIX_PATH=/home/tyler/mycobot_ROS2/moveit_tutorial_ws/install/moveit_resources_prbt_pg70_support:/home/tyler/mycobot_ROS2/moveit_tutorial_ws/install/moveit_ros_planning_interface:/home/tyler/mycobot_ROS2/moveit_tutorial_ws/install/moveit_resources_prbt_moveit_config:/home/tyler/mycobot_ROS2/moveit_tutorial_ws/install/moveit_ros_move_group:/home/tyler/mycobot_ROS2/moveit_tutorial_ws/install/moveit_ros_warehouse:/home/tyler/mycobot_ROS2/moveit_tutorial_ws/install/moveit_kinematics:/home/tyler/mycobot_ROS2/moveit_tutorial_ws/install/moveit_ros_planning:/home/tyler/mycobot_ROS2/moveit_tutorial_ws/install/pilz_industrial_motion_planner_testutils:/home/tyler/mycobot_ROS2/moveit_tutorial_ws/install/moveit_ros_occupancy_map_monitor:/home/tyler/mycobot_ROS2/moveit_tutorial_ws/install/moveit_resources_prbt_ikfast_manipulator_plugin:/home/tyler/mycobot_ROS2/moveit_tutorial_ws/install/moveit_core:/home/tyler/mycobot_ROS2/moveit_tutorial_ws/install/moveit_resources_panda_moveit_config:/home/tyler/mycobot_ROS2/moveit_tutorial_ws/install/moveit_resources_prbt_support:/home/tyler/mycobot_ROS2/moveit_tutorial_ws/install/moveit_resources_panda_description:/home/tyler/mycobot_ROS2/moveit_tutorial_ws/install/moveit_msgs:/home/tyler/mycobot_ROS2/moveit_tutorial_ws/install/moveit_configs_utils:/home/tyler/mycobot_ROS2/moveit_tutorial_ws/install/moveit_common:${AMENT_PREFIX_PATH} CMAKE_PREFIX_PATH=/home/tyler/mycobot_ROS2/moveit_tutorial_ws/install/moveit_resources_prbt_pg70_support:/home/tyler/mycobot_ROS2/moveit_tutorial_ws/install/moveit_ros_planning_interface:/home/tyler/mycobot_ROS2/moveit_tutorial_ws/install/moveit_resources_prbt_moveit_config:/home/tyler/mycobot_ROS2/moveit_tutorial_ws/install/moveit_ros_move_group:/home/tyler/mycobot_ROS2/moveit_tutorial_ws/install/moveit_ros_warehouse:/home/tyler/mycobot_ROS2/moveit_tutorial_ws/install/moveit_kinematics:/home/tyler/mycobot_ROS2/moveit_tutorial_ws/install/moveit_ros_planning:/home/tyler/mycobot_ROS2/moveit_tutorial_ws/install/pilz_industrial_motion_planner_testutils:/home/tyler/mycobot_ROS2/moveit_tutorial_ws/install/moveit_ros_occupancy_map_monitor:/home/tyler/mycobot_ROS2/moveit_tutorial_ws/install/moveit_resources_prbt_ikfast_manipulator_plugin:/home/tyler/mycobot_ROS2/moveit_tutorial_ws/install/moveit_core:/home/tyler/mycobot_ROS2/moveit_tutorial_ws/install/moveit_resources_panda_moveit_config:/home/tyler/mycobot_ROS2/moveit_tutorial_ws/install/moveit_resources_prbt_support:/home/tyler/mycobot_ROS2/moveit_tutorial_ws/install/moveit_resources_panda_description:/home/tyler/mycobot_ROS2/moveit_tutorial_ws/install/moveit_msgs:/home/tyler/mycobot_ROS2/moveit_tutorial_ws/install/moveit_common:/home/tyler/mycobot_ROS2/colcon_ws/install/mypalletizer_interfaces:/home/tyler/mycobot_ROS2/colcon_ws/install/mycobot_interfaces:/home/tyler/mycobot_ROS2/colcon_ws/install/mecharm_interfaces:/home/tyler/mycobot_ROS2/colcon_ws/install/ultraarm:/home/tyler/mycobot_ROS2/colcon_ws/install/mypalletizer_260_pi:/home/tyler/mycobot_ROS2/colcon_ws/install/mypalletizer_260:/home/tyler/mycobot_ROS2/colcon_ws/install/mypalletizer_communication:/home/tyler/mycobot_ROS2/colcon_ws/install/mycobot_320pi:/home/tyler/mycobot_ROS2/colcon_ws/install/mycobot_320:/home/tyler/mycobot_ROS2/colcon_ws/install/mycobot_280pi:/home/tyler/mycobot_ROS2/colcon_ws/install/mycobot_280jn:/home/tyler/mycobot_ROS2/colcon_ws/install/mycobot_280_x3pi:/home/tyler/mycobot_ROS2/colcon_ws/install/mycobot_280:/home/tyler/mycobot_ROS2/colcon_ws/install/myarm_300:/home/tyler/mycobot_ROS2/colcon_ws/install/mycobot_communication:/home/tyler/mycobot_ROS2/colcon_ws/install/mecharm_pi:/home/tyler/mycobot_ROS2/colcon_ws/install/mecharm:/home/tyler/mycobot_ROS2/colcon_ws/install/mecharm_communication:/home/tyler/mycobot_ROS2/colcon_ws/install/mybuddy:/home/tyler/mycobot_ROS2/colcon_ws/install/mycobot_description:/opt/ros/humble LD_LIBRARY_PATH=/home/tyler/mycobot_ROS2/moveit_tutorial_ws/install/moveit_ros_planning_interface/lib:/home/tyler/mycobot_ROS2/moveit_tutorial_ws/install/moveit_ros_move_group/lib:/home/tyler/mycobot_ROS2/moveit_tutorial_ws/install/moveit_ros_warehouse/lib:/home/tyler/mycobot_ROS2/moveit_tutorial_ws/install/moveit_kinematics/lib:/home/tyler/mycobot_ROS2/moveit_tutorial_ws/install/moveit_ros_planning/lib:/home/tyler/mycobot_ROS2/moveit_tutorial_ws/install/pilz_industrial_motion_planner_testutils/lib:/home/tyler/mycobot_ROS2/moveit_tutorial_ws/install/moveit_ros_occupancy_map_monitor/lib:/home/tyler/mycobot_ROS2/moveit_tutorial_ws/install/moveit_resources_prbt_ikfast_manipulator_plugin/lib:/home/tyler/mycobot_ROS2/moveit_tutorial_ws/install/moveit_core/lib:/home/tyler/mycobot_ROS2/moveit_tutorial_ws/install/moveit_msgs/lib:${LD_LIBRARY_PATH} MYSQL_PS1=(\u@\h) [\d]> PATH=/home/tyler/mycobot_ROS2/moveit_tutorial_ws/install/moveit_core/bin:${PATH} PYTHONPATH=/home/tyler/mycobot_ROS2/moveit_tutorial_ws/install/moveit_msgs/local/lib/python3.10/dist-packages:/home/tyler/mycobot_ROS2/moveit_tutorial_ws/install/moveit_configs_utils/lib/python3.10/site-packages:${PYTHONPATH} /usr/bin/cmake --install /home/tyler/mycobot_ROS2/moveit_tutorial_ws/build/pilz_industrial_motion_planner
[124.178s] -- Install configuration: "Release"
[124.178s] -- Installing: /home/tyler/mycobot_ROS2/moveit_tutorial_ws/install/pilz_industrial_motion_planner/include/cartesian_limits_parameters
[124.178s] -- Installing: /home/tyler/mycobot_ROS2/moveit_tutorial_ws/install/pilz_industrial_motion_planner/include/cartesian_limits_parameters/cartesian_limits_parameters.hpp
[124.179s] -- Installing: /home/tyler/mycobot_ROS2/moveit_tutorial_ws/install/pilz_industrial_motion_planner/share/pilz_industrial_motion_planner/plugins/pilz_industrial_motion_planner_plugin_description.xml
[124.187s] -- Installing: /home/tyler/mycobot_ROS2/moveit_tutorial_ws/install/pilz_industrial_motion_planner/share/pilz_industrial_motion_planner/plugins/sequence_capability_plugin_description.xml
[124.187s] -- Installing: /home/tyler/mycobot_ROS2/moveit_tutorial_ws/install/pilz_industrial_motion_planner/share/pilz_industrial_motion_planner/plugins/planning_context_plugin_description.xml
[124.188s] -- Installing: /home/tyler/mycobot_ROS2/moveit_tutorial_ws/install/pilz_industrial_motion_planner/lib/libpilz_industrial_motion_planner.so
[124.188s] -- Set runtime path of "/home/tyler/mycobot_ROS2/moveit_tutorial_ws/install/pilz_industrial_motion_planner/lib/libpilz_industrial_motion_planner.so" to ""
[124.188s] -- Installing: /home/tyler/mycobot_ROS2/moveit_tutorial_ws/install/pilz_industrial_motion_planner/lib/libjoint_limits_common.so
[124.189s] -- Set runtime path of "/home/tyler/mycobot_ROS2/moveit_tutorial_ws/install/pilz_industrial_motion_planner/lib/libjoint_limits_common.so" to ""
[124.189s] -- Installing: /home/tyler/mycobot_ROS2/moveit_tutorial_ws/install/pilz_industrial_motion_planner/lib/libplanning_context_loader_base.so
[124.189s] -- Set runtime path of "/home/tyler/mycobot_ROS2/moveit_tutorial_ws/install/pilz_industrial_motion_planner/lib/libplanning_context_loader_base.so" to ""
[124.189s] -- Installing: /home/tyler/mycobot_ROS2/moveit_tutorial_ws/install/pilz_industrial_motion_planner/lib/libplanning_context_loader_ptp.so
[124.190s] -- Set runtime path of "/home/tyler/mycobot_ROS2/moveit_tutorial_ws/install/pilz_industrial_motion_planner/lib/libplanning_context_loader_ptp.so" to ""
[124.190s] -- Installing: /home/tyler/mycobot_ROS2/moveit_tutorial_ws/install/pilz_industrial_motion_planner/lib/libplanning_context_loader_lin.so
[124.190s] -- Set runtime path of "/home/tyler/mycobot_ROS2/moveit_tutorial_ws/install/pilz_industrial_motion_planner/lib/libplanning_context_loader_lin.so" to ""
[124.190s] -- Installing: /home/tyler/mycobot_ROS2/moveit_tutorial_ws/install/pilz_industrial_motion_planner/lib/libplanning_context_loader_circ.so
[124.191s] -- Set runtime path of "/home/tyler/mycobot_ROS2/moveit_tutorial_ws/install/pilz_industrial_motion_planner/lib/libplanning_context_loader_circ.so" to ""
[124.191s] -- Installing: /home/tyler/mycobot_ROS2/moveit_tutorial_ws/install/pilz_industrial_motion_planner/lib/libcommand_list_manager.so
[124.192s] -- Set runtime path of "/home/tyler/mycobot_ROS2/moveit_tutorial_ws/install/pilz_industrial_motion_planner/lib/libcommand_list_manager.so" to ""
[124.192s] -- Installing: /home/tyler/mycobot_ROS2/moveit_tutorial_ws/install/pilz_industrial_motion_planner/lib/libsequence_capability.so
[124.192s] -- Set runtime path of "/home/tyler/mycobot_ROS2/moveit_tutorial_ws/install/pilz_industrial_motion_planner/lib/libsequence_capability.so" to ""
[124.193s] -- Installing: /home/tyler/mycobot_ROS2/moveit_tutorial_ws/install/pilz_industrial_motion_planner/lib/libtrajectory_generation_common.so
[124.193s] -- Set runtime path of "/home/tyler/mycobot_ROS2/moveit_tutorial_ws/install/pilz_industrial_motion_planner/lib/libtrajectory_generation_common.so" to ""
[124.193s] -- Installing: /home/tyler/mycobot_ROS2/moveit_tutorial_ws/install/pilz_industrial_motion_planner/include/pilz_industrial_motion_planner
[124.193s] -- Installing: /home/tyler/mycobot_ROS2/moveit_tutorial_ws/install/pilz_industrial_motion_planner/include/pilz_industrial_motion_planner/joint_limits_copy
[124.194s] -- Installing: /home/tyler/mycobot_ROS2/moveit_tutorial_ws/install/pilz_industrial_motion_planner/include/pilz_industrial_motion_planner/joint_limits_copy/joint_limits.hpp
[124.194s] -- Installing: /home/tyler/mycobot_ROS2/moveit_tutorial_ws/install/pilz_industrial_motion_planner/include/pilz_industrial_motion_planner/joint_limits_copy/joint_limits_rosparam.hpp
[124.194s] -- Installing: /home/tyler/mycobot_ROS2/moveit_tutorial_ws/install/pilz_industrial_motion_planner/include/pilz_industrial_motion_planner/pilz_industrial_motion_planner
[124.194s] -- Installing: /home/tyler/mycobot_ROS2/moveit_tutorial_ws/install/pilz_industrial_motion_planner/include/pilz_industrial_motion_planner/pilz_industrial_motion_planner/trajectory_generator_ptp.h
[124.194s] -- Installing: /home/tyler/mycobot_ROS2/moveit_tutorial_ws/install/pilz_industrial_motion_planner/include/pilz_industrial_motion_planner/pilz_industrial_motion_planner/joint_limits_container.h
[124.194s] -- Installing: /home/tyler/mycobot_ROS2/moveit_tutorial_ws/install/pilz_industrial_motion_planner/include/pilz_industrial_motion_planner/pilz_industrial_motion_planner/limits_container.h
[124.194s] -- Installing: /home/tyler/mycobot_ROS2/moveit_tutorial_ws/install/pilz_industrial_motion_planner/include/pilz_industrial_motion_planner/pilz_industrial_motion_planner/planning_exceptions.h
[124.194s] -- Installing: /home/tyler/mycobot_ROS2/moveit_tutorial_ws/install/pilz_industrial_motion_planner/include/pilz_industrial_motion_planner/pilz_industrial_motion_planner/trajectory_functions.h
[124.194s] -- Installing: /home/tyler/mycobot_ROS2/moveit_tutorial_ws/install/pilz_industrial_motion_planner/include/pilz_industrial_motion_planner/pilz_industrial_motion_planner/planning_context_circ.h
[124.194s] -- Installing: /home/tyler/mycobot_ROS2/moveit_tutorial_ws/install/pilz_industrial_motion_planner/include/pilz_industrial_motion_planner/pilz_industrial_motion_planner/cartesian_trajectory.h
[124.194s] -- Installing: /home/tyler/mycobot_ROS2/moveit_tutorial_ws/install/pilz_industrial_motion_planner/include/pilz_industrial_motion_planner/pilz_industrial_motion_planner/tip_frame_getter.h
[124.194s] -- Installing: /home/tyler/mycobot_ROS2/moveit_tutorial_ws/install/pilz_industrial_motion_planner/include/pilz_industrial_motion_planner/pilz_industrial_motion_planner/joint_limits_extension.h
[124.194s] -- Installing: /home/tyler/mycobot_ROS2/moveit_tutorial_ws/install/pilz_industrial_motion_planner/include/pilz_industrial_motion_planner/pilz_industrial_motion_planner/trajectory_generator_lin.h
[124.195s] -- Installing: /home/tyler/mycobot_ROS2/moveit_tutorial_ws/install/pilz_industrial_motion_planner/include/pilz_industrial_motion_planner/pilz_industrial_motion_planner/trajectory_blender_transition_window.h
[124.195s] -- Installing: /home/tyler/mycobot_ROS2/moveit_tutorial_ws/install/pilz_industrial_motion_planner/include/pilz_industrial_motion_planner/pilz_industrial_motion_planner/path_circle_generator.h
[124.195s] -- Installing: /home/tyler/mycobot_ROS2/moveit_tutorial_ws/install/pilz_industrial_motion_planner/include/pilz_industrial_motion_planner/pilz_industrial_motion_planner/move_group_sequence_service.h
[124.195s] -- Installing: /home/tyler/mycobot_ROS2/moveit_tutorial_ws/install/pilz_industrial_motion_planner/include/pilz_industrial_motion_planner/pilz_industrial_motion_planner/trajectory_generation_exceptions.h
[124.195s] -- Installing: /home/tyler/mycobot_ROS2/moveit_tutorial_ws/install/pilz_industrial_motion_planner/include/pilz_industrial_motion_planner/pilz_industrial_motion_planner/trajectory_generator_circ.h
[124.195s] -- Installing: /home/tyler/mycobot_ROS2/moveit_tutorial_ws/install/pilz_industrial_motion_planner/include/pilz_industrial_motion_planner/pilz_industrial_motion_planner/planning_context_ptp.h
[124.195s] -- Installing: /home/tyler/mycobot_ROS2/moveit_tutorial_ws/install/pilz_industrial_motion_planner/include/pilz_industrial_motion_planner/pilz_industrial_motion_planner/joint_limits_aggregator.h
[124.195s] -- Installing: /home/tyler/mycobot_ROS2/moveit_tutorial_ws/install/pilz_industrial_motion_planner/include/pilz_industrial_motion_planner/pilz_industrial_motion_planner/trajectory_blend_response.h
[124.195s] -- Installing: /home/tyler/mycobot_ROS2/moveit_tutorial_ws/install/pilz_industrial_motion_planner/include/pilz_industrial_motion_planner/pilz_industrial_motion_planner/command_list_manager.h
[124.195s] -- Installing: /home/tyler/mycobot_ROS2/moveit_tutorial_ws/install/pilz_industrial_motion_planner/include/pilz_industrial_motion_planner/pilz_industrial_motion_planner/move_group_sequence_action.h
[124.195s] -- Installing: /home/tyler/mycobot_ROS2/moveit_tutorial_ws/install/pilz_industrial_motion_planner/include/pilz_industrial_motion_planner/pilz_industrial_motion_planner/joint_limits_validator.h
[124.195s] -- Installing: /home/tyler/mycobot_ROS2/moveit_tutorial_ws/install/pilz_industrial_motion_planner/include/pilz_industrial_motion_planner/pilz_industrial_motion_planner/plan_components_builder.h
[124.195s] -- Installing: /home/tyler/mycobot_ROS2/moveit_tutorial_ws/install/pilz_industrial_motion_planner/include/pilz_industrial_motion_planner/pilz_industrial_motion_planner/pilz_industrial_motion_planner.h
[124.196s] -- Installing: /home/tyler/mycobot_ROS2/moveit_tutorial_ws/install/pilz_industrial_motion_planner/include/pilz_industrial_motion_planner/pilz_industrial_motion_planner/trajectory_generator.h
[124.196s] -- Installing: /home/tyler/mycobot_ROS2/moveit_tutorial_ws/install/pilz_industrial_motion_planner/include/pilz_industrial_motion_planner/pilz_industrial_motion_planner/joint_limits_interface_extension.h
[124.196s] -- Installing: /home/tyler/mycobot_ROS2/moveit_tutorial_ws/install/pilz_industrial_motion_planner/include/pilz_industrial_motion_planner/pilz_industrial_motion_planner/planning_context_loader_ptp.h
[124.196s] -- Installing: /home/tyler/mycobot_ROS2/moveit_tutorial_ws/install/pilz_industrial_motion_planner/include/pilz_industrial_motion_planner/pilz_industrial_motion_planner/planning_context_loader.h
[124.196s] -- Installing: /home/tyler/mycobot_ROS2/moveit_tutorial_ws/install/pilz_industrial_motion_planner/include/pilz_industrial_motion_planner/pilz_industrial_motion_planner/cartesian_trajectory_point.h
[124.196s] -- Installing: /home/tyler/mycobot_ROS2/moveit_tutorial_ws/install/pilz_industrial_motion_planner/include/pilz_industrial_motion_planner/pilz_industrial_motion_planner/planning_context_loader_lin.h
[124.196s] -- Installing: /home/tyler/mycobot_ROS2/moveit_tutorial_ws/install/pilz_industrial_motion_planner/include/pilz_industrial_motion_planner/pilz_industrial_motion_planner/trajectory_blend_request.h
[124.196s] -- Installing: /home/tyler/mycobot_ROS2/moveit_tutorial_ws/install/pilz_industrial_motion_planner/include/pilz_industrial_motion_planner/pilz_industrial_motion_planner/capability_names.h
[124.196s] -- Installing: /home/tyler/mycobot_ROS2/moveit_tutorial_ws/install/pilz_industrial_motion_planner/include/pilz_industrial_motion_planner/pilz_industrial_motion_planner/planning_context_base.h
[124.196s] -- Installing: /home/tyler/mycobot_ROS2/moveit_tutorial_ws/install/pilz_industrial_motion_planner/include/pilz_industrial_motion_planner/pilz_industrial_motion_planner/planning_context_lin.h
[124.196s] -- Installing: /home/tyler/mycobot_ROS2/moveit_tutorial_ws/install/pilz_industrial_motion_planner/include/pilz_industrial_motion_planner/pilz_industrial_motion_planner/planning_context_loader_circ.h
[124.196s] -- Installing: /home/tyler/mycobot_ROS2/moveit_tutorial_ws/install/pilz_industrial_motion_planner/include/pilz_industrial_motion_planner/pilz_industrial_motion_planner/velocity_profile_atrap.h
[124.196s] -- Installing: /home/tyler/mycobot_ROS2/moveit_tutorial_ws/install/pilz_industrial_motion_planner/include/pilz_industrial_motion_planner/pilz_industrial_motion_planner/trajectory_blender.h
[124.197s] -- Installing: /home/tyler/mycobot_ROS2/moveit_tutorial_ws/install/pilz_industrial_motion_planner/share/pilz_industrial_motion_planner/environment/library_path.sh
[124.197s] -- Installing: /home/tyler/mycobot_ROS2/moveit_tutorial_ws/install/pilz_industrial_motion_planner/share/pilz_industrial_motion_planner/environment/library_path.dsv
[124.198s] -- Installing: /home/tyler/mycobot_ROS2/moveit_tutorial_ws/install/pilz_industrial_motion_planner/lib/pilz_industrial_motion_planner/unittest_pilz_industrial_motion_planner_direct
[124.199s] -- Set runtime path of "/home/tyler/mycobot_ROS2/moveit_tutorial_ws/install/pilz_industrial_motion_planner/lib/pilz_industrial_motion_planner/unittest_pilz_industrial_motion_planner_direct" to ""
[124.199s] -- Installing: /home/tyler/mycobot_ROS2/moveit_tutorial_ws/install/pilz_industrial_motion_planner/lib/pilz_industrial_motion_planner/unittest_velocity_profile_atrap
[124.201s] -- Set runtime path of "/home/tyler/mycobot_ROS2/moveit_tutorial_ws/install/pilz_industrial_motion_planner/lib/pilz_industrial_motion_planner/unittest_velocity_profile_atrap" to ""
[124.201s] -- Installing: /home/tyler/mycobot_ROS2/moveit_tutorial_ws/install/pilz_industrial_motion_planner/lib/pilz_industrial_motion_planner/unittest_trajectory_generator
[124.202s] -- Set runtime path of "/home/tyler/mycobot_ROS2/moveit_tutorial_ws/install/pilz_industrial_motion_planner/lib/pilz_industrial_motion_planner/unittest_trajectory_generator" to ""
[124.202s] -- Installing: /home/tyler/mycobot_ROS2/moveit_tutorial_ws/install/pilz_industrial_motion_planner/lib/pilz_industrial_motion_planner/unittest_trajectory_functions
[124.203s] -- Set runtime path of "/home/tyler/mycobot_ROS2/moveit_tutorial_ws/install/pilz_industrial_motion_planner/lib/pilz_industrial_motion_planner/unittest_trajectory_functions" to ""
[124.204s] -- Installing: /home/tyler/mycobot_ROS2/moveit_tutorial_ws/install/pilz_industrial_motion_planner/lib/pilz_industrial_motion_planner/unittest_trajectory_blender_transition_window
[124.205s] -- Set runtime path of "/home/tyler/mycobot_ROS2/moveit_tutorial_ws/install/pilz_industrial_motion_planner/lib/pilz_industrial_motion_planner/unittest_trajectory_blender_transition_window" to ""
[124.205s] -- Installing: /home/tyler/mycobot_ROS2/moveit_tutorial_ws/install/pilz_industrial_motion_planner/lib/pilz_industrial_motion_planner/unittest_trajectory_generator_common
[124.208s] -- Set runtime path of "/home/tyler/mycobot_ROS2/moveit_tutorial_ws/install/pilz_industrial_motion_planner/lib/pilz_industrial_motion_planner/unittest_trajectory_generator_common" to ""
[124.208s] -- Installing: /home/tyler/mycobot_ROS2/moveit_tutorial_ws/install/pilz_industrial_motion_planner/lib/pilz_industrial_motion_planner/unittest_trajectory_generator_circ
[124.210s] -- Set runtime path of "/home/tyler/mycobot_ROS2/moveit_tutorial_ws/install/pilz_industrial_motion_planner/lib/pilz_industrial_motion_planner/unittest_trajectory_generator_circ" to ""
[124.210s] -- Installing: /home/tyler/mycobot_ROS2/moveit_tutorial_ws/install/pilz_industrial_motion_planner/lib/pilz_industrial_motion_planner/unittest_trajectory_generator_lin
[124.211s] -- Set runtime path of "/home/tyler/mycobot_ROS2/moveit_tutorial_ws/install/pilz_industrial_motion_planner/lib/pilz_industrial_motion_planner/unittest_trajectory_generator_lin" to ""
[124.211s] -- Installing: /home/tyler/mycobot_ROS2/moveit_tutorial_ws/install/pilz_industrial_motion_planner/lib/pilz_industrial_motion_planner/unittest_trajectory_generator_ptp
[124.213s] -- Set runtime path of "/home/tyler/mycobot_ROS2/moveit_tutorial_ws/install/pilz_industrial_motion_planner/lib/pilz_industrial_motion_planner/unittest_trajectory_generator_ptp" to ""
[124.213s] -- Installing: /home/tyler/mycobot_ROS2/moveit_tutorial_ws/install/pilz_industrial_motion_planner/lib/pilz_industrial_motion_planner/unittest_pilz_industrial_motion_planner
[124.215s] -- Set runtime path of "/home/tyler/mycobot_ROS2/moveit_tutorial_ws/install/pilz_industrial_motion_planner/lib/pilz_industrial_motion_planner/unittest_pilz_industrial_motion_planner" to ""
[124.215s] -- Installing: /home/tyler/mycobot_ROS2/moveit_tutorial_ws/install/pilz_industrial_motion_planner/lib/pilz_industrial_motion_planner/unittest_joint_limit
[124.216s] -- Set runtime path of "/home/tyler/mycobot_ROS2/moveit_tutorial_ws/install/pilz_industrial_motion_planner/lib/pilz_industrial_motion_planner/unittest_joint_limit" to ""
[124.216s] -- Installing: /home/tyler/mycobot_ROS2/moveit_tutorial_ws/install/pilz_industrial_motion_planner/lib/pilz_industrial_motion_planner/unittest_joint_limits_aggregator
[124.217s] -- Set runtime path of "/home/tyler/mycobot_ROS2/moveit_tutorial_ws/install/pilz_industrial_motion_planner/lib/pilz_industrial_motion_planner/unittest_joint_limits_aggregator" to ""
[124.218s] -- Installing: /home/tyler/mycobot_ROS2/moveit_tutorial_ws/install/pilz_industrial_motion_planner/lib/pilz_industrial_motion_planner/unittest_joint_limits_container
[124.218s] -- Set runtime path of "/home/tyler/mycobot_ROS2/moveit_tutorial_ws/install/pilz_industrial_motion_planner/lib/pilz_industrial_motion_planner/unittest_joint_limits_container" to ""
[124.218s] -- Installing: /home/tyler/mycobot_ROS2/moveit_tutorial_ws/install/pilz_industrial_motion_planner/lib/pilz_industrial_motion_planner/unittest_joint_limits_validator
[124.220s] -- Set runtime path of "/home/tyler/mycobot_ROS2/moveit_tutorial_ws/install/pilz_industrial_motion_planner/lib/pilz_industrial_motion_planner/unittest_joint_limits_validator" to ""
[124.220s] -- Installing: /home/tyler/mycobot_ROS2/moveit_tutorial_ws/install/pilz_industrial_motion_planner/lib/pilz_industrial_motion_planner/unittest_planning_context_loaders
[124.221s] -- Set runtime path of "/home/tyler/mycobot_ROS2/moveit_tutorial_ws/install/pilz_industrial_motion_planner/lib/pilz_industrial_motion_planner/unittest_planning_context_loaders" to ""
[124.221s] -- Installing: /home/tyler/mycobot_ROS2/moveit_tutorial_ws/install/pilz_industrial_motion_planner/lib/pilz_industrial_motion_planner/unittest_planning_context
[124.223s] -- Set runtime path of "/home/tyler/mycobot_ROS2/moveit_tutorial_ws/install/pilz_industrial_motion_planner/lib/pilz_industrial_motion_planner/unittest_planning_context" to ""
[124.223s] -- Installing: /home/tyler/mycobot_ROS2/moveit_tutorial_ws/install/pilz_industrial_motion_planner/lib/pilz_industrial_motion_planner/unittest_get_solver_tip_frame
[124.224s] -- Set runtime path of "/home/tyler/mycobot_ROS2/moveit_tutorial_ws/install/pilz_industrial_motion_planner/lib/pilz_industrial_motion_planner/unittest_get_solver_tip_frame" to ""
[124.225s] -- Installing: /home/tyler/mycobot_ROS2/moveit_tutorial_ws/install/pilz_industrial_motion_planner/share/pilz_industrial_motion_planner/config
[124.225s] -- Installing: /home/tyler/mycobot_ROS2/moveit_tutorial_ws/install/pilz_industrial_motion_planner/share/pilz_industrial_motion_planner/config/unittest_trajectory_blender_transition_window.yaml
[124.225s] -- Installing: /home/tyler/mycobot_ROS2/moveit_tutorial_ws/install/pilz_industrial_motion_planner/share/pilz_industrial_motion_planner/config/unittest_trajectory_generator_lin.yaml
[124.225s] -- Installing: /home/tyler/mycobot_ROS2/moveit_tutorial_ws/install/pilz_industrial_motion_planner/share/pilz_industrial_motion_planner/config/unittest_trajectory_functions.yaml
[124.225s] -- Installing: /home/tyler/mycobot_ROS2/moveit_tutorial_ws/install/pilz_industrial_motion_planner/share/pilz_industrial_motion_planner/config/unittest_joint_limits_aggregator.yaml
[124.225s] -- Installing: /home/tyler/mycobot_ROS2/moveit_tutorial_ws/install/pilz_industrial_motion_planner/share/pilz_industrial_motion_planner/config/unittest_trajectory_generator_ptp.yaml
[124.226s] -- Installing: /home/tyler/mycobot_ROS2/moveit_tutorial_ws/install/pilz_industrial_motion_planner/share/pilz_industrial_motion_planner/config/unittest_trajectory_generator_common.yaml
[124.226s] -- Installing: /home/tyler/mycobot_ROS2/moveit_tutorial_ws/install/pilz_industrial_motion_planner/share/pilz_industrial_motion_planner/config/unittest_joint_limit_config.yaml
[124.226s] -- Installing: /home/tyler/mycobot_ROS2/moveit_tutorial_ws/install/pilz_industrial_motion_planner/share/pilz_industrial_motion_planner/config/unittest_trajectory_generator_circ.yaml
[124.226s] -- Installing: /home/tyler/mycobot_ROS2/moveit_tutorial_ws/install/pilz_industrial_motion_planner/share/pilz_industrial_motion_planner/launch
[124.226s] -- Installing: /home/tyler/mycobot_ROS2/moveit_tutorial_ws/install/pilz_industrial_motion_planner/share/pilz_industrial_motion_planner/launch/unittest_trajectory_generator_common.test.py
[124.226s] -- Installing: /home/tyler/mycobot_ROS2/moveit_tutorial_ws/install/pilz_industrial_motion_planner/share/pilz_industrial_motion_planner/launch/unittest_planning_context_loaders.test.py
[124.226s] -- Installing: /home/tyler/mycobot_ROS2/moveit_tutorial_ws/install/pilz_industrial_motion_planner/share/pilz_industrial_motion_planner/launch/unittest_planning_context.test.py
[124.226s] -- Installing: /home/tyler/mycobot_ROS2/moveit_tutorial_ws/install/pilz_industrial_motion_planner/share/pilz_industrial_motion_planner/launch/unittest_trajectory_blender_transition_window.test.py
[124.226s] -- Installing: /home/tyler/mycobot_ROS2/moveit_tutorial_ws/install/pilz_industrial_motion_planner/share/pilz_industrial_motion_planner/launch/unittest_trajectory_generator_ptp.test.py
[124.226s] -- Installing: /home/tyler/mycobot_ROS2/moveit_tutorial_ws/install/pilz_industrial_motion_planner/share/pilz_industrial_motion_planner/launch/unittest_trajectory_generator_lin.test.py
[124.227s] -- Installing: /home/tyler/mycobot_ROS2/moveit_tutorial_ws/install/pilz_industrial_motion_planner/share/pilz_industrial_motion_planner/launch/unittest_cartesian_limits_aggregator.test.py
[124.227s] -- Installing: /home/tyler/mycobot_ROS2/moveit_tutorial_ws/install/pilz_industrial_motion_planner/share/pilz_industrial_motion_planner/launch/unittest_joint_limits_aggregator.test.py
[124.227s] -- Installing: /home/tyler/mycobot_ROS2/moveit_tutorial_ws/install/pilz_industrial_motion_planner/share/pilz_industrial_motion_planner/launch/unittest_trajectory_generator_circ.test.py
[124.227s] -- Installing: /home/tyler/mycobot_ROS2/moveit_tutorial_ws/install/pilz_industrial_motion_planner/share/pilz_industrial_motion_planner/launch/unittest_trajectory_functions.test.py
[124.227s] -- Installing: /home/tyler/mycobot_ROS2/moveit_tutorial_ws/install/pilz_industrial_motion_planner/share/pilz_industrial_motion_planner/launch/common_parameters.py
[124.227s] -- Installing: /home/tyler/mycobot_ROS2/moveit_tutorial_ws/install/pilz_industrial_motion_planner/share/pilz_industrial_motion_planner/launch/unittest_joint_limit.test.py
[124.227s] -- Installing: /home/tyler/mycobot_ROS2/moveit_tutorial_ws/install/pilz_industrial_motion_planner/share/pilz_industrial_motion_planner/launch/unittest_pilz_industrial_motion_planner.test.py
[124.228s] -- Installing: /home/tyler/mycobot_ROS2/moveit_tutorial_ws/install/pilz_industrial_motion_planner/share/pilz_industrial_motion_planner/test_data
[124.228s] -- Installing: /home/tyler/mycobot_ROS2/moveit_tutorial_ws/install/pilz_industrial_motion_planner/share/pilz_industrial_motion_planner/test_data/prbt
[124.228s] -- Installing: /home/tyler/mycobot_ROS2/moveit_tutorial_ws/install/pilz_industrial_motion_planner/share/pilz_industrial_motion_planner/test_data/prbt/testdata_sequence.xml
[124.228s] -- Installing: /home/tyler/mycobot_ROS2/moveit_tutorial_ws/install/pilz_industrial_motion_planner/share/pilz_industrial_motion_planner/test_data/prbt/testdata_with_gripper.xml
[124.228s] -- Installing: /home/tyler/mycobot_ROS2/moveit_tutorial_ws/install/pilz_industrial_motion_planner/share/pilz_industrial_motion_planner/test_data/prbt/testdata_deprecated.xml
[124.228s] -- Installing: /home/tyler/mycobot_ROS2/moveit_tutorial_ws/install/pilz_industrial_motion_planner/share/pilz_industrial_motion_planner/test_data/testpoints.py
[124.229s] -- Installing: /home/tyler/mycobot_ROS2/moveit_tutorial_ws/install/pilz_industrial_motion_planner/share/pilz_industrial_motion_planner/test_data/concept_testdata.odp
[124.229s] -- Installing: /home/tyler/mycobot_ROS2/moveit_tutorial_ws/install/pilz_industrial_motion_planner/share/pilz_industrial_motion_planner/test_data/concept_testdata.png
[124.229s] -- Installing: /home/tyler/mycobot_ROS2/moveit_tutorial_ws/install/pilz_industrial_motion_planner/share/pilz_industrial_motion_planner/test_data/frankaemika_panda
[124.230s] -- Installing: /home/tyler/mycobot_ROS2/moveit_tutorial_ws/install/pilz_industrial_motion_planner/share/pilz_industrial_motion_planner/test_data/frankaemika_panda/testdata_sequence.xml
[124.230s] -- Installing: /home/tyler/mycobot_ROS2/moveit_tutorial_ws/install/pilz_industrial_motion_planner/share/ament_index/resource_index/package_run_dependencies/pilz_industrial_motion_planner
[124.230s] -- Installing: /home/tyler/mycobot_ROS2/moveit_tutorial_ws/install/pilz_industrial_motion_planner/share/ament_index/resource_index/parent_prefix_path/pilz_industrial_motion_planner
[124.230s] -- Installing: /home/tyler/mycobot_ROS2/moveit_tutorial_ws/install/pilz_industrial_motion_planner/share/pilz_industrial_motion_planner/environment/ament_prefix_path.sh
[124.230s] -- Installing: /home/tyler/mycobot_ROS2/moveit_tutorial_ws/install/pilz_industrial_motion_planner/share/pilz_industrial_motion_planner/environment/ament_prefix_path.dsv
[124.230s] -- Installing: /home/tyler/mycobot_ROS2/moveit_tutorial_ws/install/pilz_industrial_motion_planner/share/pilz_industrial_motion_planner/environment/path.sh
[124.230s] -- Installing: /home/tyler/mycobot_ROS2/moveit_tutorial_ws/install/pilz_industrial_motion_planner/share/pilz_industrial_motion_planner/environment/path.dsv
[124.231s] -- Installing: /home/tyler/mycobot_ROS2/moveit_tutorial_ws/install/pilz_industrial_motion_planner/share/pilz_industrial_motion_planner/local_setup.bash
[124.231s] -- Installing: /home/tyler/mycobot_ROS2/moveit_tutorial_ws/install/pilz_industrial_motion_planner/share/pilz_industrial_motion_planner/local_setup.sh
[124.231s] -- Installing: /home/tyler/mycobot_ROS2/moveit_tutorial_ws/install/pilz_industrial_motion_planner/share/pilz_industrial_motion_planner/local_setup.zsh
[124.231s] -- Installing: /home/tyler/mycobot_ROS2/moveit_tutorial_ws/install/pilz_industrial_motion_planner/share/pilz_industrial_motion_planner/local_setup.dsv
[124.231s] -- Installing: /home/tyler/mycobot_ROS2/moveit_tutorial_ws/install/pilz_industrial_motion_planner/share/pilz_industrial_motion_planner/package.dsv
[124.231s] -- Installing: /home/tyler/mycobot_ROS2/moveit_tutorial_ws/install/pilz_industrial_motion_planner/share/ament_index/resource_index/packages/pilz_industrial_motion_planner
[124.231s] -- Installing: /home/tyler/mycobot_ROS2/moveit_tutorial_ws/install/pilz_industrial_motion_planner/share/ament_index/resource_index/moveit_core__pluginlib__plugin/pilz_industrial_motion_planner
[124.232s] -- Installing: /home/tyler/mycobot_ROS2/moveit_tutorial_ws/install/pilz_industrial_motion_planner/share/ament_index/resource_index/moveit_ros_move_group__pluginlib__plugin/pilz_industrial_motion_planner
[124.232s] -- Installing: /home/tyler/mycobot_ROS2/moveit_tutorial_ws/install/pilz_industrial_motion_planner/share/ament_index/resource_index/pilz_industrial_motion_planner__pluginlib__plugin/pilz_industrial_motion_planner
[124.232s] -- Installing: /home/tyler/mycobot_ROS2/moveit_tutorial_ws/install/pilz_industrial_motion_planner/share/pilz_industrial_motion_planner/cmake/pilz_industrial_motion_plannerTargetsExport.cmake
[124.233s] -- Installing: /home/tyler/mycobot_ROS2/moveit_tutorial_ws/install/pilz_industrial_motion_planner/share/pilz_industrial_motion_planner/cmake/pilz_industrial_motion_plannerTargetsExport-release.cmake
[124.233s] -- Installing: /home/tyler/mycobot_ROS2/moveit_tutorial_ws/install/pilz_industrial_motion_planner/share/pilz_industrial_motion_planner/cmake/ament_cmake_export_include_directories-extras.cmake
[124.233s] -- Installing: /home/tyler/mycobot_ROS2/moveit_tutorial_ws/install/pilz_industrial_motion_planner/share/pilz_industrial_motion_planner/cmake/ament_cmake_export_targets-extras.cmake
[124.233s] -- Installing: /home/tyler/mycobot_ROS2/moveit_tutorial_ws/install/pilz_industrial_motion_planner/share/pilz_industrial_motion_planner/cmake/ament_cmake_export_dependencies-extras.cmake
[124.233s] -- Installing: /home/tyler/mycobot_ROS2/moveit_tutorial_ws/install/pilz_industrial_motion_planner/share/pilz_industrial_motion_planner/cmake/pilz_industrial_motion_plannerConfig.cmake
[124.233s] -- Installing: /home/tyler/mycobot_ROS2/moveit_tutorial_ws/install/pilz_industrial_motion_planner/share/pilz_industrial_motion_planner/cmake/pilz_industrial_motion_plannerConfig-version.cmake
[124.233s] -- Installing: /home/tyler/mycobot_ROS2/moveit_tutorial_ws/install/pilz_industrial_motion_planner/share/pilz_industrial_motion_planner/package.xml
[124.236s] Invoked command in '/home/tyler/mycobot_ROS2/moveit_tutorial_ws/build/pilz_industrial_motion_planner' returned '0': AMENT_PREFIX_PATH=/home/tyler/mycobot_ROS2/moveit_tutorial_ws/install/moveit_resources_prbt_pg70_support:/home/tyler/mycobot_ROS2/moveit_tutorial_ws/install/moveit_ros_planning_interface:/home/tyler/mycobot_ROS2/moveit_tutorial_ws/install/moveit_resources_prbt_moveit_config:/home/tyler/mycobot_ROS2/moveit_tutorial_ws/install/moveit_ros_move_group:/home/tyler/mycobot_ROS2/moveit_tutorial_ws/install/moveit_ros_warehouse:/home/tyler/mycobot_ROS2/moveit_tutorial_ws/install/moveit_kinematics:/home/tyler/mycobot_ROS2/moveit_tutorial_ws/install/moveit_ros_planning:/home/tyler/mycobot_ROS2/moveit_tutorial_ws/install/pilz_industrial_motion_planner_testutils:/home/tyler/mycobot_ROS2/moveit_tutorial_ws/install/moveit_ros_occupancy_map_monitor:/home/tyler/mycobot_ROS2/moveit_tutorial_ws/install/moveit_resources_prbt_ikfast_manipulator_plugin:/home/tyler/mycobot_ROS2/moveit_tutorial_ws/install/moveit_core:/home/tyler/mycobot_ROS2/moveit_tutorial_ws/install/moveit_resources_panda_moveit_config:/home/tyler/mycobot_ROS2/moveit_tutorial_ws/install/moveit_resources_prbt_support:/home/tyler/mycobot_ROS2/moveit_tutorial_ws/install/moveit_resources_panda_description:/home/tyler/mycobot_ROS2/moveit_tutorial_ws/install/moveit_msgs:/home/tyler/mycobot_ROS2/moveit_tutorial_ws/install/moveit_configs_utils:/home/tyler/mycobot_ROS2/moveit_tutorial_ws/install/moveit_common:${AMENT_PREFIX_PATH} CMAKE_PREFIX_PATH=/home/tyler/mycobot_ROS2/moveit_tutorial_ws/install/moveit_resources_prbt_pg70_support:/home/tyler/mycobot_ROS2/moveit_tutorial_ws/install/moveit_ros_planning_interface:/home/tyler/mycobot_ROS2/moveit_tutorial_ws/install/moveit_resources_prbt_moveit_config:/home/tyler/mycobot_ROS2/moveit_tutorial_ws/install/moveit_ros_move_group:/home/tyler/mycobot_ROS2/moveit_tutorial_ws/install/moveit_ros_warehouse:/home/tyler/mycobot_ROS2/moveit_tutorial_ws/install/moveit_kinematics:/home/tyler/mycobot_ROS2/moveit_tutorial_ws/install/moveit_ros_planning:/home/tyler/mycobot_ROS2/moveit_tutorial_ws/install/pilz_industrial_motion_planner_testutils:/home/tyler/mycobot_ROS2/moveit_tutorial_ws/install/moveit_ros_occupancy_map_monitor:/home/tyler/mycobot_ROS2/moveit_tutorial_ws/install/moveit_resources_prbt_ikfast_manipulator_plugin:/home/tyler/mycobot_ROS2/moveit_tutorial_ws/install/moveit_core:/home/tyler/mycobot_ROS2/moveit_tutorial_ws/install/moveit_resources_panda_moveit_config:/home/tyler/mycobot_ROS2/moveit_tutorial_ws/install/moveit_resources_prbt_support:/home/tyler/mycobot_ROS2/moveit_tutorial_ws/install/moveit_resources_panda_description:/home/tyler/mycobot_ROS2/moveit_tutorial_ws/install/moveit_msgs:/home/tyler/mycobot_ROS2/moveit_tutorial_ws/install/moveit_common:/home/tyler/mycobot_ROS2/colcon_ws/install/mypalletizer_interfaces:/home/tyler/mycobot_ROS2/colcon_ws/install/mycobot_interfaces:/home/tyler/mycobot_ROS2/colcon_ws/install/mecharm_interfaces:/home/tyler/mycobot_ROS2/colcon_ws/install/ultraarm:/home/tyler/mycobot_ROS2/colcon_ws/install/mypalletizer_260_pi:/home/tyler/mycobot_ROS2/colcon_ws/install/mypalletizer_260:/home/tyler/mycobot_ROS2/colcon_ws/install/mypalletizer_communication:/home/tyler/mycobot_ROS2/colcon_ws/install/mycobot_320pi:/home/tyler/mycobot_ROS2/colcon_ws/install/mycobot_320:/home/tyler/mycobot_ROS2/colcon_ws/install/mycobot_280pi:/home/tyler/mycobot_ROS2/colcon_ws/install/mycobot_280jn:/home/tyler/mycobot_ROS2/colcon_ws/install/mycobot_280_x3pi:/home/tyler/mycobot_ROS2/colcon_ws/install/mycobot_280:/home/tyler/mycobot_ROS2/colcon_ws/install/myarm_300:/home/tyler/mycobot_ROS2/colcon_ws/install/mycobot_communication:/home/tyler/mycobot_ROS2/colcon_ws/install/mecharm_pi:/home/tyler/mycobot_ROS2/colcon_ws/install/mecharm:/home/tyler/mycobot_ROS2/colcon_ws/install/mecharm_communication:/home/tyler/mycobot_ROS2/colcon_ws/install/mybuddy:/home/tyler/mycobot_ROS2/colcon_ws/install/mycobot_description:/opt/ros/humble LD_LIBRARY_PATH=/home/tyler/mycobot_ROS2/moveit_tutorial_ws/install/moveit_ros_planning_interface/lib:/home/tyler/mycobot_ROS2/moveit_tutorial_ws/install/moveit_ros_move_group/lib:/home/tyler/mycobot_ROS2/moveit_tutorial_ws/install/moveit_ros_warehouse/lib:/home/tyler/mycobot_ROS2/moveit_tutorial_ws/install/moveit_kinematics/lib:/home/tyler/mycobot_ROS2/moveit_tutorial_ws/install/moveit_ros_planning/lib:/home/tyler/mycobot_ROS2/moveit_tutorial_ws/install/pilz_industrial_motion_planner_testutils/lib:/home/tyler/mycobot_ROS2/moveit_tutorial_ws/install/moveit_ros_occupancy_map_monitor/lib:/home/tyler/mycobot_ROS2/moveit_tutorial_ws/install/moveit_resources_prbt_ikfast_manipulator_plugin/lib:/home/tyler/mycobot_ROS2/moveit_tutorial_ws/install/moveit_core/lib:/home/tyler/mycobot_ROS2/moveit_tutorial_ws/install/moveit_msgs/lib:${LD_LIBRARY_PATH} MYSQL_PS1=(\u@\h) [\d]> PATH=/home/tyler/mycobot_ROS2/moveit_tutorial_ws/install/moveit_core/bin:${PATH} PYTHONPATH=/home/tyler/mycobot_ROS2/moveit_tutorial_ws/install/moveit_msgs/local/lib/python3.10/dist-packages:/home/tyler/mycobot_ROS2/moveit_tutorial_ws/install/moveit_configs_utils/lib/python3.10/site-packages:${PYTHONPATH} /usr/bin/cmake --install /home/tyler/mycobot_ROS2/moveit_tutorial_ws/build/pilz_industrial_motion_planner
