[6.104s] Invoking command in '/home/tyler/colcon_ws/build/mycobot_280': AMENT_PREFIX_PATH=/home/tyler/colcon_ws/install/mycobot_communication:/home/tyler/colcon_ws/install/mycobot_interfaces:/home/tyler/colcon_ws/install/mycobot_description:${AMENT_PREFIX_PATH} CMAKE_PREFIX_PATH=/home/tyler/colcon_ws/install/mycobot_interfaces LD_LIBRARY_PATH=/home/tyler/colcon_ws/install/mycobot_interfaces/lib:${LD_LIBRARY_PATH} MYSQL_PS1=(\u@\h) [\d]> PYTHONPATH=/home/tyler/colcon_ws/build/mycobot_280/prefix_override:/home/tyler/colcon_ws/install/mycobot_280/lib/python3.10/site-packages:/home/tyler/colcon_ws/install/mycobot_communication/lib/python3.10/site-packages:/home/tyler/colcon_ws/install/mycobot_interfaces/local/lib/python3.10/dist-packages:/home/tyler/colcon_ws/install/mycobot_description/lib/python3.10/site-packages:${PYTHONPATH} /usr/bin/python3 setup.py develop --uninstall --editable --build-directory /home/tyler/colcon_ws/build/mycobot_280/build
[6.855s] /usr/lib/python3/dist-packages/setuptools/dist.py:723: UserWarning: Usage of dash-separated 'script-dir' will not be supported in future versions. Please use the underscore name 'script_dir' instead
[6.855s]   warnings.warn(
[6.939s] running develop
[6.940s] /usr/lib/python3/dist-packages/setuptools/command/easy_install.py:158: EasyInstallDeprecationWarning: easy_install command is deprecated. Use build and pip and other standards-based tools.
[6.940s]   warnings.warn(
[6.944s] /usr/lib/python3/dist-packages/setuptools/command/install.py:34: SetuptoolsDeprecationWarning: setup.py install is deprecated. Use build and pip and other standards-based tools.
[6.944s]   warnings.warn(
[7.482s] Removing /home/tyler/colcon_ws/install/mycobot_280/lib/python3.10/site-packages/mycobot-280.egg-link (link to .)
[7.655s] Invoked command in '/home/tyler/colcon_ws/build/mycobot_280' returned '0': AMENT_PREFIX_PATH=/home/tyler/colcon_ws/install/mycobot_communication:/home/tyler/colcon_ws/install/mycobot_interfaces:/home/tyler/colcon_ws/install/mycobot_description:${AMENT_PREFIX_PATH} CMAKE_PREFIX_PATH=/home/tyler/colcon_ws/install/mycobot_interfaces LD_LIBRARY_PATH=/home/tyler/colcon_ws/install/mycobot_interfaces/lib:${LD_LIBRARY_PATH} MYSQL_PS1=(\u@\h) [\d]> PYTHONPATH=/home/tyler/colcon_ws/build/mycobot_280/prefix_override:/home/tyler/colcon_ws/install/mycobot_280/lib/python3.10/site-packages:/home/tyler/colcon_ws/install/mycobot_communication/lib/python3.10/site-packages:/home/tyler/colcon_ws/install/mycobot_interfaces/local/lib/python3.10/dist-packages:/home/tyler/colcon_ws/install/mycobot_description/lib/python3.10/site-packages:${PYTHONPATH} /usr/bin/python3 setup.py develop --uninstall --editable --build-directory /home/tyler/colcon_ws/build/mycobot_280/build
[7.659s] Invoking command in '/home/tyler/colcon_ws/src/mycobot_ros2/mycobot_280/mycobot_280': AMENT_PREFIX_PATH=/home/tyler/colcon_ws/install/mycobot_communication:/home/tyler/colcon_ws/install/mycobot_interfaces:/home/tyler/colcon_ws/install/mycobot_description:${AMENT_PREFIX_PATH} CMAKE_PREFIX_PATH=/home/tyler/colcon_ws/install/mycobot_interfaces LD_LIBRARY_PATH=/home/tyler/colcon_ws/install/mycobot_interfaces/lib:${LD_LIBRARY_PATH} MYSQL_PS1=(\u@\h) [\d]> PYTHONPATH=/home/tyler/colcon_ws/build/mycobot_280/prefix_override:/home/tyler/colcon_ws/install/mycobot_280/lib/python3.10/site-packages:/home/tyler/colcon_ws/install/mycobot_communication/lib/python3.10/site-packages:/home/tyler/colcon_ws/install/mycobot_interfaces/local/lib/python3.10/dist-packages:/home/tyler/colcon_ws/install/mycobot_description/lib/python3.10/site-packages:${PYTHONPATH} /usr/bin/python3 setup.py egg_info --egg-base ../../../../build/mycobot_280 build --build-base /home/tyler/colcon_ws/build/mycobot_280/build install --record /home/tyler/colcon_ws/build/mycobot_280/install.log --install-scripts $base/lib/mycobot_280 --single-version-externally-managed
[8.261s] /usr/lib/python3/dist-packages/setuptools/dist.py:723: UserWarning: Usage of dash-separated 'script-dir' will not be supported in future versions. Please use the underscore name 'script_dir' instead
[8.261s]   warnings.warn(
[8.277s] running egg_info
[8.278s] writing ../../../../build/mycobot_280/mycobot_280.egg-info/PKG-INFO
[8.279s] writing dependency_links to ../../../../build/mycobot_280/mycobot_280.egg-info/dependency_links.txt
[8.279s] writing entry points to ../../../../build/mycobot_280/mycobot_280.egg-info/entry_points.txt
[8.280s] writing requirements to ../../../../build/mycobot_280/mycobot_280.egg-info/requires.txt
[8.280s] writing top-level names to ../../../../build/mycobot_280/mycobot_280.egg-info/top_level.txt
[8.284s] reading manifest file '../../../../build/mycobot_280/mycobot_280.egg-info/SOURCES.txt'
[8.284s] adding license file 'LICENSE'
[8.286s] writing manifest file '../../../../build/mycobot_280/mycobot_280.egg-info/SOURCES.txt'
[8.287s] running build
[8.287s] running build_py
[8.287s] creating /home/tyler/colcon_ws/build/mycobot_280/build
[8.287s] creating /home/tyler/colcon_ws/build/mycobot_280/build/lib
[8.287s] creating /home/tyler/colcon_ws/build/mycobot_280/build/lib/mycobot_280
[8.288s] copying mycobot_280/detect_marker.py -> /home/tyler/colcon_ws/build/mycobot_280/build/lib/mycobot_280
[8.289s] copying mycobot_280/follow_display.py -> /home/tyler/colcon_ws/build/mycobot_280/build/lib/mycobot_280
[8.289s] copying mycobot_280/camera_display.py -> /home/tyler/colcon_ws/build/mycobot_280/build/lib/mycobot_280
[8.290s] copying mycobot_280/opencv_camera.py -> /home/tyler/colcon_ws/build/mycobot_280/build/lib/mycobot_280
[8.290s] copying mycobot_280/listen_real_of_topic.py -> /home/tyler/colcon_ws/build/mycobot_280/build/lib/mycobot_280
[8.291s] copying mycobot_280/listen_real.py -> /home/tyler/colcon_ws/build/mycobot_280/build/lib/mycobot_280
[8.291s] copying mycobot_280/teleop_keyboard.py -> /home/tyler/colcon_ws/build/mycobot_280/build/lib/mycobot_280
[8.292s] copying mycobot_280/__init__.py -> /home/tyler/colcon_ws/build/mycobot_280/build/lib/mycobot_280
[8.292s] copying mycobot_280/follow_and_pump.py -> /home/tyler/colcon_ws/build/mycobot_280/build/lib/mycobot_280
[8.292s] copying mycobot_280/slider_control.py -> /home/tyler/colcon_ws/build/mycobot_280/build/lib/mycobot_280
[8.293s] copying mycobot_280/following_marker.py -> /home/tyler/colcon_ws/build/mycobot_280/build/lib/mycobot_280
[8.293s] copying mycobot_280/simple_gui.py -> /home/tyler/colcon_ws/build/mycobot_280/build/lib/mycobot_280
[8.293s] running install
[8.293s] /usr/lib/python3/dist-packages/setuptools/command/install.py:34: SetuptoolsDeprecationWarning: setup.py install is deprecated. Use build and pip and other standards-based tools.
[8.293s]   warnings.warn(
[8.294s] running install_lib
[8.294s] creating /home/tyler/colcon_ws/install/mycobot_280/lib/python3.10/site-packages/mycobot_280
[8.294s] copying /home/tyler/colcon_ws/build/mycobot_280/build/lib/mycobot_280/detect_marker.py -> /home/tyler/colcon_ws/install/mycobot_280/lib/python3.10/site-packages/mycobot_280
[8.295s] copying /home/tyler/colcon_ws/build/mycobot_280/build/lib/mycobot_280/follow_display.py -> /home/tyler/colcon_ws/install/mycobot_280/lib/python3.10/site-packages/mycobot_280
[8.295s] copying /home/tyler/colcon_ws/build/mycobot_280/build/lib/mycobot_280/camera_display.py -> /home/tyler/colcon_ws/install/mycobot_280/lib/python3.10/site-packages/mycobot_280
[8.295s] copying /home/tyler/colcon_ws/build/mycobot_280/build/lib/mycobot_280/opencv_camera.py -> /home/tyler/colcon_ws/install/mycobot_280/lib/python3.10/site-packages/mycobot_280
[8.295s] copying /home/tyler/colcon_ws/build/mycobot_280/build/lib/mycobot_280/listen_real_of_topic.py -> /home/tyler/colcon_ws/install/mycobot_280/lib/python3.10/site-packages/mycobot_280
[8.296s] copying /home/tyler/colcon_ws/build/mycobot_280/build/lib/mycobot_280/listen_real.py -> /home/tyler/colcon_ws/install/mycobot_280/lib/python3.10/site-packages/mycobot_280
[8.296s] copying /home/tyler/colcon_ws/build/mycobot_280/build/lib/mycobot_280/teleop_keyboard.py -> /home/tyler/colcon_ws/install/mycobot_280/lib/python3.10/site-packages/mycobot_280
[8.297s] copying /home/tyler/colcon_ws/build/mycobot_280/build/lib/mycobot_280/__init__.py -> /home/tyler/colcon_ws/install/mycobot_280/lib/python3.10/site-packages/mycobot_280
[8.297s] copying /home/tyler/colcon_ws/build/mycobot_280/build/lib/mycobot_280/follow_and_pump.py -> /home/tyler/colcon_ws/install/mycobot_280/lib/python3.10/site-packages/mycobot_280
[8.298s] copying /home/tyler/colcon_ws/build/mycobot_280/build/lib/mycobot_280/slider_control.py -> /home/tyler/colcon_ws/install/mycobot_280/lib/python3.10/site-packages/mycobot_280
[8.298s] copying /home/tyler/colcon_ws/build/mycobot_280/build/lib/mycobot_280/following_marker.py -> /home/tyler/colcon_ws/install/mycobot_280/lib/python3.10/site-packages/mycobot_280
[8.299s] copying /home/tyler/colcon_ws/build/mycobot_280/build/lib/mycobot_280/simple_gui.py -> /home/tyler/colcon_ws/install/mycobot_280/lib/python3.10/site-packages/mycobot_280
[8.300s] byte-compiling /home/tyler/colcon_ws/install/mycobot_280/lib/python3.10/site-packages/mycobot_280/detect_marker.py to detect_marker.cpython-310.pyc
[8.301s] byte-compiling /home/tyler/colcon_ws/install/mycobot_280/lib/python3.10/site-packages/mycobot_280/follow_display.py to follow_display.cpython-310.pyc
[8.304s] byte-compiling /home/tyler/colcon_ws/install/mycobot_280/lib/python3.10/site-packages/mycobot_280/camera_display.py to camera_display.cpython-310.pyc
[8.306s] byte-compiling /home/tyler/colcon_ws/install/mycobot_280/lib/python3.10/site-packages/mycobot_280/opencv_camera.py to opencv_camera.cpython-310.pyc
[8.306s] byte-compiling /home/tyler/colcon_ws/install/mycobot_280/lib/python3.10/site-packages/mycobot_280/listen_real_of_topic.py to listen_real_of_topic.cpython-310.pyc
[8.307s] byte-compiling /home/tyler/colcon_ws/install/mycobot_280/lib/python3.10/site-packages/mycobot_280/listen_real.py to listen_real.cpython-310.pyc
[8.307s] byte-compiling /home/tyler/colcon_ws/install/mycobot_280/lib/python3.10/site-packages/mycobot_280/teleop_keyboard.py to teleop_keyboard.cpython-310.pyc
[8.310s] byte-compiling /home/tyler/colcon_ws/install/mycobot_280/lib/python3.10/site-packages/mycobot_280/__init__.py to __init__.cpython-310.pyc
[8.310s] byte-compiling /home/tyler/colcon_ws/install/mycobot_280/lib/python3.10/site-packages/mycobot_280/follow_and_pump.py to follow_and_pump.cpython-310.pyc
[8.310s] byte-compiling /home/tyler/colcon_ws/install/mycobot_280/lib/python3.10/site-packages/mycobot_280/slider_control.py to slider_control.cpython-310.pyc
[8.310s] byte-compiling /home/tyler/colcon_ws/install/mycobot_280/lib/python3.10/site-packages/mycobot_280/following_marker.py to following_marker.cpython-310.pyc
[8.311s] byte-compiling /home/tyler/colcon_ws/install/mycobot_280/lib/python3.10/site-packages/mycobot_280/simple_gui.py to simple_gui.cpython-310.pyc
[8.313s] running install_data
[8.315s] running install_egg_info
[8.318s] Copying ../../../../build/mycobot_280/mycobot_280.egg-info to /home/tyler/colcon_ws/install/mycobot_280/lib/python3.10/site-packages/mycobot_280-0.0.0-py3.10.egg-info
[8.319s] running install_scripts
[8.358s] Installing camera_display script to /home/tyler/colcon_ws/install/mycobot_280/lib/mycobot_280
[8.358s] Installing detect_marker script to /home/tyler/colcon_ws/install/mycobot_280/lib/mycobot_280
[8.359s] Installing follow_display script to /home/tyler/colcon_ws/install/mycobot_280/lib/mycobot_280
[8.359s] Installing following_marker script to /home/tyler/colcon_ws/install/mycobot_280/lib/mycobot_280
[8.359s] Installing listen_real script to /home/tyler/colcon_ws/install/mycobot_280/lib/mycobot_280
[8.360s] Installing listen_real_of_topic script to /home/tyler/colcon_ws/install/mycobot_280/lib/mycobot_280
[8.360s] Installing opencv_camera script to /home/tyler/colcon_ws/install/mycobot_280/lib/mycobot_280
[8.360s] Installing simple_gui script to /home/tyler/colcon_ws/install/mycobot_280/lib/mycobot_280
[8.360s] Installing slider_control script to /home/tyler/colcon_ws/install/mycobot_280/lib/mycobot_280
[8.360s] Installing teleop_keyboard script to /home/tyler/colcon_ws/install/mycobot_280/lib/mycobot_280
[8.361s] writing list of installed files to '/home/tyler/colcon_ws/build/mycobot_280/install.log'
[8.599s] Invoked command in '/home/tyler/colcon_ws/src/mycobot_ros2/mycobot_280/mycobot_280' returned '0': AMENT_PREFIX_PATH=/home/tyler/colcon_ws/install/mycobot_communication:/home/tyler/colcon_ws/install/mycobot_interfaces:/home/tyler/colcon_ws/install/mycobot_description:${AMENT_PREFIX_PATH} CMAKE_PREFIX_PATH=/home/tyler/colcon_ws/install/mycobot_interfaces LD_LIBRARY_PATH=/home/tyler/colcon_ws/install/mycobot_interfaces/lib:${LD_LIBRARY_PATH} MYSQL_PS1=(\u@\h) [\d]> PYTHONPATH=/home/tyler/colcon_ws/build/mycobot_280/prefix_override:/home/tyler/colcon_ws/install/mycobot_280/lib/python3.10/site-packages:/home/tyler/colcon_ws/install/mycobot_communication/lib/python3.10/site-packages:/home/tyler/colcon_ws/install/mycobot_interfaces/local/lib/python3.10/dist-packages:/home/tyler/colcon_ws/install/mycobot_description/lib/python3.10/site-packages:${PYTHONPATH} /usr/bin/python3 setup.py egg_info --egg-base ../../../../build/mycobot_280 build --build-base /home/tyler/colcon_ws/build/mycobot_280/build install --record /home/tyler/colcon_ws/build/mycobot_280/install.log --install-scripts $base/lib/mycobot_280 --single-version-externally-managed
