[0.193s] Invoking command in '/home/tyler/mycobot_ROS2/moveit_tutorial_ws/build/moveit_core': AMENT_PREFIX_PATH=/home/tyler/mycobot_ROS2/moveit_tutorial_ws/install/moveit_resources_panda_moveit_config:/home/tyler/mycobot_ROS2/moveit_tutorial_ws/install/moveit_resources_pr2_description:/home/tyler/mycobot_ROS2/moveit_tutorial_ws/install/moveit_resources_panda_description:/home/tyler/mycobot_ROS2/moveit_tutorial_ws/install/moveit_msgs:/home/tyler/mycobot_ROS2/moveit_tutorial_ws/install/moveit_common:${AMENT_PREFIX_PATH} CMAKE_PREFIX_PATH=/home/tyler/mycobot_ROS2/moveit_tutorial_ws/install/moveit_resources_panda_moveit_config:/home/tyler/mycobot_ROS2/moveit_tutorial_ws/install/moveit_resources_pr2_description:/home/tyler/mycobot_ROS2/moveit_tutorial_ws/install/moveit_resources_panda_description:/home/tyler/mycobot_ROS2/moveit_tutorial_ws/install/moveit_msgs:/home/tyler/mycobot_ROS2/moveit_tutorial_ws/install/moveit_common:/home/tyler/mycobot_ROS2/colcon_ws/install/mypalletizer_interfaces:/home/tyler/mycobot_ROS2/colcon_ws/install/mycobot_interfaces:/home/tyler/mycobot_ROS2/colcon_ws/install/mecharm_interfaces:/home/tyler/mycobot_ROS2/colcon_ws/install/ultraarm:/home/tyler/mycobot_ROS2/colcon_ws/install/mypalletizer_260_pi:/home/tyler/mycobot_ROS2/colcon_ws/install/mypalletizer_260:/home/tyler/mycobot_ROS2/colcon_ws/install/mypalletizer_communication:/home/tyler/mycobot_ROS2/colcon_ws/install/mycobot_320pi:/home/tyler/mycobot_ROS2/colcon_ws/install/mycobot_320:/home/tyler/mycobot_ROS2/colcon_ws/install/mycobot_280pi:/home/tyler/mycobot_ROS2/colcon_ws/install/mycobot_280jn:/home/tyler/mycobot_ROS2/colcon_ws/install/mycobot_280_x3pi:/home/tyler/mycobot_ROS2/colcon_ws/install/mycobot_280:/home/tyler/mycobot_ROS2/colcon_ws/install/myarm_300:/home/tyler/mycobot_ROS2/colcon_ws/install/mycobot_communication:/home/tyler/mycobot_ROS2/colcon_ws/install/mecharm_pi:/home/tyler/mycobot_ROS2/colcon_ws/install/mecharm:/home/tyler/mycobot_ROS2/colcon_ws/install/mecharm_communication:/home/tyler/mycobot_ROS2/colcon_ws/install/mybuddy:/home/tyler/mycobot_ROS2/colcon_ws/install/mycobot_description:/opt/ros/humble LD_LIBRARY_PATH=/home/tyler/mycobot_ROS2/moveit_tutorial_ws/install/moveit_msgs/lib:${LD_LIBRARY_PATH} MYSQL_PS1=(\u@\h) [\d]> PYTHONPATH=/home/tyler/mycobot_ROS2/moveit_tutorial_ws/install/moveit_msgs/local/lib/python3.10/dist-packages:${PYTHONPATH} /usr/bin/cmake --build /home/tyler/mycobot_ROS2/moveit_tutorial_ws/build/moveit_core -- -j16 -l16
[0.315s] [  1%] Built target moveit_butterworth_parameters
[0.316s] [  2%] [34m[1mGenerating ../include/moveit/version.h, always_rebuild[0m
[0.317s] [  3%] Built target gtest
[0.317s] [  5%] Built target moveit_utils
[0.318s] [  6%] Built target gtest_main
[0.318s] [  7%] Built target moveit_exceptions
[0.319s] [  8%] Built target gmock_main
[0.322s] [ 10%] Built target gmock
[0.334s] [ 11%] Built target moveit_smoothing_base
[0.360s] [ 12%] Built target moveit_transforms
[0.369s] [ 14%] Built target moveit_distance_field
[0.391s] [ 15%] [34m[1mGenerating version.h[0m
[0.415s] [ 15%] Built target version_h
[0.421s] [ 16%] Built target test_transforms
[0.423s] [ 23%] Built target moveit_robot_model
[0.430s] [ 24%] Built target test_voxel_grid
[0.441s] [ 25%] Built target test_distance_field
[0.458s] [ 26%] Built target moveit_version
[0.493s] [ 27%] Built target moveit_kinematics_base
[0.494s] [ 28%] Built target moveit_butterworth_filter
[0.553s] [ 29%] Built target test_butterworth_filter
[0.566s] [ 30%] Built target moveit_test_utils
[0.566s] [ 33%] Built target moveit_robot_state
[0.630s] [ 34%] Built target test_robot_state_complex
[0.632s] [ 36%] Built target test_robot_state
[0.632s] [ 38%] Built target robot_state_jacobian_benchmark
[0.635s] [ 39%] Built target test_robot_model
[0.636s] [ 40%] Built target test_cartesian_interpolator
[0.638s] [ 41%] Built target test_aabb
[0.639s] [ 42%] Built target test_robot_state_benchmark
[0.690s] [ 44%] Built target moveit_dynamics_solver
[0.690s] [ 45%] Built target moveit_kinematics_metrics
[0.696s] [ 46%] Built target moveit_robot_trajectory
[0.719s] [ 52%] Built target moveit_collision_detection
[0.754s] [ 53%] Built target test_robot_trajectory
[0.770s] [ 55%] Built target moveit_planning_interface
[0.779s] [ 57%] Built target test_world_diff
[0.779s] [ 58%] Built target test_world
[0.779s] [ 60%] Built target moveit_trajectory_processing
[0.786s] [ 61%] Built target test_all_valid
[0.804s] [ 63%] Built target moveit_collision_detection_fcl
[0.817s] [ 68%] Built target moveit_collision_detection_bullet
[0.846s] [ 69%] Built target test_ruckig_traj_smoothing
[0.850s] [ 71%] Built target test_time_optimal_trajectory_generation
[0.878s] [ 72%] Built target test_fcl_collision_detection_panda
[0.886s] [ 74%] Built target test_fcl_collision_env
[0.889s] [ 75%] Built target test_bullet_collision_detection
[0.890s] [ 78%] Built target moveit_kinematic_constraints
[0.890s] [ 78%] Built target test_fcl_collision_detection
[0.894s] [ 80%] Built target test_bullet_continuous_collision_checking
[0.898s] [ 81%] Built target test_bullet_collision_detection_panda
[0.948s] [ 82%] Built target test_orientation_constraints
[0.949s] [ 83%] Built target test_constraints
[0.955s] [ 84%] Built target moveit_planning_scene
[1.026s] [ 85%] Built target test_planning_scene
[1.031s] [ 86%] Built target test_multi_threaded
[1.031s] [ 87%] Built target collision_detector_bullet_plugin
[1.031s] [ 88%] Built target moveit_planning_request_adapter
[1.032s] [ 89%] Built target collision_detector_fcl_plugin
[1.035s] [ 90%] Built target test_collision_objects
[1.045s] [ 93%] Built target moveit_constraint_samplers
[1.059s] [ 96%] Built target moveit_collision_distance_field
[1.113s] [ 99%] Built target test_constraint_samplers
[1.119s] [100%] Built target test_collision_distance_field
[1.137s] Invoked command in '/home/tyler/mycobot_ROS2/moveit_tutorial_ws/build/moveit_core' returned '0': AMENT_PREFIX_PATH=/home/tyler/mycobot_ROS2/moveit_tutorial_ws/install/moveit_resources_panda_moveit_config:/home/tyler/mycobot_ROS2/moveit_tutorial_ws/install/moveit_resources_pr2_description:/home/tyler/mycobot_ROS2/moveit_tutorial_ws/install/moveit_resources_panda_description:/home/tyler/mycobot_ROS2/moveit_tutorial_ws/install/moveit_msgs:/home/tyler/mycobot_ROS2/moveit_tutorial_ws/install/moveit_common:${AMENT_PREFIX_PATH} CMAKE_PREFIX_PATH=/home/tyler/mycobot_ROS2/moveit_tutorial_ws/install/moveit_resources_panda_moveit_config:/home/tyler/mycobot_ROS2/moveit_tutorial_ws/install/moveit_resources_pr2_description:/home/tyler/mycobot_ROS2/moveit_tutorial_ws/install/moveit_resources_panda_description:/home/tyler/mycobot_ROS2/moveit_tutorial_ws/install/moveit_msgs:/home/tyler/mycobot_ROS2/moveit_tutorial_ws/install/moveit_common:/home/tyler/mycobot_ROS2/colcon_ws/install/mypalletizer_interfaces:/home/tyler/mycobot_ROS2/colcon_ws/install/mycobot_interfaces:/home/tyler/mycobot_ROS2/colcon_ws/install/mecharm_interfaces:/home/tyler/mycobot_ROS2/colcon_ws/install/ultraarm:/home/tyler/mycobot_ROS2/colcon_ws/install/mypalletizer_260_pi:/home/tyler/mycobot_ROS2/colcon_ws/install/mypalletizer_260:/home/tyler/mycobot_ROS2/colcon_ws/install/mypalletizer_communication:/home/tyler/mycobot_ROS2/colcon_ws/install/mycobot_320pi:/home/tyler/mycobot_ROS2/colcon_ws/install/mycobot_320:/home/tyler/mycobot_ROS2/colcon_ws/install/mycobot_280pi:/home/tyler/mycobot_ROS2/colcon_ws/install/mycobot_280jn:/home/tyler/mycobot_ROS2/colcon_ws/install/mycobot_280_x3pi:/home/tyler/mycobot_ROS2/colcon_ws/install/mycobot_280:/home/tyler/mycobot_ROS2/colcon_ws/install/myarm_300:/home/tyler/mycobot_ROS2/colcon_ws/install/mycobot_communication:/home/tyler/mycobot_ROS2/colcon_ws/install/mecharm_pi:/home/tyler/mycobot_ROS2/colcon_ws/install/mecharm:/home/tyler/mycobot_ROS2/colcon_ws/install/mecharm_communication:/home/tyler/mycobot_ROS2/colcon_ws/install/mybuddy:/home/tyler/mycobot_ROS2/colcon_ws/install/mycobot_description:/opt/ros/humble LD_LIBRARY_PATH=/home/tyler/mycobot_ROS2/moveit_tutorial_ws/install/moveit_msgs/lib:${LD_LIBRARY_PATH} MYSQL_PS1=(\u@\h) [\d]> PYTHONPATH=/home/tyler/mycobot_ROS2/moveit_tutorial_ws/install/moveit_msgs/local/lib/python3.10/dist-packages:${PYTHONPATH} /usr/bin/cmake --build /home/tyler/mycobot_ROS2/moveit_tutorial_ws/build/moveit_core -- -j16 -l16
[1.242s] Invoking command in '/home/tyler/mycobot_ROS2/moveit_tutorial_ws/build/moveit_core': AMENT_PREFIX_PATH=/home/tyler/mycobot_ROS2/moveit_tutorial_ws/install/moveit_resources_panda_moveit_config:/home/tyler/mycobot_ROS2/moveit_tutorial_ws/install/moveit_resources_pr2_description:/home/tyler/mycobot_ROS2/moveit_tutorial_ws/install/moveit_resources_panda_description:/home/tyler/mycobot_ROS2/moveit_tutorial_ws/install/moveit_msgs:/home/tyler/mycobot_ROS2/moveit_tutorial_ws/install/moveit_common:${AMENT_PREFIX_PATH} CMAKE_PREFIX_PATH=/home/tyler/mycobot_ROS2/moveit_tutorial_ws/install/moveit_resources_panda_moveit_config:/home/tyler/mycobot_ROS2/moveit_tutorial_ws/install/moveit_resources_pr2_description:/home/tyler/mycobot_ROS2/moveit_tutorial_ws/install/moveit_resources_panda_description:/home/tyler/mycobot_ROS2/moveit_tutorial_ws/install/moveit_msgs:/home/tyler/mycobot_ROS2/moveit_tutorial_ws/install/moveit_common:/home/tyler/mycobot_ROS2/colcon_ws/install/mypalletizer_interfaces:/home/tyler/mycobot_ROS2/colcon_ws/install/mycobot_interfaces:/home/tyler/mycobot_ROS2/colcon_ws/install/mecharm_interfaces:/home/tyler/mycobot_ROS2/colcon_ws/install/ultraarm:/home/tyler/mycobot_ROS2/colcon_ws/install/mypalletizer_260_pi:/home/tyler/mycobot_ROS2/colcon_ws/install/mypalletizer_260:/home/tyler/mycobot_ROS2/colcon_ws/install/mypalletizer_communication:/home/tyler/mycobot_ROS2/colcon_ws/install/mycobot_320pi:/home/tyler/mycobot_ROS2/colcon_ws/install/mycobot_320:/home/tyler/mycobot_ROS2/colcon_ws/install/mycobot_280pi:/home/tyler/mycobot_ROS2/colcon_ws/install/mycobot_280jn:/home/tyler/mycobot_ROS2/colcon_ws/install/mycobot_280_x3pi:/home/tyler/mycobot_ROS2/colcon_ws/install/mycobot_280:/home/tyler/mycobot_ROS2/colcon_ws/install/myarm_300:/home/tyler/mycobot_ROS2/colcon_ws/install/mycobot_communication:/home/tyler/mycobot_ROS2/colcon_ws/install/mecharm_pi:/home/tyler/mycobot_ROS2/colcon_ws/install/mecharm:/home/tyler/mycobot_ROS2/colcon_ws/install/mecharm_communication:/home/tyler/mycobot_ROS2/colcon_ws/install/mybuddy:/home/tyler/mycobot_ROS2/colcon_ws/install/mycobot_description:/opt/ros/humble LD_LIBRARY_PATH=/home/tyler/mycobot_ROS2/moveit_tutorial_ws/install/moveit_msgs/lib:${LD_LIBRARY_PATH} MYSQL_PS1=(\u@\h) [\d]> PYTHONPATH=/home/tyler/mycobot_ROS2/moveit_tutorial_ws/install/moveit_msgs/local/lib/python3.10/dist-packages:${PYTHONPATH} /usr/bin/cmake --install /home/tyler/mycobot_ROS2/moveit_tutorial_ws/build/moveit_core
[1.267s] -- Install configuration: "Release"
[1.268s] -- Up-to-date: /home/tyler/mycobot_ROS2/moveit_tutorial_ws/install/moveit_core/include/moveit_core
[1.268s] -- Up-to-date: /home/tyler/mycobot_ROS2/moveit_tutorial_ws/install/moveit_core/include/moveit_core/moveit
[1.268s] -- Up-to-date: /home/tyler/mycobot_ROS2/moveit_tutorial_ws/install/moveit_core/include/moveit_core/moveit/collision_detection_bullet
[1.268s] -- Up-to-date: /home/tyler/mycobot_ROS2/moveit_tutorial_ws/install/moveit_core/include/moveit_core/moveit/collision_detection_bullet/collision_detector_allocator_bullet.h
[1.269s] -- Up-to-date: /home/tyler/mycobot_ROS2/moveit_tutorial_ws/install/moveit_core/include/moveit_core/moveit/collision_detection_bullet/collision_env_bullet.h
[1.269s] -- Up-to-date: /home/tyler/mycobot_ROS2/moveit_tutorial_ws/install/moveit_core/include/moveit_core/moveit/collision_detection_bullet/bullet_integration
[1.269s] -- Up-to-date: /home/tyler/mycobot_ROS2/moveit_tutorial_ws/install/moveit_core/include/moveit_core/moveit/collision_detection_bullet/bullet_integration/ros_bullet_utils.h
[1.269s] -- Up-to-date: /home/tyler/mycobot_ROS2/moveit_tutorial_ws/install/moveit_core/include/moveit_core/moveit/collision_detection_bullet/bullet_integration/bullet_utils.h
[1.269s] -- Up-to-date: /home/tyler/mycobot_ROS2/moveit_tutorial_ws/install/moveit_core/include/moveit_core/moveit/collision_detection_bullet/bullet_integration/bullet_cast_bvh_manager.h
[1.269s] -- Up-to-date: /home/tyler/mycobot_ROS2/moveit_tutorial_ws/install/moveit_core/include/moveit_core/moveit/collision_detection_bullet/bullet_integration/contact_checker_common.h
[1.270s] -- Up-to-date: /home/tyler/mycobot_ROS2/moveit_tutorial_ws/install/moveit_core/include/moveit_core/moveit/collision_detection_bullet/bullet_integration/bullet_bvh_manager.h
[1.270s] -- Up-to-date: /home/tyler/mycobot_ROS2/moveit_tutorial_ws/install/moveit_core/include/moveit_core/moveit/collision_detection_bullet/bullet_integration/bullet_discrete_bvh_manager.h
[1.270s] -- Up-to-date: /home/tyler/mycobot_ROS2/moveit_tutorial_ws/install/moveit_core/include/moveit_core/moveit/collision_detection_bullet/bullet_integration/basic_types.h
[1.270s] -- Up-to-date: /home/tyler/mycobot_ROS2/moveit_tutorial_ws/install/moveit_core/include/moveit_core/moveit/collision_detection_bullet/collision_detector_bullet_plugin_loader.h
[1.270s] -- Up-to-date: /home/tyler/mycobot_ROS2/moveit_tutorial_ws/install/moveit_core/include/moveit_core/moveit_collision_detection_bullet_export.h
[1.271s] -- Up-to-date: /home/tyler/mycobot_ROS2/moveit_tutorial_ws/install/moveit_core/include/moveit_core
[1.271s] -- Up-to-date: /home/tyler/mycobot_ROS2/moveit_tutorial_ws/install/moveit_core/include/moveit_core/moveit
[1.271s] -- Up-to-date: /home/tyler/mycobot_ROS2/moveit_tutorial_ws/install/moveit_core/include/moveit_core/moveit/collision_detection_fcl
[1.271s] -- Up-to-date: /home/tyler/mycobot_ROS2/moveit_tutorial_ws/install/moveit_core/include/moveit_core/moveit/collision_detection_fcl/fcl_compat.h
[1.272s] -- Up-to-date: /home/tyler/mycobot_ROS2/moveit_tutorial_ws/install/moveit_core/include/moveit_core/moveit/collision_detection_fcl/collision_env_fcl.h
[1.272s] -- Up-to-date: /home/tyler/mycobot_ROS2/moveit_tutorial_ws/install/moveit_core/include/moveit_core/moveit/collision_detection_fcl/collision_detector_allocator_fcl.h
[1.272s] -- Up-to-date: /home/tyler/mycobot_ROS2/moveit_tutorial_ws/install/moveit_core/include/moveit_core/moveit/collision_detection_fcl/collision_detector_fcl_plugin_loader.h
[1.272s] -- Up-to-date: /home/tyler/mycobot_ROS2/moveit_tutorial_ws/install/moveit_core/include/moveit_core/moveit/collision_detection_fcl/collision_common.h
[1.273s] -- Up-to-date: /home/tyler/mycobot_ROS2/moveit_tutorial_ws/install/moveit_core/include/moveit_core/moveit_collision_detection_fcl_export.h
[1.273s] -- Up-to-date: /home/tyler/mycobot_ROS2/moveit_tutorial_ws/install/moveit_core/include/moveit_core
[1.273s] -- Up-to-date: /home/tyler/mycobot_ROS2/moveit_tutorial_ws/install/moveit_core/include/moveit_core/moveit
[1.273s] -- Up-to-date: /home/tyler/mycobot_ROS2/moveit_tutorial_ws/install/moveit_core/include/moveit_core/moveit/collision_detection
[1.273s] -- Up-to-date: /home/tyler/mycobot_ROS2/moveit_tutorial_ws/install/moveit_core/include/moveit_core/moveit/collision_detection/test_collision_common_pr2.h
[1.274s] -- Up-to-date: /home/tyler/mycobot_ROS2/moveit_tutorial_ws/install/moveit_core/include/moveit_core/moveit/collision_detection/allvalid
[1.274s] -- Up-to-date: /home/tyler/mycobot_ROS2/moveit_tutorial_ws/install/moveit_core/include/moveit_core/moveit/collision_detection/allvalid/collision_detector_allocator_allvalid.h
[1.274s] -- Up-to-date: /home/tyler/mycobot_ROS2/moveit_tutorial_ws/install/moveit_core/include/moveit_core/moveit/collision_detection/allvalid/collision_env_allvalid.h
[1.274s] -- Up-to-date: /home/tyler/mycobot_ROS2/moveit_tutorial_ws/install/moveit_core/include/moveit_core/moveit/collision_detection/collision_detector_allocator.h
[1.274s] -- Up-to-date: /home/tyler/mycobot_ROS2/moveit_tutorial_ws/install/moveit_core/include/moveit_core/moveit/collision_detection/collision_octomap_filter.h
[1.274s] -- Up-to-date: /home/tyler/mycobot_ROS2/moveit_tutorial_ws/install/moveit_core/include/moveit_core/moveit/collision_detection/world_diff.h
[1.274s] -- Up-to-date: /home/tyler/mycobot_ROS2/moveit_tutorial_ws/install/moveit_core/include/moveit_core/moveit/collision_detection/world.h
[1.275s] -- Up-to-date: /home/tyler/mycobot_ROS2/moveit_tutorial_ws/install/moveit_core/include/moveit_core/moveit/collision_detection/collision_plugin.h
[1.275s] -- Up-to-date: /home/tyler/mycobot_ROS2/moveit_tutorial_ws/install/moveit_core/include/moveit_core/moveit/collision_detection/collision_matrix.h
[1.275s] -- Up-to-date: /home/tyler/mycobot_ROS2/moveit_tutorial_ws/install/moveit_core/include/moveit_core/moveit/collision_detection/collision_plugin_cache.h
[1.275s] -- Up-to-date: /home/tyler/mycobot_ROS2/moveit_tutorial_ws/install/moveit_core/include/moveit_core/moveit/collision_detection/collision_common.h
[1.275s] -- Up-to-date: /home/tyler/mycobot_ROS2/moveit_tutorial_ws/install/moveit_core/include/moveit_core/moveit/collision_detection/test_collision_common_panda.h
[1.275s] -- Up-to-date: /home/tyler/mycobot_ROS2/moveit_tutorial_ws/install/moveit_core/include/moveit_core/moveit/collision_detection/collision_tools.h
[1.275s] -- Up-to-date: /home/tyler/mycobot_ROS2/moveit_tutorial_ws/install/moveit_core/include/moveit_core/moveit/collision_detection/collision_env.h
[1.275s] -- Up-to-date: /home/tyler/mycobot_ROS2/moveit_tutorial_ws/install/moveit_core/include/moveit_core/moveit/collision_detection/occupancy_map.h
[1.275s] -- Up-to-date: /home/tyler/mycobot_ROS2/moveit_tutorial_ws/install/moveit_core/include/moveit_core/moveit_collision_detection_export.h
[1.275s] -- Up-to-date: /home/tyler/mycobot_ROS2/moveit_tutorial_ws/install/moveit_core/include/moveit_core
[1.275s] -- Up-to-date: /home/tyler/mycobot_ROS2/moveit_tutorial_ws/install/moveit_core/include/moveit_core/moveit
[1.276s] -- Up-to-date: /home/tyler/mycobot_ROS2/moveit_tutorial_ws/install/moveit_core/include/moveit_core/moveit/collision_distance_field
[1.276s] -- Up-to-date: /home/tyler/mycobot_ROS2/moveit_tutorial_ws/install/moveit_core/include/moveit_core/moveit/collision_distance_field/collision_common_distance_field.h
[1.276s] -- Up-to-date: /home/tyler/mycobot_ROS2/moveit_tutorial_ws/install/moveit_core/include/moveit_core/moveit/collision_distance_field/collision_distance_field_types.h
[1.276s] -- Up-to-date: /home/tyler/mycobot_ROS2/moveit_tutorial_ws/install/moveit_core/include/moveit_core/moveit/collision_distance_field/collision_detector_allocator_distance_field.h
[1.276s] -- Up-to-date: /home/tyler/mycobot_ROS2/moveit_tutorial_ws/install/moveit_core/include/moveit_core/moveit/collision_distance_field/collision_env_distance_field.h
[1.276s] -- Up-to-date: /home/tyler/mycobot_ROS2/moveit_tutorial_ws/install/moveit_core/include/moveit_core/moveit/collision_distance_field/collision_detector_allocator_hybrid.h
[1.276s] -- Up-to-date: /home/tyler/mycobot_ROS2/moveit_tutorial_ws/install/moveit_core/include/moveit_core/moveit/collision_distance_field/collision_env_hybrid.h
[1.276s] -- Up-to-date: /home/tyler/mycobot_ROS2/moveit_tutorial_ws/install/moveit_core/include/moveit_core/moveit_collision_distance_field_export.h
[1.276s] -- Up-to-date: /home/tyler/mycobot_ROS2/moveit_tutorial_ws/install/moveit_core/include/moveit_core
[1.276s] -- Up-to-date: /home/tyler/mycobot_ROS2/moveit_tutorial_ws/install/moveit_core/include/moveit_core/moveit
[1.276s] -- Up-to-date: /home/tyler/mycobot_ROS2/moveit_tutorial_ws/install/moveit_core/include/moveit_core/moveit/constraint_samplers
[1.277s] -- Up-to-date: /home/tyler/mycobot_ROS2/moveit_tutorial_ws/install/moveit_core/include/moveit_core/moveit/constraint_samplers/constraint_sampler_tools.h
[1.277s] -- Up-to-date: /home/tyler/mycobot_ROS2/moveit_tutorial_ws/install/moveit_core/include/moveit_core/moveit/constraint_samplers/constraint_sampler_manager.h
[1.277s] -- Up-to-date: /home/tyler/mycobot_ROS2/moveit_tutorial_ws/install/moveit_core/include/moveit_core/moveit/constraint_samplers/default_constraint_samplers.h
[1.277s] -- Up-to-date: /home/tyler/mycobot_ROS2/moveit_tutorial_ws/install/moveit_core/include/moveit_core/moveit/constraint_samplers/union_constraint_sampler.h
[1.277s] -- Up-to-date: /home/tyler/mycobot_ROS2/moveit_tutorial_ws/install/moveit_core/include/moveit_core/moveit/constraint_samplers/constraint_sampler.h
[1.277s] -- Up-to-date: /home/tyler/mycobot_ROS2/moveit_tutorial_ws/install/moveit_core/include/moveit_core/moveit/constraint_samplers/constraint_sampler_allocator.h
[1.277s] -- Up-to-date: /home/tyler/mycobot_ROS2/moveit_tutorial_ws/install/moveit_core/include/moveit_core
[1.277s] -- Up-to-date: /home/tyler/mycobot_ROS2/moveit_tutorial_ws/install/moveit_core/include/moveit_core/moveit
[1.277s] -- Up-to-date: /home/tyler/mycobot_ROS2/moveit_tutorial_ws/install/moveit_core/include/moveit_core/moveit/controller_manager
[1.278s] -- Up-to-date: /home/tyler/mycobot_ROS2/moveit_tutorial_ws/install/moveit_core/include/moveit_core/moveit/controller_manager/controller_manager.h
[1.278s] -- Up-to-date: /home/tyler/mycobot_ROS2/moveit_tutorial_ws/install/moveit_core/include/moveit_core
[1.278s] -- Up-to-date: /home/tyler/mycobot_ROS2/moveit_tutorial_ws/install/moveit_core/include/moveit_core/moveit
[1.278s] -- Up-to-date: /home/tyler/mycobot_ROS2/moveit_tutorial_ws/install/moveit_core/include/moveit_core/moveit/distance_field
[1.278s] -- Up-to-date: /home/tyler/mycobot_ROS2/moveit_tutorial_ws/install/moveit_core/include/moveit_core/moveit/distance_field/find_internal_points.h
[1.278s] -- Up-to-date: /home/tyler/mycobot_ROS2/moveit_tutorial_ws/install/moveit_core/include/moveit_core/moveit/distance_field/propagation_distance_field.h
[1.278s] -- Up-to-date: /home/tyler/mycobot_ROS2/moveit_tutorial_ws/install/moveit_core/include/moveit_core/moveit/distance_field/voxel_grid.h
[1.278s] -- Up-to-date: /home/tyler/mycobot_ROS2/moveit_tutorial_ws/install/moveit_core/include/moveit_core/moveit/distance_field/distance_field.h
[1.278s] -- Up-to-date: /home/tyler/mycobot_ROS2/moveit_tutorial_ws/install/moveit_core/include/moveit_core
[1.278s] -- Up-to-date: /home/tyler/mycobot_ROS2/moveit_tutorial_ws/install/moveit_core/include/moveit_core/moveit
[1.278s] -- Up-to-date: /home/tyler/mycobot_ROS2/moveit_tutorial_ws/install/moveit_core/include/moveit_core/moveit/dynamics_solver
[1.278s] -- Up-to-date: /home/tyler/mycobot_ROS2/moveit_tutorial_ws/install/moveit_core/include/moveit_core/moveit/dynamics_solver/dynamics_solver.h
[1.279s] -- Up-to-date: /home/tyler/mycobot_ROS2/moveit_tutorial_ws/install/moveit_core/include/moveit_core
[1.279s] -- Up-to-date: /home/tyler/mycobot_ROS2/moveit_tutorial_ws/install/moveit_core/include/moveit_core/moveit
[1.279s] -- Up-to-date: /home/tyler/mycobot_ROS2/moveit_tutorial_ws/install/moveit_core/include/moveit_core/moveit/exceptions
[1.279s] -- Up-to-date: /home/tyler/mycobot_ROS2/moveit_tutorial_ws/install/moveit_core/include/moveit_core/moveit/exceptions/exceptions.h
[1.279s] -- Up-to-date: /home/tyler/mycobot_ROS2/moveit_tutorial_ws/install/moveit_core/include/moveit_core
[1.279s] -- Up-to-date: /home/tyler/mycobot_ROS2/moveit_tutorial_ws/install/moveit_core/include/moveit_core/moveit
[1.279s] -- Up-to-date: /home/tyler/mycobot_ROS2/moveit_tutorial_ws/install/moveit_core/include/moveit_core/moveit/kinematic_constraints
[1.279s] -- Up-to-date: /home/tyler/mycobot_ROS2/moveit_tutorial_ws/install/moveit_core/include/moveit_core/moveit/kinematic_constraints/kinematic_constraint.h
[1.279s] -- Up-to-date: /home/tyler/mycobot_ROS2/moveit_tutorial_ws/install/moveit_core/include/moveit_core/moveit/kinematic_constraints/utils.h
[1.280s] -- Up-to-date: /home/tyler/mycobot_ROS2/moveit_tutorial_ws/install/moveit_core/include/moveit_core
[1.280s] -- Up-to-date: /home/tyler/mycobot_ROS2/moveit_tutorial_ws/install/moveit_core/include/moveit_core/moveit
[1.280s] -- Up-to-date: /home/tyler/mycobot_ROS2/moveit_tutorial_ws/install/moveit_core/include/moveit_core/moveit/kinematics_base
[1.280s] -- Up-to-date: /home/tyler/mycobot_ROS2/moveit_tutorial_ws/install/moveit_core/include/moveit_core/moveit/kinematics_base/kinematics_base.h
[1.280s] -- Up-to-date: /home/tyler/mycobot_ROS2/moveit_tutorial_ws/install/moveit_core/include/moveit_core/moveit_kinematics_base_export.h
[1.280s] -- Up-to-date: /home/tyler/mycobot_ROS2/moveit_tutorial_ws/install/moveit_core/include/moveit_core
[1.280s] -- Up-to-date: /home/tyler/mycobot_ROS2/moveit_tutorial_ws/install/moveit_core/include/moveit_core/moveit
[1.280s] -- Up-to-date: /home/tyler/mycobot_ROS2/moveit_tutorial_ws/install/moveit_core/include/moveit_core/moveit/kinematics_metrics
[1.281s] -- Up-to-date: /home/tyler/mycobot_ROS2/moveit_tutorial_ws/install/moveit_core/include/moveit_core/moveit/kinematics_metrics/kinematics_metrics.h
[1.281s] -- Up-to-date: /home/tyler/mycobot_ROS2/moveit_tutorial_ws/install/moveit_core/include/moveit_core
[1.281s] -- Up-to-date: /home/tyler/mycobot_ROS2/moveit_tutorial_ws/install/moveit_core/include/moveit_core/moveit
[1.281s] -- Up-to-date: /home/tyler/mycobot_ROS2/moveit_tutorial_ws/install/moveit_core/include/moveit_core/moveit/macros
[1.281s] -- Up-to-date: /home/tyler/mycobot_ROS2/moveit_tutorial_ws/install/moveit_core/include/moveit_core/moveit/macros/declare_ptr.h
[1.281s] -- Up-to-date: /home/tyler/mycobot_ROS2/moveit_tutorial_ws/install/moveit_core/include/moveit_core/moveit/macros/console_colors.h
[1.281s] -- Up-to-date: /home/tyler/mycobot_ROS2/moveit_tutorial_ws/install/moveit_core/include/moveit_core/moveit/macros/class_forward.h
[1.281s] -- Up-to-date: /home/tyler/mycobot_ROS2/moveit_tutorial_ws/install/moveit_core/include/moveit_core/moveit/macros/deprecation.h
[1.282s] -- Up-to-date: /home/tyler/mycobot_ROS2/moveit_tutorial_ws/install/moveit_core/include/moveit_butterworth_parameters
[1.282s] -- Up-to-date: /home/tyler/mycobot_ROS2/moveit_tutorial_ws/install/moveit_core/include/moveit_butterworth_parameters/moveit_butterworth_parameters.hpp
[1.282s] -- Up-to-date: /home/tyler/mycobot_ROS2/moveit_tutorial_ws/install/moveit_core/include/moveit_core
[1.282s] -- Up-to-date: /home/tyler/mycobot_ROS2/moveit_tutorial_ws/install/moveit_core/include/moveit_core/moveit
[1.282s] -- Up-to-date: /home/tyler/mycobot_ROS2/moveit_tutorial_ws/install/moveit_core/include/moveit_core/moveit/online_signal_smoothing
[1.282s] -- Up-to-date: /home/tyler/mycobot_ROS2/moveit_tutorial_ws/install/moveit_core/include/moveit_core/moveit/online_signal_smoothing/smoothing_base_class.h
[1.282s] -- Up-to-date: /home/tyler/mycobot_ROS2/moveit_tutorial_ws/install/moveit_core/include/moveit_core/moveit/online_signal_smoothing/butterworth_filter.h
[1.282s] -- Up-to-date: /home/tyler/mycobot_ROS2/moveit_tutorial_ws/install/moveit_core/include/moveit_core/moveit_smoothing_base_export.h
[1.282s] -- Up-to-date: /home/tyler/mycobot_ROS2/moveit_tutorial_ws/install/moveit_core/include/moveit_core/moveit_butterworth_filter_export.h
[1.282s] -- Up-to-date: /home/tyler/mycobot_ROS2/moveit_tutorial_ws/install/moveit_core/include/moveit_core
[1.282s] -- Up-to-date: /home/tyler/mycobot_ROS2/moveit_tutorial_ws/install/moveit_core/include/moveit_core/moveit
[1.282s] -- Up-to-date: /home/tyler/mycobot_ROS2/moveit_tutorial_ws/install/moveit_core/include/moveit_core/moveit/planning_interface
[1.283s] -- Up-to-date: /home/tyler/mycobot_ROS2/moveit_tutorial_ws/install/moveit_core/include/moveit_core/moveit/planning_interface/planning_request.h
[1.283s] -- Up-to-date: /home/tyler/mycobot_ROS2/moveit_tutorial_ws/install/moveit_core/include/moveit_core/moveit/planning_interface/planning_interface.h
[1.283s] -- Up-to-date: /home/tyler/mycobot_ROS2/moveit_tutorial_ws/install/moveit_core/include/moveit_core/moveit/planning_interface/planning_response.h
[1.283s] -- Up-to-date: /home/tyler/mycobot_ROS2/moveit_tutorial_ws/install/moveit_core/include/moveit_core
[1.283s] -- Up-to-date: /home/tyler/mycobot_ROS2/moveit_tutorial_ws/install/moveit_core/include/moveit_core/moveit
[1.283s] -- Up-to-date: /home/tyler/mycobot_ROS2/moveit_tutorial_ws/install/moveit_core/include/moveit_core/moveit/planning_request_adapter
[1.283s] -- Up-to-date: /home/tyler/mycobot_ROS2/moveit_tutorial_ws/install/moveit_core/include/moveit_core/moveit/planning_request_adapter/planning_request_adapter.h
[1.283s] -- Up-to-date: /home/tyler/mycobot_ROS2/moveit_tutorial_ws/install/moveit_core/include/moveit_core
[1.283s] -- Up-to-date: /home/tyler/mycobot_ROS2/moveit_tutorial_ws/install/moveit_core/include/moveit_core/moveit
[1.283s] -- Up-to-date: /home/tyler/mycobot_ROS2/moveit_tutorial_ws/install/moveit_core/include/moveit_core/moveit/planning_scene
[1.284s] -- Up-to-date: /home/tyler/mycobot_ROS2/moveit_tutorial_ws/install/moveit_core/include/moveit_core/moveit/planning_scene/planning_scene.h
[1.284s] -- Up-to-date: /home/tyler/mycobot_ROS2/moveit_tutorial_ws/install/moveit_core/include/moveit_core/moveit_planning_scene_export.h
[1.284s] -- Up-to-date: /home/tyler/mycobot_ROS2/moveit_tutorial_ws/install/moveit_core/include/moveit_core
[1.284s] -- Up-to-date: /home/tyler/mycobot_ROS2/moveit_tutorial_ws/install/moveit_core/include/moveit_core/moveit
[1.284s] -- Up-to-date: /home/tyler/mycobot_ROS2/moveit_tutorial_ws/install/moveit_core/include/moveit_core/moveit/robot_model
[1.284s] -- Up-to-date: /home/tyler/mycobot_ROS2/moveit_tutorial_ws/install/moveit_core/include/moveit_core/moveit/robot_model/prismatic_joint_model.h
[1.284s] -- Up-to-date: /home/tyler/mycobot_ROS2/moveit_tutorial_ws/install/moveit_core/include/moveit_core/moveit/robot_model/robot_model.h
[1.284s] -- Up-to-date: /home/tyler/mycobot_ROS2/moveit_tutorial_ws/install/moveit_core/include/moveit_core/moveit/robot_model/joint_model_group.h
[1.284s] -- Up-to-date: /home/tyler/mycobot_ROS2/moveit_tutorial_ws/install/moveit_core/include/moveit_core/moveit/robot_model/link_model.h
[1.284s] -- Up-to-date: /home/tyler/mycobot_ROS2/moveit_tutorial_ws/install/moveit_core/include/moveit_core/moveit/robot_model/joint_model.h
[1.285s] -- Up-to-date: /home/tyler/mycobot_ROS2/moveit_tutorial_ws/install/moveit_core/include/moveit_core/moveit/robot_model/fixed_joint_model.h
[1.285s] -- Up-to-date: /home/tyler/mycobot_ROS2/moveit_tutorial_ws/install/moveit_core/include/moveit_core/moveit/robot_model/aabb.h
[1.285s] -- Up-to-date: /home/tyler/mycobot_ROS2/moveit_tutorial_ws/install/moveit_core/include/moveit_core/moveit/robot_model/planar_joint_model.h
[1.285s] -- Up-to-date: /home/tyler/mycobot_ROS2/moveit_tutorial_ws/install/moveit_core/include/moveit_core/moveit/robot_model/revolute_joint_model.h
[1.285s] -- Up-to-date: /home/tyler/mycobot_ROS2/moveit_tutorial_ws/install/moveit_core/include/moveit_core/moveit/robot_model/floating_joint_model.h
[1.285s] -- Up-to-date: /home/tyler/mycobot_ROS2/moveit_tutorial_ws/install/moveit_core/include/moveit_core
[1.285s] -- Up-to-date: /home/tyler/mycobot_ROS2/moveit_tutorial_ws/install/moveit_core/include/moveit_core/moveit
[1.285s] -- Up-to-date: /home/tyler/mycobot_ROS2/moveit_tutorial_ws/install/moveit_core/include/moveit_core/moveit/robot_state
[1.285s] -- Up-to-date: /home/tyler/mycobot_ROS2/moveit_tutorial_ws/install/moveit_core/include/moveit_core/moveit/robot_state/conversions.h
[1.285s] -- Up-to-date: /home/tyler/mycobot_ROS2/moveit_tutorial_ws/install/moveit_core/include/moveit_core/moveit/robot_state/attached_body.h
[1.286s] -- Up-to-date: /home/tyler/mycobot_ROS2/moveit_tutorial_ws/install/moveit_core/include/moveit_core/moveit/robot_state/cartesian_interpolator.h
[1.286s] -- Up-to-date: /home/tyler/mycobot_ROS2/moveit_tutorial_ws/install/moveit_core/include/moveit_core/moveit/robot_state/robot_state.h
[1.286s] -- Up-to-date: /home/tyler/mycobot_ROS2/moveit_tutorial_ws/install/moveit_core/include/moveit_core
[1.286s] -- Up-to-date: /home/tyler/mycobot_ROS2/moveit_tutorial_ws/install/moveit_core/include/moveit_core/moveit
[1.286s] -- Up-to-date: /home/tyler/mycobot_ROS2/moveit_tutorial_ws/install/moveit_core/include/moveit_core/moveit/robot_trajectory
[1.286s] -- Up-to-date: /home/tyler/mycobot_ROS2/moveit_tutorial_ws/install/moveit_core/include/moveit_core/moveit/robot_trajectory/robot_trajectory.h
[1.286s] -- Up-to-date: /home/tyler/mycobot_ROS2/moveit_tutorial_ws/install/moveit_core/include/moveit_core
[1.286s] -- Up-to-date: /home/tyler/mycobot_ROS2/moveit_tutorial_ws/install/moveit_core/include/moveit_core/moveit
[1.286s] -- Up-to-date: /home/tyler/mycobot_ROS2/moveit_tutorial_ws/install/moveit_core/include/moveit_core/moveit/trajectory_processing
[1.286s] -- Up-to-date: /home/tyler/mycobot_ROS2/moveit_tutorial_ws/install/moveit_core/include/moveit_core/moveit/trajectory_processing/time_optimal_trajectory_generation.h
[1.287s] -- Up-to-date: /home/tyler/mycobot_ROS2/moveit_tutorial_ws/install/moveit_core/include/moveit_core/moveit/trajectory_processing/time_parameterization.h
[1.287s] -- Up-to-date: /home/tyler/mycobot_ROS2/moveit_tutorial_ws/install/moveit_core/include/moveit_core/moveit/trajectory_processing/ruckig_traj_smoothing.h
[1.287s] -- Up-to-date: /home/tyler/mycobot_ROS2/moveit_tutorial_ws/install/moveit_core/include/moveit_core/moveit/trajectory_processing/trajectory_tools.h
[1.287s] -- Up-to-date: /home/tyler/mycobot_ROS2/moveit_tutorial_ws/install/moveit_core/include/moveit_core
[1.287s] -- Up-to-date: /home/tyler/mycobot_ROS2/moveit_tutorial_ws/install/moveit_core/include/moveit_core/moveit
[1.287s] -- Up-to-date: /home/tyler/mycobot_ROS2/moveit_tutorial_ws/install/moveit_core/include/moveit_core/moveit/transforms
[1.287s] -- Up-to-date: /home/tyler/mycobot_ROS2/moveit_tutorial_ws/install/moveit_core/include/moveit_core/moveit/transforms/transforms.h
[1.287s] -- Up-to-date: /home/tyler/mycobot_ROS2/moveit_tutorial_ws/install/moveit_core/include/moveit_core
[1.287s] -- Up-to-date: /home/tyler/mycobot_ROS2/moveit_tutorial_ws/install/moveit_core/include/moveit_core/moveit
[1.287s] -- Up-to-date: /home/tyler/mycobot_ROS2/moveit_tutorial_ws/install/moveit_core/include/moveit_core/moveit/utils
[1.288s] -- Up-to-date: /home/tyler/mycobot_ROS2/moveit_tutorial_ws/install/moveit_core/include/moveit_core/moveit/utils/moveit_error_code.h
[1.288s] -- Up-to-date: /home/tyler/mycobot_ROS2/moveit_tutorial_ws/install/moveit_core/include/moveit_core/moveit/utils/rclcpp_utils.h
[1.288s] -- Up-to-date: /home/tyler/mycobot_ROS2/moveit_tutorial_ws/install/moveit_core/include/moveit_core/moveit/utils/lexical_casts.h
[1.288s] -- Up-to-date: /home/tyler/mycobot_ROS2/moveit_tutorial_ws/install/moveit_core/include/moveit_core/moveit/utils/robot_model_test_utils.h
[1.288s] -- Up-to-date: /home/tyler/mycobot_ROS2/moveit_tutorial_ws/install/moveit_core/include/moveit_core/moveit/utils/eigen_test_utils.h
[1.288s] -- Up-to-date: /home/tyler/mycobot_ROS2/moveit_tutorial_ws/install/moveit_core/include/moveit_core/moveit/utils/message_checks.h
[1.288s] -- Up-to-date: /home/tyler/mycobot_ROS2/moveit_tutorial_ws/install/moveit_core/include/moveit_core/moveit/version.h
[1.288s] -- Up-to-date: /home/tyler/mycobot_ROS2/moveit_tutorial_ws/install/moveit_core/bin/moveit_version
[1.289s] -- Up-to-date: /home/tyler/mycobot_ROS2/moveit_tutorial_ws/install/moveit_core/lib/libcollision_detector_bullet_plugin.so.2.8.0
[1.289s] -- Up-to-date: /home/tyler/mycobot_ROS2/moveit_tutorial_ws/install/moveit_core/lib/libcollision_detector_bullet_plugin.so
[1.290s] -- Up-to-date: /home/tyler/mycobot_ROS2/moveit_tutorial_ws/install/moveit_core/lib/libmoveit_butterworth_filter.so.2.8.0
[1.290s] -- Up-to-date: /home/tyler/mycobot_ROS2/moveit_tutorial_ws/install/moveit_core/lib/libmoveit_butterworth_filter.so
[1.291s] -- Up-to-date: /home/tyler/mycobot_ROS2/moveit_tutorial_ws/install/moveit_core/lib/libmoveit_collision_detection.so.2.8.0
[1.291s] -- Up-to-date: /home/tyler/mycobot_ROS2/moveit_tutorial_ws/install/moveit_core/lib/libmoveit_collision_detection.so
[1.291s] -- Up-to-date: /home/tyler/mycobot_ROS2/moveit_tutorial_ws/install/moveit_core/lib/libmoveit_collision_detection_bullet.so.2.8.0
[1.291s] -- Up-to-date: /home/tyler/mycobot_ROS2/moveit_tutorial_ws/install/moveit_core/lib/libmoveit_collision_detection_bullet.so
[1.292s] -- Up-to-date: /home/tyler/mycobot_ROS2/moveit_tutorial_ws/install/moveit_core/lib/libmoveit_collision_detection_fcl.so.2.8.0
[1.292s] -- Up-to-date: /home/tyler/mycobot_ROS2/moveit_tutorial_ws/install/moveit_core/lib/libmoveit_collision_detection_fcl.so
[1.293s] -- Up-to-date: /home/tyler/mycobot_ROS2/moveit_tutorial_ws/install/moveit_core/lib/libmoveit_collision_distance_field.so.2.8.0
[1.293s] -- Up-to-date: /home/tyler/mycobot_ROS2/moveit_tutorial_ws/install/moveit_core/lib/libmoveit_collision_distance_field.so
[1.294s] -- Up-to-date: /home/tyler/mycobot_ROS2/moveit_tutorial_ws/install/moveit_core/lib/libmoveit_constraint_samplers.so.2.8.0
[1.294s] -- Up-to-date: /home/tyler/mycobot_ROS2/moveit_tutorial_ws/install/moveit_core/lib/libmoveit_constraint_samplers.so
[1.294s] -- Up-to-date: /home/tyler/mycobot_ROS2/moveit_tutorial_ws/install/moveit_core/lib/libmoveit_distance_field.so.2.8.0
[1.295s] -- Up-to-date: /home/tyler/mycobot_ROS2/moveit_tutorial_ws/install/moveit_core/lib/libmoveit_distance_field.so
[1.295s] -- Up-to-date: /home/tyler/mycobot_ROS2/moveit_tutorial_ws/install/moveit_core/lib/libmoveit_dynamics_solver.so.2.8.0
[1.295s] -- Up-to-date: /home/tyler/mycobot_ROS2/moveit_tutorial_ws/install/moveit_core/lib/libmoveit_dynamics_solver.so
[1.295s] -- Up-to-date: /home/tyler/mycobot_ROS2/moveit_tutorial_ws/install/moveit_core/lib/libmoveit_exceptions.so.2.8.0
[1.296s] -- Up-to-date: /home/tyler/mycobot_ROS2/moveit_tutorial_ws/install/moveit_core/lib/libmoveit_exceptions.so
[1.296s] -- Up-to-date: /home/tyler/mycobot_ROS2/moveit_tutorial_ws/install/moveit_core/lib/libmoveit_kinematic_constraints.so.2.8.0
[1.296s] -- Up-to-date: /home/tyler/mycobot_ROS2/moveit_tutorial_ws/install/moveit_core/lib/libmoveit_kinematic_constraints.so
[1.297s] -- Up-to-date: /home/tyler/mycobot_ROS2/moveit_tutorial_ws/install/moveit_core/lib/libmoveit_kinematics_base.so
[1.298s] -- Up-to-date: /home/tyler/mycobot_ROS2/moveit_tutorial_ws/install/moveit_core/lib/libmoveit_kinematics_metrics.so.2.8.0
[1.298s] -- Up-to-date: /home/tyler/mycobot_ROS2/moveit_tutorial_ws/install/moveit_core/lib/libmoveit_kinematics_metrics.so
[1.299s] -- Up-to-date: /home/tyler/mycobot_ROS2/moveit_tutorial_ws/install/moveit_core/lib/libmoveit_planning_interface.so.2.8.0
[1.299s] -- Up-to-date: /home/tyler/mycobot_ROS2/moveit_tutorial_ws/install/moveit_core/lib/libmoveit_planning_interface.so
[1.299s] -- Up-to-date: /home/tyler/mycobot_ROS2/moveit_tutorial_ws/install/moveit_core/lib/libmoveit_planning_request_adapter.so.2.8.0
[1.300s] -- Up-to-date: /home/tyler/mycobot_ROS2/moveit_tutorial_ws/install/moveit_core/lib/libmoveit_planning_request_adapter.so
[1.300s] -- Up-to-date: /home/tyler/mycobot_ROS2/moveit_tutorial_ws/install/moveit_core/lib/libmoveit_planning_scene.so.2.8.0
[1.300s] -- Up-to-date: /home/tyler/mycobot_ROS2/moveit_tutorial_ws/install/moveit_core/lib/libmoveit_planning_scene.so
[1.301s] -- Up-to-date: /home/tyler/mycobot_ROS2/moveit_tutorial_ws/install/moveit_core/lib/libmoveit_robot_model.so.2.8.0
[1.301s] -- Up-to-date: /home/tyler/mycobot_ROS2/moveit_tutorial_ws/install/moveit_core/lib/libmoveit_robot_model.so
[1.302s] -- Up-to-date: /home/tyler/mycobot_ROS2/moveit_tutorial_ws/install/moveit_core/lib/libmoveit_robot_state.so.2.8.0
[1.302s] -- Up-to-date: /home/tyler/mycobot_ROS2/moveit_tutorial_ws/install/moveit_core/lib/libmoveit_robot_state.so
[1.303s] -- Up-to-date: /home/tyler/mycobot_ROS2/moveit_tutorial_ws/install/moveit_core/lib/libmoveit_robot_trajectory.so.2.8.0
[1.303s] -- Up-to-date: /home/tyler/mycobot_ROS2/moveit_tutorial_ws/install/moveit_core/lib/libmoveit_robot_trajectory.so
[1.303s] -- Up-to-date: /home/tyler/mycobot_ROS2/moveit_tutorial_ws/install/moveit_core/lib/libmoveit_smoothing_base.so.2.8.0
[1.304s] -- Up-to-date: /home/tyler/mycobot_ROS2/moveit_tutorial_ws/install/moveit_core/lib/libmoveit_smoothing_base.so
[1.304s] -- Up-to-date: /home/tyler/mycobot_ROS2/moveit_tutorial_ws/install/moveit_core/lib/libmoveit_test_utils.so.2.8.0
[1.305s] -- Up-to-date: /home/tyler/mycobot_ROS2/moveit_tutorial_ws/install/moveit_core/lib/libmoveit_test_utils.so
[1.305s] -- Up-to-date: /home/tyler/mycobot_ROS2/moveit_tutorial_ws/install/moveit_core/lib/libmoveit_trajectory_processing.so.2.8.0
[1.306s] -- Up-to-date: /home/tyler/mycobot_ROS2/moveit_tutorial_ws/install/moveit_core/lib/libmoveit_trajectory_processing.so
[1.306s] -- Up-to-date: /home/tyler/mycobot_ROS2/moveit_tutorial_ws/install/moveit_core/lib/libmoveit_transforms.so.2.8.0
[1.306s] -- Up-to-date: /home/tyler/mycobot_ROS2/moveit_tutorial_ws/install/moveit_core/lib/libmoveit_transforms.so
[1.307s] -- Up-to-date: /home/tyler/mycobot_ROS2/moveit_tutorial_ws/install/moveit_core/lib/libmoveit_utils.so.2.8.0
[1.307s] -- Up-to-date: /home/tyler/mycobot_ROS2/moveit_tutorial_ws/install/moveit_core/lib/libmoveit_utils.so
[1.308s] -- Up-to-date: /home/tyler/mycobot_ROS2/moveit_tutorial_ws/install/moveit_core/share/moveit_core/environment/library_path.sh
[1.308s] -- Up-to-date: /home/tyler/mycobot_ROS2/moveit_tutorial_ws/install/moveit_core/share/moveit_core/environment/library_path.dsv
[1.308s] -- Up-to-date: /home/tyler/mycobot_ROS2/moveit_tutorial_ws/install/moveit_core/share/moveit_core/collision_detector_fcl_description.xml
[1.308s] -- Up-to-date: /home/tyler/mycobot_ROS2/moveit_tutorial_ws/install/moveit_core/share/moveit_core/collision_detector_bullet_description.xml
[1.308s] -- Up-to-date: /home/tyler/mycobot_ROS2/moveit_tutorial_ws/install/moveit_core/share/moveit_core/filter_plugin_butterworth.xml
[1.309s] -- Up-to-date: /home/tyler/mycobot_ROS2/moveit_tutorial_ws/install/moveit_core/share/ament_index/resource_index/package_run_dependencies/moveit_core
[1.309s] -- Up-to-date: /home/tyler/mycobot_ROS2/moveit_tutorial_ws/install/moveit_core/share/ament_index/resource_index/parent_prefix_path/moveit_core
[1.309s] -- Up-to-date: /home/tyler/mycobot_ROS2/moveit_tutorial_ws/install/moveit_core/share/moveit_core/environment/ament_prefix_path.sh
[1.309s] -- Up-to-date: /home/tyler/mycobot_ROS2/moveit_tutorial_ws/install/moveit_core/share/moveit_core/environment/ament_prefix_path.dsv
[1.309s] -- Up-to-date: /home/tyler/mycobot_ROS2/moveit_tutorial_ws/install/moveit_core/share/moveit_core/environment/path.sh
[1.310s] -- Up-to-date: /home/tyler/mycobot_ROS2/moveit_tutorial_ws/install/moveit_core/share/moveit_core/environment/path.dsv
[1.310s] -- Up-to-date: /home/tyler/mycobot_ROS2/moveit_tutorial_ws/install/moveit_core/share/moveit_core/local_setup.bash
[1.310s] -- Up-to-date: /home/tyler/mycobot_ROS2/moveit_tutorial_ws/install/moveit_core/share/moveit_core/local_setup.sh
[1.310s] -- Up-to-date: /home/tyler/mycobot_ROS2/moveit_tutorial_ws/install/moveit_core/share/moveit_core/local_setup.zsh
[1.310s] -- Up-to-date: /home/tyler/mycobot_ROS2/moveit_tutorial_ws/install/moveit_core/share/moveit_core/local_setup.dsv
[1.311s] -- Installing: /home/tyler/mycobot_ROS2/moveit_tutorial_ws/install/moveit_core/share/moveit_core/package.dsv
[1.311s] -- Up-to-date: /home/tyler/mycobot_ROS2/moveit_tutorial_ws/install/moveit_core/share/ament_index/resource_index/packages/moveit_core
[1.311s] -- Up-to-date: /home/tyler/mycobot_ROS2/moveit_tutorial_ws/install/moveit_core/share/ament_index/resource_index/moveit_core__pluginlib__plugin/moveit_core
[1.312s] -- Up-to-date: /home/tyler/mycobot_ROS2/moveit_tutorial_ws/install/moveit_core/share/moveit_core/cmake/moveit_coreTargetsExport.cmake
[1.312s] -- Up-to-date: /home/tyler/mycobot_ROS2/moveit_tutorial_ws/install/moveit_core/share/moveit_core/cmake/moveit_coreTargetsExport-release.cmake
[1.312s] -- Up-to-date: /home/tyler/mycobot_ROS2/moveit_tutorial_ws/install/moveit_core/share/moveit_core/cmake/ConfigExtras.cmake
[1.312s] -- Up-to-date: /home/tyler/mycobot_ROS2/moveit_tutorial_ws/install/moveit_core/share/moveit_core/cmake/ament_cmake_export_targets-extras.cmake
[1.313s] -- Up-to-date: /home/tyler/mycobot_ROS2/moveit_tutorial_ws/install/moveit_core/share/moveit_core/cmake/ament_cmake_export_dependencies-extras.cmake
[1.313s] -- Up-to-date: /home/tyler/mycobot_ROS2/moveit_tutorial_ws/install/moveit_core/share/moveit_core/cmake/moveit_coreConfig.cmake
[1.313s] -- Up-to-date: /home/tyler/mycobot_ROS2/moveit_tutorial_ws/install/moveit_core/share/moveit_core/cmake/moveit_coreConfig-version.cmake
[1.313s] -- Up-to-date: /home/tyler/mycobot_ROS2/moveit_tutorial_ws/install/moveit_core/share/moveit_core/package.xml
[1.317s] Invoked command in '/home/tyler/mycobot_ROS2/moveit_tutorial_ws/build/moveit_core' returned '0': AMENT_PREFIX_PATH=/home/tyler/mycobot_ROS2/moveit_tutorial_ws/install/moveit_resources_panda_moveit_config:/home/tyler/mycobot_ROS2/moveit_tutorial_ws/install/moveit_resources_pr2_description:/home/tyler/mycobot_ROS2/moveit_tutorial_ws/install/moveit_resources_panda_description:/home/tyler/mycobot_ROS2/moveit_tutorial_ws/install/moveit_msgs:/home/tyler/mycobot_ROS2/moveit_tutorial_ws/install/moveit_common:${AMENT_PREFIX_PATH} CMAKE_PREFIX_PATH=/home/tyler/mycobot_ROS2/moveit_tutorial_ws/install/moveit_resources_panda_moveit_config:/home/tyler/mycobot_ROS2/moveit_tutorial_ws/install/moveit_resources_pr2_description:/home/tyler/mycobot_ROS2/moveit_tutorial_ws/install/moveit_resources_panda_description:/home/tyler/mycobot_ROS2/moveit_tutorial_ws/install/moveit_msgs:/home/tyler/mycobot_ROS2/moveit_tutorial_ws/install/moveit_common:/home/tyler/mycobot_ROS2/colcon_ws/install/mypalletizer_interfaces:/home/tyler/mycobot_ROS2/colcon_ws/install/mycobot_interfaces:/home/tyler/mycobot_ROS2/colcon_ws/install/mecharm_interfaces:/home/tyler/mycobot_ROS2/colcon_ws/install/ultraarm:/home/tyler/mycobot_ROS2/colcon_ws/install/mypalletizer_260_pi:/home/tyler/mycobot_ROS2/colcon_ws/install/mypalletizer_260:/home/tyler/mycobot_ROS2/colcon_ws/install/mypalletizer_communication:/home/tyler/mycobot_ROS2/colcon_ws/install/mycobot_320pi:/home/tyler/mycobot_ROS2/colcon_ws/install/mycobot_320:/home/tyler/mycobot_ROS2/colcon_ws/install/mycobot_280pi:/home/tyler/mycobot_ROS2/colcon_ws/install/mycobot_280jn:/home/tyler/mycobot_ROS2/colcon_ws/install/mycobot_280_x3pi:/home/tyler/mycobot_ROS2/colcon_ws/install/mycobot_280:/home/tyler/mycobot_ROS2/colcon_ws/install/myarm_300:/home/tyler/mycobot_ROS2/colcon_ws/install/mycobot_communication:/home/tyler/mycobot_ROS2/colcon_ws/install/mecharm_pi:/home/tyler/mycobot_ROS2/colcon_ws/install/mecharm:/home/tyler/mycobot_ROS2/colcon_ws/install/mecharm_communication:/home/tyler/mycobot_ROS2/colcon_ws/install/mybuddy:/home/tyler/mycobot_ROS2/colcon_ws/install/mycobot_description:/opt/ros/humble LD_LIBRARY_PATH=/home/tyler/mycobot_ROS2/moveit_tutorial_ws/install/moveit_msgs/lib:${LD_LIBRARY_PATH} MYSQL_PS1=(\u@\h) [\d]> PYTHONPATH=/home/tyler/mycobot_ROS2/moveit_tutorial_ws/install/moveit_msgs/local/lib/python3.10/dist-packages:${PYTHONPATH} /usr/bin/cmake --install /home/tyler/mycobot_ROS2/moveit_tutorial_ws/build/moveit_core
