[5.953s] Invoking command in '/home/tyler/colcon_ws/build/mycobot_280jn': AMENT_PREFIX_PATH=/home/tyler/colcon_ws/install/mycobot_communication:/home/tyler/colcon_ws/install/mycobot_interfaces:/home/tyler/colcon_ws/install/mycobot_description:${AMENT_PREFIX_PATH} CMAKE_PREFIX_PATH=/home/tyler/colcon_ws/install/mycobot_interfaces LD_LIBRARY_PATH=/home/tyler/colcon_ws/install/mycobot_interfaces/lib:${LD_LIBRARY_PATH} MYSQL_PS1=(\u@\h) [\d]> PYTHONPATH=/home/tyler/colcon_ws/build/mycobot_280jn/prefix_override:/home/tyler/colcon_ws/install/mycobot_280jn/lib/python3.10/site-packages:/home/tyler/colcon_ws/install/mycobot_communication/lib/python3.10/site-packages:/home/tyler/colcon_ws/install/mycobot_interfaces/local/lib/python3.10/dist-packages:/home/tyler/colcon_ws/install/mycobot_description/lib/python3.10/site-packages:${PYTHONPATH} /usr/bin/python3 setup.py develop --uninstall --editable --build-directory /home/tyler/colcon_ws/build/mycobot_280jn/build
[6.725s] /usr/lib/python3/dist-packages/setuptools/dist.py:723: UserWarning: Usage of dash-separated 'script-dir' will not be supported in future versions. Please use the underscore name 'script_dir' instead
[6.725s]   warnings.warn(
[6.790s] running develop
[6.791s] /usr/lib/python3/dist-packages/setuptools/command/easy_install.py:158: EasyInstallDeprecationWarning: easy_install command is deprecated. Use build and pip and other standards-based tools.
[6.791s]   warnings.warn(
[6.794s] /usr/lib/python3/dist-packages/setuptools/command/install.py:34: SetuptoolsDeprecationWarning: setup.py install is deprecated. Use build and pip and other standards-based tools.
[6.795s]   warnings.warn(
[7.341s] Removing /home/tyler/colcon_ws/install/mycobot_280jn/lib/python3.10/site-packages/mycobot-280jn.egg-link (link to .)
[7.468s] Invoked command in '/home/tyler/colcon_ws/build/mycobot_280jn' returned '0': AMENT_PREFIX_PATH=/home/tyler/colcon_ws/install/mycobot_communication:/home/tyler/colcon_ws/install/mycobot_interfaces:/home/tyler/colcon_ws/install/mycobot_description:${AMENT_PREFIX_PATH} CMAKE_PREFIX_PATH=/home/tyler/colcon_ws/install/mycobot_interfaces LD_LIBRARY_PATH=/home/tyler/colcon_ws/install/mycobot_interfaces/lib:${LD_LIBRARY_PATH} MYSQL_PS1=(\u@\h) [\d]> PYTHONPATH=/home/tyler/colcon_ws/build/mycobot_280jn/prefix_override:/home/tyler/colcon_ws/install/mycobot_280jn/lib/python3.10/site-packages:/home/tyler/colcon_ws/install/mycobot_communication/lib/python3.10/site-packages:/home/tyler/colcon_ws/install/mycobot_interfaces/local/lib/python3.10/dist-packages:/home/tyler/colcon_ws/install/mycobot_description/lib/python3.10/site-packages:${PYTHONPATH} /usr/bin/python3 setup.py develop --uninstall --editable --build-directory /home/tyler/colcon_ws/build/mycobot_280jn/build
[7.471s] Invoking command in '/home/tyler/colcon_ws/src/mycobot_ros2/mycobot_280/mycobot_280jn': AMENT_PREFIX_PATH=/home/tyler/colcon_ws/install/mycobot_communication:/home/tyler/colcon_ws/install/mycobot_interfaces:/home/tyler/colcon_ws/install/mycobot_description:${AMENT_PREFIX_PATH} CMAKE_PREFIX_PATH=/home/tyler/colcon_ws/install/mycobot_interfaces LD_LIBRARY_PATH=/home/tyler/colcon_ws/install/mycobot_interfaces/lib:${LD_LIBRARY_PATH} MYSQL_PS1=(\u@\h) [\d]> PYTHONPATH=/home/tyler/colcon_ws/build/mycobot_280jn/prefix_override:/home/tyler/colcon_ws/install/mycobot_280jn/lib/python3.10/site-packages:/home/tyler/colcon_ws/install/mycobot_communication/lib/python3.10/site-packages:/home/tyler/colcon_ws/install/mycobot_interfaces/local/lib/python3.10/dist-packages:/home/tyler/colcon_ws/install/mycobot_description/lib/python3.10/site-packages:${PYTHONPATH} /usr/bin/python3 setup.py egg_info --egg-base ../../../../build/mycobot_280jn build --build-base /home/tyler/colcon_ws/build/mycobot_280jn/build install --record /home/tyler/colcon_ws/build/mycobot_280jn/install.log --install-scripts $base/lib/mycobot_280jn --single-version-externally-managed
[7.931s] /usr/lib/python3/dist-packages/setuptools/dist.py:723: UserWarning: Usage of dash-separated 'script-dir' will not be supported in future versions. Please use the underscore name 'script_dir' instead
[7.931s]   warnings.warn(
[7.949s] running egg_info
[7.950s] writing ../../../../build/mycobot_280jn/mycobot_280jn.egg-info/PKG-INFO
[7.950s] writing dependency_links to ../../../../build/mycobot_280jn/mycobot_280jn.egg-info/dependency_links.txt
[7.951s] writing entry points to ../../../../build/mycobot_280jn/mycobot_280jn.egg-info/entry_points.txt
[7.952s] writing requirements to ../../../../build/mycobot_280jn/mycobot_280jn.egg-info/requires.txt
[7.952s] writing top-level names to ../../../../build/mycobot_280jn/mycobot_280jn.egg-info/top_level.txt
[7.955s] reading manifest file '../../../../build/mycobot_280jn/mycobot_280jn.egg-info/SOURCES.txt'
[7.956s] adding license file 'LICENSE'
[7.957s] writing manifest file '../../../../build/mycobot_280jn/mycobot_280jn.egg-info/SOURCES.txt'
[7.957s] running build
[7.958s] running build_py
[7.958s] creating /home/tyler/colcon_ws/build/mycobot_280jn/build
[7.959s] creating /home/tyler/colcon_ws/build/mycobot_280jn/build/lib
[7.959s] creating /home/tyler/colcon_ws/build/mycobot_280jn/build/lib/mycobot_280jn
[7.959s] copying mycobot_280jn/detect_marker.py -> /home/tyler/colcon_ws/build/mycobot_280jn/build/lib/mycobot_280jn
[7.959s] copying mycobot_280jn/follow_display.py -> /home/tyler/colcon_ws/build/mycobot_280jn/build/lib/mycobot_280jn
[7.959s] copying mycobot_280jn/camera_display.py -> /home/tyler/colcon_ws/build/mycobot_280jn/build/lib/mycobot_280jn
[7.960s] copying mycobot_280jn/opencv_camera.py -> /home/tyler/colcon_ws/build/mycobot_280jn/build/lib/mycobot_280jn
[7.960s] copying mycobot_280jn/listen_real_of_topic.py -> /home/tyler/colcon_ws/build/mycobot_280jn/build/lib/mycobot_280jn
[7.961s] copying mycobot_280jn/listen_real.py -> /home/tyler/colcon_ws/build/mycobot_280jn/build/lib/mycobot_280jn
[7.961s] copying mycobot_280jn/teleop_keyboard.py -> /home/tyler/colcon_ws/build/mycobot_280jn/build/lib/mycobot_280jn
[7.961s] copying mycobot_280jn/__init__.py -> /home/tyler/colcon_ws/build/mycobot_280jn/build/lib/mycobot_280jn
[7.961s] copying mycobot_280jn/follow_and_pump.py -> /home/tyler/colcon_ws/build/mycobot_280jn/build/lib/mycobot_280jn
[7.961s] copying mycobot_280jn/slider_control.py -> /home/tyler/colcon_ws/build/mycobot_280jn/build/lib/mycobot_280jn
[7.962s] copying mycobot_280jn/following_marker.py -> /home/tyler/colcon_ws/build/mycobot_280jn/build/lib/mycobot_280jn
[7.962s] copying mycobot_280jn/simple_gui.py -> /home/tyler/colcon_ws/build/mycobot_280jn/build/lib/mycobot_280jn
[7.962s] running install
[7.962s] /usr/lib/python3/dist-packages/setuptools/command/install.py:34: SetuptoolsDeprecationWarning: setup.py install is deprecated. Use build and pip and other standards-based tools.
[7.963s]   warnings.warn(
[7.963s] running install_lib
[7.963s] creating /home/tyler/colcon_ws/install/mycobot_280jn/lib/python3.10/site-packages/mycobot_280jn
[7.963s] copying /home/tyler/colcon_ws/build/mycobot_280jn/build/lib/mycobot_280jn/detect_marker.py -> /home/tyler/colcon_ws/install/mycobot_280jn/lib/python3.10/site-packages/mycobot_280jn
[7.963s] copying /home/tyler/colcon_ws/build/mycobot_280jn/build/lib/mycobot_280jn/follow_display.py -> /home/tyler/colcon_ws/install/mycobot_280jn/lib/python3.10/site-packages/mycobot_280jn
[7.964s] copying /home/tyler/colcon_ws/build/mycobot_280jn/build/lib/mycobot_280jn/camera_display.py -> /home/tyler/colcon_ws/install/mycobot_280jn/lib/python3.10/site-packages/mycobot_280jn
[7.964s] copying /home/tyler/colcon_ws/build/mycobot_280jn/build/lib/mycobot_280jn/opencv_camera.py -> /home/tyler/colcon_ws/install/mycobot_280jn/lib/python3.10/site-packages/mycobot_280jn
[7.965s] copying /home/tyler/colcon_ws/build/mycobot_280jn/build/lib/mycobot_280jn/listen_real_of_topic.py -> /home/tyler/colcon_ws/install/mycobot_280jn/lib/python3.10/site-packages/mycobot_280jn
[7.965s] copying /home/tyler/colcon_ws/build/mycobot_280jn/build/lib/mycobot_280jn/listen_real.py -> /home/tyler/colcon_ws/install/mycobot_280jn/lib/python3.10/site-packages/mycobot_280jn
[7.965s] copying /home/tyler/colcon_ws/build/mycobot_280jn/build/lib/mycobot_280jn/teleop_keyboard.py -> /home/tyler/colcon_ws/install/mycobot_280jn/lib/python3.10/site-packages/mycobot_280jn
[7.966s] copying /home/tyler/colcon_ws/build/mycobot_280jn/build/lib/mycobot_280jn/__init__.py -> /home/tyler/colcon_ws/install/mycobot_280jn/lib/python3.10/site-packages/mycobot_280jn
[7.966s] copying /home/tyler/colcon_ws/build/mycobot_280jn/build/lib/mycobot_280jn/follow_and_pump.py -> /home/tyler/colcon_ws/install/mycobot_280jn/lib/python3.10/site-packages/mycobot_280jn
[7.967s] copying /home/tyler/colcon_ws/build/mycobot_280jn/build/lib/mycobot_280jn/slider_control.py -> /home/tyler/colcon_ws/install/mycobot_280jn/lib/python3.10/site-packages/mycobot_280jn
[7.967s] copying /home/tyler/colcon_ws/build/mycobot_280jn/build/lib/mycobot_280jn/following_marker.py -> /home/tyler/colcon_ws/install/mycobot_280jn/lib/python3.10/site-packages/mycobot_280jn
[7.967s] copying /home/tyler/colcon_ws/build/mycobot_280jn/build/lib/mycobot_280jn/simple_gui.py -> /home/tyler/colcon_ws/install/mycobot_280jn/lib/python3.10/site-packages/mycobot_280jn
[7.967s] byte-compiling /home/tyler/colcon_ws/install/mycobot_280jn/lib/python3.10/site-packages/mycobot_280jn/detect_marker.py to detect_marker.cpython-310.pyc
[7.968s] byte-compiling /home/tyler/colcon_ws/install/mycobot_280jn/lib/python3.10/site-packages/mycobot_280jn/follow_display.py to follow_display.cpython-310.pyc
[7.968s] byte-compiling /home/tyler/colcon_ws/install/mycobot_280jn/lib/python3.10/site-packages/mycobot_280jn/camera_display.py to camera_display.cpython-310.pyc
[7.968s] byte-compiling /home/tyler/colcon_ws/install/mycobot_280jn/lib/python3.10/site-packages/mycobot_280jn/opencv_camera.py to opencv_camera.cpython-310.pyc
[7.969s] byte-compiling /home/tyler/colcon_ws/install/mycobot_280jn/lib/python3.10/site-packages/mycobot_280jn/listen_real_of_topic.py to listen_real_of_topic.cpython-310.pyc
[7.971s] byte-compiling /home/tyler/colcon_ws/install/mycobot_280jn/lib/python3.10/site-packages/mycobot_280jn/listen_real.py to listen_real.cpython-310.pyc
[7.972s] byte-compiling /home/tyler/colcon_ws/install/mycobot_280jn/lib/python3.10/site-packages/mycobot_280jn/teleop_keyboard.py to teleop_keyboard.cpython-310.pyc
[7.975s] byte-compiling /home/tyler/colcon_ws/install/mycobot_280jn/lib/python3.10/site-packages/mycobot_280jn/__init__.py to __init__.cpython-310.pyc
[7.976s] byte-compiling /home/tyler/colcon_ws/install/mycobot_280jn/lib/python3.10/site-packages/mycobot_280jn/follow_and_pump.py to follow_and_pump.cpython-310.pyc
[7.978s] byte-compiling /home/tyler/colcon_ws/install/mycobot_280jn/lib/python3.10/site-packages/mycobot_280jn/slider_control.py to slider_control.cpython-310.pyc
[7.979s] byte-compiling /home/tyler/colcon_ws/install/mycobot_280jn/lib/python3.10/site-packages/mycobot_280jn/following_marker.py to following_marker.cpython-310.pyc
[7.980s] byte-compiling /home/tyler/colcon_ws/install/mycobot_280jn/lib/python3.10/site-packages/mycobot_280jn/simple_gui.py to simple_gui.cpython-310.pyc
[7.985s] running install_data
[7.988s] running install_egg_info
[7.991s] Copying ../../../../build/mycobot_280jn/mycobot_280jn.egg-info to /home/tyler/colcon_ws/install/mycobot_280jn/lib/python3.10/site-packages/mycobot_280jn-0.0.0-py3.10.egg-info
[7.992s] running install_scripts
[8.032s] Installing camera_display script to /home/tyler/colcon_ws/install/mycobot_280jn/lib/mycobot_280jn
[8.033s] Installing detect_marker script to /home/tyler/colcon_ws/install/mycobot_280jn/lib/mycobot_280jn
[8.033s] Installing follow_display script to /home/tyler/colcon_ws/install/mycobot_280jn/lib/mycobot_280jn
[8.033s] Installing following_marker script to /home/tyler/colcon_ws/install/mycobot_280jn/lib/mycobot_280jn
[8.034s] Installing listen_real script to /home/tyler/colcon_ws/install/mycobot_280jn/lib/mycobot_280jn
[8.034s] Installing listen_real_of_topic script to /home/tyler/colcon_ws/install/mycobot_280jn/lib/mycobot_280jn
[8.034s] Installing opencv_camera script to /home/tyler/colcon_ws/install/mycobot_280jn/lib/mycobot_280jn
[8.035s] Installing simple_gui script to /home/tyler/colcon_ws/install/mycobot_280jn/lib/mycobot_280jn
[8.035s] Installing slider_control script to /home/tyler/colcon_ws/install/mycobot_280jn/lib/mycobot_280jn
[8.035s] Installing teleop_keyboard script to /home/tyler/colcon_ws/install/mycobot_280jn/lib/mycobot_280jn
[8.036s] writing list of installed files to '/home/tyler/colcon_ws/build/mycobot_280jn/install.log'
[8.128s] Invoked command in '/home/tyler/colcon_ws/src/mycobot_ros2/mycobot_280/mycobot_280jn' returned '0': AMENT_PREFIX_PATH=/home/tyler/colcon_ws/install/mycobot_communication:/home/tyler/colcon_ws/install/mycobot_interfaces:/home/tyler/colcon_ws/install/mycobot_description:${AMENT_PREFIX_PATH} CMAKE_PREFIX_PATH=/home/tyler/colcon_ws/install/mycobot_interfaces LD_LIBRARY_PATH=/home/tyler/colcon_ws/install/mycobot_interfaces/lib:${LD_LIBRARY_PATH} MYSQL_PS1=(\u@\h) [\d]> PYTHONPATH=/home/tyler/colcon_ws/build/mycobot_280jn/prefix_override:/home/tyler/colcon_ws/install/mycobot_280jn/lib/python3.10/site-packages:/home/tyler/colcon_ws/install/mycobot_communication/lib/python3.10/site-packages:/home/tyler/colcon_ws/install/mycobot_interfaces/local/lib/python3.10/dist-packages:/home/tyler/colcon_ws/install/mycobot_description/lib/python3.10/site-packages:${PYTHONPATH} /usr/bin/python3 setup.py egg_info --egg-base ../../../../build/mycobot_280jn build --build-base /home/tyler/colcon_ws/build/mycobot_280jn/build install --record /home/tyler/colcon_ws/build/mycobot_280jn/install.log --install-scripts $base/lib/mycobot_280jn --single-version-externally-managed
