/usr/lib/python3/dist-packages/setuptools/dist.py:723: UserWarning: Usage of dash-separated 'script-dir' will not be supported in future versions. Please use the underscore name 'script_dir' instead
  warnings.warn(
running develop
/usr/lib/python3/dist-packages/setuptools/command/easy_install.py:158: EasyInstallDeprecationWarning: easy_install command is deprecated. Use build and pip and other standards-based tools.
  warnings.warn(
/usr/lib/python3/dist-packages/setuptools/command/install.py:34: SetuptoolsDeprecationWarning: setup.py install is deprecated. Use build and pip and other standards-based tools.
  warnings.warn(
Removing /home/tyler/colcon_ws/install/mybuddy/lib/python3.10/site-packages/mybuddy.egg-link (link to .)
/usr/lib/python3/dist-packages/setuptools/dist.py:723: UserWarning: Usage of dash-separated 'script-dir' will not be supported in future versions. Please use the underscore name 'script_dir' instead
  warnings.warn(
running egg_info
writing ../../../../build/mybuddy/mybuddy.egg-info/PKG-INFO
writing dependency_links to ../../../../build/mybuddy/mybuddy.egg-info/dependency_links.txt
writing entry points to ../../../../build/mybuddy/mybuddy.egg-info/entry_points.txt
writing requirements to ../../../../build/mybuddy/mybuddy.egg-info/requires.txt
writing top-level names to ../../../../build/mybuddy/mybuddy.egg-info/top_level.txt
reading manifest file '../../../../build/mybuddy/mybuddy.egg-info/SOURCES.txt'
writing manifest file '../../../../build/mybuddy/mybuddy.egg-info/SOURCES.txt'
running build
running build_py
creating /home/tyler/colcon_ws/build/mybuddy/build
creating /home/tyler/colcon_ws/build/mybuddy/build/lib
creating /home/tyler/colcon_ws/build/mybuddy/build/lib/mybuddy
copying mybuddy/follow_display.py -> /home/tyler/colcon_ws/build/mybuddy/build/lib/mybuddy
copying mybuddy/listen_real_of_topic.py -> /home/tyler/colcon_ws/build/mybuddy/build/lib/mybuddy
copying mybuddy/listen_real.py -> /home/tyler/colcon_ws/build/mybuddy/build/lib/mybuddy
copying mybuddy/__init__.py -> /home/tyler/colcon_ws/build/mybuddy/build/lib/mybuddy
copying mybuddy/slider_control.py -> /home/tyler/colcon_ws/build/mybuddy/build/lib/mybuddy
running install
/usr/lib/python3/dist-packages/setuptools/command/install.py:34: SetuptoolsDeprecationWarning: setup.py install is deprecated. Use build and pip and other standards-based tools.
  warnings.warn(
running install_lib
creating /home/tyler/colcon_ws/install/mybuddy/lib/python3.10/site-packages/mybuddy
copying /home/tyler/colcon_ws/build/mybuddy/build/lib/mybuddy/follow_display.py -> /home/tyler/colcon_ws/install/mybuddy/lib/python3.10/site-packages/mybuddy
copying /home/tyler/colcon_ws/build/mybuddy/build/lib/mybuddy/listen_real_of_topic.py -> /home/tyler/colcon_ws/install/mybuddy/lib/python3.10/site-packages/mybuddy
copying /home/tyler/colcon_ws/build/mybuddy/build/lib/mybuddy/listen_real.py -> /home/tyler/colcon_ws/install/mybuddy/lib/python3.10/site-packages/mybuddy
copying /home/tyler/colcon_ws/build/mybuddy/build/lib/mybuddy/__init__.py -> /home/tyler/colcon_ws/install/mybuddy/lib/python3.10/site-packages/mybuddy
copying /home/tyler/colcon_ws/build/mybuddy/build/lib/mybuddy/slider_control.py -> /home/tyler/colcon_ws/install/mybuddy/lib/python3.10/site-packages/mybuddy
byte-compiling /home/tyler/colcon_ws/install/mybuddy/lib/python3.10/site-packages/mybuddy/follow_display.py to follow_display.cpython-310.pyc
byte-compiling /home/tyler/colcon_ws/install/mybuddy/lib/python3.10/site-packages/mybuddy/listen_real_of_topic.py to listen_real_of_topic.cpython-310.pyc
byte-compiling /home/tyler/colcon_ws/install/mybuddy/lib/python3.10/site-packages/mybuddy/listen_real.py to listen_real.cpython-310.pyc
byte-compiling /home/tyler/colcon_ws/install/mybuddy/lib/python3.10/site-packages/mybuddy/__init__.py to __init__.cpython-310.pyc
byte-compiling /home/tyler/colcon_ws/install/mybuddy/lib/python3.10/site-packages/mybuddy/slider_control.py to slider_control.cpython-310.pyc
running install_data
running install_egg_info
Copying ../../../../build/mybuddy/mybuddy.egg-info to /home/tyler/colcon_ws/install/mybuddy/lib/python3.10/site-packages/mybuddy-0.0.0-py3.10.egg-info
running install_scripts
Installing follow_display script to /home/tyler/colcon_ws/install/mybuddy/lib/mybuddy
Installing listen_real script to /home/tyler/colcon_ws/install/mybuddy/lib/mybuddy
Installing listen_real_of_topic script to /home/tyler/colcon_ws/install/mybuddy/lib/mybuddy
Installing slider_control script to /home/tyler/colcon_ws/install/mybuddy/lib/mybuddy
writing list of installed files to '/home/tyler/colcon_ws/build/mybuddy/install.log'
