[5.248s] Invoking command in '/home/tyler/colcon_ws/build/mecharm': AMENT_PREFIX_PATH=/home/tyler/colcon_ws/install/mecharm_communication:/home/tyler/colcon_ws/install/mycobot_interfaces:/home/tyler/colcon_ws/install/mycobot_description:${AMENT_PREFIX_PATH} CMAKE_PREFIX_PATH=/home/tyler/colcon_ws/install/mycobot_interfaces LD_LIBRARY_PATH=/home/tyler/colcon_ws/install/mycobot_interfaces/lib:${LD_LIBRARY_PATH} MYSQL_PS1=(\u@\h) [\d]> PYTHONPATH=/home/tyler/colcon_ws/build/mecharm/prefix_override:/home/tyler/colcon_ws/install/mecharm/lib/python3.10/site-packages:/home/tyler/colcon_ws/build/mecharm_communication:/home/tyler/colcon_ws/install/mecharm_communication/lib/python3.10/site-packages:/home/tyler/colcon_ws/install/mycobot_interfaces/local/lib/python3.10/dist-packages:/home/tyler/colcon_ws/build/mycobot_description:/home/tyler/colcon_ws/install/mycobot_description/lib/python3.10/site-packages:${PYTHONPATH} /usr/bin/python3 setup.py develop --editable --build-directory /home/tyler/colcon_ws/build/mecharm/build --no-deps install_data
[5.743s] /usr/lib/python3/dist-packages/setuptools/dist.py:723: UserWarning: Usage of dash-separated 'script-dir' will not be supported in future versions. Please use the underscore name 'script_dir' instead
[5.743s]   warnings.warn(
[5.796s] running develop
[5.797s] /usr/lib/python3/dist-packages/setuptools/command/easy_install.py:158: EasyInstallDeprecationWarning: easy_install command is deprecated. Use build and pip and other standards-based tools.
[5.797s]   warnings.warn(
[5.800s] /usr/lib/python3/dist-packages/setuptools/command/install.py:34: SetuptoolsDeprecationWarning: setup.py install is deprecated. Use build and pip and other standards-based tools.
[5.800s]   warnings.warn(
[6.107s] running egg_info
[6.108s] creating mecharm.egg-info
[6.108s] writing mecharm.egg-info/PKG-INFO
[6.108s] writing dependency_links to mecharm.egg-info/dependency_links.txt
[6.108s] writing entry points to mecharm.egg-info/entry_points.txt
[6.109s] writing requirements to mecharm.egg-info/requires.txt
[6.109s] writing top-level names to mecharm.egg-info/top_level.txt
[6.109s] writing manifest file 'mecharm.egg-info/SOURCES.txt'
[6.113s] reading manifest file 'mecharm.egg-info/SOURCES.txt'
[6.114s] writing manifest file 'mecharm.egg-info/SOURCES.txt'
[6.117s] running build_ext
[6.117s] Creating /home/tyler/colcon_ws/install/mecharm/lib/python3.10/site-packages/mecharm.egg-link (link to .)
[6.118s] Installing detect_marker script to /home/tyler/colcon_ws/install/mecharm/lib/mecharm
[6.119s] Installing follow_display script to /home/tyler/colcon_ws/install/mecharm/lib/mecharm
[6.119s] Installing following_marker script to /home/tyler/colcon_ws/install/mecharm/lib/mecharm
[6.119s] Installing listen_real script to /home/tyler/colcon_ws/install/mecharm/lib/mecharm
[6.119s] Installing listen_real_of_topic script to /home/tyler/colcon_ws/install/mecharm/lib/mecharm
[6.120s] Installing simple_gui script to /home/tyler/colcon_ws/install/mecharm/lib/mecharm
[6.120s] Installing slider_control script to /home/tyler/colcon_ws/install/mecharm/lib/mecharm
[6.120s] Installing teleop_keyboard script to /home/tyler/colcon_ws/install/mecharm/lib/mecharm
[6.120s] 
[6.120s] Installed /home/tyler/colcon_ws/build/mecharm
[6.121s] running install_data
[6.121s] creating /home/tyler/colcon_ws/install/mecharm/share/ament_index
[6.121s] creating /home/tyler/colcon_ws/install/mecharm/share/ament_index/resource_index
[6.121s] creating /home/tyler/colcon_ws/install/mecharm/share/ament_index/resource_index/packages
[6.121s] copying resource/mecharm -> /home/tyler/colcon_ws/install/mecharm/share/ament_index/resource_index/packages
[6.122s] copying package.xml -> /home/tyler/colcon_ws/install/mecharm/share/mecharm
[6.122s] creating /home/tyler/colcon_ws/install/mecharm/share/mecharm/launch
[6.122s] copying launch/teleop_keyboard.launch.py -> /home/tyler/colcon_ws/install/mecharm/share/mecharm/launch
[6.122s] copying launch/detect_marker.launch.py -> /home/tyler/colcon_ws/install/mecharm/share/mecharm/launch
[6.122s] copying launch/slider_control.launch.py -> /home/tyler/colcon_ws/install/mecharm/share/mecharm/launch
[6.123s] copying launch/test.launch.py -> /home/tyler/colcon_ws/install/mecharm/share/mecharm/launch
[6.123s] copying launch/simple_gui.launch.py -> /home/tyler/colcon_ws/install/mecharm/share/mecharm/launch
[6.123s] copying launch/follow.launch.py -> /home/tyler/colcon_ws/install/mecharm/share/mecharm/launch
[6.123s] copying launch/detect_marker_with_topic.launch.py -> /home/tyler/colcon_ws/install/mecharm/share/mecharm/launch
[6.124s] creating /home/tyler/colcon_ws/install/mecharm/share/mecharm/config
[6.124s] copying config/mecharm.rviz -> /home/tyler/colcon_ws/install/mecharm/share/mecharm/config
[6.124s] copying config/mycobot_with_marker.rviz -> /home/tyler/colcon_ws/install/mecharm/share/mecharm/config
[6.176s] Invoked command in '/home/tyler/colcon_ws/build/mecharm' returned '0': AMENT_PREFIX_PATH=/home/tyler/colcon_ws/install/mecharm_communication:/home/tyler/colcon_ws/install/mycobot_interfaces:/home/tyler/colcon_ws/install/mycobot_description:${AMENT_PREFIX_PATH} CMAKE_PREFIX_PATH=/home/tyler/colcon_ws/install/mycobot_interfaces LD_LIBRARY_PATH=/home/tyler/colcon_ws/install/mycobot_interfaces/lib:${LD_LIBRARY_PATH} MYSQL_PS1=(\u@\h) [\d]> PYTHONPATH=/home/tyler/colcon_ws/build/mecharm/prefix_override:/home/tyler/colcon_ws/install/mecharm/lib/python3.10/site-packages:/home/tyler/colcon_ws/build/mecharm_communication:/home/tyler/colcon_ws/install/mecharm_communication/lib/python3.10/site-packages:/home/tyler/colcon_ws/install/mycobot_interfaces/local/lib/python3.10/dist-packages:/home/tyler/colcon_ws/build/mycobot_description:/home/tyler/colcon_ws/install/mycobot_description/lib/python3.10/site-packages:${PYTHONPATH} /usr/bin/python3 setup.py develop --editable --build-directory /home/tyler/colcon_ws/build/mecharm/build --no-deps install_data
