[0.813s] Invoking command in '/home/tyler/mycobot_ROS2/moveit_tutorial_ws/build/rviz_visual_tools': CMAKE_PREFIX_PATH=${CMAKE_PREFIX_PATH}:/home/tyler/mycobot_ROS2/colcon_ws/install/ultraarm:/home/tyler/mycobot_ROS2/colcon_ws/install/mypalletizer_260_pi:/home/tyler/mycobot_ROS2/colcon_ws/install/mypalletizer_260:/home/tyler/mycobot_ROS2/colcon_ws/install/mypalletizer_communication:/home/tyler/mycobot_ROS2/colcon_ws/install/mycobot_320pi:/home/tyler/mycobot_ROS2/colcon_ws/install/mycobot_320:/home/tyler/mycobot_ROS2/colcon_ws/install/mycobot_280pi:/home/tyler/mycobot_ROS2/colcon_ws/install/mycobot_280jn:/home/tyler/mycobot_ROS2/colcon_ws/install/mycobot_280_x3pi:/home/tyler/mycobot_ROS2/colcon_ws/install/mycobot_280:/home/tyler/mycobot_ROS2/colcon_ws/install/myarm_300:/home/tyler/mycobot_ROS2/colcon_ws/install/mycobot_communication:/home/tyler/mycobot_ROS2/colcon_ws/install/mecharm_pi:/home/tyler/mycobot_ROS2/colcon_ws/install/mecharm:/home/tyler/mycobot_ROS2/colcon_ws/install/mecharm_communication:/home/tyler/mycobot_ROS2/colcon_ws/install/mybuddy:/home/tyler/mycobot_ROS2/colcon_ws/install/mycobot_description:/opt/ros/humble MYSQL_PS1=(\u@\h) [\d]> /usr/bin/cmake /home/tyler/mycobot_ROS2/moveit_tutorial_ws/src/rviz_visual_tools -DCMAKE_INSTALL_PREFIX=/home/tyler/mycobot_ROS2/moveit_tutorial_ws/install/rviz_visual_tools
[0.942s] -- The C compiler identification is GNU 11.4.0
[1.099s] -- The CXX compiler identification is GNU 11.4.0
[1.119s] -- Detecting C compiler ABI info
[1.274s] -- Detecting C compiler ABI info - done
[1.296s] -- Check for working C compiler: /usr/bin/cc - skipped
[1.296s] -- Detecting C compile features
[1.297s] -- Detecting C compile features - done
[1.305s] -- Detecting CXX compiler ABI info
[1.494s] -- Detecting CXX compiler ABI info - done
[1.516s] -- Check for working CXX compiler: /usr/bin/c++ - skipped
[1.516s] -- Detecting CXX compile features
[1.516s] -- Detecting CXX compile features - done
[1.525s] -- Found ament_cmake: 1.3.5 (/opt/ros/humble/share/ament_cmake/cmake)
[2.176s] -- Found Python3: /usr/bin/python3.10 (found version "3.10.12") found components: Interpreter 
[2.464s] -- Found rclcpp: 16.0.6 (/opt/ros/humble/share/rclcpp/cmake)
[2.597s] -- Found rosidl_generator_c: 3.1.5 (/opt/ros/humble/share/rosidl_generator_c/cmake)
[2.610s] -- Found rosidl_adapter: 3.1.5 (/opt/ros/humble/share/rosidl_adapter/cmake)
[2.631s] -- Found rosidl_generator_cpp: 3.1.5 (/opt/ros/humble/share/rosidl_generator_cpp/cmake)
[2.662s] -- Using all available rosidl_typesupport_c: rosidl_typesupport_fastrtps_c;rosidl_typesupport_introspection_c
[2.708s] -- Using all available rosidl_typesupport_cpp: rosidl_typesupport_fastrtps_cpp;rosidl_typesupport_introspection_cpp
[2.922s] -- Found rmw_implementation_cmake: 6.1.1 (/opt/ros/humble/share/rmw_implementation_cmake/cmake)
[2.939s] -- Found rmw_fastrtps_cpp: 6.2.4 (/opt/ros/humble/share/rmw_fastrtps_cpp/cmake)
[3.220s] -- Found OpenSSL: /usr/lib/x86_64-linux-gnu/libcrypto.so (found version "3.0.2")  
[3.308s] -- Found FastRTPS: /opt/ros/humble/include  
[3.419s] -- Using RMW implementation 'rmw_fastrtps_cpp' as default
[3.459s] -- Looking for pthread.h
[3.629s] -- Looking for pthread.h - found
[3.629s] -- Performing Test CMAKE_HAVE_LIBC_PTHREAD
[3.769s] -- Performing Test CMAKE_HAVE_LIBC_PTHREAD - Success
[3.771s] -- Found Threads: TRUE  
[4.247s] -- Found rclcpp_components: 16.0.6 (/opt/ros/humble/share/rclcpp_components/cmake)
[4.421s] -- Found rviz_ogre_vendor: 11.2.8 (/opt/ros/humble/share/rviz_ogre_vendor/cmake)
[4.421s] -- Setting OGRE_DIR to: '/opt/ros/humble/share/rviz_ogre_vendor/cmake/../../../opt/rviz_ogre_vendor/lib/OGRE/cmake'
[4.424s] -- Found OGRE
[4.424s] --   static     : OFF
[4.424s] --   components : HLMS;MeshLodGenerator;Overlay;Paging;Property;RTShaderSystem;Terrain;Volume
[4.424s] --   plugins    : Plugin_BSPSceneManager;Plugin_OctreeSceneManager;Plugin_PCZSceneManager;Plugin_ParticleFX;RenderSystem_GL;RenderSystem_GL3Plus;Codec_STBI
[4.425s] --   media      : /opt/ros/humble/opt/rviz_ogre_vendor/share/OGRE/Media
[4.425s] -- OGRE_LIBRARIES: OgreHLMS;OgreMeshLodGenerator;OgreOverlay;OgrePaging;OgreProperty;OgreRTShaderSystem;OgreTerrain;OgreVolume;OgreMain
[4.425s] -- OGRE_LIBRARY_DIRS: /opt/ros/humble/opt/rviz_ogre_vendor/lib
[4.425s] -- OGRE_PLUGINS: Plugin_BSPSceneManager;Plugin_OctreeSceneManager;Plugin_PCZSceneManager;Plugin_ParticleFX;RenderSystem_GL;RenderSystem_GL3Plus;Codec_STBI
[4.425s] -- OGRE_PLUGIN_DIR: /opt/ros/humble/opt/rviz_ogre_vendor/lib/OGRE
[4.426s] -- rviz_ogre_vendor::OgreOverlay for IMPORTED_LOCATION_RELEASE: /opt/ros/humble/opt/rviz_ogre_vendor/lib/libOgreOverlay.so
[4.426s] -- rviz_ogre_vendor::OgreOverlay for IMPORTED_LOCATION_DEBUG: /opt/ros/humble/opt/rviz_ogre_vendor/lib/libOgreOverlay.so
[4.426s] -- rviz_ogre_vendor::OgreMain for IMPORTED_LOCATION_RELEASE: /opt/ros/humble/opt/rviz_ogre_vendor/lib/libOgreMain.so
[4.426s] -- rviz_ogre_vendor::OgreMain for IMPORTED_LOCATION_DEBUG: /opt/ros/humble/opt/rviz_ogre_vendor/lib/libOgreMain.so
[4.482s] -- Found ZLIB: /usr/lib/x86_64-linux-gnu/libz.so (found version "1.2.11") 
[4.497s] -- Found OpenGL: /usr/lib/x86_64-linux-gnu/libOpenGL.so   
[4.702s] -- Found X11: /usr/include   
[4.702s] -- Looking for XOpenDisplay in /usr/lib/x86_64-linux-gnu/libX11.so;/usr/lib/x86_64-linux-gnu/libXext.so
[4.830s] -- Looking for XOpenDisplay in /usr/lib/x86_64-linux-gnu/libX11.so;/usr/lib/x86_64-linux-gnu/libXext.so - found
[4.831s] -- Looking for gethostbyname
[4.968s] -- Looking for gethostbyname - found
[4.968s] -- Looking for connect
[5.101s] -- Looking for connect - found
[5.101s] -- Looking for remove
[5.219s] -- Looking for remove - found
[5.219s] -- Looking for shmat
[5.342s] -- Looking for shmat - found
[5.342s] -- Looking for IceConnectionNumber in ICE
[5.473s] -- Looking for IceConnectionNumber in ICE - found
[5.478s] -- rviz_ogre_vendor::RenderSystem_GL for IMPORTED_LOCATION_RELEASE: _render_system_gl_static_library_abs-NOTFOUND
[5.479s] -- rviz_ogre_vendor::RenderSystem_GL for IMPORTED_LOCATION_DEBUG: _render_system_gl_static_library_abs-NOTFOUND
[5.486s] -- Found sensor_msgs: 4.2.3 (/opt/ros/humble/share/sensor_msgs/cmake)
[5.743s] -- Found shape_msgs: 4.2.3 (/opt/ros/humble/share/shape_msgs/cmake)
[5.850s] -- Found visualization_msgs: 4.2.3 (/opt/ros/humble/share/visualization_msgs/cmake)
[6.111s] -- Found trajectory_msgs: 4.2.3 (/opt/ros/humble/share/trajectory_msgs/cmake)
[6.291s] -- Found eigen3_cmake_module: 0.1.1 (/opt/ros/humble/share/eigen3_cmake_module/cmake)
[6.298s] -- Found eigen_stl_containers: 1.0.0 (/opt/ros/humble/share/eigen_stl_containers/cmake)
[6.314s] -- Found Eigen3: TRUE (found version "3.4.0") 
[6.323s] -- Found PkgConfig: /usr/bin/pkg-config (found version "0.29.2") 
[6.329s] -- Found tf2: 0.25.4 (/opt/ros/humble/share/tf2/cmake)
[6.348s] -- Found tf2_eigen: 0.25.4 (/opt/ros/humble/share/tf2_eigen/cmake)
[6.910s] -- Found tf2_geometry_msgs: 0.25.4 (/opt/ros/humble/share/tf2_geometry_msgs/cmake)
[6.945s] -- Ensuring Eigen3 include directory is part of orocos-kdl CMake target
[6.974s] -- Found pluginlib: 5.1.0 (/opt/ros/humble/share/pluginlib/cmake)
[7.021s] -- Found interactive_markers: 2.3.2 (/opt/ros/humble/share/interactive_markers/cmake)
[7.051s] -- Found rviz_common: 11.2.8 (/opt/ros/humble/share/rviz_common/cmake)
[7.292s] -- library: /usr/lib/x86_64-linux-gnu/libcurl.so
[7.466s] -- Found rviz_default_plugins: 11.2.8 (/opt/ros/humble/share/rviz_default_plugins/cmake)
[8.569s] -- Found ament_cmake_gtest: 1.3.5 (/opt/ros/humble/share/ament_cmake_gtest/cmake)
[8.578s] -- Found gtest sources under '/opt/ros/humble/src/gtest_vendor': C++ tests using 'Google Test' will be built
[8.773s] -- Configuring done
[9.022s] -- Generating done
[9.030s] -- Build files have been written to: /home/tyler/mycobot_ROS2/moveit_tutorial_ws/build/rviz_visual_tools
[9.054s] Invoked command in '/home/tyler/mycobot_ROS2/moveit_tutorial_ws/build/rviz_visual_tools' returned '0': CMAKE_PREFIX_PATH=${CMAKE_PREFIX_PATH}:/home/tyler/mycobot_ROS2/colcon_ws/install/ultraarm:/home/tyler/mycobot_ROS2/colcon_ws/install/mypalletizer_260_pi:/home/tyler/mycobot_ROS2/colcon_ws/install/mypalletizer_260:/home/tyler/mycobot_ROS2/colcon_ws/install/mypalletizer_communication:/home/tyler/mycobot_ROS2/colcon_ws/install/mycobot_320pi:/home/tyler/mycobot_ROS2/colcon_ws/install/mycobot_320:/home/tyler/mycobot_ROS2/colcon_ws/install/mycobot_280pi:/home/tyler/mycobot_ROS2/colcon_ws/install/mycobot_280jn:/home/tyler/mycobot_ROS2/colcon_ws/install/mycobot_280_x3pi:/home/tyler/mycobot_ROS2/colcon_ws/install/mycobot_280:/home/tyler/mycobot_ROS2/colcon_ws/install/myarm_300:/home/tyler/mycobot_ROS2/colcon_ws/install/mycobot_communication:/home/tyler/mycobot_ROS2/colcon_ws/install/mecharm_pi:/home/tyler/mycobot_ROS2/colcon_ws/install/mecharm:/home/tyler/mycobot_ROS2/colcon_ws/install/mecharm_communication:/home/tyler/mycobot_ROS2/colcon_ws/install/mybuddy:/home/tyler/mycobot_ROS2/colcon_ws/install/mycobot_description:/opt/ros/humble MYSQL_PS1=(\u@\h) [\d]> /usr/bin/cmake /home/tyler/mycobot_ROS2/moveit_tutorial_ws/src/rviz_visual_tools -DCMAKE_INSTALL_PREFIX=/home/tyler/mycobot_ROS2/moveit_tutorial_ws/install/rviz_visual_tools
[9.058s] Invoking command in '/home/tyler/mycobot_ROS2/moveit_tutorial_ws/build/rviz_visual_tools': CMAKE_PREFIX_PATH=${CMAKE_PREFIX_PATH}:/home/tyler/mycobot_ROS2/colcon_ws/install/ultraarm:/home/tyler/mycobot_ROS2/colcon_ws/install/mypalletizer_260_pi:/home/tyler/mycobot_ROS2/colcon_ws/install/mypalletizer_260:/home/tyler/mycobot_ROS2/colcon_ws/install/mypalletizer_communication:/home/tyler/mycobot_ROS2/colcon_ws/install/mycobot_320pi:/home/tyler/mycobot_ROS2/colcon_ws/install/mycobot_320:/home/tyler/mycobot_ROS2/colcon_ws/install/mycobot_280pi:/home/tyler/mycobot_ROS2/colcon_ws/install/mycobot_280jn:/home/tyler/mycobot_ROS2/colcon_ws/install/mycobot_280_x3pi:/home/tyler/mycobot_ROS2/colcon_ws/install/mycobot_280:/home/tyler/mycobot_ROS2/colcon_ws/install/myarm_300:/home/tyler/mycobot_ROS2/colcon_ws/install/mycobot_communication:/home/tyler/mycobot_ROS2/colcon_ws/install/mecharm_pi:/home/tyler/mycobot_ROS2/colcon_ws/install/mecharm:/home/tyler/mycobot_ROS2/colcon_ws/install/mecharm_communication:/home/tyler/mycobot_ROS2/colcon_ws/install/mybuddy:/home/tyler/mycobot_ROS2/colcon_ws/install/mycobot_description:/opt/ros/humble MYSQL_PS1=(\u@\h) [\d]> /usr/bin/cmake --build /home/tyler/mycobot_ROS2/moveit_tutorial_ws/build/rviz_visual_tools -- -j16 -l16
[9.149s] [  2%] [34m[1mAutomatic MOC for target rviz_visual_tools_gui[0m
[9.159s] [  5%] [34m[1mAutomatic MOC for target gtest[0m
[9.160s] [  7%] [34m[1mAutomatic MOC for target gtest_main[0m
[9.167s] [ 10%] [34m[1mAutomatic MOC for target rviz_visual_tools_remote_control[0m
[9.200s] [ 10%] Built target gtest_autogen
[9.201s] [ 10%] Built target gtest_main_autogen
[9.217s] [ 10%] Built target rviz_visual_tools_remote_control_autogen
[9.241s] [ 12%] [32mBuilding CXX object gtest/CMakeFiles/gtest.dir/gtest_autogen/mocs_compilation.cpp.o[0m
[9.242s] [ 15%] [32mBuilding CXX object gtest/CMakeFiles/gtest.dir/src/gtest-all.cc.o[0m
[9.259s] [ 20%] [32mBuilding CXX object gtest/CMakeFiles/gtest_main.dir/gtest_main_autogen/mocs_compilation.cpp.o[0m
[9.260s] [ 20%] [32mBuilding CXX object gtest/CMakeFiles/gtest_main.dir/src/gtest_main.cc.o[0m
[9.270s] [ 23%] [32mBuilding CXX object CMakeFiles/rviz_visual_tools_remote_control.dir/rviz_visual_tools_remote_control_autogen/mocs_compilation.cpp.o[0m
[9.274s] [ 25%] [32mBuilding CXX object CMakeFiles/rviz_visual_tools_remote_control.dir/src/remote_control.cpp.o[0m
[9.690s] [ 25%] Built target rviz_visual_tools_gui_autogen
[9.733s] [ 28%] [32mBuilding CXX object CMakeFiles/rviz_visual_tools_gui.dir/rviz_visual_tools_gui_autogen/mocs_compilation.cpp.o[0m
[9.736s] [ 33%] [32mBuilding CXX object CMakeFiles/rviz_visual_tools_gui.dir/src/key_tool.cpp.o[0m
[9.737s] [ 33%] [32mBuilding CXX object CMakeFiles/rviz_visual_tools_gui.dir/src/rviz_visual_tools_gui.cpp.o[0m
[9.737s] [ 35%] [32mBuilding CXX object CMakeFiles/rviz_visual_tools_gui.dir/src/remote_control.cpp.o[0m
[10.936s] [ 38%] [32m[1mLinking CXX static library libgtest_main.a[0m
[11.040s] [ 38%] Built target gtest_main
[17.720s] [ 41%] [32m[1mLinking CXX static library libgtest.a[0m
[17.853s] [ 41%] Built target gtest
[29.910s] [ 43%] [32m[1mLinking CXX shared library librviz_visual_tools_gui.so[0m
[31.329s] [ 46%] [32m[1mLinking CXX shared library librviz_visual_tools_remote_control.so[0m
[32.892s] [ 46%] Built target rviz_visual_tools_remote_control
[32.956s] [ 48%] [34m[1mAutomatic MOC for target rviz_visual_tools[0m
[33.065s] [ 48%] Built target rviz_visual_tools_autogen
[33.170s] [ 51%] [32mBuilding CXX object CMakeFiles/rviz_visual_tools.dir/rviz_visual_tools_autogen/mocs_compilation.cpp.o[0m
[33.183s] [ 53%] [32mBuilding CXX object CMakeFiles/rviz_visual_tools.dir/src/rviz_visual_tools.cpp.o[0m
[33.185s] [ 56%] [32mBuilding CXX object CMakeFiles/rviz_visual_tools.dir/src/tf_visual_tools.cpp.o[0m
[35.208s] [ 56%] Built target rviz_visual_tools_gui
[82.841s] [ 58%] [32m[1mLinking CXX shared library librviz_visual_tools.so[0m
[83.954s] [ 58%] Built target rviz_visual_tools
[83.989s] [ 61%] [34m[1mAutomatic MOC for target rviz_visual_tools_rvt_test[0m
[83.991s] [ 64%] [34m[1mAutomatic MOC for target rviz_visual_tools_imarker_simple[0m
[84.009s] [ 66%] [34m[1mAutomatic MOC for target rviz_visual_tools_demo[0m
[84.028s] [ 66%] Built target rviz_visual_tools_imarker_simple_autogen
[84.031s] [ 66%] Built target rviz_visual_tools_rvt_test_autogen
[84.047s] [ 66%] Built target rviz_visual_tools_demo_autogen
[84.065s] [ 69%] [32mBuilding CXX object CMakeFiles/rviz_visual_tools_imarker_simple.dir/src/imarker_simple.cpp.o[0m
[84.067s] [ 71%] [32mBuilding CXX object CMakeFiles/rviz_visual_tools_imarker_simple.dir/rviz_visual_tools_imarker_simple_autogen/mocs_compilation.cpp.o[0m
[84.068s] [ 74%] [32mBuilding CXX object CMakeFiles/rviz_visual_tools_rvt_test.dir/rviz_visual_tools_rvt_test_autogen/mocs_compilation.cpp.o[0m
[84.070s] [ 76%] [32mBuilding CXX object CMakeFiles/rviz_visual_tools_rvt_test.dir/tests/rvt_test.cpp.o[0m
[84.086s] [ 79%] [32mBuilding CXX object CMakeFiles/rviz_visual_tools_demo.dir/src/rviz_visual_tools_demo.cpp.o[0m
[84.088s] [ 82%] [32mBuilding CXX object CMakeFiles/rviz_visual_tools_demo.dir/rviz_visual_tools_demo_autogen/mocs_compilation.cpp.o[0m
[91.984s] [ 84%] [32m[1mLinking CXX executable rviz_visual_tools_demo[0m
[92.719s] [ 84%] Built target rviz_visual_tools_demo
[93.125s] [ 87%] [32m[1mLinking CXX shared library librviz_visual_tools_imarker_simple.so[0m
[93.740s] [ 87%] Built target rviz_visual_tools_imarker_simple
[93.781s] [ 89%] [34m[1mAutomatic MOC for target rviz_visual_tools_imarker_simple_demo[0m
[93.818s] [ 89%] Built target rviz_visual_tools_imarker_simple_demo_autogen
[93.854s] [ 92%] [32mBuilding CXX object CMakeFiles/rviz_visual_tools_imarker_simple_demo.dir/rviz_visual_tools_imarker_simple_demo_autogen/mocs_compilation.cpp.o[0m
[93.858s] [ 94%] [32mBuilding CXX object CMakeFiles/rviz_visual_tools_imarker_simple_demo.dir/src/imarker_simple_demo.cpp.o[0m
[94.008s] [ 97%] [32m[1mLinking CXX executable rviz_visual_tools_rvt_test[0m
[94.842s] [ 97%] Built target rviz_visual_tools_rvt_test
[99.805s] [100%] [32m[1mLinking CXX executable rviz_visual_tools_imarker_simple_demo[0m
[100.383s] [100%] Built target rviz_visual_tools_imarker_simple_demo
[100.403s] Invoked command in '/home/tyler/mycobot_ROS2/moveit_tutorial_ws/build/rviz_visual_tools' returned '0': CMAKE_PREFIX_PATH=${CMAKE_PREFIX_PATH}:/home/tyler/mycobot_ROS2/colcon_ws/install/ultraarm:/home/tyler/mycobot_ROS2/colcon_ws/install/mypalletizer_260_pi:/home/tyler/mycobot_ROS2/colcon_ws/install/mypalletizer_260:/home/tyler/mycobot_ROS2/colcon_ws/install/mypalletizer_communication:/home/tyler/mycobot_ROS2/colcon_ws/install/mycobot_320pi:/home/tyler/mycobot_ROS2/colcon_ws/install/mycobot_320:/home/tyler/mycobot_ROS2/colcon_ws/install/mycobot_280pi:/home/tyler/mycobot_ROS2/colcon_ws/install/mycobot_280jn:/home/tyler/mycobot_ROS2/colcon_ws/install/mycobot_280_x3pi:/home/tyler/mycobot_ROS2/colcon_ws/install/mycobot_280:/home/tyler/mycobot_ROS2/colcon_ws/install/myarm_300:/home/tyler/mycobot_ROS2/colcon_ws/install/mycobot_communication:/home/tyler/mycobot_ROS2/colcon_ws/install/mecharm_pi:/home/tyler/mycobot_ROS2/colcon_ws/install/mecharm:/home/tyler/mycobot_ROS2/colcon_ws/install/mecharm_communication:/home/tyler/mycobot_ROS2/colcon_ws/install/mybuddy:/home/tyler/mycobot_ROS2/colcon_ws/install/mycobot_description:/opt/ros/humble MYSQL_PS1=(\u@\h) [\d]> /usr/bin/cmake --build /home/tyler/mycobot_ROS2/moveit_tutorial_ws/build/rviz_visual_tools -- -j16 -l16
[100.527s] Invoking command in '/home/tyler/mycobot_ROS2/moveit_tutorial_ws/build/rviz_visual_tools': CMAKE_PREFIX_PATH=${CMAKE_PREFIX_PATH}:/home/tyler/mycobot_ROS2/colcon_ws/install/ultraarm:/home/tyler/mycobot_ROS2/colcon_ws/install/mypalletizer_260_pi:/home/tyler/mycobot_ROS2/colcon_ws/install/mypalletizer_260:/home/tyler/mycobot_ROS2/colcon_ws/install/mypalletizer_communication:/home/tyler/mycobot_ROS2/colcon_ws/install/mycobot_320pi:/home/tyler/mycobot_ROS2/colcon_ws/install/mycobot_320:/home/tyler/mycobot_ROS2/colcon_ws/install/mycobot_280pi:/home/tyler/mycobot_ROS2/colcon_ws/install/mycobot_280jn:/home/tyler/mycobot_ROS2/colcon_ws/install/mycobot_280_x3pi:/home/tyler/mycobot_ROS2/colcon_ws/install/mycobot_280:/home/tyler/mycobot_ROS2/colcon_ws/install/myarm_300:/home/tyler/mycobot_ROS2/colcon_ws/install/mycobot_communication:/home/tyler/mycobot_ROS2/colcon_ws/install/mecharm_pi:/home/tyler/mycobot_ROS2/colcon_ws/install/mecharm:/home/tyler/mycobot_ROS2/colcon_ws/install/mecharm_communication:/home/tyler/mycobot_ROS2/colcon_ws/install/mybuddy:/home/tyler/mycobot_ROS2/colcon_ws/install/mycobot_description:/opt/ros/humble MYSQL_PS1=(\u@\h) [\d]> /usr/bin/cmake --install /home/tyler/mycobot_ROS2/moveit_tutorial_ws/build/rviz_visual_tools
[100.538s] -- Install configuration: ""
[100.538s] -- Installing: /home/tyler/mycobot_ROS2/moveit_tutorial_ws/install/rviz_visual_tools/share/rviz_visual_tools/plugin_description.xml
[100.547s] -- Installing: /home/tyler/mycobot_ROS2/moveit_tutorial_ws/install/rviz_visual_tools/lib/librviz_visual_tools.so
[100.557s] -- Set runtime path of "/home/tyler/mycobot_ROS2/moveit_tutorial_ws/install/rviz_visual_tools/lib/librviz_visual_tools.so" to ""
[100.557s] -- Installing: /home/tyler/mycobot_ROS2/moveit_tutorial_ws/install/rviz_visual_tools/lib/librviz_visual_tools_remote_control.so
[100.564s] -- Set runtime path of "/home/tyler/mycobot_ROS2/moveit_tutorial_ws/install/rviz_visual_tools/lib/librviz_visual_tools_remote_control.so" to ""
[100.564s] -- Installing: /home/tyler/mycobot_ROS2/moveit_tutorial_ws/install/rviz_visual_tools/lib/librviz_visual_tools_gui.so
[100.571s] -- Set runtime path of "/home/tyler/mycobot_ROS2/moveit_tutorial_ws/install/rviz_visual_tools/lib/librviz_visual_tools_gui.so" to ""
[100.571s] -- Installing: /home/tyler/mycobot_ROS2/moveit_tutorial_ws/install/rviz_visual_tools/lib/librviz_visual_tools_imarker_simple.so
[100.572s] -- Set runtime path of "/home/tyler/mycobot_ROS2/moveit_tutorial_ws/install/rviz_visual_tools/lib/librviz_visual_tools_imarker_simple.so" to ""
[100.572s] -- Installing: /home/tyler/mycobot_ROS2/moveit_tutorial_ws/install/rviz_visual_tools/lib/rviz_visual_tools/rviz_visual_tools_demo
[100.574s] -- Set runtime path of "/home/tyler/mycobot_ROS2/moveit_tutorial_ws/install/rviz_visual_tools/lib/rviz_visual_tools/rviz_visual_tools_demo" to ""
[100.574s] -- Installing: /home/tyler/mycobot_ROS2/moveit_tutorial_ws/install/rviz_visual_tools/lib/rviz_visual_tools/rviz_visual_tools_imarker_simple_demo
[100.574s] -- Set runtime path of "/home/tyler/mycobot_ROS2/moveit_tutorial_ws/install/rviz_visual_tools/lib/rviz_visual_tools/rviz_visual_tools_imarker_simple_demo" to ""
[100.574s] -- Installing: /home/tyler/mycobot_ROS2/moveit_tutorial_ws/install/rviz_visual_tools/include
[100.574s] -- Installing: /home/tyler/mycobot_ROS2/moveit_tutorial_ws/install/rviz_visual_tools/include/rviz_visual_tools
[100.574s] -- Installing: /home/tyler/mycobot_ROS2/moveit_tutorial_ws/install/rviz_visual_tools/include/rviz_visual_tools/tf_visual_tools.hpp
[100.574s] -- Installing: /home/tyler/mycobot_ROS2/moveit_tutorial_ws/install/rviz_visual_tools/include/rviz_visual_tools/rviz_visual_tools_gui.hpp
[100.575s] -- Installing: /home/tyler/mycobot_ROS2/moveit_tutorial_ws/install/rviz_visual_tools/include/rviz_visual_tools/key_tool.hpp
[100.575s] -- Installing: /home/tyler/mycobot_ROS2/moveit_tutorial_ws/install/rviz_visual_tools/include/rviz_visual_tools/remote_reciever.hpp
[100.575s] -- Installing: /home/tyler/mycobot_ROS2/moveit_tutorial_ws/install/rviz_visual_tools/include/rviz_visual_tools/rviz_visual_tools.hpp
[100.575s] -- Installing: /home/tyler/mycobot_ROS2/moveit_tutorial_ws/install/rviz_visual_tools/include/rviz_visual_tools/remote_control.hpp
[100.575s] -- Installing: /home/tyler/mycobot_ROS2/moveit_tutorial_ws/install/rviz_visual_tools/include/rviz_visual_tools/imarker_simple.hpp
[100.575s] -- Installing: /home/tyler/mycobot_ROS2/moveit_tutorial_ws/install/rviz_visual_tools/share/rviz_visual_tools/launch
[100.575s] -- Installing: /home/tyler/mycobot_ROS2/moveit_tutorial_ws/install/rviz_visual_tools/share/rviz_visual_tools/launch/demo_combined.launch.py
[100.575s] -- Installing: /home/tyler/mycobot_ROS2/moveit_tutorial_ws/install/rviz_visual_tools/share/rviz_visual_tools/launch/demo.rviz
[100.576s] -- Installing: /home/tyler/mycobot_ROS2/moveit_tutorial_ws/install/rviz_visual_tools/share/rviz_visual_tools/launch/rvt_test.launch
[100.576s] -- Installing: /home/tyler/mycobot_ROS2/moveit_tutorial_ws/install/rviz_visual_tools/share/rviz_visual_tools/launch/demo_rviz.launch.py
[100.576s] -- Installing: /home/tyler/mycobot_ROS2/moveit_tutorial_ws/install/rviz_visual_tools/share/rviz_visual_tools/environment/library_path.sh
[100.576s] -- Installing: /home/tyler/mycobot_ROS2/moveit_tutorial_ws/install/rviz_visual_tools/share/rviz_visual_tools/environment/library_path.dsv
[100.576s] -- Installing: /home/tyler/mycobot_ROS2/moveit_tutorial_ws/install/rviz_visual_tools/share/ament_index/resource_index/package_run_dependencies/rviz_visual_tools
[100.576s] -- Installing: /home/tyler/mycobot_ROS2/moveit_tutorial_ws/install/rviz_visual_tools/share/ament_index/resource_index/parent_prefix_path/rviz_visual_tools
[100.576s] -- Installing: /home/tyler/mycobot_ROS2/moveit_tutorial_ws/install/rviz_visual_tools/share/rviz_visual_tools/environment/ament_prefix_path.sh
[100.576s] -- Installing: /home/tyler/mycobot_ROS2/moveit_tutorial_ws/install/rviz_visual_tools/share/rviz_visual_tools/environment/ament_prefix_path.dsv
[100.577s] -- Installing: /home/tyler/mycobot_ROS2/moveit_tutorial_ws/install/rviz_visual_tools/share/rviz_visual_tools/environment/path.sh
[100.577s] -- Installing: /home/tyler/mycobot_ROS2/moveit_tutorial_ws/install/rviz_visual_tools/share/rviz_visual_tools/environment/path.dsv
[100.577s] -- Installing: /home/tyler/mycobot_ROS2/moveit_tutorial_ws/install/rviz_visual_tools/share/rviz_visual_tools/local_setup.bash
[100.577s] -- Installing: /home/tyler/mycobot_ROS2/moveit_tutorial_ws/install/rviz_visual_tools/share/rviz_visual_tools/local_setup.sh
[100.577s] -- Installing: /home/tyler/mycobot_ROS2/moveit_tutorial_ws/install/rviz_visual_tools/share/rviz_visual_tools/local_setup.zsh
[100.577s] -- Installing: /home/tyler/mycobot_ROS2/moveit_tutorial_ws/install/rviz_visual_tools/share/rviz_visual_tools/local_setup.dsv
[100.577s] -- Installing: /home/tyler/mycobot_ROS2/moveit_tutorial_ws/install/rviz_visual_tools/share/rviz_visual_tools/package.dsv
[100.577s] -- Installing: /home/tyler/mycobot_ROS2/moveit_tutorial_ws/install/rviz_visual_tools/share/ament_index/resource_index/packages/rviz_visual_tools
[100.577s] -- Installing: /home/tyler/mycobot_ROS2/moveit_tutorial_ws/install/rviz_visual_tools/share/ament_index/resource_index/rviz_common__pluginlib__plugin/rviz_visual_tools
[100.578s] -- Installing: /home/tyler/mycobot_ROS2/moveit_tutorial_ws/install/rviz_visual_tools/share/rviz_visual_tools/cmake/export_rviz_visual_toolsExport.cmake
[100.578s] -- Installing: /home/tyler/mycobot_ROS2/moveit_tutorial_ws/install/rviz_visual_tools/share/rviz_visual_tools/cmake/export_rviz_visual_toolsExport-noconfig.cmake
[100.578s] -- Installing: /home/tyler/mycobot_ROS2/moveit_tutorial_ws/install/rviz_visual_tools/share/rviz_visual_tools/cmake/ament_cmake_export_targets-extras.cmake
[100.578s] -- Installing: /home/tyler/mycobot_ROS2/moveit_tutorial_ws/install/rviz_visual_tools/share/rviz_visual_tools/cmake/ament_cmake_export_dependencies-extras.cmake
[100.578s] -- Installing: /home/tyler/mycobot_ROS2/moveit_tutorial_ws/install/rviz_visual_tools/share/rviz_visual_tools/cmake/ament_cmake_export_include_directories-extras.cmake
[100.579s] -- Installing: /home/tyler/mycobot_ROS2/moveit_tutorial_ws/install/rviz_visual_tools/share/rviz_visual_tools/cmake/ament_cmake_export_libraries-extras.cmake
[100.582s] -- Installing: /home/tyler/mycobot_ROS2/moveit_tutorial_ws/install/rviz_visual_tools/share/rviz_visual_tools/cmake/rviz_visual_toolsConfig.cmake
[100.582s] -- Installing: /home/tyler/mycobot_ROS2/moveit_tutorial_ws/install/rviz_visual_tools/share/rviz_visual_tools/cmake/rviz_visual_toolsConfig-version.cmake
[100.582s] -- Installing: /home/tyler/mycobot_ROS2/moveit_tutorial_ws/install/rviz_visual_tools/share/rviz_visual_tools/package.xml
[100.583s] Invoked command in '/home/tyler/mycobot_ROS2/moveit_tutorial_ws/build/rviz_visual_tools' returned '0': CMAKE_PREFIX_PATH=${CMAKE_PREFIX_PATH}:/home/tyler/mycobot_ROS2/colcon_ws/install/ultraarm:/home/tyler/mycobot_ROS2/colcon_ws/install/mypalletizer_260_pi:/home/tyler/mycobot_ROS2/colcon_ws/install/mypalletizer_260:/home/tyler/mycobot_ROS2/colcon_ws/install/mypalletizer_communication:/home/tyler/mycobot_ROS2/colcon_ws/install/mycobot_320pi:/home/tyler/mycobot_ROS2/colcon_ws/install/mycobot_320:/home/tyler/mycobot_ROS2/colcon_ws/install/mycobot_280pi:/home/tyler/mycobot_ROS2/colcon_ws/install/mycobot_280jn:/home/tyler/mycobot_ROS2/colcon_ws/install/mycobot_280_x3pi:/home/tyler/mycobot_ROS2/colcon_ws/install/mycobot_280:/home/tyler/mycobot_ROS2/colcon_ws/install/myarm_300:/home/tyler/mycobot_ROS2/colcon_ws/install/mycobot_communication:/home/tyler/mycobot_ROS2/colcon_ws/install/mecharm_pi:/home/tyler/mycobot_ROS2/colcon_ws/install/mecharm:/home/tyler/mycobot_ROS2/colcon_ws/install/mecharm_communication:/home/tyler/mycobot_ROS2/colcon_ws/install/mybuddy:/home/tyler/mycobot_ROS2/colcon_ws/install/mycobot_description:/opt/ros/humble MYSQL_PS1=(\u@\h) [\d]> /usr/bin/cmake --install /home/tyler/mycobot_ROS2/moveit_tutorial_ws/build/rviz_visual_tools
