/home/tyler/colcon_ws/install/mycobot_280jn/lib/python3.10/site-packages/mycobot_280jn/detect_marker.py
/home/tyler/colcon_ws/install/mycobot_280jn/lib/python3.10/site-packages/mycobot_280jn/follow_display.py
/home/tyler/colcon_ws/install/mycobot_280jn/lib/python3.10/site-packages/mycobot_280jn/camera_display.py
/home/tyler/colcon_ws/install/mycobot_280jn/lib/python3.10/site-packages/mycobot_280jn/opencv_camera.py
/home/tyler/colcon_ws/install/mycobot_280jn/lib/python3.10/site-packages/mycobot_280jn/listen_real_of_topic.py
/home/tyler/colcon_ws/install/mycobot_280jn/lib/python3.10/site-packages/mycobot_280jn/listen_real.py
/home/tyler/colcon_ws/install/mycobot_280jn/lib/python3.10/site-packages/mycobot_280jn/teleop_keyboard.py
/home/tyler/colcon_ws/install/mycobot_280jn/lib/python3.10/site-packages/mycobot_280jn/__init__.py
/home/tyler/colcon_ws/install/mycobot_280jn/lib/python3.10/site-packages/mycobot_280jn/follow_and_pump.py
/home/tyler/colcon_ws/install/mycobot_280jn/lib/python3.10/site-packages/mycobot_280jn/slider_control.py
/home/tyler/colcon_ws/install/mycobot_280jn/lib/python3.10/site-packages/mycobot_280jn/following_marker.py
/home/tyler/colcon_ws/install/mycobot_280jn/lib/python3.10/site-packages/mycobot_280jn/simple_gui.py
/home/tyler/colcon_ws/install/mycobot_280jn/lib/python3.10/site-packages/mycobot_280jn/__pycache__/detect_marker.cpython-310.pyc
/home/tyler/colcon_ws/install/mycobot_280jn/lib/python3.10/site-packages/mycobot_280jn/__pycache__/follow_display.cpython-310.pyc
/home/tyler/colcon_ws/install/mycobot_280jn/lib/python3.10/site-packages/mycobot_280jn/__pycache__/camera_display.cpython-310.pyc
/home/tyler/colcon_ws/install/mycobot_280jn/lib/python3.10/site-packages/mycobot_280jn/__pycache__/opencv_camera.cpython-310.pyc
/home/tyler/colcon_ws/install/mycobot_280jn/lib/python3.10/site-packages/mycobot_280jn/__pycache__/listen_real_of_topic.cpython-310.pyc
/home/tyler/colcon_ws/install/mycobot_280jn/lib/python3.10/site-packages/mycobot_280jn/__pycache__/listen_real.cpython-310.pyc
/home/tyler/colcon_ws/install/mycobot_280jn/lib/python3.10/site-packages/mycobot_280jn/__pycache__/teleop_keyboard.cpython-310.pyc
/home/tyler/colcon_ws/install/mycobot_280jn/lib/python3.10/site-packages/mycobot_280jn/__pycache__/__init__.cpython-310.pyc
/home/tyler/colcon_ws/install/mycobot_280jn/lib/python3.10/site-packages/mycobot_280jn/__pycache__/follow_and_pump.cpython-310.pyc
/home/tyler/colcon_ws/install/mycobot_280jn/lib/python3.10/site-packages/mycobot_280jn/__pycache__/slider_control.cpython-310.pyc
/home/tyler/colcon_ws/install/mycobot_280jn/lib/python3.10/site-packages/mycobot_280jn/__pycache__/following_marker.cpython-310.pyc
/home/tyler/colcon_ws/install/mycobot_280jn/lib/python3.10/site-packages/mycobot_280jn/__pycache__/simple_gui.cpython-310.pyc
/home/tyler/colcon_ws/install/mycobot_280jn/share/ament_index/resource_index/packages/mycobot_280jn
/home/tyler/colcon_ws/install/mycobot_280jn/share/mycobot_280jn/package.xml
/home/tyler/colcon_ws/install/mycobot_280jn/share/mycobot_280jn/launch/teleop_keyboard.launch.py
/home/tyler/colcon_ws/install/mycobot_280jn/share/mycobot_280jn/launch/detect_marker.launch.py
/home/tyler/colcon_ws/install/mycobot_280jn/share/mycobot_280jn/launch/slider_control.launch.py
/home/tyler/colcon_ws/install/mycobot_280jn/share/mycobot_280jn/launch/test.launch.py
/home/tyler/colcon_ws/install/mycobot_280jn/share/mycobot_280jn/launch/simple_gui.launch.py
/home/tyler/colcon_ws/install/mycobot_280jn/share/mycobot_280jn/launch/mycobot_follow.launch.py
/home/tyler/colcon_ws/install/mycobot_280jn/share/mycobot_280jn/launch/detect_marker_with_topic.launch.py
/home/tyler/colcon_ws/install/mycobot_280jn/share/mycobot_280jn/config/mycobot_jn.rviz
/home/tyler/colcon_ws/install/mycobot_280jn/share/mycobot_280jn/config/mycobot_with_marker.rviz
/home/tyler/colcon_ws/install/mycobot_280jn/lib/python3.10/site-packages/mycobot_280jn-0.0.0-py3.10.egg-info/requires.txt
/home/tyler/colcon_ws/install/mycobot_280jn/lib/python3.10/site-packages/mycobot_280jn-0.0.0-py3.10.egg-info/PKG-INFO
/home/tyler/colcon_ws/install/mycobot_280jn/lib/python3.10/site-packages/mycobot_280jn-0.0.0-py3.10.egg-info/SOURCES.txt
/home/tyler/colcon_ws/install/mycobot_280jn/lib/python3.10/site-packages/mycobot_280jn-0.0.0-py3.10.egg-info/entry_points.txt
/home/tyler/colcon_ws/install/mycobot_280jn/lib/python3.10/site-packages/mycobot_280jn-0.0.0-py3.10.egg-info/dependency_links.txt
/home/tyler/colcon_ws/install/mycobot_280jn/lib/python3.10/site-packages/mycobot_280jn-0.0.0-py3.10.egg-info/zip-safe
/home/tyler/colcon_ws/install/mycobot_280jn/lib/python3.10/site-packages/mycobot_280jn-0.0.0-py3.10.egg-info/top_level.txt
/home/tyler/colcon_ws/install/mycobot_280jn/lib/mycobot_280jn/camera_display
/home/tyler/colcon_ws/install/mycobot_280jn/lib/mycobot_280jn/detect_marker
/home/tyler/colcon_ws/install/mycobot_280jn/lib/mycobot_280jn/follow_display
/home/tyler/colcon_ws/install/mycobot_280jn/lib/mycobot_280jn/following_marker
/home/tyler/colcon_ws/install/mycobot_280jn/lib/mycobot_280jn/listen_real
/home/tyler/colcon_ws/install/mycobot_280jn/lib/mycobot_280jn/listen_real_of_topic
/home/tyler/colcon_ws/install/mycobot_280jn/lib/mycobot_280jn/opencv_camera
/home/tyler/colcon_ws/install/mycobot_280jn/lib/mycobot_280jn/simple_gui
/home/tyler/colcon_ws/install/mycobot_280jn/lib/mycobot_280jn/slider_control
/home/tyler/colcon_ws/install/mycobot_280jn/lib/mycobot_280jn/teleop_keyboard
