[0.155s] Invoking command in '/home/tyler/mycobot_ROS2/moveit_tutorial_ws/build/moveit_ros_perception': AMENT_PREFIX_PATH=/home/tyler/mycobot_ROS2/moveit_tutorial_ws/install/moveit_ros_planning:/home/tyler/mycobot_ROS2/moveit_tutorial_ws/install/moveit_ros_occupancy_map_monitor:/home/tyler/mycobot_ROS2/moveit_tutorial_ws/install/moveit_core:/home/tyler/mycobot_ROS2/moveit_tutorial_ws/install/moveit_msgs:/home/tyler/mycobot_ROS2/moveit_tutorial_ws/install/moveit_common:${AMENT_PREFIX_PATH} CMAKE_PREFIX_PATH=/home/tyler/mycobot_ROS2/moveit_tutorial_ws/install/moveit_ros_planning:/home/tyler/mycobot_ROS2/moveit_tutorial_ws/install/moveit_ros_occupancy_map_monitor:/home/tyler/mycobot_ROS2/moveit_tutorial_ws/install/moveit_core:/home/tyler/mycobot_ROS2/moveit_tutorial_ws/install/moveit_msgs:/home/tyler/mycobot_ROS2/moveit_tutorial_ws/install/moveit_common:/home/tyler/mycobot_ROS2/colcon_ws/install/mypalletizer_interfaces:/home/tyler/mycobot_ROS2/colcon_ws/install/mycobot_interfaces:/home/tyler/mycobot_ROS2/colcon_ws/install/mecharm_interfaces:/home/tyler/mycobot_ROS2/colcon_ws/install/ultraarm:/home/tyler/mycobot_ROS2/colcon_ws/install/mypalletizer_260_pi:/home/tyler/mycobot_ROS2/colcon_ws/install/mypalletizer_260:/home/tyler/mycobot_ROS2/colcon_ws/install/mypalletizer_communication:/home/tyler/mycobot_ROS2/colcon_ws/install/mycobot_320pi:/home/tyler/mycobot_ROS2/colcon_ws/install/mycobot_320:/home/tyler/mycobot_ROS2/colcon_ws/install/mycobot_280pi:/home/tyler/mycobot_ROS2/colcon_ws/install/mycobot_280jn:/home/tyler/mycobot_ROS2/colcon_ws/install/mycobot_280_x3pi:/home/tyler/mycobot_ROS2/colcon_ws/install/mycobot_280:/home/tyler/mycobot_ROS2/colcon_ws/install/myarm_300:/home/tyler/mycobot_ROS2/colcon_ws/install/mycobot_communication:/home/tyler/mycobot_ROS2/colcon_ws/install/mecharm_pi:/home/tyler/mycobot_ROS2/colcon_ws/install/mecharm:/home/tyler/mycobot_ROS2/colcon_ws/install/mecharm_communication:/home/tyler/mycobot_ROS2/colcon_ws/install/mybuddy:/home/tyler/mycobot_ROS2/colcon_ws/install/mycobot_description:/opt/ros/humble LD_LIBRARY_PATH=/home/tyler/mycobot_ROS2/moveit_tutorial_ws/install/moveit_ros_planning/lib:/home/tyler/mycobot_ROS2/moveit_tutorial_ws/install/moveit_ros_occupancy_map_monitor/lib:/home/tyler/mycobot_ROS2/moveit_tutorial_ws/install/moveit_core/lib:/home/tyler/mycobot_ROS2/moveit_tutorial_ws/install/moveit_msgs/lib:${LD_LIBRARY_PATH} MYSQL_PS1=(\u@\h) [\d]> PATH=/home/tyler/mycobot_ROS2/moveit_tutorial_ws/install/moveit_core/bin:${PATH} PYTHONPATH=/home/tyler/mycobot_ROS2/moveit_tutorial_ws/install/moveit_msgs/local/lib/python3.10/dist-packages:${PYTHONPATH} /usr/bin/cmake --build /home/tyler/mycobot_ROS2/moveit_tutorial_ws/build/moveit_ros_perception -- -j16 -l16
[0.241s] [35m[1mConsolidate compiler generated dependencies of target moveit_semantic_world[0m
[0.260s] [ 10%] Built target moveit_lazy_free_space_updater
[0.276s] [ 20%] Built target moveit_point_containment_filter
[0.289s] [ 50%] Built target moveit_mesh_filter
[0.296s] [ 60%] Built target moveit_semantic_world
[0.299s] [35m[1mConsolidate compiler generated dependencies of target moveit_pointcloud_octomap_updater_core[0m
[0.320s] [35m[1mConsolidate compiler generated dependencies of target moveit_depth_image_octomap_updater_core[0m
[0.345s] [ 70%] Built target moveit_pointcloud_octomap_updater_core
[0.369s] [35m[1mConsolidate compiler generated dependencies of target moveit_pointcloud_octomap_updater[0m
[0.369s] [ 80%] Built target moveit_depth_image_octomap_updater_core
[0.397s] [35m[1mConsolidate compiler generated dependencies of target moveit_depth_image_octomap_updater[0m
[0.409s] [ 90%] Built target moveit_pointcloud_octomap_updater
[0.439s] [100%] Built target moveit_depth_image_octomap_updater
[0.459s] Invoked command in '/home/tyler/mycobot_ROS2/moveit_tutorial_ws/build/moveit_ros_perception' returned '0': AMENT_PREFIX_PATH=/home/tyler/mycobot_ROS2/moveit_tutorial_ws/install/moveit_ros_planning:/home/tyler/mycobot_ROS2/moveit_tutorial_ws/install/moveit_ros_occupancy_map_monitor:/home/tyler/mycobot_ROS2/moveit_tutorial_ws/install/moveit_core:/home/tyler/mycobot_ROS2/moveit_tutorial_ws/install/moveit_msgs:/home/tyler/mycobot_ROS2/moveit_tutorial_ws/install/moveit_common:${AMENT_PREFIX_PATH} CMAKE_PREFIX_PATH=/home/tyler/mycobot_ROS2/moveit_tutorial_ws/install/moveit_ros_planning:/home/tyler/mycobot_ROS2/moveit_tutorial_ws/install/moveit_ros_occupancy_map_monitor:/home/tyler/mycobot_ROS2/moveit_tutorial_ws/install/moveit_core:/home/tyler/mycobot_ROS2/moveit_tutorial_ws/install/moveit_msgs:/home/tyler/mycobot_ROS2/moveit_tutorial_ws/install/moveit_common:/home/tyler/mycobot_ROS2/colcon_ws/install/mypalletizer_interfaces:/home/tyler/mycobot_ROS2/colcon_ws/install/mycobot_interfaces:/home/tyler/mycobot_ROS2/colcon_ws/install/mecharm_interfaces:/home/tyler/mycobot_ROS2/colcon_ws/install/ultraarm:/home/tyler/mycobot_ROS2/colcon_ws/install/mypalletizer_260_pi:/home/tyler/mycobot_ROS2/colcon_ws/install/mypalletizer_260:/home/tyler/mycobot_ROS2/colcon_ws/install/mypalletizer_communication:/home/tyler/mycobot_ROS2/colcon_ws/install/mycobot_320pi:/home/tyler/mycobot_ROS2/colcon_ws/install/mycobot_320:/home/tyler/mycobot_ROS2/colcon_ws/install/mycobot_280pi:/home/tyler/mycobot_ROS2/colcon_ws/install/mycobot_280jn:/home/tyler/mycobot_ROS2/colcon_ws/install/mycobot_280_x3pi:/home/tyler/mycobot_ROS2/colcon_ws/install/mycobot_280:/home/tyler/mycobot_ROS2/colcon_ws/install/myarm_300:/home/tyler/mycobot_ROS2/colcon_ws/install/mycobot_communication:/home/tyler/mycobot_ROS2/colcon_ws/install/mecharm_pi:/home/tyler/mycobot_ROS2/colcon_ws/install/mecharm:/home/tyler/mycobot_ROS2/colcon_ws/install/mecharm_communication:/home/tyler/mycobot_ROS2/colcon_ws/install/mybuddy:/home/tyler/mycobot_ROS2/colcon_ws/install/mycobot_description:/opt/ros/humble LD_LIBRARY_PATH=/home/tyler/mycobot_ROS2/moveit_tutorial_ws/install/moveit_ros_planning/lib:/home/tyler/mycobot_ROS2/moveit_tutorial_ws/install/moveit_ros_occupancy_map_monitor/lib:/home/tyler/mycobot_ROS2/moveit_tutorial_ws/install/moveit_core/lib:/home/tyler/mycobot_ROS2/moveit_tutorial_ws/install/moveit_msgs/lib:${LD_LIBRARY_PATH} MYSQL_PS1=(\u@\h) [\d]> PATH=/home/tyler/mycobot_ROS2/moveit_tutorial_ws/install/moveit_core/bin:${PATH} PYTHONPATH=/home/tyler/mycobot_ROS2/moveit_tutorial_ws/install/moveit_msgs/local/lib/python3.10/dist-packages:${PYTHONPATH} /usr/bin/cmake --build /home/tyler/mycobot_ROS2/moveit_tutorial_ws/build/moveit_ros_perception -- -j16 -l16
[0.513s] Invoking command in '/home/tyler/mycobot_ROS2/moveit_tutorial_ws/build/moveit_ros_perception': AMENT_PREFIX_PATH=/home/tyler/mycobot_ROS2/moveit_tutorial_ws/install/moveit_ros_planning:/home/tyler/mycobot_ROS2/moveit_tutorial_ws/install/moveit_ros_occupancy_map_monitor:/home/tyler/mycobot_ROS2/moveit_tutorial_ws/install/moveit_core:/home/tyler/mycobot_ROS2/moveit_tutorial_ws/install/moveit_msgs:/home/tyler/mycobot_ROS2/moveit_tutorial_ws/install/moveit_common:${AMENT_PREFIX_PATH} CMAKE_PREFIX_PATH=/home/tyler/mycobot_ROS2/moveit_tutorial_ws/install/moveit_ros_planning:/home/tyler/mycobot_ROS2/moveit_tutorial_ws/install/moveit_ros_occupancy_map_monitor:/home/tyler/mycobot_ROS2/moveit_tutorial_ws/install/moveit_core:/home/tyler/mycobot_ROS2/moveit_tutorial_ws/install/moveit_msgs:/home/tyler/mycobot_ROS2/moveit_tutorial_ws/install/moveit_common:/home/tyler/mycobot_ROS2/colcon_ws/install/mypalletizer_interfaces:/home/tyler/mycobot_ROS2/colcon_ws/install/mycobot_interfaces:/home/tyler/mycobot_ROS2/colcon_ws/install/mecharm_interfaces:/home/tyler/mycobot_ROS2/colcon_ws/install/ultraarm:/home/tyler/mycobot_ROS2/colcon_ws/install/mypalletizer_260_pi:/home/tyler/mycobot_ROS2/colcon_ws/install/mypalletizer_260:/home/tyler/mycobot_ROS2/colcon_ws/install/mypalletizer_communication:/home/tyler/mycobot_ROS2/colcon_ws/install/mycobot_320pi:/home/tyler/mycobot_ROS2/colcon_ws/install/mycobot_320:/home/tyler/mycobot_ROS2/colcon_ws/install/mycobot_280pi:/home/tyler/mycobot_ROS2/colcon_ws/install/mycobot_280jn:/home/tyler/mycobot_ROS2/colcon_ws/install/mycobot_280_x3pi:/home/tyler/mycobot_ROS2/colcon_ws/install/mycobot_280:/home/tyler/mycobot_ROS2/colcon_ws/install/myarm_300:/home/tyler/mycobot_ROS2/colcon_ws/install/mycobot_communication:/home/tyler/mycobot_ROS2/colcon_ws/install/mecharm_pi:/home/tyler/mycobot_ROS2/colcon_ws/install/mecharm:/home/tyler/mycobot_ROS2/colcon_ws/install/mecharm_communication:/home/tyler/mycobot_ROS2/colcon_ws/install/mybuddy:/home/tyler/mycobot_ROS2/colcon_ws/install/mycobot_description:/opt/ros/humble LD_LIBRARY_PATH=/home/tyler/mycobot_ROS2/moveit_tutorial_ws/install/moveit_ros_planning/lib:/home/tyler/mycobot_ROS2/moveit_tutorial_ws/install/moveit_ros_occupancy_map_monitor/lib:/home/tyler/mycobot_ROS2/moveit_tutorial_ws/install/moveit_core/lib:/home/tyler/mycobot_ROS2/moveit_tutorial_ws/install/moveit_msgs/lib:${LD_LIBRARY_PATH} MYSQL_PS1=(\u@\h) [\d]> PATH=/home/tyler/mycobot_ROS2/moveit_tutorial_ws/install/moveit_core/bin:${PATH} PYTHONPATH=/home/tyler/mycobot_ROS2/moveit_tutorial_ws/install/moveit_msgs/local/lib/python3.10/dist-packages:${PYTHONPATH} /usr/bin/cmake --install /home/tyler/mycobot_ROS2/moveit_tutorial_ws/build/moveit_ros_perception
[0.534s] -- Install configuration: "Release"
[0.535s] -- Up-to-date: /home/tyler/mycobot_ROS2/moveit_tutorial_ws/install/moveit_ros_perception/include/moveit_ros_perception
[0.535s] -- Up-to-date: /home/tyler/mycobot_ROS2/moveit_tutorial_ws/install/moveit_ros_perception/include/moveit_ros_perception/moveit
[0.535s] -- Up-to-date: /home/tyler/mycobot_ROS2/moveit_tutorial_ws/install/moveit_ros_perception/include/moveit_ros_perception/moveit/lazy_free_space_updater
[0.535s] -- Up-to-date: /home/tyler/mycobot_ROS2/moveit_tutorial_ws/install/moveit_ros_perception/include/moveit_ros_perception/moveit/lazy_free_space_updater/lazy_free_space_updater.h
[0.536s] -- Up-to-date: /home/tyler/mycobot_ROS2/moveit_tutorial_ws/install/moveit_ros_perception/include/moveit_ros_perception
[0.536s] -- Up-to-date: /home/tyler/mycobot_ROS2/moveit_tutorial_ws/install/moveit_ros_perception/include/moveit_ros_perception/moveit
[0.536s] -- Up-to-date: /home/tyler/mycobot_ROS2/moveit_tutorial_ws/install/moveit_ros_perception/include/moveit_ros_perception/moveit/point_containment_filter
[0.536s] -- Up-to-date: /home/tyler/mycobot_ROS2/moveit_tutorial_ws/install/moveit_ros_perception/include/moveit_ros_perception/moveit/point_containment_filter/shape_mask.h
[0.537s] -- Up-to-date: /home/tyler/mycobot_ROS2/moveit_tutorial_ws/install/moveit_ros_perception/include/moveit_ros_perception
[0.537s] -- Up-to-date: /home/tyler/mycobot_ROS2/moveit_tutorial_ws/install/moveit_ros_perception/include/moveit_ros_perception/moveit
[0.537s] -- Up-to-date: /home/tyler/mycobot_ROS2/moveit_tutorial_ws/install/moveit_ros_perception/include/moveit_ros_perception/moveit/pointcloud_octomap_updater
[0.537s] -- Up-to-date: /home/tyler/mycobot_ROS2/moveit_tutorial_ws/install/moveit_ros_perception/include/moveit_ros_perception/moveit/pointcloud_octomap_updater/pointcloud_octomap_updater.h
[0.537s] -- Up-to-date: /home/tyler/mycobot_ROS2/moveit_tutorial_ws/install/moveit_ros_perception/include/moveit_ros_perception
[0.537s] -- Up-to-date: /home/tyler/mycobot_ROS2/moveit_tutorial_ws/install/moveit_ros_perception/include/moveit_ros_perception/moveit
[0.538s] -- Up-to-date: /home/tyler/mycobot_ROS2/moveit_tutorial_ws/install/moveit_ros_perception/include/moveit_ros_perception/moveit/mesh_filter
[0.538s] -- Up-to-date: /home/tyler/mycobot_ROS2/moveit_tutorial_ws/install/moveit_ros_perception/include/moveit_ros_perception/moveit/mesh_filter/mesh_filter.h
[0.538s] -- Up-to-date: /home/tyler/mycobot_ROS2/moveit_tutorial_ws/install/moveit_ros_perception/include/moveit_ros_perception/moveit/mesh_filter/sensor_model.h
[0.538s] -- Up-to-date: /home/tyler/mycobot_ROS2/moveit_tutorial_ws/install/moveit_ros_perception/include/moveit_ros_perception/moveit/mesh_filter/stereo_camera_model.h
[0.538s] -- Up-to-date: /home/tyler/mycobot_ROS2/moveit_tutorial_ws/install/moveit_ros_perception/include/moveit_ros_perception/moveit/mesh_filter/depth_self_filter_nodelet.h
[0.538s] -- Up-to-date: /home/tyler/mycobot_ROS2/moveit_tutorial_ws/install/moveit_ros_perception/include/moveit_ros_perception/moveit/mesh_filter/transform_provider.h
[0.538s] -- Up-to-date: /home/tyler/mycobot_ROS2/moveit_tutorial_ws/install/moveit_ros_perception/include/moveit_ros_perception/moveit/mesh_filter/gl_mesh.h
[0.539s] -- Up-to-date: /home/tyler/mycobot_ROS2/moveit_tutorial_ws/install/moveit_ros_perception/include/moveit_ros_perception/moveit/mesh_filter/mesh_filter_base.h
[0.539s] -- Up-to-date: /home/tyler/mycobot_ROS2/moveit_tutorial_ws/install/moveit_ros_perception/include/moveit_ros_perception/moveit/mesh_filter/gl_renderer.h
[0.539s] -- Up-to-date: /home/tyler/mycobot_ROS2/moveit_tutorial_ws/install/moveit_ros_perception/include/moveit_ros_perception/moveit/mesh_filter/filter_job.h
[0.539s] -- Up-to-date: /home/tyler/mycobot_ROS2/moveit_tutorial_ws/install/moveit_ros_perception/include/moveit_ros_perception/moveit_mesh_filter_export.h
[0.539s] -- Up-to-date: /home/tyler/mycobot_ROS2/moveit_tutorial_ws/install/moveit_ros_perception/include/moveit_ros_perception
[0.539s] -- Up-to-date: /home/tyler/mycobot_ROS2/moveit_tutorial_ws/install/moveit_ros_perception/include/moveit_ros_perception/moveit
[0.540s] -- Up-to-date: /home/tyler/mycobot_ROS2/moveit_tutorial_ws/install/moveit_ros_perception/include/moveit_ros_perception/moveit/depth_image_octomap_updater
[0.540s] -- Up-to-date: /home/tyler/mycobot_ROS2/moveit_tutorial_ws/install/moveit_ros_perception/include/moveit_ros_perception/moveit/depth_image_octomap_updater/depth_image_octomap_updater.h
[0.540s] -- Up-to-date: /home/tyler/mycobot_ROS2/moveit_tutorial_ws/install/moveit_ros_perception/include/moveit_ros_perception
[0.540s] -- Up-to-date: /home/tyler/mycobot_ROS2/moveit_tutorial_ws/install/moveit_ros_perception/include/moveit_ros_perception/moveit
[0.540s] -- Up-to-date: /home/tyler/mycobot_ROS2/moveit_tutorial_ws/install/moveit_ros_perception/include/moveit_ros_perception/moveit/semantic_world
[0.540s] -- Up-to-date: /home/tyler/mycobot_ROS2/moveit_tutorial_ws/install/moveit_ros_perception/include/moveit_ros_perception/moveit/semantic_world/semantic_world.h
[0.540s] -- Up-to-date: /home/tyler/mycobot_ROS2/moveit_tutorial_ws/install/moveit_ros_perception/lib/libmoveit_depth_image_octomap_updater.so.2.8.0
[0.541s] -- Up-to-date: /home/tyler/mycobot_ROS2/moveit_tutorial_ws/install/moveit_ros_perception/lib/libmoveit_depth_image_octomap_updater.so
[0.541s] -- Up-to-date: /home/tyler/mycobot_ROS2/moveit_tutorial_ws/install/moveit_ros_perception/lib/libmoveit_depth_image_octomap_updater_core.so.2.8.0
[0.541s] -- Up-to-date: /home/tyler/mycobot_ROS2/moveit_tutorial_ws/install/moveit_ros_perception/lib/libmoveit_depth_image_octomap_updater_core.so
[0.541s] -- Up-to-date: /home/tyler/mycobot_ROS2/moveit_tutorial_ws/install/moveit_ros_perception/lib/libmoveit_lazy_free_space_updater.so.2.8.0
[0.541s] -- Up-to-date: /home/tyler/mycobot_ROS2/moveit_tutorial_ws/install/moveit_ros_perception/lib/libmoveit_lazy_free_space_updater.so
[0.541s] -- Up-to-date: /home/tyler/mycobot_ROS2/moveit_tutorial_ws/install/moveit_ros_perception/lib/libmoveit_mesh_filter.so.2.8.0
[0.542s] -- Up-to-date: /home/tyler/mycobot_ROS2/moveit_tutorial_ws/install/moveit_ros_perception/lib/libmoveit_mesh_filter.so
[0.542s] -- Up-to-date: /home/tyler/mycobot_ROS2/moveit_tutorial_ws/install/moveit_ros_perception/lib/libmoveit_point_containment_filter.so.2.8.0
[0.542s] -- Up-to-date: /home/tyler/mycobot_ROS2/moveit_tutorial_ws/install/moveit_ros_perception/lib/libmoveit_point_containment_filter.so
[0.542s] -- Up-to-date: /home/tyler/mycobot_ROS2/moveit_tutorial_ws/install/moveit_ros_perception/lib/libmoveit_pointcloud_octomap_updater.so.2.8.0
[0.542s] -- Up-to-date: /home/tyler/mycobot_ROS2/moveit_tutorial_ws/install/moveit_ros_perception/lib/libmoveit_pointcloud_octomap_updater.so
[0.542s] -- Up-to-date: /home/tyler/mycobot_ROS2/moveit_tutorial_ws/install/moveit_ros_perception/lib/libmoveit_pointcloud_octomap_updater_core.so.2.8.0
[0.542s] -- Up-to-date: /home/tyler/mycobot_ROS2/moveit_tutorial_ws/install/moveit_ros_perception/lib/libmoveit_pointcloud_octomap_updater_core.so
[0.543s] -- Up-to-date: /home/tyler/mycobot_ROS2/moveit_tutorial_ws/install/moveit_ros_perception/lib/libmoveit_semantic_world.so.2.8.0
[0.543s] -- Up-to-date: /home/tyler/mycobot_ROS2/moveit_tutorial_ws/install/moveit_ros_perception/lib/libmoveit_semantic_world.so
[0.543s] -- Up-to-date: /home/tyler/mycobot_ROS2/moveit_tutorial_ws/install/moveit_ros_perception/share/moveit_ros_perception/environment/library_path.sh
[0.544s] -- Up-to-date: /home/tyler/mycobot_ROS2/moveit_tutorial_ws/install/moveit_ros_perception/share/moveit_ros_perception/environment/library_path.dsv
[0.544s] -- Up-to-date: /home/tyler/mycobot_ROS2/moveit_tutorial_ws/install/moveit_ros_perception/share/moveit_ros_perception/pointcloud_octomap_updater_plugin_description.xml
[0.544s] -- Up-to-date: /home/tyler/mycobot_ROS2/moveit_tutorial_ws/install/moveit_ros_perception/share/moveit_ros_perception/depth_image_octomap_updater_plugin_description.xml
[0.544s] -- Up-to-date: /home/tyler/mycobot_ROS2/moveit_tutorial_ws/install/moveit_ros_perception/share/ament_index/resource_index/package_run_dependencies/moveit_ros_perception
[0.544s] -- Up-to-date: /home/tyler/mycobot_ROS2/moveit_tutorial_ws/install/moveit_ros_perception/share/ament_index/resource_index/parent_prefix_path/moveit_ros_perception
[0.544s] -- Up-to-date: /home/tyler/mycobot_ROS2/moveit_tutorial_ws/install/moveit_ros_perception/share/moveit_ros_perception/environment/ament_prefix_path.sh
[0.545s] -- Up-to-date: /home/tyler/mycobot_ROS2/moveit_tutorial_ws/install/moveit_ros_perception/share/moveit_ros_perception/environment/ament_prefix_path.dsv
[0.545s] -- Up-to-date: /home/tyler/mycobot_ROS2/moveit_tutorial_ws/install/moveit_ros_perception/share/moveit_ros_perception/environment/path.sh
[0.545s] -- Up-to-date: /home/tyler/mycobot_ROS2/moveit_tutorial_ws/install/moveit_ros_perception/share/moveit_ros_perception/environment/path.dsv
[0.545s] -- Up-to-date: /home/tyler/mycobot_ROS2/moveit_tutorial_ws/install/moveit_ros_perception/share/moveit_ros_perception/local_setup.bash
[0.545s] -- Up-to-date: /home/tyler/mycobot_ROS2/moveit_tutorial_ws/install/moveit_ros_perception/share/moveit_ros_perception/local_setup.sh
[0.545s] -- Up-to-date: /home/tyler/mycobot_ROS2/moveit_tutorial_ws/install/moveit_ros_perception/share/moveit_ros_perception/local_setup.zsh
[0.546s] -- Up-to-date: /home/tyler/mycobot_ROS2/moveit_tutorial_ws/install/moveit_ros_perception/share/moveit_ros_perception/local_setup.dsv
[0.546s] -- Installing: /home/tyler/mycobot_ROS2/moveit_tutorial_ws/install/moveit_ros_perception/share/moveit_ros_perception/package.dsv
[0.546s] -- Up-to-date: /home/tyler/mycobot_ROS2/moveit_tutorial_ws/install/moveit_ros_perception/share/ament_index/resource_index/packages/moveit_ros_perception
[0.546s] -- Up-to-date: /home/tyler/mycobot_ROS2/moveit_tutorial_ws/install/moveit_ros_perception/share/ament_index/resource_index/moveit_ros_occupancy_map_monitor__pluginlib__plugin/moveit_ros_perception
[0.546s] -- Up-to-date: /home/tyler/mycobot_ROS2/moveit_tutorial_ws/install/moveit_ros_perception/share/moveit_ros_perception/cmake/moveit_ros_perceptionTargetsExport.cmake
[0.546s] -- Up-to-date: /home/tyler/mycobot_ROS2/moveit_tutorial_ws/install/moveit_ros_perception/share/moveit_ros_perception/cmake/moveit_ros_perceptionTargetsExport-release.cmake
[0.546s] -- Up-to-date: /home/tyler/mycobot_ROS2/moveit_tutorial_ws/install/moveit_ros_perception/share/moveit_ros_perception/cmake/ConfigExtras.cmake
[0.547s] -- Up-to-date: /home/tyler/mycobot_ROS2/moveit_tutorial_ws/install/moveit_ros_perception/share/moveit_ros_perception/cmake/ament_cmake_export_targets-extras.cmake
[0.547s] -- Up-to-date: /home/tyler/mycobot_ROS2/moveit_tutorial_ws/install/moveit_ros_perception/share/moveit_ros_perception/cmake/ament_cmake_export_dependencies-extras.cmake
[0.547s] -- Up-to-date: /home/tyler/mycobot_ROS2/moveit_tutorial_ws/install/moveit_ros_perception/share/moveit_ros_perception/cmake/moveit_ros_perceptionConfig.cmake
[0.547s] -- Up-to-date: /home/tyler/mycobot_ROS2/moveit_tutorial_ws/install/moveit_ros_perception/share/moveit_ros_perception/cmake/moveit_ros_perceptionConfig-version.cmake
[0.547s] -- Up-to-date: /home/tyler/mycobot_ROS2/moveit_tutorial_ws/install/moveit_ros_perception/share/moveit_ros_perception/package.xml
[0.549s] Invoked command in '/home/tyler/mycobot_ROS2/moveit_tutorial_ws/build/moveit_ros_perception' returned '0': AMENT_PREFIX_PATH=/home/tyler/mycobot_ROS2/moveit_tutorial_ws/install/moveit_ros_planning:/home/tyler/mycobot_ROS2/moveit_tutorial_ws/install/moveit_ros_occupancy_map_monitor:/home/tyler/mycobot_ROS2/moveit_tutorial_ws/install/moveit_core:/home/tyler/mycobot_ROS2/moveit_tutorial_ws/install/moveit_msgs:/home/tyler/mycobot_ROS2/moveit_tutorial_ws/install/moveit_common:${AMENT_PREFIX_PATH} CMAKE_PREFIX_PATH=/home/tyler/mycobot_ROS2/moveit_tutorial_ws/install/moveit_ros_planning:/home/tyler/mycobot_ROS2/moveit_tutorial_ws/install/moveit_ros_occupancy_map_monitor:/home/tyler/mycobot_ROS2/moveit_tutorial_ws/install/moveit_core:/home/tyler/mycobot_ROS2/moveit_tutorial_ws/install/moveit_msgs:/home/tyler/mycobot_ROS2/moveit_tutorial_ws/install/moveit_common:/home/tyler/mycobot_ROS2/colcon_ws/install/mypalletizer_interfaces:/home/tyler/mycobot_ROS2/colcon_ws/install/mycobot_interfaces:/home/tyler/mycobot_ROS2/colcon_ws/install/mecharm_interfaces:/home/tyler/mycobot_ROS2/colcon_ws/install/ultraarm:/home/tyler/mycobot_ROS2/colcon_ws/install/mypalletizer_260_pi:/home/tyler/mycobot_ROS2/colcon_ws/install/mypalletizer_260:/home/tyler/mycobot_ROS2/colcon_ws/install/mypalletizer_communication:/home/tyler/mycobot_ROS2/colcon_ws/install/mycobot_320pi:/home/tyler/mycobot_ROS2/colcon_ws/install/mycobot_320:/home/tyler/mycobot_ROS2/colcon_ws/install/mycobot_280pi:/home/tyler/mycobot_ROS2/colcon_ws/install/mycobot_280jn:/home/tyler/mycobot_ROS2/colcon_ws/install/mycobot_280_x3pi:/home/tyler/mycobot_ROS2/colcon_ws/install/mycobot_280:/home/tyler/mycobot_ROS2/colcon_ws/install/myarm_300:/home/tyler/mycobot_ROS2/colcon_ws/install/mycobot_communication:/home/tyler/mycobot_ROS2/colcon_ws/install/mecharm_pi:/home/tyler/mycobot_ROS2/colcon_ws/install/mecharm:/home/tyler/mycobot_ROS2/colcon_ws/install/mecharm_communication:/home/tyler/mycobot_ROS2/colcon_ws/install/mybuddy:/home/tyler/mycobot_ROS2/colcon_ws/install/mycobot_description:/opt/ros/humble LD_LIBRARY_PATH=/home/tyler/mycobot_ROS2/moveit_tutorial_ws/install/moveit_ros_planning/lib:/home/tyler/mycobot_ROS2/moveit_tutorial_ws/install/moveit_ros_occupancy_map_monitor/lib:/home/tyler/mycobot_ROS2/moveit_tutorial_ws/install/moveit_core/lib:/home/tyler/mycobot_ROS2/moveit_tutorial_ws/install/moveit_msgs/lib:${LD_LIBRARY_PATH} MYSQL_PS1=(\u@\h) [\d]> PATH=/home/tyler/mycobot_ROS2/moveit_tutorial_ws/install/moveit_core/bin:${PATH} PYTHONPATH=/home/tyler/mycobot_ROS2/moveit_tutorial_ws/install/moveit_msgs/local/lib/python3.10/dist-packages:${PYTHONPATH} /usr/bin/cmake --install /home/tyler/mycobot_ROS2/moveit_tutorial_ws/build/moveit_ros_perception
