[5.687s] Invoking command in '/home/tyler/colcon_ws/build/mycobot_320pi': AMENT_PREFIX_PATH=/home/tyler/colcon_ws/install/mycobot_communication:/home/tyler/colcon_ws/install/mycobot_interfaces:/home/tyler/colcon_ws/install/mycobot_description:${AMENT_PREFIX_PATH} CMAKE_PREFIX_PATH=/home/tyler/colcon_ws/install/mycobot_interfaces LD_LIBRARY_PATH=/home/tyler/colcon_ws/install/mycobot_interfaces/lib:${LD_LIBRARY_PATH} MYSQL_PS1=(\u@\h) [\d]> PYTHONPATH=/home/tyler/colcon_ws/build/mycobot_320pi/prefix_override:/home/tyler/colcon_ws/install/mycobot_320pi/lib/python3.10/site-packages:/home/tyler/colcon_ws/install/mycobot_communication/lib/python3.10/site-packages:/home/tyler/colcon_ws/install/mycobot_interfaces/local/lib/python3.10/dist-packages:/home/tyler/colcon_ws/install/mycobot_description/lib/python3.10/site-packages:${PYTHONPATH} /usr/bin/python3 setup.py develop --uninstall --editable --build-directory /home/tyler/colcon_ws/build/mycobot_320pi/build
[6.443s] /usr/lib/python3/dist-packages/setuptools/dist.py:723: UserWarning: Usage of dash-separated 'script-dir' will not be supported in future versions. Please use the underscore name 'script_dir' instead
[6.444s]   warnings.warn(
[6.508s] running develop
[6.509s] /usr/lib/python3/dist-packages/setuptools/command/easy_install.py:158: EasyInstallDeprecationWarning: easy_install command is deprecated. Use build and pip and other standards-based tools.
[6.509s]   warnings.warn(
[6.512s] /usr/lib/python3/dist-packages/setuptools/command/install.py:34: SetuptoolsDeprecationWarning: setup.py install is deprecated. Use build and pip and other standards-based tools.
[6.513s]   warnings.warn(
[7.045s] Removing /home/tyler/colcon_ws/install/mycobot_320pi/lib/python3.10/site-packages/mycobot-320pi.egg-link (link to .)
[7.181s] Invoked command in '/home/tyler/colcon_ws/build/mycobot_320pi' returned '0': AMENT_PREFIX_PATH=/home/tyler/colcon_ws/install/mycobot_communication:/home/tyler/colcon_ws/install/mycobot_interfaces:/home/tyler/colcon_ws/install/mycobot_description:${AMENT_PREFIX_PATH} CMAKE_PREFIX_PATH=/home/tyler/colcon_ws/install/mycobot_interfaces LD_LIBRARY_PATH=/home/tyler/colcon_ws/install/mycobot_interfaces/lib:${LD_LIBRARY_PATH} MYSQL_PS1=(\u@\h) [\d]> PYTHONPATH=/home/tyler/colcon_ws/build/mycobot_320pi/prefix_override:/home/tyler/colcon_ws/install/mycobot_320pi/lib/python3.10/site-packages:/home/tyler/colcon_ws/install/mycobot_communication/lib/python3.10/site-packages:/home/tyler/colcon_ws/install/mycobot_interfaces/local/lib/python3.10/dist-packages:/home/tyler/colcon_ws/install/mycobot_description/lib/python3.10/site-packages:${PYTHONPATH} /usr/bin/python3 setup.py develop --uninstall --editable --build-directory /home/tyler/colcon_ws/build/mycobot_320pi/build
[7.185s] Invoking command in '/home/tyler/colcon_ws/src/mycobot_ros2/mycobot_320/mycobot_320pi': AMENT_PREFIX_PATH=/home/tyler/colcon_ws/install/mycobot_communication:/home/tyler/colcon_ws/install/mycobot_interfaces:/home/tyler/colcon_ws/install/mycobot_description:${AMENT_PREFIX_PATH} CMAKE_PREFIX_PATH=/home/tyler/colcon_ws/install/mycobot_interfaces LD_LIBRARY_PATH=/home/tyler/colcon_ws/install/mycobot_interfaces/lib:${LD_LIBRARY_PATH} MYSQL_PS1=(\u@\h) [\d]> PYTHONPATH=/home/tyler/colcon_ws/build/mycobot_320pi/prefix_override:/home/tyler/colcon_ws/install/mycobot_320pi/lib/python3.10/site-packages:/home/tyler/colcon_ws/install/mycobot_communication/lib/python3.10/site-packages:/home/tyler/colcon_ws/install/mycobot_interfaces/local/lib/python3.10/dist-packages:/home/tyler/colcon_ws/install/mycobot_description/lib/python3.10/site-packages:${PYTHONPATH} /usr/bin/python3 setup.py egg_info --egg-base ../../../../build/mycobot_320pi build --build-base /home/tyler/colcon_ws/build/mycobot_320pi/build install --record /home/tyler/colcon_ws/build/mycobot_320pi/install.log --install-scripts $base/lib/mycobot_320pi --single-version-externally-managed
[7.732s] /usr/lib/python3/dist-packages/setuptools/dist.py:723: UserWarning: Usage of dash-separated 'script-dir' will not be supported in future versions. Please use the underscore name 'script_dir' instead
[7.732s]   warnings.warn(
[7.748s] running egg_info
[7.750s] writing ../../../../build/mycobot_320pi/mycobot_320pi.egg-info/PKG-INFO
[7.751s] writing dependency_links to ../../../../build/mycobot_320pi/mycobot_320pi.egg-info/dependency_links.txt
[7.752s] writing entry points to ../../../../build/mycobot_320pi/mycobot_320pi.egg-info/entry_points.txt
[7.753s] writing requirements to ../../../../build/mycobot_320pi/mycobot_320pi.egg-info/requires.txt
[7.753s] writing top-level names to ../../../../build/mycobot_320pi/mycobot_320pi.egg-info/top_level.txt
[7.755s] reading manifest file '../../../../build/mycobot_320pi/mycobot_320pi.egg-info/SOURCES.txt'
[7.756s] adding license file 'LICENSE'
[7.757s] writing manifest file '../../../../build/mycobot_320pi/mycobot_320pi.egg-info/SOURCES.txt'
[7.757s] running build
[7.757s] running build_py
[7.758s] creating /home/tyler/colcon_ws/build/mycobot_320pi/build
[7.758s] creating /home/tyler/colcon_ws/build/mycobot_320pi/build/lib
[7.758s] creating /home/tyler/colcon_ws/build/mycobot_320pi/build/lib/mycobot_320pi
[7.758s] copying mycobot_320pi/detect_marker.py -> /home/tyler/colcon_ws/build/mycobot_320pi/build/lib/mycobot_320pi
[7.759s] copying mycobot_320pi/follow_display.py -> /home/tyler/colcon_ws/build/mycobot_320pi/build/lib/mycobot_320pi
[7.759s] copying mycobot_320pi/listen_real_of_topic.py -> /home/tyler/colcon_ws/build/mycobot_320pi/build/lib/mycobot_320pi
[7.759s] copying mycobot_320pi/listen_real.py -> /home/tyler/colcon_ws/build/mycobot_320pi/build/lib/mycobot_320pi
[7.760s] copying mycobot_320pi/teleop_keyboard.py -> /home/tyler/colcon_ws/build/mycobot_320pi/build/lib/mycobot_320pi
[7.760s] copying mycobot_320pi/__init__.py -> /home/tyler/colcon_ws/build/mycobot_320pi/build/lib/mycobot_320pi
[7.760s] copying mycobot_320pi/follow_and_pump.py -> /home/tyler/colcon_ws/build/mycobot_320pi/build/lib/mycobot_320pi
[7.760s] copying mycobot_320pi/slider_control.py -> /home/tyler/colcon_ws/build/mycobot_320pi/build/lib/mycobot_320pi
[7.760s] copying mycobot_320pi/following_marker.py -> /home/tyler/colcon_ws/build/mycobot_320pi/build/lib/mycobot_320pi
[7.761s] copying mycobot_320pi/simple_gui.py -> /home/tyler/colcon_ws/build/mycobot_320pi/build/lib/mycobot_320pi
[7.761s] running install
[7.761s] running install_lib
[7.762s] /usr/lib/python3/dist-packages/setuptools/command/install.py:34: SetuptoolsDeprecationWarning: setup.py install is deprecated. Use build and pip and other standards-based tools.
[7.762s]   warnings.warn(
[7.762s] creating /home/tyler/colcon_ws/install/mycobot_320pi/lib/python3.10/site-packages/mycobot_320pi
[7.763s] copying /home/tyler/colcon_ws/build/mycobot_320pi/build/lib/mycobot_320pi/detect_marker.py -> /home/tyler/colcon_ws/install/mycobot_320pi/lib/python3.10/site-packages/mycobot_320pi
[7.763s] copying /home/tyler/colcon_ws/build/mycobot_320pi/build/lib/mycobot_320pi/follow_display.py -> /home/tyler/colcon_ws/install/mycobot_320pi/lib/python3.10/site-packages/mycobot_320pi
[7.763s] copying /home/tyler/colcon_ws/build/mycobot_320pi/build/lib/mycobot_320pi/listen_real_of_topic.py -> /home/tyler/colcon_ws/install/mycobot_320pi/lib/python3.10/site-packages/mycobot_320pi
[7.763s] copying /home/tyler/colcon_ws/build/mycobot_320pi/build/lib/mycobot_320pi/listen_real.py -> /home/tyler/colcon_ws/install/mycobot_320pi/lib/python3.10/site-packages/mycobot_320pi
[7.764s] copying /home/tyler/colcon_ws/build/mycobot_320pi/build/lib/mycobot_320pi/teleop_keyboard.py -> /home/tyler/colcon_ws/install/mycobot_320pi/lib/python3.10/site-packages/mycobot_320pi
[7.765s] copying /home/tyler/colcon_ws/build/mycobot_320pi/build/lib/mycobot_320pi/__init__.py -> /home/tyler/colcon_ws/install/mycobot_320pi/lib/python3.10/site-packages/mycobot_320pi
[7.765s] copying /home/tyler/colcon_ws/build/mycobot_320pi/build/lib/mycobot_320pi/follow_and_pump.py -> /home/tyler/colcon_ws/install/mycobot_320pi/lib/python3.10/site-packages/mycobot_320pi
[7.765s] copying /home/tyler/colcon_ws/build/mycobot_320pi/build/lib/mycobot_320pi/slider_control.py -> /home/tyler/colcon_ws/install/mycobot_320pi/lib/python3.10/site-packages/mycobot_320pi
[7.766s] copying /home/tyler/colcon_ws/build/mycobot_320pi/build/lib/mycobot_320pi/following_marker.py -> /home/tyler/colcon_ws/install/mycobot_320pi/lib/python3.10/site-packages/mycobot_320pi
[7.766s] copying /home/tyler/colcon_ws/build/mycobot_320pi/build/lib/mycobot_320pi/simple_gui.py -> /home/tyler/colcon_ws/install/mycobot_320pi/lib/python3.10/site-packages/mycobot_320pi
[7.766s] byte-compiling /home/tyler/colcon_ws/install/mycobot_320pi/lib/python3.10/site-packages/mycobot_320pi/detect_marker.py to detect_marker.cpython-310.pyc
[7.767s] byte-compiling /home/tyler/colcon_ws/install/mycobot_320pi/lib/python3.10/site-packages/mycobot_320pi/follow_display.py to follow_display.cpython-310.pyc
[7.768s] byte-compiling /home/tyler/colcon_ws/install/mycobot_320pi/lib/python3.10/site-packages/mycobot_320pi/listen_real_of_topic.py to listen_real_of_topic.cpython-310.pyc
[7.769s] byte-compiling /home/tyler/colcon_ws/install/mycobot_320pi/lib/python3.10/site-packages/mycobot_320pi/listen_real.py to listen_real.cpython-310.pyc
[7.770s] byte-compiling /home/tyler/colcon_ws/install/mycobot_320pi/lib/python3.10/site-packages/mycobot_320pi/teleop_keyboard.py to teleop_keyboard.cpython-310.pyc
[7.774s] byte-compiling /home/tyler/colcon_ws/install/mycobot_320pi/lib/python3.10/site-packages/mycobot_320pi/__init__.py to __init__.cpython-310.pyc
[7.775s] byte-compiling /home/tyler/colcon_ws/install/mycobot_320pi/lib/python3.10/site-packages/mycobot_320pi/follow_and_pump.py to follow_and_pump.cpython-310.pyc
[7.777s] byte-compiling /home/tyler/colcon_ws/install/mycobot_320pi/lib/python3.10/site-packages/mycobot_320pi/slider_control.py to slider_control.cpython-310.pyc
[7.777s] byte-compiling /home/tyler/colcon_ws/install/mycobot_320pi/lib/python3.10/site-packages/mycobot_320pi/following_marker.py to following_marker.cpython-310.pyc
[7.779s] byte-compiling /home/tyler/colcon_ws/install/mycobot_320pi/lib/python3.10/site-packages/mycobot_320pi/simple_gui.py to simple_gui.cpython-310.pyc
[7.784s] running install_data
[7.786s] running install_egg_info
[7.789s] Copying ../../../../build/mycobot_320pi/mycobot_320pi.egg-info to /home/tyler/colcon_ws/install/mycobot_320pi/lib/python3.10/site-packages/mycobot_320pi-0.0.0-py3.10.egg-info
[7.790s] running install_scripts
[7.839s] Installing camera_display script to /home/tyler/colcon_ws/install/mycobot_320pi/lib/mycobot_320pi
[7.840s] Installing detect_marker script to /home/tyler/colcon_ws/install/mycobot_320pi/lib/mycobot_320pi
[7.840s] Installing follow_display script to /home/tyler/colcon_ws/install/mycobot_320pi/lib/mycobot_320pi
[7.841s] Installing following_marker script to /home/tyler/colcon_ws/install/mycobot_320pi/lib/mycobot_320pi
[7.842s] Installing listen_real script to /home/tyler/colcon_ws/install/mycobot_320pi/lib/mycobot_320pi
[7.842s] Installing listen_real_of_topic script to /home/tyler/colcon_ws/install/mycobot_320pi/lib/mycobot_320pi
[7.842s] Installing opencv_camera script to /home/tyler/colcon_ws/install/mycobot_320pi/lib/mycobot_320pi
[7.842s] Installing simple_gui script to /home/tyler/colcon_ws/install/mycobot_320pi/lib/mycobot_320pi
[7.842s] Installing slider_control script to /home/tyler/colcon_ws/install/mycobot_320pi/lib/mycobot_320pi
[7.843s] Installing teleop_keyboard script to /home/tyler/colcon_ws/install/mycobot_320pi/lib/mycobot_320pi
[7.844s] writing list of installed files to '/home/tyler/colcon_ws/build/mycobot_320pi/install.log'
[8.260s] Invoked command in '/home/tyler/colcon_ws/src/mycobot_ros2/mycobot_320/mycobot_320pi' returned '0': AMENT_PREFIX_PATH=/home/tyler/colcon_ws/install/mycobot_communication:/home/tyler/colcon_ws/install/mycobot_interfaces:/home/tyler/colcon_ws/install/mycobot_description:${AMENT_PREFIX_PATH} CMAKE_PREFIX_PATH=/home/tyler/colcon_ws/install/mycobot_interfaces LD_LIBRARY_PATH=/home/tyler/colcon_ws/install/mycobot_interfaces/lib:${LD_LIBRARY_PATH} MYSQL_PS1=(\u@\h) [\d]> PYTHONPATH=/home/tyler/colcon_ws/build/mycobot_320pi/prefix_override:/home/tyler/colcon_ws/install/mycobot_320pi/lib/python3.10/site-packages:/home/tyler/colcon_ws/install/mycobot_communication/lib/python3.10/site-packages:/home/tyler/colcon_ws/install/mycobot_interfaces/local/lib/python3.10/dist-packages:/home/tyler/colcon_ws/install/mycobot_description/lib/python3.10/site-packages:${PYTHONPATH} /usr/bin/python3 setup.py egg_info --egg-base ../../../../build/mycobot_320pi build --build-base /home/tyler/colcon_ws/build/mycobot_320pi/build install --record /home/tyler/colcon_ws/build/mycobot_320pi/install.log --install-scripts $base/lib/mycobot_320pi --single-version-externally-managed
