[0.124s] Invoking command in '/home/tyler/mycobot_ROS2/moveit_tutorial_ws/build/moveit_setup_framework': AMENT_PREFIX_PATH=/home/tyler/mycobot_ROS2/moveit_tutorial_ws/install/moveit_ros_visualization:/home/tyler/mycobot_ROS2/moveit_tutorial_ws/install/moveit_ros_planning_interface:/home/tyler/mycobot_ROS2/moveit_tutorial_ws/install/moveit_ros_move_group:/home/tyler/mycobot_ROS2/moveit_tutorial_ws/install/moveit_ros_warehouse:/home/tyler/mycobot_ROS2/moveit_tutorial_ws/install/moveit_ros_robot_interaction:/home/tyler/mycobot_ROS2/moveit_tutorial_ws/install/moveit_kinematics:/home/tyler/mycobot_ROS2/moveit_tutorial_ws/install/moveit_ros_planning:/home/tyler/mycobot_ROS2/moveit_tutorial_ws/install/moveit_ros_occupancy_map_monitor:/home/tyler/mycobot_ROS2/moveit_tutorial_ws/install/moveit_core:/home/tyler/mycobot_ROS2/moveit_tutorial_ws/install/moveit_msgs:/home/tyler/mycobot_ROS2/moveit_tutorial_ws/install/moveit_common:${AMENT_PREFIX_PATH} CMAKE_PREFIX_PATH=/home/tyler/mycobot_ROS2/moveit_tutorial_ws/install/moveit_ros_visualization:/home/tyler/mycobot_ROS2/moveit_tutorial_ws/install/moveit_ros_planning_interface:/home/tyler/mycobot_ROS2/moveit_tutorial_ws/install/moveit_ros_move_group:/home/tyler/mycobot_ROS2/moveit_tutorial_ws/install/moveit_ros_warehouse:/home/tyler/mycobot_ROS2/moveit_tutorial_ws/install/moveit_ros_robot_interaction:/home/tyler/mycobot_ROS2/moveit_tutorial_ws/install/moveit_kinematics:/home/tyler/mycobot_ROS2/moveit_tutorial_ws/install/moveit_ros_planning:/home/tyler/mycobot_ROS2/moveit_tutorial_ws/install/moveit_ros_occupancy_map_monitor:/home/tyler/mycobot_ROS2/moveit_tutorial_ws/install/moveit_core:/home/tyler/mycobot_ROS2/moveit_tutorial_ws/install/moveit_msgs:/home/tyler/mycobot_ROS2/moveit_tutorial_ws/install/moveit_common:/home/tyler/mycobot_ROS2/colcon_ws/install/mypalletizer_interfaces:/home/tyler/mycobot_ROS2/colcon_ws/install/mycobot_interfaces:/home/tyler/mycobot_ROS2/colcon_ws/install/mecharm_interfaces:/home/tyler/mycobot_ROS2/colcon_ws/install/ultraarm:/home/tyler/mycobot_ROS2/colcon_ws/install/mypalletizer_260_pi:/home/tyler/mycobot_ROS2/colcon_ws/install/mypalletizer_260:/home/tyler/mycobot_ROS2/colcon_ws/install/mypalletizer_communication:/home/tyler/mycobot_ROS2/colcon_ws/install/mycobot_320pi:/home/tyler/mycobot_ROS2/colcon_ws/install/mycobot_320:/home/tyler/mycobot_ROS2/colcon_ws/install/mycobot_280pi:/home/tyler/mycobot_ROS2/colcon_ws/install/mycobot_280jn:/home/tyler/mycobot_ROS2/colcon_ws/install/mycobot_280_x3pi:/home/tyler/mycobot_ROS2/colcon_ws/install/mycobot_280:/home/tyler/mycobot_ROS2/colcon_ws/install/myarm_300:/home/tyler/mycobot_ROS2/colcon_ws/install/mycobot_communication:/home/tyler/mycobot_ROS2/colcon_ws/install/mecharm_pi:/home/tyler/mycobot_ROS2/colcon_ws/install/mecharm:/home/tyler/mycobot_ROS2/colcon_ws/install/mecharm_communication:/home/tyler/mycobot_ROS2/colcon_ws/install/mybuddy:/home/tyler/mycobot_ROS2/colcon_ws/install/mycobot_description:/opt/ros/humble LD_LIBRARY_PATH=/home/tyler/mycobot_ROS2/moveit_tutorial_ws/install/moveit_ros_visualization/lib:/home/tyler/mycobot_ROS2/moveit_tutorial_ws/install/moveit_ros_planning_interface/lib:/home/tyler/mycobot_ROS2/moveit_tutorial_ws/install/moveit_ros_move_group/lib:/home/tyler/mycobot_ROS2/moveit_tutorial_ws/install/moveit_ros_warehouse/lib:/home/tyler/mycobot_ROS2/moveit_tutorial_ws/install/moveit_ros_robot_interaction/lib:/home/tyler/mycobot_ROS2/moveit_tutorial_ws/install/moveit_kinematics/lib:/home/tyler/mycobot_ROS2/moveit_tutorial_ws/install/moveit_ros_planning/lib:/home/tyler/mycobot_ROS2/moveit_tutorial_ws/install/moveit_ros_occupancy_map_monitor/lib:/home/tyler/mycobot_ROS2/moveit_tutorial_ws/install/moveit_core/lib:/home/tyler/mycobot_ROS2/moveit_tutorial_ws/install/moveit_msgs/lib:${LD_LIBRARY_PATH} MYSQL_PS1=(\u@\h) [\d]> PATH=/home/tyler/mycobot_ROS2/moveit_tutorial_ws/install/moveit_core/bin:${PATH} PYTHONPATH=/home/tyler/mycobot_ROS2/moveit_tutorial_ws/install/moveit_msgs/local/lib/python3.10/dist-packages:${PYTHONPATH} /usr/bin/cmake /home/tyler/mycobot_ROS2/moveit_tutorial_ws/src/moveit2/moveit_setup_assistant/moveit_setup_framework -DCMAKE_INSTALL_PREFIX=/home/tyler/mycobot_ROS2/moveit_tutorial_ws/install/moveit_setup_framework
[0.223s] -- The CXX compiler identification is GNU 11.4.0
[0.234s] -- Detecting CXX compiler ABI info
[0.347s] -- Detecting CXX compiler ABI info - done
[0.358s] -- Check for working CXX compiler: /usr/bin/c++ - skipped
[0.358s] -- Detecting CXX compile features
[0.359s] -- Detecting CXX compile features - done
[0.361s] -- Found moveit_common: 2.8.0 (/home/tyler/mycobot_ROS2/moveit_tutorial_ws/install/moveit_common/share/moveit_common/cmake)
[0.366s] -- Found ament_cmake: 1.3.5 (/opt/ros/humble/share/ament_cmake/cmake)
[0.675s] -- Found Python3: /usr/bin/python3.10 (found version "3.10.12") found components: Interpreter 
[0.968s] -- Found libdw: /usr/lib/x86_64-linux-gnu/libdw.so  
[0.976s] -- Could NOT find libbfd (missing: LIBBFD_LIBRARY LIBBFD_INCLUDE_DIR) 
[0.976s] -- BACKWARD_HAS_UNWIND=1
[0.976s] -- BACKWARD_HAS_BACKTRACE=0
[0.976s] -- BACKWARD_HAS_BACKTRACE_SYMBOL=0
[0.976s] -- BACKWARD_HAS_DW=1
[0.976s] -- BACKWARD_HAS_BFD=0
[0.977s] -- Found Backward: /opt/ros/humble/share/backward_ros/cmake  
[0.978s] [0mmoveit_setup_framework: You did not request a specific build type: Choosing 'Release' for maximum performance[0m
[0.991s] -- Found ament_cmake_ros: 0.10.0 (/opt/ros/humble/share/ament_cmake_ros/cmake)
[1.017s] -- Found ament_index_cpp: 1.4.0 (/opt/ros/humble/share/ament_index_cpp/cmake)
[1.025s] -- Found moveit_core: 2.8.0 (/home/tyler/mycobot_ROS2/moveit_tutorial_ws/install/moveit_core/share/moveit_core/cmake)
[1.415s] -- Found Boost: /usr/lib/x86_64-linux-gnu/cmake/Boost-1.74.0/BoostConfig.cmake (found version "1.74.0") found components: chrono date_time filesystem iostreams program_options regex serialization system thread 
[1.521s] -- Found parameter_traits: 0.3.6 (/opt/ros/humble/share/parameter_traits/cmake)
[1.597s] -- Found rosidl_generator_c: 3.1.5 (/opt/ros/humble/share/rosidl_generator_c/cmake)
[1.608s] -- Found rosidl_adapter: 3.1.5 (/opt/ros/humble/share/rosidl_adapter/cmake)
[1.623s] -- Found rosidl_generator_cpp: 3.1.5 (/opt/ros/humble/share/rosidl_generator_cpp/cmake)
[1.658s] -- Using all available rosidl_typesupport_c: rosidl_typesupport_fastrtps_c;rosidl_typesupport_introspection_c
[1.695s] -- Using all available rosidl_typesupport_cpp: rosidl_typesupport_fastrtps_cpp;rosidl_typesupport_introspection_cpp
[1.814s] -- Found rmw_implementation_cmake: 6.1.1 (/opt/ros/humble/share/rmw_implementation_cmake/cmake)
[1.822s] -- Found rmw_fastrtps_cpp: 6.2.4 (/opt/ros/humble/share/rmw_fastrtps_cpp/cmake)
[1.991s] -- Found OpenSSL: /usr/lib/x86_64-linux-gnu/libcrypto.so (found version "3.0.2")  
[2.032s] -- Found FastRTPS: /opt/ros/humble/include  
[2.101s] -- Using RMW implementation 'rmw_fastrtps_cpp' as default
[2.122s] -- Found Threads: TRUE  
[2.390s] -- Found rclcpp_lifecycle: 16.0.6 (/opt/ros/humble/share/rclcpp_lifecycle/cmake)
[2.477s] -- Found Boost: /usr/lib/x86_64-linux-gnu/cmake/Boost-1.74.0/BoostConfig.cmake (found version "1.74.0") found components: filesystem 
[2.726s] -- library: /usr/lib/x86_64-linux-gnu/libcurl.so
[3.250s] -- Found Eigen3: TRUE (found version "3.4.0") 
[3.250s] -- Ensuring Eigen3 include directory is part of orocos-kdl CMake target
[4.934s] -- Found moveit_ros_planning: 2.8.0 (/home/tyler/mycobot_ROS2/moveit_tutorial_ws/install/moveit_ros_planning/share/moveit_ros_planning/cmake)
[4.943s] -- Found Boost: /usr/lib/x86_64-linux-gnu/cmake/Boost-1.74.0/BoostConfig.cmake (found version "1.74.0") found components: system filesystem date_time program_options thread chrono 
[5.626s] -- Found moveit_ros_visualization: 2.8.0 (/home/tyler/mycobot_ROS2/moveit_tutorial_ws/install/moveit_ros_visualization/share/moveit_ros_visualization/cmake)
[5.632s] -- Found Boost: /usr/lib/x86_64-linux-gnu/cmake/Boost-1.74.0/BoostConfig.cmake (found version "1.74.0") found components: thread date_time system filesystem 
[5.795s] -- Found Boost: /usr/lib/x86_64-linux-gnu/cmake/Boost-1.74.0/BoostConfig.cmake (found version "1.74.0") found components: date_time filesystem program_options system thread 
[6.122s] -- Found Boost: /usr/lib/x86_64-linux-gnu/cmake/Boost-1.74.0/BoostConfig.cmake (found version "1.74.0") found components: thread system filesystem regex date_time program_options 
[6.518s] -- Found Boost: /usr/lib/x86_64-linux-gnu/cmake/Boost-1.74.0/BoostConfig.cmake (found version "1.74.0") found components: system filesystem date_time program_options thread 
[8.011s] -- Setting OGRE_DIR to: '/opt/ros/humble/share/rviz_ogre_vendor/cmake/../../../opt/rviz_ogre_vendor/lib/OGRE/cmake'
[8.014s] -- Found OGRE
[8.014s] --   static     : OFF
[8.014s] --   components : HLMS;MeshLodGenerator;Overlay;Paging;Property;RTShaderSystem;Terrain;Volume
[8.014s] --   plugins    : Plugin_BSPSceneManager;Plugin_OctreeSceneManager;Plugin_PCZSceneManager;Plugin_ParticleFX;RenderSystem_GL;RenderSystem_GL3Plus;Codec_STBI
[8.014s] --   media      : /opt/ros/humble/opt/rviz_ogre_vendor/share/OGRE/Media
[8.014s] -- OGRE_LIBRARIES: OgreHLMS;OgreMeshLodGenerator;OgreOverlay;OgrePaging;OgreProperty;OgreRTShaderSystem;OgreTerrain;OgreVolume;OgreMain
[8.014s] -- OGRE_LIBRARY_DIRS: /opt/ros/humble/opt/rviz_ogre_vendor/lib
[8.015s] -- OGRE_PLUGINS: Plugin_BSPSceneManager;Plugin_OctreeSceneManager;Plugin_PCZSceneManager;Plugin_ParticleFX;RenderSystem_GL;RenderSystem_GL3Plus;Codec_STBI
[8.015s] -- OGRE_PLUGIN_DIR: /opt/ros/humble/opt/rviz_ogre_vendor/lib/OGRE
[8.015s] -- rviz_ogre_vendor::OgreOverlay for IMPORTED_LOCATION_RELEASE: /opt/ros/humble/opt/rviz_ogre_vendor/lib/libOgreOverlay.so
[8.015s] -- rviz_ogre_vendor::OgreOverlay for IMPORTED_LOCATION_DEBUG: /opt/ros/humble/opt/rviz_ogre_vendor/lib/libOgreOverlay.so
[8.015s] -- rviz_ogre_vendor::OgreMain for IMPORTED_LOCATION_RELEASE: /opt/ros/humble/opt/rviz_ogre_vendor/lib/libOgreMain.so
[8.015s] -- rviz_ogre_vendor::OgreMain for IMPORTED_LOCATION_DEBUG: /opt/ros/humble/opt/rviz_ogre_vendor/lib/libOgreMain.so
[8.049s] -- Found ZLIB: /usr/lib/x86_64-linux-gnu/libz.so (found version "1.2.11") 
[8.060s] -- Found OpenGL: /usr/lib/x86_64-linux-gnu/libOpenGL.so   
[8.223s] -- Found X11: /usr/include   
[8.224s] -- Looking for XOpenDisplay in /usr/lib/x86_64-linux-gnu/libX11.so;/usr/lib/x86_64-linux-gnu/libXext.so
[8.381s] -- Looking for XOpenDisplay in /usr/lib/x86_64-linux-gnu/libX11.so;/usr/lib/x86_64-linux-gnu/libXext.so - found
[8.381s] -- Looking for gethostbyname
[8.532s] -- Looking for gethostbyname - found
[8.532s] -- Looking for connect
[8.689s] -- Looking for connect - found
[8.689s] -- Looking for remove
[8.833s] -- Looking for remove - found
[8.833s] -- Looking for shmat
[9.003s] -- Looking for shmat - found
[9.003s] -- Looking for IceConnectionNumber in ICE
[9.162s] -- Looking for IceConnectionNumber in ICE - found
[9.166s] -- rviz_ogre_vendor::RenderSystem_GL for IMPORTED_LOCATION_RELEASE: _render_system_gl_static_library_abs-NOTFOUND
[9.166s] -- rviz_ogre_vendor::RenderSystem_GL for IMPORTED_LOCATION_DEBUG: _render_system_gl_static_library_abs-NOTFOUND
[10.175s] -- Found ament_lint_auto: 0.12.8 (/opt/ros/humble/share/ament_lint_auto/cmake)
[10.219s] -- Added test 'lint_cmake' to check CMake code style
[10.221s] -- Added test 'xmllint' to check XML markup files
[10.224s] -- Configuring done
[10.288s] -- Generating done
[10.291s] -- Build files have been written to: /home/tyler/mycobot_ROS2/moveit_tutorial_ws/build/moveit_setup_framework
[10.309s] Invoked command in '/home/tyler/mycobot_ROS2/moveit_tutorial_ws/build/moveit_setup_framework' returned '0': AMENT_PREFIX_PATH=/home/tyler/mycobot_ROS2/moveit_tutorial_ws/install/moveit_ros_visualization:/home/tyler/mycobot_ROS2/moveit_tutorial_ws/install/moveit_ros_planning_interface:/home/tyler/mycobot_ROS2/moveit_tutorial_ws/install/moveit_ros_move_group:/home/tyler/mycobot_ROS2/moveit_tutorial_ws/install/moveit_ros_warehouse:/home/tyler/mycobot_ROS2/moveit_tutorial_ws/install/moveit_ros_robot_interaction:/home/tyler/mycobot_ROS2/moveit_tutorial_ws/install/moveit_kinematics:/home/tyler/mycobot_ROS2/moveit_tutorial_ws/install/moveit_ros_planning:/home/tyler/mycobot_ROS2/moveit_tutorial_ws/install/moveit_ros_occupancy_map_monitor:/home/tyler/mycobot_ROS2/moveit_tutorial_ws/install/moveit_core:/home/tyler/mycobot_ROS2/moveit_tutorial_ws/install/moveit_msgs:/home/tyler/mycobot_ROS2/moveit_tutorial_ws/install/moveit_common:${AMENT_PREFIX_PATH} CMAKE_PREFIX_PATH=/home/tyler/mycobot_ROS2/moveit_tutorial_ws/install/moveit_ros_visualization:/home/tyler/mycobot_ROS2/moveit_tutorial_ws/install/moveit_ros_planning_interface:/home/tyler/mycobot_ROS2/moveit_tutorial_ws/install/moveit_ros_move_group:/home/tyler/mycobot_ROS2/moveit_tutorial_ws/install/moveit_ros_warehouse:/home/tyler/mycobot_ROS2/moveit_tutorial_ws/install/moveit_ros_robot_interaction:/home/tyler/mycobot_ROS2/moveit_tutorial_ws/install/moveit_kinematics:/home/tyler/mycobot_ROS2/moveit_tutorial_ws/install/moveit_ros_planning:/home/tyler/mycobot_ROS2/moveit_tutorial_ws/install/moveit_ros_occupancy_map_monitor:/home/tyler/mycobot_ROS2/moveit_tutorial_ws/install/moveit_core:/home/tyler/mycobot_ROS2/moveit_tutorial_ws/install/moveit_msgs:/home/tyler/mycobot_ROS2/moveit_tutorial_ws/install/moveit_common:/home/tyler/mycobot_ROS2/colcon_ws/install/mypalletizer_interfaces:/home/tyler/mycobot_ROS2/colcon_ws/install/mycobot_interfaces:/home/tyler/mycobot_ROS2/colcon_ws/install/mecharm_interfaces:/home/tyler/mycobot_ROS2/colcon_ws/install/ultraarm:/home/tyler/mycobot_ROS2/colcon_ws/install/mypalletizer_260_pi:/home/tyler/mycobot_ROS2/colcon_ws/install/mypalletizer_260:/home/tyler/mycobot_ROS2/colcon_ws/install/mypalletizer_communication:/home/tyler/mycobot_ROS2/colcon_ws/install/mycobot_320pi:/home/tyler/mycobot_ROS2/colcon_ws/install/mycobot_320:/home/tyler/mycobot_ROS2/colcon_ws/install/mycobot_280pi:/home/tyler/mycobot_ROS2/colcon_ws/install/mycobot_280jn:/home/tyler/mycobot_ROS2/colcon_ws/install/mycobot_280_x3pi:/home/tyler/mycobot_ROS2/colcon_ws/install/mycobot_280:/home/tyler/mycobot_ROS2/colcon_ws/install/myarm_300:/home/tyler/mycobot_ROS2/colcon_ws/install/mycobot_communication:/home/tyler/mycobot_ROS2/colcon_ws/install/mecharm_pi:/home/tyler/mycobot_ROS2/colcon_ws/install/mecharm:/home/tyler/mycobot_ROS2/colcon_ws/install/mecharm_communication:/home/tyler/mycobot_ROS2/colcon_ws/install/mybuddy:/home/tyler/mycobot_ROS2/colcon_ws/install/mycobot_description:/opt/ros/humble LD_LIBRARY_PATH=/home/tyler/mycobot_ROS2/moveit_tutorial_ws/install/moveit_ros_visualization/lib:/home/tyler/mycobot_ROS2/moveit_tutorial_ws/install/moveit_ros_planning_interface/lib:/home/tyler/mycobot_ROS2/moveit_tutorial_ws/install/moveit_ros_move_group/lib:/home/tyler/mycobot_ROS2/moveit_tutorial_ws/install/moveit_ros_warehouse/lib:/home/tyler/mycobot_ROS2/moveit_tutorial_ws/install/moveit_ros_robot_interaction/lib:/home/tyler/mycobot_ROS2/moveit_tutorial_ws/install/moveit_kinematics/lib:/home/tyler/mycobot_ROS2/moveit_tutorial_ws/install/moveit_ros_planning/lib:/home/tyler/mycobot_ROS2/moveit_tutorial_ws/install/moveit_ros_occupancy_map_monitor/lib:/home/tyler/mycobot_ROS2/moveit_tutorial_ws/install/moveit_core/lib:/home/tyler/mycobot_ROS2/moveit_tutorial_ws/install/moveit_msgs/lib:${LD_LIBRARY_PATH} MYSQL_PS1=(\u@\h) [\d]> PATH=/home/tyler/mycobot_ROS2/moveit_tutorial_ws/install/moveit_core/bin:${PATH} PYTHONPATH=/home/tyler/mycobot_ROS2/moveit_tutorial_ws/install/moveit_msgs/local/lib/python3.10/dist-packages:${PYTHONPATH} /usr/bin/cmake /home/tyler/mycobot_ROS2/moveit_tutorial_ws/src/moveit2/moveit_setup_assistant/moveit_setup_framework -DCMAKE_INSTALL_PREFIX=/home/tyler/mycobot_ROS2/moveit_tutorial_ws/install/moveit_setup_framework
[10.312s] Invoking command in '/home/tyler/mycobot_ROS2/moveit_tutorial_ws/build/moveit_setup_framework': AMENT_PREFIX_PATH=/home/tyler/mycobot_ROS2/moveit_tutorial_ws/install/moveit_ros_visualization:/home/tyler/mycobot_ROS2/moveit_tutorial_ws/install/moveit_ros_planning_interface:/home/tyler/mycobot_ROS2/moveit_tutorial_ws/install/moveit_ros_move_group:/home/tyler/mycobot_ROS2/moveit_tutorial_ws/install/moveit_ros_warehouse:/home/tyler/mycobot_ROS2/moveit_tutorial_ws/install/moveit_ros_robot_interaction:/home/tyler/mycobot_ROS2/moveit_tutorial_ws/install/moveit_kinematics:/home/tyler/mycobot_ROS2/moveit_tutorial_ws/install/moveit_ros_planning:/home/tyler/mycobot_ROS2/moveit_tutorial_ws/install/moveit_ros_occupancy_map_monitor:/home/tyler/mycobot_ROS2/moveit_tutorial_ws/install/moveit_core:/home/tyler/mycobot_ROS2/moveit_tutorial_ws/install/moveit_msgs:/home/tyler/mycobot_ROS2/moveit_tutorial_ws/install/moveit_common:${AMENT_PREFIX_PATH} CMAKE_PREFIX_PATH=/home/tyler/mycobot_ROS2/moveit_tutorial_ws/install/moveit_ros_visualization:/home/tyler/mycobot_ROS2/moveit_tutorial_ws/install/moveit_ros_planning_interface:/home/tyler/mycobot_ROS2/moveit_tutorial_ws/install/moveit_ros_move_group:/home/tyler/mycobot_ROS2/moveit_tutorial_ws/install/moveit_ros_warehouse:/home/tyler/mycobot_ROS2/moveit_tutorial_ws/install/moveit_ros_robot_interaction:/home/tyler/mycobot_ROS2/moveit_tutorial_ws/install/moveit_kinematics:/home/tyler/mycobot_ROS2/moveit_tutorial_ws/install/moveit_ros_planning:/home/tyler/mycobot_ROS2/moveit_tutorial_ws/install/moveit_ros_occupancy_map_monitor:/home/tyler/mycobot_ROS2/moveit_tutorial_ws/install/moveit_core:/home/tyler/mycobot_ROS2/moveit_tutorial_ws/install/moveit_msgs:/home/tyler/mycobot_ROS2/moveit_tutorial_ws/install/moveit_common:/home/tyler/mycobot_ROS2/colcon_ws/install/mypalletizer_interfaces:/home/tyler/mycobot_ROS2/colcon_ws/install/mycobot_interfaces:/home/tyler/mycobot_ROS2/colcon_ws/install/mecharm_interfaces:/home/tyler/mycobot_ROS2/colcon_ws/install/ultraarm:/home/tyler/mycobot_ROS2/colcon_ws/install/mypalletizer_260_pi:/home/tyler/mycobot_ROS2/colcon_ws/install/mypalletizer_260:/home/tyler/mycobot_ROS2/colcon_ws/install/mypalletizer_communication:/home/tyler/mycobot_ROS2/colcon_ws/install/mycobot_320pi:/home/tyler/mycobot_ROS2/colcon_ws/install/mycobot_320:/home/tyler/mycobot_ROS2/colcon_ws/install/mycobot_280pi:/home/tyler/mycobot_ROS2/colcon_ws/install/mycobot_280jn:/home/tyler/mycobot_ROS2/colcon_ws/install/mycobot_280_x3pi:/home/tyler/mycobot_ROS2/colcon_ws/install/mycobot_280:/home/tyler/mycobot_ROS2/colcon_ws/install/myarm_300:/home/tyler/mycobot_ROS2/colcon_ws/install/mycobot_communication:/home/tyler/mycobot_ROS2/colcon_ws/install/mecharm_pi:/home/tyler/mycobot_ROS2/colcon_ws/install/mecharm:/home/tyler/mycobot_ROS2/colcon_ws/install/mecharm_communication:/home/tyler/mycobot_ROS2/colcon_ws/install/mybuddy:/home/tyler/mycobot_ROS2/colcon_ws/install/mycobot_description:/opt/ros/humble LD_LIBRARY_PATH=/home/tyler/mycobot_ROS2/moveit_tutorial_ws/install/moveit_ros_visualization/lib:/home/tyler/mycobot_ROS2/moveit_tutorial_ws/install/moveit_ros_planning_interface/lib:/home/tyler/mycobot_ROS2/moveit_tutorial_ws/install/moveit_ros_move_group/lib:/home/tyler/mycobot_ROS2/moveit_tutorial_ws/install/moveit_ros_warehouse/lib:/home/tyler/mycobot_ROS2/moveit_tutorial_ws/install/moveit_ros_robot_interaction/lib:/home/tyler/mycobot_ROS2/moveit_tutorial_ws/install/moveit_kinematics/lib:/home/tyler/mycobot_ROS2/moveit_tutorial_ws/install/moveit_ros_planning/lib:/home/tyler/mycobot_ROS2/moveit_tutorial_ws/install/moveit_ros_occupancy_map_monitor/lib:/home/tyler/mycobot_ROS2/moveit_tutorial_ws/install/moveit_core/lib:/home/tyler/mycobot_ROS2/moveit_tutorial_ws/install/moveit_msgs/lib:${LD_LIBRARY_PATH} MYSQL_PS1=(\u@\h) [\d]> PATH=/home/tyler/mycobot_ROS2/moveit_tutorial_ws/install/moveit_core/bin:${PATH} PYTHONPATH=/home/tyler/mycobot_ROS2/moveit_tutorial_ws/install/moveit_msgs/local/lib/python3.10/dist-packages:${PYTHONPATH} /usr/bin/cmake --build /home/tyler/mycobot_ROS2/moveit_tutorial_ws/build/moveit_setup_framework -- -j16 -l16
[10.371s] [ 15%] [34m[1mGenerating include/moveit_setup_framework/qt/moc_double_list_widget.cpp[0m
[10.371s] [ 15%] [34m[1mGenerating include/moveit_setup_framework/qt/moc_setup_step_widget.cpp[0m
[10.371s] [ 15%] [34m[1mGenerating include/moveit_setup_framework/qt/moc_rviz_panel.cpp[0m
[10.371s] [ 21%] [34m[1mGenerating include/moveit_setup_framework/qt/moc_helper_widgets.cpp[0m
[10.418s] [ 31%] [32mBuilding CXX object CMakeFiles/moveit_setup_framework.dir/src/double_list_widget.cpp.o[0m
[10.419s] [ 31%] [32mBuilding CXX object CMakeFiles/moveit_setup_framework.dir/src/helper_widgets.cpp.o[0m
[10.419s] [ 42%] [32mBuilding CXX object CMakeFiles/moveit_setup_framework.dir/src/urdf_config.cpp.o[0m
[10.420s] [ 42%] [32mBuilding CXX object CMakeFiles/moveit_setup_framework.dir/src/package_settings_config.cpp.o[0m
[10.421s] [ 47%] [32mBuilding CXX object CMakeFiles/moveit_setup_framework.dir/src/rviz_panel.cpp.o[0m
[10.421s] [ 52%] [32mBuilding CXX object CMakeFiles/moveit_setup_framework.dir/src/srdf_config.cpp.o[0m
[10.422s] [ 57%] [32mBuilding CXX object CMakeFiles/moveit_setup_framework.dir/src/data_warehouse.cpp.o[0m
[10.424s] [ 63%] [32mBuilding CXX object CMakeFiles/moveit_setup_framework.dir/src/templates.cpp.o[0m
[10.425s] [ 68%] [32mBuilding CXX object CMakeFiles/moveit_setup_framework.dir/include/moveit_setup_framework/qt/moc_setup_step_widget.cpp.o[0m
[10.425s] [ 73%] [32mBuilding CXX object CMakeFiles/moveit_setup_framework.dir/include/moveit_setup_framework/qt/moc_helper_widgets.cpp.o[0m
[10.425s] [ 78%] [32mBuilding CXX object CMakeFiles/moveit_setup_framework.dir/src/utilities.cpp.o[0m
[10.427s] [ 84%] [32mBuilding CXX object CMakeFiles/moveit_setup_framework.dir/include/moveit_setup_framework/qt/moc_double_list_widget.cpp.o[0m
[10.428s] [ 89%] [32mBuilding CXX object CMakeFiles/moveit_setup_framework.dir/src/xml_syntax_highlighter.cpp.o[0m
[10.428s] [ 94%] [32mBuilding CXX object CMakeFiles/moveit_setup_framework.dir/include/moveit_setup_framework/qt/moc_rviz_panel.cpp.o[0m
[38.930s] [100%] [32m[1mLinking CXX shared library libmoveit_setup_framework.so[0m
[41.969s] [100%] Built target moveit_setup_framework
[41.987s] Invoked command in '/home/tyler/mycobot_ROS2/moveit_tutorial_ws/build/moveit_setup_framework' returned '0': AMENT_PREFIX_PATH=/home/tyler/mycobot_ROS2/moveit_tutorial_ws/install/moveit_ros_visualization:/home/tyler/mycobot_ROS2/moveit_tutorial_ws/install/moveit_ros_planning_interface:/home/tyler/mycobot_ROS2/moveit_tutorial_ws/install/moveit_ros_move_group:/home/tyler/mycobot_ROS2/moveit_tutorial_ws/install/moveit_ros_warehouse:/home/tyler/mycobot_ROS2/moveit_tutorial_ws/install/moveit_ros_robot_interaction:/home/tyler/mycobot_ROS2/moveit_tutorial_ws/install/moveit_kinematics:/home/tyler/mycobot_ROS2/moveit_tutorial_ws/install/moveit_ros_planning:/home/tyler/mycobot_ROS2/moveit_tutorial_ws/install/moveit_ros_occupancy_map_monitor:/home/tyler/mycobot_ROS2/moveit_tutorial_ws/install/moveit_core:/home/tyler/mycobot_ROS2/moveit_tutorial_ws/install/moveit_msgs:/home/tyler/mycobot_ROS2/moveit_tutorial_ws/install/moveit_common:${AMENT_PREFIX_PATH} CMAKE_PREFIX_PATH=/home/tyler/mycobot_ROS2/moveit_tutorial_ws/install/moveit_ros_visualization:/home/tyler/mycobot_ROS2/moveit_tutorial_ws/install/moveit_ros_planning_interface:/home/tyler/mycobot_ROS2/moveit_tutorial_ws/install/moveit_ros_move_group:/home/tyler/mycobot_ROS2/moveit_tutorial_ws/install/moveit_ros_warehouse:/home/tyler/mycobot_ROS2/moveit_tutorial_ws/install/moveit_ros_robot_interaction:/home/tyler/mycobot_ROS2/moveit_tutorial_ws/install/moveit_kinematics:/home/tyler/mycobot_ROS2/moveit_tutorial_ws/install/moveit_ros_planning:/home/tyler/mycobot_ROS2/moveit_tutorial_ws/install/moveit_ros_occupancy_map_monitor:/home/tyler/mycobot_ROS2/moveit_tutorial_ws/install/moveit_core:/home/tyler/mycobot_ROS2/moveit_tutorial_ws/install/moveit_msgs:/home/tyler/mycobot_ROS2/moveit_tutorial_ws/install/moveit_common:/home/tyler/mycobot_ROS2/colcon_ws/install/mypalletizer_interfaces:/home/tyler/mycobot_ROS2/colcon_ws/install/mycobot_interfaces:/home/tyler/mycobot_ROS2/colcon_ws/install/mecharm_interfaces:/home/tyler/mycobot_ROS2/colcon_ws/install/ultraarm:/home/tyler/mycobot_ROS2/colcon_ws/install/mypalletizer_260_pi:/home/tyler/mycobot_ROS2/colcon_ws/install/mypalletizer_260:/home/tyler/mycobot_ROS2/colcon_ws/install/mypalletizer_communication:/home/tyler/mycobot_ROS2/colcon_ws/install/mycobot_320pi:/home/tyler/mycobot_ROS2/colcon_ws/install/mycobot_320:/home/tyler/mycobot_ROS2/colcon_ws/install/mycobot_280pi:/home/tyler/mycobot_ROS2/colcon_ws/install/mycobot_280jn:/home/tyler/mycobot_ROS2/colcon_ws/install/mycobot_280_x3pi:/home/tyler/mycobot_ROS2/colcon_ws/install/mycobot_280:/home/tyler/mycobot_ROS2/colcon_ws/install/myarm_300:/home/tyler/mycobot_ROS2/colcon_ws/install/mycobot_communication:/home/tyler/mycobot_ROS2/colcon_ws/install/mecharm_pi:/home/tyler/mycobot_ROS2/colcon_ws/install/mecharm:/home/tyler/mycobot_ROS2/colcon_ws/install/mecharm_communication:/home/tyler/mycobot_ROS2/colcon_ws/install/mybuddy:/home/tyler/mycobot_ROS2/colcon_ws/install/mycobot_description:/opt/ros/humble LD_LIBRARY_PATH=/home/tyler/mycobot_ROS2/moveit_tutorial_ws/install/moveit_ros_visualization/lib:/home/tyler/mycobot_ROS2/moveit_tutorial_ws/install/moveit_ros_planning_interface/lib:/home/tyler/mycobot_ROS2/moveit_tutorial_ws/install/moveit_ros_move_group/lib:/home/tyler/mycobot_ROS2/moveit_tutorial_ws/install/moveit_ros_warehouse/lib:/home/tyler/mycobot_ROS2/moveit_tutorial_ws/install/moveit_ros_robot_interaction/lib:/home/tyler/mycobot_ROS2/moveit_tutorial_ws/install/moveit_kinematics/lib:/home/tyler/mycobot_ROS2/moveit_tutorial_ws/install/moveit_ros_planning/lib:/home/tyler/mycobot_ROS2/moveit_tutorial_ws/install/moveit_ros_occupancy_map_monitor/lib:/home/tyler/mycobot_ROS2/moveit_tutorial_ws/install/moveit_core/lib:/home/tyler/mycobot_ROS2/moveit_tutorial_ws/install/moveit_msgs/lib:${LD_LIBRARY_PATH} MYSQL_PS1=(\u@\h) [\d]> PATH=/home/tyler/mycobot_ROS2/moveit_tutorial_ws/install/moveit_core/bin:${PATH} PYTHONPATH=/home/tyler/mycobot_ROS2/moveit_tutorial_ws/install/moveit_msgs/local/lib/python3.10/dist-packages:${PYTHONPATH} /usr/bin/cmake --build /home/tyler/mycobot_ROS2/moveit_tutorial_ws/build/moveit_setup_framework -- -j16 -l16
[42.059s] Invoking command in '/home/tyler/mycobot_ROS2/moveit_tutorial_ws/build/moveit_setup_framework': AMENT_PREFIX_PATH=/home/tyler/mycobot_ROS2/moveit_tutorial_ws/install/moveit_ros_visualization:/home/tyler/mycobot_ROS2/moveit_tutorial_ws/install/moveit_ros_planning_interface:/home/tyler/mycobot_ROS2/moveit_tutorial_ws/install/moveit_ros_move_group:/home/tyler/mycobot_ROS2/moveit_tutorial_ws/install/moveit_ros_warehouse:/home/tyler/mycobot_ROS2/moveit_tutorial_ws/install/moveit_ros_robot_interaction:/home/tyler/mycobot_ROS2/moveit_tutorial_ws/install/moveit_kinematics:/home/tyler/mycobot_ROS2/moveit_tutorial_ws/install/moveit_ros_planning:/home/tyler/mycobot_ROS2/moveit_tutorial_ws/install/moveit_ros_occupancy_map_monitor:/home/tyler/mycobot_ROS2/moveit_tutorial_ws/install/moveit_core:/home/tyler/mycobot_ROS2/moveit_tutorial_ws/install/moveit_msgs:/home/tyler/mycobot_ROS2/moveit_tutorial_ws/install/moveit_common:${AMENT_PREFIX_PATH} CMAKE_PREFIX_PATH=/home/tyler/mycobot_ROS2/moveit_tutorial_ws/install/moveit_ros_visualization:/home/tyler/mycobot_ROS2/moveit_tutorial_ws/install/moveit_ros_planning_interface:/home/tyler/mycobot_ROS2/moveit_tutorial_ws/install/moveit_ros_move_group:/home/tyler/mycobot_ROS2/moveit_tutorial_ws/install/moveit_ros_warehouse:/home/tyler/mycobot_ROS2/moveit_tutorial_ws/install/moveit_ros_robot_interaction:/home/tyler/mycobot_ROS2/moveit_tutorial_ws/install/moveit_kinematics:/home/tyler/mycobot_ROS2/moveit_tutorial_ws/install/moveit_ros_planning:/home/tyler/mycobot_ROS2/moveit_tutorial_ws/install/moveit_ros_occupancy_map_monitor:/home/tyler/mycobot_ROS2/moveit_tutorial_ws/install/moveit_core:/home/tyler/mycobot_ROS2/moveit_tutorial_ws/install/moveit_msgs:/home/tyler/mycobot_ROS2/moveit_tutorial_ws/install/moveit_common:/home/tyler/mycobot_ROS2/colcon_ws/install/mypalletizer_interfaces:/home/tyler/mycobot_ROS2/colcon_ws/install/mycobot_interfaces:/home/tyler/mycobot_ROS2/colcon_ws/install/mecharm_interfaces:/home/tyler/mycobot_ROS2/colcon_ws/install/ultraarm:/home/tyler/mycobot_ROS2/colcon_ws/install/mypalletizer_260_pi:/home/tyler/mycobot_ROS2/colcon_ws/install/mypalletizer_260:/home/tyler/mycobot_ROS2/colcon_ws/install/mypalletizer_communication:/home/tyler/mycobot_ROS2/colcon_ws/install/mycobot_320pi:/home/tyler/mycobot_ROS2/colcon_ws/install/mycobot_320:/home/tyler/mycobot_ROS2/colcon_ws/install/mycobot_280pi:/home/tyler/mycobot_ROS2/colcon_ws/install/mycobot_280jn:/home/tyler/mycobot_ROS2/colcon_ws/install/mycobot_280_x3pi:/home/tyler/mycobot_ROS2/colcon_ws/install/mycobot_280:/home/tyler/mycobot_ROS2/colcon_ws/install/myarm_300:/home/tyler/mycobot_ROS2/colcon_ws/install/mycobot_communication:/home/tyler/mycobot_ROS2/colcon_ws/install/mecharm_pi:/home/tyler/mycobot_ROS2/colcon_ws/install/mecharm:/home/tyler/mycobot_ROS2/colcon_ws/install/mecharm_communication:/home/tyler/mycobot_ROS2/colcon_ws/install/mybuddy:/home/tyler/mycobot_ROS2/colcon_ws/install/mycobot_description:/opt/ros/humble LD_LIBRARY_PATH=/home/tyler/mycobot_ROS2/moveit_tutorial_ws/install/moveit_ros_visualization/lib:/home/tyler/mycobot_ROS2/moveit_tutorial_ws/install/moveit_ros_planning_interface/lib:/home/tyler/mycobot_ROS2/moveit_tutorial_ws/install/moveit_ros_move_group/lib:/home/tyler/mycobot_ROS2/moveit_tutorial_ws/install/moveit_ros_warehouse/lib:/home/tyler/mycobot_ROS2/moveit_tutorial_ws/install/moveit_ros_robot_interaction/lib:/home/tyler/mycobot_ROS2/moveit_tutorial_ws/install/moveit_kinematics/lib:/home/tyler/mycobot_ROS2/moveit_tutorial_ws/install/moveit_ros_planning/lib:/home/tyler/mycobot_ROS2/moveit_tutorial_ws/install/moveit_ros_occupancy_map_monitor/lib:/home/tyler/mycobot_ROS2/moveit_tutorial_ws/install/moveit_core/lib:/home/tyler/mycobot_ROS2/moveit_tutorial_ws/install/moveit_msgs/lib:${LD_LIBRARY_PATH} MYSQL_PS1=(\u@\h) [\d]> PATH=/home/tyler/mycobot_ROS2/moveit_tutorial_ws/install/moveit_core/bin:${PATH} PYTHONPATH=/home/tyler/mycobot_ROS2/moveit_tutorial_ws/install/moveit_msgs/local/lib/python3.10/dist-packages:${PYTHONPATH} /usr/bin/cmake --install /home/tyler/mycobot_ROS2/moveit_tutorial_ws/build/moveit_setup_framework
[42.070s] -- Install configuration: "Release"
[42.070s] -- Installing: /home/tyler/mycobot_ROS2/moveit_tutorial_ws/install/moveit_setup_framework/include/moveit_setup_framework
[42.070s] -- Installing: /home/tyler/mycobot_ROS2/moveit_tutorial_ws/install/moveit_setup_framework/include/moveit_setup_framework/moveit_setup_framework
[42.071s] -- Installing: /home/tyler/mycobot_ROS2/moveit_tutorial_ws/install/moveit_setup_framework/include/moveit_setup_framework/moveit_setup_framework/utilities.hpp
[42.071s] -- Installing: /home/tyler/mycobot_ROS2/moveit_tutorial_ws/install/moveit_setup_framework/include/moveit_setup_framework/moveit_setup_framework/generated_time.hpp
[42.071s] -- Installing: /home/tyler/mycobot_ROS2/moveit_tutorial_ws/install/moveit_setup_framework/include/moveit_setup_framework/moveit_setup_framework/data_warehouse.hpp
[42.071s] -- Installing: /home/tyler/mycobot_ROS2/moveit_tutorial_ws/install/moveit_setup_framework/include/moveit_setup_framework/moveit_setup_framework/qt
[42.071s] -- Installing: /home/tyler/mycobot_ROS2/moveit_tutorial_ws/install/moveit_setup_framework/include/moveit_setup_framework/moveit_setup_framework/qt/rviz_panel.hpp
[42.071s] -- Installing: /home/tyler/mycobot_ROS2/moveit_tutorial_ws/install/moveit_setup_framework/include/moveit_setup_framework/moveit_setup_framework/qt/helper_widgets.hpp
[42.071s] -- Installing: /home/tyler/mycobot_ROS2/moveit_tutorial_ws/install/moveit_setup_framework/include/moveit_setup_framework/moveit_setup_framework/qt/setup_step_widget.hpp
[42.072s] -- Installing: /home/tyler/mycobot_ROS2/moveit_tutorial_ws/install/moveit_setup_framework/include/moveit_setup_framework/moveit_setup_framework/qt/xml_syntax_highlighter.hpp
[42.072s] -- Installing: /home/tyler/mycobot_ROS2/moveit_tutorial_ws/install/moveit_setup_framework/include/moveit_setup_framework/moveit_setup_framework/qt/double_list_widget.hpp
[42.072s] -- Installing: /home/tyler/mycobot_ROS2/moveit_tutorial_ws/install/moveit_setup_framework/include/moveit_setup_framework/moveit_setup_framework/generated_file.hpp
[42.072s] -- Installing: /home/tyler/mycobot_ROS2/moveit_tutorial_ws/install/moveit_setup_framework/include/moveit_setup_framework/moveit_setup_framework/testing_utils.hpp
[42.072s] -- Installing: /home/tyler/mycobot_ROS2/moveit_tutorial_ws/install/moveit_setup_framework/include/moveit_setup_framework/moveit_setup_framework/setup_step.hpp
[42.072s] -- Installing: /home/tyler/mycobot_ROS2/moveit_tutorial_ws/install/moveit_setup_framework/include/moveit_setup_framework/moveit_setup_framework/templates.hpp
[42.072s] -- Installing: /home/tyler/mycobot_ROS2/moveit_tutorial_ws/install/moveit_setup_framework/include/moveit_setup_framework/moveit_setup_framework/config.hpp
[42.072s] -- Installing: /home/tyler/mycobot_ROS2/moveit_tutorial_ws/install/moveit_setup_framework/include/moveit_setup_framework/moveit_setup_framework/data
[42.073s] -- Installing: /home/tyler/mycobot_ROS2/moveit_tutorial_ws/install/moveit_setup_framework/include/moveit_setup_framework/moveit_setup_framework/data/package_settings_config.hpp
[42.073s] -- Installing: /home/tyler/mycobot_ROS2/moveit_tutorial_ws/install/moveit_setup_framework/include/moveit_setup_framework/moveit_setup_framework/data/srdf_config.hpp
[42.073s] -- Installing: /home/tyler/mycobot_ROS2/moveit_tutorial_ws/install/moveit_setup_framework/include/moveit_setup_framework/moveit_setup_framework/data/urdf_config.hpp
[42.073s] -- Installing: /home/tyler/mycobot_ROS2/moveit_tutorial_ws/install/moveit_setup_framework/share/moveit_setup_framework/moveit_setup_framework_plugins.xml
[42.073s] -- Installing: /home/tyler/mycobot_ROS2/moveit_tutorial_ws/install/moveit_setup_framework/share/moveit_setup_framework/templates
[42.073s] -- Installing: /home/tyler/mycobot_ROS2/moveit_tutorial_ws/install/moveit_setup_framework/share/moveit_setup_framework/templates/package.xml.template
[42.074s] -- Installing: /home/tyler/mycobot_ROS2/moveit_tutorial_ws/install/moveit_setup_framework/share/moveit_setup_framework/templates/config
[42.074s] -- Installing: /home/tyler/mycobot_ROS2/moveit_tutorial_ws/install/moveit_setup_framework/share/moveit_setup_framework/templates/config/pilz_cartesian_limits.yaml
[42.074s] -- Installing: /home/tyler/mycobot_ROS2/moveit_tutorial_ws/install/moveit_setup_framework/share/moveit_setup_framework/templates/CMakeLists.txt
[42.074s] -- Installing: /home/tyler/mycobot_ROS2/moveit_tutorial_ws/install/moveit_setup_framework/share/moveit_setup_framework/environment/library_path.sh
[42.074s] -- Installing: /home/tyler/mycobot_ROS2/moveit_tutorial_ws/install/moveit_setup_framework/share/moveit_setup_framework/environment/library_path.dsv
[42.074s] -- Installing: /home/tyler/mycobot_ROS2/moveit_tutorial_ws/install/moveit_setup_framework/lib/libmoveit_setup_framework.so
[42.075s] -- Set runtime path of "/home/tyler/mycobot_ROS2/moveit_tutorial_ws/install/moveit_setup_framework/lib/libmoveit_setup_framework.so" to ""
[42.075s] -- Up-to-date: /home/tyler/mycobot_ROS2/moveit_tutorial_ws/install/moveit_setup_framework/share/moveit_setup_framework/moveit_setup_framework_plugins.xml
[42.075s] -- Installing: /home/tyler/mycobot_ROS2/moveit_tutorial_ws/install/moveit_setup_framework/share/ament_index/resource_index/package_run_dependencies/moveit_setup_framework
[42.076s] -- Installing: /home/tyler/mycobot_ROS2/moveit_tutorial_ws/install/moveit_setup_framework/share/ament_index/resource_index/parent_prefix_path/moveit_setup_framework
[42.076s] -- Installing: /home/tyler/mycobot_ROS2/moveit_tutorial_ws/install/moveit_setup_framework/share/moveit_setup_framework/environment/ament_prefix_path.sh
[42.076s] -- Installing: /home/tyler/mycobot_ROS2/moveit_tutorial_ws/install/moveit_setup_framework/share/moveit_setup_framework/environment/ament_prefix_path.dsv
[42.076s] -- Installing: /home/tyler/mycobot_ROS2/moveit_tutorial_ws/install/moveit_setup_framework/share/moveit_setup_framework/environment/path.sh
[42.076s] -- Installing: /home/tyler/mycobot_ROS2/moveit_tutorial_ws/install/moveit_setup_framework/share/moveit_setup_framework/environment/path.dsv
[42.076s] -- Installing: /home/tyler/mycobot_ROS2/moveit_tutorial_ws/install/moveit_setup_framework/share/moveit_setup_framework/local_setup.bash
[42.076s] -- Installing: /home/tyler/mycobot_ROS2/moveit_tutorial_ws/install/moveit_setup_framework/share/moveit_setup_framework/local_setup.sh
[42.076s] -- Installing: /home/tyler/mycobot_ROS2/moveit_tutorial_ws/install/moveit_setup_framework/share/moveit_setup_framework/local_setup.zsh
[42.076s] -- Installing: /home/tyler/mycobot_ROS2/moveit_tutorial_ws/install/moveit_setup_framework/share/moveit_setup_framework/local_setup.dsv
[42.077s] -- Installing: /home/tyler/mycobot_ROS2/moveit_tutorial_ws/install/moveit_setup_framework/share/moveit_setup_framework/package.dsv
[42.077s] -- Installing: /home/tyler/mycobot_ROS2/moveit_tutorial_ws/install/moveit_setup_framework/share/ament_index/resource_index/packages/moveit_setup_framework
[42.077s] -- Installing: /home/tyler/mycobot_ROS2/moveit_tutorial_ws/install/moveit_setup_framework/share/ament_index/resource_index/moveit_setup_framework__pluginlib__plugin/moveit_setup_framework
[42.077s] -- Installing: /home/tyler/mycobot_ROS2/moveit_tutorial_ws/install/moveit_setup_framework/share/moveit_setup_framework/cmake/moveit_setup_frameworkTargetsExport.cmake
[42.077s] -- Installing: /home/tyler/mycobot_ROS2/moveit_tutorial_ws/install/moveit_setup_framework/share/moveit_setup_framework/cmake/moveit_setup_frameworkTargetsExport-release.cmake
[42.077s] -- Installing: /home/tyler/mycobot_ROS2/moveit_tutorial_ws/install/moveit_setup_framework/share/moveit_setup_framework/cmake/ament_cmake_export_targets-extras.cmake
[42.077s] -- Installing: /home/tyler/mycobot_ROS2/moveit_tutorial_ws/install/moveit_setup_framework/share/moveit_setup_framework/cmake/ament_cmake_export_dependencies-extras.cmake
[42.077s] -- Installing: /home/tyler/mycobot_ROS2/moveit_tutorial_ws/install/moveit_setup_framework/share/moveit_setup_framework/cmake/moveit_setup_frameworkConfig.cmake
[42.078s] -- Installing: /home/tyler/mycobot_ROS2/moveit_tutorial_ws/install/moveit_setup_framework/share/moveit_setup_framework/cmake/moveit_setup_frameworkConfig-version.cmake
[42.078s] -- Installing: /home/tyler/mycobot_ROS2/moveit_tutorial_ws/install/moveit_setup_framework/share/moveit_setup_framework/package.xml
[42.081s] Invoked command in '/home/tyler/mycobot_ROS2/moveit_tutorial_ws/build/moveit_setup_framework' returned '0': AMENT_PREFIX_PATH=/home/tyler/mycobot_ROS2/moveit_tutorial_ws/install/moveit_ros_visualization:/home/tyler/mycobot_ROS2/moveit_tutorial_ws/install/moveit_ros_planning_interface:/home/tyler/mycobot_ROS2/moveit_tutorial_ws/install/moveit_ros_move_group:/home/tyler/mycobot_ROS2/moveit_tutorial_ws/install/moveit_ros_warehouse:/home/tyler/mycobot_ROS2/moveit_tutorial_ws/install/moveit_ros_robot_interaction:/home/tyler/mycobot_ROS2/moveit_tutorial_ws/install/moveit_kinematics:/home/tyler/mycobot_ROS2/moveit_tutorial_ws/install/moveit_ros_planning:/home/tyler/mycobot_ROS2/moveit_tutorial_ws/install/moveit_ros_occupancy_map_monitor:/home/tyler/mycobot_ROS2/moveit_tutorial_ws/install/moveit_core:/home/tyler/mycobot_ROS2/moveit_tutorial_ws/install/moveit_msgs:/home/tyler/mycobot_ROS2/moveit_tutorial_ws/install/moveit_common:${AMENT_PREFIX_PATH} CMAKE_PREFIX_PATH=/home/tyler/mycobot_ROS2/moveit_tutorial_ws/install/moveit_ros_visualization:/home/tyler/mycobot_ROS2/moveit_tutorial_ws/install/moveit_ros_planning_interface:/home/tyler/mycobot_ROS2/moveit_tutorial_ws/install/moveit_ros_move_group:/home/tyler/mycobot_ROS2/moveit_tutorial_ws/install/moveit_ros_warehouse:/home/tyler/mycobot_ROS2/moveit_tutorial_ws/install/moveit_ros_robot_interaction:/home/tyler/mycobot_ROS2/moveit_tutorial_ws/install/moveit_kinematics:/home/tyler/mycobot_ROS2/moveit_tutorial_ws/install/moveit_ros_planning:/home/tyler/mycobot_ROS2/moveit_tutorial_ws/install/moveit_ros_occupancy_map_monitor:/home/tyler/mycobot_ROS2/moveit_tutorial_ws/install/moveit_core:/home/tyler/mycobot_ROS2/moveit_tutorial_ws/install/moveit_msgs:/home/tyler/mycobot_ROS2/moveit_tutorial_ws/install/moveit_common:/home/tyler/mycobot_ROS2/colcon_ws/install/mypalletizer_interfaces:/home/tyler/mycobot_ROS2/colcon_ws/install/mycobot_interfaces:/home/tyler/mycobot_ROS2/colcon_ws/install/mecharm_interfaces:/home/tyler/mycobot_ROS2/colcon_ws/install/ultraarm:/home/tyler/mycobot_ROS2/colcon_ws/install/mypalletizer_260_pi:/home/tyler/mycobot_ROS2/colcon_ws/install/mypalletizer_260:/home/tyler/mycobot_ROS2/colcon_ws/install/mypalletizer_communication:/home/tyler/mycobot_ROS2/colcon_ws/install/mycobot_320pi:/home/tyler/mycobot_ROS2/colcon_ws/install/mycobot_320:/home/tyler/mycobot_ROS2/colcon_ws/install/mycobot_280pi:/home/tyler/mycobot_ROS2/colcon_ws/install/mycobot_280jn:/home/tyler/mycobot_ROS2/colcon_ws/install/mycobot_280_x3pi:/home/tyler/mycobot_ROS2/colcon_ws/install/mycobot_280:/home/tyler/mycobot_ROS2/colcon_ws/install/myarm_300:/home/tyler/mycobot_ROS2/colcon_ws/install/mycobot_communication:/home/tyler/mycobot_ROS2/colcon_ws/install/mecharm_pi:/home/tyler/mycobot_ROS2/colcon_ws/install/mecharm:/home/tyler/mycobot_ROS2/colcon_ws/install/mecharm_communication:/home/tyler/mycobot_ROS2/colcon_ws/install/mybuddy:/home/tyler/mycobot_ROS2/colcon_ws/install/mycobot_description:/opt/ros/humble LD_LIBRARY_PATH=/home/tyler/mycobot_ROS2/moveit_tutorial_ws/install/moveit_ros_visualization/lib:/home/tyler/mycobot_ROS2/moveit_tutorial_ws/install/moveit_ros_planning_interface/lib:/home/tyler/mycobot_ROS2/moveit_tutorial_ws/install/moveit_ros_move_group/lib:/home/tyler/mycobot_ROS2/moveit_tutorial_ws/install/moveit_ros_warehouse/lib:/home/tyler/mycobot_ROS2/moveit_tutorial_ws/install/moveit_ros_robot_interaction/lib:/home/tyler/mycobot_ROS2/moveit_tutorial_ws/install/moveit_kinematics/lib:/home/tyler/mycobot_ROS2/moveit_tutorial_ws/install/moveit_ros_planning/lib:/home/tyler/mycobot_ROS2/moveit_tutorial_ws/install/moveit_ros_occupancy_map_monitor/lib:/home/tyler/mycobot_ROS2/moveit_tutorial_ws/install/moveit_core/lib:/home/tyler/mycobot_ROS2/moveit_tutorial_ws/install/moveit_msgs/lib:${LD_LIBRARY_PATH} MYSQL_PS1=(\u@\h) [\d]> PATH=/home/tyler/mycobot_ROS2/moveit_tutorial_ws/install/moveit_core/bin:${PATH} PYTHONPATH=/home/tyler/mycobot_ROS2/moveit_tutorial_ws/install/moveit_msgs/local/lib/python3.10/dist-packages:${PYTHONPATH} /usr/bin/cmake --install /home/tyler/mycobot_ROS2/moveit_tutorial_ws/build/moveit_setup_framework
