/usr/lib/python3/dist-packages/setuptools/dist.py:723: UserWarning: Usage of dash-separated 'script-dir' will not be supported in future versions. Please use the underscore name 'script_dir' instead
  warnings.warn(
running develop
/usr/lib/python3/dist-packages/setuptools/command/easy_install.py:158: EasyInstallDeprecationWarning: easy_install command is deprecated. Use build and pip and other standards-based tools.
  warnings.warn(
/usr/lib/python3/dist-packages/setuptools/command/install.py:34: SetuptoolsDeprecationWarning: setup.py install is deprecated. Use build and pip and other standards-based tools.
  warnings.warn(
running egg_info
creating myarm_300.egg-info
writing myarm_300.egg-info/PKG-INFO
writing dependency_links to myarm_300.egg-info/dependency_links.txt
writing entry points to myarm_300.egg-info/entry_points.txt
writing requirements to myarm_300.egg-info/requires.txt
writing top-level names to myarm_300.egg-info/top_level.txt
writing manifest file 'myarm_300.egg-info/SOURCES.txt'
reading manifest file 'myarm_300.egg-info/SOURCES.txt'
writing manifest file 'myarm_300.egg-info/SOURCES.txt'
running build_ext
Creating /home/tyler/colcon_ws/install/myarm_300/lib/python3.10/site-packages/myarm-300.egg-link (link to .)
Installing follow_display script to /home/tyler/colcon_ws/install/myarm_300/lib/myarm_300
Installing simple_gui script to /home/tyler/colcon_ws/install/myarm_300/lib/myarm_300
Installing slider_control script to /home/tyler/colcon_ws/install/myarm_300/lib/myarm_300
Installing teleop_keyboard script to /home/tyler/colcon_ws/install/myarm_300/lib/myarm_300

Installed /home/tyler/colcon_ws/build/myarm_300
running install_data
creating /home/tyler/colcon_ws/install/myarm_300/share/ament_index
creating /home/tyler/colcon_ws/install/myarm_300/share/ament_index/resource_index
creating /home/tyler/colcon_ws/install/myarm_300/share/ament_index/resource_index/packages
copying resource/myarm_300 -> /home/tyler/colcon_ws/install/myarm_300/share/ament_index/resource_index/packages
copying package.xml -> /home/tyler/colcon_ws/install/myarm_300/share/myarm_300
creating /home/tyler/colcon_ws/install/myarm_300/share/myarm_300/launch
copying launch/teleop_keyboard.launch.py -> /home/tyler/colcon_ws/install/myarm_300/share/myarm_300/launch
copying launch/slider_control.launch.py -> /home/tyler/colcon_ws/install/myarm_300/share/myarm_300/launch
copying launch/test.launch.py -> /home/tyler/colcon_ws/install/myarm_300/share/myarm_300/launch
copying launch/simple_gui.launch.py -> /home/tyler/colcon_ws/install/myarm_300/share/myarm_300/launch
copying launch/mycobot_follow.launch.py -> /home/tyler/colcon_ws/install/myarm_300/share/myarm_300/launch
creating /home/tyler/colcon_ws/install/myarm_300/share/myarm_300/config
copying config/myarm_300.rviz -> /home/tyler/colcon_ws/install/myarm_300/share/myarm_300/config
