[0.119s] Invoking command in '/home/tyler/mycobot_ROS2/moveit_tutorial_ws/build/moveit_ros_planning': AMENT_PREFIX_PATH=/home/tyler/mycobot_ROS2/moveit_tutorial_ws/install/moveit_ros_occupancy_map_monitor:/home/tyler/mycobot_ROS2/moveit_tutorial_ws/install/moveit_core:/home/tyler/mycobot_ROS2/moveit_tutorial_ws/install/moveit_resources_panda_moveit_config:/home/tyler/mycobot_ROS2/moveit_tutorial_ws/install/moveit_resources_panda_description:/home/tyler/mycobot_ROS2/moveit_tutorial_ws/install/moveit_msgs:/home/tyler/mycobot_ROS2/moveit_tutorial_ws/install/moveit_common:${AMENT_PREFIX_PATH} CMAKE_PREFIX_PATH=/home/tyler/mycobot_ROS2/moveit_tutorial_ws/install/moveit_ros_occupancy_map_monitor:/home/tyler/mycobot_ROS2/moveit_tutorial_ws/install/moveit_core:/home/tyler/mycobot_ROS2/moveit_tutorial_ws/install/moveit_resources_panda_moveit_config:/home/tyler/mycobot_ROS2/moveit_tutorial_ws/install/moveit_resources_panda_description:/home/tyler/mycobot_ROS2/moveit_tutorial_ws/install/moveit_msgs:/home/tyler/mycobot_ROS2/moveit_tutorial_ws/install/moveit_common:/home/tyler/mycobot_ROS2/colcon_ws/install/mypalletizer_interfaces:/home/tyler/mycobot_ROS2/colcon_ws/install/mycobot_interfaces:/home/tyler/mycobot_ROS2/colcon_ws/install/mecharm_interfaces:/home/tyler/mycobot_ROS2/colcon_ws/install/ultraarm:/home/tyler/mycobot_ROS2/colcon_ws/install/mypalletizer_260_pi:/home/tyler/mycobot_ROS2/colcon_ws/install/mypalletizer_260:/home/tyler/mycobot_ROS2/colcon_ws/install/mypalletizer_communication:/home/tyler/mycobot_ROS2/colcon_ws/install/mycobot_320pi:/home/tyler/mycobot_ROS2/colcon_ws/install/mycobot_320:/home/tyler/mycobot_ROS2/colcon_ws/install/mycobot_280pi:/home/tyler/mycobot_ROS2/colcon_ws/install/mycobot_280jn:/home/tyler/mycobot_ROS2/colcon_ws/install/mycobot_280_x3pi:/home/tyler/mycobot_ROS2/colcon_ws/install/mycobot_280:/home/tyler/mycobot_ROS2/colcon_ws/install/myarm_300:/home/tyler/mycobot_ROS2/colcon_ws/install/mycobot_communication:/home/tyler/mycobot_ROS2/colcon_ws/install/mecharm_pi:/home/tyler/mycobot_ROS2/colcon_ws/install/mecharm:/home/tyler/mycobot_ROS2/colcon_ws/install/mecharm_communication:/home/tyler/mycobot_ROS2/colcon_ws/install/mybuddy:/home/tyler/mycobot_ROS2/colcon_ws/install/mycobot_description:/opt/ros/humble LD_LIBRARY_PATH=/home/tyler/mycobot_ROS2/moveit_tutorial_ws/install/moveit_ros_occupancy_map_monitor/lib:/home/tyler/mycobot_ROS2/moveit_tutorial_ws/install/moveit_core/lib:/home/tyler/mycobot_ROS2/moveit_tutorial_ws/install/moveit_msgs/lib:${LD_LIBRARY_PATH} MYSQL_PS1=(\u@\h) [\d]> PATH=/home/tyler/mycobot_ROS2/moveit_tutorial_ws/install/moveit_core/bin:${PATH} PYTHONPATH=/home/tyler/mycobot_ROS2/moveit_tutorial_ws/install/moveit_msgs/local/lib/python3.10/dist-packages:${PYTHONPATH} /usr/bin/cmake --build /home/tyler/mycobot_ROS2/moveit_tutorial_ws/build/moveit_ros_planning -- -j16 -l16
[0.217s] [  1%] Built target kinematics_parameters
[0.218s] [  2%] Built target planning_pipeline_parameters
[0.223s] [  4%] Built target default_plan_request_adapter_parameters
[0.226s] [  7%] Built target gmock_main
[0.230s] [ 14%] Built target moveit_rdf_loader
[0.230s] [ 16%] Built target gmock
[0.233s] [ 19%] Built target moveit_collision_plugin_loader
[0.238s] [ 22%] Built target moveit_list_planning_adapter_plugins
[0.283s] [ 25%] Built target moveit_planning_pipeline
[0.290s] [ 27%] Built target moveit_kinematics_plugin_loader
[0.291s] [ 30%] Built target moveit_constraint_sampler_manager_loader
[0.325s] [ 44%] Built target moveit_default_planning_request_adapter_plugins
[0.342s] [ 47%] Built target moveit_robot_model_loader
[0.350s] [ 54%] Built target moveit_planning_pipeline_interfaces
[0.394s] [ 57%] Built target moveit_print_planning_model_info
[0.422s] [ 66%] Built target moveit_planning_scene_monitor
[0.490s] [ 69%] Built target moveit_trajectory_execution_manager
[0.493s] [ 72%] Built target moveit_display_random_state
[0.500s] [ 75%] Built target moveit_print_planning_scene_info
[0.502s] [ 77%] Built target current_state_monitor_tests
[0.510s] [ 80%] Built target moveit_visualize_robot_collision_volume
[0.513s] [ 86%] Built target moveit_publish_scene_from_text
[0.514s] [ 86%] Built target trajectory_monitor_tests
[0.514s] [ 89%] Built target moveit_evaluate_collision_checking_speed
[0.514s] [ 92%] Built target demo_scene
[0.564s] [ 95%] Built target moveit_plan_execution
[0.566s] [100%] Built target moveit_cpp
[0.587s] Invoked command in '/home/tyler/mycobot_ROS2/moveit_tutorial_ws/build/moveit_ros_planning' returned '0': AMENT_PREFIX_PATH=/home/tyler/mycobot_ROS2/moveit_tutorial_ws/install/moveit_ros_occupancy_map_monitor:/home/tyler/mycobot_ROS2/moveit_tutorial_ws/install/moveit_core:/home/tyler/mycobot_ROS2/moveit_tutorial_ws/install/moveit_resources_panda_moveit_config:/home/tyler/mycobot_ROS2/moveit_tutorial_ws/install/moveit_resources_panda_description:/home/tyler/mycobot_ROS2/moveit_tutorial_ws/install/moveit_msgs:/home/tyler/mycobot_ROS2/moveit_tutorial_ws/install/moveit_common:${AMENT_PREFIX_PATH} CMAKE_PREFIX_PATH=/home/tyler/mycobot_ROS2/moveit_tutorial_ws/install/moveit_ros_occupancy_map_monitor:/home/tyler/mycobot_ROS2/moveit_tutorial_ws/install/moveit_core:/home/tyler/mycobot_ROS2/moveit_tutorial_ws/install/moveit_resources_panda_moveit_config:/home/tyler/mycobot_ROS2/moveit_tutorial_ws/install/moveit_resources_panda_description:/home/tyler/mycobot_ROS2/moveit_tutorial_ws/install/moveit_msgs:/home/tyler/mycobot_ROS2/moveit_tutorial_ws/install/moveit_common:/home/tyler/mycobot_ROS2/colcon_ws/install/mypalletizer_interfaces:/home/tyler/mycobot_ROS2/colcon_ws/install/mycobot_interfaces:/home/tyler/mycobot_ROS2/colcon_ws/install/mecharm_interfaces:/home/tyler/mycobot_ROS2/colcon_ws/install/ultraarm:/home/tyler/mycobot_ROS2/colcon_ws/install/mypalletizer_260_pi:/home/tyler/mycobot_ROS2/colcon_ws/install/mypalletizer_260:/home/tyler/mycobot_ROS2/colcon_ws/install/mypalletizer_communication:/home/tyler/mycobot_ROS2/colcon_ws/install/mycobot_320pi:/home/tyler/mycobot_ROS2/colcon_ws/install/mycobot_320:/home/tyler/mycobot_ROS2/colcon_ws/install/mycobot_280pi:/home/tyler/mycobot_ROS2/colcon_ws/install/mycobot_280jn:/home/tyler/mycobot_ROS2/colcon_ws/install/mycobot_280_x3pi:/home/tyler/mycobot_ROS2/colcon_ws/install/mycobot_280:/home/tyler/mycobot_ROS2/colcon_ws/install/myarm_300:/home/tyler/mycobot_ROS2/colcon_ws/install/mycobot_communication:/home/tyler/mycobot_ROS2/colcon_ws/install/mecharm_pi:/home/tyler/mycobot_ROS2/colcon_ws/install/mecharm:/home/tyler/mycobot_ROS2/colcon_ws/install/mecharm_communication:/home/tyler/mycobot_ROS2/colcon_ws/install/mybuddy:/home/tyler/mycobot_ROS2/colcon_ws/install/mycobot_description:/opt/ros/humble LD_LIBRARY_PATH=/home/tyler/mycobot_ROS2/moveit_tutorial_ws/install/moveit_ros_occupancy_map_monitor/lib:/home/tyler/mycobot_ROS2/moveit_tutorial_ws/install/moveit_core/lib:/home/tyler/mycobot_ROS2/moveit_tutorial_ws/install/moveit_msgs/lib:${LD_LIBRARY_PATH} MYSQL_PS1=(\u@\h) [\d]> PATH=/home/tyler/mycobot_ROS2/moveit_tutorial_ws/install/moveit_core/bin:${PATH} PYTHONPATH=/home/tyler/mycobot_ROS2/moveit_tutorial_ws/install/moveit_msgs/local/lib/python3.10/dist-packages:${PYTHONPATH} /usr/bin/cmake --build /home/tyler/mycobot_ROS2/moveit_tutorial_ws/build/moveit_ros_planning -- -j16 -l16
[0.662s] Invoking command in '/home/tyler/mycobot_ROS2/moveit_tutorial_ws/build/moveit_ros_planning': AMENT_PREFIX_PATH=/home/tyler/mycobot_ROS2/moveit_tutorial_ws/install/moveit_ros_occupancy_map_monitor:/home/tyler/mycobot_ROS2/moveit_tutorial_ws/install/moveit_core:/home/tyler/mycobot_ROS2/moveit_tutorial_ws/install/moveit_resources_panda_moveit_config:/home/tyler/mycobot_ROS2/moveit_tutorial_ws/install/moveit_resources_panda_description:/home/tyler/mycobot_ROS2/moveit_tutorial_ws/install/moveit_msgs:/home/tyler/mycobot_ROS2/moveit_tutorial_ws/install/moveit_common:${AMENT_PREFIX_PATH} CMAKE_PREFIX_PATH=/home/tyler/mycobot_ROS2/moveit_tutorial_ws/install/moveit_ros_occupancy_map_monitor:/home/tyler/mycobot_ROS2/moveit_tutorial_ws/install/moveit_core:/home/tyler/mycobot_ROS2/moveit_tutorial_ws/install/moveit_resources_panda_moveit_config:/home/tyler/mycobot_ROS2/moveit_tutorial_ws/install/moveit_resources_panda_description:/home/tyler/mycobot_ROS2/moveit_tutorial_ws/install/moveit_msgs:/home/tyler/mycobot_ROS2/moveit_tutorial_ws/install/moveit_common:/home/tyler/mycobot_ROS2/colcon_ws/install/mypalletizer_interfaces:/home/tyler/mycobot_ROS2/colcon_ws/install/mycobot_interfaces:/home/tyler/mycobot_ROS2/colcon_ws/install/mecharm_interfaces:/home/tyler/mycobot_ROS2/colcon_ws/install/ultraarm:/home/tyler/mycobot_ROS2/colcon_ws/install/mypalletizer_260_pi:/home/tyler/mycobot_ROS2/colcon_ws/install/mypalletizer_260:/home/tyler/mycobot_ROS2/colcon_ws/install/mypalletizer_communication:/home/tyler/mycobot_ROS2/colcon_ws/install/mycobot_320pi:/home/tyler/mycobot_ROS2/colcon_ws/install/mycobot_320:/home/tyler/mycobot_ROS2/colcon_ws/install/mycobot_280pi:/home/tyler/mycobot_ROS2/colcon_ws/install/mycobot_280jn:/home/tyler/mycobot_ROS2/colcon_ws/install/mycobot_280_x3pi:/home/tyler/mycobot_ROS2/colcon_ws/install/mycobot_280:/home/tyler/mycobot_ROS2/colcon_ws/install/myarm_300:/home/tyler/mycobot_ROS2/colcon_ws/install/mycobot_communication:/home/tyler/mycobot_ROS2/colcon_ws/install/mecharm_pi:/home/tyler/mycobot_ROS2/colcon_ws/install/mecharm:/home/tyler/mycobot_ROS2/colcon_ws/install/mecharm_communication:/home/tyler/mycobot_ROS2/colcon_ws/install/mybuddy:/home/tyler/mycobot_ROS2/colcon_ws/install/mycobot_description:/opt/ros/humble LD_LIBRARY_PATH=/home/tyler/mycobot_ROS2/moveit_tutorial_ws/install/moveit_ros_occupancy_map_monitor/lib:/home/tyler/mycobot_ROS2/moveit_tutorial_ws/install/moveit_core/lib:/home/tyler/mycobot_ROS2/moveit_tutorial_ws/install/moveit_msgs/lib:${LD_LIBRARY_PATH} MYSQL_PS1=(\u@\h) [\d]> PATH=/home/tyler/mycobot_ROS2/moveit_tutorial_ws/install/moveit_core/bin:${PATH} PYTHONPATH=/home/tyler/mycobot_ROS2/moveit_tutorial_ws/install/moveit_msgs/local/lib/python3.10/dist-packages:${PYTHONPATH} /usr/bin/cmake --install /home/tyler/mycobot_ROS2/moveit_tutorial_ws/build/moveit_ros_planning
[0.683s] -- Install configuration: "Release"
[0.684s] -- Up-to-date: /home/tyler/mycobot_ROS2/moveit_tutorial_ws/install/moveit_ros_planning/include/moveit_ros_planning
[0.684s] -- Up-to-date: /home/tyler/mycobot_ROS2/moveit_tutorial_ws/install/moveit_ros_planning/include/moveit_ros_planning/moveit
[0.684s] -- Up-to-date: /home/tyler/mycobot_ROS2/moveit_tutorial_ws/install/moveit_ros_planning/include/moveit_ros_planning/moveit/collision_plugin_loader
[0.684s] -- Up-to-date: /home/tyler/mycobot_ROS2/moveit_tutorial_ws/install/moveit_ros_planning/include/moveit_ros_planning/moveit/collision_plugin_loader/collision_plugin_loader.h
[0.684s] -- Up-to-date: /home/tyler/mycobot_ROS2/moveit_tutorial_ws/install/moveit_ros_planning/include/moveit_ros_planning
[0.685s] -- Up-to-date: /home/tyler/mycobot_ROS2/moveit_tutorial_ws/install/moveit_ros_planning/include/moveit_ros_planning/moveit
[0.685s] -- Up-to-date: /home/tyler/mycobot_ROS2/moveit_tutorial_ws/install/moveit_ros_planning/include/moveit_ros_planning/moveit/constraint_sampler_manager_loader
[0.685s] -- Up-to-date: /home/tyler/mycobot_ROS2/moveit_tutorial_ws/install/moveit_ros_planning/include/moveit_ros_planning/moveit/constraint_sampler_manager_loader/constraint_sampler_manager_loader.h
[0.685s] -- Up-to-date: /home/tyler/mycobot_ROS2/moveit_tutorial_ws/install/moveit_ros_planning/lib/moveit_ros_planning/moveit_list_planning_adapter_plugins
[0.685s] -- Up-to-date: /home/tyler/mycobot_ROS2/moveit_tutorial_ws/install/moveit_ros_planning/include/kinematics_parameters
[0.686s] -- Up-to-date: /home/tyler/mycobot_ROS2/moveit_tutorial_ws/install/moveit_ros_planning/include/kinematics_parameters/kinematics_parameters.hpp
[0.686s] -- Up-to-date: /home/tyler/mycobot_ROS2/moveit_tutorial_ws/install/moveit_ros_planning/include/moveit_ros_planning
[0.686s] -- Up-to-date: /home/tyler/mycobot_ROS2/moveit_tutorial_ws/install/moveit_ros_planning/include/moveit_ros_planning/moveit
[0.686s] -- Up-to-date: /home/tyler/mycobot_ROS2/moveit_tutorial_ws/install/moveit_ros_planning/include/moveit_ros_planning/moveit/kinematics_plugin_loader
[0.686s] -- Up-to-date: /home/tyler/mycobot_ROS2/moveit_tutorial_ws/install/moveit_ros_planning/include/moveit_ros_planning/moveit/kinematics_plugin_loader/kinematics_plugin_loader.h
[0.686s] -- Up-to-date: /home/tyler/mycobot_ROS2/moveit_tutorial_ws/install/moveit_ros_planning/include/moveit_ros_planning
[0.687s] -- Up-to-date: /home/tyler/mycobot_ROS2/moveit_tutorial_ws/install/moveit_ros_planning/include/moveit_ros_planning/moveit
[0.687s] -- Up-to-date: /home/tyler/mycobot_ROS2/moveit_tutorial_ws/install/moveit_ros_planning/include/moveit_ros_planning/moveit/moveit_cpp
[0.687s] -- Up-to-date: /home/tyler/mycobot_ROS2/moveit_tutorial_ws/install/moveit_ros_planning/include/moveit_ros_planning/moveit/moveit_cpp/moveit_cpp.h
[0.687s] -- Up-to-date: /home/tyler/mycobot_ROS2/moveit_tutorial_ws/install/moveit_ros_planning/include/moveit_ros_planning/moveit/moveit_cpp/planning_component.h
[0.687s] -- Up-to-date: /home/tyler/mycobot_ROS2/moveit_tutorial_ws/install/moveit_ros_planning/include/moveit_ros_planning
[0.687s] -- Up-to-date: /home/tyler/mycobot_ROS2/moveit_tutorial_ws/install/moveit_ros_planning/include/moveit_ros_planning/moveit
[0.687s] -- Up-to-date: /home/tyler/mycobot_ROS2/moveit_tutorial_ws/install/moveit_ros_planning/include/moveit_ros_planning/moveit/plan_execution
[0.687s] -- Up-to-date: /home/tyler/mycobot_ROS2/moveit_tutorial_ws/install/moveit_ros_planning/include/moveit_ros_planning/moveit/plan_execution/plan_representation.h
[0.688s] -- Up-to-date: /home/tyler/mycobot_ROS2/moveit_tutorial_ws/install/moveit_ros_planning/include/moveit_ros_planning/moveit/plan_execution/plan_execution.h
[0.688s] -- Up-to-date: /home/tyler/mycobot_ROS2/moveit_tutorial_ws/install/moveit_ros_planning/lib/moveit_ros_planning/moveit_print_planning_model_info
[0.689s] -- Up-to-date: /home/tyler/mycobot_ROS2/moveit_tutorial_ws/install/moveit_ros_planning/lib/moveit_ros_planning/moveit_print_planning_scene_info
[0.689s] -- Up-to-date: /home/tyler/mycobot_ROS2/moveit_tutorial_ws/install/moveit_ros_planning/lib/moveit_ros_planning/moveit_display_random_state
[0.690s] -- Up-to-date: /home/tyler/mycobot_ROS2/moveit_tutorial_ws/install/moveit_ros_planning/lib/moveit_ros_planning/moveit_visualize_robot_collision_volume
[0.690s] -- Up-to-date: /home/tyler/mycobot_ROS2/moveit_tutorial_ws/install/moveit_ros_planning/lib/moveit_ros_planning/moveit_evaluate_collision_checking_speed
[0.690s] -- Up-to-date: /home/tyler/mycobot_ROS2/moveit_tutorial_ws/install/moveit_ros_planning/lib/moveit_ros_planning/moveit_publish_scene_from_text
[0.691s] -- Up-to-date: /home/tyler/mycobot_ROS2/moveit_tutorial_ws/install/moveit_ros_planning/include/planning_pipeline_parameters
[0.691s] -- Up-to-date: /home/tyler/mycobot_ROS2/moveit_tutorial_ws/install/moveit_ros_planning/include/planning_pipeline_parameters/planning_pipeline_parameters.hpp
[0.691s] -- Up-to-date: /home/tyler/mycobot_ROS2/moveit_tutorial_ws/install/moveit_ros_planning/include/moveit_ros_planning
[0.692s] -- Up-to-date: /home/tyler/mycobot_ROS2/moveit_tutorial_ws/install/moveit_ros_planning/include/moveit_ros_planning/moveit
[0.692s] -- Up-to-date: /home/tyler/mycobot_ROS2/moveit_tutorial_ws/install/moveit_ros_planning/include/moveit_ros_planning/moveit/planning_pipeline
[0.692s] -- Up-to-date: /home/tyler/mycobot_ROS2/moveit_tutorial_ws/install/moveit_ros_planning/include/moveit_ros_planning/moveit/planning_pipeline/planning_pipeline.h
[0.692s] -- Up-to-date: /home/tyler/mycobot_ROS2/moveit_tutorial_ws/install/moveit_ros_planning/include/moveit_ros_planning/moveit_planning_pipeline_export.h
[0.692s] -- Up-to-date: /home/tyler/mycobot_ROS2/moveit_tutorial_ws/install/moveit_ros_planning/include/moveit_ros_planning
[0.692s] -- Up-to-date: /home/tyler/mycobot_ROS2/moveit_tutorial_ws/install/moveit_ros_planning/include/moveit_ros_planning/moveit
[0.692s] -- Up-to-date: /home/tyler/mycobot_ROS2/moveit_tutorial_ws/install/moveit_ros_planning/include/moveit_ros_planning/moveit/planning_pipeline_interfaces
[0.693s] -- Up-to-date: /home/tyler/mycobot_ROS2/moveit_tutorial_ws/install/moveit_ros_planning/include/moveit_ros_planning/moveit/planning_pipeline_interfaces/plan_responses_container.hpp
[0.693s] -- Up-to-date: /home/tyler/mycobot_ROS2/moveit_tutorial_ws/install/moveit_ros_planning/include/moveit_ros_planning/moveit/planning_pipeline_interfaces/planning_pipeline_interfaces.hpp
[0.693s] -- Up-to-date: /home/tyler/mycobot_ROS2/moveit_tutorial_ws/install/moveit_ros_planning/include/moveit_ros_planning/moveit/planning_pipeline_interfaces/stopping_criterion_functions.hpp
[0.693s] -- Up-to-date: /home/tyler/mycobot_ROS2/moveit_tutorial_ws/install/moveit_ros_planning/include/moveit_ros_planning/moveit/planning_pipeline_interfaces/solution_selection_functions.hpp
[0.693s] -- Up-to-date: /home/tyler/mycobot_ROS2/moveit_tutorial_ws/install/moveit_ros_planning/include/moveit_ros_planning/moveit_planning_pipeline_interfaces_export.h
[0.693s] -- Up-to-date: /home/tyler/mycobot_ROS2/moveit_tutorial_ws/install/moveit_ros_planning/include/default_plan_request_adapter_parameters
[0.693s] -- Up-to-date: /home/tyler/mycobot_ROS2/moveit_tutorial_ws/install/moveit_ros_planning/include/default_plan_request_adapter_parameters/default_plan_request_adapter_parameters.hpp
[0.693s] -- Up-to-date: /home/tyler/mycobot_ROS2/moveit_tutorial_ws/install/moveit_ros_planning/lib/moveit_ros_planning/demo_scene
[0.693s] -- Up-to-date: /home/tyler/mycobot_ROS2/moveit_tutorial_ws/install/moveit_ros_planning/include/moveit_ros_planning
[0.694s] -- Up-to-date: /home/tyler/mycobot_ROS2/moveit_tutorial_ws/install/moveit_ros_planning/include/moveit_ros_planning/moveit
[0.694s] -- Up-to-date: /home/tyler/mycobot_ROS2/moveit_tutorial_ws/install/moveit_ros_planning/include/moveit_ros_planning/moveit/planning_scene_monitor
[0.694s] -- Up-to-date: /home/tyler/mycobot_ROS2/moveit_tutorial_ws/install/moveit_ros_planning/include/moveit_ros_planning/moveit/planning_scene_monitor/current_state_monitor_middleware_handle.hpp
[0.694s] -- Up-to-date: /home/tyler/mycobot_ROS2/moveit_tutorial_ws/install/moveit_ros_planning/include/moveit_ros_planning/moveit/planning_scene_monitor/current_state_monitor.h
[0.694s] -- Up-to-date: /home/tyler/mycobot_ROS2/moveit_tutorial_ws/install/moveit_ros_planning/include/moveit_ros_planning/moveit/planning_scene_monitor/planning_scene_monitor.h
[0.694s] -- Up-to-date: /home/tyler/mycobot_ROS2/moveit_tutorial_ws/install/moveit_ros_planning/include/moveit_ros_planning/moveit/planning_scene_monitor/trajectory_monitor.h
[0.694s] -- Up-to-date: /home/tyler/mycobot_ROS2/moveit_tutorial_ws/install/moveit_ros_planning/include/moveit_ros_planning/moveit/planning_scene_monitor/trajectory_monitor_middleware_handle.hpp
[0.694s] -- Up-to-date: /home/tyler/mycobot_ROS2/moveit_tutorial_ws/install/moveit_ros_planning/include/moveit_ros_planning/moveit_planning_scene_monitor_export.h
[0.694s] -- Up-to-date: /home/tyler/mycobot_ROS2/moveit_tutorial_ws/install/moveit_ros_planning/include/moveit_ros_planning
[0.694s] -- Up-to-date: /home/tyler/mycobot_ROS2/moveit_tutorial_ws/install/moveit_ros_planning/include/moveit_ros_planning/moveit
[0.695s] -- Up-to-date: /home/tyler/mycobot_ROS2/moveit_tutorial_ws/install/moveit_ros_planning/include/moveit_ros_planning/moveit/rdf_loader
[0.695s] -- Up-to-date: /home/tyler/mycobot_ROS2/moveit_tutorial_ws/install/moveit_ros_planning/include/moveit_ros_planning/moveit/rdf_loader/rdf_loader.h
[0.695s] -- Up-to-date: /home/tyler/mycobot_ROS2/moveit_tutorial_ws/install/moveit_ros_planning/include/moveit_ros_planning/moveit/rdf_loader/synchronized_string_parameter.h
[0.695s] -- Up-to-date: /home/tyler/mycobot_ROS2/moveit_tutorial_ws/install/moveit_ros_planning/share/moveit_ros_planning/rdf_loader/test/data
[0.695s] -- Up-to-date: /home/tyler/mycobot_ROS2/moveit_tutorial_ws/install/moveit_ros_planning/share/moveit_ros_planning/rdf_loader/test/data/gonzo.urdf
[0.695s] -- Up-to-date: /home/tyler/mycobot_ROS2/moveit_tutorial_ws/install/moveit_ros_planning/share/moveit_ros_planning/rdf_loader/test/data/kermit.urdf
[0.695s] -- Up-to-date: /home/tyler/mycobot_ROS2/moveit_tutorial_ws/install/moveit_ros_planning/share/moveit_ros_planning/rdf_loader/test/data/gonzo.srdf
[0.695s] -- Up-to-date: /home/tyler/mycobot_ROS2/moveit_tutorial_ws/install/moveit_ros_planning/share/moveit_ros_planning/rdf_loader/test/data/kermit.srdf
[0.695s] -- Up-to-date: /home/tyler/mycobot_ROS2/moveit_tutorial_ws/install/moveit_ros_planning/share/moveit_ros_planning/rdf_loader/test/data/robin.srdf.xacro
[0.695s] -- Up-to-date: /home/tyler/mycobot_ROS2/moveit_tutorial_ws/install/moveit_ros_planning/share/moveit_ros_planning/rdf_loader/test/launch
[0.695s] -- Up-to-date: /home/tyler/mycobot_ROS2/moveit_tutorial_ws/install/moveit_ros_planning/share/moveit_ros_planning/rdf_loader/test/launch/test_rdf_integration.test.py
[0.696s] -- Up-to-date: /home/tyler/mycobot_ROS2/moveit_tutorial_ws/install/moveit_ros_planning/include/moveit_ros_planning
[0.696s] -- Up-to-date: /home/tyler/mycobot_ROS2/moveit_tutorial_ws/install/moveit_ros_planning/include/moveit_ros_planning/moveit
[0.696s] -- Up-to-date: /home/tyler/mycobot_ROS2/moveit_tutorial_ws/install/moveit_ros_planning/include/moveit_ros_planning/moveit/robot_model_loader
[0.696s] -- Up-to-date: /home/tyler/mycobot_ROS2/moveit_tutorial_ws/install/moveit_ros_planning/include/moveit_ros_planning/moveit/robot_model_loader/robot_model_loader.h
[0.696s] -- Up-to-date: /home/tyler/mycobot_ROS2/moveit_tutorial_ws/install/moveit_ros_planning/include/moveit_ros_planning
[0.696s] -- Up-to-date: /home/tyler/mycobot_ROS2/moveit_tutorial_ws/install/moveit_ros_planning/include/moveit_ros_planning/moveit
[0.696s] -- Up-to-date: /home/tyler/mycobot_ROS2/moveit_tutorial_ws/install/moveit_ros_planning/include/moveit_ros_planning/moveit/trajectory_execution_manager
[0.696s] -- Up-to-date: /home/tyler/mycobot_ROS2/moveit_tutorial_ws/install/moveit_ros_planning/include/moveit_ros_planning/moveit/trajectory_execution_manager/trajectory_execution_manager.h
[0.696s] -- Up-to-date: /home/tyler/mycobot_ROS2/moveit_tutorial_ws/install/moveit_ros_planning/include/moveit_ros_planning/moveit_trajectory_execution_manager_export.h
[0.696s] -- Up-to-date: /home/tyler/mycobot_ROS2/moveit_tutorial_ws/install/moveit_ros_planning/lib/libmoveit_rdf_loader.so.2.8.0
[0.696s] -- Up-to-date: /home/tyler/mycobot_ROS2/moveit_tutorial_ws/install/moveit_ros_planning/lib/libmoveit_rdf_loader.so
[0.697s] -- Up-to-date: /home/tyler/mycobot_ROS2/moveit_tutorial_ws/install/moveit_ros_planning/lib/libmoveit_kinematics_plugin_loader.so.2.8.0
[0.697s] -- Up-to-date: /home/tyler/mycobot_ROS2/moveit_tutorial_ws/install/moveit_ros_planning/lib/libmoveit_kinematics_plugin_loader.so
[0.697s] -- Up-to-date: /home/tyler/mycobot_ROS2/moveit_tutorial_ws/install/moveit_ros_planning/lib/libmoveit_robot_model_loader.so.2.8.0
[0.697s] -- Up-to-date: /home/tyler/mycobot_ROS2/moveit_tutorial_ws/install/moveit_ros_planning/lib/libmoveit_robot_model_loader.so
[0.697s] -- Up-to-date: /home/tyler/mycobot_ROS2/moveit_tutorial_ws/install/moveit_ros_planning/lib/libmoveit_constraint_sampler_manager_loader.so.2.8.0
[0.697s] -- Up-to-date: /home/tyler/mycobot_ROS2/moveit_tutorial_ws/install/moveit_ros_planning/lib/libmoveit_constraint_sampler_manager_loader.so
[0.697s] -- Up-to-date: /home/tyler/mycobot_ROS2/moveit_tutorial_ws/install/moveit_ros_planning/lib/libmoveit_planning_pipeline.so.2.8.0
[0.697s] -- Up-to-date: /home/tyler/mycobot_ROS2/moveit_tutorial_ws/install/moveit_ros_planning/lib/libmoveit_planning_pipeline.so
[0.697s] -- Up-to-date: /home/tyler/mycobot_ROS2/moveit_tutorial_ws/install/moveit_ros_planning/lib/libmoveit_planning_pipeline_interfaces.so.2.8.0
[0.697s] -- Up-to-date: /home/tyler/mycobot_ROS2/moveit_tutorial_ws/install/moveit_ros_planning/lib/libmoveit_planning_pipeline_interfaces.so
[0.698s] -- Up-to-date: /home/tyler/mycobot_ROS2/moveit_tutorial_ws/install/moveit_ros_planning/lib/libmoveit_trajectory_execution_manager.so.2.8.0
[0.698s] -- Up-to-date: /home/tyler/mycobot_ROS2/moveit_tutorial_ws/install/moveit_ros_planning/lib/libmoveit_trajectory_execution_manager.so
[0.698s] -- Up-to-date: /home/tyler/mycobot_ROS2/moveit_tutorial_ws/install/moveit_ros_planning/lib/libmoveit_plan_execution.so.2.8.0
[0.698s] -- Up-to-date: /home/tyler/mycobot_ROS2/moveit_tutorial_ws/install/moveit_ros_planning/lib/libmoveit_plan_execution.so
[0.699s] -- Up-to-date: /home/tyler/mycobot_ROS2/moveit_tutorial_ws/install/moveit_ros_planning/lib/libmoveit_planning_scene_monitor.so.2.8.0
[0.699s] -- Up-to-date: /home/tyler/mycobot_ROS2/moveit_tutorial_ws/install/moveit_ros_planning/lib/libmoveit_planning_scene_monitor.so
[0.699s] -- Up-to-date: /home/tyler/mycobot_ROS2/moveit_tutorial_ws/install/moveit_ros_planning/lib/libmoveit_collision_plugin_loader.so.2.8.0
[0.699s] -- Up-to-date: /home/tyler/mycobot_ROS2/moveit_tutorial_ws/install/moveit_ros_planning/lib/libmoveit_collision_plugin_loader.so
[0.699s] -- Up-to-date: /home/tyler/mycobot_ROS2/moveit_tutorial_ws/install/moveit_ros_planning/lib/libmoveit_default_planning_request_adapter_plugins.so.2.8.0
[0.700s] -- Up-to-date: /home/tyler/mycobot_ROS2/moveit_tutorial_ws/install/moveit_ros_planning/lib/libmoveit_default_planning_request_adapter_plugins.so
[0.700s] -- Up-to-date: /home/tyler/mycobot_ROS2/moveit_tutorial_ws/install/moveit_ros_planning/lib/libmoveit_cpp.so.2.8.0
[0.700s] -- Up-to-date: /home/tyler/mycobot_ROS2/moveit_tutorial_ws/install/moveit_ros_planning/lib/libmoveit_cpp.so
[0.700s] -- Up-to-date: /home/tyler/mycobot_ROS2/moveit_tutorial_ws/install/moveit_ros_planning/share/moveit_ros_planning/environment/library_path.sh
[0.700s] -- Up-to-date: /home/tyler/mycobot_ROS2/moveit_tutorial_ws/install/moveit_ros_planning/share/moveit_ros_planning/environment/library_path.dsv
[0.701s] -- Up-to-date: /home/tyler/mycobot_ROS2/moveit_tutorial_ws/install/moveit_ros_planning/share/moveit_ros_planning/planning_request_adapters_plugin_description.xml
[0.701s] -- Up-to-date: /home/tyler/mycobot_ROS2/moveit_tutorial_ws/install/moveit_ros_planning/share/ament_index/resource_index/package_run_dependencies/moveit_ros_planning
[0.701s] -- Up-to-date: /home/tyler/mycobot_ROS2/moveit_tutorial_ws/install/moveit_ros_planning/share/ament_index/resource_index/parent_prefix_path/moveit_ros_planning
[0.701s] -- Up-to-date: /home/tyler/mycobot_ROS2/moveit_tutorial_ws/install/moveit_ros_planning/share/moveit_ros_planning/environment/ament_prefix_path.sh
[0.701s] -- Up-to-date: /home/tyler/mycobot_ROS2/moveit_tutorial_ws/install/moveit_ros_planning/share/moveit_ros_planning/environment/ament_prefix_path.dsv
[0.701s] -- Up-to-date: /home/tyler/mycobot_ROS2/moveit_tutorial_ws/install/moveit_ros_planning/share/moveit_ros_planning/environment/path.sh
[0.701s] -- Up-to-date: /home/tyler/mycobot_ROS2/moveit_tutorial_ws/install/moveit_ros_planning/share/moveit_ros_planning/environment/path.dsv
[0.701s] -- Up-to-date: /home/tyler/mycobot_ROS2/moveit_tutorial_ws/install/moveit_ros_planning/share/moveit_ros_planning/local_setup.bash
[0.701s] -- Up-to-date: /home/tyler/mycobot_ROS2/moveit_tutorial_ws/install/moveit_ros_planning/share/moveit_ros_planning/local_setup.sh
[0.701s] -- Up-to-date: /home/tyler/mycobot_ROS2/moveit_tutorial_ws/install/moveit_ros_planning/share/moveit_ros_planning/local_setup.zsh
[0.702s] -- Up-to-date: /home/tyler/mycobot_ROS2/moveit_tutorial_ws/install/moveit_ros_planning/share/moveit_ros_planning/local_setup.dsv
[0.702s] -- Installing: /home/tyler/mycobot_ROS2/moveit_tutorial_ws/install/moveit_ros_planning/share/moveit_ros_planning/package.dsv
[0.702s] -- Up-to-date: /home/tyler/mycobot_ROS2/moveit_tutorial_ws/install/moveit_ros_planning/share/ament_index/resource_index/packages/moveit_ros_planning
[0.702s] -- Up-to-date: /home/tyler/mycobot_ROS2/moveit_tutorial_ws/install/moveit_ros_planning/share/ament_index/resource_index/moveit_core__pluginlib__plugin/moveit_ros_planning
[0.702s] -- Up-to-date: /home/tyler/mycobot_ROS2/moveit_tutorial_ws/install/moveit_ros_planning/share/moveit_ros_planning/cmake/moveit_ros_planningTargetsExport.cmake
[0.702s] -- Up-to-date: /home/tyler/mycobot_ROS2/moveit_tutorial_ws/install/moveit_ros_planning/share/moveit_ros_planning/cmake/moveit_ros_planningTargetsExport-release.cmake
[0.702s] -- Up-to-date: /home/tyler/mycobot_ROS2/moveit_tutorial_ws/install/moveit_ros_planning/share/moveit_ros_planning/cmake/ConfigExtras.cmake
[0.702s] -- Up-to-date: /home/tyler/mycobot_ROS2/moveit_tutorial_ws/install/moveit_ros_planning/share/moveit_ros_planning/cmake/ament_cmake_export_targets-extras.cmake
[0.702s] -- Up-to-date: /home/tyler/mycobot_ROS2/moveit_tutorial_ws/install/moveit_ros_planning/share/moveit_ros_planning/cmake/ament_cmake_export_dependencies-extras.cmake
[0.702s] -- Up-to-date: /home/tyler/mycobot_ROS2/moveit_tutorial_ws/install/moveit_ros_planning/share/moveit_ros_planning/cmake/moveit_ros_planningConfig.cmake
[0.702s] -- Up-to-date: /home/tyler/mycobot_ROS2/moveit_tutorial_ws/install/moveit_ros_planning/share/moveit_ros_planning/cmake/moveit_ros_planningConfig-version.cmake
[0.703s] -- Up-to-date: /home/tyler/mycobot_ROS2/moveit_tutorial_ws/install/moveit_ros_planning/share/moveit_ros_planning/package.xml
[0.705s] Invoked command in '/home/tyler/mycobot_ROS2/moveit_tutorial_ws/build/moveit_ros_planning' returned '0': AMENT_PREFIX_PATH=/home/tyler/mycobot_ROS2/moveit_tutorial_ws/install/moveit_ros_occupancy_map_monitor:/home/tyler/mycobot_ROS2/moveit_tutorial_ws/install/moveit_core:/home/tyler/mycobot_ROS2/moveit_tutorial_ws/install/moveit_resources_panda_moveit_config:/home/tyler/mycobot_ROS2/moveit_tutorial_ws/install/moveit_resources_panda_description:/home/tyler/mycobot_ROS2/moveit_tutorial_ws/install/moveit_msgs:/home/tyler/mycobot_ROS2/moveit_tutorial_ws/install/moveit_common:${AMENT_PREFIX_PATH} CMAKE_PREFIX_PATH=/home/tyler/mycobot_ROS2/moveit_tutorial_ws/install/moveit_ros_occupancy_map_monitor:/home/tyler/mycobot_ROS2/moveit_tutorial_ws/install/moveit_core:/home/tyler/mycobot_ROS2/moveit_tutorial_ws/install/moveit_resources_panda_moveit_config:/home/tyler/mycobot_ROS2/moveit_tutorial_ws/install/moveit_resources_panda_description:/home/tyler/mycobot_ROS2/moveit_tutorial_ws/install/moveit_msgs:/home/tyler/mycobot_ROS2/moveit_tutorial_ws/install/moveit_common:/home/tyler/mycobot_ROS2/colcon_ws/install/mypalletizer_interfaces:/home/tyler/mycobot_ROS2/colcon_ws/install/mycobot_interfaces:/home/tyler/mycobot_ROS2/colcon_ws/install/mecharm_interfaces:/home/tyler/mycobot_ROS2/colcon_ws/install/ultraarm:/home/tyler/mycobot_ROS2/colcon_ws/install/mypalletizer_260_pi:/home/tyler/mycobot_ROS2/colcon_ws/install/mypalletizer_260:/home/tyler/mycobot_ROS2/colcon_ws/install/mypalletizer_communication:/home/tyler/mycobot_ROS2/colcon_ws/install/mycobot_320pi:/home/tyler/mycobot_ROS2/colcon_ws/install/mycobot_320:/home/tyler/mycobot_ROS2/colcon_ws/install/mycobot_280pi:/home/tyler/mycobot_ROS2/colcon_ws/install/mycobot_280jn:/home/tyler/mycobot_ROS2/colcon_ws/install/mycobot_280_x3pi:/home/tyler/mycobot_ROS2/colcon_ws/install/mycobot_280:/home/tyler/mycobot_ROS2/colcon_ws/install/myarm_300:/home/tyler/mycobot_ROS2/colcon_ws/install/mycobot_communication:/home/tyler/mycobot_ROS2/colcon_ws/install/mecharm_pi:/home/tyler/mycobot_ROS2/colcon_ws/install/mecharm:/home/tyler/mycobot_ROS2/colcon_ws/install/mecharm_communication:/home/tyler/mycobot_ROS2/colcon_ws/install/mybuddy:/home/tyler/mycobot_ROS2/colcon_ws/install/mycobot_description:/opt/ros/humble LD_LIBRARY_PATH=/home/tyler/mycobot_ROS2/moveit_tutorial_ws/install/moveit_ros_occupancy_map_monitor/lib:/home/tyler/mycobot_ROS2/moveit_tutorial_ws/install/moveit_core/lib:/home/tyler/mycobot_ROS2/moveit_tutorial_ws/install/moveit_msgs/lib:${LD_LIBRARY_PATH} MYSQL_PS1=(\u@\h) [\d]> PATH=/home/tyler/mycobot_ROS2/moveit_tutorial_ws/install/moveit_core/bin:${PATH} PYTHONPATH=/home/tyler/mycobot_ROS2/moveit_tutorial_ws/install/moveit_msgs/local/lib/python3.10/dist-packages:${PYTHONPATH} /usr/bin/cmake --install /home/tyler/mycobot_ROS2/moveit_tutorial_ws/build/moveit_ros_planning
