[0.425s] Invoking command in '/home/tyler/colcon_ws/build/mecharm_interfaces': CMAKE_PREFIX_PATH=/opt/ros/humble MYSQL_PS1=(\u@\h) [\d]> /usr/bin/cmake /home/tyler/colcon_ws/src/mycobot_ros2/mecharm/mecharm_interfaces -DAMENT_CMAKE_SYMLINK_INSTALL=1 -DCMAKE_INSTALL_PREFIX=/home/tyler/colcon_ws/install/mecharm_interfaces
[0.543s] -- The C compiler identification is GNU 11.4.0
[0.667s] -- The CXX compiler identification is GNU 11.4.0
[0.683s] -- Detecting C compiler ABI info
[0.805s] -- Detecting C compiler ABI info - done
[0.819s] -- Check for working C compiler: /usr/bin/cc - skipped
[0.820s] -- Detecting C compile features
[0.820s] -- Detecting C compile features - done
[0.826s] -- Detecting CXX compiler ABI info
[0.966s] -- Detecting CXX compiler ABI info - done
[0.980s] -- Check for working CXX compiler: /usr/bin/c++ - skipped
[0.981s] -- Detecting CXX compile features
[0.981s] -- Detecting CXX compile features - done
[0.985s] -- Found ament_cmake: 1.3.5 (/opt/ros/humble/share/ament_cmake/cmake)
[1.315s] -- Found Python3: /usr/bin/python3.10 (found version "3.10.12") found components: Interpreter 
[1.430s] -- Override CMake install command with custom implementation using symlinks instead of copying resources
[1.472s] -- Found rosidl_default_generators: 1.2.0 (/opt/ros/humble/share/rosidl_default_generators/cmake)
[1.477s] -- Using all available rosidl_typesupport_c: rosidl_typesupport_fastrtps_c;rosidl_typesupport_introspection_c
[1.487s] -- Found rosidl_adapter: 3.1.5 (/opt/ros/humble/share/rosidl_adapter/cmake)
[1.559s] -- Using all available rosidl_typesupport_cpp: rosidl_typesupport_fastrtps_cpp;rosidl_typesupport_introspection_cpp
[1.624s] -- Found rclpy: 3.3.10 (/opt/ros/humble/share/rclpy/cmake)
[1.626s] -- Found std_msgs: 4.2.3 (/opt/ros/humble/share/std_msgs/cmake)
[2.376s] -- Found ament_cmake_ros: 0.10.0 (/opt/ros/humble/share/ament_cmake_ros/cmake)
[2.793s] -- Using all available rosidl_typesupport_c: rosidl_typesupport_fastrtps_c;rosidl_typesupport_introspection_c
[3.325s] -- Using all available rosidl_typesupport_cpp: rosidl_typesupport_fastrtps_cpp;rosidl_typesupport_introspection_cpp
[3.369s] -- Found PythonInterp: /usr/bin/python3 (found suitable version "3.10.12", minimum required is "3.6") 
[3.371s] -- Found python_cmake_module: 0.10.0 (/opt/ros/humble/share/python_cmake_module/cmake)
[3.424s] -- Found PythonLibs: /usr/lib/x86_64-linux-gnu/libpython3.10.so (found suitable version "3.10.12", minimum required is "3.5") 
[3.424s] -- Using PYTHON_EXECUTABLE: /usr/bin/python3
[3.424s] -- Using PYTHON_INCLUDE_DIRS: /usr/include/python3.10
[3.424s] -- Using PYTHON_LIBRARIES: /usr/lib/x86_64-linux-gnu/libpython3.10.so
[3.463s] -- Found PythonExtra: .so  
[3.561s] -- Found ament_lint_auto: 0.12.8 (/opt/ros/humble/share/ament_lint_auto/cmake)
[3.595s] -- Added test 'copyright' to check source files copyright and LICENSE
[3.598s] -- Added test 'lint_cmake' to check CMake code style
[3.600s] -- Added test 'xmllint' to check XML markup files
[3.606s] -- Configuring done
[3.691s] -- Generating done
[3.695s] -- Build files have been written to: /home/tyler/colcon_ws/build/mecharm_interfaces
[3.706s] Invoked command in '/home/tyler/colcon_ws/build/mecharm_interfaces' returned '0': CMAKE_PREFIX_PATH=/opt/ros/humble MYSQL_PS1=(\u@\h) [\d]> /usr/bin/cmake /home/tyler/colcon_ws/src/mycobot_ros2/mecharm/mecharm_interfaces -DAMENT_CMAKE_SYMLINK_INSTALL=1 -DCMAKE_INSTALL_PREFIX=/home/tyler/colcon_ws/install/mecharm_interfaces
[3.708s] Invoking command in '/home/tyler/colcon_ws/build/mecharm_interfaces': CMAKE_PREFIX_PATH=/opt/ros/humble MYSQL_PS1=(\u@\h) [\d]> /usr/bin/cmake --build /home/tyler/colcon_ws/build/mecharm_interfaces -- -j16 -l16
[3.777s] [  1%] [34m[1mGenerating C code for ROS interfaces[0m
[3.791s] [  1%] [34m[1mGenerating C++ code for ROS interfaces[0m
[3.812s] [  1%] Built target ament_cmake_python_symlink_mecharm_interfaces
[4.282s] running egg_info
[4.284s] creating mecharm_interfaces.egg-info
[4.284s] writing mecharm_interfaces.egg-info/PKG-INFO
[4.285s] writing dependency_links to mecharm_interfaces.egg-info/dependency_links.txt
[4.285s] writing top-level names to mecharm_interfaces.egg-info/top_level.txt
[4.285s] writing manifest file 'mecharm_interfaces.egg-info/SOURCES.txt'
[4.289s] reading manifest file 'mecharm_interfaces.egg-info/SOURCES.txt'
[4.290s] writing manifest file 'mecharm_interfaces.egg-info/SOURCES.txt'
[4.342s] [  1%] Built target ament_cmake_python_build_mecharm_interfaces_egg
[5.555s] [  1%] Built target mecharm_interfaces__cpp
[5.578s] [  1%] [34m[1mGenerating C++ type support for eProsima Fast-RTPS[0m
[5.581s] [  2%] [34m[1mGenerating C++ type support dispatch for ROS interfaces[0m
[5.584s] [  3%] [34m[1mGenerating C++ introspection for ROS interfaces[0m
[6.214s] [  4%] [32mBuilding C object CMakeFiles/mecharm_interfaces__rosidl_generator_c.dir/rosidl_generator_c/mecharm_interfaces/msg/detail/mecharm_angles__functions.c.o[0m
[6.219s] [  5%] [32mBuilding C object CMakeFiles/mecharm_interfaces__rosidl_generator_c.dir/rosidl_generator_c/mecharm_interfaces/msg/detail/mecharm_coords__functions.c.o[0m
[6.223s] [  6%] [32mBuilding C object CMakeFiles/mecharm_interfaces__rosidl_generator_c.dir/rosidl_generator_c/mecharm_interfaces/msg/detail/mecharm_set_angles__functions.c.o[0m
[6.244s] [  6%] [32mBuilding C object CMakeFiles/mecharm_interfaces__rosidl_generator_c.dir/rosidl_generator_c/mecharm_interfaces/msg/detail/mecharm_set_coords__functions.c.o[0m
[6.265s] [  7%] [32mBuilding C object CMakeFiles/mecharm_interfaces__rosidl_generator_c.dir/rosidl_generator_c/mecharm_interfaces/msg/detail/mecharm_pump_status__functions.c.o[0m
[6.266s] [  8%] [32mBuilding C object CMakeFiles/mecharm_interfaces__rosidl_generator_c.dir/rosidl_generator_c/mecharm_interfaces/srv/detail/get_angles__functions.c.o[0m
[6.266s] [  9%] [32mBuilding C object CMakeFiles/mecharm_interfaces__rosidl_generator_c.dir/rosidl_generator_c/mecharm_interfaces/msg/detail/mecharm_gripper_status__functions.c.o[0m
[6.287s] [ 10%] [32mBuilding C object CMakeFiles/mecharm_interfaces__rosidl_generator_c.dir/rosidl_generator_c/mecharm_interfaces/srv/detail/set_angles__functions.c.o[0m
[6.364s] [ 11%] [32mBuilding C object CMakeFiles/mecharm_interfaces__rosidl_generator_c.dir/rosidl_generator_c/mecharm_interfaces/srv/detail/get_coords__functions.c.o[0m
[6.398s] [ 11%] [32mBuilding C object CMakeFiles/mecharm_interfaces__rosidl_generator_c.dir/rosidl_generator_c/mecharm_interfaces/srv/detail/set_coords__functions.c.o[0m
[6.406s] [ 12%] [32mBuilding C object CMakeFiles/mecharm_interfaces__rosidl_generator_c.dir/rosidl_generator_c/mecharm_interfaces/srv/detail/pump_status__functions.c.o[0m
[6.407s] [ 13%] [32mBuilding C object CMakeFiles/mecharm_interfaces__rosidl_generator_c.dir/rosidl_generator_c/mecharm_interfaces/srv/detail/gripper_status__functions.c.o[0m
[6.622s] [ 14%] [32m[1mLinking C shared library libmecharm_interfaces__rosidl_generator_c.so[0m
[6.728s] [ 14%] Built target mecharm_interfaces__rosidl_generator_c
[6.788s] [ 15%] [34m[1mGenerating C type support for eProsima Fast-RTPS[0m
[6.821s] [ 16%] [34m[1mGenerating C type support dispatch for ROS interfaces[0m
[6.851s] [ 17%] [34m[1mGenerating C introspection for ROS interfaces[0m
[7.856s] [ 18%] [32mBuilding CXX object CMakeFiles/mecharm_interfaces__rosidl_typesupport_cpp.dir/rosidl_typesupport_cpp/mecharm_interfaces/msg/mecharm_coords__type_support.cpp.o[0m
[7.893s] [ 19%] [32mBuilding CXX object CMakeFiles/mecharm_interfaces__rosidl_typesupport_cpp.dir/rosidl_typesupport_cpp/mecharm_interfaces/msg/mecharm_angles__type_support.cpp.o[0m
[7.898s] [ 20%] [32mBuilding CXX object CMakeFiles/mecharm_interfaces__rosidl_typesupport_cpp.dir/rosidl_typesupport_cpp/mecharm_interfaces/msg/mecharm_set_angles__type_support.cpp.o[0m
[7.914s] [ 21%] [32mBuilding CXX object CMakeFiles/mecharm_interfaces__rosidl_typesupport_cpp.dir/rosidl_typesupport_cpp/mecharm_interfaces/msg/mecharm_set_coords__type_support.cpp.o[0m
[7.924s] [ 21%] [32mBuilding CXX object CMakeFiles/mecharm_interfaces__rosidl_typesupport_cpp.dir/rosidl_typesupport_cpp/mecharm_interfaces/msg/mecharm_gripper_status__type_support.cpp.o[0m
[7.947s] [ 22%] [32mBuilding CXX object CMakeFiles/mecharm_interfaces__rosidl_typesupport_cpp.dir/rosidl_typesupport_cpp/mecharm_interfaces/msg/mecharm_pump_status__type_support.cpp.o[0m
[8.033s] [ 22%] [32mBuilding CXX object CMakeFiles/mecharm_interfaces__rosidl_typesupport_introspection_cpp.dir/rosidl_typesupport_introspection_cpp/mecharm_interfaces/msg/detail/mecharm_angles__type_support.cpp.o[0m
[8.065s] [ 23%] [32mBuilding CXX object CMakeFiles/mecharm_interfaces__rosidl_typesupport_cpp.dir/rosidl_typesupport_cpp/mecharm_interfaces/srv/get_angles__type_support.cpp.o[0m
[8.069s] [ 24%] [32mBuilding CXX object CMakeFiles/mecharm_interfaces__rosidl_typesupport_cpp.dir/rosidl_typesupport_cpp/mecharm_interfaces/srv/set_angles__type_support.cpp.o[0m
[8.074s] [ 25%] [32mBuilding CXX object CMakeFiles/mecharm_interfaces__rosidl_typesupport_introspection_cpp.dir/rosidl_typesupport_introspection_cpp/mecharm_interfaces/msg/detail/mecharm_coords__type_support.cpp.o[0m
[8.088s] [ 26%] [32mBuilding CXX object CMakeFiles/mecharm_interfaces__rosidl_typesupport_introspection_cpp.dir/rosidl_typesupport_introspection_cpp/mecharm_interfaces/msg/detail/mecharm_set_angles__type_support.cpp.o[0m
[8.100s] [ 27%] [32mBuilding CXX object CMakeFiles/mecharm_interfaces__rosidl_typesupport_cpp.dir/rosidl_typesupport_cpp/mecharm_interfaces/srv/get_coords__type_support.cpp.o[0m
[9.037s] [ 28%] [32mBuilding CXX object CMakeFiles/mecharm_interfaces__rosidl_typesupport_cpp.dir/rosidl_typesupport_cpp/mecharm_interfaces/srv/set_coords__type_support.cpp.o[0m
[9.100s] [ 28%] [32mBuilding CXX object CMakeFiles/mecharm_interfaces__rosidl_typesupport_cpp.dir/rosidl_typesupport_cpp/mecharm_interfaces/srv/gripper_status__type_support.cpp.o[0m
[9.242s] [ 29%] [32mBuilding CXX object CMakeFiles/mecharm_interfaces__rosidl_typesupport_cpp.dir/rosidl_typesupport_cpp/mecharm_interfaces/srv/pump_status__type_support.cpp.o[0m
[9.837s] [ 30%] [32mBuilding CXX object CMakeFiles/mecharm_interfaces__rosidl_typesupport_introspection_cpp.dir/rosidl_typesupport_introspection_cpp/mecharm_interfaces/msg/detail/mecharm_set_coords__type_support.cpp.o[0m
[10.029s] [ 31%] [32mBuilding CXX object CMakeFiles/mecharm_interfaces__rosidl_typesupport_introspection_cpp.dir/rosidl_typesupport_introspection_cpp/mecharm_interfaces/msg/detail/mecharm_pump_status__type_support.cpp.o[0m
[10.109s] [ 32%] [32mBuilding CXX object CMakeFiles/mecharm_interfaces__rosidl_typesupport_introspection_cpp.dir/rosidl_typesupport_introspection_cpp/mecharm_interfaces/msg/detail/mecharm_gripper_status__type_support.cpp.o[0m
[10.168s] [ 32%] [32mBuilding CXX object CMakeFiles/mecharm_interfaces__rosidl_typesupport_introspection_cpp.dir/rosidl_typesupport_introspection_cpp/mecharm_interfaces/srv/detail/get_angles__type_support.cpp.o[0m
[10.269s] [ 33%] [32mBuilding CXX object CMakeFiles/mecharm_interfaces__rosidl_typesupport_fastrtps_cpp.dir/rosidl_typesupport_fastrtps_cpp/mecharm_interfaces/msg/detail/dds_fastrtps/mecharm_angles__type_support.cpp.o[0m
[10.410s] [ 34%] [32mBuilding CXX object CMakeFiles/mecharm_interfaces__rosidl_typesupport_fastrtps_cpp.dir/rosidl_typesupport_fastrtps_cpp/mecharm_interfaces/msg/detail/dds_fastrtps/mecharm_coords__type_support.cpp.o[0m
[10.789s] [ 35%] [32mBuilding CXX object CMakeFiles/mecharm_interfaces__rosidl_typesupport_introspection_cpp.dir/rosidl_typesupport_introspection_cpp/mecharm_interfaces/srv/detail/set_angles__type_support.cpp.o[0m
[11.187s] [ 36%] [32mBuilding CXX object CMakeFiles/mecharm_interfaces__rosidl_typesupport_introspection_cpp.dir/rosidl_typesupport_introspection_cpp/mecharm_interfaces/srv/detail/get_coords__type_support.cpp.o[0m
[11.604s] [ 37%] [32mBuilding CXX object CMakeFiles/mecharm_interfaces__rosidl_typesupport_c.dir/rosidl_typesupport_c/mecharm_interfaces/msg/mecharm_angles__type_support.cpp.o[0m
[11.809s] [ 37%] [32mBuilding CXX object CMakeFiles/mecharm_interfaces__rosidl_typesupport_c.dir/rosidl_typesupport_c/mecharm_interfaces/msg/mecharm_coords__type_support.cpp.o[0m
[11.891s] [ 38%] [32mBuilding CXX object CMakeFiles/mecharm_interfaces__rosidl_typesupport_c.dir/rosidl_typesupport_c/mecharm_interfaces/msg/mecharm_set_angles__type_support.cpp.o[0m
[12.060s] [ 39%] [32mBuilding CXX object CMakeFiles/mecharm_interfaces__rosidl_typesupport_c.dir/rosidl_typesupport_c/mecharm_interfaces/msg/mecharm_set_coords__type_support.cpp.o[0m
[12.064s] [ 40%] [32mBuilding CXX object CMakeFiles/mecharm_interfaces__rosidl_typesupport_introspection_cpp.dir/rosidl_typesupport_introspection_cpp/mecharm_interfaces/srv/detail/set_coords__type_support.cpp.o[0m
[12.143s] [ 41%] [32mBuilding CXX object CMakeFiles/mecharm_interfaces__rosidl_typesupport_c.dir/rosidl_typesupport_c/mecharm_interfaces/msg/mecharm_gripper_status__type_support.cpp.o[0m
[12.219s] [ 42%] [32mBuilding C object CMakeFiles/mecharm_interfaces__rosidl_typesupport_introspection_c.dir/rosidl_typesupport_introspection_c/mecharm_interfaces/msg/detail/mecharm_angles__type_support.c.o[0m
[12.250s] [ 43%] [32mBuilding CXX object CMakeFiles/mecharm_interfaces__rosidl_typesupport_c.dir/rosidl_typesupport_c/mecharm_interfaces/msg/mecharm_pump_status__type_support.cpp.o[0m
[12.295s] [ 44%] [32mBuilding CXX object CMakeFiles/mecharm_interfaces__rosidl_typesupport_c.dir/rosidl_typesupport_c/mecharm_interfaces/srv/get_angles__type_support.cpp.o[0m
[12.364s] [ 45%] [32mBuilding C object CMakeFiles/mecharm_interfaces__rosidl_typesupport_introspection_c.dir/rosidl_typesupport_introspection_c/mecharm_interfaces/msg/detail/mecharm_coords__type_support.c.o[0m
[12.365s] [ 45%] [32mBuilding CXX object CMakeFiles/mecharm_interfaces__rosidl_typesupport_c.dir/rosidl_typesupport_c/mecharm_interfaces/srv/set_angles__type_support.cpp.o[0m
[12.544s] [ 46%] [32mBuilding C object CMakeFiles/mecharm_interfaces__rosidl_typesupport_introspection_c.dir/rosidl_typesupport_introspection_c/mecharm_interfaces/msg/detail/mecharm_set_angles__type_support.c.o[0m
[12.591s] [ 47%] [32m[1mLinking CXX shared library libmecharm_interfaces__rosidl_typesupport_cpp.so[0m
[12.596s] [ 48%] [32mBuilding C object CMakeFiles/mecharm_interfaces__rosidl_typesupport_introspection_c.dir/rosidl_typesupport_introspection_c/mecharm_interfaces/msg/detail/mecharm_gripper_status__type_support.c.o[0m
[12.623s] [ 48%] [32mBuilding C object CMakeFiles/mecharm_interfaces__rosidl_typesupport_introspection_c.dir/rosidl_typesupport_introspection_c/mecharm_interfaces/msg/detail/mecharm_set_coords__type_support.c.o[0m
[12.749s] [ 49%] [32mBuilding C object CMakeFiles/mecharm_interfaces__rosidl_typesupport_introspection_c.dir/rosidl_typesupport_introspection_c/mecharm_interfaces/srv/detail/get_angles__type_support.c.o[0m
[12.770s] [ 50%] [32mBuilding C object CMakeFiles/mecharm_interfaces__rosidl_typesupport_introspection_c.dir/rosidl_typesupport_introspection_c/mecharm_interfaces/msg/detail/mecharm_pump_status__type_support.c.o[0m
[12.790s] [ 51%] [32mBuilding C object CMakeFiles/mecharm_interfaces__rosidl_typesupport_introspection_c.dir/rosidl_typesupport_introspection_c/mecharm_interfaces/srv/detail/set_angles__type_support.c.o[0m
[12.821s] [ 52%] [32mBuilding CXX object CMakeFiles/mecharm_interfaces__rosidl_typesupport_introspection_cpp.dir/rosidl_typesupport_introspection_cpp/mecharm_interfaces/srv/detail/gripper_status__type_support.cpp.o[0m
[12.858s] [ 53%] [32mBuilding CXX object CMakeFiles/mecharm_interfaces__rosidl_typesupport_c.dir/rosidl_typesupport_c/mecharm_interfaces/srv/get_coords__type_support.cpp.o[0m
[12.879s] [ 54%] [32mBuilding C object CMakeFiles/mecharm_interfaces__rosidl_typesupport_introspection_c.dir/rosidl_typesupport_introspection_c/mecharm_interfaces/srv/detail/get_coords__type_support.c.o[0m
[12.986s] [ 55%] [32mBuilding C object CMakeFiles/mecharm_interfaces__rosidl_typesupport_introspection_c.dir/rosidl_typesupport_introspection_c/mecharm_interfaces/srv/detail/set_coords__type_support.c.o[0m
[13.029s] [ 55%] [32mBuilding C object CMakeFiles/mecharm_interfaces__rosidl_typesupport_introspection_c.dir/rosidl_typesupport_introspection_c/mecharm_interfaces/srv/detail/gripper_status__type_support.c.o[0m
[13.060s] [ 56%] [32mBuilding CXX object CMakeFiles/mecharm_interfaces__rosidl_typesupport_c.dir/rosidl_typesupport_c/mecharm_interfaces/srv/set_coords__type_support.cpp.o[0m
[13.081s] [ 57%] [32mBuilding C object CMakeFiles/mecharm_interfaces__rosidl_typesupport_introspection_c.dir/rosidl_typesupport_introspection_c/mecharm_interfaces/srv/detail/pump_status__type_support.c.o[0m
[13.110s] [ 57%] Built target mecharm_interfaces__rosidl_typesupport_cpp
[13.160s] [ 58%] [32mBuilding CXX object CMakeFiles/mecharm_interfaces__rosidl_typesupport_introspection_cpp.dir/rosidl_typesupport_introspection_cpp/mecharm_interfaces/srv/detail/pump_status__type_support.cpp.o[0m
[13.177s] [ 59%] [32mBuilding CXX object CMakeFiles/mecharm_interfaces__rosidl_typesupport_fastrtps_cpp.dir/rosidl_typesupport_fastrtps_cpp/mecharm_interfaces/msg/detail/dds_fastrtps/mecharm_set_angles__type_support.cpp.o[0m
[13.197s] [ 60%] [32mBuilding CXX object CMakeFiles/mecharm_interfaces__rosidl_typesupport_c.dir/rosidl_typesupport_c/mecharm_interfaces/srv/gripper_status__type_support.cpp.o[0m
[13.389s] [ 61%] [32mBuilding CXX object CMakeFiles/mecharm_interfaces__rosidl_typesupport_fastrtps_cpp.dir/rosidl_typesupport_fastrtps_cpp/mecharm_interfaces/msg/detail/dds_fastrtps/mecharm_set_coords__type_support.cpp.o[0m
[13.419s] [ 63%] [32mBuilding CXX object CMakeFiles/mecharm_interfaces__rosidl_typesupport_fastrtps_cpp.dir/rosidl_typesupport_fastrtps_cpp/mecharm_interfaces/msg/detail/dds_fastrtps/mecharm_gripper_status__type_support.cpp.o[0m
[13.424s] [ 62%] [32mBuilding CXX object CMakeFiles/mecharm_interfaces__rosidl_typesupport_c.dir/rosidl_typesupport_c/mecharm_interfaces/srv/pump_status__type_support.cpp.o[0m
[13.480s] [ 63%] [32mBuilding CXX object CMakeFiles/mecharm_interfaces__rosidl_typesupport_fastrtps_cpp.dir/rosidl_typesupport_fastrtps_cpp/mecharm_interfaces/msg/detail/dds_fastrtps/mecharm_pump_status__type_support.cpp.o[0m
[13.499s] [ 64%] [32m[1mLinking C shared library libmecharm_interfaces__rosidl_typesupport_introspection_c.so[0m
[13.590s] [ 65%] [32mBuilding CXX object CMakeFiles/mecharm_interfaces__rosidl_typesupport_fastrtps_cpp.dir/rosidl_typesupport_fastrtps_cpp/mecharm_interfaces/srv/detail/dds_fastrtps/get_angles__type_support.cpp.o[0m
[13.669s] [ 66%] [32m[1mLinking CXX shared library libmecharm_interfaces__rosidl_typesupport_c.so[0m
[13.890s] [ 66%] Built target mecharm_interfaces__rosidl_typesupport_introspection_c
[13.994s] [ 66%] Built target mecharm_interfaces__rosidl_typesupport_c
[14.110s] [ 67%] [32mBuilding CXX object CMakeFiles/mecharm_interfaces__rosidl_typesupport_fastrtps_cpp.dir/rosidl_typesupport_fastrtps_cpp/mecharm_interfaces/srv/detail/dds_fastrtps/set_angles__type_support.cpp.o[0m
[14.421s] [ 68%] [32mBuilding CXX object CMakeFiles/mecharm_interfaces__rosidl_typesupport_fastrtps_cpp.dir/rosidl_typesupport_fastrtps_cpp/mecharm_interfaces/srv/detail/dds_fastrtps/get_coords__type_support.cpp.o[0m
[14.640s] [ 69%] [32mBuilding CXX object CMakeFiles/mecharm_interfaces__rosidl_typesupport_fastrtps_c.dir/rosidl_typesupport_fastrtps_c/mecharm_interfaces/msg/detail/mecharm_angles__type_support_c.cpp.o[0m
[14.706s] [ 70%] [32mBuilding CXX object CMakeFiles/mecharm_interfaces__rosidl_typesupport_fastrtps_cpp.dir/rosidl_typesupport_fastrtps_cpp/mecharm_interfaces/srv/detail/dds_fastrtps/set_coords__type_support.cpp.o[0m
[14.745s] [ 71%] [32mBuilding CXX object CMakeFiles/mecharm_interfaces__rosidl_typesupport_fastrtps_cpp.dir/rosidl_typesupport_fastrtps_cpp/mecharm_interfaces/srv/detail/dds_fastrtps/gripper_status__type_support.cpp.o[0m
[14.780s] [ 71%] [32mBuilding CXX object CMakeFiles/mecharm_interfaces__rosidl_typesupport_fastrtps_cpp.dir/rosidl_typesupport_fastrtps_cpp/mecharm_interfaces/srv/detail/dds_fastrtps/pump_status__type_support.cpp.o[0m
[15.196s] [ 72%] [32mBuilding CXX object CMakeFiles/mecharm_interfaces__rosidl_typesupport_fastrtps_c.dir/rosidl_typesupport_fastrtps_c/mecharm_interfaces/msg/detail/mecharm_coords__type_support_c.cpp.o[0m
[15.231s] [ 72%] [32mBuilding CXX object CMakeFiles/mecharm_interfaces__rosidl_typesupport_fastrtps_c.dir/rosidl_typesupport_fastrtps_c/mecharm_interfaces/msg/detail/mecharm_set_angles__type_support_c.cpp.o[0m
[15.344s] [ 73%] [32mBuilding CXX object CMakeFiles/mecharm_interfaces__rosidl_typesupport_fastrtps_c.dir/rosidl_typesupport_fastrtps_c/mecharm_interfaces/msg/detail/mecharm_set_coords__type_support_c.cpp.o[0m
[15.388s] [ 74%] [32mBuilding CXX object CMakeFiles/mecharm_interfaces__rosidl_typesupport_fastrtps_c.dir/rosidl_typesupport_fastrtps_c/mecharm_interfaces/msg/detail/mecharm_gripper_status__type_support_c.cpp.o[0m
[16.571s] [ 75%] [32mBuilding CXX object CMakeFiles/mecharm_interfaces__rosidl_typesupport_fastrtps_c.dir/rosidl_typesupport_fastrtps_c/mecharm_interfaces/msg/detail/mecharm_pump_status__type_support_c.cpp.o[0m
[16.685s] [ 76%] [32mBuilding CXX object CMakeFiles/mecharm_interfaces__rosidl_typesupport_fastrtps_c.dir/rosidl_typesupport_fastrtps_c/mecharm_interfaces/srv/detail/get_angles__type_support_c.cpp.o[0m
[16.800s] [ 77%] [32mBuilding CXX object CMakeFiles/mecharm_interfaces__rosidl_typesupport_fastrtps_c.dir/rosidl_typesupport_fastrtps_c/mecharm_interfaces/srv/detail/set_angles__type_support_c.cpp.o[0m
[17.164s] [ 77%] [32mBuilding CXX object CMakeFiles/mecharm_interfaces__rosidl_typesupport_fastrtps_c.dir/rosidl_typesupport_fastrtps_c/mecharm_interfaces/srv/detail/get_coords__type_support_c.cpp.o[0m
[17.232s] [ 78%] [32mBuilding CXX object CMakeFiles/mecharm_interfaces__rosidl_typesupport_fastrtps_c.dir/rosidl_typesupport_fastrtps_c/mecharm_interfaces/srv/detail/set_coords__type_support_c.cpp.o[0m
[17.383s] [ 79%] [32m[1mLinking CXX shared library libmecharm_interfaces__rosidl_typesupport_introspection_cpp.so[0m
[17.475s] [ 80%] [32mBuilding CXX object CMakeFiles/mecharm_interfaces__rosidl_typesupport_fastrtps_c.dir/rosidl_typesupport_fastrtps_c/mecharm_interfaces/srv/detail/gripper_status__type_support_c.cpp.o[0m
[17.704s] [ 80%] Built target mecharm_interfaces__rosidl_typesupport_introspection_cpp
[17.804s] [ 81%] [32mBuilding CXX object CMakeFiles/mecharm_interfaces__rosidl_typesupport_fastrtps_c.dir/rosidl_typesupport_fastrtps_c/mecharm_interfaces/srv/detail/pump_status__type_support_c.cpp.o[0m
[18.701s] [ 82%] [32m[1mLinking CXX shared library libmecharm_interfaces__rosidl_typesupport_fastrtps_cpp.so[0m
[19.262s] [ 82%] Built target mecharm_interfaces__rosidl_typesupport_fastrtps_cpp
[19.664s] [ 83%] [32m[1mLinking CXX shared library libmecharm_interfaces__rosidl_typesupport_fastrtps_c.so[0m
[19.992s] [ 83%] Built target mecharm_interfaces__rosidl_typesupport_fastrtps_c
[20.099s] [ 83%] Built target mecharm_interfaces
[20.182s] [ 84%] [34m[1mGenerating Python code for ROS interfaces[0m
[22.978s] [ 84%] Built target mecharm_interfaces__py
[23.016s] [ 86%] [32mBuilding C object CMakeFiles/mecharm_interfaces__rosidl_generator_py.dir/rosidl_generator_py/mecharm_interfaces/msg/_mecharm_angles_s.c.o[0m
[23.017s] [ 86%] [32mBuilding C object CMakeFiles/mecharm_interfaces__rosidl_generator_py.dir/rosidl_generator_py/mecharm_interfaces/msg/_mecharm_coords_s.c.o[0m
[23.020s] [ 86%] [32mBuilding C object CMakeFiles/mecharm_interfaces__rosidl_generator_py.dir/rosidl_generator_py/mecharm_interfaces/msg/_mecharm_set_angles_s.c.o[0m
[23.021s] [ 87%] [32mBuilding C object CMakeFiles/mecharm_interfaces__rosidl_generator_py.dir/rosidl_generator_py/mecharm_interfaces/msg/_mecharm_set_coords_s.c.o[0m
[23.021s] [ 89%] [32mBuilding C object CMakeFiles/mecharm_interfaces__rosidl_generator_py.dir/rosidl_generator_py/mecharm_interfaces/msg/_mecharm_gripper_status_s.c.o[0m
[23.021s] [ 89%] [32mBuilding C object CMakeFiles/mecharm_interfaces__rosidl_generator_py.dir/rosidl_generator_py/mecharm_interfaces/msg/_mecharm_pump_status_s.c.o[0m
[23.023s] [ 90%] [32mBuilding C object CMakeFiles/mecharm_interfaces__rosidl_generator_py.dir/rosidl_generator_py/mecharm_interfaces/srv/_get_angles_s.c.o[0m
[23.024s] [ 91%] [32mBuilding C object CMakeFiles/mecharm_interfaces__rosidl_generator_py.dir/rosidl_generator_py/mecharm_interfaces/srv/_set_angles_s.c.o[0m
[23.025s] [ 92%] [32mBuilding C object CMakeFiles/mecharm_interfaces__rosidl_generator_py.dir/rosidl_generator_py/mecharm_interfaces/srv/_gripper_status_s.c.o[0m
[23.025s] [ 92%] [32mBuilding C object CMakeFiles/mecharm_interfaces__rosidl_generator_py.dir/rosidl_generator_py/mecharm_interfaces/srv/_set_coords_s.c.o[0m
[23.026s] [ 93%] [32mBuilding C object CMakeFiles/mecharm_interfaces__rosidl_generator_py.dir/rosidl_generator_py/mecharm_interfaces/srv/_pump_status_s.c.o[0m
[23.026s] [ 94%] [32mBuilding C object CMakeFiles/mecharm_interfaces__rosidl_generator_py.dir/rosidl_generator_py/mecharm_interfaces/srv/_get_coords_s.c.o[0m
[23.515s] [ 95%] [32m[1mLinking C shared library rosidl_generator_py/mecharm_interfaces/libmecharm_interfaces__rosidl_generator_py.so[0m
[23.593s] [ 95%] Built target mecharm_interfaces__rosidl_generator_py
[23.627s] [ 96%] [32mBuilding C object CMakeFiles/mecharm_interfaces__rosidl_typesupport_fastrtps_c__pyext.dir/rosidl_generator_py/mecharm_interfaces/_mecharm_interfaces_s.ep.rosidl_typesupport_fastrtps_c.c.o[0m
[23.627s] [ 97%] [32mBuilding C object CMakeFiles/mecharm_interfaces__rosidl_typesupport_introspection_c__pyext.dir/rosidl_generator_py/mecharm_interfaces/_mecharm_interfaces_s.ep.rosidl_typesupport_introspection_c.c.o[0m
[23.633s] [ 97%] [32mBuilding C object CMakeFiles/mecharm_interfaces__rosidl_typesupport_c__pyext.dir/rosidl_generator_py/mecharm_interfaces/_mecharm_interfaces_s.ep.rosidl_typesupport_c.c.o[0m
[24.064s] [ 98%] [32m[1mLinking C shared library rosidl_generator_py/mecharm_interfaces/mecharm_interfaces_s__rosidl_typesupport_c.cpython-310-x86_64-linux-gnu.so[0m
[24.069s] [ 99%] [32m[1mLinking C shared library rosidl_generator_py/mecharm_interfaces/mecharm_interfaces_s__rosidl_typesupport_introspection_c.cpython-310-x86_64-linux-gnu.so[0m
[24.107s] [100%] [32m[1mLinking C shared library rosidl_generator_py/mecharm_interfaces/mecharm_interfaces_s__rosidl_typesupport_fastrtps_c.cpython-310-x86_64-linux-gnu.so[0m
[24.152s] [100%] Built target mecharm_interfaces__rosidl_typesupport_introspection_c__pyext
[24.159s] [100%] Built target mecharm_interfaces__rosidl_typesupport_c__pyext
[24.180s] [100%] Built target mecharm_interfaces__rosidl_typesupport_fastrtps_c__pyext
[24.201s] Invoked command in '/home/tyler/colcon_ws/build/mecharm_interfaces' returned '0': CMAKE_PREFIX_PATH=/opt/ros/humble MYSQL_PS1=(\u@\h) [\d]> /usr/bin/cmake --build /home/tyler/colcon_ws/build/mecharm_interfaces -- -j16 -l16
[24.650s] Invoking command in '/home/tyler/colcon_ws/build/mecharm_interfaces': CMAKE_PREFIX_PATH=/opt/ros/humble MYSQL_PS1=(\u@\h) [\d]> /usr/bin/cmake --install /home/tyler/colcon_ws/build/mecharm_interfaces
[24.663s] -- Install configuration: ""
[24.664s] -- Execute custom install script
[24.665s] -- Symlinking: /home/tyler/colcon_ws/install/mecharm_interfaces/share/ament_index/resource_index/rosidl_interfaces/mecharm_interfaces
[24.679s] -- Symlinking: /home/tyler/colcon_ws/install/mecharm_interfaces/include/mecharm_interfaces/mecharm_interfaces/msg/detail/mecharm_angles__functions.h
[24.692s] -- Symlinking: /home/tyler/colcon_ws/install/mecharm_interfaces/include/mecharm_interfaces/mecharm_interfaces/msg/detail/mecharm_angles__struct.h
[24.706s] -- Symlinking: /home/tyler/colcon_ws/install/mecharm_interfaces/include/mecharm_interfaces/mecharm_interfaces/msg/detail/mecharm_angles__type_support.h
[24.719s] -- Symlinking: /home/tyler/colcon_ws/install/mecharm_interfaces/include/mecharm_interfaces/mecharm_interfaces/msg/detail/mecharm_coords__functions.h
[24.732s] -- Symlinking: /home/tyler/colcon_ws/install/mecharm_interfaces/include/mecharm_interfaces/mecharm_interfaces/msg/detail/mecharm_coords__struct.h
[24.745s] -- Symlinking: /home/tyler/colcon_ws/install/mecharm_interfaces/include/mecharm_interfaces/mecharm_interfaces/msg/detail/mecharm_coords__type_support.h
[24.758s] -- Symlinking: /home/tyler/colcon_ws/install/mecharm_interfaces/include/mecharm_interfaces/mecharm_interfaces/msg/detail/mecharm_gripper_status__functions.h
[24.771s] -- Symlinking: /home/tyler/colcon_ws/install/mecharm_interfaces/include/mecharm_interfaces/mecharm_interfaces/msg/detail/mecharm_gripper_status__struct.h
[24.785s] -- Symlinking: /home/tyler/colcon_ws/install/mecharm_interfaces/include/mecharm_interfaces/mecharm_interfaces/msg/detail/mecharm_gripper_status__type_support.h
[24.799s] -- Symlinking: /home/tyler/colcon_ws/install/mecharm_interfaces/include/mecharm_interfaces/mecharm_interfaces/msg/detail/mecharm_pump_status__functions.h
[24.814s] -- Symlinking: /home/tyler/colcon_ws/install/mecharm_interfaces/include/mecharm_interfaces/mecharm_interfaces/msg/detail/mecharm_pump_status__struct.h
[24.828s] -- Symlinking: /home/tyler/colcon_ws/install/mecharm_interfaces/include/mecharm_interfaces/mecharm_interfaces/msg/detail/mecharm_pump_status__type_support.h
[24.844s] -- Symlinking: /home/tyler/colcon_ws/install/mecharm_interfaces/include/mecharm_interfaces/mecharm_interfaces/msg/detail/mecharm_set_angles__functions.h
[24.859s] -- Symlinking: /home/tyler/colcon_ws/install/mecharm_interfaces/include/mecharm_interfaces/mecharm_interfaces/msg/detail/mecharm_set_angles__struct.h
[24.872s] -- Symlinking: /home/tyler/colcon_ws/install/mecharm_interfaces/include/mecharm_interfaces/mecharm_interfaces/msg/detail/mecharm_set_angles__type_support.h
[24.885s] -- Symlinking: /home/tyler/colcon_ws/install/mecharm_interfaces/include/mecharm_interfaces/mecharm_interfaces/msg/detail/mecharm_set_coords__functions.h
[24.899s] -- Symlinking: /home/tyler/colcon_ws/install/mecharm_interfaces/include/mecharm_interfaces/mecharm_interfaces/msg/detail/mecharm_set_coords__struct.h
[24.914s] -- Symlinking: /home/tyler/colcon_ws/install/mecharm_interfaces/include/mecharm_interfaces/mecharm_interfaces/msg/detail/mecharm_set_coords__type_support.h
[24.928s] -- Symlinking: /home/tyler/colcon_ws/install/mecharm_interfaces/include/mecharm_interfaces/mecharm_interfaces/msg/mecharm_angles.h
[24.940s] -- Symlinking: /home/tyler/colcon_ws/install/mecharm_interfaces/include/mecharm_interfaces/mecharm_interfaces/msg/mecharm_coords.h
[24.953s] -- Symlinking: /home/tyler/colcon_ws/install/mecharm_interfaces/include/mecharm_interfaces/mecharm_interfaces/msg/mecharm_gripper_status.h
[24.966s] -- Symlinking: /home/tyler/colcon_ws/install/mecharm_interfaces/include/mecharm_interfaces/mecharm_interfaces/msg/mecharm_pump_status.h
[24.979s] -- Symlinking: /home/tyler/colcon_ws/install/mecharm_interfaces/include/mecharm_interfaces/mecharm_interfaces/msg/mecharm_set_angles.h
[24.992s] -- Symlinking: /home/tyler/colcon_ws/install/mecharm_interfaces/include/mecharm_interfaces/mecharm_interfaces/msg/mecharm_set_coords.h
[25.006s] -- Symlinking: /home/tyler/colcon_ws/install/mecharm_interfaces/include/mecharm_interfaces/mecharm_interfaces/msg/rosidl_generator_c__visibility_control.h
[25.019s] -- Symlinking: /home/tyler/colcon_ws/install/mecharm_interfaces/include/mecharm_interfaces/mecharm_interfaces/srv/detail/get_angles__functions.h
[25.032s] -- Symlinking: /home/tyler/colcon_ws/install/mecharm_interfaces/include/mecharm_interfaces/mecharm_interfaces/srv/detail/get_angles__struct.h
[25.045s] -- Symlinking: /home/tyler/colcon_ws/install/mecharm_interfaces/include/mecharm_interfaces/mecharm_interfaces/srv/detail/get_angles__type_support.h
[25.058s] -- Symlinking: /home/tyler/colcon_ws/install/mecharm_interfaces/include/mecharm_interfaces/mecharm_interfaces/srv/detail/get_coords__functions.h
[25.072s] -- Symlinking: /home/tyler/colcon_ws/install/mecharm_interfaces/include/mecharm_interfaces/mecharm_interfaces/srv/detail/get_coords__struct.h
[25.085s] -- Symlinking: /home/tyler/colcon_ws/install/mecharm_interfaces/include/mecharm_interfaces/mecharm_interfaces/srv/detail/get_coords__type_support.h
[25.097s] -- Symlinking: /home/tyler/colcon_ws/install/mecharm_interfaces/include/mecharm_interfaces/mecharm_interfaces/srv/detail/gripper_status__functions.h
[25.111s] -- Symlinking: /home/tyler/colcon_ws/install/mecharm_interfaces/include/mecharm_interfaces/mecharm_interfaces/srv/detail/gripper_status__struct.h
[25.125s] -- Symlinking: /home/tyler/colcon_ws/install/mecharm_interfaces/include/mecharm_interfaces/mecharm_interfaces/srv/detail/gripper_status__type_support.h
[25.137s] -- Symlinking: /home/tyler/colcon_ws/install/mecharm_interfaces/include/mecharm_interfaces/mecharm_interfaces/srv/detail/pump_status__functions.h
[25.151s] -- Symlinking: /home/tyler/colcon_ws/install/mecharm_interfaces/include/mecharm_interfaces/mecharm_interfaces/srv/detail/pump_status__struct.h
[25.164s] -- Symlinking: /home/tyler/colcon_ws/install/mecharm_interfaces/include/mecharm_interfaces/mecharm_interfaces/srv/detail/pump_status__type_support.h
[25.177s] -- Symlinking: /home/tyler/colcon_ws/install/mecharm_interfaces/include/mecharm_interfaces/mecharm_interfaces/srv/detail/set_angles__functions.h
[25.190s] -- Symlinking: /home/tyler/colcon_ws/install/mecharm_interfaces/include/mecharm_interfaces/mecharm_interfaces/srv/detail/set_angles__struct.h
[25.204s] -- Symlinking: /home/tyler/colcon_ws/install/mecharm_interfaces/include/mecharm_interfaces/mecharm_interfaces/srv/detail/set_angles__type_support.h
[25.218s] -- Symlinking: /home/tyler/colcon_ws/install/mecharm_interfaces/include/mecharm_interfaces/mecharm_interfaces/srv/detail/set_coords__functions.h
[25.232s] -- Symlinking: /home/tyler/colcon_ws/install/mecharm_interfaces/include/mecharm_interfaces/mecharm_interfaces/srv/detail/set_coords__struct.h
[25.245s] -- Symlinking: /home/tyler/colcon_ws/install/mecharm_interfaces/include/mecharm_interfaces/mecharm_interfaces/srv/detail/set_coords__type_support.h
[25.258s] -- Symlinking: /home/tyler/colcon_ws/install/mecharm_interfaces/include/mecharm_interfaces/mecharm_interfaces/srv/get_angles.h
[25.271s] -- Symlinking: /home/tyler/colcon_ws/install/mecharm_interfaces/include/mecharm_interfaces/mecharm_interfaces/srv/get_coords.h
[25.285s] -- Symlinking: /home/tyler/colcon_ws/install/mecharm_interfaces/include/mecharm_interfaces/mecharm_interfaces/srv/gripper_status.h
[25.297s] -- Symlinking: /home/tyler/colcon_ws/install/mecharm_interfaces/include/mecharm_interfaces/mecharm_interfaces/srv/pump_status.h
[25.311s] -- Symlinking: /home/tyler/colcon_ws/install/mecharm_interfaces/include/mecharm_interfaces/mecharm_interfaces/srv/set_angles.h
[25.324s] -- Symlinking: /home/tyler/colcon_ws/install/mecharm_interfaces/include/mecharm_interfaces/mecharm_interfaces/srv/set_coords.h
[25.336s] -- Symlinking: /home/tyler/colcon_ws/install/mecharm_interfaces/share/mecharm_interfaces/environment/library_path.sh
[25.348s] -- Symlinking: /home/tyler/colcon_ws/install/mecharm_interfaces/share/mecharm_interfaces/environment/library_path.dsv
[25.361s] -- Symlinking: /home/tyler/colcon_ws/install/mecharm_interfaces/include/mecharm_interfaces/mecharm_interfaces/msg/detail/mecharm_angles__rosidl_typesupport_fastrtps_c.h
[25.373s] -- Symlinking: /home/tyler/colcon_ws/install/mecharm_interfaces/include/mecharm_interfaces/mecharm_interfaces/msg/detail/mecharm_coords__rosidl_typesupport_fastrtps_c.h
[25.385s] -- Symlinking: /home/tyler/colcon_ws/install/mecharm_interfaces/include/mecharm_interfaces/mecharm_interfaces/msg/detail/mecharm_gripper_status__rosidl_typesupport_fastrtps_c.h
[25.398s] -- Symlinking: /home/tyler/colcon_ws/install/mecharm_interfaces/include/mecharm_interfaces/mecharm_interfaces/msg/detail/mecharm_pump_status__rosidl_typesupport_fastrtps_c.h
[25.411s] -- Symlinking: /home/tyler/colcon_ws/install/mecharm_interfaces/include/mecharm_interfaces/mecharm_interfaces/msg/detail/mecharm_set_angles__rosidl_typesupport_fastrtps_c.h
[25.424s] -- Symlinking: /home/tyler/colcon_ws/install/mecharm_interfaces/include/mecharm_interfaces/mecharm_interfaces/msg/detail/mecharm_set_coords__rosidl_typesupport_fastrtps_c.h
[25.437s] -- Symlinking: /home/tyler/colcon_ws/install/mecharm_interfaces/include/mecharm_interfaces/mecharm_interfaces/msg/rosidl_typesupport_fastrtps_c__visibility_control.h
[25.451s] -- Symlinking: /home/tyler/colcon_ws/install/mecharm_interfaces/include/mecharm_interfaces/mecharm_interfaces/srv/detail/get_angles__rosidl_typesupport_fastrtps_c.h
[25.464s] -- Symlinking: /home/tyler/colcon_ws/install/mecharm_interfaces/include/mecharm_interfaces/mecharm_interfaces/srv/detail/get_coords__rosidl_typesupport_fastrtps_c.h
[25.477s] -- Symlinking: /home/tyler/colcon_ws/install/mecharm_interfaces/include/mecharm_interfaces/mecharm_interfaces/srv/detail/gripper_status__rosidl_typesupport_fastrtps_c.h
[25.490s] -- Symlinking: /home/tyler/colcon_ws/install/mecharm_interfaces/include/mecharm_interfaces/mecharm_interfaces/srv/detail/pump_status__rosidl_typesupport_fastrtps_c.h
[25.505s] -- Symlinking: /home/tyler/colcon_ws/install/mecharm_interfaces/include/mecharm_interfaces/mecharm_interfaces/srv/detail/set_angles__rosidl_typesupport_fastrtps_c.h
[25.520s] -- Symlinking: /home/tyler/colcon_ws/install/mecharm_interfaces/include/mecharm_interfaces/mecharm_interfaces/srv/detail/set_coords__rosidl_typesupport_fastrtps_c.h
[25.534s] -- Symlinking: /home/tyler/colcon_ws/install/mecharm_interfaces/include/mecharm_interfaces/mecharm_interfaces/msg/detail/mecharm_angles__rosidl_typesupport_introspection_c.h
[25.546s] -- Symlinking: /home/tyler/colcon_ws/install/mecharm_interfaces/include/mecharm_interfaces/mecharm_interfaces/msg/detail/mecharm_coords__rosidl_typesupport_introspection_c.h
[25.559s] -- Symlinking: /home/tyler/colcon_ws/install/mecharm_interfaces/include/mecharm_interfaces/mecharm_interfaces/msg/detail/mecharm_gripper_status__rosidl_typesupport_introspection_c.h
[25.572s] -- Symlinking: /home/tyler/colcon_ws/install/mecharm_interfaces/include/mecharm_interfaces/mecharm_interfaces/msg/detail/mecharm_pump_status__rosidl_typesupport_introspection_c.h
[25.585s] -- Symlinking: /home/tyler/colcon_ws/install/mecharm_interfaces/include/mecharm_interfaces/mecharm_interfaces/msg/detail/mecharm_set_angles__rosidl_typesupport_introspection_c.h
[25.597s] -- Symlinking: /home/tyler/colcon_ws/install/mecharm_interfaces/include/mecharm_interfaces/mecharm_interfaces/msg/detail/mecharm_set_coords__rosidl_typesupport_introspection_c.h
[25.612s] -- Symlinking: /home/tyler/colcon_ws/install/mecharm_interfaces/include/mecharm_interfaces/mecharm_interfaces/msg/rosidl_typesupport_introspection_c__visibility_control.h
[25.625s] -- Symlinking: /home/tyler/colcon_ws/install/mecharm_interfaces/include/mecharm_interfaces/mecharm_interfaces/srv/detail/get_angles__rosidl_typesupport_introspection_c.h
[25.638s] -- Symlinking: /home/tyler/colcon_ws/install/mecharm_interfaces/include/mecharm_interfaces/mecharm_interfaces/srv/detail/get_coords__rosidl_typesupport_introspection_c.h
[25.652s] -- Symlinking: /home/tyler/colcon_ws/install/mecharm_interfaces/include/mecharm_interfaces/mecharm_interfaces/srv/detail/gripper_status__rosidl_typesupport_introspection_c.h
[25.665s] -- Symlinking: /home/tyler/colcon_ws/install/mecharm_interfaces/include/mecharm_interfaces/mecharm_interfaces/srv/detail/pump_status__rosidl_typesupport_introspection_c.h
[25.677s] -- Symlinking: /home/tyler/colcon_ws/install/mecharm_interfaces/include/mecharm_interfaces/mecharm_interfaces/srv/detail/set_angles__rosidl_typesupport_introspection_c.h
[25.691s] -- Symlinking: /home/tyler/colcon_ws/install/mecharm_interfaces/include/mecharm_interfaces/mecharm_interfaces/srv/detail/set_coords__rosidl_typesupport_introspection_c.h
[25.706s] -- Symlinking: /home/tyler/colcon_ws/install/mecharm_interfaces/include/mecharm_interfaces/mecharm_interfaces/msg/detail/mecharm_angles__builder.hpp
[25.719s] -- Symlinking: /home/tyler/colcon_ws/install/mecharm_interfaces/include/mecharm_interfaces/mecharm_interfaces/msg/detail/mecharm_angles__struct.hpp
[25.733s] -- Symlinking: /home/tyler/colcon_ws/install/mecharm_interfaces/include/mecharm_interfaces/mecharm_interfaces/msg/detail/mecharm_angles__traits.hpp
[25.745s] -- Symlinking: /home/tyler/colcon_ws/install/mecharm_interfaces/include/mecharm_interfaces/mecharm_interfaces/msg/detail/mecharm_coords__builder.hpp
[25.758s] -- Symlinking: /home/tyler/colcon_ws/install/mecharm_interfaces/include/mecharm_interfaces/mecharm_interfaces/msg/detail/mecharm_coords__struct.hpp
[25.771s] -- Symlinking: /home/tyler/colcon_ws/install/mecharm_interfaces/include/mecharm_interfaces/mecharm_interfaces/msg/detail/mecharm_coords__traits.hpp
[25.784s] -- Symlinking: /home/tyler/colcon_ws/install/mecharm_interfaces/include/mecharm_interfaces/mecharm_interfaces/msg/detail/mecharm_gripper_status__builder.hpp
[25.798s] -- Symlinking: /home/tyler/colcon_ws/install/mecharm_interfaces/include/mecharm_interfaces/mecharm_interfaces/msg/detail/mecharm_gripper_status__struct.hpp
[25.813s] -- Symlinking: /home/tyler/colcon_ws/install/mecharm_interfaces/include/mecharm_interfaces/mecharm_interfaces/msg/detail/mecharm_gripper_status__traits.hpp
[25.827s] -- Symlinking: /home/tyler/colcon_ws/install/mecharm_interfaces/include/mecharm_interfaces/mecharm_interfaces/msg/detail/mecharm_pump_status__builder.hpp
[25.840s] -- Symlinking: /home/tyler/colcon_ws/install/mecharm_interfaces/include/mecharm_interfaces/mecharm_interfaces/msg/detail/mecharm_pump_status__struct.hpp
[25.854s] -- Symlinking: /home/tyler/colcon_ws/install/mecharm_interfaces/include/mecharm_interfaces/mecharm_interfaces/msg/detail/mecharm_pump_status__traits.hpp
[25.866s] -- Symlinking: /home/tyler/colcon_ws/install/mecharm_interfaces/include/mecharm_interfaces/mecharm_interfaces/msg/detail/mecharm_set_angles__builder.hpp
[25.879s] -- Symlinking: /home/tyler/colcon_ws/install/mecharm_interfaces/include/mecharm_interfaces/mecharm_interfaces/msg/detail/mecharm_set_angles__struct.hpp
[25.893s] -- Symlinking: /home/tyler/colcon_ws/install/mecharm_interfaces/include/mecharm_interfaces/mecharm_interfaces/msg/detail/mecharm_set_angles__traits.hpp
[25.906s] -- Symlinking: /home/tyler/colcon_ws/install/mecharm_interfaces/include/mecharm_interfaces/mecharm_interfaces/msg/detail/mecharm_set_coords__builder.hpp
[25.921s] -- Symlinking: /home/tyler/colcon_ws/install/mecharm_interfaces/include/mecharm_interfaces/mecharm_interfaces/msg/detail/mecharm_set_coords__struct.hpp
[25.933s] -- Symlinking: /home/tyler/colcon_ws/install/mecharm_interfaces/include/mecharm_interfaces/mecharm_interfaces/msg/detail/mecharm_set_coords__traits.hpp
[25.946s] -- Symlinking: /home/tyler/colcon_ws/install/mecharm_interfaces/include/mecharm_interfaces/mecharm_interfaces/msg/mecharm_angles.hpp
[25.960s] -- Symlinking: /home/tyler/colcon_ws/install/mecharm_interfaces/include/mecharm_interfaces/mecharm_interfaces/msg/mecharm_coords.hpp
[25.973s] -- Symlinking: /home/tyler/colcon_ws/install/mecharm_interfaces/include/mecharm_interfaces/mecharm_interfaces/msg/mecharm_gripper_status.hpp
[25.987s] -- Symlinking: /home/tyler/colcon_ws/install/mecharm_interfaces/include/mecharm_interfaces/mecharm_interfaces/msg/mecharm_pump_status.hpp
[26.000s] -- Symlinking: /home/tyler/colcon_ws/install/mecharm_interfaces/include/mecharm_interfaces/mecharm_interfaces/msg/mecharm_set_angles.hpp
[26.014s] -- Symlinking: /home/tyler/colcon_ws/install/mecharm_interfaces/include/mecharm_interfaces/mecharm_interfaces/msg/mecharm_set_coords.hpp
[26.028s] -- Symlinking: /home/tyler/colcon_ws/install/mecharm_interfaces/include/mecharm_interfaces/mecharm_interfaces/srv/detail/get_angles__builder.hpp
[26.041s] -- Symlinking: /home/tyler/colcon_ws/install/mecharm_interfaces/include/mecharm_interfaces/mecharm_interfaces/srv/detail/get_angles__struct.hpp
[26.054s] -- Symlinking: /home/tyler/colcon_ws/install/mecharm_interfaces/include/mecharm_interfaces/mecharm_interfaces/srv/detail/get_angles__traits.hpp
[26.066s] -- Symlinking: /home/tyler/colcon_ws/install/mecharm_interfaces/include/mecharm_interfaces/mecharm_interfaces/srv/detail/get_coords__builder.hpp
[26.078s] -- Symlinking: /home/tyler/colcon_ws/install/mecharm_interfaces/include/mecharm_interfaces/mecharm_interfaces/srv/detail/get_coords__struct.hpp
[26.092s] -- Symlinking: /home/tyler/colcon_ws/install/mecharm_interfaces/include/mecharm_interfaces/mecharm_interfaces/srv/detail/get_coords__traits.hpp
[26.106s] -- Symlinking: /home/tyler/colcon_ws/install/mecharm_interfaces/include/mecharm_interfaces/mecharm_interfaces/srv/detail/gripper_status__builder.hpp
[26.121s] -- Symlinking: /home/tyler/colcon_ws/install/mecharm_interfaces/include/mecharm_interfaces/mecharm_interfaces/srv/detail/gripper_status__struct.hpp
[26.134s] -- Symlinking: /home/tyler/colcon_ws/install/mecharm_interfaces/include/mecharm_interfaces/mecharm_interfaces/srv/detail/gripper_status__traits.hpp
[26.147s] -- Symlinking: /home/tyler/colcon_ws/install/mecharm_interfaces/include/mecharm_interfaces/mecharm_interfaces/srv/detail/pump_status__builder.hpp
[26.160s] -- Symlinking: /home/tyler/colcon_ws/install/mecharm_interfaces/include/mecharm_interfaces/mecharm_interfaces/srv/detail/pump_status__struct.hpp
[26.173s] -- Symlinking: /home/tyler/colcon_ws/install/mecharm_interfaces/include/mecharm_interfaces/mecharm_interfaces/srv/detail/pump_status__traits.hpp
[26.185s] -- Symlinking: /home/tyler/colcon_ws/install/mecharm_interfaces/include/mecharm_interfaces/mecharm_interfaces/srv/detail/set_angles__builder.hpp
[26.199s] -- Symlinking: /home/tyler/colcon_ws/install/mecharm_interfaces/include/mecharm_interfaces/mecharm_interfaces/srv/detail/set_angles__struct.hpp
[26.223s] -- Symlinking: /home/tyler/colcon_ws/install/mecharm_interfaces/include/mecharm_interfaces/mecharm_interfaces/srv/detail/set_angles__traits.hpp
[26.237s] -- Symlinking: /home/tyler/colcon_ws/install/mecharm_interfaces/include/mecharm_interfaces/mecharm_interfaces/srv/detail/set_coords__builder.hpp
[26.250s] -- Symlinking: /home/tyler/colcon_ws/install/mecharm_interfaces/include/mecharm_interfaces/mecharm_interfaces/srv/detail/set_coords__struct.hpp
[26.263s] -- Symlinking: /home/tyler/colcon_ws/install/mecharm_interfaces/include/mecharm_interfaces/mecharm_interfaces/srv/detail/set_coords__traits.hpp
[26.276s] -- Symlinking: /home/tyler/colcon_ws/install/mecharm_interfaces/include/mecharm_interfaces/mecharm_interfaces/srv/get_angles.hpp
[26.290s] -- Symlinking: /home/tyler/colcon_ws/install/mecharm_interfaces/include/mecharm_interfaces/mecharm_interfaces/srv/get_coords.hpp
[26.303s] -- Symlinking: /home/tyler/colcon_ws/install/mecharm_interfaces/include/mecharm_interfaces/mecharm_interfaces/srv/gripper_status.hpp
[26.319s] -- Symlinking: /home/tyler/colcon_ws/install/mecharm_interfaces/include/mecharm_interfaces/mecharm_interfaces/srv/pump_status.hpp
[26.332s] -- Symlinking: /home/tyler/colcon_ws/install/mecharm_interfaces/include/mecharm_interfaces/mecharm_interfaces/srv/set_angles.hpp
[26.345s] -- Symlinking: /home/tyler/colcon_ws/install/mecharm_interfaces/include/mecharm_interfaces/mecharm_interfaces/srv/set_coords.hpp
[26.360s] -- Symlinking: /home/tyler/colcon_ws/install/mecharm_interfaces/include/mecharm_interfaces/mecharm_interfaces/msg/detail/mecharm_angles__rosidl_typesupport_fastrtps_cpp.hpp
[26.373s] -- Symlinking: /home/tyler/colcon_ws/install/mecharm_interfaces/include/mecharm_interfaces/mecharm_interfaces/msg/detail/mecharm_coords__rosidl_typesupport_fastrtps_cpp.hpp
[26.386s] -- Symlinking: /home/tyler/colcon_ws/install/mecharm_interfaces/include/mecharm_interfaces/mecharm_interfaces/msg/detail/mecharm_gripper_status__rosidl_typesupport_fastrtps_cpp.hpp
[26.398s] -- Symlinking: /home/tyler/colcon_ws/install/mecharm_interfaces/include/mecharm_interfaces/mecharm_interfaces/msg/detail/mecharm_pump_status__rosidl_typesupport_fastrtps_cpp.hpp
[26.412s] -- Symlinking: /home/tyler/colcon_ws/install/mecharm_interfaces/include/mecharm_interfaces/mecharm_interfaces/msg/detail/mecharm_set_angles__rosidl_typesupport_fastrtps_cpp.hpp
[26.426s] -- Symlinking: /home/tyler/colcon_ws/install/mecharm_interfaces/include/mecharm_interfaces/mecharm_interfaces/msg/detail/mecharm_set_coords__rosidl_typesupport_fastrtps_cpp.hpp
[26.439s] -- Symlinking: /home/tyler/colcon_ws/install/mecharm_interfaces/include/mecharm_interfaces/mecharm_interfaces/msg/rosidl_typesupport_fastrtps_cpp__visibility_control.h
[26.451s] -- Symlinking: /home/tyler/colcon_ws/install/mecharm_interfaces/include/mecharm_interfaces/mecharm_interfaces/srv/detail/get_angles__rosidl_typesupport_fastrtps_cpp.hpp
[26.465s] -- Symlinking: /home/tyler/colcon_ws/install/mecharm_interfaces/include/mecharm_interfaces/mecharm_interfaces/srv/detail/get_coords__rosidl_typesupport_fastrtps_cpp.hpp
[26.478s] -- Symlinking: /home/tyler/colcon_ws/install/mecharm_interfaces/include/mecharm_interfaces/mecharm_interfaces/srv/detail/gripper_status__rosidl_typesupport_fastrtps_cpp.hpp
[26.490s] -- Symlinking: /home/tyler/colcon_ws/install/mecharm_interfaces/include/mecharm_interfaces/mecharm_interfaces/srv/detail/pump_status__rosidl_typesupport_fastrtps_cpp.hpp
[26.505s] -- Symlinking: /home/tyler/colcon_ws/install/mecharm_interfaces/include/mecharm_interfaces/mecharm_interfaces/srv/detail/set_angles__rosidl_typesupport_fastrtps_cpp.hpp
[26.519s] -- Symlinking: /home/tyler/colcon_ws/install/mecharm_interfaces/include/mecharm_interfaces/mecharm_interfaces/srv/detail/set_coords__rosidl_typesupport_fastrtps_cpp.hpp
[26.533s] -- Symlinking: /home/tyler/colcon_ws/install/mecharm_interfaces/include/mecharm_interfaces/mecharm_interfaces/msg/detail/mecharm_angles__rosidl_typesupport_introspection_cpp.hpp
[26.545s] -- Symlinking: /home/tyler/colcon_ws/install/mecharm_interfaces/include/mecharm_interfaces/mecharm_interfaces/msg/detail/mecharm_coords__rosidl_typesupport_introspection_cpp.hpp
[26.558s] -- Symlinking: /home/tyler/colcon_ws/install/mecharm_interfaces/include/mecharm_interfaces/mecharm_interfaces/msg/detail/mecharm_gripper_status__rosidl_typesupport_introspection_cpp.hpp
[26.570s] -- Symlinking: /home/tyler/colcon_ws/install/mecharm_interfaces/include/mecharm_interfaces/mecharm_interfaces/msg/detail/mecharm_pump_status__rosidl_typesupport_introspection_cpp.hpp
[26.583s] -- Symlinking: /home/tyler/colcon_ws/install/mecharm_interfaces/include/mecharm_interfaces/mecharm_interfaces/msg/detail/mecharm_set_angles__rosidl_typesupport_introspection_cpp.hpp
[26.596s] -- Symlinking: /home/tyler/colcon_ws/install/mecharm_interfaces/include/mecharm_interfaces/mecharm_interfaces/msg/detail/mecharm_set_coords__rosidl_typesupport_introspection_cpp.hpp
[26.611s] -- Symlinking: /home/tyler/colcon_ws/install/mecharm_interfaces/include/mecharm_interfaces/mecharm_interfaces/srv/detail/get_angles__rosidl_typesupport_introspection_cpp.hpp
[26.625s] -- Symlinking: /home/tyler/colcon_ws/install/mecharm_interfaces/include/mecharm_interfaces/mecharm_interfaces/srv/detail/get_coords__rosidl_typesupport_introspection_cpp.hpp
[26.638s] -- Symlinking: /home/tyler/colcon_ws/install/mecharm_interfaces/include/mecharm_interfaces/mecharm_interfaces/srv/detail/gripper_status__rosidl_typesupport_introspection_cpp.hpp
[26.650s] -- Symlinking: /home/tyler/colcon_ws/install/mecharm_interfaces/include/mecharm_interfaces/mecharm_interfaces/srv/detail/pump_status__rosidl_typesupport_introspection_cpp.hpp
[26.663s] -- Symlinking: /home/tyler/colcon_ws/install/mecharm_interfaces/include/mecharm_interfaces/mecharm_interfaces/srv/detail/set_angles__rosidl_typesupport_introspection_cpp.hpp
[26.675s] -- Symlinking: /home/tyler/colcon_ws/install/mecharm_interfaces/include/mecharm_interfaces/mecharm_interfaces/srv/detail/set_coords__rosidl_typesupport_introspection_cpp.hpp
[26.688s] -- Symlinking: /home/tyler/colcon_ws/install/mecharm_interfaces/share/mecharm_interfaces/environment/pythonpath.sh
[26.702s] -- Symlinking: /home/tyler/colcon_ws/install/mecharm_interfaces/share/mecharm_interfaces/environment/pythonpath.dsv
[26.717s] -- Symlinking: /home/tyler/colcon_ws/install/mecharm_interfaces/local/lib/python3.10/dist-packages/mecharm_interfaces-0.0.0-py3.10.egg-info/PKG-INFO
[26.731s] -- Symlinking: /home/tyler/colcon_ws/install/mecharm_interfaces/local/lib/python3.10/dist-packages/mecharm_interfaces-0.0.0-py3.10.egg-info/SOURCES.txt
[26.744s] -- Symlinking: /home/tyler/colcon_ws/install/mecharm_interfaces/local/lib/python3.10/dist-packages/mecharm_interfaces-0.0.0-py3.10.egg-info/dependency_links.txt
[26.758s] -- Symlinking: /home/tyler/colcon_ws/install/mecharm_interfaces/local/lib/python3.10/dist-packages/mecharm_interfaces-0.0.0-py3.10.egg-info/top_level.txt
[26.773s] -- Symlinking: /home/tyler/colcon_ws/install/mecharm_interfaces/local/lib/python3.10/dist-packages/mecharm_interfaces/__init__.py
[26.785s] -- Symlinking: /home/tyler/colcon_ws/install/mecharm_interfaces/local/lib/python3.10/dist-packages/mecharm_interfaces/_mecharm_interfaces_s.ep.rosidl_typesupport_c.c
[26.798s] -- Symlinking: /home/tyler/colcon_ws/install/mecharm_interfaces/local/lib/python3.10/dist-packages/mecharm_interfaces/_mecharm_interfaces_s.ep.rosidl_typesupport_fastrtps_c.c
[26.813s] -- Symlinking: /home/tyler/colcon_ws/install/mecharm_interfaces/local/lib/python3.10/dist-packages/mecharm_interfaces/_mecharm_interfaces_s.ep.rosidl_typesupport_introspection_c.c
[26.826s] -- Symlinking: /home/tyler/colcon_ws/install/mecharm_interfaces/local/lib/python3.10/dist-packages/mecharm_interfaces/libmecharm_interfaces__rosidl_generator_py.so
[26.840s] -- Symlinking: /home/tyler/colcon_ws/install/mecharm_interfaces/local/lib/python3.10/dist-packages/mecharm_interfaces/mecharm_interfaces_s__rosidl_typesupport_c.cpython-310-x86_64-linux-gnu.so
[26.856s] -- Symlinking: /home/tyler/colcon_ws/install/mecharm_interfaces/local/lib/python3.10/dist-packages/mecharm_interfaces/mecharm_interfaces_s__rosidl_typesupport_fastrtps_c.cpython-310-x86_64-linux-gnu.so
[26.871s] -- Symlinking: /home/tyler/colcon_ws/install/mecharm_interfaces/local/lib/python3.10/dist-packages/mecharm_interfaces/mecharm_interfaces_s__rosidl_typesupport_introspection_c.cpython-310-x86_64-linux-gnu.so
[26.885s] -- Symlinking: /home/tyler/colcon_ws/install/mecharm_interfaces/local/lib/python3.10/dist-packages/mecharm_interfaces/msg/__init__.py
[26.900s] -- Symlinking: /home/tyler/colcon_ws/install/mecharm_interfaces/local/lib/python3.10/dist-packages/mecharm_interfaces/msg/_mecharm_angles.py
[26.914s] -- Symlinking: /home/tyler/colcon_ws/install/mecharm_interfaces/local/lib/python3.10/dist-packages/mecharm_interfaces/msg/_mecharm_angles_s.c
[26.929s] -- Symlinking: /home/tyler/colcon_ws/install/mecharm_interfaces/local/lib/python3.10/dist-packages/mecharm_interfaces/msg/_mecharm_coords.py
[26.944s] -- Symlinking: /home/tyler/colcon_ws/install/mecharm_interfaces/local/lib/python3.10/dist-packages/mecharm_interfaces/msg/_mecharm_coords_s.c
[26.959s] -- Symlinking: /home/tyler/colcon_ws/install/mecharm_interfaces/local/lib/python3.10/dist-packages/mecharm_interfaces/msg/_mecharm_gripper_status.py
[26.973s] -- Symlinking: /home/tyler/colcon_ws/install/mecharm_interfaces/local/lib/python3.10/dist-packages/mecharm_interfaces/msg/_mecharm_gripper_status_s.c
[26.988s] -- Symlinking: /home/tyler/colcon_ws/install/mecharm_interfaces/local/lib/python3.10/dist-packages/mecharm_interfaces/msg/_mecharm_pump_status.py
[27.002s] -- Symlinking: /home/tyler/colcon_ws/install/mecharm_interfaces/local/lib/python3.10/dist-packages/mecharm_interfaces/msg/_mecharm_pump_status_s.c
[27.017s] -- Symlinking: /home/tyler/colcon_ws/install/mecharm_interfaces/local/lib/python3.10/dist-packages/mecharm_interfaces/msg/_mecharm_set_angles.py
[27.033s] -- Symlinking: /home/tyler/colcon_ws/install/mecharm_interfaces/local/lib/python3.10/dist-packages/mecharm_interfaces/msg/_mecharm_set_angles_s.c
[27.046s] -- Symlinking: /home/tyler/colcon_ws/install/mecharm_interfaces/local/lib/python3.10/dist-packages/mecharm_interfaces/msg/_mecharm_set_coords.py
[27.061s] -- Symlinking: /home/tyler/colcon_ws/install/mecharm_interfaces/local/lib/python3.10/dist-packages/mecharm_interfaces/msg/_mecharm_set_coords_s.c
[27.076s] -- Symlinking: /home/tyler/colcon_ws/install/mecharm_interfaces/local/lib/python3.10/dist-packages/mecharm_interfaces/srv/__init__.py
[27.091s] -- Symlinking: /home/tyler/colcon_ws/install/mecharm_interfaces/local/lib/python3.10/dist-packages/mecharm_interfaces/srv/_get_angles.py
[27.106s] -- Symlinking: /home/tyler/colcon_ws/install/mecharm_interfaces/local/lib/python3.10/dist-packages/mecharm_interfaces/srv/_get_angles_s.c
[27.121s] -- Symlinking: /home/tyler/colcon_ws/install/mecharm_interfaces/local/lib/python3.10/dist-packages/mecharm_interfaces/srv/_get_coords.py
[27.134s] -- Symlinking: /home/tyler/colcon_ws/install/mecharm_interfaces/local/lib/python3.10/dist-packages/mecharm_interfaces/srv/_get_coords_s.c
[27.150s] -- Symlinking: /home/tyler/colcon_ws/install/mecharm_interfaces/local/lib/python3.10/dist-packages/mecharm_interfaces/srv/_gripper_status.py
[27.165s] -- Symlinking: /home/tyler/colcon_ws/install/mecharm_interfaces/local/lib/python3.10/dist-packages/mecharm_interfaces/srv/_gripper_status_s.c
[27.180s] -- Symlinking: /home/tyler/colcon_ws/install/mecharm_interfaces/local/lib/python3.10/dist-packages/mecharm_interfaces/srv/_pump_status.py
[27.194s] -- Symlinking: /home/tyler/colcon_ws/install/mecharm_interfaces/local/lib/python3.10/dist-packages/mecharm_interfaces/srv/_pump_status_s.c
[27.210s] -- Symlinking: /home/tyler/colcon_ws/install/mecharm_interfaces/local/lib/python3.10/dist-packages/mecharm_interfaces/srv/_set_angles.py
[27.227s] -- Symlinking: /home/tyler/colcon_ws/install/mecharm_interfaces/local/lib/python3.10/dist-packages/mecharm_interfaces/srv/_set_angles_s.c
[27.242s] -- Symlinking: /home/tyler/colcon_ws/install/mecharm_interfaces/local/lib/python3.10/dist-packages/mecharm_interfaces/srv/_set_coords.py
[27.257s] -- Symlinking: /home/tyler/colcon_ws/install/mecharm_interfaces/local/lib/python3.10/dist-packages/mecharm_interfaces/srv/_set_coords_s.c
[27.273s] -- Up-to-date symlink: /home/tyler/colcon_ws/install/mecharm_interfaces/local/lib/python3.10/dist-packages/mecharm_interfaces/mecharm_interfaces_s__rosidl_typesupport_fastrtps_c.cpython-310-x86_64-linux-gnu.so
[27.273s] -- Up-to-date symlink: /home/tyler/colcon_ws/install/mecharm_interfaces/local/lib/python3.10/dist-packages/mecharm_interfaces/mecharm_interfaces_s__rosidl_typesupport_introspection_c.cpython-310-x86_64-linux-gnu.so
[27.274s] -- Up-to-date symlink: /home/tyler/colcon_ws/install/mecharm_interfaces/local/lib/python3.10/dist-packages/mecharm_interfaces/mecharm_interfaces_s__rosidl_typesupport_c.cpython-310-x86_64-linux-gnu.so
[27.274s] -- Symlinking: /home/tyler/colcon_ws/install/mecharm_interfaces/share/mecharm_interfaces/msg/MecharmAngles.idl
[27.289s] -- Symlinking: /home/tyler/colcon_ws/install/mecharm_interfaces/share/mecharm_interfaces/msg/MecharmCoords.idl
[27.303s] -- Symlinking: /home/tyler/colcon_ws/install/mecharm_interfaces/share/mecharm_interfaces/msg/MecharmSetAngles.idl
[27.321s] -- Symlinking: /home/tyler/colcon_ws/install/mecharm_interfaces/share/mecharm_interfaces/msg/MecharmSetCoords.idl
[27.341s] -- Symlinking: /home/tyler/colcon_ws/install/mecharm_interfaces/share/mecharm_interfaces/msg/MecharmGripperStatus.idl
[27.360s] -- Symlinking: /home/tyler/colcon_ws/install/mecharm_interfaces/share/mecharm_interfaces/msg/MecharmPumpStatus.idl
[27.377s] -- Symlinking: /home/tyler/colcon_ws/install/mecharm_interfaces/share/mecharm_interfaces/srv/GetAngles.idl
[27.394s] -- Symlinking: /home/tyler/colcon_ws/install/mecharm_interfaces/share/mecharm_interfaces/srv/SetAngles.idl
[27.410s] -- Symlinking: /home/tyler/colcon_ws/install/mecharm_interfaces/share/mecharm_interfaces/srv/GetCoords.idl
[27.426s] -- Symlinking: /home/tyler/colcon_ws/install/mecharm_interfaces/share/mecharm_interfaces/srv/SetCoords.idl
[27.442s] -- Symlinking: /home/tyler/colcon_ws/install/mecharm_interfaces/share/mecharm_interfaces/srv/GripperStatus.idl
[27.457s] -- Symlinking: /home/tyler/colcon_ws/install/mecharm_interfaces/share/mecharm_interfaces/srv/PumpStatus.idl
[27.472s] -- Symlinking: /home/tyler/colcon_ws/install/mecharm_interfaces/share/mecharm_interfaces/msg/MecharmAngles.msg
[27.487s] -- Symlinking: /home/tyler/colcon_ws/install/mecharm_interfaces/share/mecharm_interfaces/msg/MecharmCoords.msg
[27.502s] -- Symlinking: /home/tyler/colcon_ws/install/mecharm_interfaces/share/mecharm_interfaces/msg/MecharmSetAngles.msg
[27.517s] -- Symlinking: /home/tyler/colcon_ws/install/mecharm_interfaces/share/mecharm_interfaces/msg/MecharmSetCoords.msg
[27.532s] -- Symlinking: /home/tyler/colcon_ws/install/mecharm_interfaces/share/mecharm_interfaces/msg/MecharmGripperStatus.msg
[27.547s] -- Symlinking: /home/tyler/colcon_ws/install/mecharm_interfaces/share/mecharm_interfaces/msg/MecharmPumpStatus.msg
[27.563s] -- Symlinking: /home/tyler/colcon_ws/install/mecharm_interfaces/share/mecharm_interfaces/srv/GetAngles.srv
[27.578s] -- Symlinking: /home/tyler/colcon_ws/install/mecharm_interfaces/share/mecharm_interfaces/srv/GetAngles_Request.msg
[27.593s] -- Symlinking: /home/tyler/colcon_ws/install/mecharm_interfaces/share/mecharm_interfaces/srv/GetAngles_Response.msg
[27.609s] -- Symlinking: /home/tyler/colcon_ws/install/mecharm_interfaces/share/mecharm_interfaces/srv/SetAngles.srv
[27.623s] -- Symlinking: /home/tyler/colcon_ws/install/mecharm_interfaces/share/mecharm_interfaces/srv/SetAngles_Request.msg
[27.639s] -- Symlinking: /home/tyler/colcon_ws/install/mecharm_interfaces/share/mecharm_interfaces/srv/SetAngles_Response.msg
[27.654s] -- Symlinking: /home/tyler/colcon_ws/install/mecharm_interfaces/share/mecharm_interfaces/srv/GetCoords.srv
[27.668s] -- Symlinking: /home/tyler/colcon_ws/install/mecharm_interfaces/share/mecharm_interfaces/srv/GetCoords_Request.msg
[27.683s] -- Symlinking: /home/tyler/colcon_ws/install/mecharm_interfaces/share/mecharm_interfaces/srv/GetCoords_Response.msg
[27.697s] -- Symlinking: /home/tyler/colcon_ws/install/mecharm_interfaces/share/mecharm_interfaces/srv/SetCoords.srv
[27.712s] -- Symlinking: /home/tyler/colcon_ws/install/mecharm_interfaces/share/mecharm_interfaces/srv/SetCoords_Request.msg
[27.727s] -- Symlinking: /home/tyler/colcon_ws/install/mecharm_interfaces/share/mecharm_interfaces/srv/SetCoords_Response.msg
[27.742s] -- Symlinking: /home/tyler/colcon_ws/install/mecharm_interfaces/share/mecharm_interfaces/srv/GripperStatus.srv
[27.757s] -- Symlinking: /home/tyler/colcon_ws/install/mecharm_interfaces/share/mecharm_interfaces/srv/GripperStatus_Request.msg
[27.773s] -- Symlinking: /home/tyler/colcon_ws/install/mecharm_interfaces/share/mecharm_interfaces/srv/GripperStatus_Response.msg
[27.788s] -- Symlinking: /home/tyler/colcon_ws/install/mecharm_interfaces/share/mecharm_interfaces/srv/PumpStatus.srv
[27.802s] -- Symlinking: /home/tyler/colcon_ws/install/mecharm_interfaces/share/mecharm_interfaces/srv/PumpStatus_Request.msg
[27.817s] -- Symlinking: /home/tyler/colcon_ws/install/mecharm_interfaces/share/mecharm_interfaces/srv/PumpStatus_Response.msg
[27.832s] -- Symlinking: /home/tyler/colcon_ws/install/mecharm_interfaces/share/ament_index/resource_index/package_run_dependencies/mecharm_interfaces
[27.847s] -- Symlinking: /home/tyler/colcon_ws/install/mecharm_interfaces/share/ament_index/resource_index/parent_prefix_path/mecharm_interfaces
[27.862s] -- Symlinking: /home/tyler/colcon_ws/install/mecharm_interfaces/share/mecharm_interfaces/environment/ament_prefix_path.sh
[27.876s] -- Symlinking: /home/tyler/colcon_ws/install/mecharm_interfaces/share/mecharm_interfaces/environment/ament_prefix_path.dsv
[27.889s] -- Symlinking: /home/tyler/colcon_ws/install/mecharm_interfaces/share/mecharm_interfaces/environment/path.sh
[27.904s] -- Symlinking: /home/tyler/colcon_ws/install/mecharm_interfaces/share/mecharm_interfaces/environment/path.dsv
[27.919s] -- Symlinking: /home/tyler/colcon_ws/install/mecharm_interfaces/share/mecharm_interfaces/local_setup.bash
[27.934s] -- Symlinking: /home/tyler/colcon_ws/install/mecharm_interfaces/share/mecharm_interfaces/local_setup.sh
[27.948s] -- Symlinking: /home/tyler/colcon_ws/install/mecharm_interfaces/share/mecharm_interfaces/local_setup.zsh
[27.962s] -- Symlinking: /home/tyler/colcon_ws/install/mecharm_interfaces/share/mecharm_interfaces/local_setup.dsv
[27.975s] -- Symlinking: /home/tyler/colcon_ws/install/mecharm_interfaces/share/mecharm_interfaces/package.dsv
[27.990s] -- Symlinking: /home/tyler/colcon_ws/install/mecharm_interfaces/share/ament_index/resource_index/packages/mecharm_interfaces
[28.003s] -- Symlinking: /home/tyler/colcon_ws/install/mecharm_interfaces/share/mecharm_interfaces/cmake/rosidl_cmake-extras.cmake
[28.019s] -- Symlinking: /home/tyler/colcon_ws/install/mecharm_interfaces/share/mecharm_interfaces/cmake/ament_cmake_export_dependencies-extras.cmake
[28.033s] -- Symlinking: /home/tyler/colcon_ws/install/mecharm_interfaces/share/mecharm_interfaces/cmake/ament_cmake_export_include_directories-extras.cmake
[28.047s] -- Symlinking: /home/tyler/colcon_ws/install/mecharm_interfaces/share/mecharm_interfaces/cmake/ament_cmake_export_libraries-extras.cmake
[28.062s] -- Symlinking: /home/tyler/colcon_ws/install/mecharm_interfaces/share/mecharm_interfaces/cmake/ament_cmake_export_targets-extras.cmake
[28.076s] -- Symlinking: /home/tyler/colcon_ws/install/mecharm_interfaces/share/mecharm_interfaces/cmake/rosidl_cmake_export_typesupport_targets-extras.cmake
[28.088s] -- Symlinking: /home/tyler/colcon_ws/install/mecharm_interfaces/share/mecharm_interfaces/cmake/rosidl_cmake_export_typesupport_libraries-extras.cmake
[28.102s] -- Symlinking: /home/tyler/colcon_ws/install/mecharm_interfaces/share/mecharm_interfaces/cmake/mecharm_interfacesConfig.cmake
[28.117s] -- Symlinking: /home/tyler/colcon_ws/install/mecharm_interfaces/share/mecharm_interfaces/cmake/mecharm_interfacesConfig-version.cmake
[28.131s] -- Symlinking: /home/tyler/colcon_ws/install/mecharm_interfaces/share/mecharm_interfaces/package.xml
[28.145s] -- Installing: /home/tyler/colcon_ws/install/mecharm_interfaces/lib/libmecharm_interfaces__rosidl_generator_c.so
[28.145s] -- Set runtime path of "/home/tyler/colcon_ws/install/mecharm_interfaces/lib/libmecharm_interfaces__rosidl_generator_c.so" to ""
[28.145s] -- Installing: /home/tyler/colcon_ws/install/mecharm_interfaces/lib/libmecharm_interfaces__rosidl_typesupport_fastrtps_c.so
[28.146s] -- Set runtime path of "/home/tyler/colcon_ws/install/mecharm_interfaces/lib/libmecharm_interfaces__rosidl_typesupport_fastrtps_c.so" to ""
[28.146s] -- Installing: /home/tyler/colcon_ws/install/mecharm_interfaces/lib/libmecharm_interfaces__rosidl_typesupport_introspection_c.so
[28.146s] -- Set runtime path of "/home/tyler/colcon_ws/install/mecharm_interfaces/lib/libmecharm_interfaces__rosidl_typesupport_introspection_c.so" to ""
[28.147s] -- Installing: /home/tyler/colcon_ws/install/mecharm_interfaces/lib/libmecharm_interfaces__rosidl_typesupport_c.so
[28.147s] -- Set runtime path of "/home/tyler/colcon_ws/install/mecharm_interfaces/lib/libmecharm_interfaces__rosidl_typesupport_c.so" to ""
[28.147s] -- Installing: /home/tyler/colcon_ws/install/mecharm_interfaces/lib/libmecharm_interfaces__rosidl_typesupport_fastrtps_cpp.so
[28.147s] -- Set runtime path of "/home/tyler/colcon_ws/install/mecharm_interfaces/lib/libmecharm_interfaces__rosidl_typesupport_fastrtps_cpp.so" to ""
[28.147s] -- Installing: /home/tyler/colcon_ws/install/mecharm_interfaces/lib/libmecharm_interfaces__rosidl_typesupport_introspection_cpp.so
[28.148s] -- Set runtime path of "/home/tyler/colcon_ws/install/mecharm_interfaces/lib/libmecharm_interfaces__rosidl_typesupport_introspection_cpp.so" to ""
[28.148s] -- Installing: /home/tyler/colcon_ws/install/mecharm_interfaces/lib/libmecharm_interfaces__rosidl_typesupport_cpp.so
[28.148s] -- Set runtime path of "/home/tyler/colcon_ws/install/mecharm_interfaces/lib/libmecharm_interfaces__rosidl_typesupport_cpp.so" to ""
[28.239s] Listing '/home/tyler/colcon_ws/install/mecharm_interfaces/local/lib/python3.10/dist-packages/mecharm_interfaces'...
[28.239s] Compiling '/home/tyler/colcon_ws/install/mecharm_interfaces/local/lib/python3.10/dist-packages/mecharm_interfaces/__init__.py'...
[28.240s] Listing '/home/tyler/colcon_ws/install/mecharm_interfaces/local/lib/python3.10/dist-packages/mecharm_interfaces/msg'...
[28.240s] Compiling '/home/tyler/colcon_ws/install/mecharm_interfaces/local/lib/python3.10/dist-packages/mecharm_interfaces/msg/__init__.py'...
[28.240s] Compiling '/home/tyler/colcon_ws/install/mecharm_interfaces/local/lib/python3.10/dist-packages/mecharm_interfaces/msg/_mecharm_angles.py'...
[28.241s] Compiling '/home/tyler/colcon_ws/install/mecharm_interfaces/local/lib/python3.10/dist-packages/mecharm_interfaces/msg/_mecharm_coords.py'...
[28.241s] Compiling '/home/tyler/colcon_ws/install/mecharm_interfaces/local/lib/python3.10/dist-packages/mecharm_interfaces/msg/_mecharm_gripper_status.py'...
[28.241s] Compiling '/home/tyler/colcon_ws/install/mecharm_interfaces/local/lib/python3.10/dist-packages/mecharm_interfaces/msg/_mecharm_pump_status.py'...
[28.241s] Compiling '/home/tyler/colcon_ws/install/mecharm_interfaces/local/lib/python3.10/dist-packages/mecharm_interfaces/msg/_mecharm_set_angles.py'...
[28.241s] Compiling '/home/tyler/colcon_ws/install/mecharm_interfaces/local/lib/python3.10/dist-packages/mecharm_interfaces/msg/_mecharm_set_coords.py'...
[28.241s] Listing '/home/tyler/colcon_ws/install/mecharm_interfaces/local/lib/python3.10/dist-packages/mecharm_interfaces/srv'...
[28.241s] Compiling '/home/tyler/colcon_ws/install/mecharm_interfaces/local/lib/python3.10/dist-packages/mecharm_interfaces/srv/__init__.py'...
[28.241s] Compiling '/home/tyler/colcon_ws/install/mecharm_interfaces/local/lib/python3.10/dist-packages/mecharm_interfaces/srv/_get_angles.py'...
[28.241s] Compiling '/home/tyler/colcon_ws/install/mecharm_interfaces/local/lib/python3.10/dist-packages/mecharm_interfaces/srv/_get_coords.py'...
[28.241s] Compiling '/home/tyler/colcon_ws/install/mecharm_interfaces/local/lib/python3.10/dist-packages/mecharm_interfaces/srv/_gripper_status.py'...
[28.241s] Compiling '/home/tyler/colcon_ws/install/mecharm_interfaces/local/lib/python3.10/dist-packages/mecharm_interfaces/srv/_pump_status.py'...
[28.241s] Compiling '/home/tyler/colcon_ws/install/mecharm_interfaces/local/lib/python3.10/dist-packages/mecharm_interfaces/srv/_set_angles.py'...
[28.242s] Compiling '/home/tyler/colcon_ws/install/mecharm_interfaces/local/lib/python3.10/dist-packages/mecharm_interfaces/srv/_set_coords.py'...
[28.247s] -- Installing: /home/tyler/colcon_ws/install/mecharm_interfaces/lib/libmecharm_interfaces__rosidl_generator_py.so
[28.248s] -- Set runtime path of "/home/tyler/colcon_ws/install/mecharm_interfaces/lib/libmecharm_interfaces__rosidl_generator_py.so" to ""
[28.249s] -- Installing: /home/tyler/colcon_ws/install/mecharm_interfaces/share/mecharm_interfaces/cmake/export_mecharm_interfaces__rosidl_generator_cExport.cmake
[28.249s] -- Installing: /home/tyler/colcon_ws/install/mecharm_interfaces/share/mecharm_interfaces/cmake/export_mecharm_interfaces__rosidl_generator_cExport-noconfig.cmake
[28.249s] -- Installing: /home/tyler/colcon_ws/install/mecharm_interfaces/share/mecharm_interfaces/cmake/export_mecharm_interfaces__rosidl_typesupport_fastrtps_cExport.cmake
[28.249s] -- Installing: /home/tyler/colcon_ws/install/mecharm_interfaces/share/mecharm_interfaces/cmake/export_mecharm_interfaces__rosidl_typesupport_fastrtps_cExport-noconfig.cmake
[28.249s] -- Installing: /home/tyler/colcon_ws/install/mecharm_interfaces/share/mecharm_interfaces/cmake/mecharm_interfaces__rosidl_typesupport_introspection_cExport.cmake
[28.249s] -- Installing: /home/tyler/colcon_ws/install/mecharm_interfaces/share/mecharm_interfaces/cmake/mecharm_interfaces__rosidl_typesupport_introspection_cExport-noconfig.cmake
[28.249s] -- Installing: /home/tyler/colcon_ws/install/mecharm_interfaces/share/mecharm_interfaces/cmake/mecharm_interfaces__rosidl_typesupport_cExport.cmake
[28.250s] -- Installing: /home/tyler/colcon_ws/install/mecharm_interfaces/share/mecharm_interfaces/cmake/mecharm_interfaces__rosidl_typesupport_cExport-noconfig.cmake
[28.250s] -- Installing: /home/tyler/colcon_ws/install/mecharm_interfaces/share/mecharm_interfaces/cmake/export_mecharm_interfaces__rosidl_generator_cppExport.cmake
[28.250s] -- Installing: /home/tyler/colcon_ws/install/mecharm_interfaces/share/mecharm_interfaces/cmake/export_mecharm_interfaces__rosidl_typesupport_fastrtps_cppExport.cmake
[28.250s] -- Installing: /home/tyler/colcon_ws/install/mecharm_interfaces/share/mecharm_interfaces/cmake/export_mecharm_interfaces__rosidl_typesupport_fastrtps_cppExport-noconfig.cmake
[28.250s] -- Installing: /home/tyler/colcon_ws/install/mecharm_interfaces/share/mecharm_interfaces/cmake/mecharm_interfaces__rosidl_typesupport_introspection_cppExport.cmake
[28.250s] -- Installing: /home/tyler/colcon_ws/install/mecharm_interfaces/share/mecharm_interfaces/cmake/mecharm_interfaces__rosidl_typesupport_introspection_cppExport-noconfig.cmake
[28.251s] -- Installing: /home/tyler/colcon_ws/install/mecharm_interfaces/share/mecharm_interfaces/cmake/mecharm_interfaces__rosidl_typesupport_cppExport.cmake
[28.251s] -- Installing: /home/tyler/colcon_ws/install/mecharm_interfaces/share/mecharm_interfaces/cmake/mecharm_interfaces__rosidl_typesupport_cppExport-noconfig.cmake
[28.251s] -- Installing: /home/tyler/colcon_ws/install/mecharm_interfaces/share/mecharm_interfaces/cmake/export_mecharm_interfaces__rosidl_generator_pyExport.cmake
[28.251s] -- Installing: /home/tyler/colcon_ws/install/mecharm_interfaces/share/mecharm_interfaces/cmake/export_mecharm_interfaces__rosidl_generator_pyExport-noconfig.cmake
[28.259s] Invoked command in '/home/tyler/colcon_ws/build/mecharm_interfaces' returned '0': CMAKE_PREFIX_PATH=/opt/ros/humble MYSQL_PS1=(\u@\h) [\d]> /usr/bin/cmake --install /home/tyler/colcon_ws/build/mecharm_interfaces
