/home/tyler/colcon_ws/install/ultraarm/lib/python3.10/site-packages/ultraarm/listen_real_of_topic.py
/home/tyler/colcon_ws/install/ultraarm/lib/python3.10/site-packages/ultraarm/listen_real.py
/home/tyler/colcon_ws/install/ultraarm/lib/python3.10/site-packages/ultraarm/teleop_keyboard.py
/home/tyler/colcon_ws/install/ultraarm/lib/python3.10/site-packages/ultraarm/__init__.py
/home/tyler/colcon_ws/install/ultraarm/lib/python3.10/site-packages/ultraarm/slider_control.py
/home/tyler/colcon_ws/install/ultraarm/lib/python3.10/site-packages/ultraarm/simple_gui.py
/home/tyler/colcon_ws/install/ultraarm/lib/python3.10/site-packages/ultraarm/__pycache__/listen_real_of_topic.cpython-310.pyc
/home/tyler/colcon_ws/install/ultraarm/lib/python3.10/site-packages/ultraarm/__pycache__/listen_real.cpython-310.pyc
/home/tyler/colcon_ws/install/ultraarm/lib/python3.10/site-packages/ultraarm/__pycache__/teleop_keyboard.cpython-310.pyc
/home/tyler/colcon_ws/install/ultraarm/lib/python3.10/site-packages/ultraarm/__pycache__/__init__.cpython-310.pyc
/home/tyler/colcon_ws/install/ultraarm/lib/python3.10/site-packages/ultraarm/__pycache__/slider_control.cpython-310.pyc
/home/tyler/colcon_ws/install/ultraarm/lib/python3.10/site-packages/ultraarm/__pycache__/simple_gui.cpython-310.pyc
/home/tyler/colcon_ws/install/ultraarm/share/ament_index/resource_index/packages/ultraarm
/home/tyler/colcon_ws/install/ultraarm/share/ultraarm/package.xml
/home/tyler/colcon_ws/install/ultraarm/share/ultraarm/launch/teleop_keyboard.launch.py
/home/tyler/colcon_ws/install/ultraarm/share/ultraarm/launch/slider_control.launch.py
/home/tyler/colcon_ws/install/ultraarm/share/ultraarm/launch/test.launch.py
/home/tyler/colcon_ws/install/ultraarm/share/ultraarm/launch/simple_gui.launch.py
/home/tyler/colcon_ws/install/ultraarm/share/ultraarm/config/ultraarm.rviz
/home/tyler/colcon_ws/install/ultraarm/lib/python3.10/site-packages/ultraarm-0.0.0-py3.10.egg-info/requires.txt
/home/tyler/colcon_ws/install/ultraarm/lib/python3.10/site-packages/ultraarm-0.0.0-py3.10.egg-info/PKG-INFO
/home/tyler/colcon_ws/install/ultraarm/lib/python3.10/site-packages/ultraarm-0.0.0-py3.10.egg-info/SOURCES.txt
/home/tyler/colcon_ws/install/ultraarm/lib/python3.10/site-packages/ultraarm-0.0.0-py3.10.egg-info/entry_points.txt
/home/tyler/colcon_ws/install/ultraarm/lib/python3.10/site-packages/ultraarm-0.0.0-py3.10.egg-info/dependency_links.txt
/home/tyler/colcon_ws/install/ultraarm/lib/python3.10/site-packages/ultraarm-0.0.0-py3.10.egg-info/zip-safe
/home/tyler/colcon_ws/install/ultraarm/lib/python3.10/site-packages/ultraarm-0.0.0-py3.10.egg-info/top_level.txt
/home/tyler/colcon_ws/install/ultraarm/lib/ultraarm/listen_real
/home/tyler/colcon_ws/install/ultraarm/lib/ultraarm/listen_real_of_topic
/home/tyler/colcon_ws/install/ultraarm/lib/ultraarm/simple_gui
/home/tyler/colcon_ws/install/ultraarm/lib/ultraarm/slider_control
/home/tyler/colcon_ws/install/ultraarm/lib/ultraarm/teleop_keyboard
