-- Found ament_cmake: 1.3.5 (/opt/ros/humble/share/ament_cmake/cmake)
-- Found rclcpp: 16.0.6 (/opt/ros/humble/share/rclcpp/cmake)
-- Found rosidl_generator_c: 3.1.5 (/opt/ros/humble/share/rosidl_generator_c/cmake)
-- Found rosidl_adapter: 3.1.5 (/opt/ros/humble/share/rosidl_adapter/cmake)
-- Found rosidl_generator_cpp: 3.1.5 (/opt/ros/humble/share/rosidl_generator_cpp/cmake)
-- Using all available rosidl_typesupport_c: rosidl_typesupport_fastrtps_c;rosidl_typesupport_introspection_c
-- Using all available rosidl_typesupport_cpp: rosidl_typesupport_fastrtps_cpp;rosidl_typesupport_introspection_cpp
-- Found rmw_implementation_cmake: 6.1.1 (/opt/ros/humble/share/rmw_implementation_cmake/cmake)
-- Found rmw_fastrtps_cpp: 6.2.4 (/opt/ros/humble/share/rmw_fastrtps_cpp/cmake)
-- Using RMW implementation 'rmw_fastrtps_cpp' as default
-- Found rclcpp_components: 16.0.6 (/opt/ros/humble/share/rclcpp_components/cmake)
-- Found rviz_ogre_vendor: 11.2.8 (/opt/ros/humble/share/rviz_ogre_vendor/cmake)
-- Setting OGRE_DIR to: '/opt/ros/humble/share/rviz_ogre_vendor/cmake/../../../opt/rviz_ogre_vendor/lib/OGRE/cmake'
-- Found OGRE
--   static     : OFF
--   components : HLMS;MeshLodGenerator;Overlay;Paging;Property;RTShaderSystem;Terrain;Volume
--   plugins    : Plugin_BSPSceneManager;Plugin_OctreeSceneManager;Plugin_PCZSceneManager;Plugin_ParticleFX;RenderSystem_GL;RenderSystem_GL3Plus;Codec_STBI
--   media      : /opt/ros/humble/opt/rviz_ogre_vendor/share/OGRE/Media
-- OGRE_LIBRARIES: OgreHLMS;OgreMeshLodGenerator;OgreOverlay;OgrePaging;OgreProperty;OgreRTShaderSystem;OgreTerrain;OgreVolume;OgreMain
-- OGRE_LIBRARY_DIRS: /opt/ros/humble/opt/rviz_ogre_vendor/lib
-- OGRE_PLUGINS: Plugin_BSPSceneManager;Plugin_OctreeSceneManager;Plugin_PCZSceneManager;Plugin_ParticleFX;RenderSystem_GL;RenderSystem_GL3Plus;Codec_STBI
-- OGRE_PLUGIN_DIR: /opt/ros/humble/opt/rviz_ogre_vendor/lib/OGRE
-- rviz_ogre_vendor::OgreOverlay for IMPORTED_LOCATION_RELEASE: /opt/ros/humble/opt/rviz_ogre_vendor/lib/libOgreOverlay.so
-- rviz_ogre_vendor::OgreOverlay for IMPORTED_LOCATION_DEBUG: /opt/ros/humble/opt/rviz_ogre_vendor/lib/libOgreOverlay.so
-- rviz_ogre_vendor::OgreMain for IMPORTED_LOCATION_RELEASE: /opt/ros/humble/opt/rviz_ogre_vendor/lib/libOgreMain.so
-- rviz_ogre_vendor::OgreMain for IMPORTED_LOCATION_DEBUG: /opt/ros/humble/opt/rviz_ogre_vendor/lib/libOgreMain.so
-- rviz_ogre_vendor::RenderSystem_GL for IMPORTED_LOCATION_RELEASE: _render_system_gl_static_library_abs-NOTFOUND
-- rviz_ogre_vendor::RenderSystem_GL for IMPORTED_LOCATION_DEBUG: _render_system_gl_static_library_abs-NOTFOUND
-- Found sensor_msgs: 4.2.3 (/opt/ros/humble/share/sensor_msgs/cmake)
-- Found shape_msgs: 4.2.3 (/opt/ros/humble/share/shape_msgs/cmake)
-- Found visualization_msgs: 4.2.3 (/opt/ros/humble/share/visualization_msgs/cmake)
-- Found trajectory_msgs: 4.2.3 (/opt/ros/humble/share/trajectory_msgs/cmake)
-- Found eigen3_cmake_module: 0.1.1 (/opt/ros/humble/share/eigen3_cmake_module/cmake)
-- Found eigen_stl_containers: 1.0.0 (/opt/ros/humble/share/eigen_stl_containers/cmake)
-- Found tf2: 0.25.4 (/opt/ros/humble/share/tf2/cmake)
-- Found tf2_eigen: 0.25.4 (/opt/ros/humble/share/tf2_eigen/cmake)
-- Found tf2_geometry_msgs: 0.25.4 (/opt/ros/humble/share/tf2_geometry_msgs/cmake)
-- Ensuring Eigen3 include directory is part of orocos-kdl CMake target
-- Found pluginlib: 5.1.0 (/opt/ros/humble/share/pluginlib/cmake)
-- Found interactive_markers: 2.3.2 (/opt/ros/humble/share/interactive_markers/cmake)
-- Found rviz_common: 11.2.8 (/opt/ros/humble/share/rviz_common/cmake)
-- library: /usr/lib/x86_64-linux-gnu/libcurl.so
-- Found rviz_default_plugins: 11.2.8 (/opt/ros/humble/share/rviz_default_plugins/cmake)
-- Found ament_cmake_gtest: 1.3.5 (/opt/ros/humble/share/ament_cmake_gtest/cmake)
-- Found gtest sources under '/opt/ros/humble/src/gtest_vendor': C++ tests using 'Google Test' will be built
-- Configuring done
-- Generating done
-- Build files have been written to: /home/tyler/mycobot_ROS2/moveit_tutorial_ws/build/rviz_visual_tools
[  2%] [34m[1mAutomatic MOC for target rviz_visual_tools_gui[0m
[  5%] [34m[1mAutomatic MOC for target rviz_visual_tools_remote_control[0m
[  7%] [34m[1mAutomatic MOC for target gtest_main[0m
[ 10%] [34m[1mAutomatic MOC for target gtest[0m
[ 10%] Built target rviz_visual_tools_remote_control_autogen
[ 10%] Built target gtest_autogen
[ 10%] Built target gtest_main_autogen
[35m[1mConsolidate compiler generated dependencies of target rviz_visual_tools_remote_control[0m
[35m[1mConsolidate compiler generated dependencies of target gtest[0m
[35m[1mConsolidate compiler generated dependencies of target gtest_main[0m
[ 10%] Built target rviz_visual_tools_gui_autogen
[ 17%] Built target gtest_main
[ 25%] Built target gtest
[35m[1mConsolidate compiler generated dependencies of target rviz_visual_tools_gui[0m
[ 33%] Built target rviz_visual_tools_remote_control
[ 35%] [34m[1mAutomatic MOC for target rviz_visual_tools[0m
[ 48%] Built target rviz_visual_tools_gui
[ 48%] Built target rviz_visual_tools_autogen
[35m[1mConsolidate compiler generated dependencies of target rviz_visual_tools[0m
[ 58%] Built target rviz_visual_tools
[ 64%] [34m[1mAutomatic MOC for target rviz_visual_tools_imarker_simple[0m
[ 64%] [34m[1mAutomatic MOC for target rviz_visual_tools_demo[0m
[ 66%] [34m[1mAutomatic MOC for target rviz_visual_tools_rvt_test[0m
[ 66%] Built target rviz_visual_tools_demo_autogen
[ 66%] Built target rviz_visual_tools_rvt_test_autogen
[ 66%] Built target rviz_visual_tools_imarker_simple_autogen
[35m[1mConsolidate compiler generated dependencies of target rviz_visual_tools_demo[0m
[35m[1mConsolidate compiler generated dependencies of target rviz_visual_tools_imarker_simple[0m
[35m[1mConsolidate compiler generated dependencies of target rviz_visual_tools_rvt_test[0m
[ 74%] Built target rviz_visual_tools_demo
[ 82%] Built target rviz_visual_tools_rvt_test
[ 89%] Built target rviz_visual_tools_imarker_simple
[ 92%] [34m[1mAutomatic MOC for target rviz_visual_tools_imarker_simple_demo[0m
[ 92%] Built target rviz_visual_tools_imarker_simple_demo_autogen
[35m[1mConsolidate compiler generated dependencies of target rviz_visual_tools_imarker_simple_demo[0m
[100%] Built target rviz_visual_tools_imarker_simple_demo
-- Install configuration: ""
-- Up-to-date: /home/tyler/mycobot_ROS2/moveit_tutorial_ws/install/rviz_visual_tools/share/rviz_visual_tools/plugin_description.xml
-- Up-to-date: /home/tyler/mycobot_ROS2/moveit_tutorial_ws/install/rviz_visual_tools/lib/librviz_visual_tools.so
-- Up-to-date: /home/tyler/mycobot_ROS2/moveit_tutorial_ws/install/rviz_visual_tools/lib/librviz_visual_tools_remote_control.so
-- Up-to-date: /home/tyler/mycobot_ROS2/moveit_tutorial_ws/install/rviz_visual_tools/lib/librviz_visual_tools_gui.so
-- Up-to-date: /home/tyler/mycobot_ROS2/moveit_tutorial_ws/install/rviz_visual_tools/lib/librviz_visual_tools_imarker_simple.so
-- Up-to-date: /home/tyler/mycobot_ROS2/moveit_tutorial_ws/install/rviz_visual_tools/lib/rviz_visual_tools/rviz_visual_tools_demo
-- Up-to-date: /home/tyler/mycobot_ROS2/moveit_tutorial_ws/install/rviz_visual_tools/lib/rviz_visual_tools/rviz_visual_tools_imarker_simple_demo
-- Up-to-date: /home/tyler/mycobot_ROS2/moveit_tutorial_ws/install/rviz_visual_tools/include
-- Up-to-date: /home/tyler/mycobot_ROS2/moveit_tutorial_ws/install/rviz_visual_tools/include/rviz_visual_tools
-- Up-to-date: /home/tyler/mycobot_ROS2/moveit_tutorial_ws/install/rviz_visual_tools/include/rviz_visual_tools/tf_visual_tools.hpp
-- Up-to-date: /home/tyler/mycobot_ROS2/moveit_tutorial_ws/install/rviz_visual_tools/include/rviz_visual_tools/rviz_visual_tools_gui.hpp
-- Up-to-date: /home/tyler/mycobot_ROS2/moveit_tutorial_ws/install/rviz_visual_tools/include/rviz_visual_tools/key_tool.hpp
-- Up-to-date: /home/tyler/mycobot_ROS2/moveit_tutorial_ws/install/rviz_visual_tools/include/rviz_visual_tools/remote_reciever.hpp
-- Up-to-date: /home/tyler/mycobot_ROS2/moveit_tutorial_ws/install/rviz_visual_tools/include/rviz_visual_tools/rviz_visual_tools.hpp
-- Up-to-date: /home/tyler/mycobot_ROS2/moveit_tutorial_ws/install/rviz_visual_tools/include/rviz_visual_tools/remote_control.hpp
-- Up-to-date: /home/tyler/mycobot_ROS2/moveit_tutorial_ws/install/rviz_visual_tools/include/rviz_visual_tools/imarker_simple.hpp
-- Up-to-date: /home/tyler/mycobot_ROS2/moveit_tutorial_ws/install/rviz_visual_tools/share/rviz_visual_tools/launch
-- Up-to-date: /home/tyler/mycobot_ROS2/moveit_tutorial_ws/install/rviz_visual_tools/share/rviz_visual_tools/launch/demo_combined.launch.py
-- Up-to-date: /home/tyler/mycobot_ROS2/moveit_tutorial_ws/install/rviz_visual_tools/share/rviz_visual_tools/launch/demo.rviz
-- Up-to-date: /home/tyler/mycobot_ROS2/moveit_tutorial_ws/install/rviz_visual_tools/share/rviz_visual_tools/launch/rvt_test.launch
-- Up-to-date: /home/tyler/mycobot_ROS2/moveit_tutorial_ws/install/rviz_visual_tools/share/rviz_visual_tools/launch/demo_rviz.launch.py
-- Up-to-date: /home/tyler/mycobot_ROS2/moveit_tutorial_ws/install/rviz_visual_tools/share/rviz_visual_tools/environment/library_path.sh
-- Installing: /home/tyler/mycobot_ROS2/moveit_tutorial_ws/install/rviz_visual_tools/share/rviz_visual_tools/environment/library_path.dsv
-- Up-to-date: /home/tyler/mycobot_ROS2/moveit_tutorial_ws/install/rviz_visual_tools/share/ament_index/resource_index/package_run_dependencies/rviz_visual_tools
-- Up-to-date: /home/tyler/mycobot_ROS2/moveit_tutorial_ws/install/rviz_visual_tools/share/ament_index/resource_index/parent_prefix_path/rviz_visual_tools
-- Up-to-date: /home/tyler/mycobot_ROS2/moveit_tutorial_ws/install/rviz_visual_tools/share/rviz_visual_tools/environment/ament_prefix_path.sh
-- Installing: /home/tyler/mycobot_ROS2/moveit_tutorial_ws/install/rviz_visual_tools/share/rviz_visual_tools/environment/ament_prefix_path.dsv
-- Up-to-date: /home/tyler/mycobot_ROS2/moveit_tutorial_ws/install/rviz_visual_tools/share/rviz_visual_tools/environment/path.sh
-- Installing: /home/tyler/mycobot_ROS2/moveit_tutorial_ws/install/rviz_visual_tools/share/rviz_visual_tools/environment/path.dsv
-- Up-to-date: /home/tyler/mycobot_ROS2/moveit_tutorial_ws/install/rviz_visual_tools/share/rviz_visual_tools/local_setup.bash
-- Up-to-date: /home/tyler/mycobot_ROS2/moveit_tutorial_ws/install/rviz_visual_tools/share/rviz_visual_tools/local_setup.sh
-- Up-to-date: /home/tyler/mycobot_ROS2/moveit_tutorial_ws/install/rviz_visual_tools/share/rviz_visual_tools/local_setup.zsh
-- Installing: /home/tyler/mycobot_ROS2/moveit_tutorial_ws/install/rviz_visual_tools/share/rviz_visual_tools/local_setup.dsv
-- Installing: /home/tyler/mycobot_ROS2/moveit_tutorial_ws/install/rviz_visual_tools/share/rviz_visual_tools/package.dsv
-- Up-to-date: /home/tyler/mycobot_ROS2/moveit_tutorial_ws/install/rviz_visual_tools/share/ament_index/resource_index/packages/rviz_visual_tools
-- Up-to-date: /home/tyler/mycobot_ROS2/moveit_tutorial_ws/install/rviz_visual_tools/share/ament_index/resource_index/rviz_common__pluginlib__plugin/rviz_visual_tools
-- Up-to-date: /home/tyler/mycobot_ROS2/moveit_tutorial_ws/install/rviz_visual_tools/share/rviz_visual_tools/cmake/export_rviz_visual_toolsExport.cmake
-- Up-to-date: /home/tyler/mycobot_ROS2/moveit_tutorial_ws/install/rviz_visual_tools/share/rviz_visual_tools/cmake/export_rviz_visual_toolsExport-noconfig.cmake
-- Up-to-date: /home/tyler/mycobot_ROS2/moveit_tutorial_ws/install/rviz_visual_tools/share/rviz_visual_tools/cmake/ament_cmake_export_targets-extras.cmake
-- Up-to-date: /home/tyler/mycobot_ROS2/moveit_tutorial_ws/install/rviz_visual_tools/share/rviz_visual_tools/cmake/ament_cmake_export_dependencies-extras.cmake
-- Up-to-date: /home/tyler/mycobot_ROS2/moveit_tutorial_ws/install/rviz_visual_tools/share/rviz_visual_tools/cmake/ament_cmake_export_include_directories-extras.cmake
-- Up-to-date: /home/tyler/mycobot_ROS2/moveit_tutorial_ws/install/rviz_visual_tools/share/rviz_visual_tools/cmake/ament_cmake_export_libraries-extras.cmake
-- Up-to-date: /home/tyler/mycobot_ROS2/moveit_tutorial_ws/install/rviz_visual_tools/share/rviz_visual_tools/cmake/rviz_visual_toolsConfig.cmake
-- Up-to-date: /home/tyler/mycobot_ROS2/moveit_tutorial_ws/install/rviz_visual_tools/share/rviz_visual_tools/cmake/rviz_visual_toolsConfig-version.cmake
-- Up-to-date: /home/tyler/mycobot_ROS2/moveit_tutorial_ws/install/rviz_visual_tools/share/rviz_visual_tools/package.xml
