/home/tyler/colcon_ws/install/mypalletizer_260/lib/python3.10/site-packages/mypalletizer_260/detect_marker.py
/home/tyler/colcon_ws/install/mypalletizer_260/lib/python3.10/site-packages/mypalletizer_260/follow_display.py
/home/tyler/colcon_ws/install/mypalletizer_260/lib/python3.10/site-packages/mypalletizer_260/listen_real_of_topic.py
/home/tyler/colcon_ws/install/mypalletizer_260/lib/python3.10/site-packages/mypalletizer_260/listen_real.py
/home/tyler/colcon_ws/install/mypalletizer_260/lib/python3.10/site-packages/mypalletizer_260/teleop_keyboard.py
/home/tyler/colcon_ws/install/mypalletizer_260/lib/python3.10/site-packages/mypalletizer_260/__init__.py
/home/tyler/colcon_ws/install/mypalletizer_260/lib/python3.10/site-packages/mypalletizer_260/follow_and_pump.py
/home/tyler/colcon_ws/install/mypalletizer_260/lib/python3.10/site-packages/mypalletizer_260/slider_control.py
/home/tyler/colcon_ws/install/mypalletizer_260/lib/python3.10/site-packages/mypalletizer_260/following_marker.py
/home/tyler/colcon_ws/install/mypalletizer_260/lib/python3.10/site-packages/mypalletizer_260/simple_gui.py
/home/tyler/colcon_ws/install/mypalletizer_260/lib/python3.10/site-packages/mypalletizer_260/__pycache__/detect_marker.cpython-310.pyc
/home/tyler/colcon_ws/install/mypalletizer_260/lib/python3.10/site-packages/mypalletizer_260/__pycache__/follow_display.cpython-310.pyc
/home/tyler/colcon_ws/install/mypalletizer_260/lib/python3.10/site-packages/mypalletizer_260/__pycache__/listen_real_of_topic.cpython-310.pyc
/home/tyler/colcon_ws/install/mypalletizer_260/lib/python3.10/site-packages/mypalletizer_260/__pycache__/listen_real.cpython-310.pyc
/home/tyler/colcon_ws/install/mypalletizer_260/lib/python3.10/site-packages/mypalletizer_260/__pycache__/teleop_keyboard.cpython-310.pyc
/home/tyler/colcon_ws/install/mypalletizer_260/lib/python3.10/site-packages/mypalletizer_260/__pycache__/__init__.cpython-310.pyc
/home/tyler/colcon_ws/install/mypalletizer_260/lib/python3.10/site-packages/mypalletizer_260/__pycache__/follow_and_pump.cpython-310.pyc
/home/tyler/colcon_ws/install/mypalletizer_260/lib/python3.10/site-packages/mypalletizer_260/__pycache__/slider_control.cpython-310.pyc
/home/tyler/colcon_ws/install/mypalletizer_260/lib/python3.10/site-packages/mypalletizer_260/__pycache__/following_marker.cpython-310.pyc
/home/tyler/colcon_ws/install/mypalletizer_260/lib/python3.10/site-packages/mypalletizer_260/__pycache__/simple_gui.cpython-310.pyc
/home/tyler/colcon_ws/install/mypalletizer_260/share/ament_index/resource_index/packages/mypalletizer_260
/home/tyler/colcon_ws/install/mypalletizer_260/share/mypalletizer_260/package.xml
/home/tyler/colcon_ws/install/mypalletizer_260/share/mypalletizer_260/launch/teleop_keyboard.launch.py
/home/tyler/colcon_ws/install/mypalletizer_260/share/mypalletizer_260/launch/detect_marker.launch.py
/home/tyler/colcon_ws/install/mypalletizer_260/share/mypalletizer_260/launch/slider_control.launch.py
/home/tyler/colcon_ws/install/mypalletizer_260/share/mypalletizer_260/launch/test.launch.py
/home/tyler/colcon_ws/install/mypalletizer_260/share/mypalletizer_260/launch/simple_gui.launch.py
/home/tyler/colcon_ws/install/mypalletizer_260/share/mypalletizer_260/launch/mycobot_follow.launch.py
/home/tyler/colcon_ws/install/mypalletizer_260/share/mypalletizer_260/launch/detect_marker_with_topic.launch.py
/home/tyler/colcon_ws/install/mypalletizer_260/share/mypalletizer_260/config/mypalletizer.rviz
/home/tyler/colcon_ws/install/mypalletizer_260/share/mypalletizer_260/config/mycobot_with_marker.rviz
/home/tyler/colcon_ws/install/mypalletizer_260/lib/python3.10/site-packages/mypalletizer_260-0.0.0-py3.10.egg-info/requires.txt
/home/tyler/colcon_ws/install/mypalletizer_260/lib/python3.10/site-packages/mypalletizer_260-0.0.0-py3.10.egg-info/PKG-INFO
/home/tyler/colcon_ws/install/mypalletizer_260/lib/python3.10/site-packages/mypalletizer_260-0.0.0-py3.10.egg-info/SOURCES.txt
/home/tyler/colcon_ws/install/mypalletizer_260/lib/python3.10/site-packages/mypalletizer_260-0.0.0-py3.10.egg-info/entry_points.txt
/home/tyler/colcon_ws/install/mypalletizer_260/lib/python3.10/site-packages/mypalletizer_260-0.0.0-py3.10.egg-info/dependency_links.txt
/home/tyler/colcon_ws/install/mypalletizer_260/lib/python3.10/site-packages/mypalletizer_260-0.0.0-py3.10.egg-info/zip-safe
/home/tyler/colcon_ws/install/mypalletizer_260/lib/python3.10/site-packages/mypalletizer_260-0.0.0-py3.10.egg-info/top_level.txt
/home/tyler/colcon_ws/install/mypalletizer_260/lib/mypalletizer_260/detect_marker
/home/tyler/colcon_ws/install/mypalletizer_260/lib/mypalletizer_260/follow_display
/home/tyler/colcon_ws/install/mypalletizer_260/lib/mypalletizer_260/following_marker
/home/tyler/colcon_ws/install/mypalletizer_260/lib/mypalletizer_260/listen_real
/home/tyler/colcon_ws/install/mypalletizer_260/lib/mypalletizer_260/listen_real_of_topic
/home/tyler/colcon_ws/install/mypalletizer_260/lib/mypalletizer_260/simple_gui
/home/tyler/colcon_ws/install/mypalletizer_260/lib/mypalletizer_260/slider_control
/home/tyler/colcon_ws/install/mypalletizer_260/lib/mypalletizer_260/teleop_keyboard
