[5.164s] Invoking command in '/home/tyler/colcon_ws/build/mycobot_320pi': AMENT_PREFIX_PATH=/home/tyler/colcon_ws/install/mycobot_communication:/home/tyler/colcon_ws/install/mycobot_interfaces:/home/tyler/colcon_ws/install/mycobot_description:${AMENT_PREFIX_PATH} CMAKE_PREFIX_PATH=/home/tyler/colcon_ws/install/mycobot_interfaces LD_LIBRARY_PATH=/home/tyler/colcon_ws/install/mycobot_interfaces/lib:${LD_LIBRARY_PATH} MYSQL_PS1=(\u@\h) [\d]> PYTHONPATH=/home/tyler/colcon_ws/build/mycobot_320pi/prefix_override:/home/tyler/colcon_ws/install/mycobot_320pi/lib/python3.10/site-packages:/home/tyler/colcon_ws/build/mycobot_communication:/home/tyler/colcon_ws/install/mycobot_communication/lib/python3.10/site-packages:/home/tyler/colcon_ws/install/mycobot_interfaces/local/lib/python3.10/dist-packages:/home/tyler/colcon_ws/build/mycobot_description:/home/tyler/colcon_ws/install/mycobot_description/lib/python3.10/site-packages:${PYTHONPATH} /usr/bin/python3 setup.py develop --editable --build-directory /home/tyler/colcon_ws/build/mycobot_320pi/build --no-deps install_data
[5.765s] /usr/lib/python3/dist-packages/setuptools/dist.py:723: UserWarning: Usage of dash-separated 'script-dir' will not be supported in future versions. Please use the underscore name 'script_dir' instead
[5.766s]   warnings.warn(
[5.827s] running develop
[5.828s] /usr/lib/python3/dist-packages/setuptools/command/easy_install.py:158: EasyInstallDeprecationWarning: easy_install command is deprecated. Use build and pip and other standards-based tools.
[5.830s]   warnings.warn(
[5.831s] /usr/lib/python3/dist-packages/setuptools/command/install.py:34: SetuptoolsDeprecationWarning: setup.py install is deprecated. Use build and pip and other standards-based tools.
[5.831s]   warnings.warn(
[6.121s] running egg_info
[6.121s] creating mycobot_320pi.egg-info
[6.121s] writing mycobot_320pi.egg-info/PKG-INFO
[6.122s] writing dependency_links to mycobot_320pi.egg-info/dependency_links.txt
[6.122s] writing entry points to mycobot_320pi.egg-info/entry_points.txt
[6.122s] writing requirements to mycobot_320pi.egg-info/requires.txt
[6.123s] writing top-level names to mycobot_320pi.egg-info/top_level.txt
[6.124s] writing manifest file 'mycobot_320pi.egg-info/SOURCES.txt'
[6.125s] reading manifest file 'mycobot_320pi.egg-info/SOURCES.txt'
[6.126s] writing manifest file 'mycobot_320pi.egg-info/SOURCES.txt'
[6.129s] running build_ext
[6.129s] Creating /home/tyler/colcon_ws/install/mycobot_320pi/lib/python3.10/site-packages/mycobot-320pi.egg-link (link to .)
[6.131s] Installing camera_display script to /home/tyler/colcon_ws/install/mycobot_320pi/lib/mycobot_320pi
[6.132s] Installing detect_marker script to /home/tyler/colcon_ws/install/mycobot_320pi/lib/mycobot_320pi
[6.133s] Installing follow_display script to /home/tyler/colcon_ws/install/mycobot_320pi/lib/mycobot_320pi
[6.134s] Installing following_marker script to /home/tyler/colcon_ws/install/mycobot_320pi/lib/mycobot_320pi
[6.135s] Installing listen_real script to /home/tyler/colcon_ws/install/mycobot_320pi/lib/mycobot_320pi
[6.136s] Installing listen_real_of_topic script to /home/tyler/colcon_ws/install/mycobot_320pi/lib/mycobot_320pi
[6.137s] Installing opencv_camera script to /home/tyler/colcon_ws/install/mycobot_320pi/lib/mycobot_320pi
[6.137s] Installing simple_gui script to /home/tyler/colcon_ws/install/mycobot_320pi/lib/mycobot_320pi
[6.138s] Installing slider_control script to /home/tyler/colcon_ws/install/mycobot_320pi/lib/mycobot_320pi
[6.141s] Installing teleop_keyboard script to /home/tyler/colcon_ws/install/mycobot_320pi/lib/mycobot_320pi
[6.142s] 
[6.142s] Installed /home/tyler/colcon_ws/build/mycobot_320pi
[6.143s] running install_data
[6.143s] creating /home/tyler/colcon_ws/install/mycobot_320pi/share/ament_index
[6.144s] creating /home/tyler/colcon_ws/install/mycobot_320pi/share/ament_index/resource_index
[6.144s] creating /home/tyler/colcon_ws/install/mycobot_320pi/share/ament_index/resource_index/packages
[6.145s] copying resource/mycobot_320pi -> /home/tyler/colcon_ws/install/mycobot_320pi/share/ament_index/resource_index/packages
[6.145s] copying package.xml -> /home/tyler/colcon_ws/install/mycobot_320pi/share/mycobot_320pi
[6.146s] creating /home/tyler/colcon_ws/install/mycobot_320pi/share/mycobot_320pi/launch
[6.146s] copying launch/teleop_keyboard.launch.py -> /home/tyler/colcon_ws/install/mycobot_320pi/share/mycobot_320pi/launch
[6.147s] copying launch/detect_marker.launch.py -> /home/tyler/colcon_ws/install/mycobot_320pi/share/mycobot_320pi/launch
[6.147s] copying launch/slider_control.launch.py -> /home/tyler/colcon_ws/install/mycobot_320pi/share/mycobot_320pi/launch
[6.147s] copying launch/test.launch.py -> /home/tyler/colcon_ws/install/mycobot_320pi/share/mycobot_320pi/launch
[6.147s] copying launch/simple_gui.launch.py -> /home/tyler/colcon_ws/install/mycobot_320pi/share/mycobot_320pi/launch
[6.147s] copying launch/mycobot_follow.launch.py -> /home/tyler/colcon_ws/install/mycobot_320pi/share/mycobot_320pi/launch
[6.147s] copying launch/detect_marker_with_topic.launch.py -> /home/tyler/colcon_ws/install/mycobot_320pi/share/mycobot_320pi/launch
[6.147s] creating /home/tyler/colcon_ws/install/mycobot_320pi/share/mycobot_320pi/config
[6.148s] copying config/mycobot_320_pi.rviz -> /home/tyler/colcon_ws/install/mycobot_320pi/share/mycobot_320pi/config
[6.148s] copying config/mycobot_with_marker.rviz -> /home/tyler/colcon_ws/install/mycobot_320pi/share/mycobot_320pi/config
[6.360s] Invoked command in '/home/tyler/colcon_ws/build/mycobot_320pi' returned '0': AMENT_PREFIX_PATH=/home/tyler/colcon_ws/install/mycobot_communication:/home/tyler/colcon_ws/install/mycobot_interfaces:/home/tyler/colcon_ws/install/mycobot_description:${AMENT_PREFIX_PATH} CMAKE_PREFIX_PATH=/home/tyler/colcon_ws/install/mycobot_interfaces LD_LIBRARY_PATH=/home/tyler/colcon_ws/install/mycobot_interfaces/lib:${LD_LIBRARY_PATH} MYSQL_PS1=(\u@\h) [\d]> PYTHONPATH=/home/tyler/colcon_ws/build/mycobot_320pi/prefix_override:/home/tyler/colcon_ws/install/mycobot_320pi/lib/python3.10/site-packages:/home/tyler/colcon_ws/build/mycobot_communication:/home/tyler/colcon_ws/install/mycobot_communication/lib/python3.10/site-packages:/home/tyler/colcon_ws/install/mycobot_interfaces/local/lib/python3.10/dist-packages:/home/tyler/colcon_ws/build/mycobot_description:/home/tyler/colcon_ws/install/mycobot_description/lib/python3.10/site-packages:${PYTHONPATH} /usr/bin/python3 setup.py develop --editable --build-directory /home/tyler/colcon_ws/build/mycobot_320pi/build --no-deps install_data
