running develop
Removing /home/tyler/colcon_ws/install/mypalletizer_260/lib/python3.10/site-packages/mypalletizer-260.egg-link (link to .)
running egg_info
writing ../../../../build/mypalletizer_260/mypalletizer_260.egg-info/PKG-INFO
writing dependency_links to ../../../../build/mypalletizer_260/mypalletizer_260.egg-info/dependency_links.txt
writing entry points to ../../../../build/mypalletizer_260/mypalletizer_260.egg-info/entry_points.txt
writing requirements to ../../../../build/mypalletizer_260/mypalletizer_260.egg-info/requires.txt
writing top-level names to ../../../../build/mypalletizer_260/mypalletizer_260.egg-info/top_level.txt
reading manifest file '../../../../build/mypalletizer_260/mypalletizer_260.egg-info/SOURCES.txt'
adding license file 'LICENSE'
writing manifest file '../../../../build/mypalletizer_260/mypalletizer_260.egg-info/SOURCES.txt'
running build
running build_py
creating /home/tyler/colcon_ws/build/mypalletizer_260/build
creating /home/tyler/colcon_ws/build/mypalletizer_260/build/lib
creating /home/tyler/colcon_ws/build/mypalletizer_260/build/lib/mypalletizer_260
copying mypalletizer_260/detect_marker.py -> /home/tyler/colcon_ws/build/mypalletizer_260/build/lib/mypalletizer_260
copying mypalletizer_260/follow_display.py -> /home/tyler/colcon_ws/build/mypalletizer_260/build/lib/mypalletizer_260
copying mypalletizer_260/listen_real_of_topic.py -> /home/tyler/colcon_ws/build/mypalletizer_260/build/lib/mypalletizer_260
copying mypalletizer_260/listen_real.py -> /home/tyler/colcon_ws/build/mypalletizer_260/build/lib/mypalletizer_260
copying mypalletizer_260/teleop_keyboard.py -> /home/tyler/colcon_ws/build/mypalletizer_260/build/lib/mypalletizer_260
copying mypalletizer_260/__init__.py -> /home/tyler/colcon_ws/build/mypalletizer_260/build/lib/mypalletizer_260
copying mypalletizer_260/follow_and_pump.py -> /home/tyler/colcon_ws/build/mypalletizer_260/build/lib/mypalletizer_260
copying mypalletizer_260/slider_control.py -> /home/tyler/colcon_ws/build/mypalletizer_260/build/lib/mypalletizer_260
copying mypalletizer_260/following_marker.py -> /home/tyler/colcon_ws/build/mypalletizer_260/build/lib/mypalletizer_260
copying mypalletizer_260/simple_gui.py -> /home/tyler/colcon_ws/build/mypalletizer_260/build/lib/mypalletizer_260
running install
running install_lib
creating /home/tyler/colcon_ws/install/mypalletizer_260/lib/python3.10/site-packages/mypalletizer_260
copying /home/tyler/colcon_ws/build/mypalletizer_260/build/lib/mypalletizer_260/detect_marker.py -> /home/tyler/colcon_ws/install/mypalletizer_260/lib/python3.10/site-packages/mypalletizer_260
copying /home/tyler/colcon_ws/build/mypalletizer_260/build/lib/mypalletizer_260/follow_display.py -> /home/tyler/colcon_ws/install/mypalletizer_260/lib/python3.10/site-packages/mypalletizer_260
copying /home/tyler/colcon_ws/build/mypalletizer_260/build/lib/mypalletizer_260/listen_real_of_topic.py -> /home/tyler/colcon_ws/install/mypalletizer_260/lib/python3.10/site-packages/mypalletizer_260
copying /home/tyler/colcon_ws/build/mypalletizer_260/build/lib/mypalletizer_260/listen_real.py -> /home/tyler/colcon_ws/install/mypalletizer_260/lib/python3.10/site-packages/mypalletizer_260
copying /home/tyler/colcon_ws/build/mypalletizer_260/build/lib/mypalletizer_260/teleop_keyboard.py -> /home/tyler/colcon_ws/install/mypalletizer_260/lib/python3.10/site-packages/mypalletizer_260
copying /home/tyler/colcon_ws/build/mypalletizer_260/build/lib/mypalletizer_260/__init__.py -> /home/tyler/colcon_ws/install/mypalletizer_260/lib/python3.10/site-packages/mypalletizer_260
copying /home/tyler/colcon_ws/build/mypalletizer_260/build/lib/mypalletizer_260/follow_and_pump.py -> /home/tyler/colcon_ws/install/mypalletizer_260/lib/python3.10/site-packages/mypalletizer_260
copying /home/tyler/colcon_ws/build/mypalletizer_260/build/lib/mypalletizer_260/slider_control.py -> /home/tyler/colcon_ws/install/mypalletizer_260/lib/python3.10/site-packages/mypalletizer_260
copying /home/tyler/colcon_ws/build/mypalletizer_260/build/lib/mypalletizer_260/following_marker.py -> /home/tyler/colcon_ws/install/mypalletizer_260/lib/python3.10/site-packages/mypalletizer_260
copying /home/tyler/colcon_ws/build/mypalletizer_260/build/lib/mypalletizer_260/simple_gui.py -> /home/tyler/colcon_ws/install/mypalletizer_260/lib/python3.10/site-packages/mypalletizer_260
byte-compiling /home/tyler/colcon_ws/install/mypalletizer_260/lib/python3.10/site-packages/mypalletizer_260/detect_marker.py to detect_marker.cpython-310.pyc
byte-compiling /home/tyler/colcon_ws/install/mypalletizer_260/lib/python3.10/site-packages/mypalletizer_260/follow_display.py to follow_display.cpython-310.pyc
byte-compiling /home/tyler/colcon_ws/install/mypalletizer_260/lib/python3.10/site-packages/mypalletizer_260/listen_real_of_topic.py to listen_real_of_topic.cpython-310.pyc
byte-compiling /home/tyler/colcon_ws/install/mypalletizer_260/lib/python3.10/site-packages/mypalletizer_260/listen_real.py to listen_real.cpython-310.pyc
byte-compiling /home/tyler/colcon_ws/install/mypalletizer_260/lib/python3.10/site-packages/mypalletizer_260/teleop_keyboard.py to teleop_keyboard.cpython-310.pyc
byte-compiling /home/tyler/colcon_ws/install/mypalletizer_260/lib/python3.10/site-packages/mypalletizer_260/__init__.py to __init__.cpython-310.pyc
byte-compiling /home/tyler/colcon_ws/install/mypalletizer_260/lib/python3.10/site-packages/mypalletizer_260/follow_and_pump.py to follow_and_pump.cpython-310.pyc
byte-compiling /home/tyler/colcon_ws/install/mypalletizer_260/lib/python3.10/site-packages/mypalletizer_260/slider_control.py to slider_control.cpython-310.pyc
byte-compiling /home/tyler/colcon_ws/install/mypalletizer_260/lib/python3.10/site-packages/mypalletizer_260/following_marker.py to following_marker.cpython-310.pyc
byte-compiling /home/tyler/colcon_ws/install/mypalletizer_260/lib/python3.10/site-packages/mypalletizer_260/simple_gui.py to simple_gui.cpython-310.pyc
running install_data
running install_egg_info
Copying ../../../../build/mypalletizer_260/mypalletizer_260.egg-info to /home/tyler/colcon_ws/install/mypalletizer_260/lib/python3.10/site-packages/mypalletizer_260-0.0.0-py3.10.egg-info
running install_scripts
Installing detect_marker script to /home/tyler/colcon_ws/install/mypalletizer_260/lib/mypalletizer_260
Installing follow_display script to /home/tyler/colcon_ws/install/mypalletizer_260/lib/mypalletizer_260
Installing following_marker script to /home/tyler/colcon_ws/install/mypalletizer_260/lib/mypalletizer_260
Installing listen_real script to /home/tyler/colcon_ws/install/mypalletizer_260/lib/mypalletizer_260
Installing listen_real_of_topic script to /home/tyler/colcon_ws/install/mypalletizer_260/lib/mypalletizer_260
Installing simple_gui script to /home/tyler/colcon_ws/install/mypalletizer_260/lib/mypalletizer_260
Installing slider_control script to /home/tyler/colcon_ws/install/mypalletizer_260/lib/mypalletizer_260
Installing teleop_keyboard script to /home/tyler/colcon_ws/install/mypalletizer_260/lib/mypalletizer_260
writing list of installed files to '/home/tyler/colcon_ws/build/mypalletizer_260/install.log'
