[6.479s] Invoking command in '/home/tyler/colcon_ws/build/mypalletizer_260': AMENT_PREFIX_PATH=/home/tyler/colcon_ws/install/mypalletizer_communication:/home/tyler/colcon_ws/install/mypalletizer_interfaces:/home/tyler/colcon_ws/install/mycobot_description:${AMENT_PREFIX_PATH} CMAKE_PREFIX_PATH=/home/tyler/colcon_ws/install/mypalletizer_interfaces LD_LIBRARY_PATH=/home/tyler/colcon_ws/install/mypalletizer_interfaces/lib:${LD_LIBRARY_PATH} MYSQL_PS1=(\u@\h) [\d]> PYTHONPATH=/home/tyler/colcon_ws/build/mypalletizer_260/prefix_override:/home/tyler/colcon_ws/install/mypalletizer_260/lib/python3.10/site-packages:/home/tyler/colcon_ws/install/mypalletizer_communication/lib/python3.10/site-packages:/home/tyler/colcon_ws/install/mypalletizer_interfaces/local/lib/python3.10/dist-packages:/home/tyler/colcon_ws/install/mycobot_description/lib/python3.10/site-packages:${PYTHONPATH} /usr/bin/python3 setup.py develop --uninstall --editable --build-directory /home/tyler/colcon_ws/build/mypalletizer_260/build
[7.212s] /usr/lib/python3/dist-packages/setuptools/dist.py:723: UserWarning: Usage of dash-separated 'script-dir' will not be supported in future versions. Please use the underscore name 'script_dir' instead
[7.212s]   warnings.warn(
[7.303s] running develop
[7.304s] /usr/lib/python3/dist-packages/setuptools/command/easy_install.py:158: EasyInstallDeprecationWarning: easy_install command is deprecated. Use build and pip and other standards-based tools.
[7.304s]   warnings.warn(
[7.308s] /usr/lib/python3/dist-packages/setuptools/command/install.py:34: SetuptoolsDeprecationWarning: setup.py install is deprecated. Use build and pip and other standards-based tools.
[7.308s]   warnings.warn(
[7.933s] Removing /home/tyler/colcon_ws/install/mypalletizer_260/lib/python3.10/site-packages/mypalletizer-260.egg-link (link to .)
[8.001s] Invoked command in '/home/tyler/colcon_ws/build/mypalletizer_260' returned '0': AMENT_PREFIX_PATH=/home/tyler/colcon_ws/install/mypalletizer_communication:/home/tyler/colcon_ws/install/mypalletizer_interfaces:/home/tyler/colcon_ws/install/mycobot_description:${AMENT_PREFIX_PATH} CMAKE_PREFIX_PATH=/home/tyler/colcon_ws/install/mypalletizer_interfaces LD_LIBRARY_PATH=/home/tyler/colcon_ws/install/mypalletizer_interfaces/lib:${LD_LIBRARY_PATH} MYSQL_PS1=(\u@\h) [\d]> PYTHONPATH=/home/tyler/colcon_ws/build/mypalletizer_260/prefix_override:/home/tyler/colcon_ws/install/mypalletizer_260/lib/python3.10/site-packages:/home/tyler/colcon_ws/install/mypalletizer_communication/lib/python3.10/site-packages:/home/tyler/colcon_ws/install/mypalletizer_interfaces/local/lib/python3.10/dist-packages:/home/tyler/colcon_ws/install/mycobot_description/lib/python3.10/site-packages:${PYTHONPATH} /usr/bin/python3 setup.py develop --uninstall --editable --build-directory /home/tyler/colcon_ws/build/mypalletizer_260/build
[8.004s] Invoking command in '/home/tyler/colcon_ws/src/mycobot_ros2/mypalletizer_260/mypalletizer_260': AMENT_PREFIX_PATH=/home/tyler/colcon_ws/install/mypalletizer_communication:/home/tyler/colcon_ws/install/mypalletizer_interfaces:/home/tyler/colcon_ws/install/mycobot_description:${AMENT_PREFIX_PATH} CMAKE_PREFIX_PATH=/home/tyler/colcon_ws/install/mypalletizer_interfaces LD_LIBRARY_PATH=/home/tyler/colcon_ws/install/mypalletizer_interfaces/lib:${LD_LIBRARY_PATH} MYSQL_PS1=(\u@\h) [\d]> PYTHONPATH=/home/tyler/colcon_ws/build/mypalletizer_260/prefix_override:/home/tyler/colcon_ws/install/mypalletizer_260/lib/python3.10/site-packages:/home/tyler/colcon_ws/install/mypalletizer_communication/lib/python3.10/site-packages:/home/tyler/colcon_ws/install/mypalletizer_interfaces/local/lib/python3.10/dist-packages:/home/tyler/colcon_ws/install/mycobot_description/lib/python3.10/site-packages:${PYTHONPATH} /usr/bin/python3 setup.py egg_info --egg-base ../../../../build/mypalletizer_260 build --build-base /home/tyler/colcon_ws/build/mypalletizer_260/build install --record /home/tyler/colcon_ws/build/mypalletizer_260/install.log --install-scripts $base/lib/mypalletizer_260 --single-version-externally-managed
[8.697s] running egg_info
[8.698s] writing ../../../../build/mypalletizer_260/mypalletizer_260.egg-info/PKG-INFO
[8.702s] writing dependency_links to ../../../../build/mypalletizer_260/mypalletizer_260.egg-info/dependency_links.txt
[8.703s] writing entry points to ../../../../build/mypalletizer_260/mypalletizer_260.egg-info/entry_points.txt
[8.703s] writing requirements to ../../../../build/mypalletizer_260/mypalletizer_260.egg-info/requires.txt
[8.703s] writing top-level names to ../../../../build/mypalletizer_260/mypalletizer_260.egg-info/top_level.txt
[8.703s] reading manifest file '../../../../build/mypalletizer_260/mypalletizer_260.egg-info/SOURCES.txt'
[8.703s] adding license file 'LICENSE'
[8.704s] writing manifest file '../../../../build/mypalletizer_260/mypalletizer_260.egg-info/SOURCES.txt'
[8.704s] running build
[8.704s] running build_py
[8.704s] creating /home/tyler/colcon_ws/build/mypalletizer_260/build
[8.704s] creating /home/tyler/colcon_ws/build/mypalletizer_260/build/lib
[8.704s] creating /home/tyler/colcon_ws/build/mypalletizer_260/build/lib/mypalletizer_260
[8.705s] copying mypalletizer_260/detect_marker.py -> /home/tyler/colcon_ws/build/mypalletizer_260/build/lib/mypalletizer_260
[8.705s] copying mypalletizer_260/follow_display.py -> /home/tyler/colcon_ws/build/mypalletizer_260/build/lib/mypalletizer_260
[8.705s] copying mypalletizer_260/listen_real_of_topic.py -> /home/tyler/colcon_ws/build/mypalletizer_260/build/lib/mypalletizer_260
[8.705s] copying mypalletizer_260/listen_real.py -> /home/tyler/colcon_ws/build/mypalletizer_260/build/lib/mypalletizer_260
[8.705s] copying mypalletizer_260/teleop_keyboard.py -> /home/tyler/colcon_ws/build/mypalletizer_260/build/lib/mypalletizer_260
[8.705s] copying mypalletizer_260/__init__.py -> /home/tyler/colcon_ws/build/mypalletizer_260/build/lib/mypalletizer_260
[8.706s] copying mypalletizer_260/follow_and_pump.py -> /home/tyler/colcon_ws/build/mypalletizer_260/build/lib/mypalletizer_260
[8.706s] copying mypalletizer_260/slider_control.py -> /home/tyler/colcon_ws/build/mypalletizer_260/build/lib/mypalletizer_260
[8.706s] copying mypalletizer_260/following_marker.py -> /home/tyler/colcon_ws/build/mypalletizer_260/build/lib/mypalletizer_260
[8.706s] copying mypalletizer_260/simple_gui.py -> /home/tyler/colcon_ws/build/mypalletizer_260/build/lib/mypalletizer_260
[8.706s] running install
[8.706s] running install_lib
[8.707s] creating /home/tyler/colcon_ws/install/mypalletizer_260/lib/python3.10/site-packages/mypalletizer_260
[8.707s] copying /home/tyler/colcon_ws/build/mypalletizer_260/build/lib/mypalletizer_260/detect_marker.py -> /home/tyler/colcon_ws/install/mypalletizer_260/lib/python3.10/site-packages/mypalletizer_260
[8.708s] copying /home/tyler/colcon_ws/build/mypalletizer_260/build/lib/mypalletizer_260/follow_display.py -> /home/tyler/colcon_ws/install/mypalletizer_260/lib/python3.10/site-packages/mypalletizer_260
[8.709s] copying /home/tyler/colcon_ws/build/mypalletizer_260/build/lib/mypalletizer_260/listen_real_of_topic.py -> /home/tyler/colcon_ws/install/mypalletizer_260/lib/python3.10/site-packages/mypalletizer_260
[8.709s] copying /home/tyler/colcon_ws/build/mypalletizer_260/build/lib/mypalletizer_260/listen_real.py -> /home/tyler/colcon_ws/install/mypalletizer_260/lib/python3.10/site-packages/mypalletizer_260
[8.709s] copying /home/tyler/colcon_ws/build/mypalletizer_260/build/lib/mypalletizer_260/teleop_keyboard.py -> /home/tyler/colcon_ws/install/mypalletizer_260/lib/python3.10/site-packages/mypalletizer_260
[8.710s] copying /home/tyler/colcon_ws/build/mypalletizer_260/build/lib/mypalletizer_260/__init__.py -> /home/tyler/colcon_ws/install/mypalletizer_260/lib/python3.10/site-packages/mypalletizer_260
[8.710s] copying /home/tyler/colcon_ws/build/mypalletizer_260/build/lib/mypalletizer_260/follow_and_pump.py -> /home/tyler/colcon_ws/install/mypalletizer_260/lib/python3.10/site-packages/mypalletizer_260
[8.711s] copying /home/tyler/colcon_ws/build/mypalletizer_260/build/lib/mypalletizer_260/slider_control.py -> /home/tyler/colcon_ws/install/mypalletizer_260/lib/python3.10/site-packages/mypalletizer_260
[8.711s] copying /home/tyler/colcon_ws/build/mypalletizer_260/build/lib/mypalletizer_260/following_marker.py -> /home/tyler/colcon_ws/install/mypalletizer_260/lib/python3.10/site-packages/mypalletizer_260
[8.711s] copying /home/tyler/colcon_ws/build/mypalletizer_260/build/lib/mypalletizer_260/simple_gui.py -> /home/tyler/colcon_ws/install/mypalletizer_260/lib/python3.10/site-packages/mypalletizer_260
[8.711s] byte-compiling /home/tyler/colcon_ws/install/mypalletizer_260/lib/python3.10/site-packages/mypalletizer_260/detect_marker.py to detect_marker.cpython-310.pyc
[8.712s] byte-compiling /home/tyler/colcon_ws/install/mypalletizer_260/lib/python3.10/site-packages/mypalletizer_260/follow_display.py to follow_display.cpython-310.pyc
[8.712s] byte-compiling /home/tyler/colcon_ws/install/mypalletizer_260/lib/python3.10/site-packages/mypalletizer_260/listen_real_of_topic.py to listen_real_of_topic.cpython-310.pyc
[8.712s] byte-compiling /home/tyler/colcon_ws/install/mypalletizer_260/lib/python3.10/site-packages/mypalletizer_260/listen_real.py to listen_real.cpython-310.pyc
[8.712s] byte-compiling /home/tyler/colcon_ws/install/mypalletizer_260/lib/python3.10/site-packages/mypalletizer_260/teleop_keyboard.py to teleop_keyboard.cpython-310.pyc
[8.712s] byte-compiling /home/tyler/colcon_ws/install/mypalletizer_260/lib/python3.10/site-packages/mypalletizer_260/__init__.py to __init__.cpython-310.pyc
[8.713s] byte-compiling /home/tyler/colcon_ws/install/mypalletizer_260/lib/python3.10/site-packages/mypalletizer_260/follow_and_pump.py to follow_and_pump.cpython-310.pyc
[8.713s] byte-compiling /home/tyler/colcon_ws/install/mypalletizer_260/lib/python3.10/site-packages/mypalletizer_260/slider_control.py to slider_control.cpython-310.pyc
[8.713s] byte-compiling /home/tyler/colcon_ws/install/mypalletizer_260/lib/python3.10/site-packages/mypalletizer_260/following_marker.py to following_marker.cpython-310.pyc
[8.713s] byte-compiling /home/tyler/colcon_ws/install/mypalletizer_260/lib/python3.10/site-packages/mypalletizer_260/simple_gui.py to simple_gui.cpython-310.pyc
[8.713s] running install_data
[8.714s] running install_egg_info
[8.714s] Copying ../../../../build/mypalletizer_260/mypalletizer_260.egg-info to /home/tyler/colcon_ws/install/mypalletizer_260/lib/python3.10/site-packages/mypalletizer_260-0.0.0-py3.10.egg-info
[8.715s] running install_scripts
[8.717s] /usr/lib/python3/dist-packages/setuptools/dist.py:723: UserWarning: Usage of dash-separated 'script-dir' will not be supported in future versions. Please use the underscore name 'script_dir' instead
[8.717s]   warnings.warn(
[8.718s] /usr/lib/python3/dist-packages/setuptools/command/install.py:34: SetuptoolsDeprecationWarning: setup.py install is deprecated. Use build and pip and other standards-based tools.
[8.718s]   warnings.warn(
[8.725s] Installing detect_marker script to /home/tyler/colcon_ws/install/mypalletizer_260/lib/mypalletizer_260
[8.725s] Installing follow_display script to /home/tyler/colcon_ws/install/mypalletizer_260/lib/mypalletizer_260
[8.726s] Installing following_marker script to /home/tyler/colcon_ws/install/mypalletizer_260/lib/mypalletizer_260
[8.726s] Installing listen_real script to /home/tyler/colcon_ws/install/mypalletizer_260/lib/mypalletizer_260
[8.726s] Installing listen_real_of_topic script to /home/tyler/colcon_ws/install/mypalletizer_260/lib/mypalletizer_260
[8.726s] Installing simple_gui script to /home/tyler/colcon_ws/install/mypalletizer_260/lib/mypalletizer_260
[8.726s] Installing slider_control script to /home/tyler/colcon_ws/install/mypalletizer_260/lib/mypalletizer_260
[8.726s] Installing teleop_keyboard script to /home/tyler/colcon_ws/install/mypalletizer_260/lib/mypalletizer_260
[8.727s] writing list of installed files to '/home/tyler/colcon_ws/build/mypalletizer_260/install.log'
[8.756s] Invoked command in '/home/tyler/colcon_ws/src/mycobot_ros2/mypalletizer_260/mypalletizer_260' returned '0': AMENT_PREFIX_PATH=/home/tyler/colcon_ws/install/mypalletizer_communication:/home/tyler/colcon_ws/install/mypalletizer_interfaces:/home/tyler/colcon_ws/install/mycobot_description:${AMENT_PREFIX_PATH} CMAKE_PREFIX_PATH=/home/tyler/colcon_ws/install/mypalletizer_interfaces LD_LIBRARY_PATH=/home/tyler/colcon_ws/install/mypalletizer_interfaces/lib:${LD_LIBRARY_PATH} MYSQL_PS1=(\u@\h) [\d]> PYTHONPATH=/home/tyler/colcon_ws/build/mypalletizer_260/prefix_override:/home/tyler/colcon_ws/install/mypalletizer_260/lib/python3.10/site-packages:/home/tyler/colcon_ws/install/mypalletizer_communication/lib/python3.10/site-packages:/home/tyler/colcon_ws/install/mypalletizer_interfaces/local/lib/python3.10/dist-packages:/home/tyler/colcon_ws/install/mycobot_description/lib/python3.10/site-packages:${PYTHONPATH} /usr/bin/python3 setup.py egg_info --egg-base ../../../../build/mypalletizer_260 build --build-base /home/tyler/colcon_ws/build/mypalletizer_260/build install --record /home/tyler/colcon_ws/build/mypalletizer_260/install.log --install-scripts $base/lib/mypalletizer_260 --single-version-externally-managed
