/home/tyler/colcon_ws/install/mecharm/lib/python3.10/site-packages/mecharm/detect_marker.py
/home/tyler/colcon_ws/install/mecharm/lib/python3.10/site-packages/mecharm/follow_display.py
/home/tyler/colcon_ws/install/mecharm/lib/python3.10/site-packages/mecharm/listen_real_of_topic.py
/home/tyler/colcon_ws/install/mecharm/lib/python3.10/site-packages/mecharm/listen_real.py
/home/tyler/colcon_ws/install/mecharm/lib/python3.10/site-packages/mecharm/teleop_keyboard.py
/home/tyler/colcon_ws/install/mecharm/lib/python3.10/site-packages/mecharm/__init__.py
/home/tyler/colcon_ws/install/mecharm/lib/python3.10/site-packages/mecharm/follow_and_pump.py
/home/tyler/colcon_ws/install/mecharm/lib/python3.10/site-packages/mecharm/slider_control.py
/home/tyler/colcon_ws/install/mecharm/lib/python3.10/site-packages/mecharm/following_marker.py
/home/tyler/colcon_ws/install/mecharm/lib/python3.10/site-packages/mecharm/simple_gui.py
/home/tyler/colcon_ws/install/mecharm/lib/python3.10/site-packages/mecharm/__pycache__/detect_marker.cpython-310.pyc
/home/tyler/colcon_ws/install/mecharm/lib/python3.10/site-packages/mecharm/__pycache__/follow_display.cpython-310.pyc
/home/tyler/colcon_ws/install/mecharm/lib/python3.10/site-packages/mecharm/__pycache__/listen_real_of_topic.cpython-310.pyc
/home/tyler/colcon_ws/install/mecharm/lib/python3.10/site-packages/mecharm/__pycache__/listen_real.cpython-310.pyc
/home/tyler/colcon_ws/install/mecharm/lib/python3.10/site-packages/mecharm/__pycache__/teleop_keyboard.cpython-310.pyc
/home/tyler/colcon_ws/install/mecharm/lib/python3.10/site-packages/mecharm/__pycache__/__init__.cpython-310.pyc
/home/tyler/colcon_ws/install/mecharm/lib/python3.10/site-packages/mecharm/__pycache__/follow_and_pump.cpython-310.pyc
/home/tyler/colcon_ws/install/mecharm/lib/python3.10/site-packages/mecharm/__pycache__/slider_control.cpython-310.pyc
/home/tyler/colcon_ws/install/mecharm/lib/python3.10/site-packages/mecharm/__pycache__/following_marker.cpython-310.pyc
/home/tyler/colcon_ws/install/mecharm/lib/python3.10/site-packages/mecharm/__pycache__/simple_gui.cpython-310.pyc
/home/tyler/colcon_ws/install/mecharm/share/ament_index/resource_index/packages/mecharm
/home/tyler/colcon_ws/install/mecharm/share/mecharm/package.xml
/home/tyler/colcon_ws/install/mecharm/share/mecharm/launch/teleop_keyboard.launch.py
/home/tyler/colcon_ws/install/mecharm/share/mecharm/launch/detect_marker.launch.py
/home/tyler/colcon_ws/install/mecharm/share/mecharm/launch/slider_control.launch.py
/home/tyler/colcon_ws/install/mecharm/share/mecharm/launch/test.launch.py
/home/tyler/colcon_ws/install/mecharm/share/mecharm/launch/simple_gui.launch.py
/home/tyler/colcon_ws/install/mecharm/share/mecharm/launch/follow.launch.py
/home/tyler/colcon_ws/install/mecharm/share/mecharm/launch/detect_marker_with_topic.launch.py
/home/tyler/colcon_ws/install/mecharm/share/mecharm/config/mecharm.rviz
/home/tyler/colcon_ws/install/mecharm/share/mecharm/config/mycobot_with_marker.rviz
/home/tyler/colcon_ws/install/mecharm/lib/python3.10/site-packages/mecharm-0.0.0-py3.10.egg-info/requires.txt
/home/tyler/colcon_ws/install/mecharm/lib/python3.10/site-packages/mecharm-0.0.0-py3.10.egg-info/PKG-INFO
/home/tyler/colcon_ws/install/mecharm/lib/python3.10/site-packages/mecharm-0.0.0-py3.10.egg-info/SOURCES.txt
/home/tyler/colcon_ws/install/mecharm/lib/python3.10/site-packages/mecharm-0.0.0-py3.10.egg-info/entry_points.txt
/home/tyler/colcon_ws/install/mecharm/lib/python3.10/site-packages/mecharm-0.0.0-py3.10.egg-info/dependency_links.txt
/home/tyler/colcon_ws/install/mecharm/lib/python3.10/site-packages/mecharm-0.0.0-py3.10.egg-info/zip-safe
/home/tyler/colcon_ws/install/mecharm/lib/python3.10/site-packages/mecharm-0.0.0-py3.10.egg-info/top_level.txt
/home/tyler/colcon_ws/install/mecharm/lib/mecharm/detect_marker
/home/tyler/colcon_ws/install/mecharm/lib/mecharm/follow_display
/home/tyler/colcon_ws/install/mecharm/lib/mecharm/following_marker
/home/tyler/colcon_ws/install/mecharm/lib/mecharm/listen_real
/home/tyler/colcon_ws/install/mecharm/lib/mecharm/listen_real_of_topic
/home/tyler/colcon_ws/install/mecharm/lib/mecharm/simple_gui
/home/tyler/colcon_ws/install/mecharm/lib/mecharm/slider_control
/home/tyler/colcon_ws/install/mecharm/lib/mecharm/teleop_keyboard
