[0.822s] Invoking command in '/home/tyler/mycobot_ROS2/moveit_tutorial_ws/build/rviz_visual_tools': CMAKE_PREFIX_PATH=${CMAKE_PREFIX_PATH}:/home/tyler/mycobot_ROS2/colcon_ws/install/ultraarm:/home/tyler/mycobot_ROS2/colcon_ws/install/mypalletizer_260_pi:/home/tyler/mycobot_ROS2/colcon_ws/install/mypalletizer_260:/home/tyler/mycobot_ROS2/colcon_ws/install/mypalletizer_communication:/home/tyler/mycobot_ROS2/colcon_ws/install/mycobot_320pi:/home/tyler/mycobot_ROS2/colcon_ws/install/mycobot_320:/home/tyler/mycobot_ROS2/colcon_ws/install/mycobot_280pi:/home/tyler/mycobot_ROS2/colcon_ws/install/mycobot_280jn:/home/tyler/mycobot_ROS2/colcon_ws/install/mycobot_280_x3pi:/home/tyler/mycobot_ROS2/colcon_ws/install/mycobot_280:/home/tyler/mycobot_ROS2/colcon_ws/install/myarm_300:/home/tyler/mycobot_ROS2/colcon_ws/install/mycobot_communication:/home/tyler/mycobot_ROS2/colcon_ws/install/mecharm_pi:/home/tyler/mycobot_ROS2/colcon_ws/install/mecharm:/home/tyler/mycobot_ROS2/colcon_ws/install/mecharm_communication:/home/tyler/mycobot_ROS2/colcon_ws/install/mybuddy:/home/tyler/mycobot_ROS2/colcon_ws/install/mycobot_description:/opt/ros/humble MYSQL_PS1=(\u@\h) [\d]> /usr/bin/cmake --build /home/tyler/mycobot_ROS2/moveit_tutorial_ws/build/rviz_visual_tools -- -j16 -l16
[1.009s] [  2%] [34m[1mAutomatic MOC for target gtest_main[0m
[1.009s] [  7%] [34m[1mAutomatic MOC for target rviz_visual_tools_gui[0m
[1.009s] [  7%] [34m[1mAutomatic MOC for target rviz_visual_tools_remote_control[0m
[1.009s] [ 10%] [34m[1mAutomatic MOC for target gtest[0m
[1.129s] [ 10%] Built target gtest_autogen
[1.129s] [ 10%] Built target gtest_main_autogen
[1.130s] [ 10%] Built target rviz_visual_tools_remote_control_autogen
[1.130s] [35m[1mConsolidate compiler generated dependencies of target gtest_main[0m
[1.130s] [35m[1mConsolidate compiler generated dependencies of target gtest[0m
[1.130s] [ 10%] Built target rviz_visual_tools_gui_autogen
[1.131s] [35m[1mConsolidate compiler generated dependencies of target rviz_visual_tools_remote_control[0m
[1.131s] [ 17%] Built target gtest_main
[1.132s] [ 25%] Built target gtest
[1.132s] [35m[1mConsolidate compiler generated dependencies of target rviz_visual_tools_gui[0m
[1.132s] [ 33%] Built target rviz_visual_tools_remote_control
[1.133s] [ 35%] [34m[1mAutomatic MOC for target rviz_visual_tools[0m
[1.133s] [ 48%] Built target rviz_visual_tools_gui
[1.149s] [ 48%] Built target rviz_visual_tools_autogen
[1.172s] [35m[1mConsolidate compiler generated dependencies of target rviz_visual_tools[0m
[1.235s] [ 58%] Built target rviz_visual_tools
[1.270s] [ 61%] [34m[1mAutomatic MOC for target rviz_visual_tools_imarker_simple[0m
[1.271s] [ 64%] [34m[1mAutomatic MOC for target rviz_visual_tools_demo[0m
[1.277s] [ 66%] [34m[1mAutomatic MOC for target rviz_visual_tools_rvt_test[0m
[1.307s] [ 66%] Built target rviz_visual_tools_demo_autogen
[1.310s] [ 66%] Built target rviz_visual_tools_imarker_simple_autogen
[1.322s] [ 66%] Built target rviz_visual_tools_rvt_test_autogen
[1.329s] [35m[1mConsolidate compiler generated dependencies of target rviz_visual_tools_demo[0m
[1.334s] [35m[1mConsolidate compiler generated dependencies of target rviz_visual_tools_imarker_simple[0m
[1.343s] [35m[1mConsolidate compiler generated dependencies of target rviz_visual_tools_rvt_test[0m
[1.365s] [ 74%] Built target rviz_visual_tools_demo
[1.369s] [ 82%] Built target rviz_visual_tools_imarker_simple
[1.375s] [ 89%] Built target rviz_visual_tools_rvt_test
[1.402s] [ 92%] [34m[1mAutomatic MOC for target rviz_visual_tools_imarker_simple_demo[0m
[1.446s] [ 92%] Built target rviz_visual_tools_imarker_simple_demo_autogen
[1.467s] [35m[1mConsolidate compiler generated dependencies of target rviz_visual_tools_imarker_simple_demo[0m
[1.497s] [100%] Built target rviz_visual_tools_imarker_simple_demo
[2.162s] Invoked command in '/home/tyler/mycobot_ROS2/moveit_tutorial_ws/build/rviz_visual_tools' returned '0': CMAKE_PREFIX_PATH=${CMAKE_PREFIX_PATH}:/home/tyler/mycobot_ROS2/colcon_ws/install/ultraarm:/home/tyler/mycobot_ROS2/colcon_ws/install/mypalletizer_260_pi:/home/tyler/mycobot_ROS2/colcon_ws/install/mypalletizer_260:/home/tyler/mycobot_ROS2/colcon_ws/install/mypalletizer_communication:/home/tyler/mycobot_ROS2/colcon_ws/install/mycobot_320pi:/home/tyler/mycobot_ROS2/colcon_ws/install/mycobot_320:/home/tyler/mycobot_ROS2/colcon_ws/install/mycobot_280pi:/home/tyler/mycobot_ROS2/colcon_ws/install/mycobot_280jn:/home/tyler/mycobot_ROS2/colcon_ws/install/mycobot_280_x3pi:/home/tyler/mycobot_ROS2/colcon_ws/install/mycobot_280:/home/tyler/mycobot_ROS2/colcon_ws/install/myarm_300:/home/tyler/mycobot_ROS2/colcon_ws/install/mycobot_communication:/home/tyler/mycobot_ROS2/colcon_ws/install/mecharm_pi:/home/tyler/mycobot_ROS2/colcon_ws/install/mecharm:/home/tyler/mycobot_ROS2/colcon_ws/install/mecharm_communication:/home/tyler/mycobot_ROS2/colcon_ws/install/mybuddy:/home/tyler/mycobot_ROS2/colcon_ws/install/mycobot_description:/opt/ros/humble MYSQL_PS1=(\u@\h) [\d]> /usr/bin/cmake --build /home/tyler/mycobot_ROS2/moveit_tutorial_ws/build/rviz_visual_tools -- -j16 -l16
[3.030s] Invoking command in '/home/tyler/mycobot_ROS2/moveit_tutorial_ws/build/rviz_visual_tools': CMAKE_PREFIX_PATH=${CMAKE_PREFIX_PATH}:/home/tyler/mycobot_ROS2/colcon_ws/install/ultraarm:/home/tyler/mycobot_ROS2/colcon_ws/install/mypalletizer_260_pi:/home/tyler/mycobot_ROS2/colcon_ws/install/mypalletizer_260:/home/tyler/mycobot_ROS2/colcon_ws/install/mypalletizer_communication:/home/tyler/mycobot_ROS2/colcon_ws/install/mycobot_320pi:/home/tyler/mycobot_ROS2/colcon_ws/install/mycobot_320:/home/tyler/mycobot_ROS2/colcon_ws/install/mycobot_280pi:/home/tyler/mycobot_ROS2/colcon_ws/install/mycobot_280jn:/home/tyler/mycobot_ROS2/colcon_ws/install/mycobot_280_x3pi:/home/tyler/mycobot_ROS2/colcon_ws/install/mycobot_280:/home/tyler/mycobot_ROS2/colcon_ws/install/myarm_300:/home/tyler/mycobot_ROS2/colcon_ws/install/mycobot_communication:/home/tyler/mycobot_ROS2/colcon_ws/install/mecharm_pi:/home/tyler/mycobot_ROS2/colcon_ws/install/mecharm:/home/tyler/mycobot_ROS2/colcon_ws/install/mecharm_communication:/home/tyler/mycobot_ROS2/colcon_ws/install/mybuddy:/home/tyler/mycobot_ROS2/colcon_ws/install/mycobot_description:/opt/ros/humble MYSQL_PS1=(\u@\h) [\d]> /usr/bin/cmake --install /home/tyler/mycobot_ROS2/moveit_tutorial_ws/build/rviz_visual_tools
[3.179s] -- Install configuration: ""
[3.179s] -- Up-to-date: /home/tyler/mycobot_ROS2/moveit_tutorial_ws/install/rviz_visual_tools/share/rviz_visual_tools/plugin_description.xml
[3.179s] -- Up-to-date: /home/tyler/mycobot_ROS2/moveit_tutorial_ws/install/rviz_visual_tools/lib/librviz_visual_tools.so
[3.179s] -- Up-to-date: /home/tyler/mycobot_ROS2/moveit_tutorial_ws/install/rviz_visual_tools/lib/librviz_visual_tools_remote_control.so
[3.179s] -- Up-to-date: /home/tyler/mycobot_ROS2/moveit_tutorial_ws/install/rviz_visual_tools/lib/librviz_visual_tools_gui.so
[3.179s] -- Up-to-date: /home/tyler/mycobot_ROS2/moveit_tutorial_ws/install/rviz_visual_tools/lib/librviz_visual_tools_imarker_simple.so
[3.179s] -- Up-to-date: /home/tyler/mycobot_ROS2/moveit_tutorial_ws/install/rviz_visual_tools/lib/rviz_visual_tools/rviz_visual_tools_demo
[3.179s] -- Up-to-date: /home/tyler/mycobot_ROS2/moveit_tutorial_ws/install/rviz_visual_tools/lib/rviz_visual_tools/rviz_visual_tools_imarker_simple_demo
[3.179s] -- Up-to-date: /home/tyler/mycobot_ROS2/moveit_tutorial_ws/install/rviz_visual_tools/include
[3.179s] -- Up-to-date: /home/tyler/mycobot_ROS2/moveit_tutorial_ws/install/rviz_visual_tools/include/rviz_visual_tools
[3.179s] -- Up-to-date: /home/tyler/mycobot_ROS2/moveit_tutorial_ws/install/rviz_visual_tools/include/rviz_visual_tools/tf_visual_tools.hpp
[3.180s] -- Up-to-date: /home/tyler/mycobot_ROS2/moveit_tutorial_ws/install/rviz_visual_tools/include/rviz_visual_tools/rviz_visual_tools_gui.hpp
[3.180s] -- Up-to-date: /home/tyler/mycobot_ROS2/moveit_tutorial_ws/install/rviz_visual_tools/include/rviz_visual_tools/key_tool.hpp
[3.180s] -- Up-to-date: /home/tyler/mycobot_ROS2/moveit_tutorial_ws/install/rviz_visual_tools/include/rviz_visual_tools/remote_reciever.hpp
[3.180s] -- Up-to-date: /home/tyler/mycobot_ROS2/moveit_tutorial_ws/install/rviz_visual_tools/include/rviz_visual_tools/rviz_visual_tools.hpp
[3.180s] -- Up-to-date: /home/tyler/mycobot_ROS2/moveit_tutorial_ws/install/rviz_visual_tools/include/rviz_visual_tools/remote_control.hpp
[3.180s] -- Up-to-date: /home/tyler/mycobot_ROS2/moveit_tutorial_ws/install/rviz_visual_tools/include/rviz_visual_tools/imarker_simple.hpp
[3.180s] -- Up-to-date: /home/tyler/mycobot_ROS2/moveit_tutorial_ws/install/rviz_visual_tools/share/rviz_visual_tools/launch
[3.180s] -- Up-to-date: /home/tyler/mycobot_ROS2/moveit_tutorial_ws/install/rviz_visual_tools/share/rviz_visual_tools/launch/demo_combined.launch.py
[3.181s] -- Up-to-date: /home/tyler/mycobot_ROS2/moveit_tutorial_ws/install/rviz_visual_tools/share/rviz_visual_tools/launch/demo.rviz
[3.181s] -- Up-to-date: /home/tyler/mycobot_ROS2/moveit_tutorial_ws/install/rviz_visual_tools/share/rviz_visual_tools/launch/rvt_test.launch
[3.181s] -- Up-to-date: /home/tyler/mycobot_ROS2/moveit_tutorial_ws/install/rviz_visual_tools/share/rviz_visual_tools/launch/demo_rviz.launch.py
[3.181s] -- Up-to-date: /home/tyler/mycobot_ROS2/moveit_tutorial_ws/install/rviz_visual_tools/share/rviz_visual_tools/environment/library_path.sh
[3.181s] -- Up-to-date: /home/tyler/mycobot_ROS2/moveit_tutorial_ws/install/rviz_visual_tools/share/rviz_visual_tools/environment/library_path.dsv
[3.181s] -- Up-to-date: /home/tyler/mycobot_ROS2/moveit_tutorial_ws/install/rviz_visual_tools/share/ament_index/resource_index/package_run_dependencies/rviz_visual_tools
[3.181s] -- Up-to-date: /home/tyler/mycobot_ROS2/moveit_tutorial_ws/install/rviz_visual_tools/share/ament_index/resource_index/parent_prefix_path/rviz_visual_tools
[3.181s] -- Up-to-date: /home/tyler/mycobot_ROS2/moveit_tutorial_ws/install/rviz_visual_tools/share/rviz_visual_tools/environment/ament_prefix_path.sh
[3.181s] -- Up-to-date: /home/tyler/mycobot_ROS2/moveit_tutorial_ws/install/rviz_visual_tools/share/rviz_visual_tools/environment/ament_prefix_path.dsv
[3.181s] -- Up-to-date: /home/tyler/mycobot_ROS2/moveit_tutorial_ws/install/rviz_visual_tools/share/rviz_visual_tools/environment/path.sh
[3.181s] -- Up-to-date: /home/tyler/mycobot_ROS2/moveit_tutorial_ws/install/rviz_visual_tools/share/rviz_visual_tools/environment/path.dsv
[3.181s] -- Up-to-date: /home/tyler/mycobot_ROS2/moveit_tutorial_ws/install/rviz_visual_tools/share/rviz_visual_tools/local_setup.bash
[3.181s] -- Up-to-date: /home/tyler/mycobot_ROS2/moveit_tutorial_ws/install/rviz_visual_tools/share/rviz_visual_tools/local_setup.sh
[3.181s] -- Up-to-date: /home/tyler/mycobot_ROS2/moveit_tutorial_ws/install/rviz_visual_tools/share/rviz_visual_tools/local_setup.zsh
[3.182s] -- Up-to-date: /home/tyler/mycobot_ROS2/moveit_tutorial_ws/install/rviz_visual_tools/share/rviz_visual_tools/local_setup.dsv
[3.182s] -- Installing: /home/tyler/mycobot_ROS2/moveit_tutorial_ws/install/rviz_visual_tools/share/rviz_visual_tools/package.dsv
[3.182s] -- Up-to-date: /home/tyler/mycobot_ROS2/moveit_tutorial_ws/install/rviz_visual_tools/share/ament_index/resource_index/packages/rviz_visual_tools
[3.182s] -- Up-to-date: /home/tyler/mycobot_ROS2/moveit_tutorial_ws/install/rviz_visual_tools/share/ament_index/resource_index/rviz_common__pluginlib__plugin/rviz_visual_tools
[3.182s] -- Up-to-date: /home/tyler/mycobot_ROS2/moveit_tutorial_ws/install/rviz_visual_tools/share/rviz_visual_tools/cmake/export_rviz_visual_toolsExport.cmake
[3.182s] -- Up-to-date: /home/tyler/mycobot_ROS2/moveit_tutorial_ws/install/rviz_visual_tools/share/rviz_visual_tools/cmake/export_rviz_visual_toolsExport-noconfig.cmake
[3.182s] -- Up-to-date: /home/tyler/mycobot_ROS2/moveit_tutorial_ws/install/rviz_visual_tools/share/rviz_visual_tools/cmake/ament_cmake_export_targets-extras.cmake
[3.182s] -- Up-to-date: /home/tyler/mycobot_ROS2/moveit_tutorial_ws/install/rviz_visual_tools/share/rviz_visual_tools/cmake/ament_cmake_export_dependencies-extras.cmake
[3.182s] -- Up-to-date: /home/tyler/mycobot_ROS2/moveit_tutorial_ws/install/rviz_visual_tools/share/rviz_visual_tools/cmake/ament_cmake_export_include_directories-extras.cmake
[3.183s] -- Up-to-date: /home/tyler/mycobot_ROS2/moveit_tutorial_ws/install/rviz_visual_tools/share/rviz_visual_tools/cmake/ament_cmake_export_libraries-extras.cmake
[3.183s] -- Up-to-date: /home/tyler/mycobot_ROS2/moveit_tutorial_ws/install/rviz_visual_tools/share/rviz_visual_tools/cmake/rviz_visual_toolsConfig.cmake
[3.183s] -- Up-to-date: /home/tyler/mycobot_ROS2/moveit_tutorial_ws/install/rviz_visual_tools/share/rviz_visual_tools/cmake/rviz_visual_toolsConfig-version.cmake
[3.183s] -- Up-to-date: /home/tyler/mycobot_ROS2/moveit_tutorial_ws/install/rviz_visual_tools/share/rviz_visual_tools/package.xml
[3.516s] Invoked command in '/home/tyler/mycobot_ROS2/moveit_tutorial_ws/build/rviz_visual_tools' returned '0': CMAKE_PREFIX_PATH=${CMAKE_PREFIX_PATH}:/home/tyler/mycobot_ROS2/colcon_ws/install/ultraarm:/home/tyler/mycobot_ROS2/colcon_ws/install/mypalletizer_260_pi:/home/tyler/mycobot_ROS2/colcon_ws/install/mypalletizer_260:/home/tyler/mycobot_ROS2/colcon_ws/install/mypalletizer_communication:/home/tyler/mycobot_ROS2/colcon_ws/install/mycobot_320pi:/home/tyler/mycobot_ROS2/colcon_ws/install/mycobot_320:/home/tyler/mycobot_ROS2/colcon_ws/install/mycobot_280pi:/home/tyler/mycobot_ROS2/colcon_ws/install/mycobot_280jn:/home/tyler/mycobot_ROS2/colcon_ws/install/mycobot_280_x3pi:/home/tyler/mycobot_ROS2/colcon_ws/install/mycobot_280:/home/tyler/mycobot_ROS2/colcon_ws/install/myarm_300:/home/tyler/mycobot_ROS2/colcon_ws/install/mycobot_communication:/home/tyler/mycobot_ROS2/colcon_ws/install/mecharm_pi:/home/tyler/mycobot_ROS2/colcon_ws/install/mecharm:/home/tyler/mycobot_ROS2/colcon_ws/install/mecharm_communication:/home/tyler/mycobot_ROS2/colcon_ws/install/mybuddy:/home/tyler/mycobot_ROS2/colcon_ws/install/mycobot_description:/opt/ros/humble MYSQL_PS1=(\u@\h) [\d]> /usr/bin/cmake --install /home/tyler/mycobot_ROS2/moveit_tutorial_ws/build/rviz_visual_tools
