/home/tyler/colcon_ws/install/mecharm_pi/lib/python3.10/site-packages/mecharm_pi/new_listen_real.py
/home/tyler/colcon_ws/install/mecharm_pi/lib/python3.10/site-packages/mecharm_pi/follow_display.py
/home/tyler/colcon_ws/install/mecharm_pi/lib/python3.10/site-packages/mecharm_pi/listen_real_of_topic.py
/home/tyler/colcon_ws/install/mecharm_pi/lib/python3.10/site-packages/mecharm_pi/listen_real.py
/home/tyler/colcon_ws/install/mecharm_pi/lib/python3.10/site-packages/mecharm_pi/teleop_keyboard.py
/home/tyler/colcon_ws/install/mecharm_pi/lib/python3.10/site-packages/mecharm_pi/__init__.py
/home/tyler/colcon_ws/install/mecharm_pi/lib/python3.10/site-packages/mecharm_pi/follow_and_pump.py
/home/tyler/colcon_ws/install/mecharm_pi/lib/python3.10/site-packages/mecharm_pi/slider_control.py
/home/tyler/colcon_ws/install/mecharm_pi/lib/python3.10/site-packages/mecharm_pi/following_marker.py
/home/tyler/colcon_ws/install/mecharm_pi/lib/python3.10/site-packages/mecharm_pi/simple_gui.py
/home/tyler/colcon_ws/install/mecharm_pi/lib/python3.10/site-packages/mecharm_pi/__pycache__/new_listen_real.cpython-310.pyc
/home/tyler/colcon_ws/install/mecharm_pi/lib/python3.10/site-packages/mecharm_pi/__pycache__/follow_display.cpython-310.pyc
/home/tyler/colcon_ws/install/mecharm_pi/lib/python3.10/site-packages/mecharm_pi/__pycache__/listen_real_of_topic.cpython-310.pyc
/home/tyler/colcon_ws/install/mecharm_pi/lib/python3.10/site-packages/mecharm_pi/__pycache__/listen_real.cpython-310.pyc
/home/tyler/colcon_ws/install/mecharm_pi/lib/python3.10/site-packages/mecharm_pi/__pycache__/teleop_keyboard.cpython-310.pyc
/home/tyler/colcon_ws/install/mecharm_pi/lib/python3.10/site-packages/mecharm_pi/__pycache__/__init__.cpython-310.pyc
/home/tyler/colcon_ws/install/mecharm_pi/lib/python3.10/site-packages/mecharm_pi/__pycache__/follow_and_pump.cpython-310.pyc
/home/tyler/colcon_ws/install/mecharm_pi/lib/python3.10/site-packages/mecharm_pi/__pycache__/slider_control.cpython-310.pyc
/home/tyler/colcon_ws/install/mecharm_pi/lib/python3.10/site-packages/mecharm_pi/__pycache__/following_marker.cpython-310.pyc
/home/tyler/colcon_ws/install/mecharm_pi/lib/python3.10/site-packages/mecharm_pi/__pycache__/simple_gui.cpython-310.pyc
/home/tyler/colcon_ws/install/mecharm_pi/share/ament_index/resource_index/packages/mecharm_pi
/home/tyler/colcon_ws/install/mecharm_pi/share/mecharm_pi/package.xml
/home/tyler/colcon_ws/install/mecharm_pi/share/mecharm_pi/launch/teleop_keyboard.launch.py
/home/tyler/colcon_ws/install/mecharm_pi/share/mecharm_pi/launch/detect_marker.launch.py
/home/tyler/colcon_ws/install/mecharm_pi/share/mecharm_pi/launch/slider_control.launch.py
/home/tyler/colcon_ws/install/mecharm_pi/share/mecharm_pi/launch/test.launch.py
/home/tyler/colcon_ws/install/mecharm_pi/share/mecharm_pi/launch/simple_gui.launch.py
/home/tyler/colcon_ws/install/mecharm_pi/share/mecharm_pi/launch/follow.launch.py
/home/tyler/colcon_ws/install/mecharm_pi/share/mecharm_pi/launch/detect_marker_with_topic.launch.py
/home/tyler/colcon_ws/install/mecharm_pi/share/mecharm_pi/config/mecharm_pi.rviz
/home/tyler/colcon_ws/install/mecharm_pi/share/mecharm_pi/config/mycobot_with_marker.rviz
/home/tyler/colcon_ws/install/mecharm_pi/lib/python3.10/site-packages/mecharm_pi-0.0.0-py3.10.egg-info/requires.txt
/home/tyler/colcon_ws/install/mecharm_pi/lib/python3.10/site-packages/mecharm_pi-0.0.0-py3.10.egg-info/PKG-INFO
/home/tyler/colcon_ws/install/mecharm_pi/lib/python3.10/site-packages/mecharm_pi-0.0.0-py3.10.egg-info/SOURCES.txt
/home/tyler/colcon_ws/install/mecharm_pi/lib/python3.10/site-packages/mecharm_pi-0.0.0-py3.10.egg-info/entry_points.txt
/home/tyler/colcon_ws/install/mecharm_pi/lib/python3.10/site-packages/mecharm_pi-0.0.0-py3.10.egg-info/dependency_links.txt
/home/tyler/colcon_ws/install/mecharm_pi/lib/python3.10/site-packages/mecharm_pi-0.0.0-py3.10.egg-info/zip-safe
/home/tyler/colcon_ws/install/mecharm_pi/lib/python3.10/site-packages/mecharm_pi-0.0.0-py3.10.egg-info/top_level.txt
/home/tyler/colcon_ws/install/mecharm_pi/lib/mecharm_pi/detect_marker
/home/tyler/colcon_ws/install/mecharm_pi/lib/mecharm_pi/follow_display
/home/tyler/colcon_ws/install/mecharm_pi/lib/mecharm_pi/following_marker
/home/tyler/colcon_ws/install/mecharm_pi/lib/mecharm_pi/listen_real
/home/tyler/colcon_ws/install/mecharm_pi/lib/mecharm_pi/listen_real_of_topic
/home/tyler/colcon_ws/install/mecharm_pi/lib/mecharm_pi/simple_gui
/home/tyler/colcon_ws/install/mecharm_pi/lib/mecharm_pi/slider_control
/home/tyler/colcon_ws/install/mecharm_pi/lib/mecharm_pi/teleop_keyboard
