[1.133s] Invoking command in '/home/tyler/mycobot_ROS2/moveit_tutorial_ws/build/moveit_resources_pr2_description': CMAKE_PREFIX_PATH=${CMAKE_PREFIX_PATH}:/home/tyler/mycobot_ROS2/colcon_ws/install/ultraarm:/home/tyler/mycobot_ROS2/colcon_ws/install/mypalletizer_260_pi:/home/tyler/mycobot_ROS2/colcon_ws/install/mypalletizer_260:/home/tyler/mycobot_ROS2/colcon_ws/install/mypalletizer_communication:/home/tyler/mycobot_ROS2/colcon_ws/install/mycobot_320pi:/home/tyler/mycobot_ROS2/colcon_ws/install/mycobot_320:/home/tyler/mycobot_ROS2/colcon_ws/install/mycobot_280pi:/home/tyler/mycobot_ROS2/colcon_ws/install/mycobot_280jn:/home/tyler/mycobot_ROS2/colcon_ws/install/mycobot_280_x3pi:/home/tyler/mycobot_ROS2/colcon_ws/install/mycobot_280:/home/tyler/mycobot_ROS2/colcon_ws/install/myarm_300:/home/tyler/mycobot_ROS2/colcon_ws/install/mycobot_communication:/home/tyler/mycobot_ROS2/colcon_ws/install/mecharm_pi:/home/tyler/mycobot_ROS2/colcon_ws/install/mecharm:/home/tyler/mycobot_ROS2/colcon_ws/install/mecharm_communication:/home/tyler/mycobot_ROS2/colcon_ws/install/mybuddy:/home/tyler/mycobot_ROS2/colcon_ws/install/mycobot_description:/opt/ros/humble MYSQL_PS1=(\u@\h) [\d]> /usr/bin/cmake /home/tyler/mycobot_ROS2/moveit_tutorial_ws/src/moveit_resources/pr2_description -DCMAKE_INSTALL_PREFIX=/home/tyler/mycobot_ROS2/moveit_tutorial_ws/install/moveit_resources_pr2_description
[1.255s] -- The C compiler identification is GNU 11.4.0
[1.395s] -- The CXX compiler identification is GNU 11.4.0
[1.414s] -- Detecting C compiler ABI info
[1.592s] -- Detecting C compiler ABI info - done
[1.615s] -- Check for working C compiler: /usr/bin/cc - skipped
[1.615s] -- Detecting C compile features
[1.616s] -- Detecting C compile features - done
[1.624s] -- Detecting CXX compiler ABI info
[1.818s] -- Detecting CXX compiler ABI info - done
[1.839s] -- Check for working CXX compiler: /usr/bin/c++ - skipped
[1.839s] -- Detecting CXX compile features
[1.841s] -- Detecting CXX compile features - done
[1.851s] -- Found ament_cmake: 1.3.5 (/opt/ros/humble/share/ament_cmake/cmake)
[2.372s] -- Found Python3: /usr/bin/python3.10 (found version "3.10.12") found components: Interpreter 
[2.837s] -- Configuring done
[2.847s] -- Generating done
[2.847s] -- Build files have been written to: /home/tyler/mycobot_ROS2/moveit_tutorial_ws/build/moveit_resources_pr2_description
[3.286s] Invoked command in '/home/tyler/mycobot_ROS2/moveit_tutorial_ws/build/moveit_resources_pr2_description' returned '0': CMAKE_PREFIX_PATH=${CMAKE_PREFIX_PATH}:/home/tyler/mycobot_ROS2/colcon_ws/install/ultraarm:/home/tyler/mycobot_ROS2/colcon_ws/install/mypalletizer_260_pi:/home/tyler/mycobot_ROS2/colcon_ws/install/mypalletizer_260:/home/tyler/mycobot_ROS2/colcon_ws/install/mypalletizer_communication:/home/tyler/mycobot_ROS2/colcon_ws/install/mycobot_320pi:/home/tyler/mycobot_ROS2/colcon_ws/install/mycobot_320:/home/tyler/mycobot_ROS2/colcon_ws/install/mycobot_280pi:/home/tyler/mycobot_ROS2/colcon_ws/install/mycobot_280jn:/home/tyler/mycobot_ROS2/colcon_ws/install/mycobot_280_x3pi:/home/tyler/mycobot_ROS2/colcon_ws/install/mycobot_280:/home/tyler/mycobot_ROS2/colcon_ws/install/myarm_300:/home/tyler/mycobot_ROS2/colcon_ws/install/mycobot_communication:/home/tyler/mycobot_ROS2/colcon_ws/install/mecharm_pi:/home/tyler/mycobot_ROS2/colcon_ws/install/mecharm:/home/tyler/mycobot_ROS2/colcon_ws/install/mecharm_communication:/home/tyler/mycobot_ROS2/colcon_ws/install/mybuddy:/home/tyler/mycobot_ROS2/colcon_ws/install/mycobot_description:/opt/ros/humble MYSQL_PS1=(\u@\h) [\d]> /usr/bin/cmake /home/tyler/mycobot_ROS2/moveit_tutorial_ws/src/moveit_resources/pr2_description -DCMAKE_INSTALL_PREFIX=/home/tyler/mycobot_ROS2/moveit_tutorial_ws/install/moveit_resources_pr2_description
[3.288s] Invoking command in '/home/tyler/mycobot_ROS2/moveit_tutorial_ws/build/moveit_resources_pr2_description': CMAKE_PREFIX_PATH=${CMAKE_PREFIX_PATH}:/home/tyler/mycobot_ROS2/colcon_ws/install/ultraarm:/home/tyler/mycobot_ROS2/colcon_ws/install/mypalletizer_260_pi:/home/tyler/mycobot_ROS2/colcon_ws/install/mypalletizer_260:/home/tyler/mycobot_ROS2/colcon_ws/install/mypalletizer_communication:/home/tyler/mycobot_ROS2/colcon_ws/install/mycobot_320pi:/home/tyler/mycobot_ROS2/colcon_ws/install/mycobot_320:/home/tyler/mycobot_ROS2/colcon_ws/install/mycobot_280pi:/home/tyler/mycobot_ROS2/colcon_ws/install/mycobot_280jn:/home/tyler/mycobot_ROS2/colcon_ws/install/mycobot_280_x3pi:/home/tyler/mycobot_ROS2/colcon_ws/install/mycobot_280:/home/tyler/mycobot_ROS2/colcon_ws/install/myarm_300:/home/tyler/mycobot_ROS2/colcon_ws/install/mycobot_communication:/home/tyler/mycobot_ROS2/colcon_ws/install/mecharm_pi:/home/tyler/mycobot_ROS2/colcon_ws/install/mecharm:/home/tyler/mycobot_ROS2/colcon_ws/install/mecharm_communication:/home/tyler/mycobot_ROS2/colcon_ws/install/mybuddy:/home/tyler/mycobot_ROS2/colcon_ws/install/mycobot_description:/opt/ros/humble MYSQL_PS1=(\u@\h) [\d]> /usr/bin/cmake --build /home/tyler/mycobot_ROS2/moveit_tutorial_ws/build/moveit_resources_pr2_description -- -j16 -l16
[3.490s] Invoked command in '/home/tyler/mycobot_ROS2/moveit_tutorial_ws/build/moveit_resources_pr2_description' returned '0': CMAKE_PREFIX_PATH=${CMAKE_PREFIX_PATH}:/home/tyler/mycobot_ROS2/colcon_ws/install/ultraarm:/home/tyler/mycobot_ROS2/colcon_ws/install/mypalletizer_260_pi:/home/tyler/mycobot_ROS2/colcon_ws/install/mypalletizer_260:/home/tyler/mycobot_ROS2/colcon_ws/install/mypalletizer_communication:/home/tyler/mycobot_ROS2/colcon_ws/install/mycobot_320pi:/home/tyler/mycobot_ROS2/colcon_ws/install/mycobot_320:/home/tyler/mycobot_ROS2/colcon_ws/install/mycobot_280pi:/home/tyler/mycobot_ROS2/colcon_ws/install/mycobot_280jn:/home/tyler/mycobot_ROS2/colcon_ws/install/mycobot_280_x3pi:/home/tyler/mycobot_ROS2/colcon_ws/install/mycobot_280:/home/tyler/mycobot_ROS2/colcon_ws/install/myarm_300:/home/tyler/mycobot_ROS2/colcon_ws/install/mycobot_communication:/home/tyler/mycobot_ROS2/colcon_ws/install/mecharm_pi:/home/tyler/mycobot_ROS2/colcon_ws/install/mecharm:/home/tyler/mycobot_ROS2/colcon_ws/install/mecharm_communication:/home/tyler/mycobot_ROS2/colcon_ws/install/mybuddy:/home/tyler/mycobot_ROS2/colcon_ws/install/mycobot_description:/opt/ros/humble MYSQL_PS1=(\u@\h) [\d]> /usr/bin/cmake --build /home/tyler/mycobot_ROS2/moveit_tutorial_ws/build/moveit_resources_pr2_description -- -j16 -l16
[3.543s] Invoking command in '/home/tyler/mycobot_ROS2/moveit_tutorial_ws/build/moveit_resources_pr2_description': CMAKE_PREFIX_PATH=${CMAKE_PREFIX_PATH}:/home/tyler/mycobot_ROS2/colcon_ws/install/ultraarm:/home/tyler/mycobot_ROS2/colcon_ws/install/mypalletizer_260_pi:/home/tyler/mycobot_ROS2/colcon_ws/install/mypalletizer_260:/home/tyler/mycobot_ROS2/colcon_ws/install/mypalletizer_communication:/home/tyler/mycobot_ROS2/colcon_ws/install/mycobot_320pi:/home/tyler/mycobot_ROS2/colcon_ws/install/mycobot_320:/home/tyler/mycobot_ROS2/colcon_ws/install/mycobot_280pi:/home/tyler/mycobot_ROS2/colcon_ws/install/mycobot_280jn:/home/tyler/mycobot_ROS2/colcon_ws/install/mycobot_280_x3pi:/home/tyler/mycobot_ROS2/colcon_ws/install/mycobot_280:/home/tyler/mycobot_ROS2/colcon_ws/install/myarm_300:/home/tyler/mycobot_ROS2/colcon_ws/install/mycobot_communication:/home/tyler/mycobot_ROS2/colcon_ws/install/mecharm_pi:/home/tyler/mycobot_ROS2/colcon_ws/install/mecharm:/home/tyler/mycobot_ROS2/colcon_ws/install/mecharm_communication:/home/tyler/mycobot_ROS2/colcon_ws/install/mybuddy:/home/tyler/mycobot_ROS2/colcon_ws/install/mycobot_description:/opt/ros/humble MYSQL_PS1=(\u@\h) [\d]> /usr/bin/cmake --install /home/tyler/mycobot_ROS2/moveit_tutorial_ws/build/moveit_resources_pr2_description
[3.576s] -- Install configuration: ""
[3.577s] -- Installing: /home/tyler/mycobot_ROS2/moveit_tutorial_ws/install/moveit_resources_pr2_description/share/ament_index/resource_index/package_run_dependencies/moveit_resources_pr2_description
[3.578s] -- Installing: /home/tyler/mycobot_ROS2/moveit_tutorial_ws/install/moveit_resources_pr2_description/share/ament_index/resource_index/parent_prefix_path/moveit_resources_pr2_description
[3.578s] -- Installing: /home/tyler/mycobot_ROS2/moveit_tutorial_ws/install/moveit_resources_pr2_description/share/moveit_resources_pr2_description/environment/ament_prefix_path.sh
[3.580s] -- Installing: /home/tyler/mycobot_ROS2/moveit_tutorial_ws/install/moveit_resources_pr2_description/share/moveit_resources_pr2_description/environment/ament_prefix_path.dsv
[3.581s] -- Installing: /home/tyler/mycobot_ROS2/moveit_tutorial_ws/install/moveit_resources_pr2_description/share/moveit_resources_pr2_description/environment/path.sh
[3.581s] -- Installing: /home/tyler/mycobot_ROS2/moveit_tutorial_ws/install/moveit_resources_pr2_description/share/moveit_resources_pr2_description/environment/path.dsv
[3.582s] -- Installing: /home/tyler/mycobot_ROS2/moveit_tutorial_ws/install/moveit_resources_pr2_description/share/moveit_resources_pr2_description/local_setup.bash
[3.584s] -- Installing: /home/tyler/mycobot_ROS2/moveit_tutorial_ws/install/moveit_resources_pr2_description/share/moveit_resources_pr2_description/local_setup.sh
[3.586s] -- Installing: /home/tyler/mycobot_ROS2/moveit_tutorial_ws/install/moveit_resources_pr2_description/share/moveit_resources_pr2_description/local_setup.zsh
[3.587s] -- Installing: /home/tyler/mycobot_ROS2/moveit_tutorial_ws/install/moveit_resources_pr2_description/share/moveit_resources_pr2_description/local_setup.dsv
[3.588s] -- Installing: /home/tyler/mycobot_ROS2/moveit_tutorial_ws/install/moveit_resources_pr2_description/share/moveit_resources_pr2_description/package.dsv
[3.588s] -- Installing: /home/tyler/mycobot_ROS2/moveit_tutorial_ws/install/moveit_resources_pr2_description/share/ament_index/resource_index/packages/moveit_resources_pr2_description
[3.588s] -- Installing: /home/tyler/mycobot_ROS2/moveit_tutorial_ws/install/moveit_resources_pr2_description/share/moveit_resources_pr2_description/cmake/moveit_resources_pr2_descriptionConfig.cmake
[3.588s] -- Installing: /home/tyler/mycobot_ROS2/moveit_tutorial_ws/install/moveit_resources_pr2_description/share/moveit_resources_pr2_description/cmake/moveit_resources_pr2_descriptionConfig-version.cmake
[3.589s] -- Installing: /home/tyler/mycobot_ROS2/moveit_tutorial_ws/install/moveit_resources_pr2_description/share/moveit_resources_pr2_description/package.xml
[3.589s] -- Installing: /home/tyler/mycobot_ROS2/moveit_tutorial_ws/install/moveit_resources_pr2_description/share/moveit_resources_pr2_description/srdf
[3.589s] -- Installing: /home/tyler/mycobot_ROS2/moveit_tutorial_ws/install/moveit_resources_pr2_description/share/moveit_resources_pr2_description/srdf/robot.xml
[3.589s] -- Installing: /home/tyler/mycobot_ROS2/moveit_tutorial_ws/install/moveit_resources_pr2_description/share/moveit_resources_pr2_description/urdf
[3.589s] -- Installing: /home/tyler/mycobot_ROS2/moveit_tutorial_ws/install/moveit_resources_pr2_description/share/moveit_resources_pr2_description/urdf/materials
[3.590s] -- Installing: /home/tyler/mycobot_ROS2/moveit_tutorial_ws/install/moveit_resources_pr2_description/share/moveit_resources_pr2_description/urdf/materials/textures
[3.590s] -- Installing: /home/tyler/mycobot_ROS2/moveit_tutorial_ws/install/moveit_resources_pr2_description/share/moveit_resources_pr2_description/urdf/materials/textures/pr2_caster_texture.png
[3.590s] -- Installing: /home/tyler/mycobot_ROS2/moveit_tutorial_ws/install/moveit_resources_pr2_description/share/moveit_resources_pr2_description/urdf/materials/textures/pr2_wheel_right.png
[3.590s] -- Installing: /home/tyler/mycobot_ROS2/moveit_tutorial_ws/install/moveit_resources_pr2_description/share/moveit_resources_pr2_description/urdf/materials/textures/pr2_wheel_left.png
[3.595s] -- Installing: /home/tyler/mycobot_ROS2/moveit_tutorial_ws/install/moveit_resources_pr2_description/share/moveit_resources_pr2_description/urdf/meshes
[3.595s] -- Installing: /home/tyler/mycobot_ROS2/moveit_tutorial_ws/install/moveit_resources_pr2_description/share/moveit_resources_pr2_description/urdf/meshes/forearm_v0
[3.596s] -- Installing: /home/tyler/mycobot_ROS2/moveit_tutorial_ws/install/moveit_resources_pr2_description/share/moveit_resources_pr2_description/urdf/meshes/forearm_v0/forearm.stl
[3.596s] -- Installing: /home/tyler/mycobot_ROS2/moveit_tutorial_ws/install/moveit_resources_pr2_description/share/moveit_resources_pr2_description/urdf/meshes/forearm_v0/wrist_color.tif
[3.596s] -- Installing: /home/tyler/mycobot_ROS2/moveit_tutorial_ws/install/moveit_resources_pr2_description/share/moveit_resources_pr2_description/urdf/meshes/forearm_v0/wrist_flex.dae
[3.596s] -- Installing: /home/tyler/mycobot_ROS2/moveit_tutorial_ws/install/moveit_resources_pr2_description/share/moveit_resources_pr2_description/urdf/meshes/forearm_v0/wrist_roll_L.stl
[3.596s] -- Installing: /home/tyler/mycobot_ROS2/moveit_tutorial_ws/install/moveit_resources_pr2_description/share/moveit_resources_pr2_description/urdf/meshes/forearm_v0/wrist_flex.stl
[3.596s] -- Installing: /home/tyler/mycobot_ROS2/moveit_tutorial_ws/install/moveit_resources_pr2_description/share/moveit_resources_pr2_description/urdf/meshes/forearm_v0/forearm.dae
[3.598s] -- Installing: /home/tyler/mycobot_ROS2/moveit_tutorial_ws/install/moveit_resources_pr2_description/share/moveit_resources_pr2_description/urdf/meshes/forearm_v0/wrist_roll.stl
[3.598s] -- Installing: /home/tyler/mycobot_ROS2/moveit_tutorial_ws/install/moveit_resources_pr2_description/share/moveit_resources_pr2_description/urdf/meshes/forearm_v0/forearm_color.tif
[3.600s] -- Installing: /home/tyler/mycobot_ROS2/moveit_tutorial_ws/install/moveit_resources_pr2_description/share/moveit_resources_pr2_description/urdf/meshes/forearm_v0/forearm_normals.tif
[3.602s] -- Installing: /home/tyler/mycobot_ROS2/moveit_tutorial_ws/install/moveit_resources_pr2_description/share/moveit_resources_pr2_description/urdf/meshes/forearm_v0/forearm.jpg
[3.602s] -- Installing: /home/tyler/mycobot_ROS2/moveit_tutorial_ws/install/moveit_resources_pr2_description/share/moveit_resources_pr2_description/urdf/meshes/forearm_v0/convex
[3.602s] -- Installing: /home/tyler/mycobot_ROS2/moveit_tutorial_ws/install/moveit_resources_pr2_description/share/moveit_resources_pr2_description/urdf/meshes/forearm_v0/convex/wrist_roll_convex.stla
[3.603s] -- Installing: /home/tyler/mycobot_ROS2/moveit_tutorial_ws/install/moveit_resources_pr2_description/share/moveit_resources_pr2_description/urdf/meshes/forearm_v0/convex/wrist_roll_L.dae
[3.603s] -- Installing: /home/tyler/mycobot_ROS2/moveit_tutorial_ws/install/moveit_resources_pr2_description/share/moveit_resources_pr2_description/urdf/meshes/forearm_v0/convex/forearm_convex.stlb
[3.603s] -- Installing: /home/tyler/mycobot_ROS2/moveit_tutorial_ws/install/moveit_resources_pr2_description/share/moveit_resources_pr2_description/urdf/meshes/forearm_v0/convex/wrist_flex.dae
[3.604s] -- Installing: /home/tyler/mycobot_ROS2/moveit_tutorial_ws/install/moveit_resources_pr2_description/share/moveit_resources_pr2_description/urdf/meshes/forearm_v0/convex/wrist_roll_L.xml
[3.605s] -- Installing: /home/tyler/mycobot_ROS2/moveit_tutorial_ws/install/moveit_resources_pr2_description/share/moveit_resources_pr2_description/urdf/meshes/forearm_v0/convex/forearm.dae
[3.607s] -- Installing: /home/tyler/mycobot_ROS2/moveit_tutorial_ws/install/moveit_resources_pr2_description/share/moveit_resources_pr2_description/urdf/meshes/forearm_v0/convex/wrist_roll.xml
[3.608s] -- Installing: /home/tyler/mycobot_ROS2/moveit_tutorial_ws/install/moveit_resources_pr2_description/share/moveit_resources_pr2_description/urdf/meshes/forearm_v0/convex/wrist_flex_convex.stlb
[3.608s] -- Installing: /home/tyler/mycobot_ROS2/moveit_tutorial_ws/install/moveit_resources_pr2_description/share/moveit_resources_pr2_description/urdf/meshes/forearm_v0/convex/wrist_roll_L_convex.stlb
[3.608s] -- Installing: /home/tyler/mycobot_ROS2/moveit_tutorial_ws/install/moveit_resources_pr2_description/share/moveit_resources_pr2_description/urdf/meshes/forearm_v0/convex/wrist_roll.dae
[3.608s] -- Installing: /home/tyler/mycobot_ROS2/moveit_tutorial_ws/install/moveit_resources_pr2_description/share/moveit_resources_pr2_description/urdf/meshes/forearm_v0/convex/wrist_flex.xml
[3.609s] -- Installing: /home/tyler/mycobot_ROS2/moveit_tutorial_ws/install/moveit_resources_pr2_description/share/moveit_resources_pr2_description/urdf/meshes/forearm_v0/convex/wrist_flex_convex.stla
[3.610s] -- Installing: /home/tyler/mycobot_ROS2/moveit_tutorial_ws/install/moveit_resources_pr2_description/share/moveit_resources_pr2_description/urdf/meshes/forearm_v0/convex/wrist_roll_convex.stlb
[3.611s] -- Installing: /home/tyler/mycobot_ROS2/moveit_tutorial_ws/install/moveit_resources_pr2_description/share/moveit_resources_pr2_description/urdf/meshes/forearm_v0/convex/forearm.xml
[3.611s] -- Installing: /home/tyler/mycobot_ROS2/moveit_tutorial_ws/install/moveit_resources_pr2_description/share/moveit_resources_pr2_description/urdf/meshes/forearm_v0/convex/forearm_convex.stla
[3.611s] -- Installing: /home/tyler/mycobot_ROS2/moveit_tutorial_ws/install/moveit_resources_pr2_description/share/moveit_resources_pr2_description/urdf/meshes/forearm_v0/convex/wrist_roll_L_convex.stla
[3.611s] -- Installing: /home/tyler/mycobot_ROS2/moveit_tutorial_ws/install/moveit_resources_pr2_description/share/moveit_resources_pr2_description/urdf/meshes/forearm_v0/wrist_normals.tif
[3.612s] -- Installing: /home/tyler/mycobot_ROS2/moveit_tutorial_ws/install/moveit_resources_pr2_description/share/moveit_resources_pr2_description/urdf/meshes/head_v0
[3.612s] -- Installing: /home/tyler/mycobot_ROS2/moveit_tutorial_ws/install/moveit_resources_pr2_description/share/moveit_resources_pr2_description/urdf/meshes/head_v0/head_tilt_green.tif
[3.613s] -- Installing: /home/tyler/mycobot_ROS2/moveit_tutorial_ws/install/moveit_resources_pr2_description/share/moveit_resources_pr2_description/urdf/meshes/head_v0/head_pan_normals.tif
[3.614s] -- Installing: /home/tyler/mycobot_ROS2/moveit_tutorial_ws/install/moveit_resources_pr2_description/share/moveit_resources_pr2_description/urdf/meshes/head_v0/head_tilt_color_red.tif
[3.614s] -- Installing: /home/tyler/mycobot_ROS2/moveit_tutorial_ws/install/moveit_resources_pr2_description/share/moveit_resources_pr2_description/urdf/meshes/head_v0/head_tilt_L.stl
[3.614s] -- Installing: /home/tyler/mycobot_ROS2/moveit_tutorial_ws/install/moveit_resources_pr2_description/share/moveit_resources_pr2_description/urdf/meshes/head_v0/head_pan_color.tif
[3.614s] -- Installing: /home/tyler/mycobot_ROS2/moveit_tutorial_ws/install/moveit_resources_pr2_description/share/moveit_resources_pr2_description/urdf/meshes/head_v0/head_tilt_color.tif
[3.617s] -- Installing: /home/tyler/mycobot_ROS2/moveit_tutorial_ws/install/moveit_resources_pr2_description/share/moveit_resources_pr2_description/urdf/meshes/head_v0/head_pan.dae
[3.620s] -- Installing: /home/tyler/mycobot_ROS2/moveit_tutorial_ws/install/moveit_resources_pr2_description/share/moveit_resources_pr2_description/urdf/meshes/head_v0/head_pan.stl
[3.621s] -- Installing: /home/tyler/mycobot_ROS2/moveit_tutorial_ws/install/moveit_resources_pr2_description/share/moveit_resources_pr2_description/urdf/meshes/head_v0/head_tilt.stl
[3.623s] -- Installing: /home/tyler/mycobot_ROS2/moveit_tutorial_ws/install/moveit_resources_pr2_description/share/moveit_resources_pr2_description/urdf/meshes/head_v0/head_pan_L.stl
[3.623s] -- Installing: /home/tyler/mycobot_ROS2/moveit_tutorial_ws/install/moveit_resources_pr2_description/share/moveit_resources_pr2_description/urdf/meshes/head_v0/head_tilt.dae
[3.624s] -- Installing: /home/tyler/mycobot_ROS2/moveit_tutorial_ws/install/moveit_resources_pr2_description/share/moveit_resources_pr2_description/urdf/meshes/head_v0/convex
[3.624s] -- Installing: /home/tyler/mycobot_ROS2/moveit_tutorial_ws/install/moveit_resources_pr2_description/share/moveit_resources_pr2_description/urdf/meshes/head_v0/convex/head_tilt_L_convex.stlb
[3.624s] -- Installing: /home/tyler/mycobot_ROS2/moveit_tutorial_ws/install/moveit_resources_pr2_description/share/moveit_resources_pr2_description/urdf/meshes/head_v0/convex/head_pan_L_convex.stla
[3.624s] -- Installing: /home/tyler/mycobot_ROS2/moveit_tutorial_ws/install/moveit_resources_pr2_description/share/moveit_resources_pr2_description/urdf/meshes/head_v0/convex/head_pan_L.dae
[3.625s] -- Installing: /home/tyler/mycobot_ROS2/moveit_tutorial_ws/install/moveit_resources_pr2_description/share/moveit_resources_pr2_description/urdf/meshes/head_v0/convex/head_tilt_L_convex.stla
[3.625s] -- Installing: /home/tyler/mycobot_ROS2/moveit_tutorial_ws/install/moveit_resources_pr2_description/share/moveit_resources_pr2_description/urdf/meshes/head_v0/convex/head_pan_convex.stla
[3.626s] -- Installing: /home/tyler/mycobot_ROS2/moveit_tutorial_ws/install/moveit_resources_pr2_description/share/moveit_resources_pr2_description/urdf/meshes/head_v0/convex/head_pan.dae
[3.626s] -- Installing: /home/tyler/mycobot_ROS2/moveit_tutorial_ws/install/moveit_resources_pr2_description/share/moveit_resources_pr2_description/urdf/meshes/head_v0/convex/head_pan.xml
[3.626s] -- Installing: /home/tyler/mycobot_ROS2/moveit_tutorial_ws/install/moveit_resources_pr2_description/share/moveit_resources_pr2_description/urdf/meshes/head_v0/convex/head_tilt_L.xml
[3.626s] -- Installing: /home/tyler/mycobot_ROS2/moveit_tutorial_ws/install/moveit_resources_pr2_description/share/moveit_resources_pr2_description/urdf/meshes/head_v0/convex/head_tilt.dae
[3.627s] -- Installing: /home/tyler/mycobot_ROS2/moveit_tutorial_ws/install/moveit_resources_pr2_description/share/moveit_resources_pr2_description/urdf/meshes/head_v0/convex/head_tilt_convex.stla
[3.628s] -- Installing: /home/tyler/mycobot_ROS2/moveit_tutorial_ws/install/moveit_resources_pr2_description/share/moveit_resources_pr2_description/urdf/meshes/head_v0/convex/head_pan_L.xml
[3.628s] -- Installing: /home/tyler/mycobot_ROS2/moveit_tutorial_ws/install/moveit_resources_pr2_description/share/moveit_resources_pr2_description/urdf/meshes/head_v0/convex/head_tilt_convex.stlb
[3.628s] -- Installing: /home/tyler/mycobot_ROS2/moveit_tutorial_ws/install/moveit_resources_pr2_description/share/moveit_resources_pr2_description/urdf/meshes/head_v0/convex/head_tilt_L.dae
[3.628s] -- Installing: /home/tyler/mycobot_ROS2/moveit_tutorial_ws/install/moveit_resources_pr2_description/share/moveit_resources_pr2_description/urdf/meshes/head_v0/convex/head_pan_convex.stlb
[3.629s] -- Installing: /home/tyler/mycobot_ROS2/moveit_tutorial_ws/install/moveit_resources_pr2_description/share/moveit_resources_pr2_description/urdf/meshes/head_v0/convex/head_pan_L_convex.stlb
[3.630s] -- Installing: /home/tyler/mycobot_ROS2/moveit_tutorial_ws/install/moveit_resources_pr2_description/share/moveit_resources_pr2_description/urdf/meshes/head_v0/convex/head_tilt.xml
[3.630s] -- Installing: /home/tyler/mycobot_ROS2/moveit_tutorial_ws/install/moveit_resources_pr2_description/share/moveit_resources_pr2_description/urdf/meshes/head_v0/head_tilt_color_yellow.tif
[3.632s] -- Installing: /home/tyler/mycobot_ROS2/moveit_tutorial_ws/install/moveit_resources_pr2_description/share/moveit_resources_pr2_description/urdf/meshes/head_v0/head_tilt_normals.tif
[3.633s] -- Installing: /home/tyler/mycobot_ROS2/moveit_tutorial_ws/install/moveit_resources_pr2_description/share/moveit_resources_pr2_description/urdf/meshes/shoulder_v0
[3.633s] -- Installing: /home/tyler/mycobot_ROS2/moveit_tutorial_ws/install/moveit_resources_pr2_description/share/moveit_resources_pr2_description/urdf/meshes/shoulder_v0/upper_arm_roll_color.tif
[3.633s] -- Installing: /home/tyler/mycobot_ROS2/moveit_tutorial_ws/install/moveit_resources_pr2_description/share/moveit_resources_pr2_description/urdf/meshes/shoulder_v0/shoulder_lift_normals.tif
[3.634s] -- Installing: /home/tyler/mycobot_ROS2/moveit_tutorial_ws/install/moveit_resources_pr2_description/share/moveit_resources_pr2_description/urdf/meshes/shoulder_v0/shoulder_pan.stl
[3.634s] -- Installing: /home/tyler/mycobot_ROS2/moveit_tutorial_ws/install/moveit_resources_pr2_description/share/moveit_resources_pr2_description/urdf/meshes/shoulder_v0/shoulder_pan_color.tif
[3.640s] -- Installing: /home/tyler/mycobot_ROS2/moveit_tutorial_ws/install/moveit_resources_pr2_description/share/moveit_resources_pr2_description/urdf/meshes/shoulder_v0/shoulder_lift.dae
[3.641s] -- Installing: /home/tyler/mycobot_ROS2/moveit_tutorial_ws/install/moveit_resources_pr2_description/share/moveit_resources_pr2_description/urdf/meshes/shoulder_v0/shoulder_lift_color.tif
[3.641s] -- Installing: /home/tyler/mycobot_ROS2/moveit_tutorial_ws/install/moveit_resources_pr2_description/share/moveit_resources_pr2_description/urdf/meshes/shoulder_v0/upper_arm_roll_L.stl
[3.642s] -- Installing: /home/tyler/mycobot_ROS2/moveit_tutorial_ws/install/moveit_resources_pr2_description/share/moveit_resources_pr2_description/urdf/meshes/shoulder_v0/upper_arm_roll.dae
[3.642s] -- Installing: /home/tyler/mycobot_ROS2/moveit_tutorial_ws/install/moveit_resources_pr2_description/share/moveit_resources_pr2_description/urdf/meshes/shoulder_v0/upper_arm_roll.stl
[3.642s] -- Installing: /home/tyler/mycobot_ROS2/moveit_tutorial_ws/install/moveit_resources_pr2_description/share/moveit_resources_pr2_description/urdf/meshes/shoulder_v0/shoulder_yaw.stl
[3.644s] -- Installing: /home/tyler/mycobot_ROS2/moveit_tutorial_ws/install/moveit_resources_pr2_description/share/moveit_resources_pr2_description/urdf/meshes/shoulder_v0/shoulder_lift.stl
[3.645s] -- Installing: /home/tyler/mycobot_ROS2/moveit_tutorial_ws/install/moveit_resources_pr2_description/share/moveit_resources_pr2_description/urdf/meshes/shoulder_v0/shoulder_pan.dae
[3.645s] -- Installing: /home/tyler/mycobot_ROS2/moveit_tutorial_ws/install/moveit_resources_pr2_description/share/moveit_resources_pr2_description/urdf/meshes/shoulder_v0/convex
[3.645s] -- Installing: /home/tyler/mycobot_ROS2/moveit_tutorial_ws/install/moveit_resources_pr2_description/share/moveit_resources_pr2_description/urdf/meshes/shoulder_v0/convex/upper_arm_roll_L_convex.stlb
[3.648s] -- Installing: /home/tyler/mycobot_ROS2/moveit_tutorial_ws/install/moveit_resources_pr2_description/share/moveit_resources_pr2_description/urdf/meshes/shoulder_v0/convex/shoulder_yaw.dae
[3.648s] -- Installing: /home/tyler/mycobot_ROS2/moveit_tutorial_ws/install/moveit_resources_pr2_description/share/moveit_resources_pr2_description/urdf/meshes/shoulder_v0/convex/upper_arm_roll_convex.stla
[3.648s] -- Installing: /home/tyler/mycobot_ROS2/moveit_tutorial_ws/install/moveit_resources_pr2_description/share/moveit_resources_pr2_description/urdf/meshes/shoulder_v0/convex/upper_arm_roll.xml
[3.648s] -- Installing: /home/tyler/mycobot_ROS2/moveit_tutorial_ws/install/moveit_resources_pr2_description/share/moveit_resources_pr2_description/urdf/meshes/shoulder_v0/convex/shoulder_lift.dae
[3.649s] -- Installing: /home/tyler/mycobot_ROS2/moveit_tutorial_ws/install/moveit_resources_pr2_description/share/moveit_resources_pr2_description/urdf/meshes/shoulder_v0/convex/shoulder_pan.xml
[3.649s] -- Installing: /home/tyler/mycobot_ROS2/moveit_tutorial_ws/install/moveit_resources_pr2_description/share/moveit_resources_pr2_description/urdf/meshes/shoulder_v0/convex/shoulder_yaw.xml
[3.649s] -- Installing: /home/tyler/mycobot_ROS2/moveit_tutorial_ws/install/moveit_resources_pr2_description/share/moveit_resources_pr2_description/urdf/meshes/shoulder_v0/convex/shoulder_yaw_convex.stlb
[3.649s] -- Installing: /home/tyler/mycobot_ROS2/moveit_tutorial_ws/install/moveit_resources_pr2_description/share/moveit_resources_pr2_description/urdf/meshes/shoulder_v0/convex/shoulder_lift.xml
[3.649s] -- Installing: /home/tyler/mycobot_ROS2/moveit_tutorial_ws/install/moveit_resources_pr2_description/share/moveit_resources_pr2_description/urdf/meshes/shoulder_v0/convex/shoulder_lift_convex.stlb
[3.650s] -- Installing: /home/tyler/mycobot_ROS2/moveit_tutorial_ws/install/moveit_resources_pr2_description/share/moveit_resources_pr2_description/urdf/meshes/shoulder_v0/convex/upper_arm_roll_L_convex.stla
[3.653s] -- Installing: /home/tyler/mycobot_ROS2/moveit_tutorial_ws/install/moveit_resources_pr2_description/share/moveit_resources_pr2_description/urdf/meshes/shoulder_v0/convex/upper_arm_roll.dae
[3.654s] -- Installing: /home/tyler/mycobot_ROS2/moveit_tutorial_ws/install/moveit_resources_pr2_description/share/moveit_resources_pr2_description/urdf/meshes/shoulder_v0/convex/upper_arm_roll_L.xml
[3.654s] -- Installing: /home/tyler/mycobot_ROS2/moveit_tutorial_ws/install/moveit_resources_pr2_description/share/moveit_resources_pr2_description/urdf/meshes/shoulder_v0/convex/shoulder_lift_convex.stla
[3.654s] -- Installing: /home/tyler/mycobot_ROS2/moveit_tutorial_ws/install/moveit_resources_pr2_description/share/moveit_resources_pr2_description/urdf/meshes/shoulder_v0/convex/shoulder_yaw_convex.stla
[3.654s] -- Installing: /home/tyler/mycobot_ROS2/moveit_tutorial_ws/install/moveit_resources_pr2_description/share/moveit_resources_pr2_description/urdf/meshes/shoulder_v0/convex/shoulder_pan.dae
[3.654s] -- Installing: /home/tyler/mycobot_ROS2/moveit_tutorial_ws/install/moveit_resources_pr2_description/share/moveit_resources_pr2_description/urdf/meshes/shoulder_v0/convex/shoulder_pan_convex.stla
[3.655s] -- Installing: /home/tyler/mycobot_ROS2/moveit_tutorial_ws/install/moveit_resources_pr2_description/share/moveit_resources_pr2_description/urdf/meshes/shoulder_v0/convex/shoulder_pan_convex.stlb
[3.655s] -- Installing: /home/tyler/mycobot_ROS2/moveit_tutorial_ws/install/moveit_resources_pr2_description/share/moveit_resources_pr2_description/urdf/meshes/shoulder_v0/convex/upper_arm_roll_L.dae
[3.655s] -- Installing: /home/tyler/mycobot_ROS2/moveit_tutorial_ws/install/moveit_resources_pr2_description/share/moveit_resources_pr2_description/urdf/meshes/shoulder_v0/convex/upper_arm_roll_convex.stlb
[3.655s] -- Installing: /home/tyler/mycobot_ROS2/moveit_tutorial_ws/install/moveit_resources_pr2_description/share/moveit_resources_pr2_description/urdf/meshes/shoulder_v0/upper_arm_roll_normals.tif
[3.656s] -- Installing: /home/tyler/mycobot_ROS2/moveit_tutorial_ws/install/moveit_resources_pr2_description/share/moveit_resources_pr2_description/urdf/meshes/shoulder_v0/shoulder_pan_normals.tif
[3.656s] -- Installing: /home/tyler/mycobot_ROS2/moveit_tutorial_ws/install/moveit_resources_pr2_description/share/moveit_resources_pr2_description/urdf/meshes/torso_v0
[3.656s] -- Installing: /home/tyler/mycobot_ROS2/moveit_tutorial_ws/install/moveit_resources_pr2_description/share/moveit_resources_pr2_description/urdf/meshes/torso_v0/torso_lift.dae
[3.656s] -- Installing: /home/tyler/mycobot_ROS2/moveit_tutorial_ws/install/moveit_resources_pr2_description/share/moveit_resources_pr2_description/urdf/meshes/torso_v0/torso_lift_L.stl
[3.656s] -- Installing: /home/tyler/mycobot_ROS2/moveit_tutorial_ws/install/moveit_resources_pr2_description/share/moveit_resources_pr2_description/urdf/meshes/torso_v0/torso_lift.stl
[3.656s] -- Installing: /home/tyler/mycobot_ROS2/moveit_tutorial_ws/install/moveit_resources_pr2_description/share/moveit_resources_pr2_description/urdf/meshes/torso_v0/torso.stl
[3.657s] -- Installing: /home/tyler/mycobot_ROS2/moveit_tutorial_ws/install/moveit_resources_pr2_description/share/moveit_resources_pr2_description/urdf/meshes/torso_v0/torso_lift_color.tif
[3.657s] -- Installing: /home/tyler/mycobot_ROS2/moveit_tutorial_ws/install/moveit_resources_pr2_description/share/moveit_resources_pr2_description/urdf/meshes/torso_v0/convex
[3.657s] -- Installing: /home/tyler/mycobot_ROS2/moveit_tutorial_ws/install/moveit_resources_pr2_description/share/moveit_resources_pr2_description/urdf/meshes/torso_v0/convex/torso_lift.xml
[3.657s] -- Installing: /home/tyler/mycobot_ROS2/moveit_tutorial_ws/install/moveit_resources_pr2_description/share/moveit_resources_pr2_description/urdf/meshes/torso_v0/convex/torso_lift.dae
[3.657s] -- Installing: /home/tyler/mycobot_ROS2/moveit_tutorial_ws/install/moveit_resources_pr2_description/share/moveit_resources_pr2_description/urdf/meshes/torso_v0/convex/torso_lift_L_convex.stla
[3.658s] -- Installing: /home/tyler/mycobot_ROS2/moveit_tutorial_ws/install/moveit_resources_pr2_description/share/moveit_resources_pr2_description/urdf/meshes/torso_v0/convex/torso_lift_convex.stla
[3.658s] -- Installing: /home/tyler/mycobot_ROS2/moveit_tutorial_ws/install/moveit_resources_pr2_description/share/moveit_resources_pr2_description/urdf/meshes/torso_v0/convex/torso.xml
[3.658s] -- Installing: /home/tyler/mycobot_ROS2/moveit_tutorial_ws/install/moveit_resources_pr2_description/share/moveit_resources_pr2_description/urdf/meshes/torso_v0/convex/torso.dae
[3.659s] -- Installing: /home/tyler/mycobot_ROS2/moveit_tutorial_ws/install/moveit_resources_pr2_description/share/moveit_resources_pr2_description/urdf/meshes/torso_v0/convex/torso_convex.stla
[3.659s] -- Installing: /home/tyler/mycobot_ROS2/moveit_tutorial_ws/install/moveit_resources_pr2_description/share/moveit_resources_pr2_description/urdf/meshes/torso_v0/convex/torso_convex.stlb
[3.659s] -- Installing: /home/tyler/mycobot_ROS2/moveit_tutorial_ws/install/moveit_resources_pr2_description/share/moveit_resources_pr2_description/urdf/meshes/torso_v0/convex/torso_lift_L.xml
[3.662s] -- Installing: /home/tyler/mycobot_ROS2/moveit_tutorial_ws/install/moveit_resources_pr2_description/share/moveit_resources_pr2_description/urdf/meshes/torso_v0/convex/torso_lift_convex.stlb
[3.663s] -- Installing: /home/tyler/mycobot_ROS2/moveit_tutorial_ws/install/moveit_resources_pr2_description/share/moveit_resources_pr2_description/urdf/meshes/torso_v0/convex/torso_lift_L.dae
[3.663s] -- Installing: /home/tyler/mycobot_ROS2/moveit_tutorial_ws/install/moveit_resources_pr2_description/share/moveit_resources_pr2_description/urdf/meshes/torso_v0/convex/torso_lift_L_convex.stlb
[3.663s] -- Installing: /home/tyler/mycobot_ROS2/moveit_tutorial_ws/install/moveit_resources_pr2_description/share/moveit_resources_pr2_description/urdf/meshes/torso_v0/torso_lift_normals.tif
[3.664s] -- Installing: /home/tyler/mycobot_ROS2/moveit_tutorial_ws/install/moveit_resources_pr2_description/share/moveit_resources_pr2_description/urdf/meshes/base_v0
[3.664s] -- Installing: /home/tyler/mycobot_ROS2/moveit_tutorial_ws/install/moveit_resources_pr2_description/share/moveit_resources_pr2_description/urdf/meshes/base_v0/wheel_normals.tif
[3.664s] -- Installing: /home/tyler/mycobot_ROS2/moveit_tutorial_ws/install/moveit_resources_pr2_description/share/moveit_resources_pr2_description/urdf/meshes/base_v0/base.stl
[3.665s] -- Installing: /home/tyler/mycobot_ROS2/moveit_tutorial_ws/install/moveit_resources_pr2_description/share/moveit_resources_pr2_description/urdf/meshes/base_v0/wheel_h.dae
[3.665s] -- Installing: /home/tyler/mycobot_ROS2/moveit_tutorial_ws/install/moveit_resources_pr2_description/share/moveit_resources_pr2_description/urdf/meshes/base_v0/wheel_h_color.tif
[3.665s] -- Installing: /home/tyler/mycobot_ROS2/moveit_tutorial_ws/install/moveit_resources_pr2_description/share/moveit_resources_pr2_description/urdf/meshes/base_v0/base_normals.tif
[3.665s] -- Installing: /home/tyler/mycobot_ROS2/moveit_tutorial_ws/install/moveit_resources_pr2_description/share/moveit_resources_pr2_description/urdf/meshes/base_v0/wheel.dae
[3.665s] -- Installing: /home/tyler/mycobot_ROS2/moveit_tutorial_ws/install/moveit_resources_pr2_description/share/moveit_resources_pr2_description/urdf/meshes/base_v0/wheel.stl
[3.665s] -- Installing: /home/tyler/mycobot_ROS2/moveit_tutorial_ws/install/moveit_resources_pr2_description/share/moveit_resources_pr2_description/urdf/meshes/base_v0/convex
[3.666s] -- Installing: /home/tyler/mycobot_ROS2/moveit_tutorial_ws/install/moveit_resources_pr2_description/share/moveit_resources_pr2_description/urdf/meshes/base_v0/convex/pr2_wheel_convex.stlb
[3.666s] -- Installing: /home/tyler/mycobot_ROS2/moveit_tutorial_ws/install/moveit_resources_pr2_description/share/moveit_resources_pr2_description/urdf/meshes/base_v0/convex/base.xml
[3.666s] -- Installing: /home/tyler/mycobot_ROS2/moveit_tutorial_ws/install/moveit_resources_pr2_description/share/moveit_resources_pr2_description/urdf/meshes/base_v0/convex/base_L_convex.stla
[3.666s] -- Installing: /home/tyler/mycobot_ROS2/moveit_tutorial_ws/install/moveit_resources_pr2_description/share/moveit_resources_pr2_description/urdf/meshes/base_v0/convex/base_convex.stlb
[3.666s] -- Installing: /home/tyler/mycobot_ROS2/moveit_tutorial_ws/install/moveit_resources_pr2_description/share/moveit_resources_pr2_description/urdf/meshes/base_v0/convex/caster_convex.stla
[3.667s] -- Installing: /home/tyler/mycobot_ROS2/moveit_tutorial_ws/install/moveit_resources_pr2_description/share/moveit_resources_pr2_description/urdf/meshes/base_v0/convex/wheel_convex.stlb
[3.668s] -- Installing: /home/tyler/mycobot_ROS2/moveit_tutorial_ws/install/moveit_resources_pr2_description/share/moveit_resources_pr2_description/urdf/meshes/base_v0/convex/caster_L_convex.stla
[3.668s] -- Installing: /home/tyler/mycobot_ROS2/moveit_tutorial_ws/install/moveit_resources_pr2_description/share/moveit_resources_pr2_description/urdf/meshes/base_v0/convex/pr2_wheel_convex.stla
[3.668s] -- Installing: /home/tyler/mycobot_ROS2/moveit_tutorial_ws/install/moveit_resources_pr2_description/share/moveit_resources_pr2_description/urdf/meshes/base_v0/convex/base_L_convex.stlb
[3.668s] -- Installing: /home/tyler/mycobot_ROS2/moveit_tutorial_ws/install/moveit_resources_pr2_description/share/moveit_resources_pr2_description/urdf/meshes/base_v0/convex/base_L.dae
[3.668s] -- Installing: /home/tyler/mycobot_ROS2/moveit_tutorial_ws/install/moveit_resources_pr2_description/share/moveit_resources_pr2_description/urdf/meshes/base_v0/convex/base_L.xml
[3.669s] -- Installing: /home/tyler/mycobot_ROS2/moveit_tutorial_ws/install/moveit_resources_pr2_description/share/moveit_resources_pr2_description/urdf/meshes/base_v0/convex/caster_convex.stlb
[3.669s] -- Installing: /home/tyler/mycobot_ROS2/moveit_tutorial_ws/install/moveit_resources_pr2_description/share/moveit_resources_pr2_description/urdf/meshes/base_v0/convex/caster.xml
[3.669s] -- Installing: /home/tyler/mycobot_ROS2/moveit_tutorial_ws/install/moveit_resources_pr2_description/share/moveit_resources_pr2_description/urdf/meshes/base_v0/convex/caster_L.xml
[3.669s] -- Installing: /home/tyler/mycobot_ROS2/moveit_tutorial_ws/install/moveit_resources_pr2_description/share/moveit_resources_pr2_description/urdf/meshes/base_v0/convex/caster_L.dae
[3.669s] -- Installing: /home/tyler/mycobot_ROS2/moveit_tutorial_ws/install/moveit_resources_pr2_description/share/moveit_resources_pr2_description/urdf/meshes/base_v0/convex/wheel_convex.stla
[3.669s] -- Installing: /home/tyler/mycobot_ROS2/moveit_tutorial_ws/install/moveit_resources_pr2_description/share/moveit_resources_pr2_description/urdf/meshes/base_v0/convex/wheel.dae
[3.670s] -- Installing: /home/tyler/mycobot_ROS2/moveit_tutorial_ws/install/moveit_resources_pr2_description/share/moveit_resources_pr2_description/urdf/meshes/base_v0/convex/pr2_wheel.xml
[3.670s] -- Installing: /home/tyler/mycobot_ROS2/moveit_tutorial_ws/install/moveit_resources_pr2_description/share/moveit_resources_pr2_description/urdf/meshes/base_v0/convex/base_convex.stla
[3.670s] -- Installing: /home/tyler/mycobot_ROS2/moveit_tutorial_ws/install/moveit_resources_pr2_description/share/moveit_resources_pr2_description/urdf/meshes/base_v0/convex/wheel.xml
[3.670s] -- Installing: /home/tyler/mycobot_ROS2/moveit_tutorial_ws/install/moveit_resources_pr2_description/share/moveit_resources_pr2_description/urdf/meshes/base_v0/convex/caster.dae
[3.670s] -- Installing: /home/tyler/mycobot_ROS2/moveit_tutorial_ws/install/moveit_resources_pr2_description/share/moveit_resources_pr2_description/urdf/meshes/base_v0/convex/caster_L_convex.stlb
[3.670s] -- Installing: /home/tyler/mycobot_ROS2/moveit_tutorial_ws/install/moveit_resources_pr2_description/share/moveit_resources_pr2_description/urdf/meshes/base_v0/convex/pr2_wheel.dae
[3.671s] -- Installing: /home/tyler/mycobot_ROS2/moveit_tutorial_ws/install/moveit_resources_pr2_description/share/moveit_resources_pr2_description/urdf/meshes/base_v0/convex/base.dae
[3.671s] -- Installing: /home/tyler/mycobot_ROS2/moveit_tutorial_ws/install/moveit_resources_pr2_description/share/moveit_resources_pr2_description/urdf/meshes/base_v0/wheel_color.tif
[3.671s] -- Installing: /home/tyler/mycobot_ROS2/moveit_tutorial_ws/install/moveit_resources_pr2_description/share/moveit_resources_pr2_description/urdf/meshes/base_v0/base_color.tif
[3.671s] -- Installing: /home/tyler/mycobot_ROS2/moveit_tutorial_ws/install/moveit_resources_pr2_description/share/moveit_resources_pr2_description/urdf/meshes/base_v0/base_L.stl
[3.672s] -- Installing: /home/tyler/mycobot_ROS2/moveit_tutorial_ws/install/moveit_resources_pr2_description/share/moveit_resources_pr2_description/urdf/meshes/base_v0/caster_L.stl
[3.673s] -- Installing: /home/tyler/mycobot_ROS2/moveit_tutorial_ws/install/moveit_resources_pr2_description/share/moveit_resources_pr2_description/urdf/meshes/base_v0/base.dae
[3.673s] -- Installing: /home/tyler/mycobot_ROS2/moveit_tutorial_ws/install/moveit_resources_pr2_description/share/moveit_resources_pr2_description/urdf/meshes/base_v0/caster.stl
[3.673s] -- Installing: /home/tyler/mycobot_ROS2/moveit_tutorial_ws/install/moveit_resources_pr2_description/share/moveit_resources_pr2_description/urdf/meshes/base_v0/pr2_wheel.stl
[3.673s] -- Installing: /home/tyler/mycobot_ROS2/moveit_tutorial_ws/install/moveit_resources_pr2_description/share/moveit_resources_pr2_description/urdf/meshes/gripper_v0
[3.673s] -- Installing: /home/tyler/mycobot_ROS2/moveit_tutorial_ws/install/moveit_resources_pr2_description/share/moveit_resources_pr2_description/urdf/meshes/gripper_v0/l_float_normals.tif
[3.674s] -- Installing: /home/tyler/mycobot_ROS2/moveit_tutorial_ws/install/moveit_resources_pr2_description/share/moveit_resources_pr2_description/urdf/meshes/gripper_v0/gripper_palm.stl
[3.674s] -- Installing: /home/tyler/mycobot_ROS2/moveit_tutorial_ws/install/moveit_resources_pr2_description/share/moveit_resources_pr2_description/urdf/meshes/gripper_v0/l_finger.dae
[3.674s] -- Installing: /home/tyler/mycobot_ROS2/moveit_tutorial_ws/install/moveit_resources_pr2_description/share/moveit_resources_pr2_description/urdf/meshes/gripper_v0/l_finger_tip.dae
[3.674s] -- Installing: /home/tyler/mycobot_ROS2/moveit_tutorial_ws/install/moveit_resources_pr2_description/share/moveit_resources_pr2_description/urdf/meshes/gripper_v0/l_float.dae
[3.674s] -- Installing: /home/tyler/mycobot_ROS2/moveit_tutorial_ws/install/moveit_resources_pr2_description/share/moveit_resources_pr2_description/urdf/meshes/gripper_v0/finger_H_Color_100430.tif
[3.675s] -- Installing: /home/tyler/mycobot_ROS2/moveit_tutorial_ws/install/moveit_resources_pr2_description/share/moveit_resources_pr2_description/urdf/meshes/gripper_v0/l_finger_tip.stl
[3.675s] -- Installing: /home/tyler/mycobot_ROS2/moveit_tutorial_ws/install/moveit_resources_pr2_description/share/moveit_resources_pr2_description/urdf/meshes/gripper_v0/float_H_UV_100430.dae
[3.675s] -- Installing: /home/tyler/mycobot_ROS2/moveit_tutorial_ws/install/moveit_resources_pr2_description/share/moveit_resources_pr2_description/urdf/meshes/gripper_v0/finger_tip_r.stl
[3.675s] -- Installing: /home/tyler/mycobot_ROS2/moveit_tutorial_ws/install/moveit_resources_pr2_description/share/moveit_resources_pr2_description/urdf/meshes/gripper_v0/l_floating.stl
[3.675s] -- Installing: /home/tyler/mycobot_ROS2/moveit_tutorial_ws/install/moveit_resources_pr2_description/share/moveit_resources_pr2_description/urdf/meshes/gripper_v0/upper_finger_l.stl
[3.676s] -- Installing: /home/tyler/mycobot_ROS2/moveit_tutorial_ws/install/moveit_resources_pr2_description/share/moveit_resources_pr2_description/urdf/meshes/gripper_v0/l_float_color.tif
[3.676s] -- Installing: /home/tyler/mycobot_ROS2/moveit_tutorial_ws/install/moveit_resources_pr2_description/share/moveit_resources_pr2_description/urdf/meshes/gripper_v0/finger_tip_pad2_l.stl
[3.676s] -- Installing: /home/tyler/mycobot_ROS2/moveit_tutorial_ws/install/moveit_resources_pr2_description/share/moveit_resources_pr2_description/urdf/meshes/gripper_v0/l_finger.stl
[3.676s] -- Installing: /home/tyler/mycobot_ROS2/moveit_tutorial_ws/install/moveit_resources_pr2_description/share/moveit_resources_pr2_description/urdf/meshes/gripper_v0/palm_H_Color_100430.tif
[3.676s] -- Installing: /home/tyler/mycobot_ROS2/moveit_tutorial_ws/install/moveit_resources_pr2_description/share/moveit_resources_pr2_description/urdf/meshes/gripper_v0/l_finger_normals.tif
[3.676s] -- Installing: /home/tyler/mycobot_ROS2/moveit_tutorial_ws/install/moveit_resources_pr2_description/share/moveit_resources_pr2_description/urdf/meshes/gripper_v0/l_finger_color.tif
[3.677s] -- Installing: /home/tyler/mycobot_ROS2/moveit_tutorial_ws/install/moveit_resources_pr2_description/share/moveit_resources_pr2_description/urdf/meshes/gripper_v0/gripper_palm_normals.tif
[3.678s] -- Installing: /home/tyler/mycobot_ROS2/moveit_tutorial_ws/install/moveit_resources_pr2_description/share/moveit_resources_pr2_description/urdf/meshes/gripper_v0/upper_finger_r.stl
[3.678s] -- Installing: /home/tyler/mycobot_ROS2/moveit_tutorial_ws/install/moveit_resources_pr2_description/share/moveit_resources_pr2_description/urdf/meshes/gripper_v0/gripper_palm_color.tif
[3.678s] -- Installing: /home/tyler/mycobot_ROS2/moveit_tutorial_ws/install/moveit_resources_pr2_description/share/moveit_resources_pr2_description/urdf/meshes/gripper_v0/finger_tip_l.stl
[3.679s] -- Installing: /home/tyler/mycobot_ROS2/moveit_tutorial_ws/install/moveit_resources_pr2_description/share/moveit_resources_pr2_description/urdf/meshes/gripper_v0/l_finger_tip_color.tif
[3.679s] -- Installing: /home/tyler/mycobot_ROS2/moveit_tutorial_ws/install/moveit_resources_pr2_description/share/moveit_resources_pr2_description/urdf/meshes/gripper_v0/fingertip_H_Color_100430.tif
[3.680s] -- Installing: /home/tyler/mycobot_ROS2/moveit_tutorial_ws/install/moveit_resources_pr2_description/share/moveit_resources_pr2_description/urdf/meshes/gripper_v0/convex
[3.680s] -- Installing: /home/tyler/mycobot_ROS2/moveit_tutorial_ws/install/moveit_resources_pr2_description/share/moveit_resources_pr2_description/urdf/meshes/gripper_v0/convex/finger_tip_l_convex.stla
[3.680s] -- Installing: /home/tyler/mycobot_ROS2/moveit_tutorial_ws/install/moveit_resources_pr2_description/share/moveit_resources_pr2_description/urdf/meshes/gripper_v0/convex/l_floating.dae
[3.681s] -- Installing: /home/tyler/mycobot_ROS2/moveit_tutorial_ws/install/moveit_resources_pr2_description/share/moveit_resources_pr2_description/urdf/meshes/gripper_v0/convex/gripper_palm_convex.stla
[3.681s] -- Installing: /home/tyler/mycobot_ROS2/moveit_tutorial_ws/install/moveit_resources_pr2_description/share/moveit_resources_pr2_description/urdf/meshes/gripper_v0/convex/gripper_palm_convex.stlb
[3.681s] -- Installing: /home/tyler/mycobot_ROS2/moveit_tutorial_ws/install/moveit_resources_pr2_description/share/moveit_resources_pr2_description/urdf/meshes/gripper_v0/convex/l_finger.xml
[3.681s] -- Installing: /home/tyler/mycobot_ROS2/moveit_tutorial_ws/install/moveit_resources_pr2_description/share/moveit_resources_pr2_description/urdf/meshes/gripper_v0/convex/l_finger.dae
[3.681s] -- Installing: /home/tyler/mycobot_ROS2/moveit_tutorial_ws/install/moveit_resources_pr2_description/share/moveit_resources_pr2_description/urdf/meshes/gripper_v0/convex/upper_finger_r_convex.stlb
[3.682s] -- Installing: /home/tyler/mycobot_ROS2/moveit_tutorial_ws/install/moveit_resources_pr2_description/share/moveit_resources_pr2_description/urdf/meshes/gripper_v0/convex/l_finger_tip.dae
[3.682s] -- Installing: /home/tyler/mycobot_ROS2/moveit_tutorial_ws/install/moveit_resources_pr2_description/share/moveit_resources_pr2_description/urdf/meshes/gripper_v0/convex/upper_finger_r.dae
[3.682s] -- Installing: /home/tyler/mycobot_ROS2/moveit_tutorial_ws/install/moveit_resources_pr2_description/share/moveit_resources_pr2_description/urdf/meshes/gripper_v0/convex/finger_tip_l.dae
[3.682s] -- Installing: /home/tyler/mycobot_ROS2/moveit_tutorial_ws/install/moveit_resources_pr2_description/share/moveit_resources_pr2_description/urdf/meshes/gripper_v0/convex/finger_tip_pad2_r_convex.stla
[3.683s] -- Installing: /home/tyler/mycobot_ROS2/moveit_tutorial_ws/install/moveit_resources_pr2_description/share/moveit_resources_pr2_description/urdf/meshes/gripper_v0/convex/finger_tip_pad2_r.xml
[3.683s] -- Installing: /home/tyler/mycobot_ROS2/moveit_tutorial_ws/install/moveit_resources_pr2_description/share/moveit_resources_pr2_description/urdf/meshes/gripper_v0/convex/finger_tip_l_convex.stlb
[3.683s] -- Installing: /home/tyler/mycobot_ROS2/moveit_tutorial_ws/install/moveit_resources_pr2_description/share/moveit_resources_pr2_description/urdf/meshes/gripper_v0/convex/finger_tip_pad2_l.dae
[3.684s] -- Installing: /home/tyler/mycobot_ROS2/moveit_tutorial_ws/install/moveit_resources_pr2_description/share/moveit_resources_pr2_description/urdf/meshes/gripper_v0/convex/finger_tip_pad2_r_convex.stlb
[3.684s] -- Installing: /home/tyler/mycobot_ROS2/moveit_tutorial_ws/install/moveit_resources_pr2_description/share/moveit_resources_pr2_description/urdf/meshes/gripper_v0/convex/finger_tip_r.dae
[3.684s] -- Installing: /home/tyler/mycobot_ROS2/moveit_tutorial_ws/install/moveit_resources_pr2_description/share/moveit_resources_pr2_description/urdf/meshes/gripper_v0/convex/gripper_palm.xml
[3.684s] -- Installing: /home/tyler/mycobot_ROS2/moveit_tutorial_ws/install/moveit_resources_pr2_description/share/moveit_resources_pr2_description/urdf/meshes/gripper_v0/convex/finger_tip_pad2_l_convex.stla
[3.685s] -- Installing: /home/tyler/mycobot_ROS2/moveit_tutorial_ws/install/moveit_resources_pr2_description/share/moveit_resources_pr2_description/urdf/meshes/gripper_v0/convex/upper_finger_l_convex.stla
[3.686s] -- Installing: /home/tyler/mycobot_ROS2/moveit_tutorial_ws/install/moveit_resources_pr2_description/share/moveit_resources_pr2_description/urdf/meshes/gripper_v0/convex/l_finger_tip_convex.stlb
[3.687s] -- Installing: /home/tyler/mycobot_ROS2/moveit_tutorial_ws/install/moveit_resources_pr2_description/share/moveit_resources_pr2_description/urdf/meshes/gripper_v0/convex/l_floating.xml
[3.687s] -- Installing: /home/tyler/mycobot_ROS2/moveit_tutorial_ws/install/moveit_resources_pr2_description/share/moveit_resources_pr2_description/urdf/meshes/gripper_v0/convex/finger_tip_r_convex.stla
[3.688s] -- Installing: /home/tyler/mycobot_ROS2/moveit_tutorial_ws/install/moveit_resources_pr2_description/share/moveit_resources_pr2_description/urdf/meshes/gripper_v0/convex/upper_finger_l.xml
[3.688s] -- Installing: /home/tyler/mycobot_ROS2/moveit_tutorial_ws/install/moveit_resources_pr2_description/share/moveit_resources_pr2_description/urdf/meshes/gripper_v0/convex/finger_tip_pad2_l_convex.stlb
[3.688s] -- Installing: /home/tyler/mycobot_ROS2/moveit_tutorial_ws/install/moveit_resources_pr2_description/share/moveit_resources_pr2_description/urdf/meshes/gripper_v0/convex/upper_finger_r.xml
[3.688s] -- Installing: /home/tyler/mycobot_ROS2/moveit_tutorial_ws/install/moveit_resources_pr2_description/share/moveit_resources_pr2_description/urdf/meshes/gripper_v0/convex/finger_tip_pad2_l.xml
[3.688s] -- Installing: /home/tyler/mycobot_ROS2/moveit_tutorial_ws/install/moveit_resources_pr2_description/share/moveit_resources_pr2_description/urdf/meshes/gripper_v0/convex/finger_tip_pad2_r.dae
[3.689s] -- Installing: /home/tyler/mycobot_ROS2/moveit_tutorial_ws/install/moveit_resources_pr2_description/share/moveit_resources_pr2_description/urdf/meshes/gripper_v0/convex/l_floating_convex.stlb
[3.689s] -- Installing: /home/tyler/mycobot_ROS2/moveit_tutorial_ws/install/moveit_resources_pr2_description/share/moveit_resources_pr2_description/urdf/meshes/gripper_v0/convex/finger_tip_r.xml
[3.691s] -- Installing: /home/tyler/mycobot_ROS2/moveit_tutorial_ws/install/moveit_resources_pr2_description/share/moveit_resources_pr2_description/urdf/meshes/gripper_v0/convex/l_finger_tip_convex.stla
[3.692s] -- Installing: /home/tyler/mycobot_ROS2/moveit_tutorial_ws/install/moveit_resources_pr2_description/share/moveit_resources_pr2_description/urdf/meshes/gripper_v0/convex/gripper_palm.dae
[3.692s] -- Installing: /home/tyler/mycobot_ROS2/moveit_tutorial_ws/install/moveit_resources_pr2_description/share/moveit_resources_pr2_description/urdf/meshes/gripper_v0/convex/finger_tip_l.xml
[3.692s] -- Installing: /home/tyler/mycobot_ROS2/moveit_tutorial_ws/install/moveit_resources_pr2_description/share/moveit_resources_pr2_description/urdf/meshes/gripper_v0/convex/finger_tip_r_convex.stlb
[3.692s] -- Installing: /home/tyler/mycobot_ROS2/moveit_tutorial_ws/install/moveit_resources_pr2_description/share/moveit_resources_pr2_description/urdf/meshes/gripper_v0/convex/upper_finger_l_convex.stlb
[3.692s] -- Installing: /home/tyler/mycobot_ROS2/moveit_tutorial_ws/install/moveit_resources_pr2_description/share/moveit_resources_pr2_description/urdf/meshes/gripper_v0/convex/upper_finger_l.dae
[3.693s] -- Installing: /home/tyler/mycobot_ROS2/moveit_tutorial_ws/install/moveit_resources_pr2_description/share/moveit_resources_pr2_description/urdf/meshes/gripper_v0/convex/l_finger_tip.xml
[3.693s] -- Installing: /home/tyler/mycobot_ROS2/moveit_tutorial_ws/install/moveit_resources_pr2_description/share/moveit_resources_pr2_description/urdf/meshes/gripper_v0/convex/upper_finger_r_convex.stla
[3.694s] -- Installing: /home/tyler/mycobot_ROS2/moveit_tutorial_ws/install/moveit_resources_pr2_description/share/moveit_resources_pr2_description/urdf/meshes/gripper_v0/convex/l_finger_convex.stla
[3.694s] -- Installing: /home/tyler/mycobot_ROS2/moveit_tutorial_ws/install/moveit_resources_pr2_description/share/moveit_resources_pr2_description/urdf/meshes/gripper_v0/convex/l_finger_convex.stlb
[3.695s] -- Installing: /home/tyler/mycobot_ROS2/moveit_tutorial_ws/install/moveit_resources_pr2_description/share/moveit_resources_pr2_description/urdf/meshes/gripper_v0/convex/l_floating_convex.stla
[3.696s] -- Installing: /home/tyler/mycobot_ROS2/moveit_tutorial_ws/install/moveit_resources_pr2_description/share/moveit_resources_pr2_description/urdf/meshes/gripper_v0/finger_H_UV_100430.dae
[3.696s] -- Installing: /home/tyler/mycobot_ROS2/moveit_tutorial_ws/install/moveit_resources_pr2_description/share/moveit_resources_pr2_description/urdf/meshes/gripper_v0/float_H_Color_100430.tif
[3.697s] -- Installing: /home/tyler/mycobot_ROS2/moveit_tutorial_ws/install/moveit_resources_pr2_description/share/moveit_resources_pr2_description/urdf/meshes/gripper_v0/gripper_palm.dae
[3.697s] -- Installing: /home/tyler/mycobot_ROS2/moveit_tutorial_ws/install/moveit_resources_pr2_description/share/moveit_resources_pr2_description/urdf/meshes/gripper_v0/finger_tip_pad2_r.stl
[3.697s] -- Installing: /home/tyler/mycobot_ROS2/moveit_tutorial_ws/install/moveit_resources_pr2_description/share/moveit_resources_pr2_description/urdf/meshes/gripper_v0/palm_H_UV_100430.dae
[3.697s] -- Installing: /home/tyler/mycobot_ROS2/moveit_tutorial_ws/install/moveit_resources_pr2_description/share/moveit_resources_pr2_description/urdf/meshes/gripper_v0/l_finger_tip_normals.tif
[3.697s] -- Installing: /home/tyler/mycobot_ROS2/moveit_tutorial_ws/install/moveit_resources_pr2_description/share/moveit_resources_pr2_description/urdf/meshes/gripper_v0/finger_tip_H_UV_100430.dae
[3.700s] -- Installing: /home/tyler/mycobot_ROS2/moveit_tutorial_ws/install/moveit_resources_pr2_description/share/moveit_resources_pr2_description/urdf/meshes/sensors
[3.700s] -- Installing: /home/tyler/mycobot_ROS2/moveit_tutorial_ws/install/moveit_resources_pr2_description/share/moveit_resources_pr2_description/urdf/meshes/sensors/kinect_prosilica_v0
[3.700s] -- Installing: /home/tyler/mycobot_ROS2/moveit_tutorial_ws/install/moveit_resources_pr2_description/share/moveit_resources_pr2_description/urdf/meshes/sensors/kinect_prosilica_v0/115x100_swept_fwd_no_sensors--coarse.STL
[3.701s] -- Installing: /home/tyler/mycobot_ROS2/moveit_tutorial_ws/install/moveit_resources_pr2_description/share/moveit_resources_pr2_description/urdf/meshes/sensors/kinect_prosilica_v0/115x100_swept_fwd--coarse.STL
[3.703s] -- Installing: /home/tyler/mycobot_ROS2/moveit_tutorial_ws/install/moveit_resources_pr2_description/share/moveit_resources_pr2_description/urdf/meshes/sensors/kinect_prosilica_v0/Prosilica_w_Lens--coarse.STL
[3.705s] -- Installing: /home/tyler/mycobot_ROS2/moveit_tutorial_ws/install/moveit_resources_pr2_description/share/moveit_resources_pr2_description/urdf/meshes/sensors/kinect_prosilica_v0/115x100_swept_back_no_sensors--coarse.STL
[3.706s] -- Installing: /home/tyler/mycobot_ROS2/moveit_tutorial_ws/install/moveit_resources_pr2_description/share/moveit_resources_pr2_description/urdf/meshes/sensors/kinect_prosilica_v0/115x100_swept_back--coarse.STL
[3.708s] -- Installing: /home/tyler/mycobot_ROS2/moveit_tutorial_ws/install/moveit_resources_pr2_description/share/moveit_resources_pr2_description/urdf/meshes/sensors/kinect_prosilica_v0/68-04546_Kinect_Sensor--coarse.STL
[3.709s] -- Installing: /home/tyler/mycobot_ROS2/moveit_tutorial_ws/install/moveit_resources_pr2_description/share/moveit_resources_pr2_description/urdf/meshes/sensors/kinect_v0
[3.709s] -- Installing: /home/tyler/mycobot_ROS2/moveit_tutorial_ws/install/moveit_resources_pr2_description/share/moveit_resources_pr2_description/urdf/meshes/sensors/kinect_v0/kinect_mount.stl
[3.709s] -- Installing: /home/tyler/mycobot_ROS2/moveit_tutorial_ws/install/moveit_resources_pr2_description/share/moveit_resources_pr2_description/urdf/meshes/sensors/kinect_v0/kinect.dae
[3.709s] -- Installing: /home/tyler/mycobot_ROS2/moveit_tutorial_ws/install/moveit_resources_pr2_description/share/moveit_resources_pr2_description/urdf/meshes/sensors/kinect_v0/kinect.tga
[3.710s] -- Installing: /home/tyler/mycobot_ROS2/moveit_tutorial_ws/install/moveit_resources_pr2_description/share/moveit_resources_pr2_description/urdf/meshes/sensors/kinect_v0/kinect_color.tga
[3.710s] -- Installing: /home/tyler/mycobot_ROS2/moveit_tutorial_ws/install/moveit_resources_pr2_description/share/moveit_resources_pr2_description/urdf/meshes/upper_arm_v0
[3.710s] -- Installing: /home/tyler/mycobot_ROS2/moveit_tutorial_ws/install/moveit_resources_pr2_description/share/moveit_resources_pr2_description/urdf/meshes/upper_arm_v0/elbow_flex.stl
[3.710s] -- Installing: /home/tyler/mycobot_ROS2/moveit_tutorial_ws/install/moveit_resources_pr2_description/share/moveit_resources_pr2_description/urdf/meshes/upper_arm_v0/forearm_roll.stl
[3.711s] -- Installing: /home/tyler/mycobot_ROS2/moveit_tutorial_ws/install/moveit_resources_pr2_description/share/moveit_resources_pr2_description/urdf/meshes/upper_arm_v0/upper_arm.dae
[3.711s] -- Installing: /home/tyler/mycobot_ROS2/moveit_tutorial_ws/install/moveit_resources_pr2_description/share/moveit_resources_pr2_description/urdf/meshes/upper_arm_v0/upper_arm.jpg
[3.711s] -- Installing: /home/tyler/mycobot_ROS2/moveit_tutorial_ws/install/moveit_resources_pr2_description/share/moveit_resources_pr2_description/urdf/meshes/upper_arm_v0/upper_arm.stl
[3.711s] -- Installing: /home/tyler/mycobot_ROS2/moveit_tutorial_ws/install/moveit_resources_pr2_description/share/moveit_resources_pr2_description/urdf/meshes/upper_arm_v0/upper_arm_normals.tif
[3.712s] -- Installing: /home/tyler/mycobot_ROS2/moveit_tutorial_ws/install/moveit_resources_pr2_description/share/moveit_resources_pr2_description/urdf/meshes/upper_arm_v0/forearm_roll_L.stl
[3.712s] -- Installing: /home/tyler/mycobot_ROS2/moveit_tutorial_ws/install/moveit_resources_pr2_description/share/moveit_resources_pr2_description/urdf/meshes/upper_arm_v0/convex
[3.712s] -- Installing: /home/tyler/mycobot_ROS2/moveit_tutorial_ws/install/moveit_resources_pr2_description/share/moveit_resources_pr2_description/urdf/meshes/upper_arm_v0/convex/forearm_roll_L.dae
[3.712s] -- Installing: /home/tyler/mycobot_ROS2/moveit_tutorial_ws/install/moveit_resources_pr2_description/share/moveit_resources_pr2_description/urdf/meshes/upper_arm_v0/convex/upper_arm_convex.stlb
[3.712s] -- Installing: /home/tyler/mycobot_ROS2/moveit_tutorial_ws/install/moveit_resources_pr2_description/share/moveit_resources_pr2_description/urdf/meshes/upper_arm_v0/convex/upper_arm_convex.stla
[3.712s] -- Installing: /home/tyler/mycobot_ROS2/moveit_tutorial_ws/install/moveit_resources_pr2_description/share/moveit_resources_pr2_description/urdf/meshes/upper_arm_v0/convex/elbow_flex_convex.stla
[3.713s] -- Installing: /home/tyler/mycobot_ROS2/moveit_tutorial_ws/install/moveit_resources_pr2_description/share/moveit_resources_pr2_description/urdf/meshes/upper_arm_v0/convex/forearm_roll_L_convex.stlb
[3.715s] -- Installing: /home/tyler/mycobot_ROS2/moveit_tutorial_ws/install/moveit_resources_pr2_description/share/moveit_resources_pr2_description/urdf/meshes/upper_arm_v0/convex/upper_arm.dae
[3.715s] -- Installing: /home/tyler/mycobot_ROS2/moveit_tutorial_ws/install/moveit_resources_pr2_description/share/moveit_resources_pr2_description/urdf/meshes/upper_arm_v0/convex/forearm_roll.dae
[3.715s] -- Installing: /home/tyler/mycobot_ROS2/moveit_tutorial_ws/install/moveit_resources_pr2_description/share/moveit_resources_pr2_description/urdf/meshes/upper_arm_v0/convex/upper_arm.xml
[3.715s] -- Installing: /home/tyler/mycobot_ROS2/moveit_tutorial_ws/install/moveit_resources_pr2_description/share/moveit_resources_pr2_description/urdf/meshes/upper_arm_v0/convex/forearm_roll_L_convex.stla
[3.716s] -- Installing: /home/tyler/mycobot_ROS2/moveit_tutorial_ws/install/moveit_resources_pr2_description/share/moveit_resources_pr2_description/urdf/meshes/upper_arm_v0/convex/forearm_roll_convex.stla
[3.716s] -- Installing: /home/tyler/mycobot_ROS2/moveit_tutorial_ws/install/moveit_resources_pr2_description/share/moveit_resources_pr2_description/urdf/meshes/upper_arm_v0/convex/forearm_roll_convex.stlb
[3.716s] -- Installing: /home/tyler/mycobot_ROS2/moveit_tutorial_ws/install/moveit_resources_pr2_description/share/moveit_resources_pr2_description/urdf/meshes/upper_arm_v0/convex/forearm_roll.xml
[3.716s] -- Installing: /home/tyler/mycobot_ROS2/moveit_tutorial_ws/install/moveit_resources_pr2_description/share/moveit_resources_pr2_description/urdf/meshes/upper_arm_v0/convex/forearm_roll_L.xml
[3.716s] -- Installing: /home/tyler/mycobot_ROS2/moveit_tutorial_ws/install/moveit_resources_pr2_description/share/moveit_resources_pr2_description/urdf/meshes/upper_arm_v0/convex/elbow_flex.xml
[3.716s] -- Installing: /home/tyler/mycobot_ROS2/moveit_tutorial_ws/install/moveit_resources_pr2_description/share/moveit_resources_pr2_description/urdf/meshes/upper_arm_v0/convex/elbow_flex.dae
[3.716s] -- Installing: /home/tyler/mycobot_ROS2/moveit_tutorial_ws/install/moveit_resources_pr2_description/share/moveit_resources_pr2_description/urdf/meshes/upper_arm_v0/convex/elbow_flex_convex.stlb
[3.717s] -- Installing: /home/tyler/mycobot_ROS2/moveit_tutorial_ws/install/moveit_resources_pr2_description/share/moveit_resources_pr2_description/urdf/meshes/upper_arm_v0/elbow_flex_color.tif
[3.717s] -- Installing: /home/tyler/mycobot_ROS2/moveit_tutorial_ws/install/moveit_resources_pr2_description/share/moveit_resources_pr2_description/urdf/meshes/upper_arm_v0/upper_arm_color.tif
[3.717s] -- Installing: /home/tyler/mycobot_ROS2/moveit_tutorial_ws/install/moveit_resources_pr2_description/share/moveit_resources_pr2_description/urdf/meshes/upper_arm_v0/elbow_flex_normals.tif
[3.717s] -- Installing: /home/tyler/mycobot_ROS2/moveit_tutorial_ws/install/moveit_resources_pr2_description/share/moveit_resources_pr2_description/urdf/meshes/upper_arm_v0/elbow_flex.dae
[3.717s] -- Installing: /home/tyler/mycobot_ROS2/moveit_tutorial_ws/install/moveit_resources_pr2_description/share/moveit_resources_pr2_description/urdf/meshes/tilting_laser_v0
[3.717s] -- Installing: /home/tyler/mycobot_ROS2/moveit_tutorial_ws/install/moveit_resources_pr2_description/share/moveit_resources_pr2_description/urdf/meshes/tilting_laser_v0/tilting_hokuyo.dae
[3.718s] -- Installing: /home/tyler/mycobot_ROS2/moveit_tutorial_ws/install/moveit_resources_pr2_description/share/moveit_resources_pr2_description/urdf/meshes/tilting_laser_v0/tilting_hokuyo_normals.tif
[3.718s] -- Installing: /home/tyler/mycobot_ROS2/moveit_tutorial_ws/install/moveit_resources_pr2_description/share/moveit_resources_pr2_description/urdf/meshes/tilting_laser_v0/tilting_hokuyo.stl
[3.718s] -- Installing: /home/tyler/mycobot_ROS2/moveit_tutorial_ws/install/moveit_resources_pr2_description/share/moveit_resources_pr2_description/urdf/meshes/tilting_laser_v0/hok_tilt.stl
[3.718s] -- Installing: /home/tyler/mycobot_ROS2/moveit_tutorial_ws/install/moveit_resources_pr2_description/share/moveit_resources_pr2_description/urdf/meshes/tilting_laser_v0/tilting_hokuyo_color.tif
[3.720s] -- Installing: /home/tyler/mycobot_ROS2/moveit_tutorial_ws/install/moveit_resources_pr2_description/share/moveit_resources_pr2_description/urdf/meshes/tilting_laser_v0/convex
[3.720s] -- Installing: /home/tyler/mycobot_ROS2/moveit_tutorial_ws/install/moveit_resources_pr2_description/share/moveit_resources_pr2_description/urdf/meshes/tilting_laser_v0/convex/tilting_hokuyo.dae
[3.721s] -- Installing: /home/tyler/mycobot_ROS2/moveit_tutorial_ws/install/moveit_resources_pr2_description/share/moveit_resources_pr2_description/urdf/meshes/tilting_laser_v0/convex/hok_tilt_convex.stlb
[3.721s] -- Installing: /home/tyler/mycobot_ROS2/moveit_tutorial_ws/install/moveit_resources_pr2_description/share/moveit_resources_pr2_description/urdf/meshes/tilting_laser_v0/convex/hok_tilt_convex.stla
[3.721s] -- Installing: /home/tyler/mycobot_ROS2/moveit_tutorial_ws/install/moveit_resources_pr2_description/share/moveit_resources_pr2_description/urdf/meshes/tilting_laser_v0/convex/tilting_hokuyo_convex.stlb
[3.721s] -- Installing: /home/tyler/mycobot_ROS2/moveit_tutorial_ws/install/moveit_resources_pr2_description/share/moveit_resources_pr2_description/urdf/meshes/tilting_laser_v0/convex/tilting_hokuyo_L_convex.stlb
[3.721s] -- Installing: /home/tyler/mycobot_ROS2/moveit_tutorial_ws/install/moveit_resources_pr2_description/share/moveit_resources_pr2_description/urdf/meshes/tilting_laser_v0/convex/tilting_hokuyo_L.dae
[3.722s] -- Installing: /home/tyler/mycobot_ROS2/moveit_tutorial_ws/install/moveit_resources_pr2_description/share/moveit_resources_pr2_description/urdf/meshes/tilting_laser_v0/convex/tilting_hokuyo_convex.stla
[3.722s] -- Installing: /home/tyler/mycobot_ROS2/moveit_tutorial_ws/install/moveit_resources_pr2_description/share/moveit_resources_pr2_description/urdf/meshes/tilting_laser_v0/convex/hok_tilt.dae
[3.722s] -- Installing: /home/tyler/mycobot_ROS2/moveit_tutorial_ws/install/moveit_resources_pr2_description/share/moveit_resources_pr2_description/urdf/meshes/tilting_laser_v0/convex/hok_tilt.xml
[3.722s] -- Installing: /home/tyler/mycobot_ROS2/moveit_tutorial_ws/install/moveit_resources_pr2_description/share/moveit_resources_pr2_description/urdf/meshes/tilting_laser_v0/convex/tilting_hokuyo_L.xml
[3.723s] -- Installing: /home/tyler/mycobot_ROS2/moveit_tutorial_ws/install/moveit_resources_pr2_description/share/moveit_resources_pr2_description/urdf/meshes/tilting_laser_v0/convex/tilting_hokuyo.xml
[3.723s] -- Installing: /home/tyler/mycobot_ROS2/moveit_tutorial_ws/install/moveit_resources_pr2_description/share/moveit_resources_pr2_description/urdf/meshes/tilting_laser_v0/convex/tilting_hokuyo_L_convex.stla
[3.723s] -- Installing: /home/tyler/mycobot_ROS2/moveit_tutorial_ws/install/moveit_resources_pr2_description/share/moveit_resources_pr2_description/urdf/meshes/tilting_laser_v0/tilting_hokuyo_L.stl
[3.723s] -- Installing: /home/tyler/mycobot_ROS2/moveit_tutorial_ws/install/moveit_resources_pr2_description/share/moveit_resources_pr2_description/urdf/robot.xml
[3.723s] -- Installing: /home/tyler/mycobot_ROS2/moveit_tutorial_ws/install/moveit_resources_pr2_description/share/moveit_resources_pr2_description/kinect.dae
[4.160s] Invoked command in '/home/tyler/mycobot_ROS2/moveit_tutorial_ws/build/moveit_resources_pr2_description' returned '0': CMAKE_PREFIX_PATH=${CMAKE_PREFIX_PATH}:/home/tyler/mycobot_ROS2/colcon_ws/install/ultraarm:/home/tyler/mycobot_ROS2/colcon_ws/install/mypalletizer_260_pi:/home/tyler/mycobot_ROS2/colcon_ws/install/mypalletizer_260:/home/tyler/mycobot_ROS2/colcon_ws/install/mypalletizer_communication:/home/tyler/mycobot_ROS2/colcon_ws/install/mycobot_320pi:/home/tyler/mycobot_ROS2/colcon_ws/install/mycobot_320:/home/tyler/mycobot_ROS2/colcon_ws/install/mycobot_280pi:/home/tyler/mycobot_ROS2/colcon_ws/install/mycobot_280jn:/home/tyler/mycobot_ROS2/colcon_ws/install/mycobot_280_x3pi:/home/tyler/mycobot_ROS2/colcon_ws/install/mycobot_280:/home/tyler/mycobot_ROS2/colcon_ws/install/myarm_300:/home/tyler/mycobot_ROS2/colcon_ws/install/mycobot_communication:/home/tyler/mycobot_ROS2/colcon_ws/install/mecharm_pi:/home/tyler/mycobot_ROS2/colcon_ws/install/mecharm:/home/tyler/mycobot_ROS2/colcon_ws/install/mecharm_communication:/home/tyler/mycobot_ROS2/colcon_ws/install/mybuddy:/home/tyler/mycobot_ROS2/colcon_ws/install/mycobot_description:/opt/ros/humble MYSQL_PS1=(\u@\h) [\d]> /usr/bin/cmake --install /home/tyler/mycobot_ROS2/moveit_tutorial_ws/build/moveit_resources_pr2_description
