[0.196s] Invoking command in '/home/tyler/mycobot_ROS2/moveit_tutorial_ws/build/kortex_driver': AMENT_PREFIX_PATH=/home/tyler/mycobot_ROS2/moveit_tutorial_ws/install/kortex_api:${AMENT_PREFIX_PATH} CMAKE_PREFIX_PATH=/home/tyler/mycobot_ROS2/moveit_tutorial_ws/install/kortex_api:/home/tyler/mycobot_ROS2/colcon_ws/install/mypalletizer_interfaces:/home/tyler/mycobot_ROS2/colcon_ws/install/mycobot_interfaces:/home/tyler/mycobot_ROS2/colcon_ws/install/mecharm_interfaces:/home/tyler/mycobot_ROS2/colcon_ws/install/ultraarm:/home/tyler/mycobot_ROS2/colcon_ws/install/mypalletizer_260_pi:/home/tyler/mycobot_ROS2/colcon_ws/install/mypalletizer_260:/home/tyler/mycobot_ROS2/colcon_ws/install/mypalletizer_communication:/home/tyler/mycobot_ROS2/colcon_ws/install/mycobot_320pi:/home/tyler/mycobot_ROS2/colcon_ws/install/mycobot_320:/home/tyler/mycobot_ROS2/colcon_ws/install/mycobot_280pi:/home/tyler/mycobot_ROS2/colcon_ws/install/mycobot_280jn:/home/tyler/mycobot_ROS2/colcon_ws/install/mycobot_280_x3pi:/home/tyler/mycobot_ROS2/colcon_ws/install/mycobot_280:/home/tyler/mycobot_ROS2/colcon_ws/install/myarm_300:/home/tyler/mycobot_ROS2/colcon_ws/install/mycobot_communication:/home/tyler/mycobot_ROS2/colcon_ws/install/mecharm_pi:/home/tyler/mycobot_ROS2/colcon_ws/install/mecharm:/home/tyler/mycobot_ROS2/colcon_ws/install/mecharm_communication:/home/tyler/mycobot_ROS2/colcon_ws/install/mybuddy:/home/tyler/mycobot_ROS2/colcon_ws/install/mycobot_description:/opt/ros/humble MYSQL_PS1=(\u@\h) [\d]> /usr/bin/cmake /home/tyler/mycobot_ROS2/moveit_tutorial_ws/src/ros2_kortex/kortex_driver -DCMAKE_INSTALL_PREFIX=/home/tyler/mycobot_ROS2/moveit_tutorial_ws/install/kortex_driver
[5.738s] -- The C compiler identification is GNU 11.4.0
[5.882s] -- The CXX compiler identification is GNU 11.4.0
[5.900s] -- Detecting C compiler ABI info
[6.063s] -- Detecting C compiler ABI info - done
[6.083s] -- Check for working C compiler: /usr/bin/cc - skipped
[6.084s] -- Detecting C compile features
[6.085s] -- Detecting C compile features - done
[6.092s] -- Detecting CXX compiler ABI info
[6.272s] -- Detecting CXX compiler ABI info - done
[6.294s] -- Check for working CXX compiler: /usr/bin/c++ - skipped
[6.295s] -- Detecting CXX compile features
[6.295s] -- Detecting CXX compile features - done
[6.303s] -- Found ament_cmake: 1.3.5 (/opt/ros/humble/share/ament_cmake/cmake)
[6.856s] -- Found Python3: /usr/bin/python3.10 (found version "3.10.12") found components: Interpreter 
[7.248s] -- Found hardware_interface: 2.32.0 (/opt/ros/humble/share/hardware_interface/cmake)
[7.411s] -- Found rosidl_generator_c: 3.1.5 (/opt/ros/humble/share/rosidl_generator_c/cmake)
[7.434s] -- Found rosidl_adapter: 3.1.5 (/opt/ros/humble/share/rosidl_adapter/cmake)
[7.468s] -- Found rosidl_generator_cpp: 3.1.5 (/opt/ros/humble/share/rosidl_generator_cpp/cmake)
[7.513s] -- Using all available rosidl_typesupport_c: rosidl_typesupport_fastrtps_c;rosidl_typesupport_introspection_c
[7.580s] -- Using all available rosidl_typesupport_cpp: rosidl_typesupport_fastrtps_cpp;rosidl_typesupport_introspection_cpp
[9.774s] -- Found rmw_implementation_cmake: 6.1.1 (/opt/ros/humble/share/rmw_implementation_cmake/cmake)
[9.789s] -- Found rmw_fastrtps_cpp: 6.2.4 (/opt/ros/humble/share/rmw_fastrtps_cpp/cmake)
[10.172s] -- Found OpenSSL: /usr/lib/x86_64-linux-gnu/libcrypto.so (found version "3.0.2")  
[10.269s] -- Found FastRTPS: /opt/ros/humble/include  
[10.423s] -- Using RMW implementation 'rmw_fastrtps_cpp' as default
[10.461s] -- Looking for pthread.h
[10.661s] -- Looking for pthread.h - found
[10.661s] -- Performing Test CMAKE_HAVE_LIBC_PTHREAD
[10.841s] -- Performing Test CMAKE_HAVE_LIBC_PTHREAD - Success
[10.844s] -- Found Threads: TRUE  
[11.331s] -- Found kortex_api: 0.2.2 (/home/tyler/mycobot_ROS2/moveit_tutorial_ws/install/kortex_api/share/kortex_api/cmake)
[11.718s] -- Configuring done
[11.787s] -- Generating done
[11.791s] -- Build files have been written to: /home/tyler/mycobot_ROS2/moveit_tutorial_ws/build/kortex_driver
[11.813s] Invoked command in '/home/tyler/mycobot_ROS2/moveit_tutorial_ws/build/kortex_driver' returned '0': AMENT_PREFIX_PATH=/home/tyler/mycobot_ROS2/moveit_tutorial_ws/install/kortex_api:${AMENT_PREFIX_PATH} CMAKE_PREFIX_PATH=/home/tyler/mycobot_ROS2/moveit_tutorial_ws/install/kortex_api:/home/tyler/mycobot_ROS2/colcon_ws/install/mypalletizer_interfaces:/home/tyler/mycobot_ROS2/colcon_ws/install/mycobot_interfaces:/home/tyler/mycobot_ROS2/colcon_ws/install/mecharm_interfaces:/home/tyler/mycobot_ROS2/colcon_ws/install/ultraarm:/home/tyler/mycobot_ROS2/colcon_ws/install/mypalletizer_260_pi:/home/tyler/mycobot_ROS2/colcon_ws/install/mypalletizer_260:/home/tyler/mycobot_ROS2/colcon_ws/install/mypalletizer_communication:/home/tyler/mycobot_ROS2/colcon_ws/install/mycobot_320pi:/home/tyler/mycobot_ROS2/colcon_ws/install/mycobot_320:/home/tyler/mycobot_ROS2/colcon_ws/install/mycobot_280pi:/home/tyler/mycobot_ROS2/colcon_ws/install/mycobot_280jn:/home/tyler/mycobot_ROS2/colcon_ws/install/mycobot_280_x3pi:/home/tyler/mycobot_ROS2/colcon_ws/install/mycobot_280:/home/tyler/mycobot_ROS2/colcon_ws/install/myarm_300:/home/tyler/mycobot_ROS2/colcon_ws/install/mycobot_communication:/home/tyler/mycobot_ROS2/colcon_ws/install/mecharm_pi:/home/tyler/mycobot_ROS2/colcon_ws/install/mecharm:/home/tyler/mycobot_ROS2/colcon_ws/install/mecharm_communication:/home/tyler/mycobot_ROS2/colcon_ws/install/mybuddy:/home/tyler/mycobot_ROS2/colcon_ws/install/mycobot_description:/opt/ros/humble MYSQL_PS1=(\u@\h) [\d]> /usr/bin/cmake /home/tyler/mycobot_ROS2/moveit_tutorial_ws/src/ros2_kortex/kortex_driver -DCMAKE_INSTALL_PREFIX=/home/tyler/mycobot_ROS2/moveit_tutorial_ws/install/kortex_driver
[11.817s] Invoking command in '/home/tyler/mycobot_ROS2/moveit_tutorial_ws/build/kortex_driver': AMENT_PREFIX_PATH=/home/tyler/mycobot_ROS2/moveit_tutorial_ws/install/kortex_api:${AMENT_PREFIX_PATH} CMAKE_PREFIX_PATH=/home/tyler/mycobot_ROS2/moveit_tutorial_ws/install/kortex_api:/home/tyler/mycobot_ROS2/colcon_ws/install/mypalletizer_interfaces:/home/tyler/mycobot_ROS2/colcon_ws/install/mycobot_interfaces:/home/tyler/mycobot_ROS2/colcon_ws/install/mecharm_interfaces:/home/tyler/mycobot_ROS2/colcon_ws/install/ultraarm:/home/tyler/mycobot_ROS2/colcon_ws/install/mypalletizer_260_pi:/home/tyler/mycobot_ROS2/colcon_ws/install/mypalletizer_260:/home/tyler/mycobot_ROS2/colcon_ws/install/mypalletizer_communication:/home/tyler/mycobot_ROS2/colcon_ws/install/mycobot_320pi:/home/tyler/mycobot_ROS2/colcon_ws/install/mycobot_320:/home/tyler/mycobot_ROS2/colcon_ws/install/mycobot_280pi:/home/tyler/mycobot_ROS2/colcon_ws/install/mycobot_280jn:/home/tyler/mycobot_ROS2/colcon_ws/install/mycobot_280_x3pi:/home/tyler/mycobot_ROS2/colcon_ws/install/mycobot_280:/home/tyler/mycobot_ROS2/colcon_ws/install/myarm_300:/home/tyler/mycobot_ROS2/colcon_ws/install/mycobot_communication:/home/tyler/mycobot_ROS2/colcon_ws/install/mecharm_pi:/home/tyler/mycobot_ROS2/colcon_ws/install/mecharm:/home/tyler/mycobot_ROS2/colcon_ws/install/mecharm_communication:/home/tyler/mycobot_ROS2/colcon_ws/install/mybuddy:/home/tyler/mycobot_ROS2/colcon_ws/install/mycobot_description:/opt/ros/humble MYSQL_PS1=(\u@\h) [\d]> /usr/bin/cmake --build /home/tyler/mycobot_ROS2/moveit_tutorial_ws/build/kortex_driver -- -j16 -l16
[11.942s] [ 33%] [32mBuilding CXX object CMakeFiles/kortex_driver.dir/src/kortex_math_util.cpp.o[0m
[11.946s] [ 66%] [32mBuilding CXX object CMakeFiles/kortex_driver.dir/src/hardware_interface.cpp.o[0m
[25.020s] [100%] [32m[1mLinking CXX shared library libkortex_driver.so[0m
[26.760s] [100%] Built target kortex_driver
[26.792s] Invoked command in '/home/tyler/mycobot_ROS2/moveit_tutorial_ws/build/kortex_driver' returned '0': AMENT_PREFIX_PATH=/home/tyler/mycobot_ROS2/moveit_tutorial_ws/install/kortex_api:${AMENT_PREFIX_PATH} CMAKE_PREFIX_PATH=/home/tyler/mycobot_ROS2/moveit_tutorial_ws/install/kortex_api:/home/tyler/mycobot_ROS2/colcon_ws/install/mypalletizer_interfaces:/home/tyler/mycobot_ROS2/colcon_ws/install/mycobot_interfaces:/home/tyler/mycobot_ROS2/colcon_ws/install/mecharm_interfaces:/home/tyler/mycobot_ROS2/colcon_ws/install/ultraarm:/home/tyler/mycobot_ROS2/colcon_ws/install/mypalletizer_260_pi:/home/tyler/mycobot_ROS2/colcon_ws/install/mypalletizer_260:/home/tyler/mycobot_ROS2/colcon_ws/install/mypalletizer_communication:/home/tyler/mycobot_ROS2/colcon_ws/install/mycobot_320pi:/home/tyler/mycobot_ROS2/colcon_ws/install/mycobot_320:/home/tyler/mycobot_ROS2/colcon_ws/install/mycobot_280pi:/home/tyler/mycobot_ROS2/colcon_ws/install/mycobot_280jn:/home/tyler/mycobot_ROS2/colcon_ws/install/mycobot_280_x3pi:/home/tyler/mycobot_ROS2/colcon_ws/install/mycobot_280:/home/tyler/mycobot_ROS2/colcon_ws/install/myarm_300:/home/tyler/mycobot_ROS2/colcon_ws/install/mycobot_communication:/home/tyler/mycobot_ROS2/colcon_ws/install/mecharm_pi:/home/tyler/mycobot_ROS2/colcon_ws/install/mecharm:/home/tyler/mycobot_ROS2/colcon_ws/install/mecharm_communication:/home/tyler/mycobot_ROS2/colcon_ws/install/mybuddy:/home/tyler/mycobot_ROS2/colcon_ws/install/mycobot_description:/opt/ros/humble MYSQL_PS1=(\u@\h) [\d]> /usr/bin/cmake --build /home/tyler/mycobot_ROS2/moveit_tutorial_ws/build/kortex_driver -- -j16 -l16
[26.861s] Invoking command in '/home/tyler/mycobot_ROS2/moveit_tutorial_ws/build/kortex_driver': AMENT_PREFIX_PATH=/home/tyler/mycobot_ROS2/moveit_tutorial_ws/install/kortex_api:${AMENT_PREFIX_PATH} CMAKE_PREFIX_PATH=/home/tyler/mycobot_ROS2/moveit_tutorial_ws/install/kortex_api:/home/tyler/mycobot_ROS2/colcon_ws/install/mypalletizer_interfaces:/home/tyler/mycobot_ROS2/colcon_ws/install/mycobot_interfaces:/home/tyler/mycobot_ROS2/colcon_ws/install/mecharm_interfaces:/home/tyler/mycobot_ROS2/colcon_ws/install/ultraarm:/home/tyler/mycobot_ROS2/colcon_ws/install/mypalletizer_260_pi:/home/tyler/mycobot_ROS2/colcon_ws/install/mypalletizer_260:/home/tyler/mycobot_ROS2/colcon_ws/install/mypalletizer_communication:/home/tyler/mycobot_ROS2/colcon_ws/install/mycobot_320pi:/home/tyler/mycobot_ROS2/colcon_ws/install/mycobot_320:/home/tyler/mycobot_ROS2/colcon_ws/install/mycobot_280pi:/home/tyler/mycobot_ROS2/colcon_ws/install/mycobot_280jn:/home/tyler/mycobot_ROS2/colcon_ws/install/mycobot_280_x3pi:/home/tyler/mycobot_ROS2/colcon_ws/install/mycobot_280:/home/tyler/mycobot_ROS2/colcon_ws/install/myarm_300:/home/tyler/mycobot_ROS2/colcon_ws/install/mycobot_communication:/home/tyler/mycobot_ROS2/colcon_ws/install/mecharm_pi:/home/tyler/mycobot_ROS2/colcon_ws/install/mecharm:/home/tyler/mycobot_ROS2/colcon_ws/install/mecharm_communication:/home/tyler/mycobot_ROS2/colcon_ws/install/mybuddy:/home/tyler/mycobot_ROS2/colcon_ws/install/mycobot_description:/opt/ros/humble MYSQL_PS1=(\u@\h) [\d]> /usr/bin/cmake --install /home/tyler/mycobot_ROS2/moveit_tutorial_ws/build/kortex_driver
[26.878s] -- Install configuration: ""
[26.879s] -- Installing: /home/tyler/mycobot_ROS2/moveit_tutorial_ws/install/kortex_driver/share/kortex_driver/hardware_interface_plugin.xml
[26.888s] -- Installing: /home/tyler/mycobot_ROS2/moveit_tutorial_ws/install/kortex_driver/lib/libkortex_driver.so
[26.918s] -- Set runtime path of "/home/tyler/mycobot_ROS2/moveit_tutorial_ws/install/kortex_driver/lib/libkortex_driver.so" to ""
[26.918s] -- Installing: /home/tyler/mycobot_ROS2/moveit_tutorial_ws/install/kortex_driver/include
[26.918s] -- Installing: /home/tyler/mycobot_ROS2/moveit_tutorial_ws/install/kortex_driver/include/kortex_driver
[26.918s] -- Installing: /home/tyler/mycobot_ROS2/moveit_tutorial_ws/install/kortex_driver/include/kortex_driver/visibility_control.h
[26.919s] -- Installing: /home/tyler/mycobot_ROS2/moveit_tutorial_ws/install/kortex_driver/include/kortex_driver/kortex_math_util.hpp
[26.919s] -- Installing: /home/tyler/mycobot_ROS2/moveit_tutorial_ws/install/kortex_driver/include/kortex_driver/hardware_interface.hpp
[26.919s] -- Installing: /home/tyler/mycobot_ROS2/moveit_tutorial_ws/install/kortex_driver/share/kortex_driver/environment/library_path.sh
[26.919s] -- Installing: /home/tyler/mycobot_ROS2/moveit_tutorial_ws/install/kortex_driver/share/kortex_driver/environment/library_path.dsv
[26.920s] -- Installing: /home/tyler/mycobot_ROS2/moveit_tutorial_ws/install/kortex_driver/share/ament_index/resource_index/package_run_dependencies/kortex_driver
[26.920s] -- Installing: /home/tyler/mycobot_ROS2/moveit_tutorial_ws/install/kortex_driver/share/ament_index/resource_index/parent_prefix_path/kortex_driver
[26.921s] -- Installing: /home/tyler/mycobot_ROS2/moveit_tutorial_ws/install/kortex_driver/share/kortex_driver/environment/ament_prefix_path.sh
[26.921s] -- Installing: /home/tyler/mycobot_ROS2/moveit_tutorial_ws/install/kortex_driver/share/kortex_driver/environment/ament_prefix_path.dsv
[26.921s] -- Installing: /home/tyler/mycobot_ROS2/moveit_tutorial_ws/install/kortex_driver/share/kortex_driver/environment/path.sh
[26.922s] -- Installing: /home/tyler/mycobot_ROS2/moveit_tutorial_ws/install/kortex_driver/share/kortex_driver/environment/path.dsv
[26.922s] -- Installing: /home/tyler/mycobot_ROS2/moveit_tutorial_ws/install/kortex_driver/share/kortex_driver/local_setup.bash
[26.922s] -- Installing: /home/tyler/mycobot_ROS2/moveit_tutorial_ws/install/kortex_driver/share/kortex_driver/local_setup.sh
[26.923s] -- Installing: /home/tyler/mycobot_ROS2/moveit_tutorial_ws/install/kortex_driver/share/kortex_driver/local_setup.zsh
[26.923s] -- Installing: /home/tyler/mycobot_ROS2/moveit_tutorial_ws/install/kortex_driver/share/kortex_driver/local_setup.dsv
[26.923s] -- Installing: /home/tyler/mycobot_ROS2/moveit_tutorial_ws/install/kortex_driver/share/kortex_driver/package.dsv
[26.924s] -- Installing: /home/tyler/mycobot_ROS2/moveit_tutorial_ws/install/kortex_driver/share/ament_index/resource_index/packages/kortex_driver
[26.924s] -- Installing: /home/tyler/mycobot_ROS2/moveit_tutorial_ws/install/kortex_driver/share/ament_index/resource_index/hardware_interface__pluginlib__plugin/kortex_driver
[26.924s] -- Installing: /home/tyler/mycobot_ROS2/moveit_tutorial_ws/install/kortex_driver/share/kortex_driver/cmake/ament_cmake_export_include_directories-extras.cmake
[26.925s] -- Installing: /home/tyler/mycobot_ROS2/moveit_tutorial_ws/install/kortex_driver/share/kortex_driver/cmake/ament_cmake_export_libraries-extras.cmake
[26.925s] -- Installing: /home/tyler/mycobot_ROS2/moveit_tutorial_ws/install/kortex_driver/share/kortex_driver/cmake/ament_cmake_export_dependencies-extras.cmake
[26.925s] -- Installing: /home/tyler/mycobot_ROS2/moveit_tutorial_ws/install/kortex_driver/share/kortex_driver/cmake/kortex_driverConfig.cmake
[26.926s] -- Installing: /home/tyler/mycobot_ROS2/moveit_tutorial_ws/install/kortex_driver/share/kortex_driver/cmake/kortex_driverConfig-version.cmake
[26.926s] -- Installing: /home/tyler/mycobot_ROS2/moveit_tutorial_ws/install/kortex_driver/share/kortex_driver/package.xml
[26.931s] Invoked command in '/home/tyler/mycobot_ROS2/moveit_tutorial_ws/build/kortex_driver' returned '0': AMENT_PREFIX_PATH=/home/tyler/mycobot_ROS2/moveit_tutorial_ws/install/kortex_api:${AMENT_PREFIX_PATH} CMAKE_PREFIX_PATH=/home/tyler/mycobot_ROS2/moveit_tutorial_ws/install/kortex_api:/home/tyler/mycobot_ROS2/colcon_ws/install/mypalletizer_interfaces:/home/tyler/mycobot_ROS2/colcon_ws/install/mycobot_interfaces:/home/tyler/mycobot_ROS2/colcon_ws/install/mecharm_interfaces:/home/tyler/mycobot_ROS2/colcon_ws/install/ultraarm:/home/tyler/mycobot_ROS2/colcon_ws/install/mypalletizer_260_pi:/home/tyler/mycobot_ROS2/colcon_ws/install/mypalletizer_260:/home/tyler/mycobot_ROS2/colcon_ws/install/mypalletizer_communication:/home/tyler/mycobot_ROS2/colcon_ws/install/mycobot_320pi:/home/tyler/mycobot_ROS2/colcon_ws/install/mycobot_320:/home/tyler/mycobot_ROS2/colcon_ws/install/mycobot_280pi:/home/tyler/mycobot_ROS2/colcon_ws/install/mycobot_280jn:/home/tyler/mycobot_ROS2/colcon_ws/install/mycobot_280_x3pi:/home/tyler/mycobot_ROS2/colcon_ws/install/mycobot_280:/home/tyler/mycobot_ROS2/colcon_ws/install/myarm_300:/home/tyler/mycobot_ROS2/colcon_ws/install/mycobot_communication:/home/tyler/mycobot_ROS2/colcon_ws/install/mecharm_pi:/home/tyler/mycobot_ROS2/colcon_ws/install/mecharm:/home/tyler/mycobot_ROS2/colcon_ws/install/mecharm_communication:/home/tyler/mycobot_ROS2/colcon_ws/install/mybuddy:/home/tyler/mycobot_ROS2/colcon_ws/install/mycobot_description:/opt/ros/humble MYSQL_PS1=(\u@\h) [\d]> /usr/bin/cmake --install /home/tyler/mycobot_ROS2/moveit_tutorial_ws/build/kortex_driver
