[1.145s] Invoking command in '/home/tyler/mycobot_ROS2/moveit_tutorial_ws/build/kortex_description': CMAKE_PREFIX_PATH=${CMAKE_PREFIX_PATH}:/home/tyler/mycobot_ROS2/colcon_ws/install/ultraarm:/home/tyler/mycobot_ROS2/colcon_ws/install/mypalletizer_260_pi:/home/tyler/mycobot_ROS2/colcon_ws/install/mypalletizer_260:/home/tyler/mycobot_ROS2/colcon_ws/install/mypalletizer_communication:/home/tyler/mycobot_ROS2/colcon_ws/install/mycobot_320pi:/home/tyler/mycobot_ROS2/colcon_ws/install/mycobot_320:/home/tyler/mycobot_ROS2/colcon_ws/install/mycobot_280pi:/home/tyler/mycobot_ROS2/colcon_ws/install/mycobot_280jn:/home/tyler/mycobot_ROS2/colcon_ws/install/mycobot_280_x3pi:/home/tyler/mycobot_ROS2/colcon_ws/install/mycobot_280:/home/tyler/mycobot_ROS2/colcon_ws/install/myarm_300:/home/tyler/mycobot_ROS2/colcon_ws/install/mycobot_communication:/home/tyler/mycobot_ROS2/colcon_ws/install/mecharm_pi:/home/tyler/mycobot_ROS2/colcon_ws/install/mecharm:/home/tyler/mycobot_ROS2/colcon_ws/install/mecharm_communication:/home/tyler/mycobot_ROS2/colcon_ws/install/mybuddy:/home/tyler/mycobot_ROS2/colcon_ws/install/mycobot_description:/opt/ros/humble MYSQL_PS1=(\u@\h) [\d]> /usr/bin/cmake --build /home/tyler/mycobot_ROS2/moveit_tutorial_ws/build/kortex_description -- -j16 -l16
[1.222s] Invoked command in '/home/tyler/mycobot_ROS2/moveit_tutorial_ws/build/kortex_description' returned '0': CMAKE_PREFIX_PATH=${CMAKE_PREFIX_PATH}:/home/tyler/mycobot_ROS2/colcon_ws/install/ultraarm:/home/tyler/mycobot_ROS2/colcon_ws/install/mypalletizer_260_pi:/home/tyler/mycobot_ROS2/colcon_ws/install/mypalletizer_260:/home/tyler/mycobot_ROS2/colcon_ws/install/mypalletizer_communication:/home/tyler/mycobot_ROS2/colcon_ws/install/mycobot_320pi:/home/tyler/mycobot_ROS2/colcon_ws/install/mycobot_320:/home/tyler/mycobot_ROS2/colcon_ws/install/mycobot_280pi:/home/tyler/mycobot_ROS2/colcon_ws/install/mycobot_280jn:/home/tyler/mycobot_ROS2/colcon_ws/install/mycobot_280_x3pi:/home/tyler/mycobot_ROS2/colcon_ws/install/mycobot_280:/home/tyler/mycobot_ROS2/colcon_ws/install/myarm_300:/home/tyler/mycobot_ROS2/colcon_ws/install/mycobot_communication:/home/tyler/mycobot_ROS2/colcon_ws/install/mecharm_pi:/home/tyler/mycobot_ROS2/colcon_ws/install/mecharm:/home/tyler/mycobot_ROS2/colcon_ws/install/mecharm_communication:/home/tyler/mycobot_ROS2/colcon_ws/install/mybuddy:/home/tyler/mycobot_ROS2/colcon_ws/install/mycobot_description:/opt/ros/humble MYSQL_PS1=(\u@\h) [\d]> /usr/bin/cmake --build /home/tyler/mycobot_ROS2/moveit_tutorial_ws/build/kortex_description -- -j16 -l16
[1.277s] Invoking command in '/home/tyler/mycobot_ROS2/moveit_tutorial_ws/build/kortex_description': CMAKE_PREFIX_PATH=${CMAKE_PREFIX_PATH}:/home/tyler/mycobot_ROS2/colcon_ws/install/ultraarm:/home/tyler/mycobot_ROS2/colcon_ws/install/mypalletizer_260_pi:/home/tyler/mycobot_ROS2/colcon_ws/install/mypalletizer_260:/home/tyler/mycobot_ROS2/colcon_ws/install/mypalletizer_communication:/home/tyler/mycobot_ROS2/colcon_ws/install/mycobot_320pi:/home/tyler/mycobot_ROS2/colcon_ws/install/mycobot_320:/home/tyler/mycobot_ROS2/colcon_ws/install/mycobot_280pi:/home/tyler/mycobot_ROS2/colcon_ws/install/mycobot_280jn:/home/tyler/mycobot_ROS2/colcon_ws/install/mycobot_280_x3pi:/home/tyler/mycobot_ROS2/colcon_ws/install/mycobot_280:/home/tyler/mycobot_ROS2/colcon_ws/install/myarm_300:/home/tyler/mycobot_ROS2/colcon_ws/install/mycobot_communication:/home/tyler/mycobot_ROS2/colcon_ws/install/mecharm_pi:/home/tyler/mycobot_ROS2/colcon_ws/install/mecharm:/home/tyler/mycobot_ROS2/colcon_ws/install/mecharm_communication:/home/tyler/mycobot_ROS2/colcon_ws/install/mybuddy:/home/tyler/mycobot_ROS2/colcon_ws/install/mycobot_description:/opt/ros/humble MYSQL_PS1=(\u@\h) [\d]> /usr/bin/cmake --install /home/tyler/mycobot_ROS2/moveit_tutorial_ws/build/kortex_description
[1.320s] -- Install configuration: ""
[1.323s] -- Up-to-date: /home/tyler/mycobot_ROS2/moveit_tutorial_ws/install/kortex_description/share/kortex_description/arms
[1.324s] -- Up-to-date: /home/tyler/mycobot_ROS2/moveit_tutorial_ws/install/kortex_description/share/kortex_description/arms/gen3
[1.328s] -- Up-to-date: /home/tyler/mycobot_ROS2/moveit_tutorial_ws/install/kortex_description/share/kortex_description/arms/gen3/6dof
[1.329s] -- Up-to-date: /home/tyler/mycobot_ROS2/moveit_tutorial_ws/install/kortex_description/share/kortex_description/arms/gen3/6dof/config
[1.330s] -- Up-to-date: /home/tyler/mycobot_ROS2/moveit_tutorial_ws/install/kortex_description/share/kortex_description/arms/gen3/6dof/config/ros2_controllers.yaml
[1.330s] -- Up-to-date: /home/tyler/mycobot_ROS2/moveit_tutorial_ws/install/kortex_description/share/kortex_description/arms/gen3/6dof/config/joint_limits.yaml
[1.330s] -- Up-to-date: /home/tyler/mycobot_ROS2/moveit_tutorial_ws/install/kortex_description/share/kortex_description/arms/gen3/6dof/config/twist_limits.yaml
[1.330s] -- Up-to-date: /home/tyler/mycobot_ROS2/moveit_tutorial_ws/install/kortex_description/share/kortex_description/arms/gen3/6dof/config/gazebo_initial_joint_positions.yaml
[1.330s] -- Up-to-date: /home/tyler/mycobot_ROS2/moveit_tutorial_ws/install/kortex_description/share/kortex_description/arms/gen3/6dof/urdf
[1.331s] -- Up-to-date: /home/tyler/mycobot_ROS2/moveit_tutorial_ws/install/kortex_description/share/kortex_description/arms/gen3/6dof/urdf/gen3_macro.xacro
[1.331s] -- Up-to-date: /home/tyler/mycobot_ROS2/moveit_tutorial_ws/install/kortex_description/share/kortex_description/arms/gen3/6dof/urdf/kortex.ros2_control.xacro
[1.331s] -- Up-to-date: /home/tyler/mycobot_ROS2/moveit_tutorial_ws/install/kortex_description/share/kortex_description/arms/gen3/6dof/urdf/gen3_transmission_macro.xacro
[1.331s] -- Up-to-date: /home/tyler/mycobot_ROS2/moveit_tutorial_ws/install/kortex_description/share/kortex_description/arms/gen3/6dof/meshes
[1.331s] -- Up-to-date: /home/tyler/mycobot_ROS2/moveit_tutorial_ws/install/kortex_description/share/kortex_description/arms/gen3/6dof/meshes/base_link.STL
[1.335s] -- Up-to-date: /home/tyler/mycobot_ROS2/moveit_tutorial_ws/install/kortex_description/share/kortex_description/arms/gen3/6dof/meshes/forearm_link.STL
[1.335s] -- Up-to-date: /home/tyler/mycobot_ROS2/moveit_tutorial_ws/install/kortex_description/share/kortex_description/arms/gen3/6dof/meshes/spherical_wrist_2_link.STL
[1.336s] -- Up-to-date: /home/tyler/mycobot_ROS2/moveit_tutorial_ws/install/kortex_description/share/kortex_description/arms/gen3/6dof/meshes/bracelet_with_vision_link.STL
[1.336s] -- Up-to-date: /home/tyler/mycobot_ROS2/moveit_tutorial_ws/install/kortex_description/share/kortex_description/arms/gen3/6dof/meshes/spherical_wrist_1_link.STL
[1.336s] -- Up-to-date: /home/tyler/mycobot_ROS2/moveit_tutorial_ws/install/kortex_description/share/kortex_description/arms/gen3/6dof/meshes/bracelet_no_vision_link.STL
[1.336s] -- Up-to-date: /home/tyler/mycobot_ROS2/moveit_tutorial_ws/install/kortex_description/share/kortex_description/arms/gen3/6dof/meshes/bicep_link.STL
[1.338s] -- Up-to-date: /home/tyler/mycobot_ROS2/moveit_tutorial_ws/install/kortex_description/share/kortex_description/arms/gen3/6dof/meshes/shoulder_link.STL
[1.339s] -- Up-to-date: /home/tyler/mycobot_ROS2/moveit_tutorial_ws/install/kortex_description/share/kortex_description/arms/gen3/7dof
[1.340s] -- Up-to-date: /home/tyler/mycobot_ROS2/moveit_tutorial_ws/install/kortex_description/share/kortex_description/arms/gen3/7dof/config
[1.341s] -- Up-to-date: /home/tyler/mycobot_ROS2/moveit_tutorial_ws/install/kortex_description/share/kortex_description/arms/gen3/7dof/config/ros2_controllers.yaml
[1.342s] -- Up-to-date: /home/tyler/mycobot_ROS2/moveit_tutorial_ws/install/kortex_description/share/kortex_description/arms/gen3/7dof/config/joint_limits.yaml
[1.342s] -- Up-to-date: /home/tyler/mycobot_ROS2/moveit_tutorial_ws/install/kortex_description/share/kortex_description/arms/gen3/7dof/config/twist_limits.yaml
[1.343s] -- Up-to-date: /home/tyler/mycobot_ROS2/moveit_tutorial_ws/install/kortex_description/share/kortex_description/arms/gen3/7dof/config/gazebo_initial_joint_positions.yaml
[1.343s] -- Up-to-date: /home/tyler/mycobot_ROS2/moveit_tutorial_ws/install/kortex_description/share/kortex_description/arms/gen3/7dof/urdf
[1.348s] -- Up-to-date: /home/tyler/mycobot_ROS2/moveit_tutorial_ws/install/kortex_description/share/kortex_description/arms/gen3/7dof/urdf/gen3_macro.xacro
[1.348s] -- Up-to-date: /home/tyler/mycobot_ROS2/moveit_tutorial_ws/install/kortex_description/share/kortex_description/arms/gen3/7dof/urdf/kortex.ros2_control.xacro
[1.348s] -- Up-to-date: /home/tyler/mycobot_ROS2/moveit_tutorial_ws/install/kortex_description/share/kortex_description/arms/gen3/7dof/urdf/gen3_transmission_macro.xacro
[1.348s] -- Up-to-date: /home/tyler/mycobot_ROS2/moveit_tutorial_ws/install/kortex_description/share/kortex_description/arms/gen3/7dof/meshes
[1.348s] -- Up-to-date: /home/tyler/mycobot_ROS2/moveit_tutorial_ws/install/kortex_description/share/kortex_description/arms/gen3/7dof/meshes/base_link.STL
[1.349s] -- Up-to-date: /home/tyler/mycobot_ROS2/moveit_tutorial_ws/install/kortex_description/share/kortex_description/arms/gen3/7dof/meshes/half_arm_2_link.STL
[1.349s] -- Up-to-date: /home/tyler/mycobot_ROS2/moveit_tutorial_ws/install/kortex_description/share/kortex_description/arms/gen3/7dof/meshes/forearm_link.STL
[1.349s] -- Up-to-date: /home/tyler/mycobot_ROS2/moveit_tutorial_ws/install/kortex_description/share/kortex_description/arms/gen3/7dof/meshes/spherical_wrist_2_link.STL
[1.349s] -- Up-to-date: /home/tyler/mycobot_ROS2/moveit_tutorial_ws/install/kortex_description/share/kortex_description/arms/gen3/7dof/meshes/end_effector_link.STL
[1.349s] -- Up-to-date: /home/tyler/mycobot_ROS2/moveit_tutorial_ws/install/kortex_description/share/kortex_description/arms/gen3/7dof/meshes/bracelet_with_vision_link.STL
[1.350s] -- Up-to-date: /home/tyler/mycobot_ROS2/moveit_tutorial_ws/install/kortex_description/share/kortex_description/arms/gen3/7dof/meshes/half_arm_1_link.STL
[1.350s] -- Up-to-date: /home/tyler/mycobot_ROS2/moveit_tutorial_ws/install/kortex_description/share/kortex_description/arms/gen3/7dof/meshes/spherical_wrist_1_link.STL
[1.350s] -- Up-to-date: /home/tyler/mycobot_ROS2/moveit_tutorial_ws/install/kortex_description/share/kortex_description/arms/gen3/7dof/meshes/bracelet_no_vision_link.STL
[1.350s] -- Up-to-date: /home/tyler/mycobot_ROS2/moveit_tutorial_ws/install/kortex_description/share/kortex_description/arms/gen3/7dof/meshes/shoulder_link.STL
[1.351s] -- Up-to-date: /home/tyler/mycobot_ROS2/moveit_tutorial_ws/install/kortex_description/share/kortex_description/arms/gen3_lite
[1.351s] -- Up-to-date: /home/tyler/mycobot_ROS2/moveit_tutorial_ws/install/kortex_description/share/kortex_description/arms/gen3_lite/6dof
[1.351s] -- Up-to-date: /home/tyler/mycobot_ROS2/moveit_tutorial_ws/install/kortex_description/share/kortex_description/arms/gen3_lite/6dof/config
[1.351s] -- Up-to-date: /home/tyler/mycobot_ROS2/moveit_tutorial_ws/install/kortex_description/share/kortex_description/arms/gen3_lite/6dof/config/joint_limits.yaml
[1.352s] -- Up-to-date: /home/tyler/mycobot_ROS2/moveit_tutorial_ws/install/kortex_description/share/kortex_description/arms/gen3_lite/6dof/config/twist_limits.yaml
[1.352s] -- Up-to-date: /home/tyler/mycobot_ROS2/moveit_tutorial_ws/install/kortex_description/share/kortex_description/arms/gen3_lite/6dof/urdf
[1.352s] -- Up-to-date: /home/tyler/mycobot_ROS2/moveit_tutorial_ws/install/kortex_description/share/kortex_description/arms/gen3_lite/6dof/urdf/kortex.ros2_control.xacro
[1.352s] -- Up-to-date: /home/tyler/mycobot_ROS2/moveit_tutorial_ws/install/kortex_description/share/kortex_description/arms/gen3_lite/6dof/urdf/gen3_lite_transmission_macro.xacro
[1.352s] -- Up-to-date: /home/tyler/mycobot_ROS2/moveit_tutorial_ws/install/kortex_description/share/kortex_description/arms/gen3_lite/6dof/urdf/gen3_lite_macro.xacro
[1.352s] -- Up-to-date: /home/tyler/mycobot_ROS2/moveit_tutorial_ws/install/kortex_description/share/kortex_description/arms/gen3_lite/6dof/meshes
[1.352s] -- Up-to-date: /home/tyler/mycobot_ROS2/moveit_tutorial_ws/install/kortex_description/share/kortex_description/arms/gen3_lite/6dof/meshes/upper_wrist_link.STL
[1.352s] -- Up-to-date: /home/tyler/mycobot_ROS2/moveit_tutorial_ws/install/kortex_description/share/kortex_description/arms/gen3_lite/6dof/meshes/base_link.STL
[1.354s] -- Up-to-date: /home/tyler/mycobot_ROS2/moveit_tutorial_ws/install/kortex_description/share/kortex_description/arms/gen3_lite/6dof/meshes/forearm_link.STL
[1.355s] -- Up-to-date: /home/tyler/mycobot_ROS2/moveit_tutorial_ws/install/kortex_description/share/kortex_description/arms/gen3_lite/6dof/meshes/lower_wrist_link.STL
[1.356s] -- Up-to-date: /home/tyler/mycobot_ROS2/moveit_tutorial_ws/install/kortex_description/share/kortex_description/arms/gen3_lite/6dof/meshes/arm_link.STL
[1.357s] -- Up-to-date: /home/tyler/mycobot_ROS2/moveit_tutorial_ws/install/kortex_description/share/kortex_description/arms/gen3_lite/6dof/meshes/shoulder_link.STL
[1.357s] -- Up-to-date: /home/tyler/mycobot_ROS2/moveit_tutorial_ws/install/kortex_description/share/kortex_description/grippers
[1.357s] -- Up-to-date: /home/tyler/mycobot_ROS2/moveit_tutorial_ws/install/kortex_description/share/kortex_description/grippers/gen3_lite_2f
[1.357s] -- Up-to-date: /home/tyler/mycobot_ROS2/moveit_tutorial_ws/install/kortex_description/share/kortex_description/grippers/gen3_lite_2f/config
[1.358s] -- Up-to-date: /home/tyler/mycobot_ROS2/moveit_tutorial_ws/install/kortex_description/share/kortex_description/grippers/gen3_lite_2f/config/joint_limits.yaml
[1.358s] -- Up-to-date: /home/tyler/mycobot_ROS2/moveit_tutorial_ws/install/kortex_description/share/kortex_description/grippers/gen3_lite_2f/urdf
[1.359s] -- Up-to-date: /home/tyler/mycobot_ROS2/moveit_tutorial_ws/install/kortex_description/share/kortex_description/grippers/gen3_lite_2f/urdf/GEN3-LITE-GRIPPER_URDF_SIMPLIFIED_V2.urdf
[1.359s] -- Up-to-date: /home/tyler/mycobot_ROS2/moveit_tutorial_ws/install/kortex_description/share/kortex_description/grippers/gen3_lite_2f/urdf/gen3_lite_2f_transmission_macro.xacro
[1.359s] -- Up-to-date: /home/tyler/mycobot_ROS2/moveit_tutorial_ws/install/kortex_description/share/kortex_description/grippers/gen3_lite_2f/urdf/gen3_lite_2f_macro.xacro
[1.359s] -- Up-to-date: /home/tyler/mycobot_ROS2/moveit_tutorial_ws/install/kortex_description/share/kortex_description/grippers/gen3_lite_2f/meshes
[1.359s] -- Up-to-date: /home/tyler/mycobot_ROS2/moveit_tutorial_ws/install/kortex_description/share/kortex_description/grippers/gen3_lite_2f/meshes/gripper_base_link.STL
[1.360s] -- Up-to-date: /home/tyler/mycobot_ROS2/moveit_tutorial_ws/install/kortex_description/share/kortex_description/grippers/gen3_lite_2f/meshes/right_finger_dist_link.STL
[1.363s] -- Up-to-date: /home/tyler/mycobot_ROS2/moveit_tutorial_ws/install/kortex_description/share/kortex_description/grippers/gen3_lite_2f/meshes/left_finger_dist_link.STL
[1.363s] -- Up-to-date: /home/tyler/mycobot_ROS2/moveit_tutorial_ws/install/kortex_description/share/kortex_description/grippers/gen3_lite_2f/meshes/right_finger_prox_link.STL
[1.364s] -- Up-to-date: /home/tyler/mycobot_ROS2/moveit_tutorial_ws/install/kortex_description/share/kortex_description/grippers/gen3_lite_2f/meshes/left_finger_prox_link.STL
[1.364s] -- Up-to-date: /home/tyler/mycobot_ROS2/moveit_tutorial_ws/install/kortex_description/share/kortex_description/grippers/robotiq_2f_140
[1.364s] -- Up-to-date: /home/tyler/mycobot_ROS2/moveit_tutorial_ws/install/kortex_description/share/kortex_description/grippers/robotiq_2f_140/config
[1.364s] -- Up-to-date: /home/tyler/mycobot_ROS2/moveit_tutorial_ws/install/kortex_description/share/kortex_description/grippers/robotiq_2f_140/config/joint_limits.yaml
[1.364s] -- Up-to-date: /home/tyler/mycobot_ROS2/moveit_tutorial_ws/install/kortex_description/share/kortex_description/grippers/robotiq_2f_140/urdf
[1.364s] -- Up-to-date: /home/tyler/mycobot_ROS2/moveit_tutorial_ws/install/kortex_description/share/kortex_description/grippers/robotiq_2f_140/urdf/robotiq_2f_140_transmission_macro.xacro
[1.365s] -- Up-to-date: /home/tyler/mycobot_ROS2/moveit_tutorial_ws/install/kortex_description/share/kortex_description/grippers/robotiq_2f_140/urdf/robotiq_arg2f_140_model_macro.xacro
[1.365s] -- Up-to-date: /home/tyler/mycobot_ROS2/moveit_tutorial_ws/install/kortex_description/share/kortex_description/grippers/robotiq_2f_140/urdf/robotiq_2f_140_macro.xacro
[1.366s] -- Up-to-date: /home/tyler/mycobot_ROS2/moveit_tutorial_ws/install/kortex_description/share/kortex_description/grippers/robotiq_2f_140/urdf/robotiq_arg2f.xacro
[1.366s] -- Up-to-date: /home/tyler/mycobot_ROS2/moveit_tutorial_ws/install/kortex_description/share/kortex_description/grippers/robotiq_2f_140/LICENSE
[1.366s] -- Up-to-date: /home/tyler/mycobot_ROS2/moveit_tutorial_ws/install/kortex_description/share/kortex_description/grippers/robotiq_2f_140/README.md
[1.366s] -- Up-to-date: /home/tyler/mycobot_ROS2/moveit_tutorial_ws/install/kortex_description/share/kortex_description/grippers/robotiq_2f_140/meshes
[1.366s] -- Up-to-date: /home/tyler/mycobot_ROS2/moveit_tutorial_ws/install/kortex_description/share/kortex_description/grippers/robotiq_2f_140/meshes/collision
[1.367s] -- Up-to-date: /home/tyler/mycobot_ROS2/moveit_tutorial_ws/install/kortex_description/share/kortex_description/grippers/robotiq_2f_140/meshes/collision/robotiq_arg2f_base_link.stl
[1.367s] -- Up-to-date: /home/tyler/mycobot_ROS2/moveit_tutorial_ws/install/kortex_description/share/kortex_description/grippers/robotiq_2f_140/meshes/collision/robotiq_arg2f_140_inner_finger.stl
[1.367s] -- Up-to-date: /home/tyler/mycobot_ROS2/moveit_tutorial_ws/install/kortex_description/share/kortex_description/grippers/robotiq_2f_140/meshes/collision/robotiq_arg2f_140_outer_knuckle.stl
[1.367s] -- Up-to-date: /home/tyler/mycobot_ROS2/moveit_tutorial_ws/install/kortex_description/share/kortex_description/grippers/robotiq_2f_140/meshes/collision/robotiq_arg2f_140_outer_finger.stl
[1.368s] -- Up-to-date: /home/tyler/mycobot_ROS2/moveit_tutorial_ws/install/kortex_description/share/kortex_description/grippers/robotiq_2f_140/meshes/collision/robotiq_arg2f_coupling.stl
[1.368s] -- Up-to-date: /home/tyler/mycobot_ROS2/moveit_tutorial_ws/install/kortex_description/share/kortex_description/grippers/robotiq_2f_140/meshes/collision/robotiq_arg2f_140_inner_knuckle.stl
[1.368s] -- Up-to-date: /home/tyler/mycobot_ROS2/moveit_tutorial_ws/install/kortex_description/share/kortex_description/grippers/robotiq_2f_140/meshes/visual
[1.368s] -- Up-to-date: /home/tyler/mycobot_ROS2/moveit_tutorial_ws/install/kortex_description/share/kortex_description/grippers/robotiq_2f_140/meshes/visual/robotiq_arg2f_base_link.stl
[1.368s] -- Up-to-date: /home/tyler/mycobot_ROS2/moveit_tutorial_ws/install/kortex_description/share/kortex_description/grippers/robotiq_2f_140/meshes/visual/robotiq_arg2f_140_inner_finger.stl
[1.368s] -- Up-to-date: /home/tyler/mycobot_ROS2/moveit_tutorial_ws/install/kortex_description/share/kortex_description/grippers/robotiq_2f_140/meshes/visual/robotiq_arg2f_140_outer_knuckle.stl
[1.369s] -- Up-to-date: /home/tyler/mycobot_ROS2/moveit_tutorial_ws/install/kortex_description/share/kortex_description/grippers/robotiq_2f_140/meshes/visual/robotiq_arg2f_140_outer_finger.stl
[1.369s] -- Up-to-date: /home/tyler/mycobot_ROS2/moveit_tutorial_ws/install/kortex_description/share/kortex_description/grippers/robotiq_2f_140/meshes/visual/robotiq_arg2f_coupling.stl
[1.369s] -- Up-to-date: /home/tyler/mycobot_ROS2/moveit_tutorial_ws/install/kortex_description/share/kortex_description/grippers/robotiq_2f_140/meshes/visual/robotiq_arg2f_140_inner_knuckle.stl
[1.369s] -- Up-to-date: /home/tyler/mycobot_ROS2/moveit_tutorial_ws/install/kortex_description/share/kortex_description/grippers/robotiq_2f_85
[1.376s] -- Up-to-date: /home/tyler/mycobot_ROS2/moveit_tutorial_ws/install/kortex_description/share/kortex_description/grippers/robotiq_2f_85/urdf
[1.376s] -- Up-to-date: /home/tyler/mycobot_ROS2/moveit_tutorial_ws/install/kortex_description/share/kortex_description/grippers/robotiq_2f_85/urdf/robotiq_2f_85_macro.xacro
[1.376s] -- Up-to-date: /home/tyler/mycobot_ROS2/moveit_tutorial_ws/install/kortex_description/share/kortex_description/grippers/robotiq_2f_85/LICENSE
[1.376s] -- Up-to-date: /home/tyler/mycobot_ROS2/moveit_tutorial_ws/install/kortex_description/share/kortex_description/grippers/robotiq_2f_85/README.md
[1.377s] -- Up-to-date: /home/tyler/mycobot_ROS2/moveit_tutorial_ws/install/kortex_description/share/kortex_description/launch
[1.377s] -- Up-to-date: /home/tyler/mycobot_ROS2/moveit_tutorial_ws/install/kortex_description/share/kortex_description/launch/view_robot.launch.py
[1.379s] -- Up-to-date: /home/tyler/mycobot_ROS2/moveit_tutorial_ws/install/kortex_description/share/kortex_description/multiple_robots
[1.379s] -- Up-to-date: /home/tyler/mycobot_ROS2/moveit_tutorial_ws/install/kortex_description/share/kortex_description/multiple_robots/kortex_dual_robots.xacro
[1.380s] -- Up-to-date: /home/tyler/mycobot_ROS2/moveit_tutorial_ws/install/kortex_description/share/kortex_description/robots
[1.380s] -- Up-to-date: /home/tyler/mycobot_ROS2/moveit_tutorial_ws/install/kortex_description/share/kortex_description/robots/gen3.xacro
[1.380s] -- Up-to-date: /home/tyler/mycobot_ROS2/moveit_tutorial_ws/install/kortex_description/share/kortex_description/robots/kortex_robot.xacro
[1.381s] -- Up-to-date: /home/tyler/mycobot_ROS2/moveit_tutorial_ws/install/kortex_description/share/kortex_description/robots/gen3_lite_gen3_lite_2f.xacro
[1.381s] -- Up-to-date: /home/tyler/mycobot_ROS2/moveit_tutorial_ws/install/kortex_description/share/kortex_description/robots/gen3_robotiq_2f_140.xacro
[1.381s] -- Up-to-date: /home/tyler/mycobot_ROS2/moveit_tutorial_ws/install/kortex_description/share/kortex_description/robots/kinova.urdf.xacro
[1.381s] -- Up-to-date: /home/tyler/mycobot_ROS2/moveit_tutorial_ws/install/kortex_description/share/kortex_description/robots/gen3_robotiq_2f_85.xacro
[1.381s] -- Up-to-date: /home/tyler/mycobot_ROS2/moveit_tutorial_ws/install/kortex_description/share/kortex_description/rviz
[1.384s] -- Up-to-date: /home/tyler/mycobot_ROS2/moveit_tutorial_ws/install/kortex_description/share/kortex_description/rviz/view_robot.rviz
[1.385s] -- Up-to-date: /home/tyler/mycobot_ROS2/moveit_tutorial_ws/install/kortex_description/share/ament_index/resource_index/package_run_dependencies/kortex_description
[1.385s] -- Up-to-date: /home/tyler/mycobot_ROS2/moveit_tutorial_ws/install/kortex_description/share/ament_index/resource_index/parent_prefix_path/kortex_description
[1.385s] -- Up-to-date: /home/tyler/mycobot_ROS2/moveit_tutorial_ws/install/kortex_description/share/kortex_description/environment/ament_prefix_path.sh
[1.386s] -- Up-to-date: /home/tyler/mycobot_ROS2/moveit_tutorial_ws/install/kortex_description/share/kortex_description/environment/ament_prefix_path.dsv
[1.386s] -- Up-to-date: /home/tyler/mycobot_ROS2/moveit_tutorial_ws/install/kortex_description/share/kortex_description/environment/path.sh
[1.388s] -- Up-to-date: /home/tyler/mycobot_ROS2/moveit_tutorial_ws/install/kortex_description/share/kortex_description/environment/path.dsv
[1.389s] -- Up-to-date: /home/tyler/mycobot_ROS2/moveit_tutorial_ws/install/kortex_description/share/kortex_description/local_setup.bash
[1.389s] -- Up-to-date: /home/tyler/mycobot_ROS2/moveit_tutorial_ws/install/kortex_description/share/kortex_description/local_setup.sh
[1.389s] -- Up-to-date: /home/tyler/mycobot_ROS2/moveit_tutorial_ws/install/kortex_description/share/kortex_description/local_setup.zsh
[1.389s] -- Up-to-date: /home/tyler/mycobot_ROS2/moveit_tutorial_ws/install/kortex_description/share/kortex_description/local_setup.dsv
[1.389s] -- Installing: /home/tyler/mycobot_ROS2/moveit_tutorial_ws/install/kortex_description/share/kortex_description/package.dsv
[1.389s] -- Up-to-date: /home/tyler/mycobot_ROS2/moveit_tutorial_ws/install/kortex_description/share/ament_index/resource_index/packages/kortex_description
[1.390s] -- Up-to-date: /home/tyler/mycobot_ROS2/moveit_tutorial_ws/install/kortex_description/share/kortex_description/cmake/kortex_descriptionConfig.cmake
[1.390s] -- Up-to-date: /home/tyler/mycobot_ROS2/moveit_tutorial_ws/install/kortex_description/share/kortex_description/cmake/kortex_descriptionConfig-version.cmake
[1.390s] -- Up-to-date: /home/tyler/mycobot_ROS2/moveit_tutorial_ws/install/kortex_description/share/kortex_description/package.xml
[1.855s] Invoked command in '/home/tyler/mycobot_ROS2/moveit_tutorial_ws/build/kortex_description' returned '0': CMAKE_PREFIX_PATH=${CMAKE_PREFIX_PATH}:/home/tyler/mycobot_ROS2/colcon_ws/install/ultraarm:/home/tyler/mycobot_ROS2/colcon_ws/install/mypalletizer_260_pi:/home/tyler/mycobot_ROS2/colcon_ws/install/mypalletizer_260:/home/tyler/mycobot_ROS2/colcon_ws/install/mypalletizer_communication:/home/tyler/mycobot_ROS2/colcon_ws/install/mycobot_320pi:/home/tyler/mycobot_ROS2/colcon_ws/install/mycobot_320:/home/tyler/mycobot_ROS2/colcon_ws/install/mycobot_280pi:/home/tyler/mycobot_ROS2/colcon_ws/install/mycobot_280jn:/home/tyler/mycobot_ROS2/colcon_ws/install/mycobot_280_x3pi:/home/tyler/mycobot_ROS2/colcon_ws/install/mycobot_280:/home/tyler/mycobot_ROS2/colcon_ws/install/myarm_300:/home/tyler/mycobot_ROS2/colcon_ws/install/mycobot_communication:/home/tyler/mycobot_ROS2/colcon_ws/install/mecharm_pi:/home/tyler/mycobot_ROS2/colcon_ws/install/mecharm:/home/tyler/mycobot_ROS2/colcon_ws/install/mecharm_communication:/home/tyler/mycobot_ROS2/colcon_ws/install/mybuddy:/home/tyler/mycobot_ROS2/colcon_ws/install/mycobot_description:/opt/ros/humble MYSQL_PS1=(\u@\h) [\d]> /usr/bin/cmake --install /home/tyler/mycobot_ROS2/moveit_tutorial_ws/build/kortex_description
