[5.269s] Invoking command in '/home/tyler/colcon_ws/build/mycobot_280': AMENT_PREFIX_PATH=/home/tyler/colcon_ws/install/mycobot_communication:/home/tyler/colcon_ws/install/mycobot_interfaces:/home/tyler/colcon_ws/install/mycobot_description:${AMENT_PREFIX_PATH} CMAKE_PREFIX_PATH=/home/tyler/colcon_ws/install/mycobot_interfaces LD_LIBRARY_PATH=/home/tyler/colcon_ws/install/mycobot_interfaces/lib:${LD_LIBRARY_PATH} MYSQL_PS1=(\u@\h) [\d]> PYTHONPATH=/home/tyler/colcon_ws/build/mycobot_280/prefix_override:/home/tyler/colcon_ws/install/mycobot_280/lib/python3.10/site-packages:/home/tyler/colcon_ws/build/mycobot_communication:/home/tyler/colcon_ws/install/mycobot_communication/lib/python3.10/site-packages:/home/tyler/colcon_ws/install/mycobot_interfaces/local/lib/python3.10/dist-packages:/home/tyler/colcon_ws/build/mycobot_description:/home/tyler/colcon_ws/install/mycobot_description/lib/python3.10/site-packages:${PYTHONPATH} /usr/bin/python3 setup.py develop --editable --build-directory /home/tyler/colcon_ws/build/mycobot_280/build --no-deps install_data
[5.939s] /usr/lib/python3/dist-packages/setuptools/dist.py:723: UserWarning: Usage of dash-separated 'script-dir' will not be supported in future versions. Please use the underscore name 'script_dir' instead
[5.940s]   warnings.warn(
[6.014s] running develop
[6.015s] /usr/lib/python3/dist-packages/setuptools/command/easy_install.py:158: EasyInstallDeprecationWarning: easy_install command is deprecated. Use build and pip and other standards-based tools.
[6.015s]   warnings.warn(
[6.018s] /usr/lib/python3/dist-packages/setuptools/command/install.py:34: SetuptoolsDeprecationWarning: setup.py install is deprecated. Use build and pip and other standards-based tools.
[6.019s]   warnings.warn(
[6.490s] running egg_info
[6.490s] creating mycobot_280.egg-info
[6.490s] writing mycobot_280.egg-info/PKG-INFO
[6.491s] writing dependency_links to mycobot_280.egg-info/dependency_links.txt
[6.491s] writing entry points to mycobot_280.egg-info/entry_points.txt
[6.491s] writing requirements to mycobot_280.egg-info/requires.txt
[6.492s] writing top-level names to mycobot_280.egg-info/top_level.txt
[6.492s] writing manifest file 'mycobot_280.egg-info/SOURCES.txt'
[6.495s] reading manifest file 'mycobot_280.egg-info/SOURCES.txt'
[6.496s] writing manifest file 'mycobot_280.egg-info/SOURCES.txt'
[6.498s] running build_ext
[6.499s] Creating /home/tyler/colcon_ws/install/mycobot_280/lib/python3.10/site-packages/mycobot-280.egg-link (link to .)
[6.500s] Installing camera_display script to /home/tyler/colcon_ws/install/mycobot_280/lib/mycobot_280
[6.500s] Installing detect_marker script to /home/tyler/colcon_ws/install/mycobot_280/lib/mycobot_280
[6.501s] Installing follow_display script to /home/tyler/colcon_ws/install/mycobot_280/lib/mycobot_280
[6.501s] Installing following_marker script to /home/tyler/colcon_ws/install/mycobot_280/lib/mycobot_280
[6.501s] Installing listen_real script to /home/tyler/colcon_ws/install/mycobot_280/lib/mycobot_280
[6.501s] Installing listen_real_of_topic script to /home/tyler/colcon_ws/install/mycobot_280/lib/mycobot_280
[6.501s] Installing opencv_camera script to /home/tyler/colcon_ws/install/mycobot_280/lib/mycobot_280
[6.501s] Installing simple_gui script to /home/tyler/colcon_ws/install/mycobot_280/lib/mycobot_280
[6.501s] Installing slider_control script to /home/tyler/colcon_ws/install/mycobot_280/lib/mycobot_280
[6.502s] Installing teleop_keyboard script to /home/tyler/colcon_ws/install/mycobot_280/lib/mycobot_280
[6.502s] 
[6.502s] Installed /home/tyler/colcon_ws/build/mycobot_280
[6.502s] running install_data
[6.502s] creating /home/tyler/colcon_ws/install/mycobot_280/share/ament_index
[6.502s] creating /home/tyler/colcon_ws/install/mycobot_280/share/ament_index/resource_index
[6.502s] creating /home/tyler/colcon_ws/install/mycobot_280/share/ament_index/resource_index/packages
[6.503s] copying resource/mycobot_280 -> /home/tyler/colcon_ws/install/mycobot_280/share/ament_index/resource_index/packages
[6.503s] copying package.xml -> /home/tyler/colcon_ws/install/mycobot_280/share/mycobot_280
[6.503s] creating /home/tyler/colcon_ws/install/mycobot_280/share/mycobot_280/launch
[6.503s] copying launch/teleop_keyboard.launch.py -> /home/tyler/colcon_ws/install/mycobot_280/share/mycobot_280/launch
[6.503s] copying launch/detect_marker.launch.py -> /home/tyler/colcon_ws/install/mycobot_280/share/mycobot_280/launch
[6.503s] copying launch/slider_control.launch.py -> /home/tyler/colcon_ws/install/mycobot_280/share/mycobot_280/launch
[6.503s] copying launch/test.launch.py -> /home/tyler/colcon_ws/install/mycobot_280/share/mycobot_280/launch
[6.503s] copying launch/simple_gui.launch.py -> /home/tyler/colcon_ws/install/mycobot_280/share/mycobot_280/launch
[6.503s] copying launch/mycobot_follow.launch.py -> /home/tyler/colcon_ws/install/mycobot_280/share/mycobot_280/launch
[6.504s] copying launch/detect_marker_with_topic.launch.py -> /home/tyler/colcon_ws/install/mycobot_280/share/mycobot_280/launch
[6.504s] creating /home/tyler/colcon_ws/install/mycobot_280/share/mycobot_280/config
[6.504s] copying config/mycobot.rviz -> /home/tyler/colcon_ws/install/mycobot_280/share/mycobot_280/config
[6.504s] copying config/mycobot_with_marker.rviz -> /home/tyler/colcon_ws/install/mycobot_280/share/mycobot_280/config
[6.607s] Invoked command in '/home/tyler/colcon_ws/build/mycobot_280' returned '0': AMENT_PREFIX_PATH=/home/tyler/colcon_ws/install/mycobot_communication:/home/tyler/colcon_ws/install/mycobot_interfaces:/home/tyler/colcon_ws/install/mycobot_description:${AMENT_PREFIX_PATH} CMAKE_PREFIX_PATH=/home/tyler/colcon_ws/install/mycobot_interfaces LD_LIBRARY_PATH=/home/tyler/colcon_ws/install/mycobot_interfaces/lib:${LD_LIBRARY_PATH} MYSQL_PS1=(\u@\h) [\d]> PYTHONPATH=/home/tyler/colcon_ws/build/mycobot_280/prefix_override:/home/tyler/colcon_ws/install/mycobot_280/lib/python3.10/site-packages:/home/tyler/colcon_ws/build/mycobot_communication:/home/tyler/colcon_ws/install/mycobot_communication/lib/python3.10/site-packages:/home/tyler/colcon_ws/install/mycobot_interfaces/local/lib/python3.10/dist-packages:/home/tyler/colcon_ws/build/mycobot_description:/home/tyler/colcon_ws/install/mycobot_description/lib/python3.10/site-packages:${PYTHONPATH} /usr/bin/python3 setup.py develop --editable --build-directory /home/tyler/colcon_ws/build/mycobot_280/build --no-deps install_data
