[1.575s] Invoking command in '/home/tyler/colcon_ws/build/mycobot_communication': AMENT_PREFIX_PATH=/home/tyler/colcon_ws/install/mycobot_interfaces:${AMENT_PREFIX_PATH} CMAKE_PREFIX_PATH=/home/tyler/colcon_ws/install/mycobot_interfaces LD_LIBRARY_PATH=/home/tyler/colcon_ws/install/mycobot_interfaces/lib:${LD_LIBRARY_PATH} MYSQL_PS1=(\u@\h) [\d]> PYTHONPATH=/home/tyler/colcon_ws/build/mycobot_communication/prefix_override:/home/tyler/colcon_ws/install/mycobot_communication/lib/python3.10/site-packages:/home/tyler/colcon_ws/install/mycobot_interfaces/local/lib/python3.10/dist-packages:${PYTHONPATH} /usr/bin/python3 setup.py develop --editable --build-directory /home/tyler/colcon_ws/build/mycobot_communication/build --no-deps install_data
[1.971s] /usr/lib/python3/dist-packages/setuptools/dist.py:723: UserWarning: Usage of dash-separated 'script-dir' will not be supported in future versions. Please use the underscore name 'script_dir' instead
[1.972s]   warnings.warn(
[2.024s] running develop
[2.025s] /usr/lib/python3/dist-packages/setuptools/command/easy_install.py:158: EasyInstallDeprecationWarning: easy_install command is deprecated. Use build and pip and other standards-based tools.
[2.026s]   warnings.warn(
[2.026s] /usr/lib/python3/dist-packages/setuptools/command/install.py:34: SetuptoolsDeprecationWarning: setup.py install is deprecated. Use build and pip and other standards-based tools.
[2.026s]   warnings.warn(
[2.296s] running egg_info
[2.296s] creating mycobot_communication.egg-info
[2.297s] writing mycobot_communication.egg-info/PKG-INFO
[2.297s] writing dependency_links to mycobot_communication.egg-info/dependency_links.txt
[2.297s] writing entry points to mycobot_communication.egg-info/entry_points.txt
[2.297s] writing requirements to mycobot_communication.egg-info/requires.txt
[2.298s] writing top-level names to mycobot_communication.egg-info/top_level.txt
[2.298s] writing manifest file 'mycobot_communication.egg-info/SOURCES.txt'
[2.300s] reading manifest file 'mycobot_communication.egg-info/SOURCES.txt'
[2.301s] writing manifest file 'mycobot_communication.egg-info/SOURCES.txt'
[2.303s] running build_ext
[2.304s] Creating /home/tyler/colcon_ws/install/mycobot_communication/lib/python3.10/site-packages/mycobot-communication.egg-link (link to .)
[2.305s] Installing mycobot_services script to /home/tyler/colcon_ws/install/mycobot_communication/lib/mycobot_communication
[2.306s] Installing mycobot_topics script to /home/tyler/colcon_ws/install/mycobot_communication/lib/mycobot_communication
[2.306s] Installing mycobot_topics_jsnn script to /home/tyler/colcon_ws/install/mycobot_communication/lib/mycobot_communication
[2.307s] Installing mycobot_topics_pi script to /home/tyler/colcon_ws/install/mycobot_communication/lib/mycobot_communication
[2.307s] Installing mycobot_topics_seeed script to /home/tyler/colcon_ws/install/mycobot_communication/lib/mycobot_communication
[2.307s] 
[2.307s] Installed /home/tyler/colcon_ws/build/mycobot_communication
[2.307s] running install_data
[2.308s] creating /home/tyler/colcon_ws/install/mycobot_communication/share/ament_index
[2.308s] creating /home/tyler/colcon_ws/install/mycobot_communication/share/ament_index/resource_index
[2.308s] creating /home/tyler/colcon_ws/install/mycobot_communication/share/ament_index/resource_index/packages
[2.308s] copying resource/mycobot_communication -> /home/tyler/colcon_ws/install/mycobot_communication/share/ament_index/resource_index/packages
[2.308s] copying package.xml -> /home/tyler/colcon_ws/install/mycobot_communication/share/mycobot_communication
[2.309s] creating /home/tyler/colcon_ws/install/mycobot_communication/share/mycobot_communication/launch
[2.309s] copying launch/communication_service.launch.py -> /home/tyler/colcon_ws/install/mycobot_communication/share/mycobot_communication/launch
[2.309s] copying launch/communication_seeed.launch.py -> /home/tyler/colcon_ws/install/mycobot_communication/share/mycobot_communication/launch
[2.309s] copying launch/communication_topic_pi.launch.py -> /home/tyler/colcon_ws/install/mycobot_communication/share/mycobot_communication/launch
[2.310s] copying launch/communication_topic.launch.py -> /home/tyler/colcon_ws/install/mycobot_communication/share/mycobot_communication/launch
[2.310s] copying launch/communication_jsnn.launch.py -> /home/tyler/colcon_ws/install/mycobot_communication/share/mycobot_communication/launch
[3.407s] Invoked command in '/home/tyler/colcon_ws/build/mycobot_communication' returned '0': AMENT_PREFIX_PATH=/home/tyler/colcon_ws/install/mycobot_interfaces:${AMENT_PREFIX_PATH} CMAKE_PREFIX_PATH=/home/tyler/colcon_ws/install/mycobot_interfaces LD_LIBRARY_PATH=/home/tyler/colcon_ws/install/mycobot_interfaces/lib:${LD_LIBRARY_PATH} MYSQL_PS1=(\u@\h) [\d]> PYTHONPATH=/home/tyler/colcon_ws/build/mycobot_communication/prefix_override:/home/tyler/colcon_ws/install/mycobot_communication/lib/python3.10/site-packages:/home/tyler/colcon_ws/install/mycobot_interfaces/local/lib/python3.10/dist-packages:${PYTHONPATH} /usr/bin/python3 setup.py develop --editable --build-directory /home/tyler/colcon_ws/build/mycobot_communication/build --no-deps install_data
