[  5%] [32mBuilding CXX object semantic_world/CMakeFiles/moveit_semantic_world.dir/src/semantic_world.cpp.o[0m
[ 15%] Built target moveit_lazy_free_space_updater
[ 25%] Built target moveit_point_containment_filter
[ 55%] Built target moveit_mesh_filter
[ 60%] [32mBuilding CXX object pointcloud_octomap_updater/CMakeFiles/moveit_pointcloud_octomap_updater_core.dir/src/pointcloud_octomap_updater.cpp.o[0m
[ 65%] [32mBuilding CXX object depth_image_octomap_updater/CMakeFiles/moveit_depth_image_octomap_updater_core.dir/src/depth_image_octomap_updater.cpp.o[0m
[ 70%] [32m[1mLinking CXX shared library libmoveit_depth_image_octomap_updater_core.so[0m
[ 70%] Built target moveit_depth_image_octomap_updater_core
[ 75%] [32mBuilding CXX object depth_image_octomap_updater/CMakeFiles/moveit_depth_image_octomap_updater.dir/src/updater_plugin.cpp.o[0m
[ 80%] [32m[1mLinking CXX shared library libmoveit_depth_image_octomap_updater.so[0m
[ 80%] Built target moveit_depth_image_octomap_updater
[ 85%] [32m[1mLinking CXX shared library libmoveit_pointcloud_octomap_updater_core.so[0m
[ 85%] Built target moveit_pointcloud_octomap_updater_core
[ 90%] [32mBuilding CXX object pointcloud_octomap_updater/CMakeFiles/moveit_pointcloud_octomap_updater.dir/src/plugin_init.cpp.o[0m
[ 95%] [32m[1mLinking CXX shared library libmoveit_semantic_world.so[0m
[100%] [32m[1mLinking CXX shared library libmoveit_pointcloud_octomap_updater.so[0m
[100%] Built target moveit_pointcloud_octomap_updater
[100%] Built target moveit_semantic_world
-- Install configuration: "Release"
-- Installing: /home/tyler/mycobot_ROS2/moveit_tutorial_ws/install/moveit_ros_perception/include/moveit_ros_perception
-- Installing: /home/tyler/mycobot_ROS2/moveit_tutorial_ws/install/moveit_ros_perception/include/moveit_ros_perception/moveit
-- Installing: /home/tyler/mycobot_ROS2/moveit_tutorial_ws/install/moveit_ros_perception/include/moveit_ros_perception/moveit/lazy_free_space_updater
-- Installing: /home/tyler/mycobot_ROS2/moveit_tutorial_ws/install/moveit_ros_perception/include/moveit_ros_perception/moveit/lazy_free_space_updater/lazy_free_space_updater.h
-- Up-to-date: /home/tyler/mycobot_ROS2/moveit_tutorial_ws/install/moveit_ros_perception/include/moveit_ros_perception
-- Up-to-date: /home/tyler/mycobot_ROS2/moveit_tutorial_ws/install/moveit_ros_perception/include/moveit_ros_perception/moveit
-- Installing: /home/tyler/mycobot_ROS2/moveit_tutorial_ws/install/moveit_ros_perception/include/moveit_ros_perception/moveit/point_containment_filter
-- Installing: /home/tyler/mycobot_ROS2/moveit_tutorial_ws/install/moveit_ros_perception/include/moveit_ros_perception/moveit/point_containment_filter/shape_mask.h
-- Up-to-date: /home/tyler/mycobot_ROS2/moveit_tutorial_ws/install/moveit_ros_perception/include/moveit_ros_perception
-- Up-to-date: /home/tyler/mycobot_ROS2/moveit_tutorial_ws/install/moveit_ros_perception/include/moveit_ros_perception/moveit
-- Installing: /home/tyler/mycobot_ROS2/moveit_tutorial_ws/install/moveit_ros_perception/include/moveit_ros_perception/moveit/pointcloud_octomap_updater
-- Installing: /home/tyler/mycobot_ROS2/moveit_tutorial_ws/install/moveit_ros_perception/include/moveit_ros_perception/moveit/pointcloud_octomap_updater/pointcloud_octomap_updater.h
-- Up-to-date: /home/tyler/mycobot_ROS2/moveit_tutorial_ws/install/moveit_ros_perception/include/moveit_ros_perception
-- Up-to-date: /home/tyler/mycobot_ROS2/moveit_tutorial_ws/install/moveit_ros_perception/include/moveit_ros_perception/moveit
-- Installing: /home/tyler/mycobot_ROS2/moveit_tutorial_ws/install/moveit_ros_perception/include/moveit_ros_perception/moveit/mesh_filter
-- Installing: /home/tyler/mycobot_ROS2/moveit_tutorial_ws/install/moveit_ros_perception/include/moveit_ros_perception/moveit/mesh_filter/mesh_filter.h
-- Installing: /home/tyler/mycobot_ROS2/moveit_tutorial_ws/install/moveit_ros_perception/include/moveit_ros_perception/moveit/mesh_filter/sensor_model.h
-- Installing: /home/tyler/mycobot_ROS2/moveit_tutorial_ws/install/moveit_ros_perception/include/moveit_ros_perception/moveit/mesh_filter/stereo_camera_model.h
-- Installing: /home/tyler/mycobot_ROS2/moveit_tutorial_ws/install/moveit_ros_perception/include/moveit_ros_perception/moveit/mesh_filter/depth_self_filter_nodelet.h
-- Installing: /home/tyler/mycobot_ROS2/moveit_tutorial_ws/install/moveit_ros_perception/include/moveit_ros_perception/moveit/mesh_filter/transform_provider.h
-- Installing: /home/tyler/mycobot_ROS2/moveit_tutorial_ws/install/moveit_ros_perception/include/moveit_ros_perception/moveit/mesh_filter/gl_mesh.h
-- Installing: /home/tyler/mycobot_ROS2/moveit_tutorial_ws/install/moveit_ros_perception/include/moveit_ros_perception/moveit/mesh_filter/mesh_filter_base.h
-- Installing: /home/tyler/mycobot_ROS2/moveit_tutorial_ws/install/moveit_ros_perception/include/moveit_ros_perception/moveit/mesh_filter/gl_renderer.h
-- Installing: /home/tyler/mycobot_ROS2/moveit_tutorial_ws/install/moveit_ros_perception/include/moveit_ros_perception/moveit/mesh_filter/filter_job.h
-- Installing: /home/tyler/mycobot_ROS2/moveit_tutorial_ws/install/moveit_ros_perception/include/moveit_ros_perception/moveit_mesh_filter_export.h
-- Up-to-date: /home/tyler/mycobot_ROS2/moveit_tutorial_ws/install/moveit_ros_perception/include/moveit_ros_perception
-- Up-to-date: /home/tyler/mycobot_ROS2/moveit_tutorial_ws/install/moveit_ros_perception/include/moveit_ros_perception/moveit
-- Installing: /home/tyler/mycobot_ROS2/moveit_tutorial_ws/install/moveit_ros_perception/include/moveit_ros_perception/moveit/depth_image_octomap_updater
-- Installing: /home/tyler/mycobot_ROS2/moveit_tutorial_ws/install/moveit_ros_perception/include/moveit_ros_perception/moveit/depth_image_octomap_updater/depth_image_octomap_updater.h
-- Up-to-date: /home/tyler/mycobot_ROS2/moveit_tutorial_ws/install/moveit_ros_perception/include/moveit_ros_perception
-- Up-to-date: /home/tyler/mycobot_ROS2/moveit_tutorial_ws/install/moveit_ros_perception/include/moveit_ros_perception/moveit
-- Installing: /home/tyler/mycobot_ROS2/moveit_tutorial_ws/install/moveit_ros_perception/include/moveit_ros_perception/moveit/semantic_world
-- Installing: /home/tyler/mycobot_ROS2/moveit_tutorial_ws/install/moveit_ros_perception/include/moveit_ros_perception/moveit/semantic_world/semantic_world.h
-- Installing: /home/tyler/mycobot_ROS2/moveit_tutorial_ws/install/moveit_ros_perception/lib/libmoveit_depth_image_octomap_updater.so.2.8.0
-- Set runtime path of "/home/tyler/mycobot_ROS2/moveit_tutorial_ws/install/moveit_ros_perception/lib/libmoveit_depth_image_octomap_updater.so.2.8.0" to ""
-- Installing: /home/tyler/mycobot_ROS2/moveit_tutorial_ws/install/moveit_ros_perception/lib/libmoveit_depth_image_octomap_updater.so
-- Installing: /home/tyler/mycobot_ROS2/moveit_tutorial_ws/install/moveit_ros_perception/lib/libmoveit_depth_image_octomap_updater_core.so.2.8.0
-- Set runtime path of "/home/tyler/mycobot_ROS2/moveit_tutorial_ws/install/moveit_ros_perception/lib/libmoveit_depth_image_octomap_updater_core.so.2.8.0" to ""
-- Installing: /home/tyler/mycobot_ROS2/moveit_tutorial_ws/install/moveit_ros_perception/lib/libmoveit_depth_image_octomap_updater_core.so
-- Installing: /home/tyler/mycobot_ROS2/moveit_tutorial_ws/install/moveit_ros_perception/lib/libmoveit_lazy_free_space_updater.so.2.8.0
-- Set runtime path of "/home/tyler/mycobot_ROS2/moveit_tutorial_ws/install/moveit_ros_perception/lib/libmoveit_lazy_free_space_updater.so.2.8.0" to ""
-- Installing: /home/tyler/mycobot_ROS2/moveit_tutorial_ws/install/moveit_ros_perception/lib/libmoveit_lazy_free_space_updater.so
-- Installing: /home/tyler/mycobot_ROS2/moveit_tutorial_ws/install/moveit_ros_perception/lib/libmoveit_mesh_filter.so.2.8.0
-- Set runtime path of "/home/tyler/mycobot_ROS2/moveit_tutorial_ws/install/moveit_ros_perception/lib/libmoveit_mesh_filter.so.2.8.0" to ""
-- Installing: /home/tyler/mycobot_ROS2/moveit_tutorial_ws/install/moveit_ros_perception/lib/libmoveit_mesh_filter.so
-- Installing: /home/tyler/mycobot_ROS2/moveit_tutorial_ws/install/moveit_ros_perception/lib/libmoveit_point_containment_filter.so.2.8.0
-- Set runtime path of "/home/tyler/mycobot_ROS2/moveit_tutorial_ws/install/moveit_ros_perception/lib/libmoveit_point_containment_filter.so.2.8.0" to ""
-- Installing: /home/tyler/mycobot_ROS2/moveit_tutorial_ws/install/moveit_ros_perception/lib/libmoveit_point_containment_filter.so
-- Installing: /home/tyler/mycobot_ROS2/moveit_tutorial_ws/install/moveit_ros_perception/lib/libmoveit_pointcloud_octomap_updater.so.2.8.0
-- Set runtime path of "/home/tyler/mycobot_ROS2/moveit_tutorial_ws/install/moveit_ros_perception/lib/libmoveit_pointcloud_octomap_updater.so.2.8.0" to ""
-- Installing: /home/tyler/mycobot_ROS2/moveit_tutorial_ws/install/moveit_ros_perception/lib/libmoveit_pointcloud_octomap_updater.so
-- Installing: /home/tyler/mycobot_ROS2/moveit_tutorial_ws/install/moveit_ros_perception/lib/libmoveit_pointcloud_octomap_updater_core.so.2.8.0
-- Set runtime path of "/home/tyler/mycobot_ROS2/moveit_tutorial_ws/install/moveit_ros_perception/lib/libmoveit_pointcloud_octomap_updater_core.so.2.8.0" to ""
-- Installing: /home/tyler/mycobot_ROS2/moveit_tutorial_ws/install/moveit_ros_perception/lib/libmoveit_pointcloud_octomap_updater_core.so
-- Installing: /home/tyler/mycobot_ROS2/moveit_tutorial_ws/install/moveit_ros_perception/lib/libmoveit_semantic_world.so.2.8.0
-- Set runtime path of "/home/tyler/mycobot_ROS2/moveit_tutorial_ws/install/moveit_ros_perception/lib/libmoveit_semantic_world.so.2.8.0" to ""
-- Installing: /home/tyler/mycobot_ROS2/moveit_tutorial_ws/install/moveit_ros_perception/lib/libmoveit_semantic_world.so
-- Installing: /home/tyler/mycobot_ROS2/moveit_tutorial_ws/install/moveit_ros_perception/share/moveit_ros_perception/environment/library_path.sh
-- Installing: /home/tyler/mycobot_ROS2/moveit_tutorial_ws/install/moveit_ros_perception/share/moveit_ros_perception/environment/library_path.dsv
-- Installing: /home/tyler/mycobot_ROS2/moveit_tutorial_ws/install/moveit_ros_perception/share/moveit_ros_perception/pointcloud_octomap_updater_plugin_description.xml
-- Installing: /home/tyler/mycobot_ROS2/moveit_tutorial_ws/install/moveit_ros_perception/share/moveit_ros_perception/depth_image_octomap_updater_plugin_description.xml
-- Installing: /home/tyler/mycobot_ROS2/moveit_tutorial_ws/install/moveit_ros_perception/share/ament_index/resource_index/package_run_dependencies/moveit_ros_perception
-- Installing: /home/tyler/mycobot_ROS2/moveit_tutorial_ws/install/moveit_ros_perception/share/ament_index/resource_index/parent_prefix_path/moveit_ros_perception
-- Installing: /home/tyler/mycobot_ROS2/moveit_tutorial_ws/install/moveit_ros_perception/share/moveit_ros_perception/environment/ament_prefix_path.sh
-- Installing: /home/tyler/mycobot_ROS2/moveit_tutorial_ws/install/moveit_ros_perception/share/moveit_ros_perception/environment/ament_prefix_path.dsv
-- Installing: /home/tyler/mycobot_ROS2/moveit_tutorial_ws/install/moveit_ros_perception/share/moveit_ros_perception/environment/path.sh
-- Installing: /home/tyler/mycobot_ROS2/moveit_tutorial_ws/install/moveit_ros_perception/share/moveit_ros_perception/environment/path.dsv
-- Installing: /home/tyler/mycobot_ROS2/moveit_tutorial_ws/install/moveit_ros_perception/share/moveit_ros_perception/local_setup.bash
-- Installing: /home/tyler/mycobot_ROS2/moveit_tutorial_ws/install/moveit_ros_perception/share/moveit_ros_perception/local_setup.sh
-- Installing: /home/tyler/mycobot_ROS2/moveit_tutorial_ws/install/moveit_ros_perception/share/moveit_ros_perception/local_setup.zsh
-- Installing: /home/tyler/mycobot_ROS2/moveit_tutorial_ws/install/moveit_ros_perception/share/moveit_ros_perception/local_setup.dsv
-- Installing: /home/tyler/mycobot_ROS2/moveit_tutorial_ws/install/moveit_ros_perception/share/moveit_ros_perception/package.dsv
-- Installing: /home/tyler/mycobot_ROS2/moveit_tutorial_ws/install/moveit_ros_perception/share/ament_index/resource_index/packages/moveit_ros_perception
-- Installing: /home/tyler/mycobot_ROS2/moveit_tutorial_ws/install/moveit_ros_perception/share/ament_index/resource_index/moveit_ros_occupancy_map_monitor__pluginlib__plugin/moveit_ros_perception
-- Installing: /home/tyler/mycobot_ROS2/moveit_tutorial_ws/install/moveit_ros_perception/share/moveit_ros_perception/cmake/moveit_ros_perceptionTargetsExport.cmake
-- Installing: /home/tyler/mycobot_ROS2/moveit_tutorial_ws/install/moveit_ros_perception/share/moveit_ros_perception/cmake/moveit_ros_perceptionTargetsExport-release.cmake
-- Installing: /home/tyler/mycobot_ROS2/moveit_tutorial_ws/install/moveit_ros_perception/share/moveit_ros_perception/cmake/ConfigExtras.cmake
-- Installing: /home/tyler/mycobot_ROS2/moveit_tutorial_ws/install/moveit_ros_perception/share/moveit_ros_perception/cmake/ament_cmake_export_targets-extras.cmake
-- Installing: /home/tyler/mycobot_ROS2/moveit_tutorial_ws/install/moveit_ros_perception/share/moveit_ros_perception/cmake/ament_cmake_export_dependencies-extras.cmake
-- Installing: /home/tyler/mycobot_ROS2/moveit_tutorial_ws/install/moveit_ros_perception/share/moveit_ros_perception/cmake/moveit_ros_perceptionConfig.cmake
-- Installing: /home/tyler/mycobot_ROS2/moveit_tutorial_ws/install/moveit_ros_perception/share/moveit_ros_perception/cmake/moveit_ros_perceptionConfig-version.cmake
-- Installing: /home/tyler/mycobot_ROS2/moveit_tutorial_ws/install/moveit_ros_perception/share/moveit_ros_perception/package.xml
