[1.120s] Invoking command in '/home/tyler/colcon_ws/src/mycobot_ros2/mycobot_description': MYSQL_PS1=(\u@\h) [\d]> PYTHONPATH=/home/tyler/colcon_ws/build/mycobot_description/prefix_override:/home/tyler/colcon_ws/install/mycobot_description/lib/python3.10/site-packages:${PYTHONPATH} /usr/bin/python3 setup.py egg_info --egg-base ../../../build/mycobot_description build --build-base /home/tyler/colcon_ws/build/mycobot_description/build install --record /home/tyler/colcon_ws/build/mycobot_description/install.log --install-scripts $base/lib/mycobot_description --single-version-externally-managed
[1.444s] /usr/lib/python3/dist-packages/setuptools/dist.py:723: UserWarning: Usage of dash-separated 'script-dir' will not be supported in future versions. Please use the underscore name 'script_dir' instead
[1.444s]   warnings.warn(
[1.456s] running egg_info
[1.457s] writing ../../../build/mycobot_description/mycobot_description.egg-info/PKG-INFO
[1.457s] writing dependency_links to ../../../build/mycobot_description/mycobot_description.egg-info/dependency_links.txt
[1.457s] writing entry points to ../../../build/mycobot_description/mycobot_description.egg-info/entry_points.txt
[1.457s] writing requirements to ../../../build/mycobot_description/mycobot_description.egg-info/requires.txt
[1.458s] writing top-level names to ../../../build/mycobot_description/mycobot_description.egg-info/top_level.txt
[1.461s] reading manifest file '../../../build/mycobot_description/mycobot_description.egg-info/SOURCES.txt'
[1.461s] adding license file 'LICENSE'
[1.464s] writing manifest file '../../../build/mycobot_description/mycobot_description.egg-info/SOURCES.txt'
[1.464s] running build
[1.464s] running build_py
[1.466s] running install
[1.466s] /usr/lib/python3/dist-packages/setuptools/command/install.py:34: SetuptoolsDeprecationWarning: setup.py install is deprecated. Use build and pip and other standards-based tools.
[1.467s]   warnings.warn(
[1.467s] running install_lib
[1.468s] running install_data
[1.474s] running install_egg_info
[1.477s] removing '/home/tyler/colcon_ws/install/mycobot_description/lib/python3.10/site-packages/mycobot_description-0.0.0-py3.10.egg-info' (and everything under it)
[1.477s] Copying ../../../build/mycobot_description/mycobot_description.egg-info to /home/tyler/colcon_ws/install/mycobot_description/lib/python3.10/site-packages/mycobot_description-0.0.0-py3.10.egg-info
[1.478s] running install_scripts
[1.510s] writing list of installed files to '/home/tyler/colcon_ws/build/mycobot_description/install.log'
[1.545s] Invoked command in '/home/tyler/colcon_ws/src/mycobot_ros2/mycobot_description' returned '0': MYSQL_PS1=(\u@\h) [\d]> PYTHONPATH=/home/tyler/colcon_ws/build/mycobot_description/prefix_override:/home/tyler/colcon_ws/install/mycobot_description/lib/python3.10/site-packages:${PYTHONPATH} /usr/bin/python3 setup.py egg_info --egg-base ../../../build/mycobot_description build --build-base /home/tyler/colcon_ws/build/mycobot_description/build install --record /home/tyler/colcon_ws/build/mycobot_description/install.log --install-scripts $base/lib/mycobot_description --single-version-externally-managed
