[6.070s] Invoking command in '/home/tyler/colcon_ws/build/mypalletizer_260_pi': AMENT_PREFIX_PATH=/home/tyler/colcon_ws/install/mypalletizer_communication:/home/tyler/colcon_ws/install/mypalletizer_interfaces:/home/tyler/colcon_ws/install/mycobot_description:${AMENT_PREFIX_PATH} CMAKE_PREFIX_PATH=/home/tyler/colcon_ws/install/mypalletizer_interfaces LD_LIBRARY_PATH=/home/tyler/colcon_ws/install/mypalletizer_interfaces/lib:${LD_LIBRARY_PATH} MYSQL_PS1=(\u@\h) [\d]> PYTHONPATH=/home/tyler/colcon_ws/build/mypalletizer_260_pi/prefix_override:/home/tyler/colcon_ws/install/mypalletizer_260_pi/lib/python3.10/site-packages:/home/tyler/colcon_ws/build/mypalletizer_communication:/home/tyler/colcon_ws/install/mypalletizer_communication/lib/python3.10/site-packages:/home/tyler/colcon_ws/install/mypalletizer_interfaces/local/lib/python3.10/dist-packages:/home/tyler/colcon_ws/build/mycobot_description:/home/tyler/colcon_ws/install/mycobot_description/lib/python3.10/site-packages:${PYTHONPATH} /usr/bin/python3 setup.py develop --editable --build-directory /home/tyler/colcon_ws/build/mypalletizer_260_pi/build --no-deps install_data
[6.536s] /usr/lib/python3/dist-packages/setuptools/dist.py:723: UserWarning: Usage of dash-separated 'script-dir' will not be supported in future versions. Please use the underscore name 'script_dir' instead
[6.536s]   warnings.warn(
[6.597s] running develop
[6.597s] /usr/lib/python3/dist-packages/setuptools/command/easy_install.py:158: EasyInstallDeprecationWarning: easy_install command is deprecated. Use build and pip and other standards-based tools.
[6.597s]   warnings.warn(
[6.599s] /usr/lib/python3/dist-packages/setuptools/command/install.py:34: SetuptoolsDeprecationWarning: setup.py install is deprecated. Use build and pip and other standards-based tools.
[6.600s]   warnings.warn(
[6.930s] running egg_info
[6.930s] creating mypalletizer_260_pi.egg-info
[6.931s] writing mypalletizer_260_pi.egg-info/PKG-INFO
[6.931s] writing dependency_links to mypalletizer_260_pi.egg-info/dependency_links.txt
[6.931s] writing entry points to mypalletizer_260_pi.egg-info/entry_points.txt
[6.932s] writing requirements to mypalletizer_260_pi.egg-info/requires.txt
[6.932s] writing top-level names to mypalletizer_260_pi.egg-info/top_level.txt
[6.932s] writing manifest file 'mypalletizer_260_pi.egg-info/SOURCES.txt'
[6.936s] reading manifest file 'mypalletizer_260_pi.egg-info/SOURCES.txt'
[6.937s] writing manifest file 'mypalletizer_260_pi.egg-info/SOURCES.txt'
[6.941s] running build_ext
[6.941s] Creating /home/tyler/colcon_ws/install/mypalletizer_260_pi/lib/python3.10/site-packages/mypalletizer-260-pi.egg-link (link to .)
[6.943s] Installing detect_marker script to /home/tyler/colcon_ws/install/mypalletizer_260_pi/lib/mypalletizer_260_pi
[6.944s] Installing follow_display script to /home/tyler/colcon_ws/install/mypalletizer_260_pi/lib/mypalletizer_260_pi
[6.944s] Installing following_marker script to /home/tyler/colcon_ws/install/mypalletizer_260_pi/lib/mypalletizer_260_pi
[6.944s] Installing listen_real script to /home/tyler/colcon_ws/install/mypalletizer_260_pi/lib/mypalletizer_260_pi
[6.944s] Installing listen_real_of_topic script to /home/tyler/colcon_ws/install/mypalletizer_260_pi/lib/mypalletizer_260_pi
[6.945s] Installing simple_gui script to /home/tyler/colcon_ws/install/mypalletizer_260_pi/lib/mypalletizer_260_pi
[6.945s] Installing slider_control script to /home/tyler/colcon_ws/install/mypalletizer_260_pi/lib/mypalletizer_260_pi
[6.946s] Installing teleop_keyboard script to /home/tyler/colcon_ws/install/mypalletizer_260_pi/lib/mypalletizer_260_pi
[6.946s] 
[6.946s] Installed /home/tyler/colcon_ws/build/mypalletizer_260_pi
[6.946s] running install_data
[6.947s] creating /home/tyler/colcon_ws/install/mypalletizer_260_pi/share/ament_index
[6.947s] creating /home/tyler/colcon_ws/install/mypalletizer_260_pi/share/ament_index/resource_index
[6.947s] creating /home/tyler/colcon_ws/install/mypalletizer_260_pi/share/ament_index/resource_index/packages
[6.947s] copying resource/mypalletizer_260_pi -> /home/tyler/colcon_ws/install/mypalletizer_260_pi/share/ament_index/resource_index/packages
[6.948s] copying package.xml -> /home/tyler/colcon_ws/install/mypalletizer_260_pi/share/mypalletizer_260_pi
[6.948s] creating /home/tyler/colcon_ws/install/mypalletizer_260_pi/share/mypalletizer_260_pi/launch
[6.948s] copying launch/teleop_keyboard.launch.py -> /home/tyler/colcon_ws/install/mypalletizer_260_pi/share/mypalletizer_260_pi/launch
[6.948s] copying launch/detect_marker.launch.py -> /home/tyler/colcon_ws/install/mypalletizer_260_pi/share/mypalletizer_260_pi/launch
[6.949s] copying launch/slider_control.launch.py -> /home/tyler/colcon_ws/install/mypalletizer_260_pi/share/mypalletizer_260_pi/launch
[6.949s] copying launch/test.launch.py -> /home/tyler/colcon_ws/install/mypalletizer_260_pi/share/mypalletizer_260_pi/launch
[6.949s] copying launch/simple_gui.launch.py -> /home/tyler/colcon_ws/install/mypalletizer_260_pi/share/mypalletizer_260_pi/launch
[6.949s] copying launch/follow.launch.py -> /home/tyler/colcon_ws/install/mypalletizer_260_pi/share/mypalletizer_260_pi/launch
[6.949s] copying launch/detect_marker_with_topic.launch.py -> /home/tyler/colcon_ws/install/mypalletizer_260_pi/share/mypalletizer_260_pi/launch
[6.950s] creating /home/tyler/colcon_ws/install/mypalletizer_260_pi/share/mypalletizer_260_pi/config
[6.950s] copying config/mypalletizer_pi.rviz -> /home/tyler/colcon_ws/install/mypalletizer_260_pi/share/mypalletizer_260_pi/config
[6.950s] copying config/mycobot_with_marker.rviz -> /home/tyler/colcon_ws/install/mypalletizer_260_pi/share/mypalletizer_260_pi/config
[7.186s] Invoked command in '/home/tyler/colcon_ws/build/mypalletizer_260_pi' returned '0': AMENT_PREFIX_PATH=/home/tyler/colcon_ws/install/mypalletizer_communication:/home/tyler/colcon_ws/install/mypalletizer_interfaces:/home/tyler/colcon_ws/install/mycobot_description:${AMENT_PREFIX_PATH} CMAKE_PREFIX_PATH=/home/tyler/colcon_ws/install/mypalletizer_interfaces LD_LIBRARY_PATH=/home/tyler/colcon_ws/install/mypalletizer_interfaces/lib:${LD_LIBRARY_PATH} MYSQL_PS1=(\u@\h) [\d]> PYTHONPATH=/home/tyler/colcon_ws/build/mypalletizer_260_pi/prefix_override:/home/tyler/colcon_ws/install/mypalletizer_260_pi/lib/python3.10/site-packages:/home/tyler/colcon_ws/build/mypalletizer_communication:/home/tyler/colcon_ws/install/mypalletizer_communication/lib/python3.10/site-packages:/home/tyler/colcon_ws/install/mypalletizer_interfaces/local/lib/python3.10/dist-packages:/home/tyler/colcon_ws/build/mycobot_description:/home/tyler/colcon_ws/install/mycobot_description/lib/python3.10/site-packages:${PYTHONPATH} /usr/bin/python3 setup.py develop --editable --build-directory /home/tyler/colcon_ws/build/mypalletizer_260_pi/build --no-deps install_data
