[0.138s] Invoking command in '/home/tyler/mycobot_ROS2/moveit_tutorial_ws/build/moveit_resources_panda_description': CMAKE_PREFIX_PATH=${CMAKE_PREFIX_PATH}:/home/tyler/mycobot_ROS2/colcon_ws/install/ultraarm:/home/tyler/mycobot_ROS2/colcon_ws/install/mypalletizer_260_pi:/home/tyler/mycobot_ROS2/colcon_ws/install/mypalletizer_260:/home/tyler/mycobot_ROS2/colcon_ws/install/mypalletizer_communication:/home/tyler/mycobot_ROS2/colcon_ws/install/mycobot_320pi:/home/tyler/mycobot_ROS2/colcon_ws/install/mycobot_320:/home/tyler/mycobot_ROS2/colcon_ws/install/mycobot_280pi:/home/tyler/mycobot_ROS2/colcon_ws/install/mycobot_280jn:/home/tyler/mycobot_ROS2/colcon_ws/install/mycobot_280_x3pi:/home/tyler/mycobot_ROS2/colcon_ws/install/mycobot_280:/home/tyler/mycobot_ROS2/colcon_ws/install/myarm_300:/home/tyler/mycobot_ROS2/colcon_ws/install/mycobot_communication:/home/tyler/mycobot_ROS2/colcon_ws/install/mecharm_pi:/home/tyler/mycobot_ROS2/colcon_ws/install/mecharm:/home/tyler/mycobot_ROS2/colcon_ws/install/mecharm_communication:/home/tyler/mycobot_ROS2/colcon_ws/install/mybuddy:/home/tyler/mycobot_ROS2/colcon_ws/install/mycobot_description:/opt/ros/humble MYSQL_PS1=(\u@\h) [\d]> /usr/bin/cmake --build /home/tyler/mycobot_ROS2/moveit_tutorial_ws/build/moveit_resources_panda_description -- -j16 -l16
[0.198s] Invoked command in '/home/tyler/mycobot_ROS2/moveit_tutorial_ws/build/moveit_resources_panda_description' returned '0': CMAKE_PREFIX_PATH=${CMAKE_PREFIX_PATH}:/home/tyler/mycobot_ROS2/colcon_ws/install/ultraarm:/home/tyler/mycobot_ROS2/colcon_ws/install/mypalletizer_260_pi:/home/tyler/mycobot_ROS2/colcon_ws/install/mypalletizer_260:/home/tyler/mycobot_ROS2/colcon_ws/install/mypalletizer_communication:/home/tyler/mycobot_ROS2/colcon_ws/install/mycobot_320pi:/home/tyler/mycobot_ROS2/colcon_ws/install/mycobot_320:/home/tyler/mycobot_ROS2/colcon_ws/install/mycobot_280pi:/home/tyler/mycobot_ROS2/colcon_ws/install/mycobot_280jn:/home/tyler/mycobot_ROS2/colcon_ws/install/mycobot_280_x3pi:/home/tyler/mycobot_ROS2/colcon_ws/install/mycobot_280:/home/tyler/mycobot_ROS2/colcon_ws/install/myarm_300:/home/tyler/mycobot_ROS2/colcon_ws/install/mycobot_communication:/home/tyler/mycobot_ROS2/colcon_ws/install/mecharm_pi:/home/tyler/mycobot_ROS2/colcon_ws/install/mecharm:/home/tyler/mycobot_ROS2/colcon_ws/install/mecharm_communication:/home/tyler/mycobot_ROS2/colcon_ws/install/mybuddy:/home/tyler/mycobot_ROS2/colcon_ws/install/mycobot_description:/opt/ros/humble MYSQL_PS1=(\u@\h) [\d]> /usr/bin/cmake --build /home/tyler/mycobot_ROS2/moveit_tutorial_ws/build/moveit_resources_panda_description -- -j16 -l16
[0.237s] Invoking command in '/home/tyler/mycobot_ROS2/moveit_tutorial_ws/build/moveit_resources_panda_description': CMAKE_PREFIX_PATH=${CMAKE_PREFIX_PATH}:/home/tyler/mycobot_ROS2/colcon_ws/install/ultraarm:/home/tyler/mycobot_ROS2/colcon_ws/install/mypalletizer_260_pi:/home/tyler/mycobot_ROS2/colcon_ws/install/mypalletizer_260:/home/tyler/mycobot_ROS2/colcon_ws/install/mypalletizer_communication:/home/tyler/mycobot_ROS2/colcon_ws/install/mycobot_320pi:/home/tyler/mycobot_ROS2/colcon_ws/install/mycobot_320:/home/tyler/mycobot_ROS2/colcon_ws/install/mycobot_280pi:/home/tyler/mycobot_ROS2/colcon_ws/install/mycobot_280jn:/home/tyler/mycobot_ROS2/colcon_ws/install/mycobot_280_x3pi:/home/tyler/mycobot_ROS2/colcon_ws/install/mycobot_280:/home/tyler/mycobot_ROS2/colcon_ws/install/myarm_300:/home/tyler/mycobot_ROS2/colcon_ws/install/mycobot_communication:/home/tyler/mycobot_ROS2/colcon_ws/install/mecharm_pi:/home/tyler/mycobot_ROS2/colcon_ws/install/mecharm:/home/tyler/mycobot_ROS2/colcon_ws/install/mecharm_communication:/home/tyler/mycobot_ROS2/colcon_ws/install/mybuddy:/home/tyler/mycobot_ROS2/colcon_ws/install/mycobot_description:/opt/ros/humble MYSQL_PS1=(\u@\h) [\d]> /usr/bin/cmake --install /home/tyler/mycobot_ROS2/moveit_tutorial_ws/build/moveit_resources_panda_description
[0.249s] -- Install configuration: ""
[0.249s] -- Up-to-date: /home/tyler/mycobot_ROS2/moveit_tutorial_ws/install/moveit_resources_panda_description/share/ament_index/resource_index/package_run_dependencies/moveit_resources_panda_description
[0.250s] -- Up-to-date: /home/tyler/mycobot_ROS2/moveit_tutorial_ws/install/moveit_resources_panda_description/share/ament_index/resource_index/parent_prefix_path/moveit_resources_panda_description
[0.250s] -- Up-to-date: /home/tyler/mycobot_ROS2/moveit_tutorial_ws/install/moveit_resources_panda_description/share/moveit_resources_panda_description/environment/ament_prefix_path.sh
[0.250s] -- Up-to-date: /home/tyler/mycobot_ROS2/moveit_tutorial_ws/install/moveit_resources_panda_description/share/moveit_resources_panda_description/environment/ament_prefix_path.dsv
[0.250s] -- Up-to-date: /home/tyler/mycobot_ROS2/moveit_tutorial_ws/install/moveit_resources_panda_description/share/moveit_resources_panda_description/environment/path.sh
[0.250s] -- Up-to-date: /home/tyler/mycobot_ROS2/moveit_tutorial_ws/install/moveit_resources_panda_description/share/moveit_resources_panda_description/environment/path.dsv
[0.250s] -- Up-to-date: /home/tyler/mycobot_ROS2/moveit_tutorial_ws/install/moveit_resources_panda_description/share/moveit_resources_panda_description/local_setup.bash
[0.251s] -- Up-to-date: /home/tyler/mycobot_ROS2/moveit_tutorial_ws/install/moveit_resources_panda_description/share/moveit_resources_panda_description/local_setup.sh
[0.251s] -- Up-to-date: /home/tyler/mycobot_ROS2/moveit_tutorial_ws/install/moveit_resources_panda_description/share/moveit_resources_panda_description/local_setup.zsh
[0.251s] -- Up-to-date: /home/tyler/mycobot_ROS2/moveit_tutorial_ws/install/moveit_resources_panda_description/share/moveit_resources_panda_description/local_setup.dsv
[0.251s] -- Installing: /home/tyler/mycobot_ROS2/moveit_tutorial_ws/install/moveit_resources_panda_description/share/moveit_resources_panda_description/package.dsv
[0.251s] -- Up-to-date: /home/tyler/mycobot_ROS2/moveit_tutorial_ws/install/moveit_resources_panda_description/share/ament_index/resource_index/packages/moveit_resources_panda_description
[0.251s] -- Up-to-date: /home/tyler/mycobot_ROS2/moveit_tutorial_ws/install/moveit_resources_panda_description/share/moveit_resources_panda_description/cmake/moveit_resources_panda_descriptionConfig.cmake
[0.251s] -- Up-to-date: /home/tyler/mycobot_ROS2/moveit_tutorial_ws/install/moveit_resources_panda_description/share/moveit_resources_panda_description/cmake/moveit_resources_panda_descriptionConfig-version.cmake
[0.251s] -- Up-to-date: /home/tyler/mycobot_ROS2/moveit_tutorial_ws/install/moveit_resources_panda_description/share/moveit_resources_panda_description/package.xml
[0.251s] -- Up-to-date: /home/tyler/mycobot_ROS2/moveit_tutorial_ws/install/moveit_resources_panda_description/share/moveit_resources_panda_description/meshes
[0.251s] -- Up-to-date: /home/tyler/mycobot_ROS2/moveit_tutorial_ws/install/moveit_resources_panda_description/share/moveit_resources_panda_description/meshes/collision
[0.252s] -- Up-to-date: /home/tyler/mycobot_ROS2/moveit_tutorial_ws/install/moveit_resources_panda_description/share/moveit_resources_panda_description/meshes/collision/link6.stl
[0.252s] -- Up-to-date: /home/tyler/mycobot_ROS2/moveit_tutorial_ws/install/moveit_resources_panda_description/share/moveit_resources_panda_description/meshes/collision/link5.stl
[0.252s] -- Up-to-date: /home/tyler/mycobot_ROS2/moveit_tutorial_ws/install/moveit_resources_panda_description/share/moveit_resources_panda_description/meshes/collision/link4.stl
[0.252s] -- Up-to-date: /home/tyler/mycobot_ROS2/moveit_tutorial_ws/install/moveit_resources_panda_description/share/moveit_resources_panda_description/meshes/collision/link7.stl
[0.252s] -- Up-to-date: /home/tyler/mycobot_ROS2/moveit_tutorial_ws/install/moveit_resources_panda_description/share/moveit_resources_panda_description/meshes/collision/link3.stl
[0.252s] -- Up-to-date: /home/tyler/mycobot_ROS2/moveit_tutorial_ws/install/moveit_resources_panda_description/share/moveit_resources_panda_description/meshes/collision/link0.stl
[0.252s] -- Up-to-date: /home/tyler/mycobot_ROS2/moveit_tutorial_ws/install/moveit_resources_panda_description/share/moveit_resources_panda_description/meshes/collision/finger.stl
[0.252s] -- Up-to-date: /home/tyler/mycobot_ROS2/moveit_tutorial_ws/install/moveit_resources_panda_description/share/moveit_resources_panda_description/meshes/collision/link1.stl
[0.252s] -- Up-to-date: /home/tyler/mycobot_ROS2/moveit_tutorial_ws/install/moveit_resources_panda_description/share/moveit_resources_panda_description/meshes/collision/link2.stl
[0.253s] -- Up-to-date: /home/tyler/mycobot_ROS2/moveit_tutorial_ws/install/moveit_resources_panda_description/share/moveit_resources_panda_description/meshes/collision/hand.stl
[0.253s] -- Up-to-date: /home/tyler/mycobot_ROS2/moveit_tutorial_ws/install/moveit_resources_panda_description/share/moveit_resources_panda_description/meshes/visual
[0.253s] -- Up-to-date: /home/tyler/mycobot_ROS2/moveit_tutorial_ws/install/moveit_resources_panda_description/share/moveit_resources_panda_description/meshes/visual/link6.dae
[0.253s] -- Up-to-date: /home/tyler/mycobot_ROS2/moveit_tutorial_ws/install/moveit_resources_panda_description/share/moveit_resources_panda_description/meshes/visual/link2.dae
[0.253s] -- Up-to-date: /home/tyler/mycobot_ROS2/moveit_tutorial_ws/install/moveit_resources_panda_description/share/moveit_resources_panda_description/meshes/visual/link7.dae
[0.253s] -- Up-to-date: /home/tyler/mycobot_ROS2/moveit_tutorial_ws/install/moveit_resources_panda_description/share/moveit_resources_panda_description/meshes/visual/finger.dae
[0.253s] -- Up-to-date: /home/tyler/mycobot_ROS2/moveit_tutorial_ws/install/moveit_resources_panda_description/share/moveit_resources_panda_description/meshes/visual/link5.dae
[0.254s] -- Up-to-date: /home/tyler/mycobot_ROS2/moveit_tutorial_ws/install/moveit_resources_panda_description/share/moveit_resources_panda_description/meshes/visual/link4.dae
[0.254s] -- Up-to-date: /home/tyler/mycobot_ROS2/moveit_tutorial_ws/install/moveit_resources_panda_description/share/moveit_resources_panda_description/meshes/visual/link1.dae
[0.254s] -- Up-to-date: /home/tyler/mycobot_ROS2/moveit_tutorial_ws/install/moveit_resources_panda_description/share/moveit_resources_panda_description/meshes/visual/link0.dae
[0.254s] -- Up-to-date: /home/tyler/mycobot_ROS2/moveit_tutorial_ws/install/moveit_resources_panda_description/share/moveit_resources_panda_description/meshes/visual/link3.dae
[0.254s] -- Up-to-date: /home/tyler/mycobot_ROS2/moveit_tutorial_ws/install/moveit_resources_panda_description/share/moveit_resources_panda_description/meshes/visual/hand.dae
[0.254s] -- Up-to-date: /home/tyler/mycobot_ROS2/moveit_tutorial_ws/install/moveit_resources_panda_description/share/moveit_resources_panda_description/urdf
[0.254s] -- Up-to-date: /home/tyler/mycobot_ROS2/moveit_tutorial_ws/install/moveit_resources_panda_description/share/moveit_resources_panda_description/urdf/panda.urdf.xacro
[0.255s] -- Up-to-date: /home/tyler/mycobot_ROS2/moveit_tutorial_ws/install/moveit_resources_panda_description/share/moveit_resources_panda_description/urdf/panda.urdf
[0.256s] Invoked command in '/home/tyler/mycobot_ROS2/moveit_tutorial_ws/build/moveit_resources_panda_description' returned '0': CMAKE_PREFIX_PATH=${CMAKE_PREFIX_PATH}:/home/tyler/mycobot_ROS2/colcon_ws/install/ultraarm:/home/tyler/mycobot_ROS2/colcon_ws/install/mypalletizer_260_pi:/home/tyler/mycobot_ROS2/colcon_ws/install/mypalletizer_260:/home/tyler/mycobot_ROS2/colcon_ws/install/mypalletizer_communication:/home/tyler/mycobot_ROS2/colcon_ws/install/mycobot_320pi:/home/tyler/mycobot_ROS2/colcon_ws/install/mycobot_320:/home/tyler/mycobot_ROS2/colcon_ws/install/mycobot_280pi:/home/tyler/mycobot_ROS2/colcon_ws/install/mycobot_280jn:/home/tyler/mycobot_ROS2/colcon_ws/install/mycobot_280_x3pi:/home/tyler/mycobot_ROS2/colcon_ws/install/mycobot_280:/home/tyler/mycobot_ROS2/colcon_ws/install/myarm_300:/home/tyler/mycobot_ROS2/colcon_ws/install/mycobot_communication:/home/tyler/mycobot_ROS2/colcon_ws/install/mecharm_pi:/home/tyler/mycobot_ROS2/colcon_ws/install/mecharm:/home/tyler/mycobot_ROS2/colcon_ws/install/mecharm_communication:/home/tyler/mycobot_ROS2/colcon_ws/install/mybuddy:/home/tyler/mycobot_ROS2/colcon_ws/install/mycobot_description:/opt/ros/humble MYSQL_PS1=(\u@\h) [\d]> /usr/bin/cmake --install /home/tyler/mycobot_ROS2/moveit_tutorial_ws/build/moveit_resources_panda_description
