[5.363s] Invoking command in '/home/tyler/colcon_ws/build/mybuddy': AMENT_PREFIX_PATH=/home/tyler/colcon_ws/install/mycobot_communication:/home/tyler/colcon_ws/install/mycobot_interfaces:/home/tyler/colcon_ws/install/mycobot_description:${AMENT_PREFIX_PATH} CMAKE_PREFIX_PATH=/home/tyler/colcon_ws/install/mycobot_interfaces LD_LIBRARY_PATH=/home/tyler/colcon_ws/install/mycobot_interfaces/lib:${LD_LIBRARY_PATH} MYSQL_PS1=(\u@\h) [\d]> PYTHONPATH=/home/tyler/colcon_ws/build/mybuddy/prefix_override:/home/tyler/colcon_ws/install/mybuddy/lib/python3.10/site-packages:/home/tyler/colcon_ws/build/mycobot_communication:/home/tyler/colcon_ws/install/mycobot_communication/lib/python3.10/site-packages:/home/tyler/colcon_ws/install/mycobot_interfaces/local/lib/python3.10/dist-packages:/home/tyler/colcon_ws/build/mycobot_description:/home/tyler/colcon_ws/install/mycobot_description/lib/python3.10/site-packages:${PYTHONPATH} /usr/bin/python3 setup.py develop --editable --build-directory /home/tyler/colcon_ws/build/mybuddy/build --no-deps install_data
[5.823s] /usr/lib/python3/dist-packages/setuptools/dist.py:723: UserWarning: Usage of dash-separated 'script-dir' will not be supported in future versions. Please use the underscore name 'script_dir' instead
[5.823s]   warnings.warn(
[5.881s] running develop
[5.882s] /usr/lib/python3/dist-packages/setuptools/command/easy_install.py:158: EasyInstallDeprecationWarning: easy_install command is deprecated. Use build and pip and other standards-based tools.
[5.882s]   warnings.warn(
[5.885s] /usr/lib/python3/dist-packages/setuptools/command/install.py:34: SetuptoolsDeprecationWarning: setup.py install is deprecated. Use build and pip and other standards-based tools.
[5.885s]   warnings.warn(
[6.184s] running egg_info
[6.185s] creating mybuddy.egg-info
[6.185s] writing mybuddy.egg-info/PKG-INFO
[6.185s] writing dependency_links to mybuddy.egg-info/dependency_links.txt
[6.186s] writing entry points to mybuddy.egg-info/entry_points.txt
[6.186s] writing requirements to mybuddy.egg-info/requires.txt
[6.186s] writing top-level names to mybuddy.egg-info/top_level.txt
[6.187s] writing manifest file 'mybuddy.egg-info/SOURCES.txt'
[6.188s] reading manifest file 'mybuddy.egg-info/SOURCES.txt'
[6.192s] writing manifest file 'mybuddy.egg-info/SOURCES.txt'
[6.196s] running build_ext
[6.196s] Creating /home/tyler/colcon_ws/install/mybuddy/lib/python3.10/site-packages/mybuddy.egg-link (link to .)
[6.196s] Installing follow_display script to /home/tyler/colcon_ws/install/mybuddy/lib/mybuddy
[6.197s] Installing listen_real script to /home/tyler/colcon_ws/install/mybuddy/lib/mybuddy
[6.197s] Installing listen_real_of_topic script to /home/tyler/colcon_ws/install/mybuddy/lib/mybuddy
[6.197s] Installing slider_control script to /home/tyler/colcon_ws/install/mybuddy/lib/mybuddy
[6.197s] 
[6.197s] Installed /home/tyler/colcon_ws/build/mybuddy
[6.198s] running install_data
[6.198s] creating /home/tyler/colcon_ws/install/mybuddy/share/ament_index
[6.198s] creating /home/tyler/colcon_ws/install/mybuddy/share/ament_index/resource_index
[6.198s] creating /home/tyler/colcon_ws/install/mybuddy/share/ament_index/resource_index/packages
[6.199s] copying resource/mybuddy -> /home/tyler/colcon_ws/install/mybuddy/share/ament_index/resource_index/packages
[6.199s] copying package.xml -> /home/tyler/colcon_ws/install/mybuddy/share/mybuddy
[6.200s] creating /home/tyler/colcon_ws/install/mybuddy/share/mybuddy/launch
[6.200s] copying launch/slider_control.launch.py -> /home/tyler/colcon_ws/install/mybuddy/share/mybuddy/launch
[6.200s] copying launch/mybuddy_follow.launch.py -> /home/tyler/colcon_ws/install/mybuddy/share/mybuddy/launch
[6.200s] copying launch/test.launch.py -> /home/tyler/colcon_ws/install/mybuddy/share/mybuddy/launch
[6.200s] creating /home/tyler/colcon_ws/install/mybuddy/share/mybuddy/config
[6.201s] copying config/dual_arm.rviz -> /home/tyler/colcon_ws/install/mybuddy/share/mybuddy/config
[6.517s] Invoked command in '/home/tyler/colcon_ws/build/mybuddy' returned '0': AMENT_PREFIX_PATH=/home/tyler/colcon_ws/install/mycobot_communication:/home/tyler/colcon_ws/install/mycobot_interfaces:/home/tyler/colcon_ws/install/mycobot_description:${AMENT_PREFIX_PATH} CMAKE_PREFIX_PATH=/home/tyler/colcon_ws/install/mycobot_interfaces LD_LIBRARY_PATH=/home/tyler/colcon_ws/install/mycobot_interfaces/lib:${LD_LIBRARY_PATH} MYSQL_PS1=(\u@\h) [\d]> PYTHONPATH=/home/tyler/colcon_ws/build/mybuddy/prefix_override:/home/tyler/colcon_ws/install/mybuddy/lib/python3.10/site-packages:/home/tyler/colcon_ws/build/mycobot_communication:/home/tyler/colcon_ws/install/mycobot_communication/lib/python3.10/site-packages:/home/tyler/colcon_ws/install/mycobot_interfaces/local/lib/python3.10/dist-packages:/home/tyler/colcon_ws/build/mycobot_description:/home/tyler/colcon_ws/install/mycobot_description/lib/python3.10/site-packages:${PYTHONPATH} /usr/bin/python3 setup.py develop --editable --build-directory /home/tyler/colcon_ws/build/mybuddy/build --no-deps install_data
