[2.870s] Invoking command in '/home/tyler/mycobot_ROS2/moveit_tutorial_ws/src/moveit2/moveit_configs_utils': MYSQL_PS1=(\u@\h) [\d]> PYTHONPATH=/home/tyler/mycobot_ROS2/moveit_tutorial_ws/build/moveit_configs_utils/prefix_override:/home/tyler/mycobot_ROS2/moveit_tutorial_ws/install/moveit_configs_utils/lib/python3.10/site-packages:${PYTHONPATH} /usr/bin/python3 setup.py egg_info --egg-base ../../../build/moveit_configs_utils build --build-base /home/tyler/mycobot_ROS2/moveit_tutorial_ws/build/moveit_configs_utils/build install --record /home/tyler/mycobot_ROS2/moveit_tutorial_ws/build/moveit_configs_utils/install.log --single-version-externally-managed
[3.426s] running egg_info
[3.426s] writing ../../../build/moveit_configs_utils/moveit_configs_utils.egg-info/PKG-INFO
[3.426s] writing dependency_links to ../../../build/moveit_configs_utils/moveit_configs_utils.egg-info/dependency_links.txt
[3.426s] writing entry points to ../../../build/moveit_configs_utils/moveit_configs_utils.egg-info/entry_points.txt
[3.426s] writing requirements to ../../../build/moveit_configs_utils/moveit_configs_utils.egg-info/requires.txt
[3.427s] writing top-level names to ../../../build/moveit_configs_utils/moveit_configs_utils.egg-info/top_level.txt
[3.427s] reading manifest file '../../../build/moveit_configs_utils/moveit_configs_utils.egg-info/SOURCES.txt'
[3.427s] writing manifest file '../../../build/moveit_configs_utils/moveit_configs_utils.egg-info/SOURCES.txt'
[3.427s] running build
[3.427s] running build_py
[3.427s] running install
[3.427s] running install_lib
[3.428s] running install_data
[3.428s] running install_egg_info
[3.428s] removing '/home/tyler/mycobot_ROS2/moveit_tutorial_ws/install/moveit_configs_utils/lib/python3.10/site-packages/moveit_configs_utils-2.8.0-py3.10.egg-info' (and everything under it)
[3.428s] Copying ../../../build/moveit_configs_utils/moveit_configs_utils.egg-info to /home/tyler/mycobot_ROS2/moveit_tutorial_ws/install/moveit_configs_utils/lib/python3.10/site-packages/moveit_configs_utils-2.8.0-py3.10.egg-info
[3.429s] running install_scripts
[3.429s] writing list of installed files to '/home/tyler/mycobot_ROS2/moveit_tutorial_ws/build/moveit_configs_utils/install.log'
[3.430s] /usr/lib/python3/dist-packages/setuptools/command/install.py:34: SetuptoolsDeprecationWarning: setup.py install is deprecated. Use build and pip and other standards-based tools.
[3.430s]   warnings.warn(
[3.757s] Invoked command in '/home/tyler/mycobot_ROS2/moveit_tutorial_ws/src/moveit2/moveit_configs_utils' returned '0': MYSQL_PS1=(\u@\h) [\d]> PYTHONPATH=/home/tyler/mycobot_ROS2/moveit_tutorial_ws/build/moveit_configs_utils/prefix_override:/home/tyler/mycobot_ROS2/moveit_tutorial_ws/install/moveit_configs_utils/lib/python3.10/site-packages:${PYTHONPATH} /usr/bin/python3 setup.py egg_info --egg-base ../../../build/moveit_configs_utils build --build-base /home/tyler/mycobot_ROS2/moveit_tutorial_ws/build/moveit_configs_utils/build install --record /home/tyler/mycobot_ROS2/moveit_tutorial_ws/build/moveit_configs_utils/install.log --single-version-externally-managed
