[6.395s] Invoking command in '/home/tyler/colcon_ws/build/mypalletizer_260_pi': AMENT_PREFIX_PATH=/home/tyler/colcon_ws/install/mypalletizer_communication:/home/tyler/colcon_ws/install/mypalletizer_interfaces:/home/tyler/colcon_ws/install/mycobot_description:${AMENT_PREFIX_PATH} CMAKE_PREFIX_PATH=/home/tyler/colcon_ws/install/mypalletizer_interfaces LD_LIBRARY_PATH=/home/tyler/colcon_ws/install/mypalletizer_interfaces/lib:${LD_LIBRARY_PATH} MYSQL_PS1=(\u@\h) [\d]> PYTHONPATH=/home/tyler/colcon_ws/build/mypalletizer_260_pi/prefix_override:/home/tyler/colcon_ws/install/mypalletizer_260_pi/lib/python3.10/site-packages:/home/tyler/colcon_ws/install/mypalletizer_communication/lib/python3.10/site-packages:/home/tyler/colcon_ws/install/mypalletizer_interfaces/local/lib/python3.10/dist-packages:/home/tyler/colcon_ws/install/mycobot_description/lib/python3.10/site-packages:${PYTHONPATH} /usr/bin/python3 setup.py develop --uninstall --editable --build-directory /home/tyler/colcon_ws/build/mypalletizer_260_pi/build
[7.186s] /usr/lib/python3/dist-packages/setuptools/dist.py:723: UserWarning: Usage of dash-separated 'script-dir' will not be supported in future versions. Please use the underscore name 'script_dir' instead
[7.187s]   warnings.warn(
[7.282s] running develop
[7.283s] /usr/lib/python3/dist-packages/setuptools/command/easy_install.py:158: EasyInstallDeprecationWarning: easy_install command is deprecated. Use build and pip and other standards-based tools.
[7.283s]   warnings.warn(
[7.287s] /usr/lib/python3/dist-packages/setuptools/command/install.py:34: SetuptoolsDeprecationWarning: setup.py install is deprecated. Use build and pip and other standards-based tools.
[7.287s]   warnings.warn(
[7.759s] Removing /home/tyler/colcon_ws/install/mypalletizer_260_pi/lib/python3.10/site-packages/mypalletizer-260-pi.egg-link (link to .)
[7.827s] Invoked command in '/home/tyler/colcon_ws/build/mypalletizer_260_pi' returned '0': AMENT_PREFIX_PATH=/home/tyler/colcon_ws/install/mypalletizer_communication:/home/tyler/colcon_ws/install/mypalletizer_interfaces:/home/tyler/colcon_ws/install/mycobot_description:${AMENT_PREFIX_PATH} CMAKE_PREFIX_PATH=/home/tyler/colcon_ws/install/mypalletizer_interfaces LD_LIBRARY_PATH=/home/tyler/colcon_ws/install/mypalletizer_interfaces/lib:${LD_LIBRARY_PATH} MYSQL_PS1=(\u@\h) [\d]> PYTHONPATH=/home/tyler/colcon_ws/build/mypalletizer_260_pi/prefix_override:/home/tyler/colcon_ws/install/mypalletizer_260_pi/lib/python3.10/site-packages:/home/tyler/colcon_ws/install/mypalletizer_communication/lib/python3.10/site-packages:/home/tyler/colcon_ws/install/mypalletizer_interfaces/local/lib/python3.10/dist-packages:/home/tyler/colcon_ws/install/mycobot_description/lib/python3.10/site-packages:${PYTHONPATH} /usr/bin/python3 setup.py develop --uninstall --editable --build-directory /home/tyler/colcon_ws/build/mypalletizer_260_pi/build
[7.829s] Invoking command in '/home/tyler/colcon_ws/src/mycobot_ros2/mypalletizer_260/mypalletizer_260_pi': AMENT_PREFIX_PATH=/home/tyler/colcon_ws/install/mypalletizer_communication:/home/tyler/colcon_ws/install/mypalletizer_interfaces:/home/tyler/colcon_ws/install/mycobot_description:${AMENT_PREFIX_PATH} CMAKE_PREFIX_PATH=/home/tyler/colcon_ws/install/mypalletizer_interfaces LD_LIBRARY_PATH=/home/tyler/colcon_ws/install/mypalletizer_interfaces/lib:${LD_LIBRARY_PATH} MYSQL_PS1=(\u@\h) [\d]> PYTHONPATH=/home/tyler/colcon_ws/build/mypalletizer_260_pi/prefix_override:/home/tyler/colcon_ws/install/mypalletizer_260_pi/lib/python3.10/site-packages:/home/tyler/colcon_ws/install/mypalletizer_communication/lib/python3.10/site-packages:/home/tyler/colcon_ws/install/mypalletizer_interfaces/local/lib/python3.10/dist-packages:/home/tyler/colcon_ws/install/mycobot_description/lib/python3.10/site-packages:${PYTHONPATH} /usr/bin/python3 setup.py egg_info --egg-base ../../../../build/mypalletizer_260_pi build --build-base /home/tyler/colcon_ws/build/mypalletizer_260_pi/build install --record /home/tyler/colcon_ws/build/mypalletizer_260_pi/install.log --install-scripts $base/lib/mypalletizer_260_pi --single-version-externally-managed
[8.575s] /usr/lib/python3/dist-packages/setuptools/dist.py:723: UserWarning: Usage of dash-separated 'script-dir' will not be supported in future versions. Please use the underscore name 'script_dir' instead
[8.575s]   warnings.warn(
[8.598s] running egg_info
[8.602s] writing ../../../../build/mypalletizer_260_pi/mypalletizer_260_pi.egg-info/PKG-INFO
[8.603s] writing dependency_links to ../../../../build/mypalletizer_260_pi/mypalletizer_260_pi.egg-info/dependency_links.txt
[8.624s] writing entry points to ../../../../build/mypalletizer_260_pi/mypalletizer_260_pi.egg-info/entry_points.txt
[8.624s] writing requirements to ../../../../build/mypalletizer_260_pi/mypalletizer_260_pi.egg-info/requires.txt
[8.624s] writing top-level names to ../../../../build/mypalletizer_260_pi/mypalletizer_260_pi.egg-info/top_level.txt
[8.629s] reading manifest file '../../../../build/mypalletizer_260_pi/mypalletizer_260_pi.egg-info/SOURCES.txt'
[8.629s] adding license file 'LICENSE'
[8.629s] writing manifest file '../../../../build/mypalletizer_260_pi/mypalletizer_260_pi.egg-info/SOURCES.txt'
[8.629s] running build
[8.630s] running build_py
[8.630s] creating /home/tyler/colcon_ws/build/mypalletizer_260_pi/build
[8.630s] creating /home/tyler/colcon_ws/build/mypalletizer_260_pi/build/lib
[8.630s] creating /home/tyler/colcon_ws/build/mypalletizer_260_pi/build/lib/mypalletizer_260_pi
[8.630s] copying mypalletizer_260_pi/follow_display.py -> /home/tyler/colcon_ws/build/mypalletizer_260_pi/build/lib/mypalletizer_260_pi
[8.631s] copying mypalletizer_260_pi/listen_real_of_topic.py -> /home/tyler/colcon_ws/build/mypalletizer_260_pi/build/lib/mypalletizer_260_pi
[8.631s] copying mypalletizer_260_pi/listen_real.py -> /home/tyler/colcon_ws/build/mypalletizer_260_pi/build/lib/mypalletizer_260_pi
[8.631s] copying mypalletizer_260_pi/teleop_keyboard.py -> /home/tyler/colcon_ws/build/mypalletizer_260_pi/build/lib/mypalletizer_260_pi
[8.631s] copying mypalletizer_260_pi/__init__.py -> /home/tyler/colcon_ws/build/mypalletizer_260_pi/build/lib/mypalletizer_260_pi
[8.631s] copying mypalletizer_260_pi/follow_and_pump.py -> /home/tyler/colcon_ws/build/mypalletizer_260_pi/build/lib/mypalletizer_260_pi
[8.632s] copying mypalletizer_260_pi/slider_control.py -> /home/tyler/colcon_ws/build/mypalletizer_260_pi/build/lib/mypalletizer_260_pi
[8.632s] copying mypalletizer_260_pi/following_marker.py -> /home/tyler/colcon_ws/build/mypalletizer_260_pi/build/lib/mypalletizer_260_pi
[8.632s] copying mypalletizer_260_pi/simple_gui.py -> /home/tyler/colcon_ws/build/mypalletizer_260_pi/build/lib/mypalletizer_260_pi
[8.632s] copying mypalletizer_260_pi/test.py -> /home/tyler/colcon_ws/build/mypalletizer_260_pi/build/lib/mypalletizer_260_pi
[8.632s] copying mypalletizer_260_pi/mypalletizersocket.py -> /home/tyler/colcon_ws/build/mypalletizer_260_pi/build/lib/mypalletizer_260_pi
[8.635s] running install
[8.636s] /usr/lib/python3/dist-packages/setuptools/command/install.py:34: SetuptoolsDeprecationWarning: setup.py install is deprecated. Use build and pip and other standards-based tools.
[8.637s]   warnings.warn(
[8.641s] running install_lib
[8.642s] creating /home/tyler/colcon_ws/install/mypalletizer_260_pi/lib/python3.10/site-packages/mypalletizer_260_pi
[8.642s] copying /home/tyler/colcon_ws/build/mypalletizer_260_pi/build/lib/mypalletizer_260_pi/follow_display.py -> /home/tyler/colcon_ws/install/mypalletizer_260_pi/lib/python3.10/site-packages/mypalletizer_260_pi
[8.643s] copying /home/tyler/colcon_ws/build/mypalletizer_260_pi/build/lib/mypalletizer_260_pi/listen_real_of_topic.py -> /home/tyler/colcon_ws/install/mypalletizer_260_pi/lib/python3.10/site-packages/mypalletizer_260_pi
[8.643s] copying /home/tyler/colcon_ws/build/mypalletizer_260_pi/build/lib/mypalletizer_260_pi/listen_real.py -> /home/tyler/colcon_ws/install/mypalletizer_260_pi/lib/python3.10/site-packages/mypalletizer_260_pi
[8.643s] copying /home/tyler/colcon_ws/build/mypalletizer_260_pi/build/lib/mypalletizer_260_pi/teleop_keyboard.py -> /home/tyler/colcon_ws/install/mypalletizer_260_pi/lib/python3.10/site-packages/mypalletizer_260_pi
[8.643s] copying /home/tyler/colcon_ws/build/mypalletizer_260_pi/build/lib/mypalletizer_260_pi/__init__.py -> /home/tyler/colcon_ws/install/mypalletizer_260_pi/lib/python3.10/site-packages/mypalletizer_260_pi
[8.643s] copying /home/tyler/colcon_ws/build/mypalletizer_260_pi/build/lib/mypalletizer_260_pi/follow_and_pump.py -> /home/tyler/colcon_ws/install/mypalletizer_260_pi/lib/python3.10/site-packages/mypalletizer_260_pi
[8.643s] copying /home/tyler/colcon_ws/build/mypalletizer_260_pi/build/lib/mypalletizer_260_pi/slider_control.py -> /home/tyler/colcon_ws/install/mypalletizer_260_pi/lib/python3.10/site-packages/mypalletizer_260_pi
[8.644s] copying /home/tyler/colcon_ws/build/mypalletizer_260_pi/build/lib/mypalletizer_260_pi/following_marker.py -> /home/tyler/colcon_ws/install/mypalletizer_260_pi/lib/python3.10/site-packages/mypalletizer_260_pi
[8.644s] copying /home/tyler/colcon_ws/build/mypalletizer_260_pi/build/lib/mypalletizer_260_pi/simple_gui.py -> /home/tyler/colcon_ws/install/mypalletizer_260_pi/lib/python3.10/site-packages/mypalletizer_260_pi
[8.644s] copying /home/tyler/colcon_ws/build/mypalletizer_260_pi/build/lib/mypalletizer_260_pi/test.py -> /home/tyler/colcon_ws/install/mypalletizer_260_pi/lib/python3.10/site-packages/mypalletizer_260_pi
[8.644s] copying /home/tyler/colcon_ws/build/mypalletizer_260_pi/build/lib/mypalletizer_260_pi/mypalletizersocket.py -> /home/tyler/colcon_ws/install/mypalletizer_260_pi/lib/python3.10/site-packages/mypalletizer_260_pi
[8.644s] byte-compiling /home/tyler/colcon_ws/install/mypalletizer_260_pi/lib/python3.10/site-packages/mypalletizer_260_pi/follow_display.py to follow_display.cpython-310.pyc
[8.644s] byte-compiling /home/tyler/colcon_ws/install/mypalletizer_260_pi/lib/python3.10/site-packages/mypalletizer_260_pi/listen_real_of_topic.py to listen_real_of_topic.cpython-310.pyc
[8.645s] byte-compiling /home/tyler/colcon_ws/install/mypalletizer_260_pi/lib/python3.10/site-packages/mypalletizer_260_pi/listen_real.py to listen_real.cpython-310.pyc
[8.645s] byte-compiling /home/tyler/colcon_ws/install/mypalletizer_260_pi/lib/python3.10/site-packages/mypalletizer_260_pi/teleop_keyboard.py to teleop_keyboard.cpython-310.pyc
[8.645s] byte-compiling /home/tyler/colcon_ws/install/mypalletizer_260_pi/lib/python3.10/site-packages/mypalletizer_260_pi/__init__.py to __init__.cpython-310.pyc
[8.645s] byte-compiling /home/tyler/colcon_ws/install/mypalletizer_260_pi/lib/python3.10/site-packages/mypalletizer_260_pi/follow_and_pump.py to follow_and_pump.cpython-310.pyc
[8.646s] byte-compiling /home/tyler/colcon_ws/install/mypalletizer_260_pi/lib/python3.10/site-packages/mypalletizer_260_pi/slider_control.py to slider_control.cpython-310.pyc
[8.648s] byte-compiling /home/tyler/colcon_ws/install/mypalletizer_260_pi/lib/python3.10/site-packages/mypalletizer_260_pi/following_marker.py to following_marker.cpython-310.pyc
[8.648s] byte-compiling /home/tyler/colcon_ws/install/mypalletizer_260_pi/lib/python3.10/site-packages/mypalletizer_260_pi/simple_gui.py to simple_gui.cpython-310.pyc
[8.648s] byte-compiling /home/tyler/colcon_ws/install/mypalletizer_260_pi/lib/python3.10/site-packages/mypalletizer_260_pi/test.py to test.cpython-310.pyc
[8.649s] byte-compiling /home/tyler/colcon_ws/install/mypalletizer_260_pi/lib/python3.10/site-packages/mypalletizer_260_pi/mypalletizersocket.py to mypalletizersocket.cpython-310.pyc
[8.649s] running install_data
[8.652s] running install_egg_info
[8.656s] Copying ../../../../build/mypalletizer_260_pi/mypalletizer_260_pi.egg-info to /home/tyler/colcon_ws/install/mypalletizer_260_pi/lib/python3.10/site-packages/mypalletizer_260_pi-0.0.0-py3.10.egg-info
[8.658s] running install_scripts
[8.719s] Installing detect_marker script to /home/tyler/colcon_ws/install/mypalletizer_260_pi/lib/mypalletizer_260_pi
[8.719s] Installing follow_display script to /home/tyler/colcon_ws/install/mypalletizer_260_pi/lib/mypalletizer_260_pi
[8.720s] Installing following_marker script to /home/tyler/colcon_ws/install/mypalletizer_260_pi/lib/mypalletizer_260_pi
[8.720s] Installing listen_real script to /home/tyler/colcon_ws/install/mypalletizer_260_pi/lib/mypalletizer_260_pi
[8.720s] Installing listen_real_of_topic script to /home/tyler/colcon_ws/install/mypalletizer_260_pi/lib/mypalletizer_260_pi
[8.720s] Installing simple_gui script to /home/tyler/colcon_ws/install/mypalletizer_260_pi/lib/mypalletizer_260_pi
[8.720s] Installing slider_control script to /home/tyler/colcon_ws/install/mypalletizer_260_pi/lib/mypalletizer_260_pi
[8.720s] Installing teleop_keyboard script to /home/tyler/colcon_ws/install/mypalletizer_260_pi/lib/mypalletizer_260_pi
[8.720s] writing list of installed files to '/home/tyler/colcon_ws/build/mypalletizer_260_pi/install.log'
[8.825s] Invoked command in '/home/tyler/colcon_ws/src/mycobot_ros2/mypalletizer_260/mypalletizer_260_pi' returned '0': AMENT_PREFIX_PATH=/home/tyler/colcon_ws/install/mypalletizer_communication:/home/tyler/colcon_ws/install/mypalletizer_interfaces:/home/tyler/colcon_ws/install/mycobot_description:${AMENT_PREFIX_PATH} CMAKE_PREFIX_PATH=/home/tyler/colcon_ws/install/mypalletizer_interfaces LD_LIBRARY_PATH=/home/tyler/colcon_ws/install/mypalletizer_interfaces/lib:${LD_LIBRARY_PATH} MYSQL_PS1=(\u@\h) [\d]> PYTHONPATH=/home/tyler/colcon_ws/build/mypalletizer_260_pi/prefix_override:/home/tyler/colcon_ws/install/mypalletizer_260_pi/lib/python3.10/site-packages:/home/tyler/colcon_ws/install/mypalletizer_communication/lib/python3.10/site-packages:/home/tyler/colcon_ws/install/mypalletizer_interfaces/local/lib/python3.10/dist-packages:/home/tyler/colcon_ws/install/mycobot_description/lib/python3.10/site-packages:${PYTHONPATH} /usr/bin/python3 setup.py egg_info --egg-base ../../../../build/mypalletizer_260_pi build --build-base /home/tyler/colcon_ws/build/mypalletizer_260_pi/build install --record /home/tyler/colcon_ws/build/mypalletizer_260_pi/install.log --install-scripts $base/lib/mypalletizer_260_pi --single-version-externally-managed
